{"uid":"7ab4a087379106d3","name":"TC_11.02.02.01_02 | Testing button [Try demo] on Main banner. Bid:11.02.02.01_02-it.gb.NoAuth","fullName":"tests.US_11_Education.US_11-02-02_Shares_trading.US_11-02-02-01_Shares_trading_test.TestSharesTradingItems#test_02_main_banner_try_demo_button","historyId":"88306484a677ce2f35696c0c57b7b67b","time":{"start":1706284149098,"stop":1706284179461,"duration":30363},"description":"\n        Check: Button [Try demo] on Main banner\n        Language: All (Except: EL, HU, NL). License: All.\n        ","descriptionHtml":"<pre><code>    Check: Button [Try demo] on Main banner\n    Language: All (Except: EL, HU, NL). License: All.\n</code></pre>\n","status":"broken","statusMessage":"selenium.common.exceptions.NoSuchElementException: Message: no such element: Unable to locate element: {\"method\":\"css selector\",\"selector\":\"header.cc-header .js-licLangSw\"}\n  (Session info: chrome=120.0.6099.224); For documentation on this error, please visit: https://www.selenium.dev/documentation/webdriver/troubleshooting/errors#no-such-element-exception\nStacktrace:\n#0 0x55b6342d4f83 <unknown>\n#1 0x55b633f8dcf7 <unknown>\n#2 0x55b633fdd99e <unknown>\n#3 0x55b633fddaa1 <unknown>\n#4 0x55b634028d64 <unknown>\n#5 0x55b6340070dd <unknown>\n#6 0x55b634026006 <unknown>\n#7 0x55b634006e53 <unknown>\n#8 0x55b633fcedd4 <unknown>\n#9 0x55b633fd01de <unknown>\n#10 0x55b634299531 <unknown>\n#11 0x55b63429d455 <unknown>\n#12 0x55b634285f55 <unknown>\n#13 0x55b63429e0ef <unknown>\n#14 0x55b63426999f <unknown>\n#15 0x55b6342c2008 <unknown>\n#16 0x55b6342c21d7 <unknown>\n#17 0x55b6342d4124 <unknown>\n#18 0x7fbcc8c94ac3 <unknown>","statusTrace":"self = <US_11-02-02-01_Shares_trading_test.TestSharesTradingItems object at 0x7fab20b61010>\nworker_id = 'master'\nd = <selenium.webdriver.chrome.webdriver.WebDriver (session=\"bc78bf206fd21c1ec3b9b29dd0c52373\")>\ncur_language = 'it', cur_country = 'gb', cur_role = 'NoAuth'\ncur_login = 'aqa.tomelo.an@gmail.com', cur_password = 'iT9Vgqi6d$fiZ*Z'\ncur_item_link = 'https://capital.com/it/fare-trading-canopy-growth'\n\n    @allure.step(\"Start test of button [Try demo] on Main banner\")\n    # @pytest.mark.skip(reason=\"Skipped for debugging\")\n    @pytest.mark.test_02\n    def test_02_main_banner_try_demo_button(\n            self, worker_id, d, cur_language, cur_country, cur_role, cur_login, cur_password,\n            cur_item_link):\n        \"\"\"\n        Check: Button [Try demo] on Main banner\n        Language: All (Except: EL, HU, NL). License: All.\n        \"\"\"\n        bid = build_dynamic_arg_v4(\n            d, worker_id, cur_language, cur_country, cur_role,\n            \"11.02.02\", \"Education > Menu item [Shares trading]\",\n            \".01_02\", \"Testing button [Try demo] on Main banner\")\n    \n        check_language(cur_language)\n    \n        page_conditions = Conditions(d, \"\")\n>       page_conditions.preconditions(\n            d, CapitalComPageSrc.URL, \"\", cur_language, cur_country, cur_role, cur_login, cur_password)\n\ntests/US_11_Education/US_11-02-02_Shares_trading/US_11-02-02-01_Shares_trading_test.py:94: \n_ _ _ _ _ _ _ _ _ _ _ _ _ _ _ _ _ _ _ _ _ _ _ _ _ _ _ _ _ _ _ _ _ _ _ _ _ _ _ _ \npages/conditions.py:119: in preconditions\n    page_menu.menu_language_and_country_move_focus(cur_language)\npages/Menu/menu.py:141: in menu_language_and_country_move_focus\n    .move_to_element(d.find_element(*MenuLanguageAndCountry.MENU_LANGUAGE_AND_COUNTRY)) \\\n../../../.cache/pypoetry/virtualenvs/testcapitalcompyse-cIj6ROMf-py3.11/lib/python3.11/site-packages/selenium/webdriver/remote/webdriver.py:742: in find_element\n    return self.execute(Command.FIND_ELEMENT, {\"using\": by, \"value\": value})[\"value\"]\n../../../.cache/pypoetry/virtualenvs/testcapitalcompyse-cIj6ROMf-py3.11/lib/python3.11/site-packages/selenium/webdriver/remote/webdriver.py:348: in execute\n    self.error_handler.check_response(response)\n_ _ _ _ _ _ _ _ _ _ _ _ _ _ _ _ _ _ _ _ _ _ _ _ _ _ _ _ _ _ _ _ _ _ _ _ _ _ _ _ \n\nself = <selenium.webdriver.remote.errorhandler.ErrorHandler object at 0x7fab2134b3d0>\nresponse = {'status': 404, 'value': '{\"value\":{\"error\":\"no such element\",\"message\":\"no such element: Unable to locate element: {\\...\\\\n#16 0x55b6342c21d7 \\\\u003Cunknown>\\\\n#17 0x55b6342d4124 \\\\u003Cunknown>\\\\n#18 0x7fbcc8c94ac3 \\\\u003Cunknown>\\\\n\"}}'}\n\n    def check_response(self, response: Dict[str, Any]) -> None:\n        \"\"\"Checks that a JSON response from the WebDriver does not have an\n        error.\n    \n        :Args:\n         - response - The JSON response from the WebDriver server as a dictionary\n           object.\n    \n        :Raises: If the response contains an error message.\n        \"\"\"\n        status = response.get(\"status\", None)\n        if not status or status == ErrorCode.SUCCESS:\n            return\n        value = None\n        message = response.get(\"message\", \"\")\n        screen: str = response.get(\"screen\", \"\")\n        stacktrace = None\n        if isinstance(status, int):\n            value_json = response.get(\"value\", None)\n            if value_json and isinstance(value_json, str):\n                import json\n    \n                try:\n                    value = json.loads(value_json)\n                    if len(value) == 1:\n                        value = value[\"value\"]\n                    status = value.get(\"error\", None)\n                    if not status:\n                        status = value.get(\"status\", ErrorCode.UNKNOWN_ERROR)\n                        message = value.get(\"value\") or value.get(\"message\")\n                        if not isinstance(message, str):\n                            value = message\n                            message = message.get(\"message\")\n                    else:\n                        message = value.get(\"message\", None)\n                except ValueError:\n                    pass\n    \n        exception_class: Type[WebDriverException]\n        e = ErrorCode()\n        error_codes = [item for item in dir(e) if not item.startswith(\"__\")]\n        for error_code in error_codes:\n            error_info = getattr(ErrorCode, error_code)\n            if isinstance(error_info, list) and status in error_info:\n                exception_class = getattr(ExceptionMapping, error_code, WebDriverException)\n                break\n        else:\n            exception_class = WebDriverException\n    \n        if not value:\n            value = response[\"value\"]\n        if isinstance(value, str):\n            raise exception_class(value)\n        if message == \"\" and \"message\" in value:\n            message = value[\"message\"]\n    \n        screen = None  # type: ignore[assignment]\n        if \"screen\" in value:\n            screen = value[\"screen\"]\n    \n        stacktrace = None\n        st_value = value.get(\"stackTrace\") or value.get(\"stacktrace\")\n        if st_value:\n            if isinstance(st_value, str):\n                stacktrace = st_value.split(\"\\n\")\n            else:\n                stacktrace = []\n                try:\n                    for frame in st_value:\n                        line = frame.get(\"lineNumber\", \"\")\n                        file = frame.get(\"fileName\", \"<anonymous>\")\n                        if line:\n                            file = f\"{file}:{line}\"\n                        meth = frame.get(\"methodName\", \"<anonymous>\")\n                        if \"className\" in frame:\n                            meth = f\"{frame['className']}.{meth}\"\n                        msg = \"    at %s (%s)\"\n                        msg = msg % (meth, file)\n                        stacktrace.append(msg)\n                except TypeError:\n                    pass\n        if exception_class == UnexpectedAlertPresentException:\n            alert_text = None\n            if \"data\" in value:\n                alert_text = value[\"data\"].get(\"text\")\n            elif \"alert\" in value:\n                alert_text = value[\"alert\"].get(\"text\")\n            raise exception_class(message, screen, stacktrace, alert_text)  # type: ignore[call-arg]  # mypy is not smart enough here\n>       raise exception_class(message, screen, stacktrace)\nE       selenium.common.exceptions.NoSuchElementException: Message: no such element: Unable to locate element: {\"method\":\"css selector\",\"selector\":\"header.cc-header .js-licLangSw\"}\nE         (Session info: chrome=120.0.6099.224); For documentation on this error, please visit: https://www.selenium.dev/documentation/webdriver/troubleshooting/errors#no-such-element-exception\nE       Stacktrace:\nE       #0 0x55b6342d4f83 <unknown>\nE       #1 0x55b633f8dcf7 <unknown>\nE       #2 0x55b633fdd99e <unknown>\nE       #3 0x55b633fddaa1 <unknown>\nE       #4 0x55b634028d64 <unknown>\nE       #5 0x55b6340070dd <unknown>\nE       #6 0x55b634026006 <unknown>\nE       #7 0x55b634006e53 <unknown>\nE       #8 0x55b633fcedd4 <unknown>\nE       #9 0x55b633fd01de <unknown>\nE       #10 0x55b634299531 <unknown>\nE       #11 0x55b63429d455 <unknown>\nE       #12 0x55b634285f55 <unknown>\nE       #13 0x55b63429e0ef <unknown>\nE       #14 0x55b63426999f <unknown>\nE       #15 0x55b6342c2008 <unknown>\nE       #16 0x55b6342c21d7 <unknown>\nE       #17 0x55b6342d4124 <unknown>\nE       #18 0x7fbcc8c94ac3 <unknown>\n\n../../../.cache/pypoetry/virtualenvs/testcapitalcompyse-cIj6ROMf-py3.11/lib/python3.11/site-packages/selenium/webdriver/remote/errorhandler.py:229: NoSuchElementException","flaky":false,"newFailed":false,"newBroken":false,"newPassed":false,"retriesCount":0,"retriesStatusChange":false,"beforeStages":[{"name":"d","time":{"start":1706284148072,"stop":1706284149096,"duration":1024},"status":"passed","steps":[],"attachments":[],"parameters":[],"shouldDisplayMessage":false,"stepsCount":0,"attachmentsCount":0,"hasContent":false,"attachmentStep":false},{"name":"cur_language","time":{"start":1706284149096,"stop":1706284149096,"duration":0},"status":"passed","steps":[],"attachments":[],"parameters":[],"shouldDisplayMessage":false,"stepsCount":0,"attachmentsCount":0,"hasContent":false,"attachmentStep":false},{"name":"cur_country","time":{"start":1706284149096,"stop":1706284149096,"duration":0},"status":"passed","steps":[],"attachments":[],"parameters":[],"shouldDisplayMessage":false,"stepsCount":0,"attachmentsCount":0,"hasContent":false,"attachmentStep":false},{"name":"worker_id","time":{"start":1706284149096,"stop":1706284149096,"duration":0},"status":"passed","steps":[],"attachments":[],"parameters":[],"shouldDisplayMessage":false,"stepsCount":0,"attachmentsCount":0,"hasContent":false,"attachmentStep":false},{"name":"cur_login","time":{"start":1706284149097,"stop":1706284149097,"duration":0},"status":"passed","steps":[],"attachments":[],"parameters":[],"shouldDisplayMessage":false,"stepsCount":0,"attachmentsCount":0,"hasContent":false,"attachmentStep":false},{"name":"cur_role","time":{"start":1706284149097,"stop":1706284149097,"duration":0},"status":"passed","steps":[],"attachments":[],"parameters":[],"shouldDisplayMessage":false,"stepsCount":0,"attachmentsCount":0,"hasContent":false,"attachmentStep":false},{"name":"cur_password","time":{"start":1706284149097,"stop":1706284149097,"duration":0},"status":"passed","steps":[],"attachments":[],"parameters":[],"shouldDisplayMessage":false,"stepsCount":0,"attachmentsCount":0,"hasContent":false,"attachmentStep":false}],"testStage":{"description":"\n        Check: Button [Try demo] on Main banner\n        Language: All (Except: EL, HU, NL). License: All.\n        ","status":"broken","statusMessage":"selenium.common.exceptions.NoSuchElementException: Message: no such element: Unable to locate element: {\"method\":\"css selector\",\"selector\":\"header.cc-header .js-licLangSw\"}\n  (Session info: chrome=120.0.6099.224); For documentation on this error, please visit: https://www.selenium.dev/documentation/webdriver/troubleshooting/errors#no-such-element-exception\nStacktrace:\n#0 0x55b6342d4f83 <unknown>\n#1 0x55b633f8dcf7 <unknown>\n#2 0x55b633fdd99e <unknown>\n#3 0x55b633fddaa1 <unknown>\n#4 0x55b634028d64 <unknown>\n#5 0x55b6340070dd <unknown>\n#6 0x55b634026006 <unknown>\n#7 0x55b634006e53 <unknown>\n#8 0x55b633fcedd4 <unknown>\n#9 0x55b633fd01de <unknown>\n#10 0x55b634299531 <unknown>\n#11 0x55b63429d455 <unknown>\n#12 0x55b634285f55 <unknown>\n#13 0x55b63429e0ef <unknown>\n#14 0x55b63426999f <unknown>\n#15 0x55b6342c2008 <unknown>\n#16 0x55b6342c21d7 <unknown>\n#17 0x55b6342d4124 <unknown>\n#18 0x7fbcc8c94ac3 <unknown>","statusTrace":"self = <US_11-02-02-01_Shares_trading_test.TestSharesTradingItems object at 0x7fab20b61010>\nworker_id = 'master'\nd = <selenium.webdriver.chrome.webdriver.WebDriver (session=\"bc78bf206fd21c1ec3b9b29dd0c52373\")>\ncur_language = 'it', cur_country = 'gb', cur_role = 'NoAuth'\ncur_login = 'aqa.tomelo.an@gmail.com', cur_password = 'iT9Vgqi6d$fiZ*Z'\ncur_item_link = 'https://capital.com/it/fare-trading-canopy-growth'\n\n    @allure.step(\"Start test of button [Try demo] on Main banner\")\n    # @pytest.mark.skip(reason=\"Skipped for debugging\")\n    @pytest.mark.test_02\n    def test_02_main_banner_try_demo_button(\n            self, worker_id, d, cur_language, cur_country, cur_role, cur_login, cur_password,\n            cur_item_link):\n        \"\"\"\n        Check: Button [Try demo] on Main banner\n        Language: All (Except: EL, HU, NL). License: All.\n        \"\"\"\n        bid = build_dynamic_arg_v4(\n            d, worker_id, cur_language, cur_country, cur_role,\n            \"11.02.02\", \"Education > Menu item [Shares trading]\",\n            \".01_02\", \"Testing button [Try demo] on Main banner\")\n    \n        check_language(cur_language)\n    \n        page_conditions = Conditions(d, \"\")\n>       page_conditions.preconditions(\n            d, CapitalComPageSrc.URL, \"\", cur_language, cur_country, cur_role, cur_login, cur_password)\n\ntests/US_11_Education/US_11-02-02_Shares_trading/US_11-02-02-01_Shares_trading_test.py:94: \n_ _ _ _ _ _ _ _ _ _ _ _ _ _ _ _ _ _ _ _ _ _ _ _ _ _ _ _ _ _ _ _ _ _ _ _ _ _ _ _ \npages/conditions.py:119: in preconditions\n    page_menu.menu_language_and_country_move_focus(cur_language)\npages/Menu/menu.py:141: in menu_language_and_country_move_focus\n    .move_to_element(d.find_element(*MenuLanguageAndCountry.MENU_LANGUAGE_AND_COUNTRY)) \\\n../../../.cache/pypoetry/virtualenvs/testcapitalcompyse-cIj6ROMf-py3.11/lib/python3.11/site-packages/selenium/webdriver/remote/webdriver.py:742: in find_element\n    return self.execute(Command.FIND_ELEMENT, {\"using\": by, \"value\": value})[\"value\"]\n../../../.cache/pypoetry/virtualenvs/testcapitalcompyse-cIj6ROMf-py3.11/lib/python3.11/site-packages/selenium/webdriver/remote/webdriver.py:348: in execute\n    self.error_handler.check_response(response)\n_ _ _ _ _ _ _ _ _ _ _ _ _ _ _ _ _ _ _ _ _ _ _ _ _ _ _ _ _ _ _ _ _ _ _ _ _ _ _ _ \n\nself = <selenium.webdriver.remote.errorhandler.ErrorHandler object at 0x7fab2134b3d0>\nresponse = {'status': 404, 'value': '{\"value\":{\"error\":\"no such element\",\"message\":\"no such element: Unable to locate element: {\\...\\\\n#16 0x55b6342c21d7 \\\\u003Cunknown>\\\\n#17 0x55b6342d4124 \\\\u003Cunknown>\\\\n#18 0x7fbcc8c94ac3 \\\\u003Cunknown>\\\\n\"}}'}\n\n    def check_response(self, response: Dict[str, Any]) -> None:\n        \"\"\"Checks that a JSON response from the WebDriver does not have an\n        error.\n    \n        :Args:\n         - response - The JSON response from the WebDriver server as a dictionary\n           object.\n    \n        :Raises: If the response contains an error message.\n        \"\"\"\n        status = response.get(\"status\", None)\n        if not status or status == ErrorCode.SUCCESS:\n            return\n        value = None\n        message = response.get(\"message\", \"\")\n        screen: str = response.get(\"screen\", \"\")\n        stacktrace = None\n        if isinstance(status, int):\n            value_json = response.get(\"value\", None)\n            if value_json and isinstance(value_json, str):\n                import json\n    \n                try:\n                    value = json.loads(value_json)\n                    if len(value) == 1:\n                        value = value[\"value\"]\n                    status = value.get(\"error\", None)\n                    if not status:\n                        status = value.get(\"status\", ErrorCode.UNKNOWN_ERROR)\n                        message = value.get(\"value\") or value.get(\"message\")\n                        if not isinstance(message, str):\n                            value = message\n                            message = message.get(\"message\")\n                    else:\n                        message = value.get(\"message\", None)\n                except ValueError:\n                    pass\n    \n        exception_class: Type[WebDriverException]\n        e = ErrorCode()\n        error_codes = [item for item in dir(e) if not item.startswith(\"__\")]\n        for error_code in error_codes:\n            error_info = getattr(ErrorCode, error_code)\n            if isinstance(error_info, list) and status in error_info:\n                exception_class = getattr(ExceptionMapping, error_code, WebDriverException)\n                break\n        else:\n            exception_class = WebDriverException\n    \n        if not value:\n            value = response[\"value\"]\n        if isinstance(value, str):\n            raise exception_class(value)\n        if message == \"\" and \"message\" in value:\n            message = value[\"message\"]\n    \n        screen = None  # type: ignore[assignment]\n        if \"screen\" in value:\n            screen = value[\"screen\"]\n    \n        stacktrace = None\n        st_value = value.get(\"stackTrace\") or value.get(\"stacktrace\")\n        if st_value:\n            if isinstance(st_value, str):\n                stacktrace = st_value.split(\"\\n\")\n            else:\n                stacktrace = []\n                try:\n                    for frame in st_value:\n                        line = frame.get(\"lineNumber\", \"\")\n                        file = frame.get(\"fileName\", \"<anonymous>\")\n                        if line:\n                            file = f\"{file}:{line}\"\n                        meth = frame.get(\"methodName\", \"<anonymous>\")\n                        if \"className\" in frame:\n                            meth = f\"{frame['className']}.{meth}\"\n                        msg = \"    at %s (%s)\"\n                        msg = msg % (meth, file)\n                        stacktrace.append(msg)\n                except TypeError:\n                    pass\n        if exception_class == UnexpectedAlertPresentException:\n            alert_text = None\n            if \"data\" in value:\n                alert_text = value[\"data\"].get(\"text\")\n            elif \"alert\" in value:\n                alert_text = value[\"alert\"].get(\"text\")\n            raise exception_class(message, screen, stacktrace, alert_text)  # type: ignore[call-arg]  # mypy is not smart enough here\n>       raise exception_class(message, screen, stacktrace)\nE       selenium.common.exceptions.NoSuchElementException: Message: no such element: Unable to locate element: {\"method\":\"css selector\",\"selector\":\"header.cc-header .js-licLangSw\"}\nE         (Session info: chrome=120.0.6099.224); For documentation on this error, please visit: https://www.selenium.dev/documentation/webdriver/troubleshooting/errors#no-such-element-exception\nE       Stacktrace:\nE       #0 0x55b6342d4f83 <unknown>\nE       #1 0x55b633f8dcf7 <unknown>\nE       #2 0x55b633fdd99e <unknown>\nE       #3 0x55b633fddaa1 <unknown>\nE       #4 0x55b634028d64 <unknown>\nE       #5 0x55b6340070dd <unknown>\nE       #6 0x55b634026006 <unknown>\nE       #7 0x55b634006e53 <unknown>\nE       #8 0x55b633fcedd4 <unknown>\nE       #9 0x55b633fd01de <unknown>\nE       #10 0x55b634299531 <unknown>\nE       #11 0x55b63429d455 <unknown>\nE       #12 0x55b634285f55 <unknown>\nE       #13 0x55b63429e0ef <unknown>\nE       #14 0x55b63426999f <unknown>\nE       #15 0x55b6342c2008 <unknown>\nE       #16 0x55b6342c21d7 <unknown>\nE       #17 0x55b6342d4124 <unknown>\nE       #18 0x7fbcc8c94ac3 <unknown>\n\n../../../.cache/pypoetry/virtualenvs/testcapitalcompyse-cIj6ROMf-py3.11/lib/python3.11/site-packages/selenium/webdriver/remote/errorhandler.py:229: NoSuchElementException","steps":[{"name":"Start test of button [Try demo] on Main banner","time":{"start":1706284149098,"stop":1706284179460,"duration":30362},"status":"broken","statusMessage":"selenium.common.exceptions.NoSuchElementException: Message: no such element: Unable to locate element: {\"method\":\"css selector\",\"selector\":\"header.cc-header .js-licLangSw\"}\n  (Session info: chrome=120.0.6099.224); For documentation on this error, please visit: https://www.selenium.dev/documentation/webdriver/troubleshooting/errors#no-such-element-exception\nStacktrace:\n#0 0x55b6342d4f83 <unknown>\n#1 0x55b633f8dcf7 <unknown>\n#2 0x55b633fdd99e <unknown>\n#3 0x55b633fddaa1 <unknown>\n#4 0x55b634028d64 <unknown>\n#5 0x55b6340070dd <unknown>\n#6 0x55b634026006 <unknown>\n#7 0x55b634006e53 <unknown>\n#8 0x55b633fcedd4 <unknown>\n#9 0x55b633fd01de <unknown>\n#10 0x55b634299531 <unknown>\n#11 0x55b63429d455 <unknown>\n#12 0x55b634285f55 <unknown>\n#13 0x55b63429e0ef <unknown>\n#14 0x55b63426999f <unknown>\n#15 0x55b6342c2008 <unknown>\n#16 0x55b6342c21d7 <unknown>\n#17 0x55b6342d4124 <unknown>\n#18 0x7fbcc8c94ac3 <unknown>\n\n","statusTrace":"  File \"/home/runner/.cache/pypoetry/virtualenvs/testcapitalcompyse-cIj6ROMf-py3.11/lib/python3.11/site-packages/allure_commons/_allure.py\", line 192, in impl\n    return func(*a, **kw)\n           ^^^^^^^^^^^^^^\n  File \"/home/runner/work/SeleniumCapital/SeleniumCapital/tests/US_11_Education/US_11-02-02_Shares_trading/US_11-02-02-01_Shares_trading_test.py\", line 94, in test_02_main_banner_try_demo_button\n    page_conditions.preconditions(\n  File \"/home/runner/.cache/pypoetry/virtualenvs/testcapitalcompyse-cIj6ROMf-py3.11/lib/python3.11/site-packages/allure_commons/_allure.py\", line 192, in impl\n    return func(*a, **kw)\n           ^^^^^^^^^^^^^^\n  File \"/home/runner/work/SeleniumCapital/SeleniumCapital/pages/conditions.py\", line 119, in preconditions\n    page_menu.menu_language_and_country_move_focus(cur_language)\n  File \"/home/runner/.cache/pypoetry/virtualenvs/testcapitalcompyse-cIj6ROMf-py3.11/lib/python3.11/site-packages/allure_commons/_allure.py\", line 192, in impl\n    return func(*a, **kw)\n           ^^^^^^^^^^^^^^\n  File \"/home/runner/work/SeleniumCapital/SeleniumCapital/pages/Menu/menu.py\", line 141, in menu_language_and_country_move_focus\n    .move_to_element(d.find_element(*MenuLanguageAndCountry.MENU_LANGUAGE_AND_COUNTRY)) \\\n                     ^^^^^^^^^^^^^^^^^^^^^^^^^^^^^^^^^^^^^^^^^^^^^^^^^^^^^^^^^^^^^^^^^\n  File \"/home/runner/.cache/pypoetry/virtualenvs/testcapitalcompyse-cIj6ROMf-py3.11/lib/python3.11/site-packages/selenium/webdriver/remote/webdriver.py\", line 742, in find_element\n    return self.execute(Command.FIND_ELEMENT, {\"using\": by, \"value\": value})[\"value\"]\n           ^^^^^^^^^^^^^^^^^^^^^^^^^^^^^^^^^^^^^^^^^^^^^^^^^^^^^^^^^^^^^^^^^\n  File \"/home/runner/.cache/pypoetry/virtualenvs/testcapitalcompyse-cIj6ROMf-py3.11/lib/python3.11/site-packages/selenium/webdriver/remote/webdriver.py\", line 348, in execute\n    self.error_handler.check_response(response)\n  File \"/home/runner/.cache/pypoetry/virtualenvs/testcapitalcompyse-cIj6ROMf-py3.11/lib/python3.11/site-packages/selenium/webdriver/remote/errorhandler.py\", line 229, in check_response\n    raise exception_class(message, screen, stacktrace)\n","steps":[{"name":"Start Building dynamic arguments for allure report generation","time":{"start":1706284149098,"stop":1706284149101,"duration":3},"status":"passed","steps":[],"attachments":[],"parameters":[{"name":"d","value":"<selenium.webdriver.chrome.webdriver.WebDriver (session=\"bc78bf206fd21c1ec3b9b29dd0c52373\")>"},{"name":"worker_id","value":"'master'"},{"name":"cur_language","value":"'it'"},{"name":"cur_country","value":"'gb'"},{"name":"cur_role","value":"'NoAuth'"},{"name":"us","value":"'11.02.02'"},{"name":"desc_us","value":"'Education > Menu item [Shares trading]'"},{"name":"num_tc","value":"'.01_02'"},{"name":"desc_tc","value":"'Testing button [Try demo] on Main banner'"}],"shouldDisplayMessage":false,"stepsCount":0,"attachmentsCount":0,"hasContent":true,"attachmentStep":false},{"name":"Set preconditions","time":{"start":1706284149101,"stop":1706284179459,"duration":30358},"status":"broken","statusMessage":"selenium.common.exceptions.NoSuchElementException: Message: no such element: Unable to locate element: {\"method\":\"css selector\",\"selector\":\"header.cc-header .js-licLangSw\"}\n  (Session info: chrome=120.0.6099.224); For documentation on this error, please visit: https://www.selenium.dev/documentation/webdriver/troubleshooting/errors#no-such-element-exception\nStacktrace:\n#0 0x55b6342d4f83 <unknown>\n#1 0x55b633f8dcf7 <unknown>\n#2 0x55b633fdd99e <unknown>\n#3 0x55b633fddaa1 <unknown>\n#4 0x55b634028d64 <unknown>\n#5 0x55b6340070dd <unknown>\n#6 0x55b634026006 <unknown>\n#7 0x55b634006e53 <unknown>\n#8 0x55b633fcedd4 <unknown>\n#9 0x55b633fd01de <unknown>\n#10 0x55b634299531 <unknown>\n#11 0x55b63429d455 <unknown>\n#12 0x55b634285f55 <unknown>\n#13 0x55b63429e0ef <unknown>\n#14 0x55b63426999f <unknown>\n#15 0x55b6342c2008 <unknown>\n#16 0x55b6342c21d7 <unknown>\n#17 0x55b6342d4124 <unknown>\n#18 0x7fbcc8c94ac3 <unknown>\n\n","statusTrace":"  File \"/home/runner/.cache/pypoetry/virtualenvs/testcapitalcompyse-cIj6ROMf-py3.11/lib/python3.11/site-packages/allure_commons/_allure.py\", line 192, in impl\n    return func(*a, **kw)\n           ^^^^^^^^^^^^^^\n  File \"/home/runner/work/SeleniumCapital/SeleniumCapital/pages/conditions.py\", line 119, in preconditions\n    page_menu.menu_language_and_country_move_focus(cur_language)\n  File \"/home/runner/.cache/pypoetry/virtualenvs/testcapitalcompyse-cIj6ROMf-py3.11/lib/python3.11/site-packages/allure_commons/_allure.py\", line 192, in impl\n    return func(*a, **kw)\n           ^^^^^^^^^^^^^^\n  File \"/home/runner/work/SeleniumCapital/SeleniumCapital/pages/Menu/menu.py\", line 141, in menu_language_and_country_move_focus\n    .move_to_element(d.find_element(*MenuLanguageAndCountry.MENU_LANGUAGE_AND_COUNTRY)) \\\n                     ^^^^^^^^^^^^^^^^^^^^^^^^^^^^^^^^^^^^^^^^^^^^^^^^^^^^^^^^^^^^^^^^^\n  File \"/home/runner/.cache/pypoetry/virtualenvs/testcapitalcompyse-cIj6ROMf-py3.11/lib/python3.11/site-packages/selenium/webdriver/remote/webdriver.py\", line 742, in find_element\n    return self.execute(Command.FIND_ELEMENT, {\"using\": by, \"value\": value})[\"value\"]\n           ^^^^^^^^^^^^^^^^^^^^^^^^^^^^^^^^^^^^^^^^^^^^^^^^^^^^^^^^^^^^^^^^^\n  File \"/home/runner/.cache/pypoetry/virtualenvs/testcapitalcompyse-cIj6ROMf-py3.11/lib/python3.11/site-packages/selenium/webdriver/remote/webdriver.py\", line 348, in execute\n    self.error_handler.check_response(response)\n  File \"/home/runner/.cache/pypoetry/virtualenvs/testcapitalcompyse-cIj6ROMf-py3.11/lib/python3.11/site-packages/selenium/webdriver/remote/errorhandler.py\", line 229, in check_response\n    raise exception_class(message, screen, stacktrace)\n","steps":[{"name":"Start Checking Captcha","time":{"start":1706284150864,"stop":1706284155912,"duration":5048},"status":"passed","steps":[],"attachments":[],"parameters":[{"name":"driver","value":"<selenium.webdriver.chrome.webdriver.WebDriver (session=\"bc78bf206fd21c1ec3b9b29dd0c52373\")>"}],"shouldDisplayMessage":false,"stepsCount":0,"attachmentsCount":0,"hasContent":true,"attachmentStep":false},{"name":"Start Accepting all cookies","time":{"start":1706284157953,"stop":1706284164629,"duration":6676},"status":"passed","steps":[],"attachments":[],"parameters":[{"name":"args","value":"(<pages.conditions.Conditions object at 0x7fab20e2b250>,)"}],"shouldDisplayMessage":false,"stepsCount":0,"attachmentsCount":0,"hasContent":true,"attachmentStep":false},{"name":"Start Authorisation","time":{"start":1706284164629,"stop":1706284171079,"duration":6450},"status":"passed","steps":[{"name":"Click [Log In] button","time":{"start":1706284164629,"stop":1706284164823,"duration":194},"status":"passed","steps":[],"attachments":[],"parameters":[],"shouldDisplayMessage":false,"stepsCount":0,"attachmentsCount":0,"hasContent":false,"attachmentStep":false},{"name":"Check if the Logo element is present on the page","time":{"start":1706284168445,"stop":1706284169935,"duration":1490},"status":"passed","steps":[],"attachments":[],"parameters":[],"shouldDisplayMessage":false,"stepsCount":0,"attachmentsCount":0,"hasContent":false,"attachmentStep":false}],"attachments":[],"parameters":[{"name":"d","value":"<selenium.webdriver.chrome.webdriver.WebDriver (session=\"bc78bf206fd21c1ec3b9b29dd0c52373\")>"},{"name":"link","value":"'https://capital.com'"},{"name":"login","value":"'aqa.tomelo.an@gmail.com'"},{"name":"password","value":"'iT9Vgqi6d$fiZ*Z'"}],"shouldDisplayMessage":false,"stepsCount":2,"attachmentsCount":0,"hasContent":true,"attachmentStep":false},{"name":"Start DeAuthorisation","time":{"start":1706284171080,"stop":1706284173406,"duration":2326},"status":"passed","steps":[{"name":"Click button [My account]","time":{"start":1706284171080,"stop":1706284173318,"duration":2238},"status":"passed","steps":[],"attachments":[],"parameters":[],"shouldDisplayMessage":false,"stepsCount":0,"attachmentsCount":0,"hasContent":false,"attachmentStep":false},{"name":"Click 'Logout' button","time":{"start":1706284173319,"stop":1706284173406,"duration":87},"status":"passed","steps":[],"attachments":[],"parameters":[],"shouldDisplayMessage":false,"stepsCount":0,"attachmentsCount":0,"hasContent":false,"attachmentStep":false}],"attachments":[],"parameters":[{"name":"d","value":"<selenium.webdriver.chrome.webdriver.WebDriver (session=\"bc78bf206fd21c1ec3b9b29dd0c52373\")>"},{"name":"link","value":"'https://capital.com'"}],"shouldDisplayMessage":false,"stepsCount":2,"attachmentsCount":0,"hasContent":true,"attachmentStep":false},{"name":"2024-01-26 15:49:07.853641.   Click 'Language and Country' menu section.","time":{"start":1706284173406,"stop":1706284179457,"duration":6051},"status":"broken","statusMessage":"selenium.common.exceptions.NoSuchElementException: Message: no such element: Unable to locate element: {\"method\":\"css selector\",\"selector\":\"header.cc-header .js-licLangSw\"}\n  (Session info: chrome=120.0.6099.224); For documentation on this error, please visit: https://www.selenium.dev/documentation/webdriver/troubleshooting/errors#no-such-element-exception\nStacktrace:\n#0 0x55b6342d4f83 <unknown>\n#1 0x55b633f8dcf7 <unknown>\n#2 0x55b633fdd99e <unknown>\n#3 0x55b633fddaa1 <unknown>\n#4 0x55b634028d64 <unknown>\n#5 0x55b6340070dd <unknown>\n#6 0x55b634026006 <unknown>\n#7 0x55b634006e53 <unknown>\n#8 0x55b633fcedd4 <unknown>\n#9 0x55b633fd01de <unknown>\n#10 0x55b634299531 <unknown>\n#11 0x55b63429d455 <unknown>\n#12 0x55b634285f55 <unknown>\n#13 0x55b63429e0ef <unknown>\n#14 0x55b63426999f <unknown>\n#15 0x55b6342c2008 <unknown>\n#16 0x55b6342c21d7 <unknown>\n#17 0x55b6342d4124 <unknown>\n#18 0x7fbcc8c94ac3 <unknown>\n\n","statusTrace":"  File \"/home/runner/.cache/pypoetry/virtualenvs/testcapitalcompyse-cIj6ROMf-py3.11/lib/python3.11/site-packages/allure_commons/_allure.py\", line 192, in impl\n    return func(*a, **kw)\n           ^^^^^^^^^^^^^^\n  File \"/home/runner/work/SeleniumCapital/SeleniumCapital/pages/Menu/menu.py\", line 141, in menu_language_and_country_move_focus\n    .move_to_element(d.find_element(*MenuLanguageAndCountry.MENU_LANGUAGE_AND_COUNTRY)) \\\n                     ^^^^^^^^^^^^^^^^^^^^^^^^^^^^^^^^^^^^^^^^^^^^^^^^^^^^^^^^^^^^^^^^^\n  File \"/home/runner/.cache/pypoetry/virtualenvs/testcapitalcompyse-cIj6ROMf-py3.11/lib/python3.11/site-packages/selenium/webdriver/remote/webdriver.py\", line 742, in find_element\n    return self.execute(Command.FIND_ELEMENT, {\"using\": by, \"value\": value})[\"value\"]\n           ^^^^^^^^^^^^^^^^^^^^^^^^^^^^^^^^^^^^^^^^^^^^^^^^^^^^^^^^^^^^^^^^^\n  File \"/home/runner/.cache/pypoetry/virtualenvs/testcapitalcompyse-cIj6ROMf-py3.11/lib/python3.11/site-packages/selenium/webdriver/remote/webdriver.py\", line 348, in execute\n    self.error_handler.check_response(response)\n  File \"/home/runner/.cache/pypoetry/virtualenvs/testcapitalcompyse-cIj6ROMf-py3.11/lib/python3.11/site-packages/selenium/webdriver/remote/errorhandler.py\", line 229, in check_response\n    raise exception_class(message, screen, stacktrace)\n","steps":[],"attachments":[],"parameters":[{"name":"test_language","value":"'it'"}],"shouldDisplayMessage":true,"stepsCount":0,"attachmentsCount":0,"hasContent":true,"attachmentStep":false}],"attachments":[],"parameters":[{"name":"d","value":"<selenium.webdriver.chrome.webdriver.WebDriver (session=\"bc78bf206fd21c1ec3b9b29dd0c52373\")>"},{"name":"host","value":"'https://capital.com'"},{"name":"end_point","value":"''"},{"name":"cur_language","value":"'it'"},{"name":"cur_country","value":"'gb'"},{"name":"cur_role","value":"'NoAuth'"},{"name":"cur_login","value":"'aqa.tomelo.an@gmail.com'"},{"name":"cur_password","value":"'iT9Vgqi6d$fiZ*Z'"}],"shouldDisplayMessage":false,"stepsCount":9,"attachmentsCount":0,"hasContent":true,"attachmentStep":false}],"attachments":[],"parameters":[{"name":"worker_id","value":"'master'"},{"name":"d","value":"<selenium.webdriver.chrome.webdriver.WebDriver (session=\"bc78bf206fd21c1ec3b9b29dd0c52373\")>"},{"name":"cur_language","value":"'it'"},{"name":"cur_country","value":"'gb'"},{"name":"cur_role","value":"'NoAuth'"},{"name":"cur_login","value":"'aqa.tomelo.an@gmail.com'"},{"name":"cur_password","value":"'iT9Vgqi6d$fiZ*Z'"},{"name":"cur_item_link","value":"'https://capital.com/it/fare-trading-canopy-growth'"}],"shouldDisplayMessage":false,"stepsCount":11,"attachmentsCount":0,"hasContent":true,"attachmentStep":false}],"attachments":[{"uid":"7bb76a9ba07f35cf","name":"Screenshot","source":"7bb76a9ba07f35cf.png","type":"image/png","size":63503},{"uid":"2f44a16eb34c8513","name":"stdout","source":"2f44a16eb34c8513.txt","type":"text/plain","size":4186}],"parameters":[],"shouldDisplayMessage":true,"stepsCount":12,"attachmentsCount":2,"hasContent":true,"attachmentStep":false},"afterStages":[{"name":"d::0","time":{"start":1706284179678,"stop":1706284179763,"duration":85},"status":"passed","steps":[],"attachments":[],"parameters":[],"shouldDisplayMessage":false,"stepsCount":0,"attachmentsCount":0,"hasContent":false,"attachmentStep":false}],"labels":[{"name":"epic","value":"US_11.02.02 | Education > Menu item [Shares trading]"},{"name":"feature","value":"Language: it"},{"name":"story","value":"Country: gb / Role: NoAuth"},{"name":"tag","value":"test_02"},{"name":"tag","value":"us_11_02_02"},{"name":"parentSuite","value":"tests.US_11_Education.US_11-02-02_Shares_trading"},{"name":"suite","value":"US_11-02-02-01_Shares_trading_test"},{"name":"subSuite","value":"TestSharesTradingItems"},{"name":"host","value":"fv-az1245-581"},{"name":"thread","value":"75942-MainThread"},{"name":"framework","value":"pytest"},{"name":"language","value":"cpython3"},{"name":"package","value":"tests.US_11_Education.US_11-02-02_Shares_trading.US_11-02-02-01_Shares_trading_test"},{"name":"resultFormat","value":"allure2"}],"parameters":[{"name":"cur_country","value":"'ae'"},{"name":"cur_item_link","value":"'https://capital.com/it/fare-trading-canopy-growth'"},{"name":"cur_language","value":"''"},{"name":"cur_login","value":"'aqa.tomelo.an@gmail.com'"},{"name":"cur_password","value":"'iT9Vgqi6d$fiZ*Z'"},{"name":"cur_role","value":"'NoAuth'"},{"name":"d","value":"'Chrome'"}],"links":[],"hidden":false,"retry":false,"extra":{"severity":"normal","retries":[],"categories":[{"name":"Test defects","matchedStatuses":[],"flaky":false}],"tags":["test_02","us_11_02_02"]},"source":"7ab4a087379106d3.json","parameterValues":["'ae'","'https://capital.com/it/fare-trading-canopy-growth'","''","'aqa.tomelo.an@gmail.com'","'iT9Vgqi6d$fiZ*Z'","'NoAuth'","'Chrome'"]}