2023-11-28 12:44:27 ERROR Unable to initialize WebDriver
2023-11-28 12:44:27 ERROR 
Traceback (most recent call last):
  File "/home/runner/work/SeleniumCapital/SeleniumCapital/pages/base_page.py", line 82, in inner_function
    return func(*args, **kwargs)
           ^^^^^^^^^^^^^^^^^^^^^
  File "/home/runner/work/SeleniumCapital/SeleniumCapital/pages/base_page.py", line 390, in element_is_visible
    return Wait(self.browser, timeout).until(
           ^^^^^^^^^^^^^^^^^^^^^^^^^^^^^^^^^^
  File "/home/runner/.cache/pypoetry/virtualenvs/testcapitalcom-cIj6ROMf-py3.11/lib/python3.11/site-packages/selenium/webdriver/support/wait.py", line 101, in until
    raise TimeoutException(message, screen, stacktrace)
selenium.common.exceptions.TimeoutException: Message: 
Stacktrace:
#0 0x55f876f1e5e3 <unknown>
#1 0x55f876be10b7 <unknown>
#2 0x55f876c2ef53 <unknown>
#3 0x55f876c2f051 <unknown>
#4 0x55f876c749c4 <unknown>
#5 0x55f876c55f1d <unknown>
#6 0x55f876c71b3d <unknown>
#7 0x55f876c55cc3 <unknown>
#8 0x55f876c210e4 <unknown>
#9 0x55f876c220ae <unknown>
#10 0x55f876ee4ce1 <unknown>
#11 0x55f876ee8b7e <unknown>
#12 0x55f876ed24b5 <unknown>
#13 0x55f876ee97d6 <unknown>
#14 0x55f876eb5dbf <unknown>
#15 0x55f876f0c748 <unknown>
#16 0x55f876f0c917 <unknown>
#17 0x55f876f1d773 <unknown>
#18 0x7f9992894ac3 <unknown>

2023-11-28 12:44:30 ERROR Unable to initialize WebDriver
2023-11-28 12:44:30 ERROR 
Traceback (most recent call last):
  File "/home/runner/work/SeleniumCapital/SeleniumCapital/pages/base_page.py", line 82, in inner_function
    return func(*args, **kwargs)
           ^^^^^^^^^^^^^^^^^^^^^
  File "/home/runner/work/SeleniumCapital/SeleniumCapital/pages/base_page.py", line 390, in element_is_visible
    return Wait(self.browser, timeout).until(
           ^^^^^^^^^^^^^^^^^^^^^^^^^^^^^^^^^^
  File "/home/runner/.cache/pypoetry/virtualenvs/testcapitalcom-cIj6ROMf-py3.11/lib/python3.11/site-packages/selenium/webdriver/support/wait.py", line 101, in until
    raise TimeoutException(message, screen, stacktrace)
selenium.common.exceptions.TimeoutException: Message: