2023-12-11 14:26:38 ERROR Unable to initialize WebDriver
2023-12-11 14:26:38 ERROR 
Traceback (most recent call last):
  File "D:\a\SeleniumCapital\SeleniumCapital\pages\base_page.py", line 82, in inner_function
    return func(*args, **kwargs)
           ^^^^^^^^^^^^^^^^^^^^^
  File "D:\a\SeleniumCapital\SeleniumCapital\pages\base_page.py", line 394, in element_is_visible
    return Wait(self.browser, timeout).until(
           ^^^^^^^^^^^^^^^^^^^^^^^^^^^^^^^^^^
  File "C:\Users\runneradmin\AppData\Local\pypoetry\Cache\virtualenvs\testcapitalcom-08IAlZho-py3.11\Lib\site-packages\selenium\webdriver\support\wait.py", line 105, in until
    raise TimeoutException(message, screen, stacktrace)
selenium.common.exceptions.TimeoutException: Message: 
Stacktrace:
	GetHandleVerifier [0x00F86E73+174291]
	(No symbol) [0x00EB0AC1]
	(No symbol) [0x00BC6FF6]
	(No symbol) [0x00BF9876]
	(No symbol) [0x00BF9C2C]
	(No symbol) [0x00C2BD42]
	(No symbol) [0x00C17054]
	(No symbol) [0x00C2A104]
	(No symbol) [0x00C16DA6]
	(No symbol) [0x00BF1034]
	(No symbol) [0x00BF1F8D]
	GetHandleVerifier [0x010249CC+820268]
	sqlite3_dbdata_init [0x010E4EBE+652494]
	sqlite3_dbdata_init [0x010E48D9+650985]
	sqlite3_dbdata_init [0x010D962C+605244]
	sqlite3_dbdata_init [0x010E586B+654971]
	(No symbol) [0x00EBFEBC]
	(No symbol) [0x00EB8428]
	(No symbol) [0x00EB854D]
	(No symbol) [0x00EA5858]
	BaseThreadInitThunk [0x756C6A39+25]
	RtlGetFullPathName_UEx [0x77437F8D+173]
	RtlGetFullPathName_UEx [0x77437F5B+123]

2023-12-11 14:27:20 ERROR Unable to initialize WebDriver
2023-12-11 14:27:20 ERROR no such execution context
  (Session info: chrome=120.0.6099.63)
Traceback (most recent call last):
  File "D:\a\SeleniumCapital\SeleniumCapital\pages\base_page.py", line 82, in inner_function
    return func(*args, **kwargs)
           ^^^^^^^^^^^^^^^^^^^^^
  File "D:\a\SeleniumCapital\SeleniumCapital\pages\base_page.py", line 609, in wait_for_target_url
    return Wait(self.browser, timeout).until(
           ^^^^^^^^^^^^^^^^^^^^^^^^^^^^^^^^^^
  File "C:\Users\runneradmin\AppData\Local\pypoetry\Cache\virtualenvs\testcapitalcom-08IAlZho-py3.11\Lib\site-packages\selenium\webdriver\support\wait.py", line 96, in until
    value = method(self._driver)
            ^^^^^^^^^^^^^^^^^^^^
  File "C:\Users\runneradmin\AppData\Local\pypoetry\Cache\virtualenvs\testcapitalcom-08IAlZho-py3.11\Lib\site-packages\selenium\webdriver\support\expected_conditions.py", line 98, in _predicate
    return url in driver.current_url
                  ^^^^^^^^^^^^^^^^^^
  File "C:\Users\runneradmin\AppData\Local\pypoetry\Cache\virtualenvs\testcapitalcom-08IAlZho-py3.11\Lib\site-packages\selenium\webdriver\remote\webdriver.py", line 438, in current_url
    return self.execute(Command.GET_CURRENT_URL)["value"]
           ^^^^^^^^^^^^^^^^^^^^^^^^^^^^^^^^^^^^^
  File "C:\Users\runneradmin\AppData\Local\pypoetry\Cache\virtualenvs\testcapitalcom-08IAlZho-py3.11\Lib\site-packages\selenium\webdriver\remote\webdriver.py", line 348, in execute
    self.error_handler.check_response(response)
  File "C:\Users\runneradmin\AppData\Local\pypoetry\Cache\virtualenvs\testcapitalcom-08IAlZho-py3.11\Lib\site-packages\selenium\webdriver\remote\errorhandler.py", line 229, in check_response
    raise exception_class(message, screen, stacktrace)
selenium.common.exceptions.WebDriverException: Message: no such execution context
  (Session info: chrome=120.0.6099.63)
Stacktrace:
	GetHandleVerifier [0x00F86E73+174291]
	(No symbol) [0x00EB0AC1]
	(No symbol) [0x00BC6E8A]
	(No symbol) [0x00BBA05C]
	(No symbol) [0x00BB8983]
	(No symbol) [0x00BB8EFD]
	(No symbol) [0x00BC2807]
	(No symbol) [0x00BCF4F4]
	(No symbol) [0x00BD2676]
	(No symbol) [0x00BB93BB]
	(No symbol) [0x00BCF22D]
	(No symbol) [0x00C2A05B]
	(No symbol) [0x00C16DA6]
	(No symbol) [0x00BF1034]
	(No symbol) [0x00BF1F8D]
	GetHandleVerifier [0x010249CC+820268]
	sqlite3_dbdata_init [0x010E4EBE+652494]
	sqlite3_dbdata_init [0x010E48D9+650985]
	sqlite3_dbdata_init [0x010D962C+605244]
	sqlite3_dbdata_init [0x010E586B+654971]
	(No symbol) [0x00EBFEBC]
	(No symbol) [0x00EB8428]
	(No symbol) [0x00EB854D]
	(No symbol) [0x00EA5858]
	BaseThreadInitThunk [0x756C6A39+25]
	RtlGetFullPathName_UEx [0x77437F8D+173]
	RtlGetFullPathName_UEx [0x77437F5B+123]