{"uid":"bb77de88f17d31cf","name":"TC_11.02.02.00_01 with parameters: fr, au, Auth","fullName":"tests.US_11_Education.US_11-02-02_Shares_trading.US_11-02-02_Shares_trading_test.TestSharesTrading#test_01_main_banner_start_trading_button","historyId":"af7af08dfa002b96ac4fbe0bd8b02a52","time":{"start":1701180839508,"stop":1701180862145,"duration":22637},"description":"\n        Check: Button [Start Trading] on Main banner\n        Language: All (Except: EL, HU, NL). License: All.\n        ","descriptionHtml":"<pre><code>    Check: Button [Start Trading] on Main banner\n    Language: All (Except: EL, HU, NL). License: All.\n</code></pre>\n","status":"broken","statusMessage":"selenium.common.exceptions.MoveTargetOutOfBoundsException: Message: Move target (342, 698) is out of bounds of viewport dimensions (1280, 635)\nStacktrace:\nRemoteError@chrome://remote/content/shared/RemoteError.sys.mjs:8:8\nWebDriverError@chrome://remote/content/shared/webdriver/Errors.sys.mjs:189:5\nMoveTargetOutOfBoundsError@chrome://remote/content/shared/webdriver/Errors.sys.mjs:475:5\nassertInViewPort@chrome://remote/content/shared/webdriver/Actions.sys.mjs:2307:11\ndispatch@chrome://remote/content/shared/webdriver/Actions.sys.mjs:1093:21\ndispatch/pendingEvents<@chrome://remote/content/shared/webdriver/Actions.sys.mjs:1976:14\ndispatch@chrome://remote/content/shared/webdriver/Actions.sys.mjs:1975:39\ndispatch/chainEvents<@chrome://remote/content/shared/webdriver/Actions.sys.mjs:1890:27\ndispatch@chrome://remote/content/shared/webdriver/Actions.sys.mjs:1892:7\nperformActions@chrome://remote/content/marionette/actors/MarionetteCommandsChild.sys.mjs:501:23\nreceiveMessage@chrome://remote/content/marionette/actors/MarionetteCommandsChild.sys.mjs:143:31","statusTrace":"self = <US_11-02-02_Shares_trading_test.TestSharesTrading object at 0x7f5e03085cd0>\nworker_id = 'master'\nd = <selenium.webdriver.firefox.webdriver.WebDriver (session=\"d3179be1-c6fb-4209-a43c-b66871ab3e64\")>\ncur_language = 'fr', cur_country = 'au', cur_role = 'Auth'\ncur_login = 'aqa.tomelo.an@gmail.com', cur_password = 'iT9Vgqi6d$fiZ*Z'\n\n    @allure.step(\"Start test of button [Start trading] on Main banner\")\n    # @pytest.mark.skip(reason=\"Skipped for debugging\")\n    def test_01_main_banner_start_trading_button(\n            self, worker_id, d, cur_language, cur_country, cur_role, cur_login, cur_password):\n        \"\"\"\n        Check: Button [Start Trading] on Main banner\n        Language: All (Except: EL, HU, NL). License: All.\n        \"\"\"\n        build_dynamic_arg_v3(self, d, worker_id, cur_language, cur_country, cur_role,\n                             \"11.02.02\", \"Educations > Menu item [Shares trading]\",\n                             \".00_01\", \"Testing button [Start Trading] on Main banner\")\n    \n        check_language(cur_language)\n    \n        page_conditions = Conditions(d, \"\")\n>       main_page_link = page_conditions.preconditions(\n            d, CapitalComPageSrc.URL, \"\", cur_language, cur_country, cur_role, cur_login, cur_password)\n\ntests/US_11_Education/US_11-02-02_Shares_trading/US_11-02-02_Shares_trading_test.py:66: \n_ _ _ _ _ _ _ _ _ _ _ _ _ _ _ _ _ _ _ _ _ _ _ _ _ _ _ _ _ _ _ _ _ _ _ _ _ _ _ _ \npages/conditions.py:134: in preconditions\n    page_menu.set_country(cur_country)\npages/Menu/menu.py:847: in set_country\n    .perform()\n../../../.cache/pypoetry/virtualenvs/testcapitalcom-cIj6ROMf-py3.11/lib/python3.11/site-packages/selenium/webdriver/common/action_chains.py:94: in perform\n    self.w3c_actions.perform()\n../../../.cache/pypoetry/virtualenvs/testcapitalcom-cIj6ROMf-py3.11/lib/python3.11/site-packages/selenium/webdriver/common/actions/action_builder.py:96: in perform\n    self.driver.execute(Command.W3C_ACTIONS, enc)\n../../../.cache/pypoetry/virtualenvs/testcapitalcom-cIj6ROMf-py3.11/lib/python3.11/site-packages/selenium/webdriver/remote/webdriver.py:346: in execute\n    self.error_handler.check_response(response)\n_ _ _ _ _ _ _ _ _ _ _ _ _ _ _ _ _ _ _ _ _ _ _ _ _ _ _ _ _ _ _ _ _ _ _ _ _ _ _ _ \n\nself = <selenium.webdriver.remote.errorhandler.ErrorHandler object at 0x7f5e040ae990>\nresponse = {'status': 500, 'value': '{\"value\":{\"error\":\"move target out of bounds\",\"message\":\"Move target (342, 698) is out of bo...ys.mjs:501:23\\\\nreceiveMessage@chrome://remote/content/marionette/actors/MarionetteCommandsChild.sys.mjs:143:31\\\\n\"}}'}\n\n    def check_response(self, response: Dict[str, Any]) -> None:\n        \"\"\"Checks that a JSON response from the WebDriver does not have an\n        error.\n    \n        :Args:\n         - response - The JSON response from the WebDriver server as a dictionary\n           object.\n    \n        :Raises: If the response contains an error message.\n        \"\"\"\n        status = response.get(\"status\", None)\n        if not status or status == ErrorCode.SUCCESS:\n            return\n        value = None\n        message = response.get(\"message\", \"\")\n        screen: str = response.get(\"screen\", \"\")\n        stacktrace = None\n        if isinstance(status, int):\n            value_json = response.get(\"value\", None)\n            if value_json and isinstance(value_json, str):\n                import json\n    \n                try:\n                    value = json.loads(value_json)\n                    if len(value) == 1:\n                        value = value[\"value\"]\n                    status = value.get(\"error\", None)\n                    if not status:\n                        status = value.get(\"status\", ErrorCode.UNKNOWN_ERROR)\n                        message = value.get(\"value\") or value.get(\"message\")\n                        if not isinstance(message, str):\n                            value = message\n                            message = message.get(\"message\")\n                    else:\n                        message = value.get(\"message\", None)\n                except ValueError:\n                    pass\n    \n        exception_class: Type[WebDriverException]\n        e = ErrorCode()\n        error_codes = [item for item in dir(e) if not item.startswith(\"__\")]\n        for error_code in error_codes:\n            error_info = getattr(ErrorCode, error_code)\n            if isinstance(error_info, list) and status in error_info:\n                exception_class = getattr(ExceptionMapping, error_code, WebDriverException)\n                break\n        else:\n            exception_class = WebDriverException\n    \n        if not value:\n            value = response[\"value\"]\n        if isinstance(value, str):\n            raise exception_class(value)\n        if message == \"\" and \"message\" in value:\n            message = value[\"message\"]\n    \n        screen = None  # type: ignore[assignment]\n        if \"screen\" in value:\n            screen = value[\"screen\"]\n    \n        stacktrace = None\n        st_value = value.get(\"stackTrace\") or value.get(\"stacktrace\")\n        if st_value:\n            if isinstance(st_value, str):\n                stacktrace = st_value.split(\"\\n\")\n            else:\n                stacktrace = []\n                try:\n                    for frame in st_value:\n                        line = frame.get(\"lineNumber\", \"\")\n                        file = frame.get(\"fileName\", \"<anonymous>\")\n                        if line:\n                            file = f\"{file}:{line}\"\n                        meth = frame.get(\"methodName\", \"<anonymous>\")\n                        if \"className\" in frame:\n                            meth = f\"{frame['className']}.{meth}\"\n                        msg = \"    at %s (%s)\"\n                        msg = msg % (meth, file)\n                        stacktrace.append(msg)\n                except TypeError:\n                    pass\n        if exception_class == UnexpectedAlertPresentException:\n            alert_text = None\n            if \"data\" in value:\n                alert_text = value[\"data\"].get(\"text\")\n            elif \"alert\" in value:\n                alert_text = value[\"alert\"].get(\"text\")\n            raise exception_class(message, screen, stacktrace, alert_text)  # type: ignore[call-arg]  # mypy is not smart enough here\n>       raise exception_class(message, screen, stacktrace)\nE       selenium.common.exceptions.MoveTargetOutOfBoundsException: Message: Move target (342, 698) is out of bounds of viewport dimensions (1280, 635)\nE       Stacktrace:\nE       RemoteError@chrome://remote/content/shared/RemoteError.sys.mjs:8:8\nE       WebDriverError@chrome://remote/content/shared/webdriver/Errors.sys.mjs:189:5\nE       MoveTargetOutOfBoundsError@chrome://remote/content/shared/webdriver/Errors.sys.mjs:475:5\nE       assertInViewPort@chrome://remote/content/shared/webdriver/Actions.sys.mjs:2307:11\nE       dispatch@chrome://remote/content/shared/webdriver/Actions.sys.mjs:1093:21\nE       dispatch/pendingEvents<@chrome://remote/content/shared/webdriver/Actions.sys.mjs:1976:14\nE       dispatch@chrome://remote/content/shared/webdriver/Actions.sys.mjs:1975:39\nE       dispatch/chainEvents<@chrome://remote/content/shared/webdriver/Actions.sys.mjs:1890:27\nE       dispatch@chrome://remote/content/shared/webdriver/Actions.sys.mjs:1892:7\nE       performActions@chrome://remote/content/marionette/actors/MarionetteCommandsChild.sys.mjs:501:23\nE       receiveMessage@chrome://remote/content/marionette/actors/MarionetteCommandsChild.sys.mjs:143:31\n\n../../../.cache/pypoetry/virtualenvs/testcapitalcom-cIj6ROMf-py3.11/lib/python3.11/site-packages/selenium/webdriver/remote/errorhandler.py:229: MoveTargetOutOfBoundsException","flaky":false,"newFailed":false,"newBroken":false,"newPassed":false,"retriesCount":0,"retriesStatusChange":false,"beforeStages":[{"name":"worker_id","time":{"start":1701180758930,"stop":1701180758930,"duration":0},"status":"passed","steps":[],"attachments":[],"parameters":[],"shouldDisplayMessage":false,"stepsCount":0,"attachmentsCount":0,"hasContent":false},{"name":"d","time":{"start":1701180758930,"stop":1701180761920,"duration":2990},"status":"passed","steps":[],"attachments":[],"parameters":[],"shouldDisplayMessage":false,"stepsCount":0,"attachmentsCount":0,"hasContent":false},{"name":"cur_password","time":{"start":1701180761921,"stop":1701180761921,"duration":0},"status":"passed","steps":[],"attachments":[],"parameters":[],"shouldDisplayMessage":false,"stepsCount":0,"attachmentsCount":0,"hasContent":false},{"name":"go","time":{"start":1701180761921,"stop":1701180761921,"duration":0},"status":"passed","steps":[],"attachments":[],"parameters":[],"shouldDisplayMessage":false,"stepsCount":0,"attachmentsCount":0,"hasContent":false},{"name":"cur_login","time":{"start":1701180761921,"stop":1701180761921,"duration":0},"status":"passed","steps":[],"attachments":[],"parameters":[],"shouldDisplayMessage":false,"stepsCount":0,"attachmentsCount":0,"hasContent":false},{"name":"cur_country","time":{"start":1701180761921,"stop":1701180761921,"duration":0},"status":"passed","steps":[],"attachments":[],"parameters":[],"shouldDisplayMessage":false,"stepsCount":0,"attachmentsCount":0,"hasContent":false},{"name":"cur_language","time":{"start":1701180761921,"stop":1701180761921,"duration":0},"status":"passed","steps":[],"attachments":[],"parameters":[],"shouldDisplayMessage":false,"stepsCount":0,"attachmentsCount":0,"hasContent":false},{"name":"cur_role","time":{"start":1701180839508,"stop":1701180839508,"duration":0},"status":"passed","steps":[],"attachments":[],"parameters":[],"shouldDisplayMessage":false,"stepsCount":0,"attachmentsCount":0,"hasContent":false}],"testStage":{"description":"\n        Check: Button [Start Trading] on Main banner\n        Language: All (Except: EL, HU, NL). License: All.\n        ","status":"broken","statusMessage":"selenium.common.exceptions.MoveTargetOutOfBoundsException: Message: Move target (342, 698) is out of bounds of viewport dimensions (1280, 635)\nStacktrace:\nRemoteError@chrome://remote/content/shared/RemoteError.sys.mjs:8:8\nWebDriverError@chrome://remote/content/shared/webdriver/Errors.sys.mjs:189:5\nMoveTargetOutOfBoundsError@chrome://remote/content/shared/webdriver/Errors.sys.mjs:475:5\nassertInViewPort@chrome://remote/content/shared/webdriver/Actions.sys.mjs:2307:11\ndispatch@chrome://remote/content/shared/webdriver/Actions.sys.mjs:1093:21\ndispatch/pendingEvents<@chrome://remote/content/shared/webdriver/Actions.sys.mjs:1976:14\ndispatch@chrome://remote/content/shared/webdriver/Actions.sys.mjs:1975:39\ndispatch/chainEvents<@chrome://remote/content/shared/webdriver/Actions.sys.mjs:1890:27\ndispatch@chrome://remote/content/shared/webdriver/Actions.sys.mjs:1892:7\nperformActions@chrome://remote/content/marionette/actors/MarionetteCommandsChild.sys.mjs:501:23\nreceiveMessage@chrome://remote/content/marionette/actors/MarionetteCommandsChild.sys.mjs:143:31","statusTrace":"self = <US_11-02-02_Shares_trading_test.TestSharesTrading object at 0x7f5e03085cd0>\nworker_id = 'master'\nd = <selenium.webdriver.firefox.webdriver.WebDriver (session=\"d3179be1-c6fb-4209-a43c-b66871ab3e64\")>\ncur_language = 'fr', cur_country = 'au', cur_role = 'Auth'\ncur_login = 'aqa.tomelo.an@gmail.com', cur_password = 'iT9Vgqi6d$fiZ*Z'\n\n    @allure.step(\"Start test of button [Start trading] on Main banner\")\n    # @pytest.mark.skip(reason=\"Skipped for debugging\")\n    def test_01_main_banner_start_trading_button(\n            self, worker_id, d, cur_language, cur_country, cur_role, cur_login, cur_password):\n        \"\"\"\n        Check: Button [Start Trading] on Main banner\n        Language: All (Except: EL, HU, NL). License: All.\n        \"\"\"\n        build_dynamic_arg_v3(self, d, worker_id, cur_language, cur_country, cur_role,\n                             \"11.02.02\", \"Educations > Menu item [Shares trading]\",\n                             \".00_01\", \"Testing button [Start Trading] on Main banner\")\n    \n        check_language(cur_language)\n    \n        page_conditions = Conditions(d, \"\")\n>       main_page_link = page_conditions.preconditions(\n            d, CapitalComPageSrc.URL, \"\", cur_language, cur_country, cur_role, cur_login, cur_password)\n\ntests/US_11_Education/US_11-02-02_Shares_trading/US_11-02-02_Shares_trading_test.py:66: \n_ _ _ _ _ _ _ _ _ _ _ _ _ _ _ _ _ _ _ _ _ _ _ _ _ _ _ _ _ _ _ _ _ _ _ _ _ _ _ _ \npages/conditions.py:134: in preconditions\n    page_menu.set_country(cur_country)\npages/Menu/menu.py:847: in set_country\n    .perform()\n../../../.cache/pypoetry/virtualenvs/testcapitalcom-cIj6ROMf-py3.11/lib/python3.11/site-packages/selenium/webdriver/common/action_chains.py:94: in perform\n    self.w3c_actions.perform()\n../../../.cache/pypoetry/virtualenvs/testcapitalcom-cIj6ROMf-py3.11/lib/python3.11/site-packages/selenium/webdriver/common/actions/action_builder.py:96: in perform\n    self.driver.execute(Command.W3C_ACTIONS, enc)\n../../../.cache/pypoetry/virtualenvs/testcapitalcom-cIj6ROMf-py3.11/lib/python3.11/site-packages/selenium/webdriver/remote/webdriver.py:346: in execute\n    self.error_handler.check_response(response)\n_ _ _ _ _ _ _ _ _ _ _ _ _ _ _ _ _ _ _ _ _ _ _ _ _ _ _ _ _ _ _ _ _ _ _ _ _ _ _ _ \n\nself = <selenium.webdriver.remote.errorhandler.ErrorHandler object at 0x7f5e040ae990>\nresponse = {'status': 500, 'value': '{\"value\":{\"error\":\"move target out of bounds\",\"message\":\"Move target (342, 698) is out of bo...ys.mjs:501:23\\\\nreceiveMessage@chrome://remote/content/marionette/actors/MarionetteCommandsChild.sys.mjs:143:31\\\\n\"}}'}\n\n    def check_response(self, response: Dict[str, Any]) -> None:\n        \"\"\"Checks that a JSON response from the WebDriver does not have an\n        error.\n    \n        :Args:\n         - response - The JSON response from the WebDriver server as a dictionary\n           object.\n    \n        :Raises: If the response contains an error message.\n        \"\"\"\n        status = response.get(\"status\", None)\n        if not status or status == ErrorCode.SUCCESS:\n            return\n        value = None\n        message = response.get(\"message\", \"\")\n        screen: str = response.get(\"screen\", \"\")\n        stacktrace = None\n        if isinstance(status, int):\n            value_json = response.get(\"value\", None)\n            if value_json and isinstance(value_json, str):\n                import json\n    \n                try:\n                    value = json.loads(value_json)\n                    if len(value) == 1:\n                        value = value[\"value\"]\n                    status = value.get(\"error\", None)\n                    if not status:\n                        status = value.get(\"status\", ErrorCode.UNKNOWN_ERROR)\n                        message = value.get(\"value\") or value.get(\"message\")\n                        if not isinstance(message, str):\n                            value = message\n                            message = message.get(\"message\")\n                    else:\n                        message = value.get(\"message\", None)\n                except ValueError:\n                    pass\n    \n        exception_class: Type[WebDriverException]\n        e = ErrorCode()\n        error_codes = [item for item in dir(e) if not item.startswith(\"__\")]\n        for error_code in error_codes:\n            error_info = getattr(ErrorCode, error_code)\n            if isinstance(error_info, list) and status in error_info:\n                exception_class = getattr(ExceptionMapping, error_code, WebDriverException)\n                break\n        else:\n            exception_class = WebDriverException\n    \n        if not value:\n            value = response[\"value\"]\n        if isinstance(value, str):\n            raise exception_class(value)\n        if message == \"\" and \"message\" in value:\n            message = value[\"message\"]\n    \n        screen = None  # type: ignore[assignment]\n        if \"screen\" in value:\n            screen = value[\"screen\"]\n    \n        stacktrace = None\n        st_value = value.get(\"stackTrace\") or value.get(\"stacktrace\")\n        if st_value:\n            if isinstance(st_value, str):\n                stacktrace = st_value.split(\"\\n\")\n            else:\n                stacktrace = []\n                try:\n                    for frame in st_value:\n                        line = frame.get(\"lineNumber\", \"\")\n                        file = frame.get(\"fileName\", \"<anonymous>\")\n                        if line:\n                            file = f\"{file}:{line}\"\n                        meth = frame.get(\"methodName\", \"<anonymous>\")\n                        if \"className\" in frame:\n                            meth = f\"{frame['className']}.{meth}\"\n                        msg = \"    at %s (%s)\"\n                        msg = msg % (meth, file)\n                        stacktrace.append(msg)\n                except TypeError:\n                    pass\n        if exception_class == UnexpectedAlertPresentException:\n            alert_text = None\n            if \"data\" in value:\n                alert_text = value[\"data\"].get(\"text\")\n            elif \"alert\" in value:\n                alert_text = value[\"alert\"].get(\"text\")\n            raise exception_class(message, screen, stacktrace, alert_text)  # type: ignore[call-arg]  # mypy is not smart enough here\n>       raise exception_class(message, screen, stacktrace)\nE       selenium.common.exceptions.MoveTargetOutOfBoundsException: Message: Move target (342, 698) is out of bounds of viewport dimensions (1280, 635)\nE       Stacktrace:\nE       RemoteError@chrome://remote/content/shared/RemoteError.sys.mjs:8:8\nE       WebDriverError@chrome://remote/content/shared/webdriver/Errors.sys.mjs:189:5\nE       MoveTargetOutOfBoundsError@chrome://remote/content/shared/webdriver/Errors.sys.mjs:475:5\nE       assertInViewPort@chrome://remote/content/shared/webdriver/Actions.sys.mjs:2307:11\nE       dispatch@chrome://remote/content/shared/webdriver/Actions.sys.mjs:1093:21\nE       dispatch/pendingEvents<@chrome://remote/content/shared/webdriver/Actions.sys.mjs:1976:14\nE       dispatch@chrome://remote/content/shared/webdriver/Actions.sys.mjs:1975:39\nE       dispatch/chainEvents<@chrome://remote/content/shared/webdriver/Actions.sys.mjs:1890:27\nE       dispatch@chrome://remote/content/shared/webdriver/Actions.sys.mjs:1892:7\nE       performActions@chrome://remote/content/marionette/actors/MarionetteCommandsChild.sys.mjs:501:23\nE       receiveMessage@chrome://remote/content/marionette/actors/MarionetteCommandsChild.sys.mjs:143:31\n\n../../../.cache/pypoetry/virtualenvs/testcapitalcom-cIj6ROMf-py3.11/lib/python3.11/site-packages/selenium/webdriver/remote/errorhandler.py:229: MoveTargetOutOfBoundsException","steps":[{"name":"Start test of button [Start trading] on Main banner","time":{"start":1701180839508,"stop":1701180862144,"duration":22636},"status":"broken","statusMessage":"selenium.common.exceptions.MoveTargetOutOfBoundsException: Message: Move target (342, 698) is out of bounds of viewport dimensions (1280, 635)\nStacktrace:\nRemoteError@chrome://remote/content/shared/RemoteError.sys.mjs:8:8\nWebDriverError@chrome://remote/content/shared/webdriver/Errors.sys.mjs:189:5\nMoveTargetOutOfBoundsError@chrome://remote/content/shared/webdriver/Errors.sys.mjs:475:5\nassertInViewPort@chrome://remote/content/shared/webdriver/Actions.sys.mjs:2307:11\ndispatch@chrome://remote/content/shared/webdriver/Actions.sys.mjs:1093:21\ndispatch/pendingEvents<@chrome://remote/content/shared/webdriver/Actions.sys.mjs:1976:14\ndispatch@chrome://remote/content/shared/webdriver/Actions.sys.mjs:1975:39\ndispatch/chainEvents<@chrome://remote/content/shared/webdriver/Actions.sys.mjs:1890:27\ndispatch@chrome://remote/content/shared/webdriver/Actions.sys.mjs:1892:7\nperformActions@chrome://remote/content/marionette/actors/MarionetteCommandsChild.sys.mjs:501:23\nreceiveMessage@chrome://remote/content/marionette/actors/MarionetteCommandsChild.sys.mjs:143:31\n\n","statusTrace":"  File \"/home/runner/.cache/pypoetry/virtualenvs/testcapitalcom-cIj6ROMf-py3.11/lib/python3.11/site-packages/allure_commons/_allure.py\", line 192, in impl\n    return func(*a, **kw)\n           ^^^^^^^^^^^^^^\n  File \"/home/runner/work/SeleniumCapital/SeleniumCapital/tests/US_11_Education/US_11-02-02_Shares_trading/US_11-02-02_Shares_trading_test.py\", line 66, in test_01_main_banner_start_trading_button\n    main_page_link = page_conditions.preconditions(\n                     ^^^^^^^^^^^^^^^^^^^^^^^^^^^^^^\n  File \"/home/runner/.cache/pypoetry/virtualenvs/testcapitalcom-cIj6ROMf-py3.11/lib/python3.11/site-packages/allure_commons/_allure.py\", line 192, in impl\n    return func(*a, **kw)\n           ^^^^^^^^^^^^^^\n  File \"/home/runner/work/SeleniumCapital/SeleniumCapital/pages/conditions.py\", line 134, in preconditions\n    page_menu.set_country(cur_country)\n  File \"/home/runner/.cache/pypoetry/virtualenvs/testcapitalcom-cIj6ROMf-py3.11/lib/python3.11/site-packages/allure_commons/_allure.py\", line 192, in impl\n    return func(*a, **kw)\n           ^^^^^^^^^^^^^^\n  File \"/home/runner/work/SeleniumCapital/SeleniumCapital/pages/Menu/menu.py\", line 847, in set_country\n    .perform()\n     ^^^^^^^^^\n  File \"/home/runner/.cache/pypoetry/virtualenvs/testcapitalcom-cIj6ROMf-py3.11/lib/python3.11/site-packages/selenium/webdriver/common/action_chains.py\", line 94, in perform\n    self.w3c_actions.perform()\n  File \"/home/runner/.cache/pypoetry/virtualenvs/testcapitalcom-cIj6ROMf-py3.11/lib/python3.11/site-packages/selenium/webdriver/common/actions/action_builder.py\", line 96, in perform\n    self.driver.execute(Command.W3C_ACTIONS, enc)\n  File \"/home/runner/.cache/pypoetry/virtualenvs/testcapitalcom-cIj6ROMf-py3.11/lib/python3.11/site-packages/selenium/webdriver/remote/webdriver.py\", line 346, in execute\n    self.error_handler.check_response(response)\n  File \"/home/runner/.cache/pypoetry/virtualenvs/testcapitalcom-cIj6ROMf-py3.11/lib/python3.11/site-packages/selenium/webdriver/remote/errorhandler.py\", line 229, in check_response\n    raise exception_class(message, screen, stacktrace)\n","steps":[{"name":"Set preconditions","time":{"start":1701180839511,"stop":1701180862143,"duration":22632},"status":"broken","statusMessage":"selenium.common.exceptions.MoveTargetOutOfBoundsException: Message: Move target (342, 698) is out of bounds of viewport dimensions (1280, 635)\nStacktrace:\nRemoteError@chrome://remote/content/shared/RemoteError.sys.mjs:8:8\nWebDriverError@chrome://remote/content/shared/webdriver/Errors.sys.mjs:189:5\nMoveTargetOutOfBoundsError@chrome://remote/content/shared/webdriver/Errors.sys.mjs:475:5\nassertInViewPort@chrome://remote/content/shared/webdriver/Actions.sys.mjs:2307:11\ndispatch@chrome://remote/content/shared/webdriver/Actions.sys.mjs:1093:21\ndispatch/pendingEvents<@chrome://remote/content/shared/webdriver/Actions.sys.mjs:1976:14\ndispatch@chrome://remote/content/shared/webdriver/Actions.sys.mjs:1975:39\ndispatch/chainEvents<@chrome://remote/content/shared/webdriver/Actions.sys.mjs:1890:27\ndispatch@chrome://remote/content/shared/webdriver/Actions.sys.mjs:1892:7\nperformActions@chrome://remote/content/marionette/actors/MarionetteCommandsChild.sys.mjs:501:23\nreceiveMessage@chrome://remote/content/marionette/actors/MarionetteCommandsChild.sys.mjs:143:31\n\n","statusTrace":"  File \"/home/runner/.cache/pypoetry/virtualenvs/testcapitalcom-cIj6ROMf-py3.11/lib/python3.11/site-packages/allure_commons/_allure.py\", line 192, in impl\n    return func(*a, **kw)\n           ^^^^^^^^^^^^^^\n  File \"/home/runner/work/SeleniumCapital/SeleniumCapital/pages/conditions.py\", line 134, in preconditions\n    page_menu.set_country(cur_country)\n  File \"/home/runner/.cache/pypoetry/virtualenvs/testcapitalcom-cIj6ROMf-py3.11/lib/python3.11/site-packages/allure_commons/_allure.py\", line 192, in impl\n    return func(*a, **kw)\n           ^^^^^^^^^^^^^^\n  File \"/home/runner/work/SeleniumCapital/SeleniumCapital/pages/Menu/menu.py\", line 847, in set_country\n    .perform()\n     ^^^^^^^^^\n  File \"/home/runner/.cache/pypoetry/virtualenvs/testcapitalcom-cIj6ROMf-py3.11/lib/python3.11/site-packages/selenium/webdriver/common/action_chains.py\", line 94, in perform\n    self.w3c_actions.perform()\n  File \"/home/runner/.cache/pypoetry/virtualenvs/testcapitalcom-cIj6ROMf-py3.11/lib/python3.11/site-packages/selenium/webdriver/common/actions/action_builder.py\", line 96, in perform\n    self.driver.execute(Command.W3C_ACTIONS, enc)\n  File \"/home/runner/.cache/pypoetry/virtualenvs/testcapitalcom-cIj6ROMf-py3.11/lib/python3.11/site-packages/selenium/webdriver/remote/webdriver.py\", line 346, in execute\n    self.error_handler.check_response(response)\n  File \"/home/runner/.cache/pypoetry/virtualenvs/testcapitalcom-cIj6ROMf-py3.11/lib/python3.11/site-packages/selenium/webdriver/remote/errorhandler.py\", line 229, in check_response\n    raise exception_class(message, screen, stacktrace)\n","steps":[{"name":"Accept all cookies","time":{"start":1701180845626,"stop":1701180850957,"duration":5331},"status":"passed","steps":[],"attachments":[],"parameters":[],"shouldDisplayMessage":false,"stepsCount":0,"attachmentsCount":0,"hasContent":false},{"name":"Authorisation","time":{"start":1701180850958,"stop":1701180855742,"duration":4784},"status":"passed","steps":[{"name":"Click [Log In] button","time":{"start":1701180850958,"stop":1701180851199,"duration":241},"status":"passed","steps":[],"attachments":[],"parameters":[],"shouldDisplayMessage":false,"stepsCount":0,"attachmentsCount":0,"hasContent":false},{"name":"Check if the Logo element is present on the page","time":{"start":1701180853155,"stop":1701180854877,"duration":1722},"status":"passed","steps":[],"attachments":[],"parameters":[],"shouldDisplayMessage":false,"stepsCount":0,"attachmentsCount":0,"hasContent":false}],"attachments":[],"parameters":[{"name":"d","value":"<selenium.webdriver.firefox.webdriver.WebDriver (session=\"d3179be1-c6fb-4209-a43c-b66871ab3e64\")>"},{"name":"link","value":"'https://capital.com'"},{"name":"login","value":"'aqa.tomelo.an@gmail.com'"},{"name":"password","value":"'iT9Vgqi6d$fiZ*Z'"}],"shouldDisplayMessage":false,"stepsCount":2,"attachmentsCount":0,"hasContent":true},{"name":"2023-11-28 14:12:38.910946.   Click 'Language and Country' menu section.","time":{"start":1701180855742,"stop":1701180857604,"duration":1862},"status":"passed","steps":[],"attachments":[],"parameters":[{"name":"test_language","value":"'fr'"}],"shouldDisplayMessage":false,"stepsCount":0,"attachmentsCount":0,"hasContent":true},{"name":"2023-11-28 14:12:38.911108.   Set language","time":{"start":1701180857604,"stop":1701180858414,"duration":810},"status":"passed","steps":[],"attachments":[],"parameters":[{"name":"cur_language","value":"'fr'"}],"shouldDisplayMessage":false,"stepsCount":0,"attachmentsCount":0,"hasContent":true},{"name":"2023-11-28 14:12:38.910946.   Click 'Language and Country' menu section.","time":{"start":1701180858415,"stop":1701180860254,"duration":1839},"status":"passed","steps":[],"attachments":[],"parameters":[{"name":"test_language","value":"'fr'"}],"shouldDisplayMessage":false,"stepsCount":0,"attachmentsCount":0,"hasContent":true},{"name":"2023-11-28 14:12:38.911114.   Set country","time":{"start":1701180860254,"stop":1701180862143,"duration":1889},"status":"broken","statusMessage":"selenium.common.exceptions.MoveTargetOutOfBoundsException: Message: Move target (342, 698) is out of bounds of viewport dimensions (1280, 635)\nStacktrace:\nRemoteError@chrome://remote/content/shared/RemoteError.sys.mjs:8:8\nWebDriverError@chrome://remote/content/shared/webdriver/Errors.sys.mjs:189:5\nMoveTargetOutOfBoundsError@chrome://remote/content/shared/webdriver/Errors.sys.mjs:475:5\nassertInViewPort@chrome://remote/content/shared/webdriver/Actions.sys.mjs:2307:11\ndispatch@chrome://remote/content/shared/webdriver/Actions.sys.mjs:1093:21\ndispatch/pendingEvents<@chrome://remote/content/shared/webdriver/Actions.sys.mjs:1976:14\ndispatch@chrome://remote/content/shared/webdriver/Actions.sys.mjs:1975:39\ndispatch/chainEvents<@chrome://remote/content/shared/webdriver/Actions.sys.mjs:1890:27\ndispatch@chrome://remote/content/shared/webdriver/Actions.sys.mjs:1892:7\nperformActions@chrome://remote/content/marionette/actors/MarionetteCommandsChild.sys.mjs:501:23\nreceiveMessage@chrome://remote/content/marionette/actors/MarionetteCommandsChild.sys.mjs:143:31\n\n","statusTrace":"  File \"/home/runner/.cache/pypoetry/virtualenvs/testcapitalcom-cIj6ROMf-py3.11/lib/python3.11/site-packages/allure_commons/_allure.py\", line 192, in impl\n    return func(*a, **kw)\n           ^^^^^^^^^^^^^^\n  File \"/home/runner/work/SeleniumCapital/SeleniumCapital/pages/Menu/menu.py\", line 847, in set_country\n    .perform()\n     ^^^^^^^^^\n  File \"/home/runner/.cache/pypoetry/virtualenvs/testcapitalcom-cIj6ROMf-py3.11/lib/python3.11/site-packages/selenium/webdriver/common/action_chains.py\", line 94, in perform\n    self.w3c_actions.perform()\n  File \"/home/runner/.cache/pypoetry/virtualenvs/testcapitalcom-cIj6ROMf-py3.11/lib/python3.11/site-packages/selenium/webdriver/common/actions/action_builder.py\", line 96, in perform\n    self.driver.execute(Command.W3C_ACTIONS, enc)\n  File \"/home/runner/.cache/pypoetry/virtualenvs/testcapitalcom-cIj6ROMf-py3.11/lib/python3.11/site-packages/selenium/webdriver/remote/webdriver.py\", line 346, in execute\n    self.error_handler.check_response(response)\n  File \"/home/runner/.cache/pypoetry/virtualenvs/testcapitalcom-cIj6ROMf-py3.11/lib/python3.11/site-packages/selenium/webdriver/remote/errorhandler.py\", line 229, in check_response\n    raise exception_class(message, screen, stacktrace)\n","steps":[],"attachments":[],"parameters":[{"name":"cur_country","value":"'au'"}],"shouldDisplayMessage":true,"stepsCount":0,"attachmentsCount":0,"hasContent":true}],"attachments":[],"parameters":[{"name":"d","value":"<selenium.webdriver.firefox.webdriver.WebDriver (session=\"d3179be1-c6fb-4209-a43c-b66871ab3e64\")>"},{"name":"host","value":"'https://capital.com'"},{"name":"end_point","value":"''"},{"name":"cur_language","value":"'fr'"},{"name":"cur_country","value":"'au'"},{"name":"cur_role","value":"'Auth'"},{"name":"cur_login","value":"'aqa.tomelo.an@gmail.com'"},{"name":"cur_password","value":"'iT9Vgqi6d$fiZ*Z'"}],"shouldDisplayMessage":false,"stepsCount":8,"attachmentsCount":0,"hasContent":true}],"attachments":[],"parameters":[{"name":"worker_id","value":"'master'"},{"name":"d","value":"<selenium.webdriver.firefox.webdriver.WebDriver (session=\"d3179be1-c6fb-4209-a43c-b66871ab3e64\")>"},{"name":"cur_language","value":"'fr'"},{"name":"cur_country","value":"'au'"},{"name":"cur_role","value":"'Auth'"},{"name":"cur_login","value":"'aqa.tomelo.an@gmail.com'"},{"name":"cur_password","value":"'iT9Vgqi6d$fiZ*Z'"}],"shouldDisplayMessage":false,"stepsCount":9,"attachmentsCount":0,"hasContent":true}],"attachments":[{"uid":"faa80593fb538df","name":"Screenshot","source":"faa80593fb538df.png","type":"image/png","size":1828214},{"uid":"f6c92734450943fb","name":"stdout","source":"f6c92734450943fb.txt","type":"text/plain","size":3368}],"parameters":[],"shouldDisplayMessage":true,"stepsCount":10,"attachmentsCount":2,"hasContent":true},"afterStages":[{"name":"go::0","time":{"start":1701181002091,"stop":1701181002441,"duration":350},"status":"passed","steps":[],"attachments":[],"parameters":[],"shouldDisplayMessage":false,"stepsCount":0,"attachmentsCount":0,"hasContent":false}],"labels":[{"name":"epic","value":"Language: fr / US_11.02.02 | Educations > Menu item [Shares trading]"},{"name":"feature","value":"Country: au / Role: Auth / TS_11.02.02 | Educations > Menu item [Shares trading]"},{"name":"story","value":"TC_11.02.02.00_01 | Testing button [Start Trading] on Main banner"},{"name":"tag","value":"us_11_02_02"},{"name":"parentSuite","value":"tests.US_11_Education.US_11-02-02_Shares_trading"},{"name":"suite","value":"US_11-02-02_Shares_trading_test"},{"name":"subSuite","value":"TestSharesTrading"},{"name":"host","value":"fv-az1040-916"},{"name":"thread","value":"3070-MainThread"},{"name":"framework","value":"pytest"},{"name":"language","value":"cpython3"},{"name":"package","value":"tests.US_11_Education.US_11-02-02_Shares_trading.US_11-02-02_Shares_trading_test"},{"name":"resultFormat","value":"allure2"}],"parameters":[{"name":"cur_country","value":"'au'"},{"name":"cur_language","value":"'fr'"},{"name":"cur_login","value":"'aqa.tomelo.an@gmail.com'"},{"name":"cur_password","value":"'iT9Vgqi6d$fiZ*Z'"},{"name":"cur_role","value":"'Auth'"},{"name":"go","value":"'firefox'"}],"links":[],"hidden":false,"retry":false,"extra":{"severity":"normal","retries":[],"categories":[{"name":"Test defects","matchedStatuses":[],"flaky":false}],"tags":["us_11_02_02"]},"source":"bb77de88f17d31cf.json","parameterValues":["'au'","'fr'","'aqa.tomelo.an@gmail.com'","'iT9Vgqi6d$fiZ*Z'","'Auth'","'firefox'"]}