{"uid":"dbb315b26d8360ee","name":"TC_11.02.02.01_09 with parameters: de, ae, Auth","fullName":"tests.US_11_Education.US_11-02-02_Shares_trading.US_11-02-02-01_Shares_trading_test.TestSharesTradingItems#test_09_block_hor_banner_button","historyId":"9b67a96860a43b072dd0cf62ab5ffcbf","time":{"start":1702301750858,"stop":1702301783650,"duration":32792},"description":"\n        Check the [Button] on the Horizontal banner at the bottom of the page.\n        For \"Authorized user\" role:\n        The trading platform page is opened depend on the banner [type-id]:\n                Live mode if the banner in the Live mode banners list\n                Demo mode if the banner in the Demo mode banners list\n        ","descriptionHtml":"<pre><code>    Check the [Button] on the Horizontal banner at the bottom of the page.\n    For &quot;Authorized user&quot; role:\n    The trading platform page is opened depend on the banner [type-id]:\n            Live mode if the banner in the Live mode banners list\n            Demo mode if the banner in the Demo mode banners list\n</code></pre>\n","status":"broken","statusMessage":"selenium.common.exceptions.WebDriverException: Message: no such execution context\n  (Session info: chrome=120.0.6099.63)\nStacktrace:\n\tGetHandleVerifier [0x00F86E73+174291]\n\t(No symbol) [0x00EB0AC1]\n\t(No symbol) [0x00BC6E8A]\n\t(No symbol) [0x00BBA05C]\n\t(No symbol) [0x00BB8983]\n\t(No symbol) [0x00BB8EFD]\n\t(No symbol) [0x00BC2807]\n\t(No symbol) [0x00BCF4F4]\n\t(No symbol) [0x00BD2676]\n\t(No symbol) [0x00BB93BB]\n\t(No symbol) [0x00BCF22D]\n\t(No symbol) [0x00C2A2D5]\n\t(No symbol) [0x00C16DA6]\n\t(No symbol) [0x00BF1034]\n\t(No symbol) [0x00BF1F8D]\n\tGetHandleVerifier [0x010249CC+820268]\n\tsqlite3_dbdata_init [0x010E4EBE+652494]\n\tsqlite3_dbdata_init [0x010E48D9+650985]\n\tsqlite3_dbdata_init [0x010D962C+605244]\n\tsqlite3_dbdata_init [0x010E586B+654971]\n\t(No symbol) [0x00EBFEBC]\n\t(No symbol) [0x00EB8428]\n\t(No symbol) [0x00EB854D]\n\t(No symbol) [0x00EA5858]\n\tBaseThreadInitThunk [0x756C6A39+25]\n\tRtlGetFullPathName_UEx [0x77437F8D+173]\n\tRtlGetFullPathName_UEx [0x77437F5B+123]","statusTrace":"self = <US_11-02-02-01_Shares_trading_test.TestSharesTradingItems object at 0x0000023F8C1DC390>\nworker_id = 'master'\nd = <selenium.webdriver.chrome.webdriver.WebDriver (session=\"6587772a3d7b6b3d45d551d67dace8ef\")>\ncur_language = 'de', cur_country = 'ae', cur_role = 'Auth'\ncur_login = 'aqa.tomelo.an@gmail.com', cur_password = 'iT9Vgqi6d$fiZ*Z'\ncur_item_link = 'https://capital.com/de/trade-uber'\n\n    @allure.step(\"Start test of button in block [Horizontal banner]\")\n    # @pytest.mark.skip(reason=\"Skipped for debugging\")\n    def test_09_block_hor_banner_button(\n            self, worker_id, d, cur_language, cur_country, cur_role, cur_login, cur_password,\n            cur_item_link):\n        \"\"\"\n        Check the [Button] on the Horizontal banner at the bottom of the page.\n        For \"Authorized user\" role:\n        The trading platform page is opened depend on the banner [type-id]:\n                Live mode if the banner in the Live mode banners list\n                Demo mode if the banner in the Demo mode banners list\n        \"\"\"\n    \n        print(f\"\\n{datetime.now()}   Работает obj {self} с именем TC_11.02.02.01_09\")\n        build_dynamic_arg_v3(self, d, worker_id, cur_language, cur_country, cur_role,\n                             \"11.02.02\", \"Educations > Menu item [Shares trading]\",\n                             \".01_09\", \"Testing button in block [Horizontal banner]\")\n    \n        check_language(cur_language)\n        if cur_language in [\"\", \"ar\", \"cn\"]:\n            Common().skip_test_for_language(cur_language)\n    \n        page_conditions = Conditions(d, \"\")\n        page_conditions.preconditions(\n            d, CapitalComPageSrc.URL, \"\", cur_language, cur_country, cur_role, cur_login, cur_password)\n    \n        # банеры должны открываться в Demo mode for US_00\n        banner00_hor_tpd = []\n        # банеры должны открываться в Live mode for US_00\n        banner00_hor_tp = []\n        # банеры должны открываться в Demo mode for US_01\n        banner01_hor_tpd = ['199', '294']\n        # банеры должны открываться в Live mode for US_01\n        banner01_hor_tp = ['169', '223', '254', '379', '392', '430']\n    \n        test_element = ButtonOnHorizontalBanner(d, cur_item_link)\n>       test_element.full_test_with_tpi(d, cur_language, cur_country, cur_role, cur_item_link,\n                                        banner00_hor_tpd, banner00_hor_tp, banner01_hor_tpd, banner01_hor_tp)\n\ntests\\US_11_Education\\US_11-02-02_Shares_trading\\US_11-02-02-01_Shares_trading_test.py:309: \n_ _ _ _ _ _ _ _ _ _ _ _ _ _ _ _ _ _ _ _ _ _ _ _ _ _ _ _ _ _ _ _ _ _ _ _ _ _ _ _\npages\\Elements\\ButtonOnHorizontalBanner.py:49: in full_test_with_tpi\n    test_element.assert_trading_platform_v4(d, link, tpd)\npages\\Elements\\AssertClass.py:106: in assert_trading_platform_v4\n    self.page_trading.should_be_trading_platform_page_v4(d, cur_link, tpd, tpi, trade_instrument)\npages\\Capital\\Trading_platform\\trading_platform.py:94: in should_be_trading_platform_page_v4\n    cur_url = self.browser.current_url\nC:\\Users\\runneradmin\\AppData\\Local\\pypoetry\\Cache\\virtualenvs\\testcapitalcom-08IAlZho-py3.11\\Lib\\site-packages\\selenium\\webdriver\\remote\\webdriver.py:438: in current_url\n    return self.execute(Command.GET_CURRENT_URL)[\"value\"]\nC:\\Users\\runneradmin\\AppData\\Local\\pypoetry\\Cache\\virtualenvs\\testcapitalcom-08IAlZho-py3.11\\Lib\\site-packages\\selenium\\webdriver\\remote\\webdriver.py:348: in execute\n    self.error_handler.check_response(response)\n_ _ _ _ _ _ _ _ _ _ _ _ _ _ _ _ _ _ _ _ _ _ _ _ _ _ _ _ _ _ _ _ _ _ _ _ _ _ _ _\n\nself = <selenium.webdriver.remote.errorhandler.ErrorHandler object at 0x0000023F88D5A150>\nresponse = {'status': 400, 'value': '{\"value\":{\"error\":\"no such execution context\",\"message\":\"no such execution context\\\\n  (Sess...Thunk [0x756C6A39+25]\\\\n\\\\tRtlGetFullPathName_UEx [0x77437F8D+173]\\\\n\\\\tRtlGetFullPathName_UEx [0x77437F5B+123]\\\\n\"}}'}\n\n    def check_response(self, response: Dict[str, Any]) -> None:\n        \"\"\"Checks that a JSON response from the WebDriver does not have an\n        error.\n    \n        :Args:\n         - response - The JSON response from the WebDriver server as a dictionary\n           object.\n    \n        :Raises: If the response contains an error message.\n        \"\"\"\n        status = response.get(\"status\", None)\n        if not status or status == ErrorCode.SUCCESS:\n            return\n        value = None\n        message = response.get(\"message\", \"\")\n        screen: str = response.get(\"screen\", \"\")\n        stacktrace = None\n        if isinstance(status, int):\n            value_json = response.get(\"value\", None)\n            if value_json and isinstance(value_json, str):\n                import json\n    \n                try:\n                    value = json.loads(value_json)\n                    if len(value) == 1:\n                        value = value[\"value\"]\n                    status = value.get(\"error\", None)\n                    if not status:\n                        status = value.get(\"status\", ErrorCode.UNKNOWN_ERROR)\n                        message = value.get(\"value\") or value.get(\"message\")\n                        if not isinstance(message, str):\n                            value = message\n                            message = message.get(\"message\")\n                    else:\n                        message = value.get(\"message\", None)\n                except ValueError:\n                    pass\n    \n        exception_class: Type[WebDriverException]\n        e = ErrorCode()\n        error_codes = [item for item in dir(e) if not item.startswith(\"__\")]\n        for error_code in error_codes:\n            error_info = getattr(ErrorCode, error_code)\n            if isinstance(error_info, list) and status in error_info:\n                exception_class = getattr(ExceptionMapping, error_code, WebDriverException)\n                break\n        else:\n            exception_class = WebDriverException\n    \n        if not value:\n            value = response[\"value\"]\n        if isinstance(value, str):\n            raise exception_class(value)\n        if message == \"\" and \"message\" in value:\n            message = value[\"message\"]\n    \n        screen = None  # type: ignore[assignment]\n        if \"screen\" in value:\n            screen = value[\"screen\"]\n    \n        stacktrace = None\n        st_value = value.get(\"stackTrace\") or value.get(\"stacktrace\")\n        if st_value:\n            if isinstance(st_value, str):\n                stacktrace = st_value.split(\"\\n\")\n            else:\n                stacktrace = []\n                try:\n                    for frame in st_value:\n                        line = frame.get(\"lineNumber\", \"\")\n                        file = frame.get(\"fileName\", \"<anonymous>\")\n                        if line:\n                            file = f\"{file}:{line}\"\n                        meth = frame.get(\"methodName\", \"<anonymous>\")\n                        if \"className\" in frame:\n                            meth = f\"{frame['className']}.{meth}\"\n                        msg = \"    at %s (%s)\"\n                        msg = msg % (meth, file)\n                        stacktrace.append(msg)\n                except TypeError:\n                    pass\n        if exception_class == UnexpectedAlertPresentException:\n            alert_text = None\n            if \"data\" in value:\n                alert_text = value[\"data\"].get(\"text\")\n            elif \"alert\" in value:\n                alert_text = value[\"alert\"].get(\"text\")\n            raise exception_class(message, screen, stacktrace, alert_text)  # type: ignore[call-arg]  # mypy is not smart enough here\n>       raise exception_class(message, screen, stacktrace)\nE       selenium.common.exceptions.WebDriverException: Message: no such execution context\nE         (Session info: chrome=120.0.6099.63)\nE       Stacktrace:\nE       \tGetHandleVerifier [0x00F86E73+174291]\nE       \t(No symbol) [0x00EB0AC1]\nE       \t(No symbol) [0x00BC6E8A]\nE       \t(No symbol) [0x00BBA05C]\nE       \t(No symbol) [0x00BB8983]\nE       \t(No symbol) [0x00BB8EFD]\nE       \t(No symbol) [0x00BC2807]\nE       \t(No symbol) [0x00BCF4F4]\nE       \t(No symbol) [0x00BD2676]\nE       \t(No symbol) [0x00BB93BB]\nE       \t(No symbol) [0x00BCF22D]\nE       \t(No symbol) [0x00C2A2D5]\nE       \t(No symbol) [0x00C16DA6]\nE       \t(No symbol) [0x00BF1034]\nE       \t(No symbol) [0x00BF1F8D]\nE       \tGetHandleVerifier [0x010249CC+820268]\nE       \tsqlite3_dbdata_init [0x010E4EBE+652494]\nE       \tsqlite3_dbdata_init [0x010E48D9+650985]\nE       \tsqlite3_dbdata_init [0x010D962C+605244]\nE       \tsqlite3_dbdata_init [0x010E586B+654971]\nE       \t(No symbol) [0x00EBFEBC]\nE       \t(No symbol) [0x00EB8428]\nE       \t(No symbol) [0x00EB854D]\nE       \t(No symbol) [0x00EA5858]\nE       \tBaseThreadInitThunk [0x756C6A39+25]\nE       \tRtlGetFullPathName_UEx [0x77437F8D+173]\nE       \tRtlGetFullPathName_UEx [0x77437F5B+123]\n\nC:\\Users\\runneradmin\\AppData\\Local\\pypoetry\\Cache\\virtualenvs\\testcapitalcom-08IAlZho-py3.11\\Lib\\site-packages\\selenium\\webdriver\\remote\\errorhandler.py:229: WebDriverException","flaky":false,"newFailed":false,"newBroken":false,"newPassed":false,"retriesCount":0,"retriesStatusChange":false,"beforeStages":[{"name":"worker_id","time":{"start":1702297714834,"stop":1702297714834,"duration":0},"status":"passed","steps":[],"attachments":[],"parameters":[],"shouldDisplayMessage":false,"stepsCount":0,"attachmentsCount":0,"hasContent":false,"attachmentStep":false},{"name":"d","time":{"start":1702297714834,"stop":1702297716936,"duration":2102},"status":"passed","steps":[],"attachments":[],"parameters":[],"shouldDisplayMessage":false,"stepsCount":0,"attachmentsCount":0,"hasContent":false,"attachmentStep":false},{"name":"go","time":{"start":1702297716936,"stop":1702297716936,"duration":0},"status":"passed","steps":[],"attachments":[],"parameters":[],"shouldDisplayMessage":false,"stepsCount":0,"attachmentsCount":0,"hasContent":false,"attachmentStep":false},{"name":"cur_language","time":{"start":1702297716936,"stop":1702297716936,"duration":0},"status":"passed","steps":[],"attachments":[],"parameters":[],"shouldDisplayMessage":false,"stepsCount":0,"attachmentsCount":0,"hasContent":false,"attachmentStep":false},{"name":"cur_login","time":{"start":1702297716936,"stop":1702297716936,"duration":0},"status":"passed","steps":[],"attachments":[],"parameters":[],"shouldDisplayMessage":false,"stepsCount":0,"attachmentsCount":0,"hasContent":false,"attachmentStep":false},{"name":"cur_password","time":{"start":1702297716951,"stop":1702297716951,"duration":0},"status":"passed","steps":[],"attachments":[],"parameters":[],"shouldDisplayMessage":false,"stepsCount":0,"attachmentsCount":0,"hasContent":false,"attachmentStep":false},{"name":"cur_country","time":{"start":1702300650884,"stop":1702300650884,"duration":0},"status":"passed","steps":[],"attachments":[],"parameters":[],"shouldDisplayMessage":false,"stepsCount":0,"attachmentsCount":0,"hasContent":false,"attachmentStep":false},{"name":"cur_role","time":{"start":1702301492126,"stop":1702301492126,"duration":0},"status":"passed","steps":[],"attachments":[],"parameters":[],"shouldDisplayMessage":false,"stepsCount":0,"attachmentsCount":0,"hasContent":false,"attachmentStep":false}],"testStage":{"description":"\n        Check the [Button] on the Horizontal banner at the bottom of the page.\n        For \"Authorized user\" role:\n        The trading platform page is opened depend on the banner [type-id]:\n                Live mode if the banner in the Live mode banners list\n                Demo mode if the banner in the Demo mode banners list\n        ","status":"broken","statusMessage":"selenium.common.exceptions.WebDriverException: Message: no such execution context\n  (Session info: chrome=120.0.6099.63)\nStacktrace:\n\tGetHandleVerifier [0x00F86E73+174291]\n\t(No symbol) [0x00EB0AC1]\n\t(No symbol) [0x00BC6E8A]\n\t(No symbol) [0x00BBA05C]\n\t(No symbol) [0x00BB8983]\n\t(No symbol) [0x00BB8EFD]\n\t(No symbol) [0x00BC2807]\n\t(No symbol) [0x00BCF4F4]\n\t(No symbol) [0x00BD2676]\n\t(No symbol) [0x00BB93BB]\n\t(No symbol) [0x00BCF22D]\n\t(No symbol) [0x00C2A2D5]\n\t(No symbol) [0x00C16DA6]\n\t(No symbol) [0x00BF1034]\n\t(No symbol) [0x00BF1F8D]\n\tGetHandleVerifier [0x010249CC+820268]\n\tsqlite3_dbdata_init [0x010E4EBE+652494]\n\tsqlite3_dbdata_init [0x010E48D9+650985]\n\tsqlite3_dbdata_init [0x010D962C+605244]\n\tsqlite3_dbdata_init [0x010E586B+654971]\n\t(No symbol) [0x00EBFEBC]\n\t(No symbol) [0x00EB8428]\n\t(No symbol) [0x00EB854D]\n\t(No symbol) [0x00EA5858]\n\tBaseThreadInitThunk [0x756C6A39+25]\n\tRtlGetFullPathName_UEx [0x77437F8D+173]\n\tRtlGetFullPathName_UEx [0x77437F5B+123]","statusTrace":"self = <US_11-02-02-01_Shares_trading_test.TestSharesTradingItems object at 0x0000023F8C1DC390>\nworker_id = 'master'\nd = <selenium.webdriver.chrome.webdriver.WebDriver (session=\"6587772a3d7b6b3d45d551d67dace8ef\")>\ncur_language = 'de', cur_country = 'ae', cur_role = 'Auth'\ncur_login = 'aqa.tomelo.an@gmail.com', cur_password = 'iT9Vgqi6d$fiZ*Z'\ncur_item_link = 'https://capital.com/de/trade-uber'\n\n    @allure.step(\"Start test of button in block [Horizontal banner]\")\n    # @pytest.mark.skip(reason=\"Skipped for debugging\")\n    def test_09_block_hor_banner_button(\n            self, worker_id, d, cur_language, cur_country, cur_role, cur_login, cur_password,\n            cur_item_link):\n        \"\"\"\n        Check the [Button] on the Horizontal banner at the bottom of the page.\n        For \"Authorized user\" role:\n        The trading platform page is opened depend on the banner [type-id]:\n                Live mode if the banner in the Live mode banners list\n                Demo mode if the banner in the Demo mode banners list\n        \"\"\"\n    \n        print(f\"\\n{datetime.now()}   Работает obj {self} с именем TC_11.02.02.01_09\")\n        build_dynamic_arg_v3(self, d, worker_id, cur_language, cur_country, cur_role,\n                             \"11.02.02\", \"Educations > Menu item [Shares trading]\",\n                             \".01_09\", \"Testing button in block [Horizontal banner]\")\n    \n        check_language(cur_language)\n        if cur_language in [\"\", \"ar\", \"cn\"]:\n            Common().skip_test_for_language(cur_language)\n    \n        page_conditions = Conditions(d, \"\")\n        page_conditions.preconditions(\n            d, CapitalComPageSrc.URL, \"\", cur_language, cur_country, cur_role, cur_login, cur_password)\n    \n        # банеры должны открываться в Demo mode for US_00\n        banner00_hor_tpd = []\n        # банеры должны открываться в Live mode for US_00\n        banner00_hor_tp = []\n        # банеры должны открываться в Demo mode for US_01\n        banner01_hor_tpd = ['199', '294']\n        # банеры должны открываться в Live mode for US_01\n        banner01_hor_tp = ['169', '223', '254', '379', '392', '430']\n    \n        test_element = ButtonOnHorizontalBanner(d, cur_item_link)\n>       test_element.full_test_with_tpi(d, cur_language, cur_country, cur_role, cur_item_link,\n                                        banner00_hor_tpd, banner00_hor_tp, banner01_hor_tpd, banner01_hor_tp)\n\ntests\\US_11_Education\\US_11-02-02_Shares_trading\\US_11-02-02-01_Shares_trading_test.py:309: \n_ _ _ _ _ _ _ _ _ _ _ _ _ _ _ _ _ _ _ _ _ _ _ _ _ _ _ _ _ _ _ _ _ _ _ _ _ _ _ _\npages\\Elements\\ButtonOnHorizontalBanner.py:49: in full_test_with_tpi\n    test_element.assert_trading_platform_v4(d, link, tpd)\npages\\Elements\\AssertClass.py:106: in assert_trading_platform_v4\n    self.page_trading.should_be_trading_platform_page_v4(d, cur_link, tpd, tpi, trade_instrument)\npages\\Capital\\Trading_platform\\trading_platform.py:94: in should_be_trading_platform_page_v4\n    cur_url = self.browser.current_url\nC:\\Users\\runneradmin\\AppData\\Local\\pypoetry\\Cache\\virtualenvs\\testcapitalcom-08IAlZho-py3.11\\Lib\\site-packages\\selenium\\webdriver\\remote\\webdriver.py:438: in current_url\n    return self.execute(Command.GET_CURRENT_URL)[\"value\"]\nC:\\Users\\runneradmin\\AppData\\Local\\pypoetry\\Cache\\virtualenvs\\testcapitalcom-08IAlZho-py3.11\\Lib\\site-packages\\selenium\\webdriver\\remote\\webdriver.py:348: in execute\n    self.error_handler.check_response(response)\n_ _ _ _ _ _ _ _ _ _ _ _ _ _ _ _ _ _ _ _ _ _ _ _ _ _ _ _ _ _ _ _ _ _ _ _ _ _ _ _\n\nself = <selenium.webdriver.remote.errorhandler.ErrorHandler object at 0x0000023F88D5A150>\nresponse = {'status': 400, 'value': '{\"value\":{\"error\":\"no such execution context\",\"message\":\"no such execution context\\\\n  (Sess...Thunk [0x756C6A39+25]\\\\n\\\\tRtlGetFullPathName_UEx [0x77437F8D+173]\\\\n\\\\tRtlGetFullPathName_UEx [0x77437F5B+123]\\\\n\"}}'}\n\n    def check_response(self, response: Dict[str, Any]) -> None:\n        \"\"\"Checks that a JSON response from the WebDriver does not have an\n        error.\n    \n        :Args:\n         - response - The JSON response from the WebDriver server as a dictionary\n           object.\n    \n        :Raises: If the response contains an error message.\n        \"\"\"\n        status = response.get(\"status\", None)\n        if not status or status == ErrorCode.SUCCESS:\n            return\n        value = None\n        message = response.get(\"message\", \"\")\n        screen: str = response.get(\"screen\", \"\")\n        stacktrace = None\n        if isinstance(status, int):\n            value_json = response.get(\"value\", None)\n            if value_json and isinstance(value_json, str):\n                import json\n    \n                try:\n                    value = json.loads(value_json)\n                    if len(value) == 1:\n                        value = value[\"value\"]\n                    status = value.get(\"error\", None)\n                    if not status:\n                        status = value.get(\"status\", ErrorCode.UNKNOWN_ERROR)\n                        message = value.get(\"value\") or value.get(\"message\")\n                        if not isinstance(message, str):\n                            value = message\n                            message = message.get(\"message\")\n                    else:\n                        message = value.get(\"message\", None)\n                except ValueError:\n                    pass\n    \n        exception_class: Type[WebDriverException]\n        e = ErrorCode()\n        error_codes = [item for item in dir(e) if not item.startswith(\"__\")]\n        for error_code in error_codes:\n            error_info = getattr(ErrorCode, error_code)\n            if isinstance(error_info, list) and status in error_info:\n                exception_class = getattr(ExceptionMapping, error_code, WebDriverException)\n                break\n        else:\n            exception_class = WebDriverException\n    \n        if not value:\n            value = response[\"value\"]\n        if isinstance(value, str):\n            raise exception_class(value)\n        if message == \"\" and \"message\" in value:\n            message = value[\"message\"]\n    \n        screen = None  # type: ignore[assignment]\n        if \"screen\" in value:\n            screen = value[\"screen\"]\n    \n        stacktrace = None\n        st_value = value.get(\"stackTrace\") or value.get(\"stacktrace\")\n        if st_value:\n            if isinstance(st_value, str):\n                stacktrace = st_value.split(\"\\n\")\n            else:\n                stacktrace = []\n                try:\n                    for frame in st_value:\n                        line = frame.get(\"lineNumber\", \"\")\n                        file = frame.get(\"fileName\", \"<anonymous>\")\n                        if line:\n                            file = f\"{file}:{line}\"\n                        meth = frame.get(\"methodName\", \"<anonymous>\")\n                        if \"className\" in frame:\n                            meth = f\"{frame['className']}.{meth}\"\n                        msg = \"    at %s (%s)\"\n                        msg = msg % (meth, file)\n                        stacktrace.append(msg)\n                except TypeError:\n                    pass\n        if exception_class == UnexpectedAlertPresentException:\n            alert_text = None\n            if \"data\" in value:\n                alert_text = value[\"data\"].get(\"text\")\n            elif \"alert\" in value:\n                alert_text = value[\"alert\"].get(\"text\")\n            raise exception_class(message, screen, stacktrace, alert_text)  # type: ignore[call-arg]  # mypy is not smart enough here\n>       raise exception_class(message, screen, stacktrace)\nE       selenium.common.exceptions.WebDriverException: Message: no such execution context\nE         (Session info: chrome=120.0.6099.63)\nE       Stacktrace:\nE       \tGetHandleVerifier [0x00F86E73+174291]\nE       \t(No symbol) [0x00EB0AC1]\nE       \t(No symbol) [0x00BC6E8A]\nE       \t(No symbol) [0x00BBA05C]\nE       \t(No symbol) [0x00BB8983]\nE       \t(No symbol) [0x00BB8EFD]\nE       \t(No symbol) [0x00BC2807]\nE       \t(No symbol) [0x00BCF4F4]\nE       \t(No symbol) [0x00BD2676]\nE       \t(No symbol) [0x00BB93BB]\nE       \t(No symbol) [0x00BCF22D]\nE       \t(No symbol) [0x00C2A2D5]\nE       \t(No symbol) [0x00C16DA6]\nE       \t(No symbol) [0x00BF1034]\nE       \t(No symbol) [0x00BF1F8D]\nE       \tGetHandleVerifier [0x010249CC+820268]\nE       \tsqlite3_dbdata_init [0x010E4EBE+652494]\nE       \tsqlite3_dbdata_init [0x010E48D9+650985]\nE       \tsqlite3_dbdata_init [0x010D962C+605244]\nE       \tsqlite3_dbdata_init [0x010E586B+654971]\nE       \t(No symbol) [0x00EBFEBC]\nE       \t(No symbol) [0x00EB8428]\nE       \t(No symbol) [0x00EB854D]\nE       \t(No symbol) [0x00EA5858]\nE       \tBaseThreadInitThunk [0x756C6A39+25]\nE       \tRtlGetFullPathName_UEx [0x77437F8D+173]\nE       \tRtlGetFullPathName_UEx [0x77437F5B+123]\n\nC:\\Users\\runneradmin\\AppData\\Local\\pypoetry\\Cache\\virtualenvs\\testcapitalcom-08IAlZho-py3.11\\Lib\\site-packages\\selenium\\webdriver\\remote\\errorhandler.py:229: WebDriverException","steps":[{"name":"Start test of button in block [Horizontal banner]","time":{"start":1702301750858,"stop":1702301783649,"duration":32791},"status":"broken","statusMessage":"selenium.common.exceptions.WebDriverException: Message: no such execution context\n  (Session info: chrome=120.0.6099.63)\nStacktrace:\n\tGetHandleVerifier [0x00F86E73+174291]\n\t(No symbol) [0x00EB0AC1]\n\t(No symbol) [0x00BC6E8A]\n\t(No symbol) [0x00BBA05C]\n\t(No symbol) [0x00BB8983]\n\t(No symbol) [0x00BB8EFD]\n\t(No symbol) [0x00BC2807]\n\t(No symbol) [0x00BCF4F4]\n\t(No symbol) [0x00BD2676]\n\t(No symbol) [0x00BB93BB]\n\t(No symbol) [0x00BCF22D]\n\t(No symbol) [0x00C2A2D5]\n\t(No symbol) [0x00C16DA6]\n\t(No symbol) [0x00BF1034]\n\t(No symbol) [0x00BF1F8D]\n\tGetHandleVerifier [0x010249CC+820268]\n\tsqlite3_dbdata_init [0x010E4EBE+652494]\n\tsqlite3_dbdata_init [0x010E48D9+650985]\n\tsqlite3_dbdata_init [0x010D962C+605244]\n\tsqlite3_dbdata_init [0x010E586B+654971]\n\t(No symbol) [0x00EBFEBC]\n\t(No symbol) [0x00EB8428]\n\t(No symbol) [0x00EB854D]\n\t(No symbol) [0x00EA5858]\n\tBaseThreadInitThunk [0x756C6A39+25]\n\tRtlGetFullPathName_UEx [0x77437F8D+173]\n\tRtlGetFullPathName_UEx [0x77437F5B+123]\n\n","statusTrace":"  File \"C:\\Users\\runneradmin\\AppData\\Local\\pypoetry\\Cache\\virtualenvs\\testcapitalcom-08IAlZho-py3.11\\Lib\\site-packages\\allure_commons\\_allure.py\", line 192, in impl\n    return func(*a, **kw)\n           ^^^^^^^^^^^^^^\n  File \"D:\\a\\SeleniumCapital\\SeleniumCapital\\tests\\US_11_Education\\US_11-02-02_Shares_trading\\US_11-02-02-01_Shares_trading_test.py\", line 309, in test_09_block_hor_banner_button\n    test_element.full_test_with_tpi(d, cur_language, cur_country, cur_role, cur_item_link,\n  File \"D:\\a\\SeleniumCapital\\SeleniumCapital\\pages\\Elements\\ButtonOnHorizontalBanner.py\", line 49, in full_test_with_tpi\n    test_element.assert_trading_platform_v4(d, link, tpd)\n  File \"C:\\Users\\runneradmin\\AppData\\Local\\pypoetry\\Cache\\virtualenvs\\testcapitalcom-08IAlZho-py3.11\\Lib\\site-packages\\allure_commons\\_allure.py\", line 192, in impl\n    return func(*a, **kw)\n           ^^^^^^^^^^^^^^\n  File \"D:\\a\\SeleniumCapital\\SeleniumCapital\\pages\\Elements\\AssertClass.py\", line 106, in assert_trading_platform_v4\n    self.page_trading.should_be_trading_platform_page_v4(d, cur_link, tpd, tpi, trade_instrument)\n  File \"C:\\Users\\runneradmin\\AppData\\Local\\pypoetry\\Cache\\virtualenvs\\testcapitalcom-08IAlZho-py3.11\\Lib\\site-packages\\allure_commons\\_allure.py\", line 192, in impl\n    return func(*a, **kw)\n           ^^^^^^^^^^^^^^\n  File \"D:\\a\\SeleniumCapital\\SeleniumCapital\\pages\\Capital\\Trading_platform\\trading_platform.py\", line 94, in should_be_trading_platform_page_v4\n    cur_url = self.browser.current_url\n              ^^^^^^^^^^^^^^^^^^^^^^^^\n  File \"C:\\Users\\runneradmin\\AppData\\Local\\pypoetry\\Cache\\virtualenvs\\testcapitalcom-08IAlZho-py3.11\\Lib\\site-packages\\selenium\\webdriver\\remote\\webdriver.py\", line 438, in current_url\n    return self.execute(Command.GET_CURRENT_URL)[\"value\"]\n           ^^^^^^^^^^^^^^^^^^^^^^^^^^^^^^^^^^^^^\n  File \"C:\\Users\\runneradmin\\AppData\\Local\\pypoetry\\Cache\\virtualenvs\\testcapitalcom-08IAlZho-py3.11\\Lib\\site-packages\\selenium\\webdriver\\remote\\webdriver.py\", line 348, in execute\n    self.error_handler.check_response(response)\n  File \"C:\\Users\\runneradmin\\AppData\\Local\\pypoetry\\Cache\\virtualenvs\\testcapitalcom-08IAlZho-py3.11\\Lib\\site-packages\\selenium\\webdriver\\remote\\errorhandler.py\", line 229, in check_response\n    raise exception_class(message, screen, stacktrace)\n","steps":[{"name":"Set preconditions","time":{"start":1702301750878,"stop":1702301755141,"duration":4263},"status":"passed","steps":[],"attachments":[],"parameters":[{"name":"d","value":"<selenium.webdriver.chrome.webdriver.WebDriver (session=\"6587772a3d7b6b3d45d551d67dace8ef\")>"},{"name":"host","value":"'https://capital.com'"},{"name":"end_point","value":"''"},{"name":"cur_language","value":"'de'"},{"name":"cur_country","value":"'ae'"},{"name":"cur_role","value":"'Auth'"},{"name":"cur_login","value":"'aqa.tomelo.an@gmail.com'"},{"name":"cur_password","value":"'iT9Vgqi6d$fiZ*Z'"}],"shouldDisplayMessage":false,"stepsCount":0,"attachmentsCount":0,"hasContent":true,"attachmentStep":false},{"name":"Check that form [Sign up] opened","time":{"start":1702301758401,"stop":1702301762946,"duration":4545},"status":"passed","steps":[],"attachments":[],"parameters":[{"name":"timeout","value":"1"}],"shouldDisplayMessage":false,"stepsCount":0,"attachmentsCount":0,"hasContent":true,"attachmentStep":false},{"name":"Click button [BUTTON_ON_HOR_BANNER]","time":{"start":1702301762946,"stop":1702301778733,"duration":15787},"status":"passed","steps":[],"attachments":[],"parameters":[],"shouldDisplayMessage":false,"stepsCount":0,"attachmentsCount":0,"hasContent":false,"attachmentStep":false},{"name":"Checking that \"Trading platform\" page opened - ver 4","time":{"start":1702301778733,"stop":1702301783648,"duration":4915},"status":"broken","statusMessage":"selenium.common.exceptions.WebDriverException: Message: no such execution context\n  (Session info: chrome=120.0.6099.63)\nStacktrace:\n\tGetHandleVerifier [0x00F86E73+174291]\n\t(No symbol) [0x00EB0AC1]\n\t(No symbol) [0x00BC6E8A]\n\t(No symbol) [0x00BBA05C]\n\t(No symbol) [0x00BB8983]\n\t(No symbol) [0x00BB8EFD]\n\t(No symbol) [0x00BC2807]\n\t(No symbol) [0x00BCF4F4]\n\t(No symbol) [0x00BD2676]\n\t(No symbol) [0x00BB93BB]\n\t(No symbol) [0x00BCF22D]\n\t(No symbol) [0x00C2A2D5]\n\t(No symbol) [0x00C16DA6]\n\t(No symbol) [0x00BF1034]\n\t(No symbol) [0x00BF1F8D]\n\tGetHandleVerifier [0x010249CC+820268]\n\tsqlite3_dbdata_init [0x010E4EBE+652494]\n\tsqlite3_dbdata_init [0x010E48D9+650985]\n\tsqlite3_dbdata_init [0x010D962C+605244]\n\tsqlite3_dbdata_init [0x010E586B+654971]\n\t(No symbol) [0x00EBFEBC]\n\t(No symbol) [0x00EB8428]\n\t(No symbol) [0x00EB854D]\n\t(No symbol) [0x00EA5858]\n\tBaseThreadInitThunk [0x756C6A39+25]\n\tRtlGetFullPathName_UEx [0x77437F8D+173]\n\tRtlGetFullPathName_UEx [0x77437F5B+123]\n\n","statusTrace":"  File \"C:\\Users\\runneradmin\\AppData\\Local\\pypoetry\\Cache\\virtualenvs\\testcapitalcom-08IAlZho-py3.11\\Lib\\site-packages\\allure_commons\\_allure.py\", line 192, in impl\n    return func(*a, **kw)\n           ^^^^^^^^^^^^^^\n  File \"D:\\a\\SeleniumCapital\\SeleniumCapital\\pages\\Elements\\AssertClass.py\", line 106, in assert_trading_platform_v4\n    self.page_trading.should_be_trading_platform_page_v4(d, cur_link, tpd, tpi, trade_instrument)\n  File \"C:\\Users\\runneradmin\\AppData\\Local\\pypoetry\\Cache\\virtualenvs\\testcapitalcom-08IAlZho-py3.11\\Lib\\site-packages\\allure_commons\\_allure.py\", line 192, in impl\n    return func(*a, **kw)\n           ^^^^^^^^^^^^^^\n  File \"D:\\a\\SeleniumCapital\\SeleniumCapital\\pages\\Capital\\Trading_platform\\trading_platform.py\", line 94, in should_be_trading_platform_page_v4\n    cur_url = self.browser.current_url\n              ^^^^^^^^^^^^^^^^^^^^^^^^\n  File \"C:\\Users\\runneradmin\\AppData\\Local\\pypoetry\\Cache\\virtualenvs\\testcapitalcom-08IAlZho-py3.11\\Lib\\site-packages\\selenium\\webdriver\\remote\\webdriver.py\", line 438, in current_url\n    return self.execute(Command.GET_CURRENT_URL)[\"value\"]\n           ^^^^^^^^^^^^^^^^^^^^^^^^^^^^^^^^^^^^^\n  File \"C:\\Users\\runneradmin\\AppData\\Local\\pypoetry\\Cache\\virtualenvs\\testcapitalcom-08IAlZho-py3.11\\Lib\\site-packages\\selenium\\webdriver\\remote\\webdriver.py\", line 348, in execute\n    self.error_handler.check_response(response)\n  File \"C:\\Users\\runneradmin\\AppData\\Local\\pypoetry\\Cache\\virtualenvs\\testcapitalcom-08IAlZho-py3.11\\Lib\\site-packages\\selenium\\webdriver\\remote\\errorhandler.py\", line 229, in check_response\n    raise exception_class(message, screen, stacktrace)\n","steps":[{"name":"Checking that the trading platform page has opened - ver 4","time":{"start":1702301778733,"stop":1702301783647,"duration":4914},"status":"broken","statusMessage":"selenium.common.exceptions.WebDriverException: Message: no such execution context\n  (Session info: chrome=120.0.6099.63)\nStacktrace:\n\tGetHandleVerifier [0x00F86E73+174291]\n\t(No symbol) [0x00EB0AC1]\n\t(No symbol) [0x00BC6E8A]\n\t(No symbol) [0x00BBA05C]\n\t(No symbol) [0x00BB8983]\n\t(No symbol) [0x00BB8EFD]\n\t(No symbol) [0x00BC2807]\n\t(No symbol) [0x00BCF4F4]\n\t(No symbol) [0x00BD2676]\n\t(No symbol) [0x00BB93BB]\n\t(No symbol) [0x00BCF22D]\n\t(No symbol) [0x00C2A2D5]\n\t(No symbol) [0x00C16DA6]\n\t(No symbol) [0x00BF1034]\n\t(No symbol) [0x00BF1F8D]\n\tGetHandleVerifier [0x010249CC+820268]\n\tsqlite3_dbdata_init [0x010E4EBE+652494]\n\tsqlite3_dbdata_init [0x010E48D9+650985]\n\tsqlite3_dbdata_init [0x010D962C+605244]\n\tsqlite3_dbdata_init [0x010E586B+654971]\n\t(No symbol) [0x00EBFEBC]\n\t(No symbol) [0x00EB8428]\n\t(No symbol) [0x00EB854D]\n\t(No symbol) [0x00EA5858]\n\tBaseThreadInitThunk [0x756C6A39+25]\n\tRtlGetFullPathName_UEx [0x77437F8D+173]\n\tRtlGetFullPathName_UEx [0x77437F5B+123]\n\n","statusTrace":"  File \"C:\\Users\\runneradmin\\AppData\\Local\\pypoetry\\Cache\\virtualenvs\\testcapitalcom-08IAlZho-py3.11\\Lib\\site-packages\\allure_commons\\_allure.py\", line 192, in impl\n    return func(*a, **kw)\n           ^^^^^^^^^^^^^^\n  File \"D:\\a\\SeleniumCapital\\SeleniumCapital\\pages\\Capital\\Trading_platform\\trading_platform.py\", line 94, in should_be_trading_platform_page_v4\n    cur_url = self.browser.current_url\n              ^^^^^^^^^^^^^^^^^^^^^^^^\n  File \"C:\\Users\\runneradmin\\AppData\\Local\\pypoetry\\Cache\\virtualenvs\\testcapitalcom-08IAlZho-py3.11\\Lib\\site-packages\\selenium\\webdriver\\remote\\webdriver.py\", line 438, in current_url\n    return self.execute(Command.GET_CURRENT_URL)[\"value\"]\n           ^^^^^^^^^^^^^^^^^^^^^^^^^^^^^^^^^^^^^\n  File \"C:\\Users\\runneradmin\\AppData\\Local\\pypoetry\\Cache\\virtualenvs\\testcapitalcom-08IAlZho-py3.11\\Lib\\site-packages\\selenium\\webdriver\\remote\\webdriver.py\", line 348, in execute\n    self.error_handler.check_response(response)\n  File \"C:\\Users\\runneradmin\\AppData\\Local\\pypoetry\\Cache\\virtualenvs\\testcapitalcom-08IAlZho-py3.11\\Lib\\site-packages\\selenium\\webdriver\\remote\\errorhandler.py\", line 229, in check_response\n    raise exception_class(message, screen, stacktrace)\n","steps":[],"attachments":[],"parameters":[{"name":"d","value":"<selenium.webdriver.chrome.webdriver.WebDriver (session=\"6587772a3d7b6b3d45d551d67dace8ef\")>"},{"name":"cur_link","value":"'https://capital.com/de/trade-uber'"},{"name":"tpd","value":"False"},{"name":"tpi","value":"False"},{"name":"trade_instrument","value":"''"}],"shouldDisplayMessage":true,"stepsCount":0,"attachmentsCount":0,"hasContent":true,"attachmentStep":false}],"attachments":[],"parameters":[{"name":"d","value":"<selenium.webdriver.chrome.webdriver.WebDriver (session=\"6587772a3d7b6b3d45d551d67dace8ef\")>"},{"name":"cur_link","value":"'https://capital.com/de/trade-uber'"},{"name":"tpd","value":"False"},{"name":"tpi","value":"False"},{"name":"trade_instrument","value":"''"}],"shouldDisplayMessage":false,"stepsCount":1,"attachmentsCount":0,"hasContent":true,"attachmentStep":false}],"attachments":[],"parameters":[{"name":"worker_id","value":"'master'"},{"name":"d","value":"<selenium.webdriver.chrome.webdriver.WebDriver (session=\"6587772a3d7b6b3d45d551d67dace8ef\")>"},{"name":"cur_language","value":"'de'"},{"name":"cur_country","value":"'ae'"},{"name":"cur_role","value":"'Auth'"},{"name":"cur_login","value":"'aqa.tomelo.an@gmail.com'"},{"name":"cur_password","value":"'iT9Vgqi6d$fiZ*Z'"},{"name":"cur_item_link","value":"'https://capital.com/de/trade-uber'"}],"shouldDisplayMessage":false,"stepsCount":5,"attachmentsCount":0,"hasContent":true,"attachmentStep":false}],"attachments":[{"uid":"8b804085c8d32c5a","name":"Screenshot","source":"8b804085c8d32c5a.png","type":"image/png","size":55338},{"uid":"b02eb85c9af6e99b","name":"log","source":"b02eb85c9af6e99b.txt","type":"text/plain","size":1490},{"uid":"f249cc1a6ef36a32","name":"stdout","source":"f249cc1a6ef36a32.txt","type":"text/plain","size":2009}],"parameters":[],"shouldDisplayMessage":true,"stepsCount":6,"attachmentsCount":3,"hasContent":true,"attachmentStep":false},"afterStages":[{"name":"go::0","time":{"start":1702306570449,"stop":1702306572881,"duration":2432},"status":"passed","steps":[],"attachments":[],"parameters":[],"shouldDisplayMessage":false,"stepsCount":0,"attachmentsCount":0,"hasContent":false,"attachmentStep":false}],"labels":[{"name":"epic","value":"Language: de / US_11.02.02 | Educations > Menu item [Shares trading]"},{"name":"feature","value":"Country: ae / Role: Auth / TS_11.02.02 | Educations > Menu item [Shares trading]"},{"name":"story","value":"TC_11.02.02.01_09 | Testing button in block [Horizontal banner]"},{"name":"tag","value":"us_11_02_02"},{"name":"parentSuite","value":"tests.US_11_Education.US_11-02-02_Shares_trading"},{"name":"suite","value":"US_11-02-02-01_Shares_trading_test"},{"name":"subSuite","value":"TestSharesTradingItems"},{"name":"host","value":"fv-az663-348"},{"name":"thread","value":"5536-MainThread"},{"name":"framework","value":"pytest"},{"name":"language","value":"cpython3"},{"name":"package","value":"tests.US_11_Education.US_11-02-02_Shares_trading.US_11-02-02-01_Shares_trading_test"},{"name":"resultFormat","value":"allure2"}],"parameters":[{"name":"cur_country","value":"'ae'"},{"name":"cur_item_link","value":"'https://capital.com/de/trade-uber'"},{"name":"cur_language","value":"'de'"},{"name":"cur_login","value":"'aqa.tomelo.an@gmail.com'"},{"name":"cur_password","value":"'iT9Vgqi6d$fiZ*Z'"},{"name":"cur_role","value":"'Auth'"},{"name":"go","value":"'chrome'"}],"links":[],"hidden":false,"retry":false,"extra":{"severity":"normal","retries":[],"categories":[{"name":"Test defects","matchedStatuses":[],"flaky":false}],"tags":["us_11_02_02"]},"source":"dbb315b26d8360ee.json","parameterValues":["'ae'","'https://capital.com/de/trade-uber'","'de'","'aqa.tomelo.an@gmail.com'","'iT9Vgqi6d$fiZ*Z'","'Auth'","'chrome'"]}