{"uid":"e51aa415a631c777","name":"TC_11.02.02.00_09 with parameters: ar, gb, NoReg","fullName":"tests.US_11_Education.US_11-02-02_Shares_trading.US_11-02-02_Shares_trading_test.TestSharesTrading#test_09_block_hor_banner_button","historyId":"7227c37488c2dba7a7fed1090378b1a2","time":{"start":1701784823190,"stop":1701784829280,"duration":6090},"description":"\n        Check the [Button] on the Horizontal banner at the bottom of the page.\n        For \"Authorized user\" role:\n        The trading platform page is opened depend on the banner [type-id]:\n                Live mode if the banner in the Live mode banners list\n                Demo mode if the banner in the Demo mode banners list\n        ","descriptionHtml":"<pre><code>    Check the [Button] on the Horizontal banner at the bottom of the page.\n    For &quot;Authorized user&quot; role:\n    The trading platform page is opened depend on the banner [type-id]:\n            Live mode if the banner in the Live mode banners list\n            Demo mode if the banner in the Demo mode banners list\n</code></pre>\n","status":"broken","statusMessage":"selenium.common.exceptions.ElementNotInteractableException: Message: element not interactable: https://capital.com/ar has no size and location\n  (Session info: chrome=119.0.6045.160)\nStacktrace:\n\tGetHandleVerifier [0x00FA72A3+45731]\n\t(No symbol) [0x00F32D51]\n\t(No symbol) [0x00E2880D]\n\t(No symbol) [0x00E2C3EA]\n\t(No symbol) [0x00E2DB1A]\n\t(No symbol) [0x00E2DBC0]\n\t(No symbol) [0x00E60047]\n\t(No symbol) [0x00E5F973]\n\t(No symbol) [0x00E91BF7]\n\t(No symbol) [0x00E77FDC]\n\t(No symbol) [0x00E8B7A2]\n\t(No symbol) [0x00E77DD6]\n\t(No symbol) [0x00E531F6]\n\t(No symbol) [0x00E5439D]\n\tGetHandleVerifier [0x012B0716+3229462]\n\tGetHandleVerifier [0x012F84C8+3523784]\n\tGetHandleVerifier [0x012F214C+3498316]\n\tGetHandleVerifier [0x01031680+611968]\n\t(No symbol) [0x00F3CCCC]\n\t(No symbol) [0x00F38DF8]\n\t(No symbol) [0x00F38F1D]\n\t(No symbol) [0x00F2B2C7]\n\tBaseThreadInitThunk [0x76646A39+25]\n\tRtlGetFullPathName_UEx [0x77687F8D+173]\n\tRtlGetFullPathName_UEx [0x77687F5B+123]","statusTrace":"self = <US_11-02-02_Shares_trading_test.TestSharesTrading object at 0x00000205147C7A10>\nworker_id = 'master'\nd = <selenium.webdriver.chrome.webdriver.WebDriver (session=\"cf0e67d319d980b1c5bc168cf0a8f5d8\")>\ncur_language = 'ar', cur_country = 'gb', cur_role = 'NoReg'\ncur_login = 'aqa.tomelo.an@gmail.com', cur_password = 'iT9Vgqi6d$fiZ*Z'\n\n    @allure.step(\"Start test of button in block [Horizontal banner]\")\n    # @pytest.mark.skip(reason=\"Skipped for debugging\")\n    def test_09_block_hor_banner_button(\n            self, worker_id, d, cur_language, cur_country, cur_role, cur_login, cur_password):\n        \"\"\"\n        Check the [Button] on the Horizontal banner at the bottom of the page.\n        For \"Authorized user\" role:\n        The trading platform page is opened depend on the banner [type-id]:\n                Live mode if the banner in the Live mode banners list\n                Demo mode if the banner in the Demo mode banners list\n        \"\"\"\n    \n        print(f\"\\n{datetime.now()}   Работает obj {self} с именем TC_11.02.02.00_09\")\n        build_dynamic_arg_v3(self, d, worker_id, cur_language, cur_country, cur_role,\n                             \"11.02.02\", \"Educations > Menu item [Shares trading]\",\n                             \".00_09\", \"Testing button in block [Horizontal banner]\")\n    \n        check_language(cur_language)\n        if cur_language in [\"\", \"cn\"]:\n            Common().skip_test_for_language(cur_language)\n    \n        page_conditions = Conditions(d, \"\")\n>       main_page_link = page_conditions.preconditions(\n            d, CapitalComPageSrc.URL, \"\", cur_language, cur_country, cur_role, cur_login, cur_password)\n\ntests\\US_11_Education\\US_11-02-02_Shares_trading\\US_11-02-02_Shares_trading_test.py:174: \n_ _ _ _ _ _ _ _ _ _ _ _ _ _ _ _ _ _ _ _ _ _ _ _ _ _ _ _ _ _ _ _ _ _ _ _ _ _ _ _\npages\\conditions.py:119: in preconditions\n    page_menu.set_language(cur_language)\npages\\Menu\\menu.py:813: in set_language\n    .perform()\nC:\\Users\\runneradmin\\AppData\\Local\\pypoetry\\Cache\\virtualenvs\\testcapitalcom-08IAlZho-py3.11\\Lib\\site-packages\\selenium\\webdriver\\common\\action_chains.py:94: in perform\n    self.w3c_actions.perform()\nC:\\Users\\runneradmin\\AppData\\Local\\pypoetry\\Cache\\virtualenvs\\testcapitalcom-08IAlZho-py3.11\\Lib\\site-packages\\selenium\\webdriver\\common\\actions\\action_builder.py:96: in perform\n    self.driver.execute(Command.W3C_ACTIONS, enc)\nC:\\Users\\runneradmin\\AppData\\Local\\pypoetry\\Cache\\virtualenvs\\testcapitalcom-08IAlZho-py3.11\\Lib\\site-packages\\selenium\\webdriver\\remote\\webdriver.py:346: in execute\n    self.error_handler.check_response(response)\n_ _ _ _ _ _ _ _ _ _ _ _ _ _ _ _ _ _ _ _ _ _ _ _ _ _ _ _ _ _ _ _ _ _ _ _ _ _ _ _\n\nself = <selenium.webdriver.remote.errorhandler.ErrorHandler object at 0x000002051154D550>\nresponse = {'status': 400, 'value': '{\"value\":{\"error\":\"element not interactable\",\"message\":\"element not interactable: https://ca...Thunk [0x76646A39+25]\\\\n\\\\tRtlGetFullPathName_UEx [0x77687F8D+173]\\\\n\\\\tRtlGetFullPathName_UEx [0x77687F5B+123]\\\\n\"}}'}\n\n    def check_response(self, response: Dict[str, Any]) -> None:\n        \"\"\"Checks that a JSON response from the WebDriver does not have an\n        error.\n    \n        :Args:\n         - response - The JSON response from the WebDriver server as a dictionary\n           object.\n    \n        :Raises: If the response contains an error message.\n        \"\"\"\n        status = response.get(\"status\", None)\n        if not status or status == ErrorCode.SUCCESS:\n            return\n        value = None\n        message = response.get(\"message\", \"\")\n        screen: str = response.get(\"screen\", \"\")\n        stacktrace = None\n        if isinstance(status, int):\n            value_json = response.get(\"value\", None)\n            if value_json and isinstance(value_json, str):\n                import json\n    \n                try:\n                    value = json.loads(value_json)\n                    if len(value) == 1:\n                        value = value[\"value\"]\n                    status = value.get(\"error\", None)\n                    if not status:\n                        status = value.get(\"status\", ErrorCode.UNKNOWN_ERROR)\n                        message = value.get(\"value\") or value.get(\"message\")\n                        if not isinstance(message, str):\n                            value = message\n                            message = message.get(\"message\")\n                    else:\n                        message = value.get(\"message\", None)\n                except ValueError:\n                    pass\n    \n        exception_class: Type[WebDriverException]\n        e = ErrorCode()\n        error_codes = [item for item in dir(e) if not item.startswith(\"__\")]\n        for error_code in error_codes:\n            error_info = getattr(ErrorCode, error_code)\n            if isinstance(error_info, list) and status in error_info:\n                exception_class = getattr(ExceptionMapping, error_code, WebDriverException)\n                break\n        else:\n            exception_class = WebDriverException\n    \n        if not value:\n            value = response[\"value\"]\n        if isinstance(value, str):\n            raise exception_class(value)\n        if message == \"\" and \"message\" in value:\n            message = value[\"message\"]\n    \n        screen = None  # type: ignore[assignment]\n        if \"screen\" in value:\n            screen = value[\"screen\"]\n    \n        stacktrace = None\n        st_value = value.get(\"stackTrace\") or value.get(\"stacktrace\")\n        if st_value:\n            if isinstance(st_value, str):\n                stacktrace = st_value.split(\"\\n\")\n            else:\n                stacktrace = []\n                try:\n                    for frame in st_value:\n                        line = frame.get(\"lineNumber\", \"\")\n                        file = frame.get(\"fileName\", \"<anonymous>\")\n                        if line:\n                            file = f\"{file}:{line}\"\n                        meth = frame.get(\"methodName\", \"<anonymous>\")\n                        if \"className\" in frame:\n                            meth = f\"{frame['className']}.{meth}\"\n                        msg = \"    at %s (%s)\"\n                        msg = msg % (meth, file)\n                        stacktrace.append(msg)\n                except TypeError:\n                    pass\n        if exception_class == UnexpectedAlertPresentException:\n            alert_text = None\n            if \"data\" in value:\n                alert_text = value[\"data\"].get(\"text\")\n            elif \"alert\" in value:\n                alert_text = value[\"alert\"].get(\"text\")\n            raise exception_class(message, screen, stacktrace, alert_text)  # type: ignore[call-arg]  # mypy is not smart enough here\n>       raise exception_class(message, screen, stacktrace)\nE       selenium.common.exceptions.ElementNotInteractableException: Message: element not interactable: https://capital.com/ar has no size and location\nE         (Session info: chrome=119.0.6045.160)\nE       Stacktrace:\nE       \tGetHandleVerifier [0x00FA72A3+45731]\nE       \t(No symbol) [0x00F32D51]\nE       \t(No symbol) [0x00E2880D]\nE       \t(No symbol) [0x00E2C3EA]\nE       \t(No symbol) [0x00E2DB1A]\nE       \t(No symbol) [0x00E2DBC0]\nE       \t(No symbol) [0x00E60047]\nE       \t(No symbol) [0x00E5F973]\nE       \t(No symbol) [0x00E91BF7]\nE       \t(No symbol) [0x00E77FDC]\nE       \t(No symbol) [0x00E8B7A2]\nE       \t(No symbol) [0x00E77DD6]\nE       \t(No symbol) [0x00E531F6]\nE       \t(No symbol) [0x00E5439D]\nE       \tGetHandleVerifier [0x012B0716+3229462]\nE       \tGetHandleVerifier [0x012F84C8+3523784]\nE       \tGetHandleVerifier [0x012F214C+3498316]\nE       \tGetHandleVerifier [0x01031680+611968]\nE       \t(No symbol) [0x00F3CCCC]\nE       \t(No symbol) [0x00F38DF8]\nE       \t(No symbol) [0x00F38F1D]\nE       \t(No symbol) [0x00F2B2C7]\nE       \tBaseThreadInitThunk [0x76646A39+25]\nE       \tRtlGetFullPathName_UEx [0x77687F8D+173]\nE       \tRtlGetFullPathName_UEx [0x77687F5B+123]\n\nC:\\Users\\runneradmin\\AppData\\Local\\pypoetry\\Cache\\virtualenvs\\testcapitalcom-08IAlZho-py3.11\\Lib\\site-packages\\selenium\\webdriver\\remote\\errorhandler.py:229: ElementNotInteractableException","flaky":false,"newFailed":false,"newBroken":false,"newPassed":false,"retriesCount":0,"retriesStatusChange":false,"beforeStages":[{"name":"d","time":{"start":1701784741934,"stop":1701784783487,"duration":41553},"status":"passed","steps":[],"attachments":[],"parameters":[],"shouldDisplayMessage":false,"stepsCount":0,"attachmentsCount":0,"hasContent":false,"attachmentStep":false},{"name":"worker_id","time":{"start":1701784741934,"stop":1701784741934,"duration":0},"status":"passed","steps":[],"attachments":[],"parameters":[],"shouldDisplayMessage":false,"stepsCount":0,"attachmentsCount":0,"hasContent":false,"attachmentStep":false},{"name":"cur_country","time":{"start":1701784783487,"stop":1701784783487,"duration":0},"status":"passed","steps":[],"attachments":[],"parameters":[],"shouldDisplayMessage":false,"stepsCount":0,"attachmentsCount":0,"hasContent":false,"attachmentStep":false},{"name":"go","time":{"start":1701784783487,"stop":1701784783487,"duration":0},"status":"passed","steps":[],"attachments":[],"parameters":[],"shouldDisplayMessage":false,"stepsCount":0,"attachmentsCount":0,"hasContent":false,"attachmentStep":false},{"name":"cur_language","time":{"start":1701784783487,"stop":1701784783487,"duration":0},"status":"passed","steps":[],"attachments":[],"parameters":[],"shouldDisplayMessage":false,"stepsCount":0,"attachmentsCount":0,"hasContent":false,"attachmentStep":false},{"name":"cur_role","time":{"start":1701784783487,"stop":1701784783487,"duration":0},"status":"passed","steps":[],"attachments":[],"parameters":[],"shouldDisplayMessage":false,"stepsCount":0,"attachmentsCount":0,"hasContent":false,"attachmentStep":false},{"name":"cur_login","time":{"start":1701784783488,"stop":1701784783488,"duration":0},"status":"passed","steps":[],"attachments":[],"parameters":[],"shouldDisplayMessage":false,"stepsCount":0,"attachmentsCount":0,"hasContent":false,"attachmentStep":false},{"name":"cur_password","time":{"start":1701784783488,"stop":1701784783488,"duration":0},"status":"passed","steps":[],"attachments":[],"parameters":[],"shouldDisplayMessage":false,"stepsCount":0,"attachmentsCount":0,"hasContent":false,"attachmentStep":false}],"testStage":{"description":"\n        Check the [Button] on the Horizontal banner at the bottom of the page.\n        For \"Authorized user\" role:\n        The trading platform page is opened depend on the banner [type-id]:\n                Live mode if the banner in the Live mode banners list\n                Demo mode if the banner in the Demo mode banners list\n        ","status":"broken","statusMessage":"selenium.common.exceptions.ElementNotInteractableException: Message: element not interactable: https://capital.com/ar has no size and location\n  (Session info: chrome=119.0.6045.160)\nStacktrace:\n\tGetHandleVerifier [0x00FA72A3+45731]\n\t(No symbol) [0x00F32D51]\n\t(No symbol) [0x00E2880D]\n\t(No symbol) [0x00E2C3EA]\n\t(No symbol) [0x00E2DB1A]\n\t(No symbol) [0x00E2DBC0]\n\t(No symbol) [0x00E60047]\n\t(No symbol) [0x00E5F973]\n\t(No symbol) [0x00E91BF7]\n\t(No symbol) [0x00E77FDC]\n\t(No symbol) [0x00E8B7A2]\n\t(No symbol) [0x00E77DD6]\n\t(No symbol) [0x00E531F6]\n\t(No symbol) [0x00E5439D]\n\tGetHandleVerifier [0x012B0716+3229462]\n\tGetHandleVerifier [0x012F84C8+3523784]\n\tGetHandleVerifier [0x012F214C+3498316]\n\tGetHandleVerifier [0x01031680+611968]\n\t(No symbol) [0x00F3CCCC]\n\t(No symbol) [0x00F38DF8]\n\t(No symbol) [0x00F38F1D]\n\t(No symbol) [0x00F2B2C7]\n\tBaseThreadInitThunk [0x76646A39+25]\n\tRtlGetFullPathName_UEx [0x77687F8D+173]\n\tRtlGetFullPathName_UEx [0x77687F5B+123]","statusTrace":"self = <US_11-02-02_Shares_trading_test.TestSharesTrading object at 0x00000205147C7A10>\nworker_id = 'master'\nd = <selenium.webdriver.chrome.webdriver.WebDriver (session=\"cf0e67d319d980b1c5bc168cf0a8f5d8\")>\ncur_language = 'ar', cur_country = 'gb', cur_role = 'NoReg'\ncur_login = 'aqa.tomelo.an@gmail.com', cur_password = 'iT9Vgqi6d$fiZ*Z'\n\n    @allure.step(\"Start test of button in block [Horizontal banner]\")\n    # @pytest.mark.skip(reason=\"Skipped for debugging\")\n    def test_09_block_hor_banner_button(\n            self, worker_id, d, cur_language, cur_country, cur_role, cur_login, cur_password):\n        \"\"\"\n        Check the [Button] on the Horizontal banner at the bottom of the page.\n        For \"Authorized user\" role:\n        The trading platform page is opened depend on the banner [type-id]:\n                Live mode if the banner in the Live mode banners list\n                Demo mode if the banner in the Demo mode banners list\n        \"\"\"\n    \n        print(f\"\\n{datetime.now()}   Работает obj {self} с именем TC_11.02.02.00_09\")\n        build_dynamic_arg_v3(self, d, worker_id, cur_language, cur_country, cur_role,\n                             \"11.02.02\", \"Educations > Menu item [Shares trading]\",\n                             \".00_09\", \"Testing button in block [Horizontal banner]\")\n    \n        check_language(cur_language)\n        if cur_language in [\"\", \"cn\"]:\n            Common().skip_test_for_language(cur_language)\n    \n        page_conditions = Conditions(d, \"\")\n>       main_page_link = page_conditions.preconditions(\n            d, CapitalComPageSrc.URL, \"\", cur_language, cur_country, cur_role, cur_login, cur_password)\n\ntests\\US_11_Education\\US_11-02-02_Shares_trading\\US_11-02-02_Shares_trading_test.py:174: \n_ _ _ _ _ _ _ _ _ _ _ _ _ _ _ _ _ _ _ _ _ _ _ _ _ _ _ _ _ _ _ _ _ _ _ _ _ _ _ _\npages\\conditions.py:119: in preconditions\n    page_menu.set_language(cur_language)\npages\\Menu\\menu.py:813: in set_language\n    .perform()\nC:\\Users\\runneradmin\\AppData\\Local\\pypoetry\\Cache\\virtualenvs\\testcapitalcom-08IAlZho-py3.11\\Lib\\site-packages\\selenium\\webdriver\\common\\action_chains.py:94: in perform\n    self.w3c_actions.perform()\nC:\\Users\\runneradmin\\AppData\\Local\\pypoetry\\Cache\\virtualenvs\\testcapitalcom-08IAlZho-py3.11\\Lib\\site-packages\\selenium\\webdriver\\common\\actions\\action_builder.py:96: in perform\n    self.driver.execute(Command.W3C_ACTIONS, enc)\nC:\\Users\\runneradmin\\AppData\\Local\\pypoetry\\Cache\\virtualenvs\\testcapitalcom-08IAlZho-py3.11\\Lib\\site-packages\\selenium\\webdriver\\remote\\webdriver.py:346: in execute\n    self.error_handler.check_response(response)\n_ _ _ _ _ _ _ _ _ _ _ _ _ _ _ _ _ _ _ _ _ _ _ _ _ _ _ _ _ _ _ _ _ _ _ _ _ _ _ _\n\nself = <selenium.webdriver.remote.errorhandler.ErrorHandler object at 0x000002051154D550>\nresponse = {'status': 400, 'value': '{\"value\":{\"error\":\"element not interactable\",\"message\":\"element not interactable: https://ca...Thunk [0x76646A39+25]\\\\n\\\\tRtlGetFullPathName_UEx [0x77687F8D+173]\\\\n\\\\tRtlGetFullPathName_UEx [0x77687F5B+123]\\\\n\"}}'}\n\n    def check_response(self, response: Dict[str, Any]) -> None:\n        \"\"\"Checks that a JSON response from the WebDriver does not have an\n        error.\n    \n        :Args:\n         - response - The JSON response from the WebDriver server as a dictionary\n           object.\n    \n        :Raises: If the response contains an error message.\n        \"\"\"\n        status = response.get(\"status\", None)\n        if not status or status == ErrorCode.SUCCESS:\n            return\n        value = None\n        message = response.get(\"message\", \"\")\n        screen: str = response.get(\"screen\", \"\")\n        stacktrace = None\n        if isinstance(status, int):\n            value_json = response.get(\"value\", None)\n            if value_json and isinstance(value_json, str):\n                import json\n    \n                try:\n                    value = json.loads(value_json)\n                    if len(value) == 1:\n                        value = value[\"value\"]\n                    status = value.get(\"error\", None)\n                    if not status:\n                        status = value.get(\"status\", ErrorCode.UNKNOWN_ERROR)\n                        message = value.get(\"value\") or value.get(\"message\")\n                        if not isinstance(message, str):\n                            value = message\n                            message = message.get(\"message\")\n                    else:\n                        message = value.get(\"message\", None)\n                except ValueError:\n                    pass\n    \n        exception_class: Type[WebDriverException]\n        e = ErrorCode()\n        error_codes = [item for item in dir(e) if not item.startswith(\"__\")]\n        for error_code in error_codes:\n            error_info = getattr(ErrorCode, error_code)\n            if isinstance(error_info, list) and status in error_info:\n                exception_class = getattr(ExceptionMapping, error_code, WebDriverException)\n                break\n        else:\n            exception_class = WebDriverException\n    \n        if not value:\n            value = response[\"value\"]\n        if isinstance(value, str):\n            raise exception_class(value)\n        if message == \"\" and \"message\" in value:\n            message = value[\"message\"]\n    \n        screen = None  # type: ignore[assignment]\n        if \"screen\" in value:\n            screen = value[\"screen\"]\n    \n        stacktrace = None\n        st_value = value.get(\"stackTrace\") or value.get(\"stacktrace\")\n        if st_value:\n            if isinstance(st_value, str):\n                stacktrace = st_value.split(\"\\n\")\n            else:\n                stacktrace = []\n                try:\n                    for frame in st_value:\n                        line = frame.get(\"lineNumber\", \"\")\n                        file = frame.get(\"fileName\", \"<anonymous>\")\n                        if line:\n                            file = f\"{file}:{line}\"\n                        meth = frame.get(\"methodName\", \"<anonymous>\")\n                        if \"className\" in frame:\n                            meth = f\"{frame['className']}.{meth}\"\n                        msg = \"    at %s (%s)\"\n                        msg = msg % (meth, file)\n                        stacktrace.append(msg)\n                except TypeError:\n                    pass\n        if exception_class == UnexpectedAlertPresentException:\n            alert_text = None\n            if \"data\" in value:\n                alert_text = value[\"data\"].get(\"text\")\n            elif \"alert\" in value:\n                alert_text = value[\"alert\"].get(\"text\")\n            raise exception_class(message, screen, stacktrace, alert_text)  # type: ignore[call-arg]  # mypy is not smart enough here\n>       raise exception_class(message, screen, stacktrace)\nE       selenium.common.exceptions.ElementNotInteractableException: Message: element not interactable: https://capital.com/ar has no size and location\nE         (Session info: chrome=119.0.6045.160)\nE       Stacktrace:\nE       \tGetHandleVerifier [0x00FA72A3+45731]\nE       \t(No symbol) [0x00F32D51]\nE       \t(No symbol) [0x00E2880D]\nE       \t(No symbol) [0x00E2C3EA]\nE       \t(No symbol) [0x00E2DB1A]\nE       \t(No symbol) [0x00E2DBC0]\nE       \t(No symbol) [0x00E60047]\nE       \t(No symbol) [0x00E5F973]\nE       \t(No symbol) [0x00E91BF7]\nE       \t(No symbol) [0x00E77FDC]\nE       \t(No symbol) [0x00E8B7A2]\nE       \t(No symbol) [0x00E77DD6]\nE       \t(No symbol) [0x00E531F6]\nE       \t(No symbol) [0x00E5439D]\nE       \tGetHandleVerifier [0x012B0716+3229462]\nE       \tGetHandleVerifier [0x012F84C8+3523784]\nE       \tGetHandleVerifier [0x012F214C+3498316]\nE       \tGetHandleVerifier [0x01031680+611968]\nE       \t(No symbol) [0x00F3CCCC]\nE       \t(No symbol) [0x00F38DF8]\nE       \t(No symbol) [0x00F38F1D]\nE       \t(No symbol) [0x00F2B2C7]\nE       \tBaseThreadInitThunk [0x76646A39+25]\nE       \tRtlGetFullPathName_UEx [0x77687F8D+173]\nE       \tRtlGetFullPathName_UEx [0x77687F5B+123]\n\nC:\\Users\\runneradmin\\AppData\\Local\\pypoetry\\Cache\\virtualenvs\\testcapitalcom-08IAlZho-py3.11\\Lib\\site-packages\\selenium\\webdriver\\remote\\errorhandler.py:229: ElementNotInteractableException","steps":[{"name":"Start test of button in block [Horizontal banner]","time":{"start":1701784823190,"stop":1701784829279,"duration":6089},"status":"broken","statusMessage":"selenium.common.exceptions.ElementNotInteractableException: Message: element not interactable: https://capital.com/ar has no size and location\n  (Session info: chrome=119.0.6045.160)\nStacktrace:\n\tGetHandleVerifier [0x00FA72A3+45731]\n\t(No symbol) [0x00F32D51]\n\t(No symbol) [0x00E2880D]\n\t(No symbol) [0x00E2C3EA]\n\t(No symbol) [0x00E2DB1A]\n\t(No symbol) [0x00E2DBC0]\n\t(No symbol) [0x00E60047]\n\t(No symbol) [0x00E5F973]\n\t(No symbol) [0x00E91BF7]\n\t(No symbol) [0x00E77FDC]\n\t(No symbol) [0x00E8B7A2]\n\t(No symbol) [0x00E77DD6]\n\t(No symbol) [0x00E531F6]\n\t(No symbol) [0x00E5439D]\n\tGetHandleVerifier [0x012B0716+3229462]\n\tGetHandleVerifier [0x012F84C8+3523784]\n\tGetHandleVerifier [0x012F214C+3498316]\n\tGetHandleVerifier [0x01031680+611968]\n\t(No symbol) [0x00F3CCCC]\n\t(No symbol) [0x00F38DF8]\n\t(No symbol) [0x00F38F1D]\n\t(No symbol) [0x00F2B2C7]\n\tBaseThreadInitThunk [0x76646A39+25]\n\tRtlGetFullPathName_UEx [0x77687F8D+173]\n\tRtlGetFullPathName_UEx [0x77687F5B+123]\n\n","statusTrace":"  File \"C:\\Users\\runneradmin\\AppData\\Local\\pypoetry\\Cache\\virtualenvs\\testcapitalcom-08IAlZho-py3.11\\Lib\\site-packages\\allure_commons\\_allure.py\", line 192, in impl\n    return func(*a, **kw)\n           ^^^^^^^^^^^^^^\n  File \"D:\\a\\SeleniumCapital\\SeleniumCapital\\tests\\US_11_Education\\US_11-02-02_Shares_trading\\US_11-02-02_Shares_trading_test.py\", line 174, in test_09_block_hor_banner_button\n    main_page_link = page_conditions.preconditions(\n                     ^^^^^^^^^^^^^^^^^^^^^^^^^^^^^^\n  File \"C:\\Users\\runneradmin\\AppData\\Local\\pypoetry\\Cache\\virtualenvs\\testcapitalcom-08IAlZho-py3.11\\Lib\\site-packages\\allure_commons\\_allure.py\", line 192, in impl\n    return func(*a, **kw)\n           ^^^^^^^^^^^^^^\n  File \"D:\\a\\SeleniumCapital\\SeleniumCapital\\pages\\conditions.py\", line 119, in preconditions\n    page_menu.set_language(cur_language)\n  File \"C:\\Users\\runneradmin\\AppData\\Local\\pypoetry\\Cache\\virtualenvs\\testcapitalcom-08IAlZho-py3.11\\Lib\\site-packages\\allure_commons\\_allure.py\", line 192, in impl\n    return func(*a, **kw)\n           ^^^^^^^^^^^^^^\n  File \"D:\\a\\SeleniumCapital\\SeleniumCapital\\pages\\Menu\\menu.py\", line 813, in set_language\n    .perform()\n     ^^^^^^^^^\n  File \"C:\\Users\\runneradmin\\AppData\\Local\\pypoetry\\Cache\\virtualenvs\\testcapitalcom-08IAlZho-py3.11\\Lib\\site-packages\\selenium\\webdriver\\common\\action_chains.py\", line 94, in perform\n    self.w3c_actions.perform()\n  File \"C:\\Users\\runneradmin\\AppData\\Local\\pypoetry\\Cache\\virtualenvs\\testcapitalcom-08IAlZho-py3.11\\Lib\\site-packages\\selenium\\webdriver\\common\\actions\\action_builder.py\", line 96, in perform\n    self.driver.execute(Command.W3C_ACTIONS, enc)\n  File \"C:\\Users\\runneradmin\\AppData\\Local\\pypoetry\\Cache\\virtualenvs\\testcapitalcom-08IAlZho-py3.11\\Lib\\site-packages\\selenium\\webdriver\\remote\\webdriver.py\", line 346, in execute\n    self.error_handler.check_response(response)\n  File \"C:\\Users\\runneradmin\\AppData\\Local\\pypoetry\\Cache\\virtualenvs\\testcapitalcom-08IAlZho-py3.11\\Lib\\site-packages\\selenium\\webdriver\\remote\\errorhandler.py\", line 229, in check_response\n    raise exception_class(message, screen, stacktrace)\n","steps":[{"name":"Set preconditions","time":{"start":1701784823196,"stop":1701784829279,"duration":6083},"status":"broken","statusMessage":"selenium.common.exceptions.ElementNotInteractableException: Message: element not interactable: https://capital.com/ar has no size and location\n  (Session info: chrome=119.0.6045.160)\nStacktrace:\n\tGetHandleVerifier [0x00FA72A3+45731]\n\t(No symbol) [0x00F32D51]\n\t(No symbol) [0x00E2880D]\n\t(No symbol) [0x00E2C3EA]\n\t(No symbol) [0x00E2DB1A]\n\t(No symbol) [0x00E2DBC0]\n\t(No symbol) [0x00E60047]\n\t(No symbol) [0x00E5F973]\n\t(No symbol) [0x00E91BF7]\n\t(No symbol) [0x00E77FDC]\n\t(No symbol) [0x00E8B7A2]\n\t(No symbol) [0x00E77DD6]\n\t(No symbol) [0x00E531F6]\n\t(No symbol) [0x00E5439D]\n\tGetHandleVerifier [0x012B0716+3229462]\n\tGetHandleVerifier [0x012F84C8+3523784]\n\tGetHandleVerifier [0x012F214C+3498316]\n\tGetHandleVerifier [0x01031680+611968]\n\t(No symbol) [0x00F3CCCC]\n\t(No symbol) [0x00F38DF8]\n\t(No symbol) [0x00F38F1D]\n\t(No symbol) [0x00F2B2C7]\n\tBaseThreadInitThunk [0x76646A39+25]\n\tRtlGetFullPathName_UEx [0x77687F8D+173]\n\tRtlGetFullPathName_UEx [0x77687F5B+123]\n\n","statusTrace":"  File \"C:\\Users\\runneradmin\\AppData\\Local\\pypoetry\\Cache\\virtualenvs\\testcapitalcom-08IAlZho-py3.11\\Lib\\site-packages\\allure_commons\\_allure.py\", line 192, in impl\n    return func(*a, **kw)\n           ^^^^^^^^^^^^^^\n  File \"D:\\a\\SeleniumCapital\\SeleniumCapital\\pages\\conditions.py\", line 119, in preconditions\n    page_menu.set_language(cur_language)\n  File \"C:\\Users\\runneradmin\\AppData\\Local\\pypoetry\\Cache\\virtualenvs\\testcapitalcom-08IAlZho-py3.11\\Lib\\site-packages\\allure_commons\\_allure.py\", line 192, in impl\n    return func(*a, **kw)\n           ^^^^^^^^^^^^^^\n  File \"D:\\a\\SeleniumCapital\\SeleniumCapital\\pages\\Menu\\menu.py\", line 813, in set_language\n    .perform()\n     ^^^^^^^^^\n  File \"C:\\Users\\runneradmin\\AppData\\Local\\pypoetry\\Cache\\virtualenvs\\testcapitalcom-08IAlZho-py3.11\\Lib\\site-packages\\selenium\\webdriver\\common\\action_chains.py\", line 94, in perform\n    self.w3c_actions.perform()\n  File \"C:\\Users\\runneradmin\\AppData\\Local\\pypoetry\\Cache\\virtualenvs\\testcapitalcom-08IAlZho-py3.11\\Lib\\site-packages\\selenium\\webdriver\\common\\actions\\action_builder.py\", line 96, in perform\n    self.driver.execute(Command.W3C_ACTIONS, enc)\n  File \"C:\\Users\\runneradmin\\AppData\\Local\\pypoetry\\Cache\\virtualenvs\\testcapitalcom-08IAlZho-py3.11\\Lib\\site-packages\\selenium\\webdriver\\remote\\webdriver.py\", line 346, in execute\n    self.error_handler.check_response(response)\n  File \"C:\\Users\\runneradmin\\AppData\\Local\\pypoetry\\Cache\\virtualenvs\\testcapitalcom-08IAlZho-py3.11\\Lib\\site-packages\\selenium\\webdriver\\remote\\errorhandler.py\", line 229, in check_response\n    raise exception_class(message, screen, stacktrace)\n","steps":[{"name":"2023-12-05 13:59:01.902894.   Click 'Language and Country' menu section.","time":{"start":1701784827462,"stop":1701784829260,"duration":1798},"status":"passed","steps":[],"attachments":[],"parameters":[{"name":"test_language","value":"'ar'"}],"shouldDisplayMessage":false,"stepsCount":0,"attachmentsCount":0,"hasContent":true,"attachmentStep":false},{"name":"2023-12-05 13:59:01.902894.   Set language","time":{"start":1701784829260,"stop":1701784829278,"duration":18},"status":"broken","statusMessage":"selenium.common.exceptions.ElementNotInteractableException: Message: element not interactable: https://capital.com/ar has no size and location\n  (Session info: chrome=119.0.6045.160)\nStacktrace:\n\tGetHandleVerifier [0x00FA72A3+45731]\n\t(No symbol) [0x00F32D51]\n\t(No symbol) [0x00E2880D]\n\t(No symbol) [0x00E2C3EA]\n\t(No symbol) [0x00E2DB1A]\n\t(No symbol) [0x00E2DBC0]\n\t(No symbol) [0x00E60047]\n\t(No symbol) [0x00E5F973]\n\t(No symbol) [0x00E91BF7]\n\t(No symbol) [0x00E77FDC]\n\t(No symbol) [0x00E8B7A2]\n\t(No symbol) [0x00E77DD6]\n\t(No symbol) [0x00E531F6]\n\t(No symbol) [0x00E5439D]\n\tGetHandleVerifier [0x012B0716+3229462]\n\tGetHandleVerifier [0x012F84C8+3523784]\n\tGetHandleVerifier [0x012F214C+3498316]\n\tGetHandleVerifier [0x01031680+611968]\n\t(No symbol) [0x00F3CCCC]\n\t(No symbol) [0x00F38DF8]\n\t(No symbol) [0x00F38F1D]\n\t(No symbol) [0x00F2B2C7]\n\tBaseThreadInitThunk [0x76646A39+25]\n\tRtlGetFullPathName_UEx [0x77687F8D+173]\n\tRtlGetFullPathName_UEx [0x77687F5B+123]\n\n","statusTrace":"  File \"C:\\Users\\runneradmin\\AppData\\Local\\pypoetry\\Cache\\virtualenvs\\testcapitalcom-08IAlZho-py3.11\\Lib\\site-packages\\allure_commons\\_allure.py\", line 192, in impl\n    return func(*a, **kw)\n           ^^^^^^^^^^^^^^\n  File \"D:\\a\\SeleniumCapital\\SeleniumCapital\\pages\\Menu\\menu.py\", line 813, in set_language\n    .perform()\n     ^^^^^^^^^\n  File \"C:\\Users\\runneradmin\\AppData\\Local\\pypoetry\\Cache\\virtualenvs\\testcapitalcom-08IAlZho-py3.11\\Lib\\site-packages\\selenium\\webdriver\\common\\action_chains.py\", line 94, in perform\n    self.w3c_actions.perform()\n  File \"C:\\Users\\runneradmin\\AppData\\Local\\pypoetry\\Cache\\virtualenvs\\testcapitalcom-08IAlZho-py3.11\\Lib\\site-packages\\selenium\\webdriver\\common\\actions\\action_builder.py\", line 96, in perform\n    self.driver.execute(Command.W3C_ACTIONS, enc)\n  File \"C:\\Users\\runneradmin\\AppData\\Local\\pypoetry\\Cache\\virtualenvs\\testcapitalcom-08IAlZho-py3.11\\Lib\\site-packages\\selenium\\webdriver\\remote\\webdriver.py\", line 346, in execute\n    self.error_handler.check_response(response)\n  File \"C:\\Users\\runneradmin\\AppData\\Local\\pypoetry\\Cache\\virtualenvs\\testcapitalcom-08IAlZho-py3.11\\Lib\\site-packages\\selenium\\webdriver\\remote\\errorhandler.py\", line 229, in check_response\n    raise exception_class(message, screen, stacktrace)\n","steps":[],"attachments":[],"parameters":[{"name":"cur_language","value":"'ar'"}],"shouldDisplayMessage":true,"stepsCount":0,"attachmentsCount":0,"hasContent":true,"attachmentStep":false}],"attachments":[],"parameters":[{"name":"d","value":"<selenium.webdriver.chrome.webdriver.WebDriver (session=\"cf0e67d319d980b1c5bc168cf0a8f5d8\")>"},{"name":"host","value":"'https://capital.com'"},{"name":"end_point","value":"''"},{"name":"cur_language","value":"'ar'"},{"name":"cur_country","value":"'gb'"},{"name":"cur_role","value":"'NoReg'"},{"name":"cur_login","value":"'aqa.tomelo.an@gmail.com'"},{"name":"cur_password","value":"'iT9Vgqi6d$fiZ*Z'"}],"shouldDisplayMessage":false,"stepsCount":2,"attachmentsCount":0,"hasContent":true,"attachmentStep":false}],"attachments":[],"parameters":[{"name":"worker_id","value":"'master'"},{"name":"d","value":"<selenium.webdriver.chrome.webdriver.WebDriver (session=\"cf0e67d319d980b1c5bc168cf0a8f5d8\")>"},{"name":"cur_language","value":"'ar'"},{"name":"cur_country","value":"'gb'"},{"name":"cur_role","value":"'NoReg'"},{"name":"cur_login","value":"'aqa.tomelo.an@gmail.com'"},{"name":"cur_password","value":"'iT9Vgqi6d$fiZ*Z'"}],"shouldDisplayMessage":false,"stepsCount":3,"attachmentsCount":0,"hasContent":true,"attachmentStep":false}],"attachments":[{"uid":"1ec84d5db55c28aa","name":"Screenshot","source":"1ec84d5db55c28aa.png","type":"image/png","size":1404610},{"uid":"6d3522072d01cc7e","name":"stdout","source":"6d3522072d01cc7e.txt","type":"text/plain","size":1134}],"parameters":[],"shouldDisplayMessage":true,"stepsCount":4,"attachmentsCount":2,"hasContent":true,"attachmentStep":false},"afterStages":[{"name":"go::0","time":{"start":1701785960691,"stop":1701785963100,"duration":2409},"status":"passed","steps":[],"attachments":[],"parameters":[],"shouldDisplayMessage":false,"stepsCount":0,"attachmentsCount":0,"hasContent":false,"attachmentStep":false}],"labels":[{"name":"epic","value":"Language: ar / US_11.02.02 | Educations > Menu item [Shares trading]"},{"name":"feature","value":"Country: gb / Role: NoReg / TS_11.02.02 | Educations > Menu item [Shares trading]"},{"name":"story","value":"TC_11.02.02.00_09 | Testing button in block [Horizontal banner]"},{"name":"tag","value":"us_11_02_02"},{"name":"parentSuite","value":"tests.US_11_Education.US_11-02-02_Shares_trading"},{"name":"suite","value":"US_11-02-02_Shares_trading_test"},{"name":"subSuite","value":"TestSharesTrading"},{"name":"host","value":"fv-az1212-448"},{"name":"thread","value":"5020-MainThread"},{"name":"framework","value":"pytest"},{"name":"language","value":"cpython3"},{"name":"package","value":"tests.US_11_Education.US_11-02-02_Shares_trading.US_11-02-02_Shares_trading_test"},{"name":"resultFormat","value":"allure2"}],"parameters":[{"name":"cur_country","value":"'gb'"},{"name":"cur_language","value":"'ar'"},{"name":"cur_login","value":"'aqa.tomelo.an@gmail.com'"},{"name":"cur_password","value":"'iT9Vgqi6d$fiZ*Z'"},{"name":"cur_role","value":"'NoReg'"},{"name":"go","value":"'chrome'"}],"links":[],"hidden":false,"retry":false,"extra":{"severity":"normal","retries":[],"categories":[{"name":"Test defects","matchedStatuses":[],"flaky":false}],"tags":["us_11_02_02"]},"source":"e51aa415a631c777.json","parameterValues":["'gb'","'ar'","'aqa.tomelo.an@gmail.com'","'iT9Vgqi6d$fiZ*Z'","'NoReg'","'chrome'"]}