2023-12-08 14:23:11 ERROR Unable to initialize WebDriver
2023-12-08 14:23:11 ERROR 
Traceback (most recent call last):
  File "D:\a\SeleniumCapital\SeleniumCapital\pages\base_page.py", line 82, in inner_function
    return func(*args, **kwargs)
           ^^^^^^^^^^^^^^^^^^^^^
  File "D:\a\SeleniumCapital\SeleniumCapital\pages\base_page.py", line 390, in element_is_visible
    return Wait(self.browser, timeout).until(
           ^^^^^^^^^^^^^^^^^^^^^^^^^^^^^^^^^^
  File "C:\Users\runneradmin\AppData\Local\pypoetry\Cache\virtualenvs\testcapitalcom-08IAlZho-py3.11\Lib\site-packages\selenium\webdriver\support\wait.py", line 101, in until
    raise TimeoutException(message, screen, stacktrace)
selenium.common.exceptions.TimeoutException: Message: 
Stacktrace:
	GetHandleVerifier [0x00FA72A3+45731]
	(No symbol) [0x00F32D51]
	(No symbol) [0x00E2880D]
	(No symbol) [0x00E5B940]
	(No symbol) [0x00E5BE0B]
	(No symbol) [0x00E8D1F2]
	(No symbol) [0x00E78024]
	(No symbol) [0x00E8B7A2]
	(No symbol) [0x00E77DD6]
	(No symbol) [0x00E531F6]
	(No symbol) [0x00E5439D]
	GetHandleVerifier [0x012B0716+3229462]
	GetHandleVerifier [0x012F84C8+3523784]
	GetHandleVerifier [0x012F214C+3498316]
	GetHandleVerifier [0x01031680+611968]
	(No symbol) [0x00F3CCCC]
	(No symbol) [0x00F38DF8]
	(No symbol) [0x00F38F1D]
	(No symbol) [0x00F2B2C7]
	BaseThreadInitThunk [0x76336A39+25]
	RtlGetFullPathName_UEx [0x777B7F8D+173]
	RtlGetFullPathName_UEx [0x777B7F5B+123]

2023-12-08 14:23:15 ERROR Unable to initialize WebDriver
2023-12-08 14:23:15 ERROR 
Traceback (most recent call last):
  File "D:\a\SeleniumCapital\SeleniumCapital\pages\base_page.py", line 82, in inner_function
    return func(*args, **kwargs)
           ^^^^^^^^^^^^^^^^^^^^^
  File "D:\a\SeleniumCapital\SeleniumCapital\pages\base_page.py", line 390, in element_is_visible
    return Wait(self.browser, timeout).until(
           ^^^^^^^^^^^^^^^^^^^^^^^^^^^^^^^^^^
  File "C:\Users\runneradmin\AppData\Local\pypoetry\Cache\virtualenvs\testcapitalcom-08IAlZho-py3.11\Lib\site-packages\selenium\webdriver\support\wait.py", line 101, in until
    raise TimeoutException(message, screen, stacktrace)
selenium.common.exceptions.TimeoutException: Message: 
Stacktrace:
	GetHandleVerifier [0x00FA72A3+45731]
	(No symbol) [0x00F32D51]
	(No symbol) [0x00E2880D]
	(No symbol) [0x00E5B940]
	(No symbol) [0x00E5BE0B]
	(No symbol) [0x00E8D1F2]
	(No symbol) [0x00E78024]
	(No symbol) [0x00E8B7A2]
	(No symbol) [0x00E77DD6]
	(No symbol) [0x00E531F6]
	(No symbol) [0x00E5439D]
	GetHandleVerifier [0x012B0716+3229462]
	GetHandleVerifier [0x012F84C8+3523784]
	GetHandleVerifier [0x012F214C+3498316]
	GetHandleVerifier [0x01031680+611968]
	(No symbol) [0x00F3CCCC]
	(No symbol) [0x00F38DF8]
	(No symbol) [0x00F38F1D]
	(No symbol) [0x00F2B2C7]
	BaseThreadInitThunk [0x76336A39+25]
	RtlGetFullPathName_UEx [0x777B7F8D+173]
	RtlGetFullPathName_UEx [0x777B7F5B+123]