2023-12-06 20:29:04 ERROR Unable to initialize WebDriver
2023-12-06 20:29:04 ERROR 
Traceback (most recent call last):
  File "D:\a\SeleniumCapital\SeleniumCapital\pages\base_page.py", line 82, in inner_function
    return func(*args, **kwargs)
           ^^^^^^^^^^^^^^^^^^^^^
  File "D:\a\SeleniumCapital\SeleniumCapital\pages\base_page.py", line 390, in element_is_visible
    return Wait(self.browser, timeout).until(
           ^^^^^^^^^^^^^^^^^^^^^^^^^^^^^^^^^^
  File "C:\Users\runneradmin\AppData\Local\pypoetry\Cache\virtualenvs\testcapitalcom-08IAlZho-py3.11\Lib\site-packages\selenium\webdriver\support\wait.py", line 101, in until
    raise TimeoutException(message, screen, stacktrace)
selenium.common.exceptions.TimeoutException: Message: 
Stacktrace:
	GetHandleVerifier [0x003672A3+45731]
	(No symbol) [0x002F2D51]
	(No symbol) [0x001E880D]
	(No symbol) [0x0021B940]
	(No symbol) [0x0021BE0B]
	(No symbol) [0x0024D1F2]
	(No symbol) [0x00238024]
	(No symbol) [0x0024B7A2]
	(No symbol) [0x00237DD6]
	(No symbol) [0x002131F6]
	(No symbol) [0x0021439D]
	GetHandleVerifier [0x00670716+3229462]
	GetHandleVerifier [0x006B84C8+3523784]
	GetHandleVerifier [0x006B214C+3498316]
	GetHandleVerifier [0x003F1680+611968]
	(No symbol) [0x002FCCCC]
	(No symbol) [0x002F8DF8]
	(No symbol) [0x002F8F1D]
	(No symbol) [0x002EB2C7]
	BaseThreadInitThunk [0x764B6A39+25]
	RtlGetFullPathName_UEx [0x77267F8D+173]
	RtlGetFullPathName_UEx [0x77267F5B+123]

2023-12-06 20:29:09 ERROR Unable to initialize WebDriver
2023-12-06 20:29:09 ERROR 
Traceback (most recent call last):
  File "D:\a\SeleniumCapital\SeleniumCapital\pages\base_page.py", line 82, in inner_function
    return func(*args, **kwargs)
           ^^^^^^^^^^^^^^^^^^^^^
  File "D:\a\SeleniumCapital\SeleniumCapital\pages\base_page.py", line 390, in element_is_visible
    return Wait(self.browser, timeout).until(
           ^^^^^^^^^^^^^^^^^^^^^^^^^^^^^^^^^^
  File "C:\Users\runneradmin\AppData\Local\pypoetry\Cache\virtualenvs\testcapitalcom-08IAlZho-py3.11\Lib\site-packages\selenium\webdriver\support\wait.py", line 101, in until
    raise TimeoutException(message, screen, stacktrace)
selenium.common.exceptions.TimeoutException: Message: 
Stacktrace:
	GetHandleVerifier [0x003672A3+45731]
	(No symbol) [0x002F2D51]
	(No symbol) [0x001E880D]
	(No symbol) [0x0021B940]
	(No symbol) [0x0021BE0B]
	(No symbol) [0x0024D1F2]
	(No symbol) [0x00238024]
	(No symbol) [0x0024B7A2]
	(No symbol) [0x00237DD6]
	(No symbol) [0x002131F6]
	(No symbol) [0x0021439D]
	GetHandleVerifier [0x00670716+3229462]
	GetHandleVerifier [0x006B84C8+3523784]
	GetHandleVerifier [0x006B214C+3498316]
	GetHandleVerifier [0x003F1680+611968]
	(No symbol) [0x002FCCCC]
	(No symbol) [0x002F8DF8]
	(No symbol) [0x002F8F1D]
	(No symbol) [0x002EB2C7]
	BaseThreadInitThunk [0x764B6A39+25]
	RtlGetFullPathName_UEx [0x77267F8D+173]
	RtlGetFullPathName_UEx [0x77267F5B+123]