2023-12-06 13:55:17 ERROR Unable to initialize WebDriver
2023-12-06 13:55:17 ERROR 
Traceback (most recent call last):
  File "D:\a\SeleniumCapital\SeleniumCapital\pages\base_page.py", line 82, in inner_function
    return func(*args, **kwargs)
           ^^^^^^^^^^^^^^^^^^^^^
  File "D:\a\SeleniumCapital\SeleniumCapital\pages\base_page.py", line 390, in element_is_visible
    return Wait(self.browser, timeout).until(
           ^^^^^^^^^^^^^^^^^^^^^^^^^^^^^^^^^^
  File "C:\Users\runneradmin\AppData\Local\pypoetry\Cache\virtualenvs\testcapitalcom-08IAlZho-py3.11\Lib\site-packages\selenium\webdriver\support\wait.py", line 101, in until
    raise TimeoutException(message, screen, stacktrace)
selenium.common.exceptions.TimeoutException: Message: 
Stacktrace:
	GetHandleVerifier [0x011A72A3+45731]
	(No symbol) [0x01132D51]
	(No symbol) [0x0102880D]
	(No symbol) [0x0105B940]
	(No symbol) [0x0105BE0B]
	(No symbol) [0x0108D1F2]
	(No symbol) [0x01078024]
	(No symbol) [0x0108B7A2]
	(No symbol) [0x01077DD6]
	(No symbol) [0x010531F6]
	(No symbol) [0x0105439D]
	GetHandleVerifier [0x014B0716+3229462]
	GetHandleVerifier [0x014F84C8+3523784]
	GetHandleVerifier [0x014F214C+3498316]
	GetHandleVerifier [0x01231680+611968]
	(No symbol) [0x0113CCCC]
	(No symbol) [0x01138DF8]
	(No symbol) [0x01138F1D]
	(No symbol) [0x0112B2C7]
	BaseThreadInitThunk [0x76926A39+25]
	RtlGetFullPathName_UEx [0x77D47F8D+173]
	RtlGetFullPathName_UEx [0x77D47F5B+123]

2023-12-06 13:55:32 ERROR Unable to initialize WebDriver
2023-12-06 13:55:32 ERROR no such execution context
  (Session info: chrome=119.0.6045.160)
Traceback (most recent call last):
  File "D:\a\SeleniumCapital\SeleniumCapital\pages\base_page.py", line 82, in inner_function
    return func(*args, **kwargs)
           ^^^^^^^^^^^^^^^^^^^^^
  File "D:\a\SeleniumCapital\SeleniumCapital\pages\base_page.py", line 607, in wait_for_target_url
    return Wait(self.browser, timeout).until(
           ^^^^^^^^^^^^^^^^^^^^^^^^^^^^^^^^^^
  File "C:\Users\runneradmin\AppData\Local\pypoetry\Cache\virtualenvs\testcapitalcom-08IAlZho-py3.11\Lib\site-packages\selenium\webdriver\support\wait.py", line 92, in until
    value = method(self._driver)
            ^^^^^^^^^^^^^^^^^^^^
  File "C:\Users\runneradmin\AppData\Local\pypoetry\Cache\virtualenvs\testcapitalcom-08IAlZho-py3.11\Lib\site-packages\selenium\webdriver\support\expected_conditions.py", line 94, in _predicate
    return url in driver.current_url
                  ^^^^^^^^^^^^^^^^^^
  File "C:\Users\runneradmin\AppData\Local\pypoetry\Cache\virtualenvs\testcapitalcom-08IAlZho-py3.11\Lib\site-packages\selenium\webdriver\remote\webdriver.py", line 436, in current_url
    return self.execute(Command.GET_CURRENT_URL)["value"]
           ^^^^^^^^^^^^^^^^^^^^^^^^^^^^^^^^^^^^^
  File "C:\Users\runneradmin\AppData\Local\pypoetry\Cache\virtualenvs\testcapitalcom-08IAlZho-py3.11\Lib\site-packages\selenium\webdriver\remote\webdriver.py", line 346, in execute
    self.error_handler.check_response(response)
  File "C:\Users\runneradmin\AppData\Local\pypoetry\Cache\virtualenvs\testcapitalcom-08IAlZho-py3.11\Lib\site-packages\selenium\webdriver\remote\errorhandler.py", line 229, in check_response
    raise exception_class(message, screen, stacktrace)
selenium.common.exceptions.WebDriverException: Message: no such execution context
  (Session info: chrome=119.0.6045.160)
Stacktrace:
	GetHandleVerifier [0x011A72A3+45731]
	(No symbol) [0x01132D51]
	(No symbol) [0x010286D0]
	(No symbol) [0x0101AFEB]
	(No symbol) [0x010198EE]
	(No symbol) [0x01019FFA]
	(No symbol) [0x01023D70]
	(No symbol) [0x01030BAA]
	(No symbol) [0x01033BA6]
	(No symbol) [0x0101A52C]
	(No symbol) [0x010308E2]
	(No symbol) [0x0108B8C3]
	(No symbol) [0x01077DD6]
	(No symbol) [0x010531F6]
	(No symbol) [0x0105439D]
	GetHandleVerifier [0x014B0716+3229462]
	GetHandleVerifier [0x014F84C8+3523784]
	GetHandleVerifier [0x014F214C+3498316]
	GetHandleVerifier [0x01231680+611968]
	(No symbol) [0x0113CCCC]
	(No symbol) [0x01138DF8]
	(No symbol) [0x01138F1D]
	(No symbol) [0x0112B2C7]
	BaseThreadInitThunk [0x76926A39+25]
	RtlGetFullPathName_UEx [0x77D47F8D+173]
	RtlGetFullPathName_UEx [0x77D47F5B+123]