2023-12-11 19:38:51 ERROR Unable to initialize WebDriver
2023-12-11 19:38:51 ERROR 
Traceback (most recent call last):
  File "/home/runner/work/SeleniumCapital/SeleniumCapital/pages/base_page.py", line 82, in inner_function
    return func(*args, **kwargs)
           ^^^^^^^^^^^^^^^^^^^^^
  File "/home/runner/work/SeleniumCapital/SeleniumCapital/pages/base_page.py", line 394, in element_is_visible
    return Wait(self.browser, timeout).until(
           ^^^^^^^^^^^^^^^^^^^^^^^^^^^^^^^^^^
  File "/home/runner/.cache/pypoetry/virtualenvs/testcapitalcom-cIj6ROMf-py3.11/lib/python3.11/site-packages/selenium/webdriver/support/wait.py", line 105, in until
    raise TimeoutException(message, screen, stacktrace)
selenium.common.exceptions.TimeoutException: Message: 
Stacktrace:
#0 0x5578b67c35e3 <unknown>
#1 0x5578b64860b7 <unknown>
#2 0x5578b64d3f53 <unknown>
#3 0x5578b64d4051 <unknown>
#4 0x5578b65199c4 <unknown>
#5 0x5578b64faf1d <unknown>
#6 0x5578b6516b3d <unknown>
#7 0x5578b64facc3 <unknown>
#8 0x5578b64c60e4 <unknown>
#9 0x5578b64c70ae <unknown>
#10 0x5578b6789ce1 <unknown>
#11 0x5578b678db7e <unknown>
#12 0x5578b67774b5 <unknown>
#13 0x5578b678e7d6 <unknown>
#14 0x5578b675adbf <unknown>
#15 0x5578b67b1748 <unknown>
#16 0x5578b67b1917 <unknown>
#17 0x5578b67c2773 <unknown>
#18 0x7f33e0c94ac3 <unknown>

2023-12-11 19:38:56 ERROR Unable to initialize WebDriver
2023-12-11 19:38:56 ERROR 
Traceback (most recent call last):
  File "/home/runner/work/SeleniumCapital/SeleniumCapital/pages/base_page.py", line 82, in inner_function
    return func(*args, **kwargs)
           ^^^^^^^^^^^^^^^^^^^^^
  File "/home/runner/work/SeleniumCapital/SeleniumCapital/pages/base_page.py", line 394, in element_is_visible
    return Wait(self.browser, timeout).until(
           ^^^^^^^^^^^^^^^^^^^^^^^^^^^^^^^^^^
  File "/home/runner/.cache/pypoetry/virtualenvs/testcapitalcom-cIj6ROMf-py3.11/lib/python3.11/site-packages/selenium/webdriver/support/wait.py", line 105, in until
    raise TimeoutException(message, screen, stacktrace)
selenium.common.exceptions.TimeoutException: Message: 
Stacktrace:
#0 0x5578b67c35e3 <unknown>
#1 0x5578b64860b7 <unknown>
#2 0x5578b64d3f53 <unknown>
#3 0x5578b64d4051 <unknown>
#4 0x5578b65199c4 <unknown>
#5 0x5578b64faf1d <unknown>
#6 0x5578b6516b3d <unknown>
#7 0x5578b64facc3 <unknown>
#8 0x5578b64c60e4 <unknown>
#9 0x5578b64c70ae <unknown>
#10 0x5578b6789ce1 <unknown>
#11 0x5578b678db7e <unknown>
#12 0x5578b67774b5 <unknown>
#13 0x5578b678e7d6 <unknown>
#14 0x5578b675adbf <unknown>
#15 0x5578b67b1748 <unknown>
#16 0x5578b67b1917 <unknown>
#17 0x5578b67c2773 <unknown>
#18 0x7f33e0c94ac3 <unknown>