2023-11-28 12:14:33 ERROR Unable to initialize WebDriver
2023-11-28 12:14:33 ERROR 
Traceback (most recent call last):
  File "/home/runner/work/SeleniumCapital/SeleniumCapital/pages/base_page.py", line 82, in inner_function
    return func(*args, **kwargs)
           ^^^^^^^^^^^^^^^^^^^^^
  File "/home/runner/work/SeleniumCapital/SeleniumCapital/pages/base_page.py", line 390, in element_is_visible
    return Wait(self.browser, timeout).until(
           ^^^^^^^^^^^^^^^^^^^^^^^^^^^^^^^^^^
  File "/home/runner/.cache/pypoetry/virtualenvs/testcapitalcom-cIj6ROMf-py3.11/lib/python3.11/site-packages/selenium/webdriver/support/wait.py", line 101, in until
    raise TimeoutException(message, screen, stacktrace)
selenium.common.exceptions.TimeoutException: Message: 
Stacktrace:
#0 0x56004759b5e3 <unknown>
#1 0x56004725e0b7 <unknown>
#2 0x5600472abf53 <unknown>
#3 0x5600472ac051 <unknown>
#4 0x5600472f19c4 <unknown>
#5 0x5600472d2f1d <unknown>
#6 0x5600472eeb3d <unknown>
#7 0x5600472d2cc3 <unknown>
#8 0x56004729e0e4 <unknown>
#9 0x56004729f0ae <unknown>
#10 0x560047561ce1 <unknown>
#11 0x560047565b7e <unknown>
#12 0x56004754f4b5 <unknown>
#13 0x5600475667d6 <unknown>
#14 0x560047532dbf <unknown>
#15 0x560047589748 <unknown>
#16 0x560047589917 <unknown>
#17 0x56004759a773 <unknown>
#18 0x7fbf99294ac3 <unknown>

2023-11-28 12:14:36 ERROR Unable to initialize WebDriver
2023-11-28 12:14:36 ERROR 
Traceback (most recent call last):
  File "/home/runner/work/SeleniumCapital/SeleniumCapital/pages/base_page.py", line 82, in inner_function
    return func(*args, **kwargs)
           ^^^^^^^^^^^^^^^^^^^^^
  File "/home/runner/work/SeleniumCapital/SeleniumCapital/pages/base_page.py", line 390, in element_is_visible
    return Wait(self.browser, timeout).until(
           ^^^^^^^^^^^^^^^^^^^^^^^^^^^^^^^^^^
  File "/home/runner/.cache/pypoetry/virtualenvs/testcapitalcom-cIj6ROMf-py3.11/lib/python3.11/site-packages/selenium/webdriver/support/wait.py", line 101, in until
    raise TimeoutException(message, screen, stacktrace)
selenium.common.exceptions.TimeoutException: Message: