


2024-01-16 12:05:58.717750   0. Get Values row =>
2024-01-16 12:05:58.717774   Row # = 13

2024-01-16 12:05:58.717842   1. get_row_values from 13 row =>
2024-01-16 12:05:58.921866   => row values = 
[['Bid:11.03.01.01_01-es.ae.NoAuth', 'Ubuntu 22.04', 'Chrome', '11.03.01.01', '_01', 'es', 'ae', 'SCB', 'NoAuth', 'https://capital.com/es/swing-trading', 'Education', 'Trading strategies guide L1', 'On Main banner click Button [Start Trading]', 'On Main banner click Button [Start Trading]', '', '05']]

2024-01-16 12:05:58.921920   => 1. Get row values from 13 row finished
2024-01-16 12:05:58.921990   Row Values = 
['Bid:11.03.01.01_01-es.ae.NoAuth', 'Ubuntu 22.04', 'Chrome', '11.03.01.01', '_01', 'es', 'ae', 'SCB', 'NoAuth', 'https://capital.com/es/swing-trading', 'Education', 'Trading strategies guide L1', 'On Main banner click Button [Start Trading]', 'On Main banner click Button [Start Trading]', '', '05']

2024-01-16 12:05:58.922147   1. Run pretest =>

2024-01-16 12:05:58.922164   row_loc = 
['Bid:11.03.01.01_01-es.ae.NoAuth', 'Ubuntu 22.04', 'Chrome', '11.03.01.01', '_01', 'es', 'ae', 'SCB', 'NoAuth', 'https://capital.com/es/swing-trading', 'Education', 'Trading strategies guide L1', 'On Main banner click Button [Start Trading]', 'On Main banner click Button [Start Trading]', '', '05']

2024-01-16 12:05:58.922181   => 1. Pretest finished

2024-01-16 12:05:58.922247   2. Run run_pytest with Bid = Bid:11.03.01.01_01-es.ae.NoAuth from row =>

2024-01-16 12:05:58.922260   2.2. Run poetry run pytest ... in subprocess =>

2024-01-16 12:05:58.922280   Run command: 
poetry run pytest --retest=True --browser_name=Chrome --lang=es --country=ae --role=NoAuth --tpi_link=https://capital.com/es/swing-trading -m test_01 -v \tests/US_11_Education/US_11-03-01_trading_strategies_guide/US_11-03-01-01_trading_strategies_guide_test.py

2024-01-16 12:06:40.459183   => 2.2. pytest ... as subprocess finished

2024-01-16 12:06:40.459263   => 2. Autotest with Bid = Bid:11.03.01.01_01-es.ae.NoAuth from row finished

2024-01-16 12:06:40.459344   3. Run check_results =>
2024-01-16 12:06:40.459369   test_results: 
============================= test session starts ==============================
platform linux -- Python 3.11.7, pytest-7.4.3, pluggy-1.3.0 -- /home/runner/.cache/pypoetry/virtualenvs/testcapitalcom-cIj6ROMf-py3.11/bin/python
cachedir: .pytest_cache
metadata: {'Python': '3.11.7', 'Platform': 'Linux-6.2.0-1018-azure-x86_64-with-glibc2.35', 'Packages': {'pytest': '7.4.3', 'pluggy': '1.3.0'}, 'Plugins': {'html': '4.1.1', 'xdist': '3.5.0', 'timeout': '2.2.0', 'allure-pytest': '2.13.2', 'metadata': '3.0.0'}, 'CI': 'true', 'JAVA_HOME': '/usr/lib/jvm/temurin-11-jdk-amd64'}
rootdir: /home/runner/work/SeleniumCapital/SeleniumCapital
configfile: pytest.ini
plugins: html-4.1.1, xdist-3.5.0, timeout-2.2.0, allure-pytest-2.13.2, metadata-3.0.0
collecting ... collected 10 items / 9 deselected / 1 selected

tests/US_11_Education/US_11-03-01_trading_strategies_guide/US_11-03-01-01_trading_strategies_guide_test.py::TestTradingStrategiesGuides::test_01_main_banner_start_trading_button[https://capital.com/es/swing-trading-Chrome-es-ae-NoAuth-aqa.tomelo.an@gmail.com-iT9Vgqi6d$fiZ*Z] FAILED [100%]

=================================== FAILURES ===================================
_ TestTradingStrategiesGuides.test_01_main_banner_start_trading_button[https://capital.com/es/swing-trading-Chrome-es-ae-NoAuth-aqa.tomelo.an@gmail.com-iT9Vgqi6d$fiZ*Z] _

self = <US_11-03-01-01_trading_strategies_guide_test.TestTradingStrategiesGuides object at 0x7f68e9377410>
worker_id = 'master'
d = <selenium.webdriver.chrome.webdriver.WebDriver (session="63ee580a198049956b96b82442da2490")>
cur_language = 'es', cur_country = 'ae', cur_role = 'NoAuth'
cur_login = 'aqa.tomelo.an@gmail.com', cur_password = 'iT9Vgqi6d$fiZ*Z'
cur_item_link = 'https://capital.com/es/swing-trading'

    @allure.step("Start test_11.03.01.01_01 of button [Start Trading] on Main banner")
    @pytest.mark.test_01
    def test_01_main_banner_start_trading_button(
            self, worker_id, d, cur_language, cur_country, cur_role, cur_login, cur_password, cur_item_link):
        """
        Check: Button [Start Trading]
        Language: All. License: All.
        """
        bid = build_dynamic_arg_v4(
            d, worker_id, cur_language, cur_country, cur_role,
            "11.03.01", "Education > Menu item [Trading Strategies Guides]",
            ".01_01", "Testing button [Start Trading] on Main banner")
    
        Common().check_language_in_list_and_skip_if_not_present(cur_language, ["", "de", "es", "it", "zh", "ru"])
    
        page_conditions = Conditions(d, "")
        page_conditions.preconditions(
            d, CapitalComPageSrc.URL, "", cur_language, cur_country, cur_role, cur_login, cur_password)
    
        test_element = MainBannerStartTrading(d, cur_item_link, bid)
>       test_element.full_test_with_tpi(d, cur_language, cur_country, cur_role, cur_item_link)

tests/US_11_Education/US_11-03-01_trading_strategies_guide/US_11-03-01-01_trading_strategies_guide_test.py:54: 
_ _ _ _ _ _ _ _ _ _ _ _ _ _ _ _ _ _ _ _ _ _ _ _ _ _ _ _ _ _ _ _ _ _ _ _ _ _ _ _ 
pages/Elements/ButtonStartTradingMainBanner.py:28: in full_test_with_tpi
    test_element.assert_login(d, cur_language, cur_item_link)
_ _ _ _ _ _ _ _ _ _ _ _ _ _ _ _ _ _ _ _ _ _ _ _ _ _ _ _ _ _ _ _ _ _ _ _ _ _ _ _ 

self = <pages.Elements.AssertClass.AssertClass object at 0x7f68e9535cd0>
d = <selenium.webdriver.chrome.webdriver.WebDriver (session="63ee580a198049956b96b82442da2490")>
cur_language = 'es', cur_link = 'https://capital.com/es/swing-trading'

    @allure.step('Checking that "Login" form or page opened')
    def assert_login(self, d, cur_language, cur_link):
        """Method Assert Login form or page"""
        print(f"\n{datetime.now()}   3. Assert_Login_v0")
        self.page_signup_login = SignupLogin(d, cur_link)
        if self.page_signup_login.should_be_login_form():
            self.page_signup_login.close_login_form()
            del self.page_signup_login
        elif self.page_signup_login.should_be_login_page():
            self.page_signup_login.close_login_page()
            del self.page_signup_login
        elif self.page_signup_login.should_be_trading_platform_login_form(cur_language):
            self.page_signup_login.close_trading_platform_login_form()
            del self.page_signup_login
        elif self.page_signup_login.should_be_signup_form(cur_language):
            del self.page_signup_login
            print(f'\nBug: {self.bid}')
            retest_table_fill(self.bid, '05', self.link)
>           assert False, "Bug # 05. Opened a 'Sign up' form instead of a 'Login'"
E           AssertionError: Bug # 05. Opened a 'Sign up' form instead of a 'Login'

pages/Elements/AssertClass.py:69: AssertionError
---------------------------- Captured stdout setup -----------------------------

2024-01-16 12:05:59.741844   *** autouse fixture Chrome ***

{'width': 1280, 'height': 720}
Current test language - es
Current country of trading - ae



Current test role - NoAuth
Current login - aqa.tomelo.an@gmail.com
Current login - iT9Vgqi6d$fiZ*Z
----------------------------- Captured stdout call -----------------------------
{'width': 1280, 'height': 720}

2024-01-16 12:06:00.642563   worker_id = master

2024-01-16 12:06:00.642580   0. Allure grouping v4


2024-01-16 12:06:00.642767   START PRECONDITIONS =>

2024-01-16 12:06:01.942607   Load page https://capital.com

2024-01-16 12:06:01.942654   {'width': 1280, 'height': 720}

2024-01-16 12:06:01.944793   Set windows position at (0, 0) =>

2024-01-16 12:06:02.057458   Set resolution 1280 * 720 =>

2024-01-16 12:06:02.165456   => Resolution seted {'width': 1280, 'height': 720}

2024-01-16 12:06:07.188067   Капчи нет. Тестим дальше

2024-01-16 12:06:07.188164   Prev. Role: ?

2024-01-16 12:06:07.188176   Run preconditions: set "NoAuth" Role =>
2024-01-16 12:06:08.141178   Load page https://capital.com

2024-01-16 12:06:08.338446   => All cookies are deleted
2024-01-16 12:06:09.045778   Load page https://capital.com

2024-01-16 12:06:09.045967   Step 'Click button [Accept all cookies]'
2024-01-16 12:06:14.100170   Is Visible Button [Accept all cookies]? =>
2024-01-16 12:06:14.121444   => Button [Accept all cookies] is visible
2024-01-16 12:06:15.121564   Is clickable Button [Accept all cookies] =>
2024-01-16 12:06:15.144594   => Button [Accept all cookies] is clickable
2024-01-16 12:06:15.144624   Click Button [Accept all cookies] =>
2024-01-16 12:06:15.209526   => Button [Accept all cookies] is clicked
2024-01-16 12:06:15.209568   => Accepted All Cookies

2024-01-16 12:06:15.709935   Start Autorization

2024-01-16 12:06:15.710064   2. Act
2024-01-16 12:06:15.710082   Start Click button [Log in] =>
2024-01-16 12:06:15.718748   BUTTON_LOGIN scroll =>
2024-01-16 12:06:15.722277   Is BUTTON_LOGIN clickable? =>
2024-01-16 12:06:15.733019   => BUTTON_LOGIN is clickable
2024-01-16 12:06:15.733040   BUTTON_LOGIN click =>
2024-01-16 12:06:15.769785   => BUTTON_LOGIN is clicked!
2024-01-16 12:06:15.769870   => 'Login' form is opened
2024-01-16 12:06:16.229297   => "login" and "password" are inputted
2024-01-16 12:06:16.229347   Click [Continue] button on [Login] form =>
2024-01-16 12:06:16.303234   => [Continue] button on [Login] form is clicked
2024-01-16 12:06:18.288982   Start check that the Trading platform page is loaded and LOGO is present on it =>
2024-01-16 12:06:18.289025   Set timeout = 30
2024-01-16 12:06:18.289049   Wait until load page with special title =>
2024-01-16 12:06:18.291920   => Page with title "Trading Platform | Capital.com" is loaded
2024-01-16 12:06:18.291941   Is present LOGO on this page? =>
2024-01-16 12:06:19.272727   => LOGO is visible on this page
2024-01-16 12:06:19.272808   -> "Capital.com" logo is present on trading platform page

2024-01-16 12:06:20.059788   Start DeAuthorisation
2024-01-16 12:06:20.060029   1. BUTTON_MY_ACCOUNT is present? =>
2024-01-16 12:06:20.092423   => BUTTON_MY_ACCOUNT is present on this page
2024-01-16 12:06:21.369176   => Move to BUTTON_MY_ACCOUNT
2024-01-16 12:06:21.369217   2. BUTTON_MY_ACCOUNT is clickable? =>
2024-01-16 12:06:21.388645   => BUTTON_MY_ACCOUNT is clickable
2024-01-16 12:06:21.388674   BUTTON_MY_ACCOUNT Click =>
2024-01-16 12:06:22.206965   => User panel [My account] is opened

2024-01-16 12:06:22.207159   Start Click [Logout] button:
2024-01-16 12:06:22.207173   BUTTON_LOGOUT is present? =>
2024-01-16 12:06:22.214554   => BUTTON_LOGOUT is present
2024-01-16 12:06:22.214575   Is visible BUTTON_LOGOUT? =>
2024-01-16 12:06:22.226689   BUTTON_LOGOUT is clickable? =>
2024-01-16 12:06:22.239457   BUTTON_LOGOUT click =>
2024-01-16 12:06:22.287011   => BUTTON_LOGOUT is clicked

2024-01-16 12:06:22.287132   Current role: NoAuth

2024-01-16 12:06:22.287147   Prev language: ?

2024-01-16 12:06:22.287156   Run preconditions: set "es" language =>


2024-01-16 12:06:22.311321   => Language and Country menu is present


2024-01-16 12:06:22.326027   => Language and Country menu is visible


2024-01-16 12:06:23.108770   => Focus is moved on Language and Country menu 

2024-01-16 12:06:23.894071   => Current language: es

2024-01-16 12:06:23.894103   Prev country: ?

2024-01-16 12:06:23.894112   Run preconditions: set "ae" country =>


2024-01-16 12:06:23.899526   => Language and Country menu is present


2024-01-16 12:06:23.912799   => Language and Country menu is visible


2024-01-16 12:06:24.686606   => Focus is moved on Language and Country menu 

2024-01-16 12:06:26.705728   => Current country: ae

2024-01-16 12:06:26.705769   => THE END PRECONDITIONS

2024-01-16 12:06:26.705803   1. Arrange_v0
2024-01-16 12:06:27.501635   Load page https://capital.com/es/swing-trading
2024-01-16 12:06:27.732052   BUTTON_START_TRADING scroll =>
2024-01-16 12:06:27.737126   BUTTON_START_TRADING is visible? =>
2024-01-16 12:06:27.754880   => BUTTON_START_TRADING is visible on the page!

2024-01-16 12:06:27.755064   2. Act_v0
2024-01-16 12:06:27.755081   Start Click button [Start Trading] =>
2024-01-16 12:06:27.780750   BUTTON_START_TRADING is clickable? =>
2024-01-16 12:06:27.794265   BUTTON_START_TRADING click =>
2024-01-16 12:06:27.828009   => BUTTON_START_TRADING clicked

2024-01-16 12:06:27.828220   3. Assert_Login_v0
2024-01-16 12:06:27.828292   Check that 'Login' form is opened
2024-01-16 12:06:33.389631   'Login' form not opened
2024-01-16 12:06:33.392359   'Login' page not opened
2024-01-16 12:06:38.934700   'Login' form on trading platform not opened
2024-01-16 12:06:38.934875   Start step Check that [Sign up] form is opened
2024-01-16 12:06:38.948825   'Sign up' form opened
2024-01-16 12:06:38.948847   Assert SIGNUP_HEADER =>
2024-01-16 12:06:38.961713   Assert SIGNUP_REF_LOGIN =>
2024-01-16 12:06:38.974862   Assert SIGNUP_PRIVACY_POLICY_ALL_2 =>
2024-01-16 12:06:38.988918   => SIGNUP_PRIVACY_POLICY_ALL
2024-01-16 12:06:38.988942   => 'Signup' form is checked

Bug: Bid:11.03.01.01_01-es.ae.NoAuth

2024-01-16 12:06:38.988997   Проверка бага в таблице ретеста  =>

2024-01-16 12:06:38.996303   4. Fixing one row check results into Google Sheet Bugs Report =>
1 cells updated.
2024-01-16 12:06:39.391277   => 4. One row check results into Google Sheet Bugs Report fixed

2024-01-16 12:06:39.766655   Bug: Bid:11.03.01.01_01-es.ae.NoAuth-05 уже существует

2024-01-16 12:06:39.766840   4. Fixing one row check results into Google Sheet Bugs Report =>
1 cells updated.
2024-01-16 12:06:40.083189   => 4. One row check results into Google Sheet Bugs Report fixed
------------------------------ Captured log call -------------------------------
2024-01-16 12:06:33 ERROR Elements not present after 0.5 seconds on page: https://capital.com/es/swing-trading
2024-01-16 12:06:33 ERROR 
Traceback (most recent call last):
  File "/home/runner/work/SeleniumCapital/SeleniumCapital/pages/base_page.py", line 82, in inner_function
    return func(*args, **kwargs)
           ^^^^^^^^^^^^^^^^^^^^^
  File "/home/runner/work/SeleniumCapital/SeleniumCapital/pages/base_page.py", line 293, in element_is_visible
    return Wait(self.browser, timeout).until(
           ^^^^^^^^^^^^^^^^^^^^^^^^^^^^^^^^^^
  File "/home/runner/.cache/pypoetry/virtualenvs/testcapitalcom-cIj6ROMf-py3.11/lib/python3.11/site-packages/selenium/webdriver/support/wait.py", line 105, in until
    raise TimeoutException(message, screen, stacktrace)
selenium.common.exceptions.TimeoutException: Message: 
Stacktrace:
#0 0x555ee9e4ef83 <unknown>
#1 0x555ee9b07cf7 <unknown>
#2 0x555ee9b5799e <unknown>
#3 0x555ee9b57aa1 <unknown>
#4 0x555ee9ba2d64 <unknown>
#5 0x555ee9b810dd <unknown>
#6 0x555ee9ba0006 <unknown>
#7 0x555ee9b80e53 <unknown>
#8 0x555ee9b48dd4 <unknown>
#9 0x555ee9b4a1de <unknown>
#10 0x555ee9e13531 <unknown>
#11 0x555ee9e17455 <unknown>
#12 0x555ee9dfff55 <unknown>
#13 0x555ee9e180ef <unknown>
#14 0x555ee9de399f <unknown>
#15 0x555ee9e3c008 <unknown>
#16 0x555ee9e3c1d7 <unknown>
#17 0x555ee9e4e124 <unknown>
#18 0x7f1640894ac3 <unknown>

2024-01-16 12:06:38 ERROR Elements not present after 0.5 seconds on page: https://capital.com/es/swing-trading
2024-01-16 12:06:38 ERROR 
Traceback (most recent call last):
  File "/home/runner/work/SeleniumCapital/SeleniumCapital/pages/base_page.py", line 82, in inner_function
    return func(*args, **kwargs)
           ^^^^^^^^^^^^^^^^^^^^^
  File "/home/runner/work/SeleniumCapital/SeleniumCapital/pages/base_page.py", line 293, in element_is_visible
    return Wait(self.browser, timeout).until(
           ^^^^^^^^^^^^^^^^^^^^^^^^^^^^^^^^^^
  File "/home/runner/.cache/pypoetry/virtualenvs/testcapitalcom-cIj6ROMf-py3.11/lib/python3.11/site-packages/selenium/webdriver/support/wait.py", line 105, in until
    raise TimeoutException(message, screen, stacktrace)
selenium.common.exceptions.TimeoutException: Message: 
Stacktrace:
#0 0x555ee9e4ef83 <unknown>
#1 0x555ee9b07cf7 <unknown>
#2 0x555ee9b5799e <unknown>
#3 0x555ee9b57aa1 <unknown>
#4 0x555ee9ba2d64 <unknown>
#5 0x555ee9b810dd <unknown>
#6 0x555ee9ba0006 <unknown>
#7 0x555ee9b80e53 <unknown>
#8 0x555ee9b48dd4 <unknown>
#9 0x555ee9b4a1de <unknown>
#10 0x555ee9e13531 <unknown>
#11 0x555ee9e17455 <unknown>
#12 0x555ee9dfff55 <unknown>
#13 0x555ee9e180ef <unknown>
#14 0x555ee9de399f <unknown>
#15 0x555ee9e3c008 <unknown>
#16 0x555ee9e3c1d7 <unknown>
#17 0x555ee9e4e124 <unknown>
#18 0x7f1640894ac3 <unknown>
--------------------------- Captured stdout teardown ---------------------------

2024-01-16 12:06:40.386277   *** end fixture Browser = teardown ***

=============================== warnings summary ===============================
tests/US_11_Education/US_11-03-01_trading_strategies_guide/US_11-03-01-01_trading_strategies_guide_test.py::TestTradingStrategiesGuides::test_01_main_banner_start_trading_button[https://capital.com/es/swing-trading-Chrome-es-ae-NoAuth-aqa.tomelo.an@gmail.com-iT9Vgqi6d$fiZ*Z]
  /home/runner/.cache/pypoetry/virtualenvs/testcapitalcom-cIj6ROMf-py3.11/lib/python3.11/site-packages/pytest_html/plugin.py:133: DeprecationWarning: The 'report.extra' attribute is deprecated and will be removed in a future release, use 'report.extras' instead.
    warnings.warn(

-- Docs: https://docs.pytest.org/en/stable/how-to/capture-warnings.html
- Generated html report: file:///home/runner/work/SeleniumCapital/SeleniumCapital/report/report.html -
=========================== short test summary info ============================
FAILED tests/US_11_Education/US_11-03-01_trading_strategies_guide/US_11-03-01-01_trading_strategies_guide_test.py::TestTradingStrategiesGuides::test_01_main_banner_start_trading_button[https://capital.com/es/swing-trading-Chrome-es-ae-NoAuth-aqa.tomelo.an@gmail.com-iT9Vgqi6d$fiZ*Z] - AssertionError: Bug # 05. Opened a 'Sign up' form instead of a 'Login'
================= 1 failed, 9 deselected, 1 warning in 40.80s ==================

2024-01-16 12:06:40.459868   => Текущий тест: 1 failed

2024-01-16 12:06:40.460952   => 3. check_results finished

2024-01-16 12:06:40.461097   4. Fixing one row check results into Google Sheet Bugs Report =>
1 cells updated.
2024-01-16 12:06:40.597528   => 4. One row check results into Google Sheet Bugs Report fixed
