


2024-01-16 12:03:44.932590   0. Get Values row =>
2024-01-16 12:03:44.932613   Row # = 9

2024-01-16 12:03:44.932682   1. get_row_values from 9 row =>
2024-01-16 12:03:45.135776   => row values = 
[['Bid:11.03.01.01_07-es.ae.NoReg', 'Ubuntu 22.04', 'Chrome', '11.03.01.01', '_07', 'es', 'ae', 'SCB', 'NoReg', 'https://capital.com/es/swing-trading', 'Education', 'Trading strategies guide L1', '', '', '', '03']]

2024-01-16 12:03:45.135818   => 1. Get row values from 9 row finished
2024-01-16 12:03:45.135873   Row Values = 
['Bid:11.03.01.01_07-es.ae.NoReg', 'Ubuntu 22.04', 'Chrome', '11.03.01.01', '_07', 'es', 'ae', 'SCB', 'NoReg', 'https://capital.com/es/swing-trading', 'Education', 'Trading strategies guide L1', '', '', '', '03']

2024-01-16 12:03:45.136006   1. Run pretest =>

2024-01-16 12:03:45.136019   row_loc = 
['Bid:11.03.01.01_07-es.ae.NoReg', 'Ubuntu 22.04', 'Chrome', '11.03.01.01', '_07', 'es', 'ae', 'SCB', 'NoReg', 'https://capital.com/es/swing-trading', 'Education', 'Trading strategies guide L1', '', '', '', '03']

2024-01-16 12:03:45.136034   => 1. Pretest finished

2024-01-16 12:03:45.136100   2. Run run_pytest with Bid = Bid:11.03.01.01_07-es.ae.NoReg from row =>

2024-01-16 12:03:45.136112   2.2. Run poetry run pytest ... in subprocess =>

2024-01-16 12:03:45.136133   Run command: 
poetry run pytest --retest=True --browser_name=Chrome --lang=es --country=ae --role=NoReg --tpi_link=https://capital.com/es/swing-trading -m test_07 -v \tests/US_11_Education/US_11-03-01_trading_strategies_guide/US_11-03-01-01_trading_strategies_guide_test.py

2024-01-16 12:04:11.340653   => 2.2. pytest ... as subprocess finished

2024-01-16 12:04:11.340724   => 2. Autotest with Bid = Bid:11.03.01.01_07-es.ae.NoReg from row finished

2024-01-16 12:04:11.340803   3. Run check_results =>
2024-01-16 12:04:11.340827   test_results: 
============================= test session starts ==============================
platform linux -- Python 3.11.7, pytest-7.4.3, pluggy-1.3.0 -- /home/runner/.cache/pypoetry/virtualenvs/testcapitalcom-cIj6ROMf-py3.11/bin/python
cachedir: .pytest_cache
metadata: {'Python': '3.11.7', 'Platform': 'Linux-6.2.0-1018-azure-x86_64-with-glibc2.35', 'Packages': {'pytest': '7.4.3', 'pluggy': '1.3.0'}, 'Plugins': {'html': '4.1.1', 'xdist': '3.5.0', 'timeout': '2.2.0', 'allure-pytest': '2.13.2', 'metadata': '3.0.0'}, 'CI': 'true', 'JAVA_HOME': '/usr/lib/jvm/temurin-11-jdk-amd64'}
rootdir: /home/runner/work/SeleniumCapital/SeleniumCapital
configfile: pytest.ini
plugins: html-4.1.1, xdist-3.5.0, timeout-2.2.0, allure-pytest-2.13.2, metadata-3.0.0
collecting ... collected 10 items / 9 deselected / 1 selected

tests/US_11_Education/US_11-03-01_trading_strategies_guide/US_11-03-01-01_trading_strategies_guide_test.py::TestTradingStrategiesGuides::test_07_button_get_it_on_google_play[https://capital.com/es/swing-trading-Chrome-es-ae-NoReg-aqa.tomelo.an@gmail.com-iT9Vgqi6d$fiZ*Z] FAILED [100%]

=================================== FAILURES ===================================
_ TestTradingStrategiesGuides.test_07_button_get_it_on_google_play[https://capital.com/es/swing-trading-Chrome-es-ae-NoReg-aqa.tomelo.an@gmail.com-iT9Vgqi6d$fiZ*Z] _

self = <US_11-03-01-01_trading_strategies_guide_test.TestTradingStrategiesGuides object at 0x7eff86287510>
worker_id = 'master'
d = <selenium.webdriver.chrome.webdriver.WebDriver (session="a65c7e18d3835eacfbf29bfcaba8950a")>
cur_language = 'es', cur_country = 'ae', cur_role = 'NoReg'
cur_login = 'aqa.tomelo.an@gmail.com', cur_password = 'iT9Vgqi6d$fiZ*Z'
cur_item_link = 'https://capital.com/es/swing-trading'

    @allure.step("Start test_11.03.01.01_07 of button [Get it on Google Play] "
                 "in Block 'Sign up and trade smart today!'")
    @pytest.mark.test_07
    def test_07_button_get_it_on_google_play(
            self, worker_id, d, cur_language, cur_country, cur_role, cur_login, cur_password, cur_item_link):
        """
        Check: Button [Get it on Google Play] in Block "Sign up and trade smart today!"
        Language: All. License: All.
        """
        bid = build_dynamic_arg_v4(
            d, worker_id, cur_language, cur_country, cur_role,
            "11.03.01", "Education > Menu item [Trading Strategies Guides]",
            ".01_07", "Test button [Get it on Google Play] in Block \"Sign up and trade smart today!\"")
    
        Common().check_language_in_list_and_skip_if_not_present(cur_language, ["", "de", "es", "it", "ru", "zh"])
    
        page_conditions = Conditions(d, "")
        page_conditions.preconditions(
            d, CapitalComPageSrc.URL, "", cur_language, cur_country, cur_role, cur_login, cur_password)
    
        test_element = ButtonGetItOnGooglePlay(d, cur_item_link)
        test_element.arrange_(cur_item_link)
        if not test_element.element_click():
            pytest.fail("Testing element is not clicked")
    
        test_element = AssertClass(d, cur_item_link, bid)
>       test_element.assert_google_play(d, cur_item_link)

tests/US_11_Education/US_11-03-01_trading_strategies_guide/US_11-03-01-01_trading_strategies_guide_test.py:154: 
_ _ _ _ _ _ _ _ _ _ _ _ _ _ _ _ _ _ _ _ _ _ _ _ _ _ _ _ _ _ _ _ _ _ _ _ _ _ _ _ 
pages/Elements/AssertClass.py:158: in assert_google_play
    self.page_google_play.should_be_google_play_page(cur_link)
_ _ _ _ _ _ _ _ _ _ _ _ _ _ _ _ _ _ _ _ _ _ _ _ _ _ _ _ _ _ _ _ _ _ _ _ _ _ _ _ 

self = <pages.GooglePlay.google_play.GooglePlay object at 0x7eff862c3390>
cur_link = 'https://capital.com/es/swing-trading'

    @allure.step("Checking that the Google Play page has opened")
    def should_be_google_play_page(self, cur_link):
        """Check if the page is open"""
        print(f"{datetime.now()}   Checking that the Google Play page has opened")
        self.wait_for_change_url(cur_link, 10)
        # Следующие две строки только для проверки работоспособности asserts, тк в данный момент баг в url кнопки
        # self.link = "https://play.google.com/store/apps/details?id=com.capital.trading"
        # self.open_page()
        if self.current_page_url_contain_the(data["APP_URL"]):
            self.should_be_page_title_v2(data["PAGE_TITLE"])
            self.should_be_google_play_app_title(data["APP_TITLE"])
            self.should_be_google_play_specifies_provider(data["PROVIDER"])
            self.open_page()
            assert True
        else:
            current_page = self.browser.current_url
            # self.open_page()
            # ==== new bug re-test checking =====
            print(f'\nBug: {self.bid}')
            retest_table_fill(self.bid, '03', self.link)
            # ==================================
>           assert False, f'Bug # 03. Loaded page {current_page} with not {data["APP_URL"]} url'
E           AssertionError: Bug # 03. Loaded page https://apps.apple.com/ie/app/capital-com-trading-finance/id1230088754?mt=8 with not https://play.google.com/store/apps/details?id=com.capital.trading url

pages/GooglePlay/google_play.py:40: AssertionError
---------------------------- Captured stdout setup -----------------------------

2024-01-16 12:03:45.911362   *** autouse fixture Chrome ***

{'width': 1280, 'height': 720}
Current test language - es
Current country of trading - ae



Current test role - NoReg
Current login - aqa.tomelo.an@gmail.com
Current login - iT9Vgqi6d$fiZ*Z
----------------------------- Captured stdout call -----------------------------
{'width': 1280, 'height': 720}

2024-01-16 12:03:46.817644   worker_id = master

2024-01-16 12:03:46.817662   0. Allure grouping v4


2024-01-16 12:03:46.817847   START PRECONDITIONS =>

2024-01-16 12:03:48.125217   Load page https://capital.com

2024-01-16 12:03:48.125264   {'width': 1280, 'height': 720}

2024-01-16 12:03:48.127303   Set windows position at (0, 0) =>

2024-01-16 12:03:48.268435   Set resolution 1280 * 720 =>

2024-01-16 12:03:48.402134   => Resolution seted {'width': 1280, 'height': 720}

2024-01-16 12:03:53.455635   Капчи нет. Тестим дальше

2024-01-16 12:03:53.455731   Prev. Role: ?

2024-01-16 12:03:53.455743   Run preconditions: set "NoReg" Role =>
2024-01-16 12:03:54.063657   Load page https://capital.com

2024-01-16 12:03:54.228025   => All cookies are deleted
2024-01-16 12:03:54.869639   Load page https://capital.com

2024-01-16 12:03:54.869880   Step 'Click button [Accept all cookies]'
2024-01-16 12:03:59.901589   Is Visible Button [Accept all cookies]? =>
2024-01-16 12:03:59.921379   => Button [Accept all cookies] is visible
2024-01-16 12:04:00.921488   Is clickable Button [Accept all cookies] =>
2024-01-16 12:04:00.943624   => Button [Accept all cookies] is clickable
2024-01-16 12:04:00.943654   Click Button [Accept all cookies] =>
2024-01-16 12:04:00.998479   => Button [Accept all cookies] is clicked
2024-01-16 12:04:00.998533   => Accepted All Cookies

2024-01-16 12:04:01.498716   Current role: NoReg

2024-01-16 12:04:01.498775   Prev language: ?

2024-01-16 12:04:01.498788   Run preconditions: set "es" language =>


2024-01-16 12:04:01.507600   => Language and Country menu is present


2024-01-16 12:04:01.520638   => Language and Country menu is visible


2024-01-16 12:04:02.292936   => Focus is moved on Language and Country menu 

2024-01-16 12:04:04.043203   => Current language: es

2024-01-16 12:04:04.043242   Prev country: ?

2024-01-16 12:04:04.043253   Run preconditions: set "ae" country =>


2024-01-16 12:04:04.049369   => Language and Country menu is present


2024-01-16 12:04:04.063995   => Language and Country menu is visible


2024-01-16 12:04:04.843380   => Focus is moved on Language and Country menu 

2024-01-16 12:04:07.186666   => Current country: ae

2024-01-16 12:04:07.186705   => THE END PRECONDITIONS

2024-01-16 12:04:07.186745   1. Arrange
2024-01-16 12:04:07.813286   Load page https://capital.com/es/swing-trading
2024-01-16 12:04:07.813334   Is visible BUTTON_GET_IT_ON_GOOGLE_PLAY? =>
2024-01-16 12:04:07.845473   => BUTTON_GET_IT_ON_GOOGLE_PLAY is visible on the page!

2024-01-16 12:04:07.845630   2. Act
2024-01-16 12:04:07.852989   1 checking element(s) with current CSS locator is(are) present(s) on this page
2024-01-16 12:04:07.962189   => BUTTON_GET_IT_ON_GOOGLE_PLAY IS CLICKED

2024-01-16 12:04:07.962479   3. Assert_v0
2024-01-16 12:04:07.962578   Checking that the Google Play page has opened

Bug: Bid:11.03.01.01_07-es.ae.NoReg

2024-01-16 12:04:09.813718   Проверка бага в таблице ретеста  =>

2024-01-16 12:04:09.820858   4. Fixing one row check results into Google Sheet Bugs Report =>
1 cells updated.
2024-01-16 12:04:10.253485   => 4. One row check results into Google Sheet Bugs Report fixed

2024-01-16 12:04:10.618274   Bug: Bid:11.03.01.01_07-es.ae.NoReg-03 уже существует

2024-01-16 12:04:10.618500   4. Fixing one row check results into Google Sheet Bugs Report =>
1 cells updated.
2024-01-16 12:04:10.972595   => 4. One row check results into Google Sheet Bugs Report fixed
--------------------------- Captured stdout teardown ---------------------------

2024-01-16 12:04:11.266392   *** end fixture Browser = teardown ***

=============================== warnings summary ===============================
tests/US_11_Education/US_11-03-01_trading_strategies_guide/US_11-03-01-01_trading_strategies_guide_test.py::TestTradingStrategiesGuides::test_07_button_get_it_on_google_play[https://capital.com/es/swing-trading-Chrome-es-ae-NoReg-aqa.tomelo.an@gmail.com-iT9Vgqi6d$fiZ*Z]
  /home/runner/.cache/pypoetry/virtualenvs/testcapitalcom-cIj6ROMf-py3.11/lib/python3.11/site-packages/pytest_html/plugin.py:133: DeprecationWarning: The 'report.extra' attribute is deprecated and will be removed in a future release, use 'report.extras' instead.
    warnings.warn(

-- Docs: https://docs.pytest.org/en/stable/how-to/capture-warnings.html
- Generated html report: file:///home/runner/work/SeleniumCapital/SeleniumCapital/report/report.html -
=========================== short test summary info ============================
FAILED tests/US_11_Education/US_11-03-01_trading_strategies_guide/US_11-03-01-01_trading_strategies_guide_test.py::TestTradingStrategiesGuides::test_07_button_get_it_on_google_play[https://capital.com/es/swing-trading-Chrome-es-ae-NoReg-aqa.tomelo.an@gmail.com-iT9Vgqi6d$fiZ*Z] - AssertionError: Bug # 03. Loaded page https://apps.apple.com/ie/app/capital-com-trading-finance/id1230088754?mt=8 with not https://play.google.com/store/apps/details?id=com.capital.trading url
================= 1 failed, 9 deselected, 1 warning in 25.50s ==================

2024-01-16 12:04:11.341196   => Текущий тест: 1 failed

2024-01-16 12:04:11.342094   => 3. check_results finished

2024-01-16 12:04:11.342246   4. Fixing one row check results into Google Sheet Bugs Report =>
1 cells updated.
2024-01-16 12:04:11.490847   => 4. One row check results into Google Sheet Bugs Report fixed
