


2024-01-16 12:12:51.126554   0. Get Values row =>
2024-01-16 12:12:51.126579   Row # = 23

2024-01-16 12:12:51.126648   1. get_row_values from 23 row =>
2024-01-16 12:12:51.395984   => row values = 
[['Bid:11.02.04.01_01-es.ae.NoAuth', 'Ubuntu 22.04', 'Chrome', '11.02.04.01', '_01', 'es', 'ae', 'SCB', 'NoAuth', 'https://capital.com/es/operar-eur-aud', 'Education', 'Forex trading L1', 'On Main banner click Button [Start Trading]', 'On Main banner click Button [Start Trading]', '', '05']]

2024-01-16 12:12:51.396029   => 1. Get row values from 23 row finished
2024-01-16 12:12:51.396087   Row Values = 
['Bid:11.02.04.01_01-es.ae.NoAuth', 'Ubuntu 22.04', 'Chrome', '11.02.04.01', '_01', 'es', 'ae', 'SCB', 'NoAuth', 'https://capital.com/es/operar-eur-aud', 'Education', 'Forex trading L1', 'On Main banner click Button [Start Trading]', 'On Main banner click Button [Start Trading]', '', '05']

2024-01-16 12:12:51.396222   1. Run pretest =>

2024-01-16 12:12:51.396235   row_loc = 
['Bid:11.02.04.01_01-es.ae.NoAuth', 'Ubuntu 22.04', 'Chrome', '11.02.04.01', '_01', 'es', 'ae', 'SCB', 'NoAuth', 'https://capital.com/es/operar-eur-aud', 'Education', 'Forex trading L1', 'On Main banner click Button [Start Trading]', 'On Main banner click Button [Start Trading]', '', '05']

2024-01-16 12:12:51.396250   => 1. Pretest finished

2024-01-16 12:12:51.396315   2. Run run_pytest with Bid = Bid:11.02.04.01_01-es.ae.NoAuth from row =>

2024-01-16 12:12:51.396327   2.2. Run poetry run pytest ... in subprocess =>

2024-01-16 12:12:51.396346   Run command: 
poetry run pytest --retest=True --browser_name=Chrome --lang=es --country=ae --role=NoAuth --tpi_link=https://capital.com/es/operar-eur-aud -m test_01 -v \tests/US_11_Education/US_11-02-04_Forex_trading/US_11-02-04-01_Forex_trading_test.py

2024-01-16 12:13:32.419175   => 2.2. pytest ... as subprocess finished

2024-01-16 12:13:32.419222   => 2. Autotest with Bid = Bid:11.02.04.01_01-es.ae.NoAuth from row finished

2024-01-16 12:13:32.419296   3. Run check_results =>
2024-01-16 12:13:32.419317   test_results: 
============================= test session starts ==============================
platform linux -- Python 3.11.7, pytest-7.4.3, pluggy-1.3.0 -- /home/runner/.cache/pypoetry/virtualenvs/testcapitalcom-cIj6ROMf-py3.11/bin/python
cachedir: .pytest_cache
metadata: {'Python': '3.11.7', 'Platform': 'Linux-6.2.0-1018-azure-x86_64-with-glibc2.35', 'Packages': {'pytest': '7.4.3', 'pluggy': '1.3.0'}, 'Plugins': {'html': '4.1.1', 'xdist': '3.5.0', 'timeout': '2.2.0', 'allure-pytest': '2.13.2', 'metadata': '3.0.0'}, 'CI': 'true', 'JAVA_HOME': '/usr/lib/jvm/temurin-11-jdk-amd64'}
rootdir: /home/runner/work/SeleniumCapital/SeleniumCapital
configfile: pytest.ini
plugins: html-4.1.1, xdist-3.5.0, timeout-2.2.0, allure-pytest-2.13.2, metadata-3.0.0
collecting ... collected 8 items / 7 deselected / 1 selected

tests/US_11_Education/US_11-02-04_Forex_trading/US_11-02-04-01_Forex_trading_test.py::TestForexTradingItemPage::test_01_main_banner_start_trading_button[https://capital.com/es/operar-eur-aud-Chrome-es-ae-NoAuth-aqa.tomelo.an@gmail.com-iT9Vgqi6d$fiZ*Z] FAILED [100%]

=================================== FAILURES ===================================
_ TestForexTradingItemPage.test_01_main_banner_start_trading_button[https://capital.com/es/operar-eur-aud-Chrome-es-ae-NoAuth-aqa.tomelo.an@gmail.com-iT9Vgqi6d$fiZ*Z] _

self = <US_11-02-04-01_Forex_trading_test.TestForexTradingItemPage object at 0x7fe1bc7abe50>
worker_id = 'master'
d = <selenium.webdriver.chrome.webdriver.WebDriver (session="a34aec8712b07db733bbbf4eb98e724a")>
cur_language = 'es', cur_country = 'ae', cur_role = 'NoAuth'
cur_login = 'aqa.tomelo.an@gmail.com', cur_password = 'iT9Vgqi6d$fiZ*Z'
cur_item_link = 'https://capital.com/es/operar-eur-aud'

    @allure.step("Start test of button [Start trading] on Main banner")
    @pytest.mark.test_01
    def test_01_main_banner_start_trading_button(
            self, worker_id, d, cur_language, cur_country, cur_role, cur_login, cur_password, cur_item_link):
        """
        Check: Button [Start Trading] on Main banner
        Language: All. License: All.
        """
        bid = build_dynamic_arg_v4(
            d, worker_id, cur_language, cur_country, cur_role,
            "11.02.04", "Education > Menu item [Forex trading]",
            ".01_01", "Testing button [Start Trading] on Main banner")
    
        Common().check_language_in_list_and_skip_if_not_present(
            cur_language, ["", "de", "es", "fr", "it", "cn", "ru"])
    
        page_conditions = Conditions(d, "")
        page_conditions.preconditions(
            d, CapitalComPageSrc.URL, "", cur_language, cur_country, cur_role, cur_login, cur_password)
    
        test_element = MainBannerStartTrading(d, cur_item_link, bid)
>       test_element.full_test_with_tpi(d, cur_language, cur_country, cur_role, cur_item_link)

tests/US_11_Education/US_11-02-04_Forex_trading/US_11-02-04-01_Forex_trading_test.py:67: 
_ _ _ _ _ _ _ _ _ _ _ _ _ _ _ _ _ _ _ _ _ _ _ _ _ _ _ _ _ _ _ _ _ _ _ _ _ _ _ _ 
pages/Elements/ButtonStartTradingMainBanner.py:28: in full_test_with_tpi
    test_element.assert_login(d, cur_language, cur_item_link)
_ _ _ _ _ _ _ _ _ _ _ _ _ _ _ _ _ _ _ _ _ _ _ _ _ _ _ _ _ _ _ _ _ _ _ _ _ _ _ _ 

self = <pages.Elements.AssertClass.AssertClass object at 0x7fe1bc9278d0>
d = <selenium.webdriver.chrome.webdriver.WebDriver (session="a34aec8712b07db733bbbf4eb98e724a")>
cur_language = 'es', cur_link = 'https://capital.com/es/operar-eur-aud'

    @allure.step('Checking that "Login" form or page opened')
    def assert_login(self, d, cur_language, cur_link):
        """Method Assert Login form or page"""
        print(f"\n{datetime.now()}   3. Assert_Login_v0")
        self.page_signup_login = SignupLogin(d, cur_link)
        if self.page_signup_login.should_be_login_form():
            self.page_signup_login.close_login_form()
            del self.page_signup_login
        elif self.page_signup_login.should_be_login_page():
            self.page_signup_login.close_login_page()
            del self.page_signup_login
        elif self.page_signup_login.should_be_trading_platform_login_form(cur_language):
            self.page_signup_login.close_trading_platform_login_form()
            del self.page_signup_login
        elif self.page_signup_login.should_be_signup_form(cur_language):
            del self.page_signup_login
            print(f'\nBug: {self.bid}')
            retest_table_fill(self.bid, '05', self.link)
>           assert False, "Bug # 05. Opened a 'Sign up' form instead of a 'Login'"
E           AssertionError: Bug # 05. Opened a 'Sign up' form instead of a 'Login'

pages/Elements/AssertClass.py:69: AssertionError
---------------------------- Captured stdout setup -----------------------------

2024-01-16 12:12:52.168885   *** autouse fixture Chrome ***

{'width': 1280, 'height': 720}
Current test language - es
Current country of trading - ae



Current test role - NoAuth
Current login - aqa.tomelo.an@gmail.com
Current login - iT9Vgqi6d$fiZ*Z
----------------------------- Captured stdout call -----------------------------
{'width': 1280, 'height': 720}

2024-01-16 12:12:53.071098   worker_id = master

2024-01-16 12:12:53.071118   0. Allure grouping v4


2024-01-16 12:12:53.071311   START PRECONDITIONS =>

2024-01-16 12:12:54.354145   Load page https://capital.com

2024-01-16 12:12:54.354192   {'width': 1280, 'height': 720}

2024-01-16 12:12:54.356501   Set windows position at (0, 0) =>

2024-01-16 12:12:54.471448   Set resolution 1280 * 720 =>

2024-01-16 12:12:54.607460   => Resolution seted {'width': 1280, 'height': 720}

2024-01-16 12:12:59.625753   Капчи нет. Тестим дальше

2024-01-16 12:12:59.625843   Prev. Role: ?

2024-01-16 12:12:59.625855   Run preconditions: set "NoAuth" Role =>
2024-01-16 12:13:00.231452   Load page https://capital.com

2024-01-16 12:13:00.413667   => All cookies are deleted
2024-01-16 12:13:01.030938   Load page https://capital.com

2024-01-16 12:13:01.031169   Step 'Click button [Accept all cookies]'
2024-01-16 12:13:06.040664   Is Visible Button [Accept all cookies]? =>
2024-01-16 12:13:06.059757   => Button [Accept all cookies] is visible
2024-01-16 12:13:07.059876   Is clickable Button [Accept all cookies] =>
2024-01-16 12:13:07.081924   => Button [Accept all cookies] is clickable
2024-01-16 12:13:07.081954   Click Button [Accept all cookies] =>
2024-01-16 12:13:07.128567   => Button [Accept all cookies] is clicked
2024-01-16 12:13:07.128603   => Accepted All Cookies

2024-01-16 12:13:07.628989   Start Autorization

2024-01-16 12:13:07.629108   2. Act
2024-01-16 12:13:07.629126   Start Click button [Log in] =>
2024-01-16 12:13:07.638820   BUTTON_LOGIN scroll =>
2024-01-16 12:13:07.642672   Is BUTTON_LOGIN clickable? =>
2024-01-16 12:13:07.654695   => BUTTON_LOGIN is clickable
2024-01-16 12:13:07.654718   BUTTON_LOGIN click =>
2024-01-16 12:13:07.699455   => BUTTON_LOGIN is clicked!
2024-01-16 12:13:07.699545   => 'Login' form is opened
2024-01-16 12:13:08.148843   => "login" and "password" are inputted
2024-01-16 12:13:08.148879   Click [Continue] button on [Login] form =>
2024-01-16 12:13:08.217222   => [Continue] button on [Login] form is clicked
2024-01-16 12:13:10.475386   Start check that the Trading platform page is loaded and LOGO is present on it =>
2024-01-16 12:13:10.475434   Set timeout = 30
2024-01-16 12:13:10.475457   Wait until load page with special title =>
2024-01-16 12:13:10.480634   => Page with title "Trading Platform | Capital.com" is loaded
2024-01-16 12:13:10.480663   Is present LOGO on this page? =>
2024-01-16 12:13:11.105055   => LOGO is visible on this page
2024-01-16 12:13:11.105132   -> "Capital.com" logo is present on trading platform page

2024-01-16 12:13:11.993541   Start DeAuthorisation
2024-01-16 12:13:11.993663   1. BUTTON_MY_ACCOUNT is present? =>
2024-01-16 12:13:12.027303   => BUTTON_MY_ACCOUNT is present on this page
2024-01-16 12:13:13.302378   => Move to BUTTON_MY_ACCOUNT
2024-01-16 12:13:13.302421   2. BUTTON_MY_ACCOUNT is clickable? =>
2024-01-16 12:13:13.322206   => BUTTON_MY_ACCOUNT is clickable
2024-01-16 12:13:13.322237   BUTTON_MY_ACCOUNT Click =>
2024-01-16 12:13:14.133035   => User panel [My account] is opened

2024-01-16 12:13:14.133219   Start Click [Logout] button:
2024-01-16 12:13:14.133233   BUTTON_LOGOUT is present? =>
2024-01-16 12:13:14.140636   => BUTTON_LOGOUT is present
2024-01-16 12:13:14.140657   Is visible BUTTON_LOGOUT? =>
2024-01-16 12:13:14.151937   BUTTON_LOGOUT is clickable? =>
2024-01-16 12:13:14.162272   BUTTON_LOGOUT click =>
2024-01-16 12:13:14.208537   => BUTTON_LOGOUT is clicked

2024-01-16 12:13:14.208666   Current role: NoAuth

2024-01-16 12:13:14.208683   Prev language: ?

2024-01-16 12:13:14.208695   Run preconditions: set "es" language =>


2024-01-16 12:13:14.231553   => Language and Country menu is present


2024-01-16 12:13:14.244872   => Language and Country menu is visible


2024-01-16 12:13:15.025421   => Focus is moved on Language and Country menu 

2024-01-16 12:13:15.827532   => Current language: es

2024-01-16 12:13:15.827563   Prev country: ?

2024-01-16 12:13:15.827573   Run preconditions: set "ae" country =>


2024-01-16 12:13:15.833025   => Language and Country menu is present


2024-01-16 12:13:15.845042   => Language and Country menu is visible


2024-01-16 12:13:16.620172   => Focus is moved on Language and Country menu 

2024-01-16 12:13:18.576808   => Current country: ae

2024-01-16 12:13:18.576858   => THE END PRECONDITIONS

2024-01-16 12:13:18.576910   1. Arrange_v0
2024-01-16 12:13:19.323564   Load page https://capital.com/es/operar-eur-aud
2024-01-16 12:13:19.548588   BUTTON_START_TRADING scroll =>
2024-01-16 12:13:19.578912   BUTTON_START_TRADING is visible? =>
2024-01-16 12:13:19.628027   => BUTTON_START_TRADING is visible on the page!

2024-01-16 12:13:19.628182   2. Act_v0
2024-01-16 12:13:19.628197   Start Click button [Start Trading] =>
2024-01-16 12:13:19.633296   BUTTON_START_TRADING is clickable? =>
2024-01-16 12:13:19.645599   BUTTON_START_TRADING click =>
2024-01-16 12:13:19.704208   => BUTTON_START_TRADING clicked

2024-01-16 12:13:19.704419   3. Assert_Login_v0
2024-01-16 12:13:19.704489   Check that 'Login' form is opened
2024-01-16 12:13:25.246169   'Login' form not opened
2024-01-16 12:13:25.248968   'Login' page not opened
2024-01-16 12:13:30.797247   'Login' form on trading platform not opened
2024-01-16 12:13:30.797432   Start step Check that [Sign up] form is opened
2024-01-16 12:13:30.812824   'Sign up' form opened
2024-01-16 12:13:30.812847   Assert SIGNUP_HEADER =>
2024-01-16 12:13:30.828217   Assert SIGNUP_REF_LOGIN =>
2024-01-16 12:13:30.844289   Assert SIGNUP_PRIVACY_POLICY_ALL_2 =>
2024-01-16 12:13:30.861096   => SIGNUP_PRIVACY_POLICY_ALL
2024-01-16 12:13:30.861127   => 'Signup' form is checked

Bug: Bid:11.02.04.01_01-es.ae.NoAuth

2024-01-16 12:13:30.861204   Проверка бага в таблице ретеста  =>

2024-01-16 12:13:30.868364   4. Fixing one row check results into Google Sheet Bugs Report =>
1 cells updated.
2024-01-16 12:13:31.327106   => 4. One row check results into Google Sheet Bugs Report fixed

2024-01-16 12:13:31.703541   Bug: Bid:11.02.04.01_01-es.ae.NoAuth-05 уже существует

2024-01-16 12:13:31.703733   4. Fixing one row check results into Google Sheet Bugs Report =>
1 cells updated.
2024-01-16 12:13:32.052052   => 4. One row check results into Google Sheet Bugs Report fixed
------------------------------ Captured log call -------------------------------
2024-01-16 12:13:25 ERROR Elements not present after 0.5 seconds on page: https://capital.com/es/operar-eur-aud
2024-01-16 12:13:25 ERROR 
Traceback (most recent call last):
  File "/home/runner/work/SeleniumCapital/SeleniumCapital/pages/base_page.py", line 82, in inner_function
    return func(*args, **kwargs)
           ^^^^^^^^^^^^^^^^^^^^^
  File "/home/runner/work/SeleniumCapital/SeleniumCapital/pages/base_page.py", line 293, in element_is_visible
    return Wait(self.browser, timeout).until(
           ^^^^^^^^^^^^^^^^^^^^^^^^^^^^^^^^^^
  File "/home/runner/.cache/pypoetry/virtualenvs/testcapitalcom-cIj6ROMf-py3.11/lib/python3.11/site-packages/selenium/webdriver/support/wait.py", line 105, in until
    raise TimeoutException(message, screen, stacktrace)
selenium.common.exceptions.TimeoutException: Message: 
Stacktrace:
#0 0x55621974ff83 <unknown>
#1 0x556219408cf7 <unknown>
#2 0x55621945899e <unknown>
#3 0x556219458aa1 <unknown>
#4 0x5562194a3d64 <unknown>
#5 0x5562194820dd <unknown>
#6 0x5562194a1006 <unknown>
#7 0x556219481e53 <unknown>
#8 0x556219449dd4 <unknown>
#9 0x55621944b1de <unknown>
#10 0x556219714531 <unknown>
#11 0x556219718455 <unknown>
#12 0x556219700f55 <unknown>
#13 0x5562197190ef <unknown>
#14 0x5562196e499f <unknown>
#15 0x55621973d008 <unknown>
#16 0x55621973d1d7 <unknown>
#17 0x55621974f124 <unknown>
#18 0x7fd5aac94ac3 <unknown>

2024-01-16 12:13:30 ERROR Elements not present after 0.5 seconds on page: https://capital.com/es/operar-eur-aud
2024-01-16 12:13:30 ERROR 
Traceback (most recent call last):
  File "/home/runner/work/SeleniumCapital/SeleniumCapital/pages/base_page.py", line 82, in inner_function
    return func(*args, **kwargs)
           ^^^^^^^^^^^^^^^^^^^^^
  File "/home/runner/work/SeleniumCapital/SeleniumCapital/pages/base_page.py", line 293, in element_is_visible
    return Wait(self.browser, timeout).until(
           ^^^^^^^^^^^^^^^^^^^^^^^^^^^^^^^^^^
  File "/home/runner/.cache/pypoetry/virtualenvs/testcapitalcom-cIj6ROMf-py3.11/lib/python3.11/site-packages/selenium/webdriver/support/wait.py", line 105, in until
    raise TimeoutException(message, screen, stacktrace)
selenium.common.exceptions.TimeoutException: Message: 
Stacktrace:
#0 0x55621974ff83 <unknown>
#1 0x556219408cf7 <unknown>
#2 0x55621945899e <unknown>
#3 0x556219458aa1 <unknown>
#4 0x5562194a3d64 <unknown>
#5 0x5562194820dd <unknown>
#6 0x5562194a1006 <unknown>
#7 0x556219481e53 <unknown>
#8 0x556219449dd4 <unknown>
#9 0x55621944b1de <unknown>
#10 0x556219714531 <unknown>
#11 0x556219718455 <unknown>
#12 0x556219700f55 <unknown>
#13 0x5562197190ef <unknown>
#14 0x5562196e499f <unknown>
#15 0x55621973d008 <unknown>
#16 0x55621973d1d7 <unknown>
#17 0x55621974f124 <unknown>
#18 0x7fd5aac94ac3 <unknown>
--------------------------- Captured stdout teardown ---------------------------

2024-01-16 12:13:32.342033   *** end fixture Browser = teardown ***

=============================== warnings summary ===============================
tests/US_11_Education/US_11-02-04_Forex_trading/US_11-02-04-01_Forex_trading_test.py::TestForexTradingItemPage::test_01_main_banner_start_trading_button[https://capital.com/es/operar-eur-aud-Chrome-es-ae-NoAuth-aqa.tomelo.an@gmail.com-iT9Vgqi6d$fiZ*Z]
  /home/runner/.cache/pypoetry/virtualenvs/testcapitalcom-cIj6ROMf-py3.11/lib/python3.11/site-packages/pytest_html/plugin.py:133: DeprecationWarning: The 'report.extra' attribute is deprecated and will be removed in a future release, use 'report.extras' instead.
    warnings.warn(

-- Docs: https://docs.pytest.org/en/stable/how-to/capture-warnings.html
- Generated html report: file:///home/runner/work/SeleniumCapital/SeleniumCapital/report/report.html -
=========================== short test summary info ============================
FAILED tests/US_11_Education/US_11-02-04_Forex_trading/US_11-02-04-01_Forex_trading_test.py::TestForexTradingItemPage::test_01_main_banner_start_trading_button[https://capital.com/es/operar-eur-aud-Chrome-es-ae-NoAuth-aqa.tomelo.an@gmail.com-iT9Vgqi6d$fiZ*Z] - AssertionError: Bug # 05. Opened a 'Sign up' form instead of a 'Login'
================= 1 failed, 7 deselected, 1 warning in 40.32s ==================

2024-01-16 12:13:32.419712   => Текущий тест: 1 failed

2024-01-16 12:13:32.420684   => 3. check_results finished

2024-01-16 12:13:32.420829   4. Fixing one row check results into Google Sheet Bugs Report =>
1 cells updated.
2024-01-16 12:13:32.554782   => 4. One row check results into Google Sheet Bugs Report fixed
