
2024-01-16 12:01:03.464751   *** autouse fixture Chrome ***

{'width': 1280, 'height': 720}

2024-01-16 12:01:05.302500   *** start fixture gs = ... ***


2024-01-16 12:01:05.696626   4. Fixing one row check results into Google Sheet Bugs Report =>
1 cells updated.
2024-01-16 12:01:05.923994   => 4. One row check results into Google Sheet Bugs Report fixed

2024-01-16 12:01:05.924070   Добавление нового столбца =>

2024-01-16 12:01:06.888766   => Новый столбец добавлен

2024-01-16 12:01:08.747002   4. Fixing one row check results into Google Sheet Bugs Report =>
1 cells updated.
2024-01-16 12:01:08.990158   => 4. One row check results into Google Sheet Bugs Report fixed

2024-01-16 12:01:09.276479   4. Fixing one row check results into Google Sheet Bugs Report =>
1 cells updated.
2024-01-16 12:01:09.600989   => 4. One row check results into Google Sheet Bugs Report fixed

2024-01-16 12:01:09.601227   4. Fixing one row check results into Google Sheet Bugs Report =>
1 cells updated.
2024-01-16 12:01:10.525044   => 4. One row check results into Google Sheet Bugs Report fixed



2024-01-16 12:01:11.941466   0. Get Values row =>
2024-01-16 12:01:11.941501   Row # = 5

2024-01-16 12:01:11.941576   1. get_row_values from 5 row =>
2024-01-16 12:01:12.266197   => row values = 
[['Bid:11.01.05.00_01-it.gb.Auth', 'Ubuntu 22.04', 'Chrome', '11.01.05.00', '_01', 'it', 'gb', '#N/A', 'Auth', '', 'Education', 'Trading courses', 'On Main banner click Button [Start Trading]', 'On Main banner click Button [Start Trading]', '', '10']]

2024-01-16 12:01:12.266252   => 1. Get row values from 5 row finished
2024-01-16 12:01:12.266320   Row Values = 
['Bid:11.01.05.00_01-it.gb.Auth', 'Ubuntu 22.04', 'Chrome', '11.01.05.00', '_01', 'it', 'gb', '#N/A', 'Auth', '', 'Education', 'Trading courses', 'On Main banner click Button [Start Trading]', 'On Main banner click Button [Start Trading]', '', '10']

2024-01-16 12:01:12.266513   1. Run pretest =>

2024-01-16 12:01:12.266528   row_loc = 
['Bid:11.01.05.00_01-it.gb.Auth', 'Ubuntu 22.04', 'Chrome', '11.01.05.00', '_01', 'it', 'gb', '#N/A', 'Auth', '', 'Education', 'Trading courses', 'On Main banner click Button [Start Trading]', 'On Main banner click Button [Start Trading]', '', '10']

2024-01-16 12:01:12.266543   => 1. Pretest finished

2024-01-16 12:01:12.266621   2. Run run_pytest with Bid = Bid:11.01.05.00_01-it.gb.Auth from row =>

2024-01-16 12:01:12.266634   2.2. Run poetry run pytest ... in subprocess =>

2024-01-16 12:01:12.266655   Run command: 
poetry run pytest --retest=True --browser_name=Chrome --lang=it --country=gb --role=Auth -m test_01 -v \tests/US_11_Education/US_11-01-05_Trading_courses/US_11-01-05-00_Trading_courses_test.py

2024-01-16 12:02:01.571844   => 2.2. pytest ... as subprocess finished

2024-01-16 12:02:01.571906   => 2. Autotest with Bid = Bid:11.01.05.00_01-it.gb.Auth from row finished

2024-01-16 12:02:01.571986   3. Run check_results =>
2024-01-16 12:02:01.572006   test_results: 
============================= test session starts ==============================
platform linux -- Python 3.11.7, pytest-7.4.3, pluggy-1.3.0 -- /home/runner/.cache/pypoetry/virtualenvs/testcapitalcom-cIj6ROMf-py3.11/bin/python
cachedir: .pytest_cache
metadata: {'Python': '3.11.7', 'Platform': 'Linux-6.2.0-1018-azure-x86_64-with-glibc2.35', 'Packages': {'pytest': '7.4.3', 'pluggy': '1.3.0'}, 'Plugins': {'html': '4.1.1', 'xdist': '3.5.0', 'timeout': '2.2.0', 'allure-pytest': '2.13.2', 'metadata': '3.0.0'}, 'CI': 'true', 'JAVA_HOME': '/usr/lib/jvm/temurin-11-jdk-amd64'}
rootdir: /home/runner/work/SeleniumCapital/SeleniumCapital
configfile: pytest.ini
plugins: html-4.1.1, xdist-3.5.0, timeout-2.2.0, allure-pytest-2.13.2, metadata-3.0.0
collecting ... collected 3 items / 2 deselected / 1 selected

tests/US_11_Education/US_11-01-05_Trading_courses/US_11-01-05-00_Trading_courses_test.py::TestTradingCourses::test_01_create_account_button[Chrome-es-ae-Auth-aqa.tomelo.an@gmail.com-iT9Vgqi6d$fiZ*Z] FAILED [100%]

=================================== FAILURES ===================================
_ TestTradingCourses.test_01_create_account_button[Chrome-es-ae-Auth-aqa.tomelo.an@gmail.com-iT9Vgqi6d$fiZ*Z] _

self = <US_11-01-05-00_Trading_courses_test.TestTradingCourses object at 0x7f2d5e91d910>
worker_id = 'master'
d = <selenium.webdriver.chrome.webdriver.WebDriver (session="3931d42132ba38952dcf4d88e4a9ab33")>
cur_language = 'it', cur_country = 'gb', cur_role = 'Auth'
cur_login = 'aqa.tomelo.an@gmail.com', cur_password = 'iT9Vgqi6d$fiZ*Z'

    @allure.step("Start test_11.01.05_01 button [Create account] in the block 'Our courses'.")
    @pytest.mark.test_01
    def test_01_create_account_button(
            self, worker_id, d, cur_language, cur_country, cur_role, cur_login, cur_password):
        """
        Check: Block 'Our courses' -> button [Create account]
        Language: All. License: All. Role: All
        """
        bid = build_dynamic_arg_v4(
            d, worker_id, cur_language, cur_country, cur_role,
            "11.01.05", "Education > Menu Item [Trading courses]",
            ".00_01", "Testing button [Create account] in block [Our courses]")
    
        if cur_language in ["ar"]:
            Common().skip_test_for_language(cur_language)
    
        page_conditions = Conditions(d, "")
        link = page_conditions.preconditions(
            d, CapitalComPageSrc.URL, "", cur_language, cur_country, cur_role, cur_login, cur_password)
    
        page_menu = MenuSection(d, link)
        page_menu.menu_education_move_focus(d, cur_language)
        link = page_menu.sub_menu_trading_courses_move_focus_click(d, cur_language)
    
        test_element = ButtonCreateAccountBlockOurCourses(d, link, bid)
>       test_element.full_test(d, cur_language, cur_country, cur_role, link)

tests/US_11_Education/US_11-01-05_Trading_courses/US_11-01-05-00_Trading_courses_test.py:53: 
_ _ _ _ _ _ _ _ _ _ _ _ _ _ _ _ _ _ _ _ _ _ _ _ _ _ _ _ _ _ _ _ _ _ _ _ _ _ _ _ 
pages/Elements/ButtonCreateAccountBlockOurCourses.py:28: in full_test
    test_element.assert_trading_platform_v4(d, link)
pages/Elements/AssertClass.py:126: in assert_trading_platform_v4
    self.page_trading.should_be_trading_platform_page_v4(d, cur_link, tpd, tpi, trade_instrument)
_ _ _ _ _ _ _ _ _ _ _ _ _ _ _ _ _ _ _ _ _ _ _ _ _ _ _ _ _ _ _ _ _ _ _ _ _ _ _ _ 

self = <pages.Capital.Trading_platform.trading_platform.TradingPlatform object at 0x7f2d5e673f10>
d = <selenium.webdriver.chrome.webdriver.WebDriver (session="3931d42132ba38952dcf4d88e4a9ab33")>
cur_link = 'https://capital.com/it/corsi-online', tpd = False, tpi = False
trade_instrument = ''

    @allure.step("Checking that the trading platform page has opened - ver 4")
    def should_be_trading_platform_page_v4(self, d, cur_link, tpd, tpi, trade_instrument):
        """
        Check if the trading platform page for the corresponding trade instrument is opened
        Args:
            d: Webdriver
            cur_link: Link in the list of 3 random items and start page of the sidebar
            tpd: open Trade platform in Demo mode (True). Live mode (False)
            tpi: open Trade platform for corresponding trade instrument (False)
            trade_instrument: corresponding trade instrument (False)
        """
        print(f"{datetime.now()}   Checking that the trading platform page has opened (v4) =>")
        platform_url = data["PLATFORM_URL/"]
        cur_url = self.browser.current_url
        if self.wait_for_target_url(platform_url, 15):
    
            self.should_be_page_title_v2(data["PAGE_TITLE"])
            self.should_be_platform_logo()
            if tpd:
                self.should_be_platform_demo_mode(d, cur_link)
                print(f"{datetime.now()}   => The page with {cur_url} url was opened in DEMO mode")
            else:
                self.should_be_platform_live_mode(d, cur_link)
                print(f"{datetime.now()}   => The page with {cur_url} url was opened in lIVE mode")
            if tpi:
                print(f"{datetime.now()}   => Opened page with {cur_url} url for corresponding trading"
                      f" instrument '{trade_instrument}'")
                self.should_be_corresponding_trading_instrument(cur_url, trade_instrument)
    
            assert True, 'Trading platform with title "Trading Platform | Capital.com" opened'
            self.open_page()
        else:
            if tpd:
                print(f"{datetime.now()}   => Loaded page {self.browser.current_url} with not {platform_url} url")
                # проверка бага для ретеста
                print(f'\nBug: {self.bid}')
                retest_table_fill(self.bid, '09', self.link)
                assert False, (f"Bug # 9. Loaded page with {cur_url} url, but expected the Trading platform in"
                               f"Demo mode(timeout=30c)")
            else:
                print(f"{datetime.now()}   => Loaded page {self.browser.current_url} with not {platform_url} url")
                # проверка бага для ретеста
                print(f'\nBug: {self.bid}')
                retest_table_fill(self.bid, '10', self.link)
>               assert False, (f"Bug # 10. Loaded page with {cur_url} url, but expected the Trading platform in"
                               f"Live mode(timeout=30c)")
E               AssertionError: Bug # 10. Loaded page with https://capital.com/it/corsi-online url, but expected the Trading platform inLive mode(timeout=30c)

pages/Capital/Trading_platform/trading_platform.py:126: AssertionError
---------------------------- Captured stdout setup -----------------------------

2024-01-16 12:01:13.071321   *** autouse fixture Chrome ***

{'width': 1280, 'height': 720}
Current test language - it
Current country of trading - gb



Current test role - Auth
Current login - aqa.tomelo.an@gmail.com
Current login - iT9Vgqi6d$fiZ*Z
----------------------------- Captured stdout call -----------------------------
{'width': 1280, 'height': 720}

2024-01-16 12:01:13.980641   worker_id = master

2024-01-16 12:01:13.980663   0. Allure grouping v4


2024-01-16 12:01:13.980930   START PRECONDITIONS =>

2024-01-16 12:01:15.442400   Load page https://capital.com

2024-01-16 12:01:15.442441   {'width': 1280, 'height': 720}

2024-01-16 12:01:15.444600   Set windows position at (0, 0) =>

2024-01-16 12:01:15.559692   Set resolution 1280 * 720 =>

2024-01-16 12:01:15.665441   => Resolution seted {'width': 1280, 'height': 720}

2024-01-16 12:01:20.707923   Капчи нет. Тестим дальше

2024-01-16 12:01:20.708017   Prev. Role: ?

2024-01-16 12:01:20.708029   Run preconditions: set "Auth" Role =>
2024-01-16 12:01:21.393248   Load page https://capital.com

2024-01-16 12:01:21.557765   => All cookies are deleted
2024-01-16 12:01:22.175064   Load page https://capital.com

2024-01-16 12:01:22.175317   Step 'Click button [Accept all cookies]'
2024-01-16 12:01:27.232299   Is Visible Button [Accept all cookies]? =>
2024-01-16 12:01:27.292036   => Button [Accept all cookies] is visible
2024-01-16 12:01:28.292156   Is clickable Button [Accept all cookies] =>
2024-01-16 12:01:28.320607   => Button [Accept all cookies] is clickable
2024-01-16 12:01:28.320644   Click Button [Accept all cookies] =>
2024-01-16 12:01:28.390236   => Button [Accept all cookies] is clicked
2024-01-16 12:01:28.390273   => Accepted All Cookies

2024-01-16 12:01:28.890681   Start Autorization

2024-01-16 12:01:28.890812   2. Act
2024-01-16 12:01:28.890828   Start Click button [Log in] =>
2024-01-16 12:01:28.901725   BUTTON_LOGIN scroll =>
2024-01-16 12:01:28.905441   Is BUTTON_LOGIN clickable? =>
2024-01-16 12:01:28.918735   => BUTTON_LOGIN is clickable
2024-01-16 12:01:28.918758   BUTTON_LOGIN click =>
2024-01-16 12:01:28.961702   => BUTTON_LOGIN is clicked!
2024-01-16 12:01:28.961810   => 'Login' form is opened
2024-01-16 12:01:29.327427   => "login" and "password" are inputted
2024-01-16 12:01:29.327465   Click [Continue] button on [Login] form =>
2024-01-16 12:01:29.393128   => [Continue] button on [Login] form is clicked
2024-01-16 12:01:31.883688   Start check that the Trading platform page is loaded and LOGO is present on it =>
2024-01-16 12:01:31.883725   Set timeout = 30
2024-01-16 12:01:31.883740   Wait until load page with special title =>
2024-01-16 12:01:31.886528   => Page with title "Trading Platform | Capital.com" is loaded
2024-01-16 12:01:31.886550   Is present LOGO on this page? =>
2024-01-16 12:01:32.396277   => LOGO is visible on this page
2024-01-16 12:01:32.396376   -> "Capital.com" logo is present on trading platform page

2024-01-16 12:01:33.216801   Current role: Auth

2024-01-16 12:01:33.216848   Prev language: ?

2024-01-16 12:01:33.216864   Run preconditions: set "it" language =>


2024-01-16 12:01:33.246192   => Language and Country menu is present


2024-01-16 12:01:33.267800   => Language and Country menu is visible


2024-01-16 12:01:34.048673   => Focus is moved on Language and Country menu 

2024-01-16 12:01:36.860612   => Current language: it

2024-01-16 12:01:36.860645   Prev country: ?

2024-01-16 12:01:36.860655   Run preconditions: set "gb" country =>


2024-01-16 12:01:36.882409   => Language and Country menu is present


2024-01-16 12:01:36.892918   => Language and Country menu is visible


2024-01-16 12:01:37.665453   => Focus is moved on Language and Country menu 

2024-01-16 12:01:40.052302   => Current country: gb

2024-01-16 12:01:40.052342   => THE END PRECONDITIONS
2024-01-16 12:01:40.578705   => Education menu is present
2024-01-16 12:01:40.605726   => Education menu is visible
2024-01-16 12:01:41.880193   => Education menu focus moved

2024-01-16 12:01:44.230325   1. Arrange
2024-01-16 12:01:44.232966   BUTTON_CREATE_ACCOUNT =>
2024-01-16 12:01:44.247337   => BUTTON_CREATE_ACCOUNT IS PRESENT

2024-01-16 12:01:44.247504   2. Act
2024-01-16 12:01:44.254663   1 checking element(s) with current CSS locator is(are) present(s) on this page
2024-01-16 12:01:44.864977   => BUTTON_CREATE_ACCOUNT is clicked

2024-01-16 12:01:44.865281   3. Assert_v4
2024-01-16 12:01:44.865431   Checking that the trading platform page has opened (v4) =>
2024-01-16 12:01:59.998862   => Loaded page https://capital.com/it/corsi-online with not https://capital.com/trading/platform/ url

Bug: Bid:11.01.05.00_01-it.gb.Auth

2024-01-16 12:02:00.001334   Проверка бага в таблице ретеста  =>

2024-01-16 12:02:00.007316   4. Fixing one row check results into Google Sheet Bugs Report =>
1 cells updated.
2024-01-16 12:02:00.433034   => 4. One row check results into Google Sheet Bugs Report fixed

2024-01-16 12:02:00.812593   Bug: Bid:11.01.05.00_01-it.gb.Auth-10 уже существует

2024-01-16 12:02:00.812768   4. Fixing one row check results into Google Sheet Bugs Report =>
1 cells updated.
2024-01-16 12:02:01.173112   => 4. One row check results into Google Sheet Bugs Report fixed
------------------------------ Captured log call -------------------------------
2024-01-16 12:01:59 ERROR Elements not present after 0.5 seconds on page: https://capital.com/it/corsi-online
2024-01-16 12:01:59 ERROR 
Traceback (most recent call last):
  File "/home/runner/work/SeleniumCapital/SeleniumCapital/pages/base_page.py", line 82, in inner_function
    return func(*args, **kwargs)
           ^^^^^^^^^^^^^^^^^^^^^
  File "/home/runner/work/SeleniumCapital/SeleniumCapital/pages/base_page.py", line 497, in wait_for_target_url
    return Wait(self.browser, timeout).until(
           ^^^^^^^^^^^^^^^^^^^^^^^^^^^^^^^^^^
  File "/home/runner/.cache/pypoetry/virtualenvs/testcapitalcom-cIj6ROMf-py3.11/lib/python3.11/site-packages/selenium/webdriver/support/wait.py", line 105, in until
    raise TimeoutException(message, screen, stacktrace)
selenium.common.exceptions.TimeoutException: Message:
--------------------------- Captured stdout teardown ---------------------------

2024-01-16 12:02:01.498225   *** end fixture Browser = teardown ***

=============================== warnings summary ===============================
tests/US_11_Education/US_11-01-05_Trading_courses/US_11-01-05-00_Trading_courses_test.py::TestTradingCourses::test_01_create_account_button[Chrome-es-ae-Auth-aqa.tomelo.an@gmail.com-iT9Vgqi6d$fiZ*Z]
  /home/runner/.cache/pypoetry/virtualenvs/testcapitalcom-cIj6ROMf-py3.11/lib/python3.11/site-packages/pytest_html/plugin.py:133: DeprecationWarning: The 'report.extra' attribute is deprecated and will be removed in a future release, use 'report.extras' instead.
    warnings.warn(

-- Docs: https://docs.pytest.org/en/stable/how-to/capture-warnings.html
- Generated html report: file:///home/runner/work/SeleniumCapital/SeleniumCapital/report/report.html -
=========================== short test summary info ============================
FAILED tests/US_11_Education/US_11-01-05_Trading_courses/US_11-01-05-00_Trading_courses_test.py::TestTradingCourses::test_01_create_account_button[Chrome-es-ae-Auth-aqa.tomelo.an@gmail.com-iT9Vgqi6d$fiZ*Z] - AssertionError: Bug # 10. Loaded page with https://capital.com/it/corsi-online url, but expected the Trading platform inLive mode(timeout=30c)
================= 1 failed, 2 deselected, 1 warning in 48.60s ==================

2024-01-16 12:02:01.572581   => Текущий тест: 1 failed

2024-01-16 12:02:01.573691   => 3. check_results finished

2024-01-16 12:02:01.573832   4. Fixing one row check results into Google Sheet Bugs Report =>
1 cells updated.
2024-01-16 12:02:01.779903   => 4. One row check results into Google Sheet Bugs Report fixed
