2023-12-09 14:29:50 ERROR Unable to initialize WebDriver
2023-12-09 14:29:50 ERROR 
Traceback (most recent call last):
  File "D:\a\SeleniumCapital\SeleniumCapital\pages\base_page.py", line 82, in inner_function
    return func(*args, **kwargs)
           ^^^^^^^^^^^^^^^^^^^^^
  File "D:\a\SeleniumCapital\SeleniumCapital\pages\base_page.py", line 390, in element_is_visible
    return Wait(self.browser, timeout).until(
           ^^^^^^^^^^^^^^^^^^^^^^^^^^^^^^^^^^
  File "C:\Users\runneradmin\AppData\Local\pypoetry\Cache\virtualenvs\testcapitalcom-08IAlZho-py3.11\Lib\site-packages\selenium\webdriver\support\wait.py", line 101, in until
    raise TimeoutException(message, screen, stacktrace)
selenium.common.exceptions.TimeoutException: Message: 
Stacktrace:
	GetHandleVerifier [0x00496E73+174291]
	(No symbol) [0x003C0AC1]
	(No symbol) [0x000D6FF6]
	(No symbol) [0x00109876]
	(No symbol) [0x00109C2C]
	(No symbol) [0x0013BD42]
	(No symbol) [0x00127054]
	(No symbol) [0x0013A104]
	(No symbol) [0x00126DA6]
	(No symbol) [0x00101034]
	(No symbol) [0x00101F8D]
	GetHandleVerifier [0x005349CC+820268]
	sqlite3_dbdata_init [0x005F4EBE+652494]
	sqlite3_dbdata_init [0x005F48D9+650985]
	sqlite3_dbdata_init [0x005E962C+605244]
	sqlite3_dbdata_init [0x005F586B+654971]
	(No symbol) [0x003CFEBC]
	(No symbol) [0x003C8428]
	(No symbol) [0x003C854D]
	(No symbol) [0x003B5858]
	BaseThreadInitThunk [0x76DE6A39+25]
	RtlGetFullPathName_UEx [0x774C7F8D+173]
	RtlGetFullPathName_UEx [0x774C7F5B+123]
	(No symbol) [0x00000000]