2024-01-26 16:09:15 ERROR Elements not present after 0.5 seconds on page: https://capital.com/es/que-puedes-operar-con-un-CFD
2024-01-26 16:09:15 ERROR 
Traceback (most recent call last):
  File "/home/runner/work/SeleniumCapital/SeleniumCapital/pages/base_page.py", line 82, in inner_function
    return func(*args, **kwargs)
           ^^^^^^^^^^^^^^^^^^^^^
  File "/home/runner/work/SeleniumCapital/SeleniumCapital/pages/base_page.py", line 293, in element_is_visible
    return Wait(self.browser, timeout).until(
           ^^^^^^^^^^^^^^^^^^^^^^^^^^^^^^^^^^
  File "/home/runner/.cache/pypoetry/virtualenvs/testcapitalcompyse-cIj6ROMf-py3.11/lib/python3.11/site-packages/selenium/webdriver/support/wait.py", line 105, in until
    raise TimeoutException(message, screen, stacktrace)
selenium.common.exceptions.TimeoutException: Message: 
Stacktrace:
#0 0x55df2e25af83 <unknown>
#1 0x55df2df13cf7 <unknown>
#2 0x55df2df6399e <unknown>
#3 0x55df2df63aa1 <unknown>
#4 0x55df2dfaed64 <unknown>
#5 0x55df2df8d0dd <unknown>
#6 0x55df2dfac006 <unknown>
#7 0x55df2df8ce53 <unknown>
#8 0x55df2df54dd4 <unknown>
#9 0x55df2df561de <unknown>
#10 0x55df2e21f531 <unknown>
#11 0x55df2e223455 <unknown>
#12 0x55df2e20bf55 <unknown>
#13 0x55df2e2240ef <unknown>
#14 0x55df2e1ef99f <unknown>
#15 0x55df2e248008 <unknown>
#16 0x55df2e2481d7 <unknown>
#17 0x55df2e25a124 <unknown>
#18 0x7fc721694ac3 <unknown>

2024-01-26 16:09:21 ERROR Elements not present after 0.5 seconds on page: https://capital.com/es/que-puedes-operar-con-un-CFD
2024-01-26 16:09:21 ERROR 
Traceback (most recent call last):
  File "/home/runner/work/SeleniumCapital/SeleniumCapital/pages/base_page.py", line 82, in inner_function
    return func(*args, **kwargs)
           ^^^^^^^^^^^^^^^^^^^^^
  File "/home/runner/work/SeleniumCapital/SeleniumCapital/pages/base_page.py", line 293, in element_is_visible
    return Wait(self.browser, timeout).until(
           ^^^^^^^^^^^^^^^^^^^^^^^^^^^^^^^^^^
  File "/home/runner/.cache/pypoetry/virtualenvs/testcapitalcompyse-cIj6ROMf-py3.11/lib/python3.11/site-packages/selenium/webdriver/support/wait.py", line 105, in until
    raise TimeoutException(message, screen, stacktrace)
selenium.common.exceptions.TimeoutException: Message: 
Stacktrace:
#0 0x55df2e25af83 <unknown>
#1 0x55df2df13cf7 <unknown>
#2 0x55df2df6399e <unknown>
#3 0x55df2df63aa1 <unknown>
#4 0x55df2dfaed64 <unknown>
#5 0x55df2df8d0dd <unknown>
#6 0x55df2dfac006 <unknown>
#7 0x55df2df8ce53 <unknown>
#8 0x55df2df54dd4 <unknown>
#9 0x55df2df561de <unknown>
#10 0x55df2e21f531 <unknown>
#11 0x55df2e223455 <unknown>
#12 0x55df2e20bf55 <unknown>
#13 0x55df2e2240ef <unknown>
#14 0x55df2e1ef99f <unknown>
#15 0x55df2e248008 <unknown>
#16 0x55df2e2481d7 <unknown>
#17 0x55df2e25a124 <unknown>
#18 0x7fc721694ac3 <unknown>