


2024-01-26 15:48:08.502391   0. Get Values row =>
2024-01-26 15:48:08.502432   Row # = 1165
2024-01-26 15:48:08.502448   Row Values = 
['Bid:11.02.04.01_02-it.gb.NoAuth', 'Ubuntu 22.04', 'Chrome', '11.02.04.01', '_02', 'it', 'gb', 'FCA', 'NoAuth', 'https://capital.com/it/la-tua-guida-al-trading-eur-cad', 'Education', 'Forex trading L1', 'Click Main banner > Button [Try demo]', 'Click Main banner > Button [Try demo]', '', '05', "Bug # 05. Opened a 'Sign up' form instead of a 'Login'", '', '', '', '16/01/24', 'failed']

2024-01-26 15:48:08.502557   1. Run pretest =>

2024-01-26 15:48:08.502571   row_loc = 
['Bid:11.02.04.01_02-it.gb.NoAuth', 'Ubuntu 22.04', 'Chrome', '11.02.04.01', '_02', 'it', 'gb', 'FCA', 'NoAuth', 'https://capital.com/it/la-tua-guida-al-trading-eur-cad', 'Education', 'Forex trading L1', 'Click Main banner > Button [Try demo]', 'Click Main banner > Button [Try demo]', '', '05', "Bug # 05. Opened a 'Sign up' form instead of a 'Login'", '', '', '', '16/01/24', 'failed']

2024-01-26 15:48:08.502587   => 1. Pretest finished

2024-01-26 15:48:08.502654   2. Run run_pytest with Bid = Bid:11.02.04.01_02-it.gb.NoAuth from row =>

2024-01-26 15:48:08.502666   2.2. Run poetry run pytest ... in subprocess =>

2024-01-26 15:48:08.502678   Run command: 
poetry run pytest --retest=True --browser_name=Chrome --lang=it --country=gb --role=NoAuth --tpi_link=https://capital.com/it/la-tua-guida-al-trading-eur-cad -m test_02 -v \tests/US_11_Education/US_11-02-04_Forex_trading/US_11-02-04-01_Forex_trading_test.py

2024-01-26 15:48:58.128149   => 2.2. pytest ... as subprocess finished

2024-01-26 15:48:58.128189   => 2. Autotest with Bid = Bid:11.02.04.01_02-it.gb.NoAuth from row finished

2024-01-26 15:48:58.128268   3. Run check_results =>
2024-01-26 15:48:58.128300   test_results: 
============================= test session starts ==============================
platform linux -- Python 3.11.7, pytest-7.4.4, pluggy-1.3.0 -- /home/runner/.cache/pypoetry/virtualenvs/testcapitalcompyse-cIj6ROMf-py3.11/bin/python
cachedir: .pytest_cache
metadata: {'Python': '3.11.7', 'Platform': 'Linux-6.2.0-1018-azure-x86_64-with-glibc2.35', 'Packages': {'pytest': '7.4.4', 'pluggy': '1.3.0'}, 'Plugins': {'metadata': '3.0.0', 'timeout': '2.2.0', 'html': '4.1.1', 'xdist': '3.5.0', 'allure-pytest': '2.13.2'}, 'CI': 'true', 'JAVA_HOME': '/usr/lib/jvm/temurin-11-jdk-amd64'}
rootdir: /home/runner/work/SeleniumCapital/SeleniumCapital
configfile: pytest.ini
plugins: metadata-3.0.0, timeout-2.2.0, html-4.1.1, xdist-3.5.0, allure-pytest-2.13.2
collecting ... collected 8 items / 7 deselected / 1 selected

tests/US_11_Education/US_11-02-04_Forex_trading/US_11-02-04-01_Forex_trading_test.py::TestForexTradingItemPage::test_02_main_banner_try_demo_button[https://capital.com/it/la-tua-guida-al-trading-eur-cad-Chrome--ae-NoAuth-aqa.tomelo.an@gmail.com-iT9Vgqi6d$fiZ*Z] FAILED [100%]

=================================== FAILURES ===================================
_ TestForexTradingItemPage.test_02_main_banner_try_demo_button[https://capital.com/it/la-tua-guida-al-trading-eur-cad-Chrome--ae-NoAuth-aqa.tomelo.an@gmail.com-iT9Vgqi6d$fiZ*Z] _

self = <US_11-02-04-01_Forex_trading_test.TestForexTradingItemPage object at 0x7f86e712e750>
worker_id = 'master'
d = <selenium.webdriver.chrome.webdriver.WebDriver (session="c3349fa1b1a24258936ce63377235fbc")>
cur_language = 'it', cur_country = 'gb', cur_role = 'NoAuth'
cur_login = 'aqa.tomelo.an@gmail.com', cur_password = 'iT9Vgqi6d$fiZ*Z'
cur_item_link = 'https://capital.com/it/la-tua-guida-al-trading-eur-cad'

    @allure.step("Start test of button [Try demo] on Main banner")
    @pytest.mark.test_02
    def test_02_main_banner_try_demo_button(
            self, worker_id, d, cur_language, cur_country, cur_role, cur_login, cur_password,
            cur_item_link):
        """
        Check: Button [Try demo] on Main banner
        Language: All. License: All.
        """
        bid = build_dynamic_arg_v4(
            d, worker_id, cur_language, cur_country, cur_role,
            "11.02.04", "Education > Menu item [Forex trading]",
            ".01_02", "Testing button [Try demo] on Main banner")
    
        Common().check_language_in_list_and_skip_if_not_present(
            cur_language, ["", "de", "es", "fr", "it", "cn", "ru"])
    
        page_conditions = Conditions(d, "")
        page_conditions.preconditions(
            d, CapitalComPageSrc.URL, "", cur_language, cur_country, cur_role, cur_login, cur_password)
    
        test_element = MainBannerTryDemo(d, cur_item_link, bid)
>       test_element.full_test_with_tpi(d, cur_language, cur_country, cur_role, cur_item_link)

tests/US_11_Education/US_11-02-04_Forex_trading/US_11-02-04-01_Forex_trading_test.py:91: 
_ _ _ _ _ _ _ _ _ _ _ _ _ _ _ _ _ _ _ _ _ _ _ _ _ _ _ _ _ _ _ _ _ _ _ _ _ _ _ _ 
pages/Elements/ButtonTryDemoMainBanner.py:28: in full_test_with_tpi
    test_element.assert_login(d, cur_language, cur_item_link)
_ _ _ _ _ _ _ _ _ _ _ _ _ _ _ _ _ _ _ _ _ _ _ _ _ _ _ _ _ _ _ _ _ _ _ _ _ _ _ _ 

self = <pages.Elements.AssertClass.AssertClass object at 0x7f86e7211650>
d = <selenium.webdriver.chrome.webdriver.WebDriver (session="c3349fa1b1a24258936ce63377235fbc")>
cur_language = 'it'
cur_link = 'https://capital.com/it/la-tua-guida-al-trading-eur-cad'

    @allure.step('Checking that "Login" form or page opened')
    def assert_login(self, d, cur_language, cur_link):
        """Method Assert Login form or page"""
        print(f"\n{datetime.now()}   3. Assert_Login_v0")
        self.page_signup_login = SignupLogin(d, cur_link)
        if self.page_signup_login.should_be_login_form():
            self.page_signup_login.close_login_form()
            del self.page_signup_login
        elif self.page_signup_login.should_be_login_page():
            self.page_signup_login.close_login_page()
            del self.page_signup_login
        elif self.page_signup_login.should_be_trading_platform_login_form(cur_language):
            self.page_signup_login.close_trading_platform_login_form()
            del self.page_signup_login
        elif self.page_signup_login.should_be_signup_form(cur_language):
            del self.page_signup_login
            print(f'\nBug: {self.bid}')
            retest_table_fill(self.bid, '05', self.link)
>           assert False, "Bug # 05. Opened a 'Sign up' form instead of a 'Login'"
E           AssertionError: Bug # 05. Opened a 'Sign up' form instead of a 'Login'

pages/Elements/AssertClass.py:69: AssertionError
---------------------------- Captured stdout setup -----------------------------

2024-01-26 15:48:09.407901   *** autouse fixture Chrome ***

{'width': 1280, 'height': 720}
Current test language - it
Current country of trading - gb



Current test role - NoAuth
Current login - aqa.tomelo.an@gmail.com
Current login - iT9Vgqi6d$fiZ*Z
----------------------------- Captured stdout call -----------------------------
{'width': 1280, 'height': 720}

2024-01-26 15:48:10.331636   worker_id = master

2024-01-26 15:48:10.331653   0. Allure grouping v4


2024-01-26 15:48:10.331839   START PRECONDITIONS =>

2024-01-26 15:48:12.149869   Load page https://capital.com

2024-01-26 15:48:12.149915   {'width': 1280, 'height': 720}

2024-01-26 15:48:12.151899   Set windows position at (0, 0) =>

2024-01-26 15:48:12.263761   Set resolution 1280 * 720 =>

2024-01-26 15:48:12.374601   => Resolution seted {'width': 1280, 'height': 720}

2024-01-26 15:48:17.415814   Капчи нет. Тестим дальше

2024-01-26 15:48:17.415929   Prev. Role: ?

2024-01-26 15:48:17.415944   Run preconditions: set "NoAuth" Role =>
2024-01-26 15:48:18.042466   Load page https://capital.com

2024-01-26 15:48:18.362638   => All cookies are deleted
2024-01-26 15:48:19.135170   Load page https://capital.com

2024-01-26 15:48:19.135415   Step 'Click button [Accept all cookies]'
2024-01-26 15:48:24.170280   Is Visible Button [Accept all cookies]? =>
2024-01-26 15:48:24.190549   => Button [Accept all cookies] is visible
2024-01-26 15:48:25.190666   Is clickable Button [Accept all cookies] =>
2024-01-26 15:48:25.219857   => Button [Accept all cookies] is clickable
2024-01-26 15:48:25.219892   Click Button [Accept all cookies] =>
2024-01-26 15:48:25.279209   => Button [Accept all cookies] is clicked
2024-01-26 15:48:25.279258   => Accepted All Cookies

2024-01-26 15:48:25.779673   Start Autorization

2024-01-26 15:48:25.779811   2. Act
2024-01-26 15:48:25.779831   Start Click button [Log in] =>
2024-01-26 15:48:25.799473   BUTTON_LOGIN scroll =>
2024-01-26 15:48:25.808374   Is BUTTON_LOGIN clickable? =>
2024-01-26 15:48:25.825772   => BUTTON_LOGIN is clickable
2024-01-26 15:48:25.825804   BUTTON_LOGIN click =>
2024-01-26 15:48:25.870215   => BUTTON_LOGIN is clicked!
2024-01-26 15:48:25.928934   => 'Login' form is opened
2024-01-26 15:48:26.495170   => "login" and "password" are inputted
2024-01-26 15:48:26.495214   Click [Continue] button on [Login] form =>
2024-01-26 15:48:26.561564   => [Continue] button on [Login] form is clicked
2024-01-26 15:48:29.327314   Start check that the Trading platform page is loaded and LOGO is present on it =>
2024-01-26 15:48:29.327356   Set timeout = 30
2024-01-26 15:48:29.327377   Wait until load page with special title =>
2024-01-26 15:48:29.330767   => Page with title "Trading Platform | Capital.com" is loaded
2024-01-26 15:48:29.330792   Is present LOGO on this page? =>
2024-01-26 15:48:30.829739   => LOGO is visible on this page
2024-01-26 15:48:30.829832   -> "Capital.com" logo is present on trading platform page

2024-01-26 15:48:32.061083   Start DeAuthorisation
2024-01-26 15:48:32.061226   1. BUTTON_MY_ACCOUNT is present? =>
2024-01-26 15:48:32.077516   => BUTTON_MY_ACCOUNT is present on this page
2024-01-26 15:48:33.369483   => Move to BUTTON_MY_ACCOUNT
2024-01-26 15:48:33.369536   2. BUTTON_MY_ACCOUNT is clickable? =>
2024-01-26 15:48:33.395167   => BUTTON_MY_ACCOUNT is clickable
2024-01-26 15:48:33.395208   BUTTON_MY_ACCOUNT Click =>
2024-01-26 15:48:34.228502   => User panel [My account] is opened

2024-01-26 15:48:34.228713   Start Click [Logout] button:
2024-01-26 15:48:34.228728   BUTTON_LOGOUT is present? =>
2024-01-26 15:48:34.242915   => BUTTON_LOGOUT is present
2024-01-26 15:48:34.242952   Is visible BUTTON_LOGOUT? =>
2024-01-26 15:48:34.258304   BUTTON_LOGOUT is clickable? =>
2024-01-26 15:48:34.272128   BUTTON_LOGOUT click =>
2024-01-26 15:48:34.330822   => BUTTON_LOGOUT is clicked

2024-01-26 15:48:34.330962   Current role: NoAuth

2024-01-26 15:48:34.330984   Prev language: ?

2024-01-26 15:48:34.330998   Run preconditions: set "it" language =>


2024-01-26 15:48:34.355884   => Language and Country menu is present


2024-01-26 15:48:34.373568   => Language and Country menu is visible


2024-01-26 15:48:36.152711   => Focus is moved on Language and Country menu 

2024-01-26 15:48:39.279391   => Current language: it

2024-01-26 15:48:39.279431   Prev country: ?

2024-01-26 15:48:39.279441   Run preconditions: set "gb" country =>


2024-01-26 15:48:39.292530   => Language and Country menu is present


2024-01-26 15:48:39.308454   => Language and Country menu is visible


2024-01-26 15:48:41.086982   => Focus is moved on Language and Country menu 

2024-01-26 15:48:43.743580   => Current country: gb

2024-01-26 15:48:43.743641   => THE END PRECONDITIONS

2024-01-26 15:48:43.743706   1. Arrange_v0
2024-01-26 15:48:44.842729   Load page https://capital.com/it/la-tua-guida-al-trading-eur-cad
2024-01-26 15:48:44.842776   BUTTON_TRY_DEMO is visible? =>
2024-01-26 15:48:44.898397   => BUTTON_TRY_DEMO is visible on the page!

2024-01-26 15:48:44.898607   2. Act_v0
2024-01-26 15:48:44.898629   BUTTON_TRY_DEMO is present? =>
2024-01-26 15:48:44.914263   => BUTTON_TRY_DEMO is present on the page!
2024-01-26 15:48:44.914311   BUTTON_TRY_DEMO scroll =>
2024-01-26 15:48:44.999309   => BUTTON_TRY_DEMO clicked!

2024-01-26 15:48:44.999579   3. Assert_Login_v0
2024-01-26 15:48:44.999677   Check that 'Login' form is opened
2024-01-26 15:48:50.548741   'Login' form not opened
2024-01-26 15:48:50.552253   'Login' page not opened
2024-01-26 15:48:56.071913   'Login' form on trading platform not opened
2024-01-26 15:48:56.072102   Start step Check that [Sign up] form is opened
2024-01-26 15:48:56.086724   'Sign up' form opened
2024-01-26 15:48:56.086754   Assert SIGNUP_HEADER =>
2024-01-26 15:48:56.100458   Assert SIGNUP_REF_LOGIN =>
2024-01-26 15:48:56.117745   Assert SIGNUP_PRIVACY_POLICY_ALL_2 =>
2024-01-26 15:48:56.133195   => SIGNUP_PRIVACY_POLICY_ALL
2024-01-26 15:48:56.133222   => 'Signup' form is checked

Bug: Bid:11.02.04.01_02-it.gb.NoAuth

2024-01-26 15:48:56.133287   Проверка бага в таблице ретеста  =>

2024-01-26 15:48:56.139868   4. Fixing one row check results into Google Sheet Bugs Report =>
1 cells updated.
2024-01-26 15:48:56.696535   => 4. One row check results into Google Sheet Bugs Report fixed

2024-01-26 15:48:57.212818   4. Fixing one row check results into Google Sheet Bugs Report =>
1 cells updated.
2024-01-26 15:48:57.382335   => 4. One row check results into Google Sheet Bugs Report fixed

2024-01-26 15:48:57.382407   Bug: Bid:11.02.04.01_02-it.gb.NoAuth уже существует, но тип бага изменился с 16/01/24 на 05

2024-01-26 15:48:57.382814   Bug: Bid:11.02.04.01_02-it.gb.NoAuth-05 уже существует

2024-01-26 15:48:57.382956   4. Fixing one row check results into Google Sheet Bugs Report =>
1 cells updated.
2024-01-26 15:48:57.721339   => 4. One row check results into Google Sheet Bugs Report fixed
------------------------------ Captured log call -------------------------------
2024-01-26 15:48:50 ERROR Elements not present after 0.5 seconds on page: https://capital.com/it/la-tua-guida-al-trading-eur-cad
2024-01-26 15:48:50 ERROR 
Traceback (most recent call last):
  File "/home/runner/work/SeleniumCapital/SeleniumCapital/pages/base_page.py", line 82, in inner_function
    return func(*args, **kwargs)
           ^^^^^^^^^^^^^^^^^^^^^
  File "/home/runner/work/SeleniumCapital/SeleniumCapital/pages/base_page.py", line 293, in element_is_visible
    return Wait(self.browser, timeout).until(
           ^^^^^^^^^^^^^^^^^^^^^^^^^^^^^^^^^^
  File "/home/runner/.cache/pypoetry/virtualenvs/testcapitalcompyse-cIj6ROMf-py3.11/lib/python3.11/site-packages/selenium/webdriver/support/wait.py", line 105, in until
    raise TimeoutException(message, screen, stacktrace)
selenium.common.exceptions.TimeoutException: Message: 
Stacktrace:
#0 0x55f1c0c7cf83 <unknown>
#1 0x55f1c0935cf7 <unknown>
#2 0x55f1c098599e <unknown>
#3 0x55f1c0985aa1 <unknown>
#4 0x55f1c09d0d64 <unknown>
#5 0x55f1c09af0dd <unknown>
#6 0x55f1c09ce006 <unknown>
#7 0x55f1c09aee53 <unknown>
#8 0x55f1c0976dd4 <unknown>
#9 0x55f1c09781de <unknown>
#10 0x55f1c0c41531 <unknown>
#11 0x55f1c0c45455 <unknown>
#12 0x55f1c0c2df55 <unknown>
#13 0x55f1c0c460ef <unknown>
#14 0x55f1c0c1199f <unknown>
#15 0x55f1c0c6a008 <unknown>
#16 0x55f1c0c6a1d7 <unknown>
#17 0x55f1c0c7c124 <unknown>
#18 0x7fe250494ac3 <unknown>

2024-01-26 15:48:56 ERROR Elements not present after 0.5 seconds on page: https://capital.com/it/la-tua-guida-al-trading-eur-cad
2024-01-26 15:48:56 ERROR 
Traceback (most recent call last):
  File "/home/runner/work/SeleniumCapital/SeleniumCapital/pages/base_page.py", line 82, in inner_function
    return func(*args, **kwargs)
           ^^^^^^^^^^^^^^^^^^^^^
  File "/home/runner/work/SeleniumCapital/SeleniumCapital/pages/base_page.py", line 293, in element_is_visible
    return Wait(self.browser, timeout).until(
           ^^^^^^^^^^^^^^^^^^^^^^^^^^^^^^^^^^
  File "/home/runner/.cache/pypoetry/virtualenvs/testcapitalcompyse-cIj6ROMf-py3.11/lib/python3.11/site-packages/selenium/webdriver/support/wait.py", line 105, in until
    raise TimeoutException(message, screen, stacktrace)
selenium.common.exceptions.TimeoutException: Message: 
Stacktrace:
#0 0x55f1c0c7cf83 <unknown>
#1 0x55f1c0935cf7 <unknown>
#2 0x55f1c098599e <unknown>
#3 0x55f1c0985aa1 <unknown>
#4 0x55f1c09d0d64 <unknown>
#5 0x55f1c09af0dd <unknown>
#6 0x55f1c09ce006 <unknown>
#7 0x55f1c09aee53 <unknown>
#8 0x55f1c0976dd4 <unknown>
#9 0x55f1c09781de <unknown>
#10 0x55f1c0c41531 <unknown>
#11 0x55f1c0c45455 <unknown>
#12 0x55f1c0c2df55 <unknown>
#13 0x55f1c0c460ef <unknown>
#14 0x55f1c0c1199f <unknown>
#15 0x55f1c0c6a008 <unknown>
#16 0x55f1c0c6a1d7 <unknown>
#17 0x55f1c0c7c124 <unknown>
#18 0x7fe250494ac3 <unknown>
--------------------------- Captured stdout teardown ---------------------------

2024-01-26 15:48:58.027583   *** end fixture Browser = teardown ***

=============================== warnings summary ===============================
tests/US_11_Education/US_11-02-04_Forex_trading/US_11-02-04-01_Forex_trading_test.py::TestForexTradingItemPage::test_02_main_banner_try_demo_button[https://capital.com/it/la-tua-guida-al-trading-eur-cad-Chrome--ae-NoAuth-aqa.tomelo.an@gmail.com-iT9Vgqi6d$fiZ*Z]
  /home/runner/.cache/pypoetry/virtualenvs/testcapitalcompyse-cIj6ROMf-py3.11/lib/python3.11/site-packages/pytest_html/plugin.py:133: DeprecationWarning: The 'report.extra' attribute is deprecated and will be removed in a future release, use 'report.extras' instead.
    warnings.warn(

-- Docs: https://docs.pytest.org/en/stable/how-to/capture-warnings.html
- Generated html report: file:///home/runner/work/SeleniumCapital/SeleniumCapital/report/report.html -
=========================== short test summary info ============================
FAILED tests/US_11_Education/US_11-02-04_Forex_trading/US_11-02-04-01_Forex_trading_test.py::TestForexTradingItemPage::test_02_main_banner_try_demo_button[https://capital.com/it/la-tua-guida-al-trading-eur-cad-Chrome--ae-NoAuth-aqa.tomelo.an@gmail.com-iT9Vgqi6d$fiZ*Z] - AssertionError: Bug # 05. Opened a 'Sign up' form instead of a 'Login'
================= 1 failed, 7 deselected, 1 warning in 48.78s ==================

2024-01-26 15:48:58.129028   => Текущий тест: 1 failed

2024-01-26 15:48:58.130787   => 3. check_results finished

2024-01-26 15:48:58.130942   4. Fixing one row check results into Google Sheet Bugs Report =>
1 cells updated.
2024-01-26 15:48:58.474543   => 4. One row check results into Google Sheet Bugs Report fixed
