


2024-01-26 16:00:19.678692   0. Get Values row =>
2024-01-26 16:00:19.678720   Row # = 1364
2024-01-26 16:00:19.678730   Row Values = 
['Bid:11.02.04.01_02-es.gb.NoAuth', 'Ubuntu 22.04', 'Chrome', '11.02.04.01', '_02', 'es', 'gb', 'FCA', 'NoAuth', 'https://capital.com/es/operar-gbp-cad', 'Education', 'Forex trading L1', 'Click Main banner > Button [Try demo]', 'Click Main banner > Button [Try demo]', '', '05', "Bug # 05. Opened a 'Sign up' form instead of a 'Login'", '', '', '', '15/01/24', 'failed']

2024-01-26 16:00:19.678968   1. Run pretest =>

2024-01-26 16:00:19.678982   row_loc = 
['Bid:11.02.04.01_02-es.gb.NoAuth', 'Ubuntu 22.04', 'Chrome', '11.02.04.01', '_02', 'es', 'gb', 'FCA', 'NoAuth', 'https://capital.com/es/operar-gbp-cad', 'Education', 'Forex trading L1', 'Click Main banner > Button [Try demo]', 'Click Main banner > Button [Try demo]', '', '05', "Bug # 05. Opened a 'Sign up' form instead of a 'Login'", '', '', '', '15/01/24', 'failed']

2024-01-26 16:00:19.678997   => 1. Pretest finished

2024-01-26 16:00:19.679062   2. Run run_pytest with Bid = Bid:11.02.04.01_02-es.gb.NoAuth from row =>

2024-01-26 16:00:19.679075   2.2. Run poetry run pytest ... in subprocess =>

2024-01-26 16:00:19.679086   Run command: 
poetry run pytest --retest=True --browser_name=Chrome --lang=es --country=gb --role=NoAuth --tpi_link=https://capital.com/es/operar-gbp-cad -m test_02 -v \tests/US_11_Education/US_11-02-04_Forex_trading/US_11-02-04-01_Forex_trading_test.py

2024-01-26 16:01:06.917448   => 2.2. pytest ... as subprocess finished

2024-01-26 16:01:06.917509   => 2. Autotest with Bid = Bid:11.02.04.01_02-es.gb.NoAuth from row finished

2024-01-26 16:01:06.917600   3. Run check_results =>
2024-01-26 16:01:06.917668   test_results: 
============================= test session starts ==============================
platform linux -- Python 3.11.7, pytest-7.4.4, pluggy-1.3.0 -- /home/runner/.cache/pypoetry/virtualenvs/testcapitalcompyse-cIj6ROMf-py3.11/bin/python
cachedir: .pytest_cache
metadata: {'Python': '3.11.7', 'Platform': 'Linux-6.2.0-1018-azure-x86_64-with-glibc2.35', 'Packages': {'pytest': '7.4.4', 'pluggy': '1.3.0'}, 'Plugins': {'metadata': '3.0.0', 'timeout': '2.2.0', 'html': '4.1.1', 'xdist': '3.5.0', 'allure-pytest': '2.13.2'}, 'CI': 'true', 'JAVA_HOME': '/usr/lib/jvm/temurin-11-jdk-amd64'}
rootdir: /home/runner/work/SeleniumCapital/SeleniumCapital
configfile: pytest.ini
plugins: metadata-3.0.0, timeout-2.2.0, html-4.1.1, xdist-3.5.0, allure-pytest-2.13.2
collecting ... collected 8 items / 7 deselected / 1 selected

tests/US_11_Education/US_11-02-04_Forex_trading/US_11-02-04-01_Forex_trading_test.py::TestForexTradingItemPage::test_02_main_banner_try_demo_button[https://capital.com/es/operar-gbp-cad-Chrome--ae-NoAuth-aqa.tomelo.an@gmail.com-iT9Vgqi6d$fiZ*Z] FAILED [100%]

=================================== FAILURES ===================================
_ TestForexTradingItemPage.test_02_main_banner_try_demo_button[https://capital.com/es/operar-gbp-cad-Chrome--ae-NoAuth-aqa.tomelo.an@gmail.com-iT9Vgqi6d$fiZ*Z] _

self = <US_11-02-04-01_Forex_trading_test.TestForexTradingItemPage object at 0x7f9261883c90>
worker_id = 'master'
d = <selenium.webdriver.chrome.webdriver.WebDriver (session="bee0180947a3f009d250a00d550576fe")>
cur_language = 'es', cur_country = 'gb', cur_role = 'NoAuth'
cur_login = 'aqa.tomelo.an@gmail.com', cur_password = 'iT9Vgqi6d$fiZ*Z'
cur_item_link = 'https://capital.com/es/operar-gbp-cad'

    @allure.step("Start test of button [Try demo] on Main banner")
    @pytest.mark.test_02
    def test_02_main_banner_try_demo_button(
            self, worker_id, d, cur_language, cur_country, cur_role, cur_login, cur_password,
            cur_item_link):
        """
        Check: Button [Try demo] on Main banner
        Language: All. License: All.
        """
        bid = build_dynamic_arg_v4(
            d, worker_id, cur_language, cur_country, cur_role,
            "11.02.04", "Education > Menu item [Forex trading]",
            ".01_02", "Testing button [Try demo] on Main banner")
    
        Common().check_language_in_list_and_skip_if_not_present(
            cur_language, ["", "de", "es", "fr", "it", "cn", "ru"])
    
        page_conditions = Conditions(d, "")
        page_conditions.preconditions(
            d, CapitalComPageSrc.URL, "", cur_language, cur_country, cur_role, cur_login, cur_password)
    
        test_element = MainBannerTryDemo(d, cur_item_link, bid)
>       test_element.full_test_with_tpi(d, cur_language, cur_country, cur_role, cur_item_link)

tests/US_11_Education/US_11-02-04_Forex_trading/US_11-02-04-01_Forex_trading_test.py:91: 
_ _ _ _ _ _ _ _ _ _ _ _ _ _ _ _ _ _ _ _ _ _ _ _ _ _ _ _ _ _ _ _ _ _ _ _ _ _ _ _ 
pages/Elements/ButtonTryDemoMainBanner.py:28: in full_test_with_tpi
    test_element.assert_login(d, cur_language, cur_item_link)
_ _ _ _ _ _ _ _ _ _ _ _ _ _ _ _ _ _ _ _ _ _ _ _ _ _ _ _ _ _ _ _ _ _ _ _ _ _ _ _ 

self = <pages.Elements.AssertClass.AssertClass object at 0x7f9261a5a4d0>
d = <selenium.webdriver.chrome.webdriver.WebDriver (session="bee0180947a3f009d250a00d550576fe")>
cur_language = 'es', cur_link = 'https://capital.com/es/operar-gbp-cad'

    @allure.step('Checking that "Login" form or page opened')
    def assert_login(self, d, cur_language, cur_link):
        """Method Assert Login form or page"""
        print(f"\n{datetime.now()}   3. Assert_Login_v0")
        self.page_signup_login = SignupLogin(d, cur_link)
        if self.page_signup_login.should_be_login_form():
            self.page_signup_login.close_login_form()
            del self.page_signup_login
        elif self.page_signup_login.should_be_login_page():
            self.page_signup_login.close_login_page()
            del self.page_signup_login
        elif self.page_signup_login.should_be_trading_platform_login_form(cur_language):
            self.page_signup_login.close_trading_platform_login_form()
            del self.page_signup_login
        elif self.page_signup_login.should_be_signup_form(cur_language):
            del self.page_signup_login
            print(f'\nBug: {self.bid}')
            retest_table_fill(self.bid, '05', self.link)
>           assert False, "Bug # 05. Opened a 'Sign up' form instead of a 'Login'"
E           AssertionError: Bug # 05. Opened a 'Sign up' form instead of a 'Login'

pages/Elements/AssertClass.py:69: AssertionError
---------------------------- Captured stdout setup -----------------------------

2024-01-26 16:00:20.466233   *** autouse fixture Chrome ***

{'width': 1280, 'height': 720}
Current test language - es
Current country of trading - gb



Current test role - NoAuth
Current login - aqa.tomelo.an@gmail.com
Current login - iT9Vgqi6d$fiZ*Z
----------------------------- Captured stdout call -----------------------------
{'width': 1280, 'height': 720}

2024-01-26 16:00:21.339482   worker_id = master

2024-01-26 16:00:21.339506   0. Allure grouping v4


2024-01-26 16:00:21.339783   START PRECONDITIONS =>

2024-01-26 16:00:22.892162   Load page https://capital.com

2024-01-26 16:00:22.892213   {'width': 1280, 'height': 720}

2024-01-26 16:00:22.894585   Set windows position at (0, 0) =>

2024-01-26 16:00:23.000675   Set resolution 1280 * 720 =>

2024-01-26 16:00:23.107972   => Resolution seted {'width': 1280, 'height': 720}

2024-01-26 16:00:28.148632   Капчи нет. Тестим дальше

2024-01-26 16:00:28.148730   Prev. Role: ?

2024-01-26 16:00:28.148743   Run preconditions: set "NoAuth" Role =>
2024-01-26 16:00:28.777946   Load page https://capital.com

2024-01-26 16:00:28.963027   => All cookies are deleted
2024-01-26 16:00:29.812020   Load page https://capital.com

2024-01-26 16:00:29.812215   Step 'Click button [Accept all cookies]'
2024-01-26 16:00:34.824781   Is Visible Button [Accept all cookies]? =>
2024-01-26 16:00:34.849602   => Button [Accept all cookies] is visible
2024-01-26 16:00:35.849760   Is clickable Button [Accept all cookies] =>
2024-01-26 16:00:35.945495   => Button [Accept all cookies] is clickable
2024-01-26 16:00:35.945527   Click Button [Accept all cookies] =>
2024-01-26 16:00:36.027115   => Button [Accept all cookies] is clicked
2024-01-26 16:00:36.027157   => Accepted All Cookies

2024-01-26 16:00:36.527534   Start Autorization

2024-01-26 16:00:36.527685   2. Act
2024-01-26 16:00:36.527703   Start Click button [Log in] =>
2024-01-26 16:00:36.538786   BUTTON_LOGIN scroll =>
2024-01-26 16:00:36.542605   Is BUTTON_LOGIN clickable? =>
2024-01-26 16:00:36.555548   => BUTTON_LOGIN is clickable
2024-01-26 16:00:36.555572   BUTTON_LOGIN click =>
2024-01-26 16:00:36.594058   => BUTTON_LOGIN is clicked!
2024-01-26 16:00:36.594141   => 'Login' form is opened
2024-01-26 16:00:37.180072   => "login" and "password" are inputted
2024-01-26 16:00:37.180106   Click [Continue] button on [Login] form =>
2024-01-26 16:00:37.333730   => [Continue] button on [Login] form is clicked
2024-01-26 16:00:40.102127   Start check that the Trading platform page is loaded and LOGO is present on it =>
2024-01-26 16:00:40.102159   Set timeout = 30
2024-01-26 16:00:40.102175   Wait until load page with special title =>
2024-01-26 16:00:40.106172   => Page with title "Trading Platform | Capital.com" is loaded
2024-01-26 16:00:40.106200   Is present LOGO on this page? =>
2024-01-26 16:00:41.964546   => LOGO is visible on this page
2024-01-26 16:00:41.964635   -> "Capital.com" logo is present on trading platform page

2024-01-26 16:00:43.013091   Start DeAuthorisation
2024-01-26 16:00:43.013215   1. BUTTON_MY_ACCOUNT is present? =>
2024-01-26 16:00:43.097921   => BUTTON_MY_ACCOUNT is present on this page
2024-01-26 16:00:44.372979   => Move to BUTTON_MY_ACCOUNT
2024-01-26 16:00:44.373024   2. BUTTON_MY_ACCOUNT is clickable? =>
2024-01-26 16:00:44.392599   => BUTTON_MY_ACCOUNT is clickable
2024-01-26 16:00:44.392636   BUTTON_MY_ACCOUNT Click =>
2024-01-26 16:00:45.240751   => User panel [My account] is opened

2024-01-26 16:00:45.240982   Start Click [Logout] button:
2024-01-26 16:00:45.241001   BUTTON_LOGOUT is present? =>
2024-01-26 16:00:45.248820   => BUTTON_LOGOUT is present
2024-01-26 16:00:45.248845   Is visible BUTTON_LOGOUT? =>
2024-01-26 16:00:45.264501   BUTTON_LOGOUT is clickable? =>
2024-01-26 16:00:45.277826   BUTTON_LOGOUT click =>
2024-01-26 16:00:45.333755   => BUTTON_LOGOUT is clicked

2024-01-26 16:00:45.333869   Current role: NoAuth

2024-01-26 16:00:45.333889   Prev language: ?

2024-01-26 16:00:45.333905   Run preconditions: set "es" language =>


2024-01-26 16:00:45.363169   => Language and Country menu is present


2024-01-26 16:00:45.379950   => Language and Country menu is visible


2024-01-26 16:00:47.158548   => Focus is moved on Language and Country menu 

2024-01-26 16:00:48.801470   => Current language: es

2024-01-26 16:00:48.801524   Prev country: ?

2024-01-26 16:00:48.801541   Run preconditions: set "gb" country =>


2024-01-26 16:00:48.812791   => Language and Country menu is present


2024-01-26 16:00:48.830758   => Language and Country menu is visible


2024-01-26 16:00:50.606951   => Focus is moved on Language and Country menu 

2024-01-26 16:00:52.946954   => Current country: gb

2024-01-26 16:00:52.947002   => THE END PRECONDITIONS

2024-01-26 16:00:52.947058   1. Arrange_v0
2024-01-26 16:00:53.814165   Load page https://capital.com/es/operar-gbp-cad
2024-01-26 16:00:53.814214   BUTTON_TRY_DEMO is visible? =>
2024-01-26 16:00:53.854925   => BUTTON_TRY_DEMO is visible on the page!

2024-01-26 16:00:53.855137   2. Act_v0
2024-01-26 16:00:53.855155   BUTTON_TRY_DEMO is present? =>
2024-01-26 16:00:53.890219   => BUTTON_TRY_DEMO is present on the page!
2024-01-26 16:00:53.890273   BUTTON_TRY_DEMO scroll =>
2024-01-26 16:00:53.949187   => BUTTON_TRY_DEMO clicked!

2024-01-26 16:00:53.949455   3. Assert_Login_v0
2024-01-26 16:00:53.949549   Check that 'Login' form is opened
2024-01-26 16:00:59.468706   'Login' form not opened
2024-01-26 16:00:59.472385   'Login' page not opened
2024-01-26 16:01:05.029551   'Login' form on trading platform not opened
2024-01-26 16:01:05.029800   Start step Check that [Sign up] form is opened
2024-01-26 16:01:05.048334   'Sign up' form opened
2024-01-26 16:01:05.048380   Assert SIGNUP_HEADER =>
2024-01-26 16:01:05.066649   Assert SIGNUP_REF_LOGIN =>
2024-01-26 16:01:05.086337   Assert SIGNUP_PRIVACY_POLICY_ALL_2 =>
2024-01-26 16:01:05.103778   => SIGNUP_PRIVACY_POLICY_ALL
2024-01-26 16:01:05.103827   => 'Signup' form is checked

Bug: Bid:11.02.04.01_02-es.gb.NoAuth

2024-01-26 16:01:05.103907   Проверка бага в таблице ретеста  =>

2024-01-26 16:01:05.112538   4. Fixing one row check results into Google Sheet Bugs Report =>
1 cells updated.
2024-01-26 16:01:05.525219   => 4. One row check results into Google Sheet Bugs Report fixed

2024-01-26 16:01:05.907084   4. Fixing one row check results into Google Sheet Bugs Report =>
1 cells updated.
2024-01-26 16:01:06.219157   => 4. One row check results into Google Sheet Bugs Report fixed

2024-01-26 16:01:06.219242   Bug: Bid:11.02.04.01_02-es.gb.NoAuth уже существует, но тип бага изменился с 15/01/24 на 05

2024-01-26 16:01:06.219831   Bug: Bid:11.02.04.01_02-es.gb.NoAuth-05 уже существует

2024-01-26 16:01:06.220037   4. Fixing one row check results into Google Sheet Bugs Report =>
1 cells updated.
2024-01-26 16:01:06.521514   => 4. One row check results into Google Sheet Bugs Report fixed
------------------------------ Captured log call -------------------------------
2024-01-26 16:00:59 ERROR Elements not present after 0.5 seconds on page: https://capital.com/es/operar-gbp-cad
2024-01-26 16:00:59 ERROR 
Traceback (most recent call last):
  File "/home/runner/work/SeleniumCapital/SeleniumCapital/pages/base_page.py", line 82, in inner_function
    return func(*args, **kwargs)
           ^^^^^^^^^^^^^^^^^^^^^
  File "/home/runner/work/SeleniumCapital/SeleniumCapital/pages/base_page.py", line 293, in element_is_visible
    return Wait(self.browser, timeout).until(
           ^^^^^^^^^^^^^^^^^^^^^^^^^^^^^^^^^^
  File "/home/runner/.cache/pypoetry/virtualenvs/testcapitalcompyse-cIj6ROMf-py3.11/lib/python3.11/site-packages/selenium/webdriver/support/wait.py", line 105, in until
    raise TimeoutException(message, screen, stacktrace)
selenium.common.exceptions.TimeoutException: Message: 
Stacktrace:
#0 0x55b8335bef83 <unknown>
#1 0x55b833277cf7 <unknown>
#2 0x55b8332c799e <unknown>
#3 0x55b8332c7aa1 <unknown>
#4 0x55b833312d64 <unknown>
#5 0x55b8332f10dd <unknown>
#6 0x55b833310006 <unknown>
#7 0x55b8332f0e53 <unknown>
#8 0x55b8332b8dd4 <unknown>
#9 0x55b8332ba1de <unknown>
#10 0x55b833583531 <unknown>
#11 0x55b833587455 <unknown>
#12 0x55b83356ff55 <unknown>
#13 0x55b8335880ef <unknown>
#14 0x55b83355399f <unknown>
#15 0x55b8335ac008 <unknown>
#16 0x55b8335ac1d7 <unknown>
#17 0x55b8335be124 <unknown>
#18 0x7fc118094ac3 <unknown>

2024-01-26 16:01:05 ERROR Elements not present after 0.5 seconds on page: https://capital.com/es/operar-gbp-cad
2024-01-26 16:01:05 ERROR 
Traceback (most recent call last):
  File "/home/runner/work/SeleniumCapital/SeleniumCapital/pages/base_page.py", line 82, in inner_function
    return func(*args, **kwargs)
           ^^^^^^^^^^^^^^^^^^^^^
  File "/home/runner/work/SeleniumCapital/SeleniumCapital/pages/base_page.py", line 293, in element_is_visible
    return Wait(self.browser, timeout).until(
           ^^^^^^^^^^^^^^^^^^^^^^^^^^^^^^^^^^
  File "/home/runner/.cache/pypoetry/virtualenvs/testcapitalcompyse-cIj6ROMf-py3.11/lib/python3.11/site-packages/selenium/webdriver/support/wait.py", line 105, in until
    raise TimeoutException(message, screen, stacktrace)
selenium.common.exceptions.TimeoutException: Message: 
Stacktrace:
#0 0x55b8335bef83 <unknown>
#1 0x55b833277cf7 <unknown>
#2 0x55b8332c799e <unknown>
#3 0x55b8332c7aa1 <unknown>
#4 0x55b833312d64 <unknown>
#5 0x55b8332f10dd <unknown>
#6 0x55b833310006 <unknown>
#7 0x55b8332f0e53 <unknown>
#8 0x55b8332b8dd4 <unknown>
#9 0x55b8332ba1de <unknown>
#10 0x55b833583531 <unknown>
#11 0x55b833587455 <unknown>
#12 0x55b83356ff55 <unknown>
#13 0x55b8335880ef <unknown>
#14 0x55b83355399f <unknown>
#15 0x55b8335ac008 <unknown>
#16 0x55b8335ac1d7 <unknown>
#17 0x55b8335be124 <unknown>
#18 0x7fc118094ac3 <unknown>
--------------------------- Captured stdout teardown ---------------------------

2024-01-26 16:01:06.824777   *** end fixture Browser = teardown ***

=============================== warnings summary ===============================
tests/US_11_Education/US_11-02-04_Forex_trading/US_11-02-04-01_Forex_trading_test.py::TestForexTradingItemPage::test_02_main_banner_try_demo_button[https://capital.com/es/operar-gbp-cad-Chrome--ae-NoAuth-aqa.tomelo.an@gmail.com-iT9Vgqi6d$fiZ*Z]
  /home/runner/.cache/pypoetry/virtualenvs/testcapitalcompyse-cIj6ROMf-py3.11/lib/python3.11/site-packages/pytest_html/plugin.py:133: DeprecationWarning: The 'report.extra' attribute is deprecated and will be removed in a future release, use 'report.extras' instead.
    warnings.warn(

-- Docs: https://docs.pytest.org/en/stable/how-to/capture-warnings.html
- Generated html report: file:///home/runner/work/SeleniumCapital/SeleniumCapital/report/report.html -
=========================== short test summary info ============================
FAILED tests/US_11_Education/US_11-02-04_Forex_trading/US_11-02-04-01_Forex_trading_test.py::TestForexTradingItemPage::test_02_main_banner_try_demo_button[https://capital.com/es/operar-gbp-cad-Chrome--ae-NoAuth-aqa.tomelo.an@gmail.com-iT9Vgqi6d$fiZ*Z] - AssertionError: Bug # 05. Opened a 'Sign up' form instead of a 'Login'
================= 1 failed, 7 deselected, 1 warning in 46.50s ==================

2024-01-26 16:01:06.918407   => Текущий тест: 1 failed

2024-01-26 16:01:06.920341   => 3. check_results finished

2024-01-26 16:01:06.920564   4. Fixing one row check results into Google Sheet Bugs Report =>
1 cells updated.
2024-01-26 16:01:07.085953   => 4. One row check results into Google Sheet Bugs Report fixed
