


2024-01-26 15:40:25.221039   0. Get Values row =>
2024-01-26 15:40:25.221074   Row # = 546
2024-01-26 15:40:25.221084   Row Values = 
['Bid:11.02.02.00_09-de.gb.NoAuth', 'Ubuntu 22.04', 'Chrome', '11.02.02.00', '_09', 'de', 'gb', 'FCA', 'NoAuth', '', 'Education', 'Shares trading', '', '', '', '06', "Bug # 06. Opened a 'Sign up' page instead of a 'Login'", '', '', '', '23/01/24', 'failed']

2024-01-26 15:40:25.221172   1. Run pretest =>

2024-01-26 15:40:25.221184   row_loc = 
['Bid:11.02.02.00_09-de.gb.NoAuth', 'Ubuntu 22.04', 'Chrome', '11.02.02.00', '_09', 'de', 'gb', 'FCA', 'NoAuth', '', 'Education', 'Shares trading', '', '', '', '06', "Bug # 06. Opened a 'Sign up' page instead of a 'Login'", '', '', '', '23/01/24', 'failed']

2024-01-26 15:40:25.221199   => 1. Pretest finished

2024-01-26 15:40:25.221264   2. Run run_pytest with Bid = Bid:11.02.02.00_09-de.gb.NoAuth from row =>

2024-01-26 15:40:25.221276   2.2. Run poetry run pytest ... in subprocess =>

2024-01-26 15:40:25.221288   Run command: 
poetry run pytest --retest=True --browser_name=Chrome --lang=de --country=gb --role=NoAuth -m test_09 -v \tests/US_11_Education/US_11-02-02_Shares_trading/US_11-02-02-00_Shares_trading_test.py

2024-01-26 15:41:38.146164   => 2.2. pytest ... as subprocess finished

2024-01-26 15:41:38.146239   => 2. Autotest with Bid = Bid:11.02.02.00_09-de.gb.NoAuth from row finished

2024-01-26 15:41:38.146307   3. Run check_results =>
2024-01-26 15:41:38.146332   test_results: 
============================= test session starts ==============================
platform linux -- Python 3.11.7, pytest-7.4.4, pluggy-1.3.0 -- /home/runner/.cache/pypoetry/virtualenvs/testcapitalcompyse-cIj6ROMf-py3.11/bin/python
cachedir: .pytest_cache
metadata: {'Python': '3.11.7', 'Platform': 'Linux-6.2.0-1018-azure-x86_64-with-glibc2.35', 'Packages': {'pytest': '7.4.4', 'pluggy': '1.3.0'}, 'Plugins': {'metadata': '3.0.0', 'timeout': '2.2.0', 'html': '4.1.1', 'xdist': '3.5.0', 'allure-pytest': '2.13.2'}, 'CI': 'true', 'JAVA_HOME': '/usr/lib/jvm/temurin-11-jdk-amd64'}
rootdir: /home/runner/work/SeleniumCapital/SeleniumCapital
configfile: pytest.ini
plugins: metadata-3.0.0, timeout-2.2.0, html-4.1.1, xdist-3.5.0, allure-pytest-2.13.2
collecting ... collected 7 items / 6 deselected / 1 selected

tests/US_11_Education/US_11-02-02_Shares_trading/US_11-02-02-00_Shares_trading_test.py::TestSharesTrading::test_09_block_hor_banner_button[Chrome--ae-NoAuth-aqa.tomelo.an@gmail.com-iT9Vgqi6d$fiZ*Z] FAILED [100%]

=================================== FAILURES ===================================
_ TestSharesTrading.test_09_block_hor_banner_button[Chrome--ae-NoAuth-aqa.tomelo.an@gmail.com-iT9Vgqi6d$fiZ*Z] _

self = <US_11-02-02-00_Shares_trading_test.TestSharesTrading object at 0x7f27d4291310>
worker_id = 'master'
d = <selenium.webdriver.chrome.webdriver.WebDriver (session="87812d7ec7f821b58eaecc1dda4025bc")>
cur_language = 'de', cur_country = 'gb', cur_role = 'NoAuth'
cur_login = 'aqa.tomelo.an@gmail.com', cur_password = 'iT9Vgqi6d$fiZ*Z'

    @allure.step("Start test of button in block [Horizontal banner]")
    # @pytest.mark.skip(reason="Skipped for debugging")
    @pytest.mark.test_09
    def test_09_block_hor_banner_button(
            self, worker_id, d, cur_language, cur_country, cur_role, cur_login, cur_password):
        """
        Check the [Button] on the Horizontal banner at the bottom of the page.
        For "Authorized user" role:
        The trading platform page is opened depend on the banner [type-id]:
                Live mode if the banner in the Live mode banners list
                Demo mode if the banner in the Demo mode banners list
        """
    
        bid = build_dynamic_arg_v4(
            d, worker_id, cur_language, cur_country, cur_role,
            "11.02.02", "Education > Menu item [Shares trading]",
            ".00_09", "Testing button in block [Horizontal banner]")
    
        Common().skip_if_eng_lang_and_fca_license(cur_language, cur_country)
    
        check_language(cur_language)
        if cur_language in ["", "cn"]:
            Common().skip_test_for_language(cur_language)
    
        page_conditions = Conditions(d, "")
        main_page_link = page_conditions.preconditions(
            d, CapitalComPageSrc.URL, "", cur_language, cur_country, cur_role, cur_login, cur_password)
    
        # банеры должны открываться в Demo mode for US_00
        banner00_hor_tpd = ['103', '252', '167', '197', '220', '291']
        # банеры должны открываться в Live mode for US_00
        banner00_hor_tp = ['378', '390', '428', '427']
        # банеры должны открываться в Demo mode for US_01
        banner01_hor_tpd = []
        # банеры должны открываться в Live mode for US_01
        banner01_hor_tp = []
    
        page_menu = MenuSection(d, main_page_link)
        cur_menu_link = page_menu.open_education_shares_trading_menu(d, cur_language, cur_country, main_page_link)
    
        test_element = ButtonOnHorizontalBanner(d, cur_menu_link, bid)
>       test_element.full_test_with_tpi(d, cur_language, cur_country, cur_role, cur_menu_link,
                                        banner00_hor_tpd, banner00_hor_tp, banner01_hor_tpd, banner01_hor_tp)

tests/US_11_Education/US_11-02-02_Shares_trading/US_11-02-02-00_Shares_trading_test.py:206: 
_ _ _ _ _ _ _ _ _ _ _ _ _ _ _ _ _ _ _ _ _ _ _ _ _ _ _ _ _ _ _ _ _ _ _ _ _ _ _ _ 
pages/Elements/ButtonOnHorizontalBanner.py:41: in full_test_with_tpi
    test_element.assert_login(d, cur_language, link)
_ _ _ _ _ _ _ _ _ _ _ _ _ _ _ _ _ _ _ _ _ _ _ _ _ _ _ _ _ _ _ _ _ _ _ _ _ _ _ _ 

self = <pages.Elements.AssertClass.AssertClass object at 0x7f27d4502410>
d = <selenium.webdriver.chrome.webdriver.WebDriver (session="87812d7ec7f821b58eaecc1dda4025bc")>
cur_language = 'de', cur_link = 'https://capital.com/de/aktienhandel'

    @allure.step('Checking that "Login" form or page opened')
    def assert_login(self, d, cur_language, cur_link):
        """Method Assert Login form or page"""
        print(f"\n{datetime.now()}   3. Assert_Login_v0")
        self.page_signup_login = SignupLogin(d, cur_link)
        if self.page_signup_login.should_be_login_form():
            self.page_signup_login.close_login_form()
            del self.page_signup_login
        elif self.page_signup_login.should_be_login_page():
            self.page_signup_login.close_login_page()
            del self.page_signup_login
        elif self.page_signup_login.should_be_trading_platform_login_form(cur_language):
            self.page_signup_login.close_trading_platform_login_form()
            del self.page_signup_login
        elif self.page_signup_login.should_be_signup_form(cur_language):
            del self.page_signup_login
            print(f'\nBug: {self.bid}')
            retest_table_fill(self.bid, '05', self.link)
            assert False, "Bug # 05. Opened a 'Sign up' form instead of a 'Login'"
            # pytest.fail("Bug # 05. Opened a 'Sign up' form instead of a 'Login'", False)
        elif self.page_signup_login.should_be_signup_page(cur_language):
            del self.page_signup_login
            print(f'\nBug: {self.bid}')
            retest_table_fill(self.bid, '06', self.link)
>           assert False, "Bug # 06. Opened a 'Sign up' page instead of a 'Login'"
E           AssertionError: Bug # 06. Opened a 'Sign up' page instead of a 'Login'

pages/Elements/AssertClass.py:75: AssertionError
---------------------------- Captured stdout setup -----------------------------

2024-01-26 15:40:26.030174   *** autouse fixture Chrome ***

{'width': 1280, 'height': 720}
Current test language - de
Current country of trading - gb



Current test role - NoAuth
Current login - aqa.tomelo.an@gmail.com
Current login - iT9Vgqi6d$fiZ*Z
----------------------------- Captured stdout call -----------------------------
{'width': 1280, 'height': 720}

2024-01-26 15:40:26.915371   worker_id = master

2024-01-26 15:40:26.915387   0. Allure grouping v4


2024-01-26 15:40:26.915583   START PRECONDITIONS =>

2024-01-26 15:40:28.508723   Load page https://capital.com

2024-01-26 15:40:28.508773   {'width': 1280, 'height': 720}

2024-01-26 15:40:28.510612   Set windows position at (0, 0) =>

2024-01-26 15:40:28.616191   Set resolution 1280 * 720 =>

2024-01-26 15:40:28.719420   => Resolution seted {'width': 1280, 'height': 720}

2024-01-26 15:40:33.767473   Капчи нет. Тестим дальше

2024-01-26 15:40:33.767585   Prev. Role: ?

2024-01-26 15:40:33.767604   Run preconditions: set "NoAuth" Role =>
2024-01-26 15:40:34.575835   Load page https://capital.com

2024-01-26 15:40:34.790629   => All cookies are deleted
2024-01-26 15:40:35.711964   Load page https://capital.com

2024-01-26 15:40:35.712201   Step 'Click button [Accept all cookies]'
2024-01-26 15:40:40.794386   Is Visible Button [Accept all cookies]? =>
2024-01-26 15:40:40.824074   => Button [Accept all cookies] is visible
2024-01-26 15:40:41.824197   Is clickable Button [Accept all cookies] =>
2024-01-26 15:40:41.856673   => Button [Accept all cookies] is clickable
2024-01-26 15:40:41.856723   Click Button [Accept all cookies] =>
2024-01-26 15:40:41.926261   => Button [Accept all cookies] is clicked
2024-01-26 15:40:41.926306   => Accepted All Cookies

2024-01-26 15:40:42.426646   Start Autorization

2024-01-26 15:40:42.426754   2. Act
2024-01-26 15:40:42.426767   Start Click button [Log in] =>
2024-01-26 15:40:42.440396   BUTTON_LOGIN scroll =>
2024-01-26 15:40:42.444604   Is BUTTON_LOGIN clickable? =>
2024-01-26 15:40:42.481150   => BUTTON_LOGIN is clickable
2024-01-26 15:40:42.481199   BUTTON_LOGIN click =>
2024-01-26 15:40:42.544107   => BUTTON_LOGIN is clicked!
2024-01-26 15:40:42.544223   => 'Login' form is opened
2024-01-26 15:40:43.060530   => "login" and "password" are inputted
2024-01-26 15:40:43.060571   Click [Continue] button on [Login] form =>
2024-01-26 15:40:43.161709   => [Continue] button on [Login] form is clicked
2024-01-26 15:40:46.108521   Start check that the Trading platform page is loaded and LOGO is present on it =>
2024-01-26 15:40:46.108563   Set timeout = 30
2024-01-26 15:40:46.108587   Wait until load page with special title =>
2024-01-26 15:40:46.112764   => Page with title "Trading Platform | Capital.com" is loaded
2024-01-26 15:40:46.112788   Is present LOGO on this page? =>
2024-01-26 15:40:47.633266   => LOGO is visible on this page
2024-01-26 15:40:47.633359   -> "Capital.com" logo is present on trading platform page

2024-01-26 15:40:48.631555   Start DeAuthorisation
2024-01-26 15:40:48.631674   1. BUTTON_MY_ACCOUNT is present? =>
2024-01-26 15:40:48.648584   => BUTTON_MY_ACCOUNT is present on this page
2024-01-26 15:40:49.986729   => Move to BUTTON_MY_ACCOUNT
2024-01-26 15:40:49.986773   2. BUTTON_MY_ACCOUNT is clickable? =>
2024-01-26 15:40:50.016846   => BUTTON_MY_ACCOUNT is clickable
2024-01-26 15:40:50.016900   BUTTON_MY_ACCOUNT Click =>
2024-01-26 15:40:50.860434   => User panel [My account] is opened

2024-01-26 15:40:50.860641   Start Click [Logout] button:
2024-01-26 15:40:50.860658   BUTTON_LOGOUT is present? =>
2024-01-26 15:40:50.871495   => BUTTON_LOGOUT is present
2024-01-26 15:40:50.871537   Is visible BUTTON_LOGOUT? =>
2024-01-26 15:40:50.883142   BUTTON_LOGOUT is clickable? =>
2024-01-26 15:40:50.897718   BUTTON_LOGOUT click =>
2024-01-26 15:40:50.972718   => BUTTON_LOGOUT is clicked

2024-01-26 15:40:50.972868   Current role: NoAuth

2024-01-26 15:40:50.972895   Prev language: ?

2024-01-26 15:40:50.972911   Run preconditions: set "de" language =>


2024-01-26 15:40:50.999855   => Language and Country menu is present


2024-01-26 15:40:51.015036   => Language and Country menu is visible


2024-01-26 15:40:52.788178   => Focus is moved on Language and Country menu 

2024-01-26 15:40:54.663908   => Current language: de

2024-01-26 15:40:54.663957   Prev country: ?

2024-01-26 15:40:54.663971   Run preconditions: set "gb" country =>


2024-01-26 15:40:54.676155   => Language and Country menu is present


2024-01-26 15:40:54.693979   => Language and Country menu is visible


2024-01-26 15:40:56.472758   => Focus is moved on Language and Country menu 

2024-01-26 15:40:58.730899   => Current country: gb

2024-01-26 15:40:58.730950   => THE END PRECONDITIONS

2024-01-26 15:40:58.730998   1. Cur URL = https://capital.com/de?country=gb

2024-01-26 15:40:58.738067   2. Link = https://capital.com/de
2024-01-26 15:40:59.340126   Load page https://capital.com/de
2024-01-26 15:40:59.862949   => Education menu is present
2024-01-26 15:40:59.889863   => Education menu is visible
2024-01-26 15:41:01.219545   => Education menu focus moved


2024-01-26 15:41:03.167379   => Shares trading sub-menu clicked

2024-01-26 15:41:03.176429   1. Arrange
2024-01-26 15:41:03.182040   BUTTON_ON_HOR_BANNER is visible? =>
2024-01-26 15:41:03.231706   => BUTTON_ON_HOR_BANNER is visible on the page!
2024-01-26 15:41:03.231935   Start Checking that form [Sign up] popped up on the page =>
2024-01-26 15:41:08.774122   '[Sign up]' form was not popped up

2024-01-26 15:41:08.774295   2. Act
2024-01-26 15:41:08.774310   BUTTON_ON_HOR_BANNER is present? =>
2024-01-26 15:41:08.782284   => BUTTON_ON_HOR_BANNER is present on the page!
2024-01-26 15:41:08.782306   BUTTON_ON_HOR_BANNER scroll =>
2024-01-26 15:41:09.751102   => BUTTON_ON_HOR_BANNER clicked!

2024-01-26 15:41:09.751398   3. Assert_Login_v0
2024-01-26 15:41:09.751529   Check that 'Login' form is opened
2024-01-26 15:41:17.167189   'Login' form not opened
2024-01-26 15:41:17.172547   'Login' page not opened
2024-01-26 15:41:22.713027   'Login' form on trading platform not opened
2024-01-26 15:41:22.713268   Start step Check that [Sign up] form is opened
2024-01-26 15:41:28.267084   'Sign up' form not opened
2024-01-26 15:41:28.267324   Start method Check that [Sign up] page opened =>
2024-01-26 15:41:29.280071   'Sign up' page opened
2024-01-26 15:41:29.280114   Assert SIGNUP_SIGNUP_FRAME =>
2024-01-26 15:41:29.292903   Assert SIGNUP_REF_LOGIN =>
2024-01-26 15:41:29.320113   Assert SIGNUP_PRIVACY_POLICY_ALL_1 =>
2024-01-26 15:41:34.870635   Assert SIGNUP_PRIVACY_POLICY_ALL_2 =>
2024-01-26 15:41:34.887782   => SIGNUP_PRIVACY_POLICY_ALL
2024-01-26 15:41:34.887824   => 'Signup' page is checked

Bug: Bid:11.02.02.00_09-de.gb.NoAuth

2024-01-26 15:41:35.888304   Проверка бага в таблице ретеста  =>

2024-01-26 15:41:35.897170   4. Fixing one row check results into Google Sheet Bugs Report =>
1 cells updated.
2024-01-26 15:41:36.397778   => 4. One row check results into Google Sheet Bugs Report fixed

2024-01-26 15:41:36.873751   4. Fixing one row check results into Google Sheet Bugs Report =>
1 cells updated.
2024-01-26 15:41:37.055010   => 4. One row check results into Google Sheet Bugs Report fixed

2024-01-26 15:41:37.055084   Bug: Bid:11.02.02.00_09-de.gb.NoAuth уже существует, но тип бага изменился с 23/01/24 на 06

2024-01-26 15:41:37.055515   Bug: Bid:11.02.02.00_09-de.gb.NoAuth-06 уже существует

2024-01-26 15:41:37.055662   4. Fixing one row check results into Google Sheet Bugs Report =>
1 cells updated.
2024-01-26 15:41:37.501460   => 4. One row check results into Google Sheet Bugs Report fixed
------------------------------ Captured log call -------------------------------
2024-01-26 15:41:08 ERROR Elements not present after 0.5 seconds on page: https://capital.com/de/aktienhandel
2024-01-26 15:41:08 ERROR 
Traceback (most recent call last):
  File "/home/runner/work/SeleniumCapital/SeleniumCapital/pages/base_page.py", line 82, in inner_function
    return func(*args, **kwargs)
           ^^^^^^^^^^^^^^^^^^^^^
  File "/home/runner/work/SeleniumCapital/SeleniumCapital/pages/base_page.py", line 293, in element_is_visible
    return Wait(self.browser, timeout).until(
           ^^^^^^^^^^^^^^^^^^^^^^^^^^^^^^^^^^
  File "/home/runner/.cache/pypoetry/virtualenvs/testcapitalcompyse-cIj6ROMf-py3.11/lib/python3.11/site-packages/selenium/webdriver/support/wait.py", line 105, in until
    raise TimeoutException(message, screen, stacktrace)
selenium.common.exceptions.TimeoutException: Message: 
Stacktrace:
#0 0x564eb9e80f83 <unknown>
#1 0x564eb9b39cf7 <unknown>
#2 0x564eb9b8999e <unknown>
#3 0x564eb9b89aa1 <unknown>
#4 0x564eb9bd4d64 <unknown>
#5 0x564eb9bb30dd <unknown>
#6 0x564eb9bd2006 <unknown>
#7 0x564eb9bb2e53 <unknown>
#8 0x564eb9b7add4 <unknown>
#9 0x564eb9b7c1de <unknown>
#10 0x564eb9e45531 <unknown>
#11 0x564eb9e49455 <unknown>
#12 0x564eb9e31f55 <unknown>
#13 0x564eb9e4a0ef <unknown>
#14 0x564eb9e1599f <unknown>
#15 0x564eb9e6e008 <unknown>
#16 0x564eb9e6e1d7 <unknown>
#17 0x564eb9e80124 <unknown>
#18 0x7f742b694ac3 <unknown>

2024-01-26 15:41:17 ERROR Elements not present after 0.5 seconds on page: https://capital.com/trading/signup
2024-01-26 15:41:17 ERROR 
Traceback (most recent call last):
  File "/home/runner/work/SeleniumCapital/SeleniumCapital/pages/base_page.py", line 82, in inner_function
    return func(*args, **kwargs)
           ^^^^^^^^^^^^^^^^^^^^^
  File "/home/runner/work/SeleniumCapital/SeleniumCapital/pages/base_page.py", line 293, in element_is_visible
    return Wait(self.browser, timeout).until(
           ^^^^^^^^^^^^^^^^^^^^^^^^^^^^^^^^^^
  File "/home/runner/.cache/pypoetry/virtualenvs/testcapitalcompyse-cIj6ROMf-py3.11/lib/python3.11/site-packages/selenium/webdriver/support/wait.py", line 105, in until
    raise TimeoutException(message, screen, stacktrace)
selenium.common.exceptions.TimeoutException: Message: 
Stacktrace:
#0 0x564eb9e80f83 <unknown>
#1 0x564eb9b39cf7 <unknown>
#2 0x564eb9b8999e <unknown>
#3 0x564eb9b89aa1 <unknown>
#4 0x564eb9bd4d64 <unknown>
#5 0x564eb9bb30dd <unknown>
#6 0x564eb9bd2006 <unknown>
#7 0x564eb9bb2e53 <unknown>
#8 0x564eb9b7add4 <unknown>
#9 0x564eb9b7c1de <unknown>
#10 0x564eb9e45531 <unknown>
#11 0x564eb9e49455 <unknown>
#12 0x564eb9e31f55 <unknown>
#13 0x564eb9e4a0ef <unknown>
#14 0x564eb9e1599f <unknown>
#15 0x564eb9e6e008 <unknown>
#16 0x564eb9e6e1d7 <unknown>
#17 0x564eb9e80124 <unknown>
#18 0x7f742b694ac3 <unknown>

2024-01-26 15:41:22 ERROR Elements not present after 0.5 seconds on page: https://capital.com/trading/signup
2024-01-26 15:41:22 ERROR 
Traceback (most recent call last):
  File "/home/runner/work/SeleniumCapital/SeleniumCapital/pages/base_page.py", line 82, in inner_function
    return func(*args, **kwargs)
           ^^^^^^^^^^^^^^^^^^^^^
  File "/home/runner/work/SeleniumCapital/SeleniumCapital/pages/base_page.py", line 293, in element_is_visible
    return Wait(self.browser, timeout).until(
           ^^^^^^^^^^^^^^^^^^^^^^^^^^^^^^^^^^
  File "/home/runner/.cache/pypoetry/virtualenvs/testcapitalcompyse-cIj6ROMf-py3.11/lib/python3.11/site-packages/selenium/webdriver/support/wait.py", line 105, in until
    raise TimeoutException(message, screen, stacktrace)
selenium.common.exceptions.TimeoutException: Message: 
Stacktrace:
#0 0x564eb9e80f83 <unknown>
#1 0x564eb9b39cf7 <unknown>
#2 0x564eb9b8999e <unknown>
#3 0x564eb9b89aa1 <unknown>
#4 0x564eb9bd4d64 <unknown>
#5 0x564eb9bb30dd <unknown>
#6 0x564eb9bd2006 <unknown>
#7 0x564eb9bb2e53 <unknown>
#8 0x564eb9b7add4 <unknown>
#9 0x564eb9b7c1de <unknown>
#10 0x564eb9e45531 <unknown>
#11 0x564eb9e49455 <unknown>
#12 0x564eb9e31f55 <unknown>
#13 0x564eb9e4a0ef <unknown>
#14 0x564eb9e1599f <unknown>
#15 0x564eb9e6e008 <unknown>
#16 0x564eb9e6e1d7 <unknown>
#17 0x564eb9e80124 <unknown>
#18 0x7f742b694ac3 <unknown>

2024-01-26 15:41:28 ERROR Elements not present after 0.5 seconds on page: https://capital.com/trading/signup
2024-01-26 15:41:28 ERROR 
Traceback (most recent call last):
  File "/home/runner/work/SeleniumCapital/SeleniumCapital/pages/base_page.py", line 82, in inner_function
    return func(*args, **kwargs)
           ^^^^^^^^^^^^^^^^^^^^^
  File "/home/runner/work/SeleniumCapital/SeleniumCapital/pages/base_page.py", line 293, in element_is_visible
    return Wait(self.browser, timeout).until(
           ^^^^^^^^^^^^^^^^^^^^^^^^^^^^^^^^^^
  File "/home/runner/.cache/pypoetry/virtualenvs/testcapitalcompyse-cIj6ROMf-py3.11/lib/python3.11/site-packages/selenium/webdriver/support/wait.py", line 105, in until
    raise TimeoutException(message, screen, stacktrace)
selenium.common.exceptions.TimeoutException: Message: 
Stacktrace:
#0 0x564eb9e80f83 <unknown>
#1 0x564eb9b39cf7 <unknown>
#2 0x564eb9b8999e <unknown>
#3 0x564eb9b89aa1 <unknown>
#4 0x564eb9bd4d64 <unknown>
#5 0x564eb9bb30dd <unknown>
#6 0x564eb9bd2006 <unknown>
#7 0x564eb9bb2e53 <unknown>
#8 0x564eb9b7add4 <unknown>
#9 0x564eb9b7c1de <unknown>
#10 0x564eb9e45531 <unknown>
#11 0x564eb9e49455 <unknown>
#12 0x564eb9e31f55 <unknown>
#13 0x564eb9e4a0ef <unknown>
#14 0x564eb9e1599f <unknown>
#15 0x564eb9e6e008 <unknown>
#16 0x564eb9e6e1d7 <unknown>
#17 0x564eb9e80124 <unknown>
#18 0x7f742b694ac3 <unknown>

2024-01-26 15:41:34 ERROR Elements not present after 0.5 seconds on page: https://capital.com/trading/signup
2024-01-26 15:41:34 ERROR 
Traceback (most recent call last):
  File "/home/runner/work/SeleniumCapital/SeleniumCapital/pages/base_page.py", line 82, in inner_function
    return func(*args, **kwargs)
           ^^^^^^^^^^^^^^^^^^^^^
  File "/home/runner/work/SeleniumCapital/SeleniumCapital/pages/base_page.py", line 293, in element_is_visible
    return Wait(self.browser, timeout).until(
           ^^^^^^^^^^^^^^^^^^^^^^^^^^^^^^^^^^
  File "/home/runner/.cache/pypoetry/virtualenvs/testcapitalcompyse-cIj6ROMf-py3.11/lib/python3.11/site-packages/selenium/webdriver/support/wait.py", line 105, in until
    raise TimeoutException(message, screen, stacktrace)
selenium.common.exceptions.TimeoutException: Message: 
Stacktrace:
#0 0x564eb9e80f83 <unknown>
#1 0x564eb9b39cf7 <unknown>
#2 0x564eb9b8999e <unknown>
#3 0x564eb9b89aa1 <unknown>
#4 0x564eb9bd4d64 <unknown>
#5 0x564eb9bb30dd <unknown>
#6 0x564eb9bd2006 <unknown>
#7 0x564eb9bb2e53 <unknown>
#8 0x564eb9b7add4 <unknown>
#9 0x564eb9b7c1de <unknown>
#10 0x564eb9e45531 <unknown>
#11 0x564eb9e49455 <unknown>
#12 0x564eb9e31f55 <unknown>
#13 0x564eb9e4a0ef <unknown>
#14 0x564eb9e1599f <unknown>
#15 0x564eb9e6e008 <unknown>
#16 0x564eb9e6e1d7 <unknown>
#17 0x564eb9e80124 <unknown>
#18 0x7f742b694ac3 <unknown>
--------------------------- Captured stdout teardown ---------------------------

2024-01-26 15:41:38.054320   *** end fixture Browser = teardown ***

=============================== warnings summary ===============================
tests/US_11_Education/US_11-02-02_Shares_trading/US_11-02-02-00_Shares_trading_test.py::TestSharesTrading::test_09_block_hor_banner_button[Chrome--ae-NoAuth-aqa.tomelo.an@gmail.com-iT9Vgqi6d$fiZ*Z]
  /home/runner/.cache/pypoetry/virtualenvs/testcapitalcompyse-cIj6ROMf-py3.11/lib/python3.11/site-packages/pytest_html/plugin.py:133: DeprecationWarning: The 'report.extra' attribute is deprecated and will be removed in a future release, use 'report.extras' instead.
    warnings.warn(

-- Docs: https://docs.pytest.org/en/stable/how-to/capture-warnings.html
- Generated html report: file:///home/runner/work/SeleniumCapital/SeleniumCapital/report/report.html -
=========================== short test summary info ============================
FAILED tests/US_11_Education/US_11-02-02_Shares_trading/US_11-02-02-00_Shares_trading_test.py::TestSharesTrading::test_09_block_hor_banner_button[Chrome--ae-NoAuth-aqa.tomelo.an@gmail.com-iT9Vgqi6d$fiZ*Z] - AssertionError: Bug # 06. Opened a 'Sign up' page instead of a 'Login'
============ 1 failed, 6 deselected, 1 warning in 72.17s (0:01:12) =============

2024-01-26 15:41:38.146988   => Текущий тест: 1 failed

2024-01-26 15:41:38.148732   => 3. check_results finished

2024-01-26 15:41:38.148954   4. Fixing one row check results into Google Sheet Bugs Report =>
1 cells updated.
2024-01-26 15:41:38.326598   => 4. One row check results into Google Sheet Bugs Report fixed
