2024-01-26 16:06:02 ERROR Elements not present after 0.5 seconds on page: https://capital.com/es/opera-google
2024-01-26 16:06:02 ERROR 
Traceback (most recent call last):
  File "/home/runner/work/SeleniumCapital/SeleniumCapital/pages/base_page.py", line 82, in inner_function
    return func(*args, **kwargs)
           ^^^^^^^^^^^^^^^^^^^^^
  File "/home/runner/work/SeleniumCapital/SeleniumCapital/pages/base_page.py", line 293, in element_is_visible
    return Wait(self.browser, timeout).until(
           ^^^^^^^^^^^^^^^^^^^^^^^^^^^^^^^^^^
  File "/home/runner/.cache/pypoetry/virtualenvs/testcapitalcompyse-cIj6ROMf-py3.11/lib/python3.11/site-packages/selenium/webdriver/support/wait.py", line 105, in until
    raise TimeoutException(message, screen, stacktrace)
selenium.common.exceptions.TimeoutException: Message: 
Stacktrace:
#0 0x5611303d6f83 <unknown>
#1 0x56113008fcf7 <unknown>
#2 0x5611300df99e <unknown>
#3 0x5611300dfaa1 <unknown>
#4 0x56113012ad64 <unknown>
#5 0x5611301090dd <unknown>
#6 0x561130128006 <unknown>
#7 0x561130108e53 <unknown>
#8 0x5611300d0dd4 <unknown>
#9 0x5611300d21de <unknown>
#10 0x56113039b531 <unknown>
#11 0x56113039f455 <unknown>
#12 0x561130387f55 <unknown>
#13 0x5611303a00ef <unknown>
#14 0x56113036b99f <unknown>
#15 0x5611303c4008 <unknown>
#16 0x5611303c41d7 <unknown>
#17 0x5611303d6124 <unknown>
#18 0x7f9d2a694ac3 <unknown>

2024-01-26 16:06:29 ERROR Elements not present after 0.5 seconds on page: https://capital.com/trading/platform/
2024-01-26 16:06:29 ERROR 
Traceback (most recent call last):
  File "/home/runner/work/SeleniumCapital/SeleniumCapital/pages/base_page.py", line 82, in inner_function
    return func(*args, **kwargs)
           ^^^^^^^^^^^^^^^^^^^^^
  File "/home/runner/work/SeleniumCapital/SeleniumCapital/pages/base_page.py", line 293, in element_is_visible
    return Wait(self.browser, timeout).until(
           ^^^^^^^^^^^^^^^^^^^^^^^^^^^^^^^^^^
  File "/home/runner/.cache/pypoetry/virtualenvs/testcapitalcompyse-cIj6ROMf-py3.11/lib/python3.11/site-packages/selenium/webdriver/support/wait.py", line 105, in until
    raise TimeoutException(message, screen, stacktrace)
selenium.common.exceptions.TimeoutException: Message: 
Stacktrace:
#0 0x5611303d6f83 <unknown>
#1 0x56113008fcf7 <unknown>
#2 0x5611300df99e <unknown>
#3 0x5611300dfaa1 <unknown>
#4 0x56113012ad64 <unknown>
#5 0x5611301090dd <unknown>
#6 0x561130128006 <unknown>
#7 0x561130108e53 <unknown>
#8 0x5611300d0dd4 <unknown>
#9 0x5611300d21de <unknown>
#10 0x56113039b531 <unknown>
#11 0x56113039f455 <unknown>
#12 0x561130387f55 <unknown>
#13 0x5611303a00ef <unknown>
#14 0x56113036b99f <unknown>
#15 0x5611303c4008 <unknown>
#16 0x5611303c41d7 <unknown>
#17 0x5611303d6124 <unknown>
#18 0x7f9d2a694ac3 <unknown>