2024-01-26 15:56:19 ERROR Elements not present after 0.5 seconds on page: https://capital.com/
2024-01-26 15:56:19 ERROR 
Traceback (most recent call last):
  File "/home/runner/work/SeleniumCapital/SeleniumCapital/pages/base_page.py", line 82, in inner_function
    return func(*args, **kwargs)
           ^^^^^^^^^^^^^^^^^^^^^
  File "/home/runner/work/SeleniumCapital/SeleniumCapital/pages/base_page.py", line 293, in element_is_visible
    return Wait(self.browser, timeout).until(
           ^^^^^^^^^^^^^^^^^^^^^^^^^^^^^^^^^^
  File "/home/runner/.cache/pypoetry/virtualenvs/testcapitalcompyse-cIj6ROMf-py3.11/lib/python3.11/site-packages/selenium/webdriver/support/wait.py", line 105, in until
    raise TimeoutException(message, screen, stacktrace)
selenium.common.exceptions.TimeoutException: Message: 
Stacktrace:
#0 0x55b82f5b7f83 <unknown>
#1 0x55b82f270cf7 <unknown>
#2 0x55b82f2c099e <unknown>
#3 0x55b82f2c0aa1 <unknown>
#4 0x55b82f30bd64 <unknown>
#5 0x55b82f2ea0dd <unknown>
#6 0x55b82f309006 <unknown>
#7 0x55b82f2e9e53 <unknown>
#8 0x55b82f2b1dd4 <unknown>
#9 0x55b82f2b31de <unknown>
#10 0x55b82f57c531 <unknown>
#11 0x55b82f580455 <unknown>
#12 0x55b82f568f55 <unknown>
#13 0x55b82f5810ef <unknown>
#14 0x55b82f54c99f <unknown>
#15 0x55b82f5a5008 <unknown>
#16 0x55b82f5a51d7 <unknown>
#17 0x55b82f5b7124 <unknown>
#18 0x7f2db4c94ac3 <unknown>