2024-01-26 15:22:53 ERROR Elements not present after 0.5 seconds on page: https://capital.com/es/trade-commodities
2024-01-26 15:22:53 ERROR 
Traceback (most recent call last):
  File "/home/runner/work/SeleniumCapital/SeleniumCapital/pages/base_page.py", line 82, in inner_function
    return func(*args, **kwargs)
           ^^^^^^^^^^^^^^^^^^^^^
  File "/home/runner/work/SeleniumCapital/SeleniumCapital/pages/base_page.py", line 293, in element_is_visible
    return Wait(self.browser, timeout).until(
           ^^^^^^^^^^^^^^^^^^^^^^^^^^^^^^^^^^
  File "/home/runner/.cache/pypoetry/virtualenvs/testcapitalcompyse-cIj6ROMf-py3.11/lib/python3.11/site-packages/selenium/webdriver/support/wait.py", line 105, in until
    raise TimeoutException(message, screen, stacktrace)
selenium.common.exceptions.TimeoutException: Message: 
Stacktrace:
#0 0x55f00faf5f83 <unknown>
#1 0x55f00f7aecf7 <unknown>
#2 0x55f00f7fe99e <unknown>
#3 0x55f00f7feaa1 <unknown>
#4 0x55f00f849d64 <unknown>
#5 0x55f00f8280dd <unknown>
#6 0x55f00f847006 <unknown>
#7 0x55f00f827e53 <unknown>
#8 0x55f00f7efdd4 <unknown>
#9 0x55f00f7f11de <unknown>
#10 0x55f00faba531 <unknown>
#11 0x55f00fabe455 <unknown>
#12 0x55f00faa6f55 <unknown>
#13 0x55f00fabf0ef <unknown>
#14 0x55f00fa8a99f <unknown>
#15 0x55f00fae3008 <unknown>
#16 0x55f00fae31d7 <unknown>
#17 0x55f00faf5124 <unknown>
#18 0x7f5bdc894ac3 <unknown>

2024-01-26 15:22:59 ERROR Elements not present after 0.5 seconds on page: https://capital.com/trading/signup
2024-01-26 15:22:59 ERROR 
Traceback (most recent call last):
  File "/home/runner/work/SeleniumCapital/SeleniumCapital/pages/base_page.py", line 82, in inner_function
    return func(*args, **kwargs)
           ^^^^^^^^^^^^^^^^^^^^^
  File "/home/runner/work/SeleniumCapital/SeleniumCapital/pages/base_page.py", line 293, in element_is_visible
    return Wait(self.browser, timeout).until(
           ^^^^^^^^^^^^^^^^^^^^^^^^^^^^^^^^^^
  File "/home/runner/.cache/pypoetry/virtualenvs/testcapitalcompyse-cIj6ROMf-py3.11/lib/python3.11/site-packages/selenium/webdriver/support/wait.py", line 105, in until
    raise TimeoutException(message, screen, stacktrace)
selenium.common.exceptions.TimeoutException: Message: 
Stacktrace:
#0 0x55f00faf5f83 <unknown>
#1 0x55f00f7aecf7 <unknown>
#2 0x55f00f7fe99e <unknown>
#3 0x55f00f7feaa1 <unknown>
#4 0x55f00f849d64 <unknown>
#5 0x55f00f8280dd <unknown>
#6 0x55f00f847006 <unknown>
#7 0x55f00f827e53 <unknown>
#8 0x55f00f7efdd4 <unknown>
#9 0x55f00f7f11de <unknown>
#10 0x55f00faba531 <unknown>
#11 0x55f00fabe455 <unknown>
#12 0x55f00faa6f55 <unknown>
#13 0x55f00fabf0ef <unknown>
#14 0x55f00fa8a99f <unknown>
#15 0x55f00fae3008 <unknown>
#16 0x55f00fae31d7 <unknown>
#17 0x55f00faf5124 <unknown>
#18 0x7f5bdc894ac3 <unknown>

2024-01-26 15:23:05 ERROR Elements not present after 0.5 seconds on page: https://capital.com/trading/signup
2024-01-26 15:23:05 ERROR 
Traceback (most recent call last):
  File "/home/runner/work/SeleniumCapital/SeleniumCapital/pages/base_page.py", line 82, in inner_function
    return func(*args, **kwargs)
           ^^^^^^^^^^^^^^^^^^^^^
  File "/home/runner/work/SeleniumCapital/SeleniumCapital/pages/base_page.py", line 293, in element_is_visible
    return Wait(self.browser, timeout).until(
           ^^^^^^^^^^^^^^^^^^^^^^^^^^^^^^^^^^
  File "/home/runner/.cache/pypoetry/virtualenvs/testcapitalcompyse-cIj6ROMf-py3.11/lib/python3.11/site-packages/selenium/webdriver/support/wait.py", line 105, in until
    raise TimeoutException(message, screen, stacktrace)
selenium.common.exceptions.TimeoutException: Message: 
Stacktrace:
#0 0x55f00faf5f83 <unknown>
#1 0x55f00f7aecf7 <unknown>
#2 0x55f00f7fe99e <unknown>
#3 0x55f00f7feaa1 <unknown>
#4 0x55f00f849d64 <unknown>
#5 0x55f00f8280dd <unknown>
#6 0x55f00f847006 <unknown>
#7 0x55f00f827e53 <unknown>
#8 0x55f00f7efdd4 <unknown>
#9 0x55f00f7f11de <unknown>
#10 0x55f00faba531 <unknown>
#11 0x55f00fabe455 <unknown>
#12 0x55f00faa6f55 <unknown>
#13 0x55f00fabf0ef <unknown>
#14 0x55f00fa8a99f <unknown>
#15 0x55f00fae3008 <unknown>
#16 0x55f00fae31d7 <unknown>
#17 0x55f00faf5124 <unknown>
#18 0x7f5bdc894ac3 <unknown>

2024-01-26 15:23:10 ERROR Elements not present after 0.5 seconds on page: https://capital.com/trading/signup
2024-01-26 15:23:10 ERROR 
Traceback (most recent call last):
  File "/home/runner/work/SeleniumCapital/SeleniumCapital/pages/base_page.py", line 82, in inner_function
    return func(*args, **kwargs)
           ^^^^^^^^^^^^^^^^^^^^^
  File "/home/runner/work/SeleniumCapital/SeleniumCapital/pages/base_page.py", line 293, in element_is_visible
    return Wait(self.browser, timeout).until(
           ^^^^^^^^^^^^^^^^^^^^^^^^^^^^^^^^^^
  File "/home/runner/.cache/pypoetry/virtualenvs/testcapitalcompyse-cIj6ROMf-py3.11/lib/python3.11/site-packages/selenium/webdriver/support/wait.py", line 105, in until
    raise TimeoutException(message, screen, stacktrace)
selenium.common.exceptions.TimeoutException: Message: 
Stacktrace:
#0 0x55f00faf5f83 <unknown>
#1 0x55f00f7aecf7 <unknown>
#2 0x55f00f7fe99e <unknown>
#3 0x55f00f7feaa1 <unknown>
#4 0x55f00f849d64 <unknown>
#5 0x55f00f8280dd <unknown>
#6 0x55f00f847006 <unknown>
#7 0x55f00f827e53 <unknown>
#8 0x55f00f7efdd4 <unknown>
#9 0x55f00f7f11de <unknown>
#10 0x55f00faba531 <unknown>
#11 0x55f00fabe455 <unknown>
#12 0x55f00faa6f55 <unknown>
#13 0x55f00fabf0ef <unknown>
#14 0x55f00fa8a99f <unknown>
#15 0x55f00fae3008 <unknown>
#16 0x55f00fae31d7 <unknown>
#17 0x55f00faf5124 <unknown>
#18 0x7f5bdc894ac3 <unknown>

2024-01-26 15:23:16 ERROR Could not find elements on page: https://capital.com/trading/signup
2024-01-26 15:23:16 ERROR no such element: Unable to locate element: {"method":"css selector","selector":"#testwrap > div.signup-form"}
  (Session info: chrome=120.0.6099.224); For documentation on this error, please visit: https://www.selenium.dev/documentation/webdriver/troubleshooting/errors#no-such-element-exception
Traceback (most recent call last):
  File "/home/runner/work/SeleniumCapital/SeleniumCapital/pages/base_page.py", line 82, in inner_function
    return func(*args, **kwargs)
           ^^^^^^^^^^^^^^^^^^^^^
  File "/home/runner/work/SeleniumCapital/SeleniumCapital/pages/base_page.py", line 211, in element_is_present
    return self.browser.find_element(method, locator)
           ^^^^^^^^^^^^^^^^^^^^^^^^^^^^^^^^^^^^^^^^^^
  File "/home/runner/.cache/pypoetry/virtualenvs/testcapitalcompyse-cIj6ROMf-py3.11/lib/python3.11/site-packages/selenium/webdriver/remote/webdriver.py", line 742, in find_element
    return self.execute(Command.FIND_ELEMENT, {"using": by, "value": value})["value"]
           ^^^^^^^^^^^^^^^^^^^^^^^^^^^^^^^^^^^^^^^^^^^^^^^^^^^^^^^^^^^^^^^^^
  File "/home/runner/.cache/pypoetry/virtualenvs/testcapitalcompyse-cIj6ROMf-py3.11/lib/python3.11/site-packages/selenium/webdriver/remote/webdriver.py", line 348, in execute
    self.error_handler.check_response(response)
  File "/home/runner/.cache/pypoetry/virtualenvs/testcapitalcompyse-cIj6ROMf-py3.11/lib/python3.11/site-packages/selenium/webdriver/remote/errorhandler.py", line 229, in check_response
    raise exception_class(message, screen, stacktrace)
selenium.common.exceptions.NoSuchElementException: Message: no such element: Unable to locate element: {"method":"css selector","selector":"#testwrap > div.signup-form"}
  (Session info: chrome=120.0.6099.224); For documentation on this error, please visit: https://www.selenium.dev/documentation/webdriver/troubleshooting/errors#no-such-element-exception
Stacktrace:
#0 0x55f00faf5f83 <unknown>
#1 0x55f00f7aecf7 <unknown>
#2 0x55f00f7fe99e <unknown>
#3 0x55f00f7feaa1 <unknown>
#4 0x55f00f849d64 <unknown>
#5 0x55f00f8280dd <unknown>
#6 0x55f00f847006 <unknown>
#7 0x55f00f827e53 <unknown>
#8 0x55f00f7efdd4 <unknown>
#9 0x55f00f7f11de <unknown>
#10 0x55f00faba531 <unknown>
#11 0x55f00fabe455 <unknown>
#12 0x55f00faa6f55 <unknown>
#13 0x55f00fabf0ef <unknown>
#14 0x55f00fa8a99f <unknown>
#15 0x55f00fae3008 <unknown>
#16 0x55f00fae31d7 <unknown>
#17 0x55f00faf5124 <unknown>
#18 0x7f5bdc894ac3 <unknown>