


2024-01-26 15:17:00.208164   0. Get Values row =>
2024-01-26 15:17:00.208195   Row # = 624
2024-01-26 15:17:00.208205   Row Values = 
['Bid:11.02.07.00_02-es.gb.NoAuth', 'Ubuntu 22.04', 'Chrome', '11.02.07.00', '_02', 'es', 'gb', 'FCA', 'NoAuth', '', 'Education', 'ETF trading', 'Click Main banner > Button [Try demo]', 'Click Main banner > Button [Try demo]', '', '05', "Bug # 05. Opened a 'Sign up' form instead of a 'Login'", '', '', '', '22/01/24', 'failed']

2024-01-26 15:17:00.208291   1. Run pretest =>

2024-01-26 15:17:00.208303   row_loc = 
['Bid:11.02.07.00_02-es.gb.NoAuth', 'Ubuntu 22.04', 'Chrome', '11.02.07.00', '_02', 'es', 'gb', 'FCA', 'NoAuth', '', 'Education', 'ETF trading', 'Click Main banner > Button [Try demo]', 'Click Main banner > Button [Try demo]', '', '05', "Bug # 05. Opened a 'Sign up' form instead of a 'Login'", '', '', '', '22/01/24', 'failed']

2024-01-26 15:17:00.208319   => 1. Pretest finished

2024-01-26 15:17:00.208384   2. Run run_pytest with Bid = Bid:11.02.07.00_02-es.gb.NoAuth from row =>

2024-01-26 15:17:00.208396   2.2. Run poetry run pytest ... in subprocess =>

2024-01-26 15:17:00.208408   Run command: 
poetry run pytest --retest=True --browser_name=Chrome --lang=es --country=gb --role=NoAuth -m test_02 -v \tests/US_11_Education/US_11-02-07_ETF_trading/us_11-02-07_etf_trading_test.py

2024-01-26 15:17:52.172344   => 2.2. pytest ... as subprocess finished

2024-01-26 15:17:52.172389   => 2. Autotest with Bid = Bid:11.02.07.00_02-es.gb.NoAuth from row finished

2024-01-26 15:17:52.172468   3. Run check_results =>
2024-01-26 15:17:52.172491   test_results: 
============================= test session starts ==============================
platform linux -- Python 3.11.7, pytest-7.4.4, pluggy-1.3.0 -- /home/runner/.cache/pypoetry/virtualenvs/testcapitalcompyse-cIj6ROMf-py3.11/bin/python
cachedir: .pytest_cache
metadata: {'Python': '3.11.7', 'Platform': 'Linux-6.2.0-1018-azure-x86_64-with-glibc2.35', 'Packages': {'pytest': '7.4.4', 'pluggy': '1.3.0'}, 'Plugins': {'metadata': '3.0.0', 'timeout': '2.2.0', 'html': '4.1.1', 'xdist': '3.5.0', 'allure-pytest': '2.13.2'}, 'CI': 'true', 'JAVA_HOME': '/usr/lib/jvm/temurin-11-jdk-amd64'}
rootdir: /home/runner/work/SeleniumCapital/SeleniumCapital
configfile: pytest.ini
plugins: metadata-3.0.0, timeout-2.2.0, html-4.1.1, xdist-3.5.0, allure-pytest-2.13.2
collecting ... collected 4 items / 3 deselected / 1 selected

tests/US_11_Education/US_11-02-07_ETF_trading/us_11-02-07_etf_trading_test.py::TestETFTrading::test_02_main_banner_try_demo_button[Chrome--ae-NoAuth-aqa.tomelo.an@gmail.com-iT9Vgqi6d$fiZ*Z] FAILED [100%]

=================================== FAILURES ===================================
_ TestETFTrading.test_02_main_banner_try_demo_button[Chrome--ae-NoAuth-aqa.tomelo.an@gmail.com-iT9Vgqi6d$fiZ*Z] _

self = <us_11-02-07_etf_trading_test.TestETFTrading object at 0x7f013b00a210>
worker_id = 'master'
d = <selenium.webdriver.chrome.webdriver.WebDriver (session="005704f0b9d4a8783b7e4d83fb0251bb")>
cur_language = 'es', cur_country = 'gb', cur_role = 'NoAuth'
cur_login = 'aqa.tomelo.an@gmail.com', cur_password = 'iT9Vgqi6d$fiZ*Z'

    @allure.step("Start test of button [Try demo] on Main banner")
    @pytest.mark.test_02
    def test_02_main_banner_try_demo_button(
            self, worker_id, d, cur_language, cur_country, cur_role, cur_login, cur_password):
        """
        Check: Button [Try demo] on Main banner
        Language: All. License: All. Role: All.
        """
        bid = build_dynamic_arg_v4(
            d, worker_id, cur_language, cur_country, cur_role,
            "11.02.07", "Education > Menu item [ETF trading]",
            ".00_02", "Testing button [Try demo] on Main banner")
    
        Common().skip_if_eng_lang_and_fca_license(cur_language, cur_country)
    
        check_language(cur_language, ["", "ar", "de", "es", "it", "ru", "cn"])
    
        page_conditions = Conditions(d, "")
        link = page_conditions.preconditions(
            d, CapitalComPageSrc.URL, "", cur_language, cur_country, cur_role, cur_login, cur_password)
    
        page_menu = MenuSection(d, link)
        page_menu.menu_education_move_focus(d, cur_language, cur_country)
        cur_page_url = page_menu.sub_menu_etf_trading_move_focus_click(d, cur_language)
    
        test_element = MainBannerTryDemo(d, cur_page_url, bid)
>       test_element.full_test_with_tpi(d, cur_language, cur_country, cur_role, cur_page_url)

tests/US_11_Education/US_11-02-07_ETF_trading/us_11-02-07_etf_trading_test.py:89: 
_ _ _ _ _ _ _ _ _ _ _ _ _ _ _ _ _ _ _ _ _ _ _ _ _ _ _ _ _ _ _ _ _ _ _ _ _ _ _ _ 
pages/Elements/ButtonTryDemoMainBanner.py:28: in full_test_with_tpi
    test_element.assert_login(d, cur_language, cur_item_link)
_ _ _ _ _ _ _ _ _ _ _ _ _ _ _ _ _ _ _ _ _ _ _ _ _ _ _ _ _ _ _ _ _ _ _ _ _ _ _ _ 

self = <pages.Elements.AssertClass.AssertClass object at 0x7f013ad45f90>
d = <selenium.webdriver.chrome.webdriver.WebDriver (session="005704f0b9d4a8783b7e4d83fb0251bb")>
cur_language = 'es', cur_link = 'https://capital.com/es/trade-etfs'

    @allure.step('Checking that "Login" form or page opened')
    def assert_login(self, d, cur_language, cur_link):
        """Method Assert Login form or page"""
        print(f"\n{datetime.now()}   3. Assert_Login_v0")
        self.page_signup_login = SignupLogin(d, cur_link)
        if self.page_signup_login.should_be_login_form():
            self.page_signup_login.close_login_form()
            del self.page_signup_login
        elif self.page_signup_login.should_be_login_page():
            self.page_signup_login.close_login_page()
            del self.page_signup_login
        elif self.page_signup_login.should_be_trading_platform_login_form(cur_language):
            self.page_signup_login.close_trading_platform_login_form()
            del self.page_signup_login
        elif self.page_signup_login.should_be_signup_form(cur_language):
            del self.page_signup_login
            print(f'\nBug: {self.bid}')
            retest_table_fill(self.bid, '05', self.link)
>           assert False, "Bug # 05. Opened a 'Sign up' form instead of a 'Login'"
E           AssertionError: Bug # 05. Opened a 'Sign up' form instead of a 'Login'

pages/Elements/AssertClass.py:69: AssertionError
---------------------------- Captured stdout setup -----------------------------

2024-01-26 15:17:01.036212   *** autouse fixture Chrome ***

{'width': 1280, 'height': 720}
Current test language - es
Current country of trading - gb



Current test role - NoAuth
Current login - aqa.tomelo.an@gmail.com
Current login - iT9Vgqi6d$fiZ*Z
----------------------------- Captured stdout call -----------------------------
{'width': 1280, 'height': 720}

2024-01-26 15:17:01.971020   worker_id = master

2024-01-26 15:17:01.971037   0. Allure grouping v4


2024-01-26 15:17:01.971227   START PRECONDITIONS =>

2024-01-26 15:17:03.607606   Load page https://capital.com

2024-01-26 15:17:03.607651   {'width': 1280, 'height': 720}

2024-01-26 15:17:03.611355   Set windows position at (0, 0) =>

2024-01-26 15:17:03.716940   Set resolution 1280 * 720 =>

2024-01-26 15:17:03.822757   => Resolution seted {'width': 1280, 'height': 720}

2024-01-26 15:17:08.845203   Капчи нет. Тестим дальше

2024-01-26 15:17:08.845299   Prev. Role: ?

2024-01-26 15:17:08.845312   Run preconditions: set "NoAuth" Role =>
2024-01-26 15:17:09.603374   Load page https://capital.com

2024-01-26 15:17:09.898435   => All cookies are deleted
2024-01-26 15:17:10.782552   Load page https://capital.com

2024-01-26 15:17:10.782802   Step 'Click button [Accept all cookies]'
2024-01-26 15:17:15.812840   Is Visible Button [Accept all cookies]? =>
2024-01-26 15:17:15.833574   => Button [Accept all cookies] is visible
2024-01-26 15:17:16.833742   Is clickable Button [Accept all cookies] =>
2024-01-26 15:17:16.861641   => Button [Accept all cookies] is clickable
2024-01-26 15:17:16.861683   Click Button [Accept all cookies] =>
2024-01-26 15:17:16.939092   => Button [Accept all cookies] is clicked
2024-01-26 15:17:16.939144   => Accepted All Cookies

2024-01-26 15:17:17.439562   Start Autorization

2024-01-26 15:17:17.439704   2. Act
2024-01-26 15:17:17.439722   Start Click button [Log in] =>
2024-01-26 15:17:17.456556   BUTTON_LOGIN scroll =>
2024-01-26 15:17:17.465422   Is BUTTON_LOGIN clickable? =>
2024-01-26 15:17:17.480191   => BUTTON_LOGIN is clickable
2024-01-26 15:17:17.480220   BUTTON_LOGIN click =>
2024-01-26 15:17:17.526942   => BUTTON_LOGIN is clicked!
2024-01-26 15:17:17.527049   => 'Login' form is opened
2024-01-26 15:17:18.002072   => "login" and "password" are inputted
2024-01-26 15:17:18.002114   Click [Continue] button on [Login] form =>
2024-01-26 15:17:18.083695   => [Continue] button on [Login] form is clicked
2024-01-26 15:17:21.164820   Start check that the Trading platform page is loaded and LOGO is present on it =>
2024-01-26 15:17:21.164860   Set timeout = 30
2024-01-26 15:17:21.164881   Wait until load page with special title =>
2024-01-26 15:17:21.170949   => Page with title "Trading Platform | Capital.com" is loaded
2024-01-26 15:17:21.170980   Is present LOGO on this page? =>
2024-01-26 15:17:22.598416   => LOGO is visible on this page
2024-01-26 15:17:22.598506   -> "Capital.com" logo is present on trading platform page

2024-01-26 15:17:23.811354   Start DeAuthorisation
2024-01-26 15:17:23.811481   1. BUTTON_MY_ACCOUNT is present? =>
2024-01-26 15:17:23.823249   => BUTTON_MY_ACCOUNT is present on this page
2024-01-26 15:17:25.126412   => Move to BUTTON_MY_ACCOUNT
2024-01-26 15:17:25.126460   2. BUTTON_MY_ACCOUNT is clickable? =>
2024-01-26 15:17:25.145300   => BUTTON_MY_ACCOUNT is clickable
2024-01-26 15:17:25.145331   BUTTON_MY_ACCOUNT Click =>
2024-01-26 15:17:25.984415   => User panel [My account] is opened

2024-01-26 15:17:25.984674   Start Click [Logout] button:
2024-01-26 15:17:25.984696   BUTTON_LOGOUT is present? =>
2024-01-26 15:17:25.997717   => BUTTON_LOGOUT is present
2024-01-26 15:17:25.997765   Is visible BUTTON_LOGOUT? =>
2024-01-26 15:17:26.017666   BUTTON_LOGOUT is clickable? =>
2024-01-26 15:17:26.032430   BUTTON_LOGOUT click =>
2024-01-26 15:17:26.103799   => BUTTON_LOGOUT is clicked

2024-01-26 15:17:26.103944   Current role: NoAuth

2024-01-26 15:17:26.103967   Prev language: ?

2024-01-26 15:17:26.103982   Run preconditions: set "es" language =>


2024-01-26 15:17:26.135639   => Language and Country menu is present


2024-01-26 15:17:26.170833   => Language and Country menu is visible


2024-01-26 15:17:27.945600   => Focus is moved on Language and Country menu 

2024-01-26 15:17:30.185261   => Current language: es

2024-01-26 15:17:30.185302   Prev country: ?

2024-01-26 15:17:30.185315   Run preconditions: set "gb" country =>


2024-01-26 15:17:30.215279   => Language and Country menu is present


2024-01-26 15:17:30.232137   => Language and Country menu is visible


2024-01-26 15:17:32.016667   => Focus is moved on Language and Country menu 

2024-01-26 15:17:34.269924   => Current country: gb

2024-01-26 15:17:34.269965   => THE END PRECONDITIONS
2024-01-26 15:17:34.783261   => Education menu is present
2024-01-26 15:17:34.799288   => Education menu is visible
2024-01-26 15:17:36.075961   => Education menu focus moved

2024-01-26 15:17:39.020042   1. Arrange_v0
2024-01-26 15:17:39.025837   BUTTON_TRY_DEMO is visible? =>
2024-01-26 15:17:39.059319   => BUTTON_TRY_DEMO is visible on the page!

2024-01-26 15:17:39.059493   2. Act_v0
2024-01-26 15:17:39.059508   BUTTON_TRY_DEMO is present? =>
2024-01-26 15:17:39.067220   => BUTTON_TRY_DEMO is present on the page!
2024-01-26 15:17:39.067243   BUTTON_TRY_DEMO scroll =>
2024-01-26 15:17:39.122117   => BUTTON_TRY_DEMO clicked!

2024-01-26 15:17:39.122417   3. Assert_Login_v0
2024-01-26 15:17:39.122529   Check that 'Login' form is opened
2024-01-26 15:17:44.637257   'Login' form not opened
2024-01-26 15:17:44.643031   'Login' page not opened
2024-01-26 15:17:50.213858   'Login' form on trading platform not opened
2024-01-26 15:17:50.214035   Start step Check that [Sign up] form is opened
2024-01-26 15:17:50.228150   'Sign up' form opened
2024-01-26 15:17:50.228185   Assert SIGNUP_HEADER =>
2024-01-26 15:17:50.242139   Assert SIGNUP_REF_LOGIN =>
2024-01-26 15:17:50.256255   Assert SIGNUP_PRIVACY_POLICY_ALL_2 =>
2024-01-26 15:17:50.269695   => SIGNUP_PRIVACY_POLICY_ALL
2024-01-26 15:17:50.269717   => 'Signup' form is checked

Bug: Bid:11.02.07.00_02-es.gb.NoAuth

2024-01-26 15:17:50.269774   Проверка бага в таблице ретеста  =>

2024-01-26 15:17:50.275491   4. Fixing one row check results into Google Sheet Bugs Report =>
1 cells updated.
2024-01-26 15:17:50.705324   => 4. One row check results into Google Sheet Bugs Report fixed

2024-01-26 15:17:51.114832   4. Fixing one row check results into Google Sheet Bugs Report =>
1 cells updated.
2024-01-26 15:17:51.308914   => 4. One row check results into Google Sheet Bugs Report fixed

2024-01-26 15:17:51.308984   Bug: Bid:11.02.07.00_02-es.gb.NoAuth уже существует, но тип бага изменился с 22/01/24 на 05

2024-01-26 15:17:51.309386   Bug: Bid:11.02.07.00_02-es.gb.NoAuth-05 уже существует

2024-01-26 15:17:51.309531   4. Fixing one row check results into Google Sheet Bugs Report =>
1 cells updated.
2024-01-26 15:17:51.753587   => 4. One row check results into Google Sheet Bugs Report fixed
------------------------------ Captured log call -------------------------------
2024-01-26 15:17:44 ERROR Elements not present after 0.5 seconds on page: https://capital.com/es/trade-etfs
2024-01-26 15:17:44 ERROR 
Traceback (most recent call last):
  File "/home/runner/work/SeleniumCapital/SeleniumCapital/pages/base_page.py", line 82, in inner_function
    return func(*args, **kwargs)
           ^^^^^^^^^^^^^^^^^^^^^
  File "/home/runner/work/SeleniumCapital/SeleniumCapital/pages/base_page.py", line 293, in element_is_visible
    return Wait(self.browser, timeout).until(
           ^^^^^^^^^^^^^^^^^^^^^^^^^^^^^^^^^^
  File "/home/runner/.cache/pypoetry/virtualenvs/testcapitalcompyse-cIj6ROMf-py3.11/lib/python3.11/site-packages/selenium/webdriver/support/wait.py", line 105, in until
    raise TimeoutException(message, screen, stacktrace)
selenium.common.exceptions.TimeoutException: Message: 
Stacktrace:
#0 0x55cffeab5f83 <unknown>
#1 0x55cffe76ecf7 <unknown>
#2 0x55cffe7be99e <unknown>
#3 0x55cffe7beaa1 <unknown>
#4 0x55cffe809d64 <unknown>
#5 0x55cffe7e80dd <unknown>
#6 0x55cffe807006 <unknown>
#7 0x55cffe7e7e53 <unknown>
#8 0x55cffe7afdd4 <unknown>
#9 0x55cffe7b11de <unknown>
#10 0x55cffea7a531 <unknown>
#11 0x55cffea7e455 <unknown>
#12 0x55cffea66f55 <unknown>
#13 0x55cffea7f0ef <unknown>
#14 0x55cffea4a99f <unknown>
#15 0x55cffeaa3008 <unknown>
#16 0x55cffeaa31d7 <unknown>
#17 0x55cffeab5124 <unknown>
#18 0x7ff301094ac3 <unknown>

2024-01-26 15:17:50 ERROR Elements not present after 0.5 seconds on page: https://capital.com/es/trade-etfs
2024-01-26 15:17:50 ERROR 
Traceback (most recent call last):
  File "/home/runner/work/SeleniumCapital/SeleniumCapital/pages/base_page.py", line 82, in inner_function
    return func(*args, **kwargs)
           ^^^^^^^^^^^^^^^^^^^^^
  File "/home/runner/work/SeleniumCapital/SeleniumCapital/pages/base_page.py", line 293, in element_is_visible
    return Wait(self.browser, timeout).until(
           ^^^^^^^^^^^^^^^^^^^^^^^^^^^^^^^^^^
  File "/home/runner/.cache/pypoetry/virtualenvs/testcapitalcompyse-cIj6ROMf-py3.11/lib/python3.11/site-packages/selenium/webdriver/support/wait.py", line 105, in until
    raise TimeoutException(message, screen, stacktrace)
selenium.common.exceptions.TimeoutException: Message: 
Stacktrace:
#0 0x55cffeab5f83 <unknown>
#1 0x55cffe76ecf7 <unknown>
#2 0x55cffe7be99e <unknown>
#3 0x55cffe7beaa1 <unknown>
#4 0x55cffe809d64 <unknown>
#5 0x55cffe7e80dd <unknown>
#6 0x55cffe807006 <unknown>
#7 0x55cffe7e7e53 <unknown>
#8 0x55cffe7afdd4 <unknown>
#9 0x55cffe7b11de <unknown>
#10 0x55cffea7a531 <unknown>
#11 0x55cffea7e455 <unknown>
#12 0x55cffea66f55 <unknown>
#13 0x55cffea7f0ef <unknown>
#14 0x55cffea4a99f <unknown>
#15 0x55cffeaa3008 <unknown>
#16 0x55cffeaa31d7 <unknown>
#17 0x55cffeab5124 <unknown>
#18 0x7ff301094ac3 <unknown>
--------------------------- Captured stdout teardown ---------------------------

2024-01-26 15:17:52.078488   *** end fixture Browser = teardown ***

=============================== warnings summary ===============================
tests/US_11_Education/US_11-02-07_ETF_trading/us_11-02-07_etf_trading_test.py::TestETFTrading::test_02_main_banner_try_demo_button[Chrome--ae-NoAuth-aqa.tomelo.an@gmail.com-iT9Vgqi6d$fiZ*Z]
  /home/runner/.cache/pypoetry/virtualenvs/testcapitalcompyse-cIj6ROMf-py3.11/lib/python3.11/site-packages/pytest_html/plugin.py:133: DeprecationWarning: The 'report.extra' attribute is deprecated and will be removed in a future release, use 'report.extras' instead.
    warnings.warn(

-- Docs: https://docs.pytest.org/en/stable/how-to/capture-warnings.html
- Generated html report: file:///home/runner/work/SeleniumCapital/SeleniumCapital/report/report.html -
=========================== short test summary info ============================
FAILED tests/US_11_Education/US_11-02-07_ETF_trading/us_11-02-07_etf_trading_test.py::TestETFTrading::test_02_main_banner_try_demo_button[Chrome--ae-NoAuth-aqa.tomelo.an@gmail.com-iT9Vgqi6d$fiZ*Z] - AssertionError: Bug # 05. Opened a 'Sign up' form instead of a 'Login'
================= 1 failed, 3 deselected, 1 warning in 51.19s ==================

2024-01-26 15:17:52.172878   => Текущий тест: 1 failed

2024-01-26 15:17:52.173860   => 3. check_results finished

2024-01-26 15:17:52.174022   4. Fixing one row check results into Google Sheet Bugs Report =>
1 cells updated.
2024-01-26 15:17:52.529666   => 4. One row check results into Google Sheet Bugs Report fixed
