2024-01-26 16:02:50 ERROR Elements not present after 0.5 seconds on page: https://capital.com/es/operar-cobre
2024-01-26 16:02:50 ERROR 
Traceback (most recent call last):
  File "/home/runner/work/SeleniumCapital/SeleniumCapital/pages/base_page.py", line 82, in inner_function
    return func(*args, **kwargs)
           ^^^^^^^^^^^^^^^^^^^^^
  File "/home/runner/work/SeleniumCapital/SeleniumCapital/pages/base_page.py", line 293, in element_is_visible
    return Wait(self.browser, timeout).until(
           ^^^^^^^^^^^^^^^^^^^^^^^^^^^^^^^^^^
  File "/home/runner/.cache/pypoetry/virtualenvs/testcapitalcompyse-cIj6ROMf-py3.11/lib/python3.11/site-packages/selenium/webdriver/support/wait.py", line 105, in until
    raise TimeoutException(message, screen, stacktrace)
selenium.common.exceptions.TimeoutException: Message: 
Stacktrace:
#0 0x563d8aac9f83 <unknown>
#1 0x563d8a782cf7 <unknown>
#2 0x563d8a7d299e <unknown>
#3 0x563d8a7d2aa1 <unknown>
#4 0x563d8a81dd64 <unknown>
#5 0x563d8a7fc0dd <unknown>
#6 0x563d8a81b006 <unknown>
#7 0x563d8a7fbe53 <unknown>
#8 0x563d8a7c3dd4 <unknown>
#9 0x563d8a7c51de <unknown>
#10 0x563d8aa8e531 <unknown>
#11 0x563d8aa92455 <unknown>
#12 0x563d8aa7af55 <unknown>
#13 0x563d8aa930ef <unknown>
#14 0x563d8aa5e99f <unknown>
#15 0x563d8aab7008 <unknown>
#16 0x563d8aab71d7 <unknown>
#17 0x563d8aac9124 <unknown>
#18 0x7f5ef3894ac3 <unknown>

2024-01-26 16:02:56 ERROR Elements not present after 0.5 seconds on page: https://capital.com/es/operar-cobre
2024-01-26 16:02:56 ERROR 
Traceback (most recent call last):
  File "/home/runner/work/SeleniumCapital/SeleniumCapital/pages/base_page.py", line 82, in inner_function
    return func(*args, **kwargs)
           ^^^^^^^^^^^^^^^^^^^^^
  File "/home/runner/work/SeleniumCapital/SeleniumCapital/pages/base_page.py", line 293, in element_is_visible
    return Wait(self.browser, timeout).until(
           ^^^^^^^^^^^^^^^^^^^^^^^^^^^^^^^^^^
  File "/home/runner/.cache/pypoetry/virtualenvs/testcapitalcompyse-cIj6ROMf-py3.11/lib/python3.11/site-packages/selenium/webdriver/support/wait.py", line 105, in until
    raise TimeoutException(message, screen, stacktrace)
selenium.common.exceptions.TimeoutException: Message: 
Stacktrace:
#0 0x563d8aac9f83 <unknown>
#1 0x563d8a782cf7 <unknown>
#2 0x563d8a7d299e <unknown>
#3 0x563d8a7d2aa1 <unknown>
#4 0x563d8a81dd64 <unknown>
#5 0x563d8a7fc0dd <unknown>
#6 0x563d8a81b006 <unknown>
#7 0x563d8a7fbe53 <unknown>
#8 0x563d8a7c3dd4 <unknown>
#9 0x563d8a7c51de <unknown>
#10 0x563d8aa8e531 <unknown>
#11 0x563d8aa92455 <unknown>
#12 0x563d8aa7af55 <unknown>
#13 0x563d8aa930ef <unknown>
#14 0x563d8aa5e99f <unknown>
#15 0x563d8aab7008 <unknown>
#16 0x563d8aab71d7 <unknown>
#17 0x563d8aac9124 <unknown>
#18 0x7f5ef3894ac3 <unknown>