


2024-01-26 15:18:47.017424   0. Get Values row =>
2024-01-26 15:18:47.017452   Row # = 496
2024-01-26 15:18:47.017462   Row Values = 
['Bid:11.02.04.01_02-de.gb.NoAuth', 'Ubuntu 22.04', 'Chrome', '11.02.04.01', '_02', 'de', 'gb', 'FCA', 'NoAuth', 'https://capital.com/de/gbpjpy-handel', 'Education', 'Forex trading L1', 'Click Main banner > Button [Try demo]', 'Click Main banner > Button [Try demo]', '', '05', "Bug # 05. Opened a 'Sign up' form instead of a 'Login'", '', '', '', '23/01/24', 'failed']

2024-01-26 15:18:47.017542   1. Run pretest =>

2024-01-26 15:18:47.017555   row_loc = 
['Bid:11.02.04.01_02-de.gb.NoAuth', 'Ubuntu 22.04', 'Chrome', '11.02.04.01', '_02', 'de', 'gb', 'FCA', 'NoAuth', 'https://capital.com/de/gbpjpy-handel', 'Education', 'Forex trading L1', 'Click Main banner > Button [Try demo]', 'Click Main banner > Button [Try demo]', '', '05', "Bug # 05. Opened a 'Sign up' form instead of a 'Login'", '', '', '', '23/01/24', 'failed']

2024-01-26 15:18:47.017569   => 1. Pretest finished

2024-01-26 15:18:47.017650   2. Run run_pytest with Bid = Bid:11.02.04.01_02-de.gb.NoAuth from row =>

2024-01-26 15:18:47.017666   2.2. Run poetry run pytest ... in subprocess =>

2024-01-26 15:18:47.017678   Run command: 
poetry run pytest --retest=True --browser_name=Chrome --lang=de --country=gb --role=NoAuth --tpi_link=https://capital.com/de/gbpjpy-handel -m test_02 -v \tests/US_11_Education/US_11-02-04_Forex_trading/US_11-02-04-01_Forex_trading_test.py

2024-01-26 15:19:34.785748   => 2.2. pytest ... as subprocess finished

2024-01-26 15:19:34.785793   => 2. Autotest with Bid = Bid:11.02.04.01_02-de.gb.NoAuth from row finished

2024-01-26 15:19:34.785871   3. Run check_results =>
2024-01-26 15:19:34.785903   test_results: 
============================= test session starts ==============================
platform linux -- Python 3.11.7, pytest-7.4.4, pluggy-1.3.0 -- /home/runner/.cache/pypoetry/virtualenvs/testcapitalcompyse-cIj6ROMf-py3.11/bin/python
cachedir: .pytest_cache
metadata: {'Python': '3.11.7', 'Platform': 'Linux-6.2.0-1018-azure-x86_64-with-glibc2.35', 'Packages': {'pytest': '7.4.4', 'pluggy': '1.3.0'}, 'Plugins': {'metadata': '3.0.0', 'timeout': '2.2.0', 'html': '4.1.1', 'xdist': '3.5.0', 'allure-pytest': '2.13.2'}, 'CI': 'true', 'JAVA_HOME': '/usr/lib/jvm/temurin-11-jdk-amd64'}
rootdir: /home/runner/work/SeleniumCapital/SeleniumCapital
configfile: pytest.ini
plugins: metadata-3.0.0, timeout-2.2.0, html-4.1.1, xdist-3.5.0, allure-pytest-2.13.2
collecting ... collected 8 items / 7 deselected / 1 selected

tests/US_11_Education/US_11-02-04_Forex_trading/US_11-02-04-01_Forex_trading_test.py::TestForexTradingItemPage::test_02_main_banner_try_demo_button[https://capital.com/de/gbpjpy-handel-Chrome--ae-NoAuth-aqa.tomelo.an@gmail.com-iT9Vgqi6d$fiZ*Z] FAILED [100%]

=================================== FAILURES ===================================
_ TestForexTradingItemPage.test_02_main_banner_try_demo_button[https://capital.com/de/gbpjpy-handel-Chrome--ae-NoAuth-aqa.tomelo.an@gmail.com-iT9Vgqi6d$fiZ*Z] _

self = <US_11-02-04-01_Forex_trading_test.TestForexTradingItemPage object at 0x7fec7ec7f890>
worker_id = 'master'
d = <selenium.webdriver.chrome.webdriver.WebDriver (session="7459c328d261173ee45f13df6c2ada3c")>
cur_language = 'de', cur_country = 'gb', cur_role = 'NoAuth'
cur_login = 'aqa.tomelo.an@gmail.com', cur_password = 'iT9Vgqi6d$fiZ*Z'
cur_item_link = 'https://capital.com/de/gbpjpy-handel'

    @allure.step("Start test of button [Try demo] on Main banner")
    @pytest.mark.test_02
    def test_02_main_banner_try_demo_button(
            self, worker_id, d, cur_language, cur_country, cur_role, cur_login, cur_password,
            cur_item_link):
        """
        Check: Button [Try demo] on Main banner
        Language: All. License: All.
        """
        bid = build_dynamic_arg_v4(
            d, worker_id, cur_language, cur_country, cur_role,
            "11.02.04", "Education > Menu item [Forex trading]",
            ".01_02", "Testing button [Try demo] on Main banner")
    
        Common().check_language_in_list_and_skip_if_not_present(
            cur_language, ["", "de", "es", "fr", "it", "cn", "ru"])
    
        page_conditions = Conditions(d, "")
        page_conditions.preconditions(
            d, CapitalComPageSrc.URL, "", cur_language, cur_country, cur_role, cur_login, cur_password)
    
        test_element = MainBannerTryDemo(d, cur_item_link, bid)
>       test_element.full_test_with_tpi(d, cur_language, cur_country, cur_role, cur_item_link)

tests/US_11_Education/US_11-02-04_Forex_trading/US_11-02-04-01_Forex_trading_test.py:91: 
_ _ _ _ _ _ _ _ _ _ _ _ _ _ _ _ _ _ _ _ _ _ _ _ _ _ _ _ _ _ _ _ _ _ _ _ _ _ _ _ 
pages/Elements/ButtonTryDemoMainBanner.py:28: in full_test_with_tpi
    test_element.assert_login(d, cur_language, cur_item_link)
_ _ _ _ _ _ _ _ _ _ _ _ _ _ _ _ _ _ _ _ _ _ _ _ _ _ _ _ _ _ _ _ _ _ _ _ _ _ _ _ 

self = <pages.Elements.AssertClass.AssertClass object at 0x7fec7ef39690>
d = <selenium.webdriver.chrome.webdriver.WebDriver (session="7459c328d261173ee45f13df6c2ada3c")>
cur_language = 'de', cur_link = 'https://capital.com/de/gbpjpy-handel'

    @allure.step('Checking that "Login" form or page opened')
    def assert_login(self, d, cur_language, cur_link):
        """Method Assert Login form or page"""
        print(f"\n{datetime.now()}   3. Assert_Login_v0")
        self.page_signup_login = SignupLogin(d, cur_link)
        if self.page_signup_login.should_be_login_form():
            self.page_signup_login.close_login_form()
            del self.page_signup_login
        elif self.page_signup_login.should_be_login_page():
            self.page_signup_login.close_login_page()
            del self.page_signup_login
        elif self.page_signup_login.should_be_trading_platform_login_form(cur_language):
            self.page_signup_login.close_trading_platform_login_form()
            del self.page_signup_login
        elif self.page_signup_login.should_be_signup_form(cur_language):
            del self.page_signup_login
            print(f'\nBug: {self.bid}')
            retest_table_fill(self.bid, '05', self.link)
>           assert False, "Bug # 05. Opened a 'Sign up' form instead of a 'Login'"
E           AssertionError: Bug # 05. Opened a 'Sign up' form instead of a 'Login'

pages/Elements/AssertClass.py:69: AssertionError
---------------------------- Captured stdout setup -----------------------------

2024-01-26 15:18:47.942888   *** autouse fixture Chrome ***

{'width': 1280, 'height': 720}
Current test language - de
Current country of trading - gb



Current test role - NoAuth
Current login - aqa.tomelo.an@gmail.com
Current login - iT9Vgqi6d$fiZ*Z
----------------------------- Captured stdout call -----------------------------
{'width': 1280, 'height': 720}

2024-01-26 15:18:48.913273   worker_id = master

2024-01-26 15:18:48.913294   0. Allure grouping v4


2024-01-26 15:18:48.913514   START PRECONDITIONS =>

2024-01-26 15:18:50.546854   Load page https://capital.com

2024-01-26 15:18:50.546897   {'width': 1280, 'height': 720}

2024-01-26 15:18:50.549033   Set windows position at (0, 0) =>

2024-01-26 15:18:50.659571   Set resolution 1280 * 720 =>

2024-01-26 15:18:50.762809   => Resolution seted {'width': 1280, 'height': 720}

2024-01-26 15:18:55.795695   Капчи нет. Тестим дальше

2024-01-26 15:18:55.795811   Prev. Role: ?

2024-01-26 15:18:55.795828   Run preconditions: set "NoAuth" Role =>
2024-01-26 15:18:56.543907   Load page https://capital.com

2024-01-26 15:18:56.740482   => All cookies are deleted
2024-01-26 15:18:57.525904   Load page https://capital.com

2024-01-26 15:18:57.526096   Step 'Click button [Accept all cookies]'
2024-01-26 15:19:02.545762   Is Visible Button [Accept all cookies]? =>
2024-01-26 15:19:02.579504   => Button [Accept all cookies] is visible
2024-01-26 15:19:03.579638   Is clickable Button [Accept all cookies] =>
2024-01-26 15:19:03.602778   => Button [Accept all cookies] is clickable
2024-01-26 15:19:03.602816   Click Button [Accept all cookies] =>
2024-01-26 15:19:03.673792   => Button [Accept all cookies] is clicked
2024-01-26 15:19:03.673836   => Accepted All Cookies

2024-01-26 15:19:04.174233   Start Autorization

2024-01-26 15:19:04.174367   2. Act
2024-01-26 15:19:04.174394   Start Click button [Log in] =>
2024-01-26 15:19:04.236135   BUTTON_LOGIN scroll =>
2024-01-26 15:19:04.254938   Is BUTTON_LOGIN clickable? =>
2024-01-26 15:19:04.295133   => BUTTON_LOGIN is clickable
2024-01-26 15:19:04.295181   BUTTON_LOGIN click =>
2024-01-26 15:19:04.376885   => BUTTON_LOGIN is clicked!
2024-01-26 15:19:04.377003   => 'Login' form is opened
2024-01-26 15:19:05.034014   => "login" and "password" are inputted
2024-01-26 15:19:05.034060   Click [Continue] button on [Login] form =>
2024-01-26 15:19:05.112435   => [Continue] button on [Login] form is clicked
2024-01-26 15:19:07.643560   Start check that the Trading platform page is loaded and LOGO is present on it =>
2024-01-26 15:19:07.643592   Set timeout = 30
2024-01-26 15:19:07.643609   Wait until load page with special title =>
2024-01-26 15:19:07.646189   => Page with title "Trading Platform | Capital.com" is loaded
2024-01-26 15:19:07.646213   Is present LOGO on this page? =>
2024-01-26 15:19:09.193092   => LOGO is visible on this page
2024-01-26 15:19:09.193177   -> "Capital.com" logo is present on trading platform page

2024-01-26 15:19:10.499023   Start DeAuthorisation
2024-01-26 15:19:10.499123   1. BUTTON_MY_ACCOUNT is present? =>
2024-01-26 15:19:10.525443   => BUTTON_MY_ACCOUNT is present on this page
2024-01-26 15:19:11.805383   => Move to BUTTON_MY_ACCOUNT
2024-01-26 15:19:11.805428   2. BUTTON_MY_ACCOUNT is clickable? =>
2024-01-26 15:19:11.826738   => BUTTON_MY_ACCOUNT is clickable
2024-01-26 15:19:11.826773   BUTTON_MY_ACCOUNT Click =>
2024-01-26 15:19:12.676354   => User panel [My account] is opened

2024-01-26 15:19:12.676548   Start Click [Logout] button:
2024-01-26 15:19:12.676563   BUTTON_LOGOUT is present? =>
2024-01-26 15:19:12.683809   => BUTTON_LOGOUT is present
2024-01-26 15:19:12.683831   Is visible BUTTON_LOGOUT? =>
2024-01-26 15:19:12.696851   BUTTON_LOGOUT is clickable? =>
2024-01-26 15:19:12.711234   BUTTON_LOGOUT click =>
2024-01-26 15:19:12.750843   => BUTTON_LOGOUT is clicked

2024-01-26 15:19:12.750950   Current role: NoAuth

2024-01-26 15:19:12.750963   Prev language: ?

2024-01-26 15:19:12.750971   Run preconditions: set "de" language =>


2024-01-26 15:19:12.818309   => Language and Country menu is present


2024-01-26 15:19:12.841107   => Language and Country menu is visible


2024-01-26 15:19:14.623779   => Focus is moved on Language and Country menu 

2024-01-26 15:19:16.584031   => Current language: de

2024-01-26 15:19:16.584076   Prev country: ?

2024-01-26 15:19:16.584090   Run preconditions: set "gb" country =>


2024-01-26 15:19:16.618364   => Language and Country menu is present


2024-01-26 15:19:16.635102   => Language and Country menu is visible


2024-01-26 15:19:18.408019   => Focus is moved on Language and Country menu 

2024-01-26 15:19:20.680704   => Current country: gb

2024-01-26 15:19:20.680751   => THE END PRECONDITIONS

2024-01-26 15:19:20.680811   1. Arrange_v0
2024-01-26 15:19:21.574044   Load page https://capital.com/de/gbpjpy-handel
2024-01-26 15:19:21.574094   BUTTON_TRY_DEMO is visible? =>
2024-01-26 15:19:21.665977   => BUTTON_TRY_DEMO is visible on the page!

2024-01-26 15:19:21.666192   2. Act_v0
2024-01-26 15:19:21.666217   BUTTON_TRY_DEMO is present? =>
2024-01-26 15:19:21.681792   => BUTTON_TRY_DEMO is present on the page!
2024-01-26 15:19:21.681830   BUTTON_TRY_DEMO scroll =>
2024-01-26 15:19:21.747235   => BUTTON_TRY_DEMO clicked!

2024-01-26 15:19:21.747448   3. Assert_Login_v0
2024-01-26 15:19:21.747523   Check that 'Login' form is opened
2024-01-26 15:19:27.266217   'Login' form not opened
2024-01-26 15:19:27.269225   'Login' page not opened
2024-01-26 15:19:32.780076   'Login' form on trading platform not opened
2024-01-26 15:19:32.780263   Start step Check that [Sign up] form is opened
2024-01-26 15:19:32.795522   'Sign up' form opened
2024-01-26 15:19:32.795549   Assert SIGNUP_HEADER =>
2024-01-26 15:19:32.809238   Assert SIGNUP_REF_LOGIN =>
2024-01-26 15:19:32.823585   Assert SIGNUP_PRIVACY_POLICY_ALL_2 =>
2024-01-26 15:19:32.838473   => SIGNUP_PRIVACY_POLICY_ALL
2024-01-26 15:19:32.838515   => 'Signup' form is checked

Bug: Bid:11.02.04.01_02-de.gb.NoAuth

2024-01-26 15:19:32.838582   Проверка бага в таблице ретеста  =>

2024-01-26 15:19:32.844804   4. Fixing one row check results into Google Sheet Bugs Report =>
1 cells updated.
2024-01-26 15:19:33.336147   => 4. One row check results into Google Sheet Bugs Report fixed

2024-01-26 15:19:33.744307   4. Fixing one row check results into Google Sheet Bugs Report =>
1 cells updated.
2024-01-26 15:19:34.086190   => 4. One row check results into Google Sheet Bugs Report fixed

2024-01-26 15:19:34.086262   Bug: Bid:11.02.04.01_02-de.gb.NoAuth уже существует, но тип бага изменился с 23/01/24 на 05

2024-01-26 15:19:34.086638   Bug: Bid:11.02.04.01_02-de.gb.NoAuth-05 уже существует

2024-01-26 15:19:34.086791   4. Fixing one row check results into Google Sheet Bugs Report =>
1 cells updated.
2024-01-26 15:19:34.393309   => 4. One row check results into Google Sheet Bugs Report fixed
------------------------------ Captured log call -------------------------------
2024-01-26 15:19:27 ERROR Elements not present after 0.5 seconds on page: https://capital.com/de/gbpjpy-handel
2024-01-26 15:19:27 ERROR 
Traceback (most recent call last):
  File "/home/runner/work/SeleniumCapital/SeleniumCapital/pages/base_page.py", line 82, in inner_function
    return func(*args, **kwargs)
           ^^^^^^^^^^^^^^^^^^^^^
  File "/home/runner/work/SeleniumCapital/SeleniumCapital/pages/base_page.py", line 293, in element_is_visible
    return Wait(self.browser, timeout).until(
           ^^^^^^^^^^^^^^^^^^^^^^^^^^^^^^^^^^
  File "/home/runner/.cache/pypoetry/virtualenvs/testcapitalcompyse-cIj6ROMf-py3.11/lib/python3.11/site-packages/selenium/webdriver/support/wait.py", line 105, in until
    raise TimeoutException(message, screen, stacktrace)
selenium.common.exceptions.TimeoutException: Message: 
Stacktrace:
#0 0x56159c290f83 <unknown>
#1 0x56159bf49cf7 <unknown>
#2 0x56159bf9999e <unknown>
#3 0x56159bf99aa1 <unknown>
#4 0x56159bfe4d64 <unknown>
#5 0x56159bfc30dd <unknown>
#6 0x56159bfe2006 <unknown>
#7 0x56159bfc2e53 <unknown>
#8 0x56159bf8add4 <unknown>
#9 0x56159bf8c1de <unknown>
#10 0x56159c255531 <unknown>
#11 0x56159c259455 <unknown>
#12 0x56159c241f55 <unknown>
#13 0x56159c25a0ef <unknown>
#14 0x56159c22599f <unknown>
#15 0x56159c27e008 <unknown>
#16 0x56159c27e1d7 <unknown>
#17 0x56159c290124 <unknown>
#18 0x7f9cc3894ac3 <unknown>

2024-01-26 15:19:32 ERROR Elements not present after 0.5 seconds on page: https://capital.com/de/gbpjpy-handel
2024-01-26 15:19:32 ERROR 
Traceback (most recent call last):
  File "/home/runner/work/SeleniumCapital/SeleniumCapital/pages/base_page.py", line 82, in inner_function
    return func(*args, **kwargs)
           ^^^^^^^^^^^^^^^^^^^^^
  File "/home/runner/work/SeleniumCapital/SeleniumCapital/pages/base_page.py", line 293, in element_is_visible
    return Wait(self.browser, timeout).until(
           ^^^^^^^^^^^^^^^^^^^^^^^^^^^^^^^^^^
  File "/home/runner/.cache/pypoetry/virtualenvs/testcapitalcompyse-cIj6ROMf-py3.11/lib/python3.11/site-packages/selenium/webdriver/support/wait.py", line 105, in until
    raise TimeoutException(message, screen, stacktrace)
selenium.common.exceptions.TimeoutException: Message: 
Stacktrace:
#0 0x56159c290f83 <unknown>
#1 0x56159bf49cf7 <unknown>
#2 0x56159bf9999e <unknown>
#3 0x56159bf99aa1 <unknown>
#4 0x56159bfe4d64 <unknown>
#5 0x56159bfc30dd <unknown>
#6 0x56159bfe2006 <unknown>
#7 0x56159bfc2e53 <unknown>
#8 0x56159bf8add4 <unknown>
#9 0x56159bf8c1de <unknown>
#10 0x56159c255531 <unknown>
#11 0x56159c259455 <unknown>
#12 0x56159c241f55 <unknown>
#13 0x56159c25a0ef <unknown>
#14 0x56159c22599f <unknown>
#15 0x56159c27e008 <unknown>
#16 0x56159c27e1d7 <unknown>
#17 0x56159c290124 <unknown>
#18 0x7f9cc3894ac3 <unknown>
--------------------------- Captured stdout teardown ---------------------------

2024-01-26 15:19:34.695972   *** end fixture Browser = teardown ***

=============================== warnings summary ===============================
tests/US_11_Education/US_11-02-04_Forex_trading/US_11-02-04-01_Forex_trading_test.py::TestForexTradingItemPage::test_02_main_banner_try_demo_button[https://capital.com/de/gbpjpy-handel-Chrome--ae-NoAuth-aqa.tomelo.an@gmail.com-iT9Vgqi6d$fiZ*Z]
  /home/runner/.cache/pypoetry/virtualenvs/testcapitalcompyse-cIj6ROMf-py3.11/lib/python3.11/site-packages/pytest_html/plugin.py:133: DeprecationWarning: The 'report.extra' attribute is deprecated and will be removed in a future release, use 'report.extras' instead.
    warnings.warn(

-- Docs: https://docs.pytest.org/en/stable/how-to/capture-warnings.html
- Generated html report: file:///home/runner/work/SeleniumCapital/SeleniumCapital/report/report.html -
=========================== short test summary info ============================
FAILED tests/US_11_Education/US_11-02-04_Forex_trading/US_11-02-04-01_Forex_trading_test.py::TestForexTradingItemPage::test_02_main_banner_try_demo_button[https://capital.com/de/gbpjpy-handel-Chrome--ae-NoAuth-aqa.tomelo.an@gmail.com-iT9Vgqi6d$fiZ*Z] - AssertionError: Bug # 05. Opened a 'Sign up' form instead of a 'Login'
================= 1 failed, 7 deselected, 1 warning in 46.95s ==================

2024-01-26 15:19:34.786640   => Текущий тест: 1 failed

2024-01-26 15:19:34.788542   => 3. check_results finished

2024-01-26 15:19:34.788736   4. Fixing one row check results into Google Sheet Bugs Report =>
1 cells updated.
2024-01-26 15:19:34.977697   => 4. One row check results into Google Sheet Bugs Report fixed
