


2024-01-26 14:53:23.883653   0. Get Values row =>
2024-01-26 14:53:23.883692   Row # = 118
2024-01-26 14:53:23.883709   Row Values = 
['Bid:11.02.03.00_09-ro.gb.NoAuth', 'Ubuntu 22.04', 'Chrome', '11.02.03.00', '_09', 'ro', 'gb', 'FCA', 'NoAuth', '', 'Education', 'Commodities trading', '', '', '', '05', "Bug # 05. Opened a 'Sign up' form instead of a 'Login'", '', '', '', '25/01/24']

2024-01-26 14:53:23.883829   1. Run pretest =>

2024-01-26 14:53:23.883845   row_loc = 
['Bid:11.02.03.00_09-ro.gb.NoAuth', 'Ubuntu 22.04', 'Chrome', '11.02.03.00', '_09', 'ro', 'gb', 'FCA', 'NoAuth', '', 'Education', 'Commodities trading', '', '', '', '05', "Bug # 05. Opened a 'Sign up' form instead of a 'Login'", '', '', '', '25/01/24']

2024-01-26 14:53:23.883861   => 1. Pretest finished

2024-01-26 14:53:23.883940   2. Run run_pytest with Bid = Bid:11.02.03.00_09-ro.gb.NoAuth from row =>

2024-01-26 14:53:23.883956   2.2. Run poetry run pytest ... in subprocess =>

2024-01-26 14:53:23.883969   Run command: 
poetry run pytest --retest=True --browser_name=Chrome --lang=ro --country=gb --role=NoAuth -m test_09 -v \tests/US_11_Education/US_11-02-03_Commodities_trading/us_11-02-03-00_Commodities_trading_test.py

2024-01-26 14:54:22.160557   => 2.2. pytest ... as subprocess finished

2024-01-26 14:54:22.160609   => 2. Autotest with Bid = Bid:11.02.03.00_09-ro.gb.NoAuth from row finished

2024-01-26 14:54:22.160689   3. Run check_results =>
2024-01-26 14:54:22.160718   test_results: 
============================= test session starts ==============================
platform linux -- Python 3.11.7, pytest-7.4.4, pluggy-1.3.0 -- /home/runner/.cache/pypoetry/virtualenvs/testcapitalcompyse-cIj6ROMf-py3.11/bin/python
cachedir: .pytest_cache
metadata: {'Python': '3.11.7', 'Platform': 'Linux-6.2.0-1018-azure-x86_64-with-glibc2.35', 'Packages': {'pytest': '7.4.4', 'pluggy': '1.3.0'}, 'Plugins': {'metadata': '3.0.0', 'timeout': '2.2.0', 'html': '4.1.1', 'xdist': '3.5.0', 'allure-pytest': '2.13.2'}, 'CI': 'true', 'JAVA_HOME': '/usr/lib/jvm/temurin-11-jdk-amd64'}
rootdir: /home/runner/work/SeleniumCapital/SeleniumCapital
configfile: pytest.ini
plugins: metadata-3.0.0, timeout-2.2.0, html-4.1.1, xdist-3.5.0, allure-pytest-2.13.2
collecting ... collected 7 items / 6 deselected / 1 selected

tests/US_11_Education/US_11-02-03_Commodities_trading/us_11-02-03-00_Commodities_trading_test.py::TestCommoditiesTradingPretest::test_09_block_hor_banner_button[Chrome--ae-NoAuth-aqa.tomelo.an@gmail.com-iT9Vgqi6d$fiZ*Z] FAILED [100%]

=================================== FAILURES ===================================
_ TestCommoditiesTradingPretest.test_09_block_hor_banner_button[Chrome--ae-NoAuth-aqa.tomelo.an@gmail.com-iT9Vgqi6d$fiZ*Z] _

self = <us_11-02-03-00_Commodities_trading_test.TestCommoditiesTradingPretest object at 0x7f6a4958d5d0>
worker_id = 'master'
d = <selenium.webdriver.chrome.webdriver.WebDriver (session="a7bf2a94cfa6f330912dba4769efdecf")>
cur_language = 'ro', cur_country = 'gb', cur_role = 'NoAuth'
cur_login = 'aqa.tomelo.an@gmail.com', cur_password = 'iT9Vgqi6d$fiZ*Z'

    @allure.step("Start test of button in block [Horizontal banner]")
    # @pytest.mark.skip(reason="Skipped for debugging")
    @pytest.mark.test_09
    def test_09_block_hor_banner_button(
            self, worker_id, d, cur_language, cur_country, cur_role, cur_login, cur_password):
        """
        Check the [Button] on the Horizontal banner at the bottom of the page.
        For "Authorized user" role:
        The trading platform page is opened depend on the banner [type-id]:
                Live mode if the banner in the Live mode banners list
                Demo mode if the banner in the Demo mode banners list
        """
    
        bid = build_dynamic_arg_v4(
            d, worker_id, cur_language, cur_country, cur_role,
            "11.02.03", "Education > Menu item [Commodities trading]",
            ".00_09", "Testing button in block [Horizontal banner]")
    
        Common().skip_if_eng_lang_and_fca_license(cur_language, cur_country)
    
        check_language(cur_language)
        if cur_language in ["", "cn"]:
            Common().skip_test_for_language(cur_language)
    
        page_conditions = Conditions(d, "")
        main_page_link = page_conditions.preconditions(
            d, CapitalComPageSrc.URL, "", cur_language, cur_country, cur_role, cur_login, cur_password)
    
        # банеры должны открываться в Demo mode for US_00
        banner00_hor_tpd = ['103', '167', '252', '291', '197', '427']
        # банеры должны открываться в Live mode for US_00
        banner00_hor_tp = ['378', '390', '428', '220']
        # банеры должны открываться в Demo mode for US_01
        banner01_hor_tpd = []
        # банеры должны открываться в Live mode for US_01
        banner01_hor_tp = []
    
        page_menu = MenuSection(d, main_page_link)
        cur_menu_link = page_menu.open_education_commodities_trading_menu(d, cur_language, cur_country, main_page_link)
    
        test_element = ButtonOnHorizontalBanner(d, cur_menu_link, bid)
>       test_element.full_test_with_tpi(d, cur_language, cur_country, cur_role, cur_menu_link,
                                        banner00_hor_tpd, banner00_hor_tp, banner01_hor_tpd, banner01_hor_tp)

tests/US_11_Education/US_11-02-03_Commodities_trading/us_11-02-03-00_Commodities_trading_test.py:203: 
_ _ _ _ _ _ _ _ _ _ _ _ _ _ _ _ _ _ _ _ _ _ _ _ _ _ _ _ _ _ _ _ _ _ _ _ _ _ _ _ 
pages/Elements/ButtonOnHorizontalBanner.py:41: in full_test_with_tpi
    test_element.assert_login(d, cur_language, link)
_ _ _ _ _ _ _ _ _ _ _ _ _ _ _ _ _ _ _ _ _ _ _ _ _ _ _ _ _ _ _ _ _ _ _ _ _ _ _ _ 

self = <pages.Elements.AssertClass.AssertClass object at 0x7f6a49835410>
d = <selenium.webdriver.chrome.webdriver.WebDriver (session="a7bf2a94cfa6f330912dba4769efdecf")>
cur_language = 'ro', cur_link = 'https://capital.com/ro/trade-commodities'

    @allure.step('Checking that "Login" form or page opened')
    def assert_login(self, d, cur_language, cur_link):
        """Method Assert Login form or page"""
        print(f"\n{datetime.now()}   3. Assert_Login_v0")
        self.page_signup_login = SignupLogin(d, cur_link)
        if self.page_signup_login.should_be_login_form():
            self.page_signup_login.close_login_form()
            del self.page_signup_login
        elif self.page_signup_login.should_be_login_page():
            self.page_signup_login.close_login_page()
            del self.page_signup_login
        elif self.page_signup_login.should_be_trading_platform_login_form(cur_language):
            self.page_signup_login.close_trading_platform_login_form()
            del self.page_signup_login
        elif self.page_signup_login.should_be_signup_form(cur_language):
            del self.page_signup_login
            print(f'\nBug: {self.bid}')
            retest_table_fill(self.bid, '05', self.link)
>           assert False, "Bug # 05. Opened a 'Sign up' form instead of a 'Login'"
E           AssertionError: Bug # 05. Opened a 'Sign up' form instead of a 'Login'

pages/Elements/AssertClass.py:69: AssertionError
---------------------------- Captured stdout setup -----------------------------

2024-01-26 14:53:24.759837   *** autouse fixture Chrome ***

{'width': 1280, 'height': 720}
Current test language - ro
Current country of trading - gb



Current test role - NoAuth
Current login - aqa.tomelo.an@gmail.com
Current login - iT9Vgqi6d$fiZ*Z
----------------------------- Captured stdout call -----------------------------
{'width': 1280, 'height': 720}

2024-01-26 14:53:25.823057   worker_id = master

2024-01-26 14:53:25.823087   0. Allure grouping v4


2024-01-26 14:53:25.823465   START PRECONDITIONS =>

2024-01-26 14:53:27.339615   Load page https://capital.com

2024-01-26 14:53:27.339663   {'width': 1280, 'height': 720}

2024-01-26 14:53:27.341785   Set windows position at (0, 0) =>

2024-01-26 14:53:27.448672   Set resolution 1280 * 720 =>

2024-01-26 14:53:27.551333   => Resolution seted {'width': 1280, 'height': 720}

2024-01-26 14:53:32.563133   Капчи нет. Тестим дальше

2024-01-26 14:53:32.563230   Prev. Role: ?

2024-01-26 14:53:32.563243   Run preconditions: set "NoAuth" Role =>
2024-01-26 14:53:33.444362   Load page https://capital.com

2024-01-26 14:53:33.654460   => All cookies are deleted
2024-01-26 14:53:34.621198   Load page https://capital.com

2024-01-26 14:53:34.621435   Step 'Click button [Accept all cookies]'
2024-01-26 14:53:39.677090   Is Visible Button [Accept all cookies]? =>
2024-01-26 14:53:39.708648   => Button [Accept all cookies] is visible
2024-01-26 14:53:40.708781   Is clickable Button [Accept all cookies] =>
2024-01-26 14:53:40.735358   => Button [Accept all cookies] is clickable
2024-01-26 14:53:40.735396   Click Button [Accept all cookies] =>
2024-01-26 14:53:40.793700   => Button [Accept all cookies] is clicked
2024-01-26 14:53:40.793751   => Accepted All Cookies

2024-01-26 14:53:41.294206   Start Autorization

2024-01-26 14:53:41.294357   2. Act
2024-01-26 14:53:41.294381   Start Click button [Log in] =>
2024-01-26 14:53:41.310992   BUTTON_LOGIN scroll =>
2024-01-26 14:53:41.325833   Is BUTTON_LOGIN clickable? =>
2024-01-26 14:53:41.347351   => BUTTON_LOGIN is clickable
2024-01-26 14:53:41.347391   BUTTON_LOGIN click =>
2024-01-26 14:53:41.419982   => BUTTON_LOGIN is clicked!
2024-01-26 14:53:41.420071   => 'Login' form is opened
2024-01-26 14:53:42.044234   => "login" and "password" are inputted
2024-01-26 14:53:42.044278   Click [Continue] button on [Login] form =>
2024-01-26 14:53:42.114025   => [Continue] button on [Login] form is clicked
2024-01-26 14:53:44.837559   Start check that the Trading platform page is loaded and LOGO is present on it =>
2024-01-26 14:53:44.837592   Set timeout = 30
2024-01-26 14:53:44.837632   Wait until load page with special title =>
2024-01-26 14:53:44.840182   => Page with title "Trading Platform | Capital.com" is loaded
2024-01-26 14:53:44.840202   Is present LOGO on this page? =>
2024-01-26 14:53:47.170978   => LOGO is visible on this page
2024-01-26 14:53:47.171066   -> "Capital.com" logo is present on trading platform page

2024-01-26 14:53:48.211141   Start DeAuthorisation
2024-01-26 14:53:48.211285   1. BUTTON_MY_ACCOUNT is present? =>
2024-01-26 14:53:48.228824   => BUTTON_MY_ACCOUNT is present on this page
2024-01-26 14:53:49.550328   => Move to BUTTON_MY_ACCOUNT
2024-01-26 14:53:49.550368   2. BUTTON_MY_ACCOUNT is clickable? =>
2024-01-26 14:53:49.570081   => BUTTON_MY_ACCOUNT is clickable
2024-01-26 14:53:49.570111   BUTTON_MY_ACCOUNT Click =>
2024-01-26 14:53:50.421008   => User panel [My account] is opened

2024-01-26 14:53:50.421235   Start Click [Logout] button:
2024-01-26 14:53:50.421255   BUTTON_LOGOUT is present? =>
2024-01-26 14:53:50.428885   => BUTTON_LOGOUT is present
2024-01-26 14:53:50.428908   Is visible BUTTON_LOGOUT? =>
2024-01-26 14:53:50.444195   BUTTON_LOGOUT is clickable? =>
2024-01-26 14:53:50.459776   BUTTON_LOGOUT click =>
2024-01-26 14:53:50.518910   => BUTTON_LOGOUT is clicked

2024-01-26 14:53:50.519050   Current role: NoAuth

2024-01-26 14:53:50.519069   Prev language: ?

2024-01-26 14:53:50.519082   Run preconditions: set "ro" language =>


2024-01-26 14:53:50.550074   => Language and Country menu is present


2024-01-26 14:53:50.563725   => Language and Country menu is visible


2024-01-26 14:53:52.336004   => Focus is moved on Language and Country menu 

2024-01-26 14:53:54.088094   => Current language: ro

2024-01-26 14:53:54.088135   Prev country: ?

2024-01-26 14:53:54.088149   Run preconditions: set "gb" country =>


2024-01-26 14:53:54.096118   => Language and Country menu is present


2024-01-26 14:53:54.138002   => Language and Country menu is visible


2024-01-26 14:53:55.918720   => Focus is moved on Language and Country menu 

2024-01-26 14:53:58.289651   => Current country: gb

2024-01-26 14:53:58.289690   => THE END PRECONDITIONS

2024-01-26 14:53:58.289727   1. Cur URL = https://capital.com/ro?country=gb

2024-01-26 14:53:58.293990   2. Link = https://capital.com/ro
2024-01-26 14:53:59.459409   Load page https://capital.com/ro
2024-01-26 14:53:59.971893   => Education menu is present
2024-01-26 14:53:59.988671   => Education menu is visible
2024-01-26 14:54:01.266176   => Education menu focus moved

2024-01-26 14:54:03.275060   1. Arrange
2024-01-26 14:54:03.278026   BUTTON_ON_HOR_BANNER is visible? =>
2024-01-26 14:54:03.312453   => BUTTON_ON_HOR_BANNER is visible on the page!
2024-01-26 14:54:03.312686   Start Checking that form [Sign up] popped up on the page =>
2024-01-26 14:54:08.858719   '[Sign up]' form was not popped up

2024-01-26 14:54:08.858930   2. Act
2024-01-26 14:54:08.858949   BUTTON_ON_HOR_BANNER is present? =>
2024-01-26 14:54:08.876393   => BUTTON_ON_HOR_BANNER is present on the page!
2024-01-26 14:54:08.876442   BUTTON_ON_HOR_BANNER scroll =>
2024-01-26 14:54:09.018040   => BUTTON_ON_HOR_BANNER clicked!

2024-01-26 14:54:09.018326   3. Assert_Login_v0
2024-01-26 14:54:09.018421   Check that 'Login' form is opened
2024-01-26 14:54:14.570438   'Login' form not opened
2024-01-26 14:54:14.573227   'Login' page not opened
2024-01-26 14:54:20.113461   'Login' form on trading platform not opened
2024-01-26 14:54:20.113665   Start step Check that [Sign up] form is opened
2024-01-26 14:54:20.125025   'Sign up' form opened
2024-01-26 14:54:20.125047   Assert SIGNUP_HEADER =>
2024-01-26 14:54:20.138508   Assert SIGNUP_REF_LOGIN =>
2024-01-26 14:54:20.151593   Assert SIGNUP_PRIVACY_POLICY_ALL_2 =>
2024-01-26 14:54:20.164369   => SIGNUP_PRIVACY_POLICY_ALL
2024-01-26 14:54:20.164391   => 'Signup' form is checked

Bug: Bid:11.02.03.00_09-ro.gb.NoAuth

2024-01-26 14:54:20.164438   Проверка бага в таблице ретеста  =>

2024-01-26 14:54:20.169952   4. Fixing one row check results into Google Sheet Bugs Report =>
1 cells updated.
2024-01-26 14:54:20.538513   => 4. One row check results into Google Sheet Bugs Report fixed

2024-01-26 14:54:20.959735   4. Fixing one row check results into Google Sheet Bugs Report =>
1 cells updated.
2024-01-26 14:54:21.294450   => 4. One row check results into Google Sheet Bugs Report fixed

2024-01-26 14:54:21.294524   Bug: Bid:11.02.03.00_09-ro.gb.NoAuth уже существует, но тип бага изменился с 25/01/24 на 05

2024-01-26 14:54:21.294965   Bug: Bid:11.02.03.00_09-ro.gb.NoAuth-05 уже существует

2024-01-26 14:54:21.295146   4. Fixing one row check results into Google Sheet Bugs Report =>
1 cells updated.
2024-01-26 14:54:21.738181   => 4. One row check results into Google Sheet Bugs Report fixed
------------------------------ Captured log call -------------------------------
2024-01-26 14:54:08 ERROR Elements not present after 0.5 seconds on page: https://capital.com/ro/trade-commodities
2024-01-26 14:54:08 ERROR 
Traceback (most recent call last):
  File "/home/runner/work/SeleniumCapital/SeleniumCapital/pages/base_page.py", line 82, in inner_function
    return func(*args, **kwargs)
           ^^^^^^^^^^^^^^^^^^^^^
  File "/home/runner/work/SeleniumCapital/SeleniumCapital/pages/base_page.py", line 293, in element_is_visible
    return Wait(self.browser, timeout).until(
           ^^^^^^^^^^^^^^^^^^^^^^^^^^^^^^^^^^
  File "/home/runner/.cache/pypoetry/virtualenvs/testcapitalcompyse-cIj6ROMf-py3.11/lib/python3.11/site-packages/selenium/webdriver/support/wait.py", line 105, in until
    raise TimeoutException(message, screen, stacktrace)
selenium.common.exceptions.TimeoutException: Message: 
Stacktrace:
#0 0x5593fe94ef83 <unknown>
#1 0x5593fe607cf7 <unknown>
#2 0x5593fe65799e <unknown>
#3 0x5593fe657aa1 <unknown>
#4 0x5593fe6a2d64 <unknown>
#5 0x5593fe6810dd <unknown>
#6 0x5593fe6a0006 <unknown>
#7 0x5593fe680e53 <unknown>
#8 0x5593fe648dd4 <unknown>
#9 0x5593fe64a1de <unknown>
#10 0x5593fe913531 <unknown>
#11 0x5593fe917455 <unknown>
#12 0x5593fe8fff55 <unknown>
#13 0x5593fe9180ef <unknown>
#14 0x5593fe8e399f <unknown>
#15 0x5593fe93c008 <unknown>
#16 0x5593fe93c1d7 <unknown>
#17 0x5593fe94e124 <unknown>
#18 0x7f6675894ac3 <unknown>

2024-01-26 14:54:14 ERROR Elements not present after 0.5 seconds on page: https://capital.com/ro/trade-commodities
2024-01-26 14:54:14 ERROR 
Traceback (most recent call last):
  File "/home/runner/work/SeleniumCapital/SeleniumCapital/pages/base_page.py", line 82, in inner_function
    return func(*args, **kwargs)
           ^^^^^^^^^^^^^^^^^^^^^
  File "/home/runner/work/SeleniumCapital/SeleniumCapital/pages/base_page.py", line 293, in element_is_visible
    return Wait(self.browser, timeout).until(
           ^^^^^^^^^^^^^^^^^^^^^^^^^^^^^^^^^^
  File "/home/runner/.cache/pypoetry/virtualenvs/testcapitalcompyse-cIj6ROMf-py3.11/lib/python3.11/site-packages/selenium/webdriver/support/wait.py", line 105, in until
    raise TimeoutException(message, screen, stacktrace)
selenium.common.exceptions.TimeoutException: Message: 
Stacktrace:
#0 0x5593fe94ef83 <unknown>
#1 0x5593fe607cf7 <unknown>
#2 0x5593fe65799e <unknown>
#3 0x5593fe657aa1 <unknown>
#4 0x5593fe6a2d64 <unknown>
#5 0x5593fe6810dd <unknown>
#6 0x5593fe6a0006 <unknown>
#7 0x5593fe680e53 <unknown>
#8 0x5593fe648dd4 <unknown>
#9 0x5593fe64a1de <unknown>
#10 0x5593fe913531 <unknown>
#11 0x5593fe917455 <unknown>
#12 0x5593fe8fff55 <unknown>
#13 0x5593fe9180ef <unknown>
#14 0x5593fe8e399f <unknown>
#15 0x5593fe93c008 <unknown>
#16 0x5593fe93c1d7 <unknown>
#17 0x5593fe94e124 <unknown>
#18 0x7f6675894ac3 <unknown>

2024-01-26 14:54:20 ERROR Elements not present after 0.5 seconds on page: https://capital.com/ro/trade-commodities
2024-01-26 14:54:20 ERROR 
Traceback (most recent call last):
  File "/home/runner/work/SeleniumCapital/SeleniumCapital/pages/base_page.py", line 82, in inner_function
    return func(*args, **kwargs)
           ^^^^^^^^^^^^^^^^^^^^^
  File "/home/runner/work/SeleniumCapital/SeleniumCapital/pages/base_page.py", line 293, in element_is_visible
    return Wait(self.browser, timeout).until(
           ^^^^^^^^^^^^^^^^^^^^^^^^^^^^^^^^^^
  File "/home/runner/.cache/pypoetry/virtualenvs/testcapitalcompyse-cIj6ROMf-py3.11/lib/python3.11/site-packages/selenium/webdriver/support/wait.py", line 105, in until
    raise TimeoutException(message, screen, stacktrace)
selenium.common.exceptions.TimeoutException: Message: 
Stacktrace:
#0 0x5593fe94ef83 <unknown>
#1 0x5593fe607cf7 <unknown>
#2 0x5593fe65799e <unknown>
#3 0x5593fe657aa1 <unknown>
#4 0x5593fe6a2d64 <unknown>
#5 0x5593fe6810dd <unknown>
#6 0x5593fe6a0006 <unknown>
#7 0x5593fe680e53 <unknown>
#8 0x5593fe648dd4 <unknown>
#9 0x5593fe64a1de <unknown>
#10 0x5593fe913531 <unknown>
#11 0x5593fe917455 <unknown>
#12 0x5593fe8fff55 <unknown>
#13 0x5593fe9180ef <unknown>
#14 0x5593fe8e399f <unknown>
#15 0x5593fe93c008 <unknown>
#16 0x5593fe93c1d7 <unknown>
#17 0x5593fe94e124 <unknown>
#18 0x7f6675894ac3 <unknown>
--------------------------- Captured stdout teardown ---------------------------

2024-01-26 14:54:22.059925   *** end fixture Browser = teardown ***

=============================== warnings summary ===============================
tests/US_11_Education/US_11-02-03_Commodities_trading/us_11-02-03-00_Commodities_trading_test.py::TestCommoditiesTradingPretest::test_09_block_hor_banner_button[Chrome--ae-NoAuth-aqa.tomelo.an@gmail.com-iT9Vgqi6d$fiZ*Z]
  /home/runner/.cache/pypoetry/virtualenvs/testcapitalcompyse-cIj6ROMf-py3.11/lib/python3.11/site-packages/pytest_html/plugin.py:133: DeprecationWarning: The 'report.extra' attribute is deprecated and will be removed in a future release, use 'report.extras' instead.
    warnings.warn(

-- Docs: https://docs.pytest.org/en/stable/how-to/capture-warnings.html
- Generated html report: file:///home/runner/work/SeleniumCapital/SeleniumCapital/report/report.html -
=========================== short test summary info ============================
FAILED tests/US_11_Education/US_11-02-03_Commodities_trading/us_11-02-03-00_Commodities_trading_test.py::TestCommoditiesTradingPretest::test_09_block_hor_banner_button[Chrome--ae-NoAuth-aqa.tomelo.an@gmail.com-iT9Vgqi6d$fiZ*Z] - AssertionError: Bug # 05. Opened a 'Sign up' form instead of a 'Login'
================= 1 failed, 6 deselected, 1 warning in 57.48s ==================

2024-01-26 14:54:22.161422   => Текущий тест: 1 failed

2024-01-26 14:54:22.163055   => 3. check_results finished

2024-01-26 14:54:22.163236   4. Fixing one row check results into Google Sheet Bugs Report =>
1 cells updated.
2024-01-26 14:54:22.478479   => 4. One row check results into Google Sheet Bugs Report fixed
