


2024-01-26 14:48:50.020944   0. Get Values row =>
2024-01-26 14:48:50.020981   Row # = 107
2024-01-26 14:48:50.020996   Row Values = 
['Bid:11.02.03.01_09-ro.gb.NoAuth', 'Ubuntu 22.04', 'Chrome', '11.02.03.01', '_09', 'ro', 'gb', 'FCA', 'NoAuth', 'https://capital.com/ro/trade-platinum', 'Education', 'Commodities trading L1', '', '', '', '05', "Bug # 05. Opened a 'Sign up' form instead of a 'Login'", '', '', '', '25/01/24']

2024-01-26 14:48:50.021121   1. Run pretest =>

2024-01-26 14:48:50.021140   row_loc = 
['Bid:11.02.03.01_09-ro.gb.NoAuth', 'Ubuntu 22.04', 'Chrome', '11.02.03.01', '_09', 'ro', 'gb', 'FCA', 'NoAuth', 'https://capital.com/ro/trade-platinum', 'Education', 'Commodities trading L1', '', '', '', '05', "Bug # 05. Opened a 'Sign up' form instead of a 'Login'", '', '', '', '25/01/24']

2024-01-26 14:48:50.021164   => 1. Pretest finished

2024-01-26 14:48:50.021264   2. Run run_pytest with Bid = Bid:11.02.03.01_09-ro.gb.NoAuth from row =>

2024-01-26 14:48:50.021283   2.2. Run poetry run pytest ... in subprocess =>

2024-01-26 14:48:50.021302   Run command: 
poetry run pytest --retest=True --browser_name=Chrome --lang=ro --country=gb --role=NoAuth --tpi_link=https://capital.com/ro/trade-platinum -m test_09 -v \tests/US_11_Education/US_11-02-03_Commodities_trading/us_11-02-03-01_Commodities_trading_test.py

2024-01-26 14:49:46.507349   => 2.2. pytest ... as subprocess finished

2024-01-26 14:49:46.507398   => 2. Autotest with Bid = Bid:11.02.03.01_09-ro.gb.NoAuth from row finished

2024-01-26 14:49:46.507469   3. Run check_results =>
2024-01-26 14:49:46.507493   test_results: 
============================= test session starts ==============================
platform linux -- Python 3.11.7, pytest-7.4.4, pluggy-1.3.0 -- /home/runner/.cache/pypoetry/virtualenvs/testcapitalcompyse-cIj6ROMf-py3.11/bin/python
cachedir: .pytest_cache
metadata: {'Python': '3.11.7', 'Platform': 'Linux-6.2.0-1018-azure-x86_64-with-glibc2.35', 'Packages': {'pytest': '7.4.4', 'pluggy': '1.3.0'}, 'Plugins': {'metadata': '3.0.0', 'timeout': '2.2.0', 'html': '4.1.1', 'xdist': '3.5.0', 'allure-pytest': '2.13.2'}, 'CI': 'true', 'JAVA_HOME': '/usr/lib/jvm/temurin-11-jdk-amd64'}
rootdir: /home/runner/work/SeleniumCapital/SeleniumCapital
configfile: pytest.ini
plugins: metadata-3.0.0, timeout-2.2.0, html-4.1.1, xdist-3.5.0, allure-pytest-2.13.2
collecting ... collected 10 items / 9 deselected / 1 selected

tests/US_11_Education/US_11-02-03_Commodities_trading/us_11-02-03-01_Commodities_trading_test.py::TestCommoditiesTrading::test_09_block_hor_banner_button[https://capital.com/ro/trade-platinum-Chrome--ae-NoAuth-aqa.tomelo.an@gmail.com-iT9Vgqi6d$fiZ*Z] FAILED [100%]

=================================== FAILURES ===================================
_ TestCommoditiesTrading.test_09_block_hor_banner_button[https://capital.com/ro/trade-platinum-Chrome--ae-NoAuth-aqa.tomelo.an@gmail.com-iT9Vgqi6d$fiZ*Z] _

self = <us_11-02-03-01_Commodities_trading_test.TestCommoditiesTrading object at 0x7f0efc099190>
worker_id = 'master'
d = <selenium.webdriver.chrome.webdriver.WebDriver (session="2bbbacd497af348d09cb5b674bbc7533")>
cur_language = 'ro', cur_country = 'gb', cur_role = 'NoAuth'
cur_login = 'aqa.tomelo.an@gmail.com', cur_password = 'iT9Vgqi6d$fiZ*Z'
cur_item_link = 'https://capital.com/ro/trade-platinum'

    @allure.step("Start test of button [Create account] in block [Open a trading account in less than 3 minutes]")
    @pytest.mark.test_09
    def test_09_block_hor_banner_button(
            self, worker_id, d, cur_language, cur_country, cur_role, cur_login, cur_password, cur_item_link):
        """
        Check: Button [Create account] in block [Open a trading account in less than 3 minutes]
        Language: All. License: All.
        """
        bid = build_dynamic_arg_v4(
            d, worker_id, cur_language, cur_country, cur_role,
            "11.02.03", "Education > Menu item [Commodities trading]",
            ".01_09", "Testing buttons [Create account] in block [Open a trading account in less than 3 minutes]")
    
        check_language(cur_language)
        if cur_language in [""]:
            Common().skip_test_for_language(cur_language)
    
        page_conditions = Conditions(d, "")
        page_conditions.preconditions(
            d, CapitalComPageSrc.URL, "", cur_language, cur_country, cur_role, cur_login, cur_password)
    
        # банеры должны открываться в Demo mode for US_00
        banner00_hor_tpd = []
        # банеры должны открываться в Live mode for US_00
        banner00_hor_tp = []
        # банеры должны открываться в Demo mode for US_01
        banner01_hor_tpd = ['199', '294']
        # банеры должны открываться в Live mode for US_01
        banner01_hor_tp = ['169', '223', '254', '379', '392', '430', '429']
    
        test_element = ButtonOnHorizontalBanner(d, cur_item_link, bid)
>       test_element.full_test_with_tpi(d, cur_language, cur_country, cur_role, cur_item_link,
                                        banner00_hor_tpd, banner00_hor_tp, banner01_hor_tpd, banner01_hor_tp)

tests/US_11_Education/US_11-02-03_Commodities_trading/us_11-02-03-01_Commodities_trading_test.py:272: 
_ _ _ _ _ _ _ _ _ _ _ _ _ _ _ _ _ _ _ _ _ _ _ _ _ _ _ _ _ _ _ _ _ _ _ _ _ _ _ _ 
pages/Elements/ButtonOnHorizontalBanner.py:41: in full_test_with_tpi
    test_element.assert_login(d, cur_language, link)
_ _ _ _ _ _ _ _ _ _ _ _ _ _ _ _ _ _ _ _ _ _ _ _ _ _ _ _ _ _ _ _ _ _ _ _ _ _ _ _ 

self = <pages.Elements.AssertClass.AssertClass object at 0x7f0efc31d750>
d = <selenium.webdriver.chrome.webdriver.WebDriver (session="2bbbacd497af348d09cb5b674bbc7533")>
cur_language = 'ro', cur_link = 'https://capital.com/ro/trade-platinum'

    @allure.step('Checking that "Login" form or page opened')
    def assert_login(self, d, cur_language, cur_link):
        """Method Assert Login form or page"""
        print(f"\n{datetime.now()}   3. Assert_Login_v0")
        self.page_signup_login = SignupLogin(d, cur_link)
        if self.page_signup_login.should_be_login_form():
            self.page_signup_login.close_login_form()
            del self.page_signup_login
        elif self.page_signup_login.should_be_login_page():
            self.page_signup_login.close_login_page()
            del self.page_signup_login
        elif self.page_signup_login.should_be_trading_platform_login_form(cur_language):
            self.page_signup_login.close_trading_platform_login_form()
            del self.page_signup_login
        elif self.page_signup_login.should_be_signup_form(cur_language):
            del self.page_signup_login
            print(f'\nBug: {self.bid}')
            retest_table_fill(self.bid, '05', self.link)
>           assert False, "Bug # 05. Opened a 'Sign up' form instead of a 'Login'"
E           AssertionError: Bug # 05. Opened a 'Sign up' form instead of a 'Login'

pages/Elements/AssertClass.py:69: AssertionError
---------------------------- Captured stdout setup -----------------------------

2024-01-26 14:48:50.840670   *** autouse fixture Chrome ***

{'width': 1280, 'height': 720}
Current test language - ro
Current country of trading - gb



Current test role - NoAuth
Current login - aqa.tomelo.an@gmail.com
Current login - iT9Vgqi6d$fiZ*Z
----------------------------- Captured stdout call -----------------------------
{'width': 1280, 'height': 720}

2024-01-26 14:48:51.734957   worker_id = master

2024-01-26 14:48:51.734974   0. Allure grouping v4


2024-01-26 14:48:51.735159   START PRECONDITIONS =>

2024-01-26 14:48:53.407533   Load page https://capital.com

2024-01-26 14:48:53.407576   {'width': 1280, 'height': 720}

2024-01-26 14:48:53.411883   Set windows position at (0, 0) =>

2024-01-26 14:48:53.517826   Set resolution 1280 * 720 =>

2024-01-26 14:48:53.627341   => Resolution seted {'width': 1280, 'height': 720}

2024-01-26 14:48:58.651351   Капчи нет. Тестим дальше

2024-01-26 14:48:58.651448   Prev. Role: ?

2024-01-26 14:48:58.651460   Run preconditions: set "NoAuth" Role =>
2024-01-26 14:48:59.539741   Load page https://capital.com

2024-01-26 14:48:59.753896   => All cookies are deleted
2024-01-26 14:49:00.586204   Load page https://capital.com

2024-01-26 14:49:00.586418   Step 'Click button [Accept all cookies]'
2024-01-26 14:49:05.616101   Is Visible Button [Accept all cookies]? =>
2024-01-26 14:49:05.634801   => Button [Accept all cookies] is visible
2024-01-26 14:49:06.634912   Is clickable Button [Accept all cookies] =>
2024-01-26 14:49:06.662375   => Button [Accept all cookies] is clickable
2024-01-26 14:49:06.662407   Click Button [Accept all cookies] =>
2024-01-26 14:49:06.732595   => Button [Accept all cookies] is clicked
2024-01-26 14:49:06.732630   => Accepted All Cookies

2024-01-26 14:49:07.233883   Start Autorization

2024-01-26 14:49:07.234010   2. Act
2024-01-26 14:49:07.234028   Start Click button [Log in] =>
2024-01-26 14:49:07.333461   BUTTON_LOGIN scroll =>
2024-01-26 14:49:07.366520   Is BUTTON_LOGIN clickable? =>
2024-01-26 14:49:07.388325   => BUTTON_LOGIN is clickable
2024-01-26 14:49:07.395794   BUTTON_LOGIN click =>
2024-01-26 14:49:07.546597   => BUTTON_LOGIN is clicked!
2024-01-26 14:49:07.546718   => 'Login' form is opened
2024-01-26 14:49:08.201339   => "login" and "password" are inputted
2024-01-26 14:49:08.201381   Click [Continue] button on [Login] form =>
2024-01-26 14:49:08.297951   => [Continue] button on [Login] form is clicked
2024-01-26 14:49:11.070343   Start check that the Trading platform page is loaded and LOGO is present on it =>
2024-01-26 14:49:11.070385   Set timeout = 30
2024-01-26 14:49:11.070411   Wait until load page with special title =>
2024-01-26 14:49:11.074362   => Page with title "Trading Platform | Capital.com" is loaded
2024-01-26 14:49:11.074391   Is present LOGO on this page? =>
2024-01-26 14:49:12.411770   => LOGO is visible on this page
2024-01-26 14:49:12.411884   -> "Capital.com" logo is present on trading platform page

2024-01-26 14:49:13.486635   Start DeAuthorisation
2024-01-26 14:49:13.486796   1. BUTTON_MY_ACCOUNT is present? =>
2024-01-26 14:49:13.586067   => BUTTON_MY_ACCOUNT is present on this page
2024-01-26 14:49:14.860798   => Move to BUTTON_MY_ACCOUNT
2024-01-26 14:49:14.860838   2. BUTTON_MY_ACCOUNT is clickable? =>
2024-01-26 14:49:14.879308   => BUTTON_MY_ACCOUNT is clickable
2024-01-26 14:49:14.879337   BUTTON_MY_ACCOUNT Click =>
2024-01-26 14:49:15.698323   => User panel [My account] is opened

2024-01-26 14:49:15.698523   Start Click [Logout] button:
2024-01-26 14:49:15.698543   BUTTON_LOGOUT is present? =>
2024-01-26 14:49:15.705844   => BUTTON_LOGOUT is present
2024-01-26 14:49:15.705865   Is visible BUTTON_LOGOUT? =>
2024-01-26 14:49:15.719048   BUTTON_LOGOUT is clickable? =>
2024-01-26 14:49:15.732473   BUTTON_LOGOUT click =>
2024-01-26 14:49:15.782667   => BUTTON_LOGOUT is clicked

2024-01-26 14:49:15.782806   Current role: NoAuth

2024-01-26 14:49:15.782823   Prev language: ?

2024-01-26 14:49:15.782832   Run preconditions: set "ro" language =>


2024-01-26 14:49:15.821925   => Language and Country menu is present


2024-01-26 14:49:15.839168   => Language and Country menu is visible


2024-01-26 14:49:17.630437   => Focus is moved on Language and Country menu 

2024-01-26 14:49:19.545886   => Current language: ro

2024-01-26 14:49:19.545932   Prev country: ?

2024-01-26 14:49:19.545947   Run preconditions: set "gb" country =>


2024-01-26 14:49:19.554807   => Language and Country menu is present


2024-01-26 14:49:19.596242   => Language and Country menu is visible


2024-01-26 14:49:21.379056   => Focus is moved on Language and Country menu 

2024-01-26 14:49:23.767823   => Current country: gb

2024-01-26 14:49:23.767868   => THE END PRECONDITIONS

2024-01-26 14:49:23.767927   1. Arrange
2024-01-26 14:49:27.142409   Load page https://capital.com/ro/trade-platinum
2024-01-26 14:49:27.142461   BUTTON_ON_HOR_BANNER is visible? =>
2024-01-26 14:49:27.216051   => BUTTON_ON_HOR_BANNER is visible on the page!
2024-01-26 14:49:27.216225   Start Checking that form [Sign up] popped up on the page =>
2024-01-26 14:49:32.779641   '[Sign up]' form was not popped up

2024-01-26 14:49:32.779823   2. Act
2024-01-26 14:49:32.779837   BUTTON_ON_HOR_BANNER is present? =>
2024-01-26 14:49:32.788710   => BUTTON_ON_HOR_BANNER is present on the page!
2024-01-26 14:49:32.788746   BUTTON_ON_HOR_BANNER scroll =>
2024-01-26 14:49:32.952231   => BUTTON_ON_HOR_BANNER clicked!

2024-01-26 14:49:32.952458   3. Assert_Login_v0
2024-01-26 14:49:32.952528   Check that 'Login' form is opened
2024-01-26 14:49:38.488625   'Login' form not opened
2024-01-26 14:49:38.492741   'Login' page not opened
2024-01-26 14:49:44.037778   'Login' form on trading platform not opened
2024-01-26 14:49:44.037967   Start step Check that [Sign up] form is opened
2024-01-26 14:49:44.049729   'Sign up' form opened
2024-01-26 14:49:44.049753   Assert SIGNUP_HEADER =>
2024-01-26 14:49:44.063304   Assert SIGNUP_REF_LOGIN =>
2024-01-26 14:49:44.076707   Assert SIGNUP_PRIVACY_POLICY_ALL_2 =>
2024-01-26 14:49:44.090943   => SIGNUP_PRIVACY_POLICY_ALL
2024-01-26 14:49:44.090977   => 'Signup' form is checked

Bug: Bid:11.02.03.01_09-ro.gb.NoAuth

2024-01-26 14:49:44.091040   Проверка бага в таблице ретеста  =>

2024-01-26 14:49:44.096656   4. Fixing one row check results into Google Sheet Bugs Report =>
1 cells updated.
2024-01-26 14:49:44.769413   => 4. One row check results into Google Sheet Bugs Report fixed

2024-01-26 14:49:45.310526   4. Fixing one row check results into Google Sheet Bugs Report =>
1 cells updated.
2024-01-26 14:49:45.653293   => 4. One row check results into Google Sheet Bugs Report fixed

2024-01-26 14:49:45.653371   Bug: Bid:11.02.03.01_09-ro.gb.NoAuth уже существует, но тип бага изменился с 25/01/24 на 05

2024-01-26 14:49:45.653843   Bug: Bid:11.02.03.01_09-ro.gb.NoAuth-05 уже существует

2024-01-26 14:49:45.653999   4. Fixing one row check results into Google Sheet Bugs Report =>
1 cells updated.
2024-01-26 14:49:46.121968   => 4. One row check results into Google Sheet Bugs Report fixed
------------------------------ Captured log call -------------------------------
2024-01-26 14:49:32 ERROR Elements not present after 0.5 seconds on page: https://capital.com/ro/trade-platinum
2024-01-26 14:49:32 ERROR 
Traceback (most recent call last):
  File "/home/runner/work/SeleniumCapital/SeleniumCapital/pages/base_page.py", line 82, in inner_function
    return func(*args, **kwargs)
           ^^^^^^^^^^^^^^^^^^^^^
  File "/home/runner/work/SeleniumCapital/SeleniumCapital/pages/base_page.py", line 293, in element_is_visible
    return Wait(self.browser, timeout).until(
           ^^^^^^^^^^^^^^^^^^^^^^^^^^^^^^^^^^
  File "/home/runner/.cache/pypoetry/virtualenvs/testcapitalcompyse-cIj6ROMf-py3.11/lib/python3.11/site-packages/selenium/webdriver/support/wait.py", line 105, in until
    raise TimeoutException(message, screen, stacktrace)
selenium.common.exceptions.TimeoutException: Message: 
Stacktrace:
#0 0x55aad6edff83 <unknown>
#1 0x55aad6b98cf7 <unknown>
#2 0x55aad6be899e <unknown>
#3 0x55aad6be8aa1 <unknown>
#4 0x55aad6c33d64 <unknown>
#5 0x55aad6c120dd <unknown>
#6 0x55aad6c31006 <unknown>
#7 0x55aad6c11e53 <unknown>
#8 0x55aad6bd9dd4 <unknown>
#9 0x55aad6bdb1de <unknown>
#10 0x55aad6ea4531 <unknown>
#11 0x55aad6ea8455 <unknown>
#12 0x55aad6e90f55 <unknown>
#13 0x55aad6ea90ef <unknown>
#14 0x55aad6e7499f <unknown>
#15 0x55aad6ecd008 <unknown>
#16 0x55aad6ecd1d7 <unknown>
#17 0x55aad6edf124 <unknown>
#18 0x7f4438a94ac3 <unknown>

2024-01-26 14:49:38 ERROR Elements not present after 0.5 seconds on page: https://capital.com/ro/trade-platinum
2024-01-26 14:49:38 ERROR 
Traceback (most recent call last):
  File "/home/runner/work/SeleniumCapital/SeleniumCapital/pages/base_page.py", line 82, in inner_function
    return func(*args, **kwargs)
           ^^^^^^^^^^^^^^^^^^^^^
  File "/home/runner/work/SeleniumCapital/SeleniumCapital/pages/base_page.py", line 293, in element_is_visible
    return Wait(self.browser, timeout).until(
           ^^^^^^^^^^^^^^^^^^^^^^^^^^^^^^^^^^
  File "/home/runner/.cache/pypoetry/virtualenvs/testcapitalcompyse-cIj6ROMf-py3.11/lib/python3.11/site-packages/selenium/webdriver/support/wait.py", line 105, in until
    raise TimeoutException(message, screen, stacktrace)
selenium.common.exceptions.TimeoutException: Message: 
Stacktrace:
#0 0x55aad6edff83 <unknown>
#1 0x55aad6b98cf7 <unknown>
#2 0x55aad6be899e <unknown>
#3 0x55aad6be8aa1 <unknown>
#4 0x55aad6c33d64 <unknown>
#5 0x55aad6c120dd <unknown>
#6 0x55aad6c31006 <unknown>
#7 0x55aad6c11e53 <unknown>
#8 0x55aad6bd9dd4 <unknown>
#9 0x55aad6bdb1de <unknown>
#10 0x55aad6ea4531 <unknown>
#11 0x55aad6ea8455 <unknown>
#12 0x55aad6e90f55 <unknown>
#13 0x55aad6ea90ef <unknown>
#14 0x55aad6e7499f <unknown>
#15 0x55aad6ecd008 <unknown>
#16 0x55aad6ecd1d7 <unknown>
#17 0x55aad6edf124 <unknown>
#18 0x7f4438a94ac3 <unknown>

2024-01-26 14:49:44 ERROR Elements not present after 0.5 seconds on page: https://capital.com/ro/trade-platinum
2024-01-26 14:49:44 ERROR 
Traceback (most recent call last):
  File "/home/runner/work/SeleniumCapital/SeleniumCapital/pages/base_page.py", line 82, in inner_function
    return func(*args, **kwargs)
           ^^^^^^^^^^^^^^^^^^^^^
  File "/home/runner/work/SeleniumCapital/SeleniumCapital/pages/base_page.py", line 293, in element_is_visible
    return Wait(self.browser, timeout).until(
           ^^^^^^^^^^^^^^^^^^^^^^^^^^^^^^^^^^
  File "/home/runner/.cache/pypoetry/virtualenvs/testcapitalcompyse-cIj6ROMf-py3.11/lib/python3.11/site-packages/selenium/webdriver/support/wait.py", line 105, in until
    raise TimeoutException(message, screen, stacktrace)
selenium.common.exceptions.TimeoutException: Message: 
Stacktrace:
#0 0x55aad6edff83 <unknown>
#1 0x55aad6b98cf7 <unknown>
#2 0x55aad6be899e <unknown>
#3 0x55aad6be8aa1 <unknown>
#4 0x55aad6c33d64 <unknown>
#5 0x55aad6c120dd <unknown>
#6 0x55aad6c31006 <unknown>
#7 0x55aad6c11e53 <unknown>
#8 0x55aad6bd9dd4 <unknown>
#9 0x55aad6bdb1de <unknown>
#10 0x55aad6ea4531 <unknown>
#11 0x55aad6ea8455 <unknown>
#12 0x55aad6e90f55 <unknown>
#13 0x55aad6ea90ef <unknown>
#14 0x55aad6e7499f <unknown>
#15 0x55aad6ecd008 <unknown>
#16 0x55aad6ecd1d7 <unknown>
#17 0x55aad6edf124 <unknown>
#18 0x7f4438a94ac3 <unknown>
--------------------------- Captured stdout teardown ---------------------------

2024-01-26 14:49:46.421372   *** end fixture Browser = teardown ***

=============================== warnings summary ===============================
tests/US_11_Education/US_11-02-03_Commodities_trading/us_11-02-03-01_Commodities_trading_test.py::TestCommoditiesTrading::test_09_block_hor_banner_button[https://capital.com/ro/trade-platinum-Chrome--ae-NoAuth-aqa.tomelo.an@gmail.com-iT9Vgqi6d$fiZ*Z]
  /home/runner/.cache/pypoetry/virtualenvs/testcapitalcompyse-cIj6ROMf-py3.11/lib/python3.11/site-packages/pytest_html/plugin.py:133: DeprecationWarning: The 'report.extra' attribute is deprecated and will be removed in a future release, use 'report.extras' instead.
    warnings.warn(

-- Docs: https://docs.pytest.org/en/stable/how-to/capture-warnings.html
- Generated html report: file:///home/runner/work/SeleniumCapital/SeleniumCapital/report/report.html -
=========================== short test summary info ============================
FAILED tests/US_11_Education/US_11-02-03_Commodities_trading/us_11-02-03-01_Commodities_trading_test.py::TestCommoditiesTrading::test_09_block_hor_banner_button[https://capital.com/ro/trade-platinum-Chrome--ae-NoAuth-aqa.tomelo.an@gmail.com-iT9Vgqi6d$fiZ*Z] - AssertionError: Bug # 05. Opened a 'Sign up' form instead of a 'Login'
================= 1 failed, 9 deselected, 1 warning in 55.74s ==================

2024-01-26 14:49:46.508099   => Текущий тест: 1 failed

2024-01-26 14:49:46.509414   => 3. check_results finished

2024-01-26 14:49:46.509568   4. Fixing one row check results into Google Sheet Bugs Report =>
1 cells updated.
2024-01-26 14:49:46.832023   => 4. One row check results into Google Sheet Bugs Report fixed
