


2024-01-26 16:07:39.715909   0. Get Values row =>
2024-01-26 16:07:39.715937   Row # = 1382
2024-01-26 16:07:39.715947   Row Values = 
['Bid:11.01.04.00_05-es.gb.Auth', 'Ubuntu 22.04', 'Chrome', '11.01.04.00', '_05', 'es', 'gb', 'FCA', 'Auth', '', 'Education', 'Spread betting guide', '', '', '', '12', 'Bug # 12. Trading platform is opened in not LIVE mode', '', '', '', '15/01/24', 'passed']

2024-01-26 16:07:39.716028   1. Run pretest =>

2024-01-26 16:07:39.716040   row_loc = 
['Bid:11.01.04.00_05-es.gb.Auth', 'Ubuntu 22.04', 'Chrome', '11.01.04.00', '_05', 'es', 'gb', 'FCA', 'Auth', '', 'Education', 'Spread betting guide', '', '', '', '12', 'Bug # 12. Trading platform is opened in not LIVE mode', '', '', '', '15/01/24', 'passed']

2024-01-26 16:07:39.716055   => 1. Pretest finished

2024-01-26 16:07:39.716118   2. Run run_pytest with Bid = Bid:11.01.04.00_05-es.gb.Auth from row =>

2024-01-26 16:07:39.716130   2.2. Run poetry run pytest ... in subprocess =>

2024-01-26 16:07:39.716141   Run command: 
poetry run pytest --retest=True --browser_name=Chrome --lang=es --country=gb --role=Auth -m test_05 -v \tests/US_11_Education/US_11-01-04_spread_betting_guide/us_11-01-04-00_spread_betting_guide_test.py

2024-01-26 16:08:11.181892   => 2.2. pytest ... as subprocess finished

2024-01-26 16:08:11.181958   => 2. Autotest with Bid = Bid:11.01.04.00_05-es.gb.Auth from row finished

2024-01-26 16:08:11.182027   3. Run check_results =>
2024-01-26 16:08:11.182045   test_results: 
============================= test session starts ==============================
platform linux -- Python 3.11.7, pytest-7.4.4, pluggy-1.3.0 -- /home/runner/.cache/pypoetry/virtualenvs/testcapitalcompyse-cIj6ROMf-py3.11/bin/python
cachedir: .pytest_cache
metadata: {'Python': '3.11.7', 'Platform': 'Linux-6.2.0-1018-azure-x86_64-with-glibc2.35', 'Packages': {'pytest': '7.4.4', 'pluggy': '1.3.0'}, 'Plugins': {'metadata': '3.0.0', 'timeout': '2.2.0', 'html': '4.1.1', 'xdist': '3.5.0', 'allure-pytest': '2.13.2'}, 'CI': 'true', 'JAVA_HOME': '/usr/lib/jvm/temurin-11-jdk-amd64'}
rootdir: /home/runner/work/SeleniumCapital/SeleniumCapital
configfile: pytest.ini
plugins: metadata-3.0.0, timeout-2.2.0, html-4.1.1, xdist-3.5.0, allure-pytest-2.13.2
collecting ... collected 7 items / 6 deselected / 1 selected

tests/US_11_Education/US_11-01-04_spread_betting_guide/us_11-01-04-00_spread_betting_guide_test.py::TestSpreadBettingGuidePretest::test_05_start_trading_in_article_button[Chrome--ae-Auth-aqa.tomelo.an@gmail.com-iT9Vgqi6d$fiZ*Z] FAILED [100%]

=================================== FAILURES ===================================
_ TestSpreadBettingGuidePretest.test_05_start_trading_in_article_button[Chrome--ae-Auth-aqa.tomelo.an@gmail.com-iT9Vgqi6d$fiZ*Z] _

self = <us_11-01-04-00_spread_betting_guide_test.TestSpreadBettingGuidePretest object at 0x7f9c78561590>
worker_id = 'master'
d = <selenium.webdriver.chrome.webdriver.WebDriver (session="03c8664c231aa4fe2fa445075b908f1e")>
cur_language = 'es', cur_country = 'gb', cur_role = 'Auth'
cur_login = 'aqa.tomelo.an@gmail.com', cur_password = 'iT9Vgqi6d$fiZ*Z'

    @allure.step("Start test of button [Start trading] in article")
    @pytest.mark.test_05
    def test_05_start_trading_in_article_button(
            self, worker_id, d, cur_language, cur_country, cur_role, cur_login, cur_password):
        """
        Check: Button [Start trading] in article
        Language: EN, ES, CN. License: FCA.
        """
        bid = build_dynamic_arg_v4(
            d, worker_id, cur_language, cur_country, cur_role,
            "11.01.04", "Education > Menu item [Spread betting guide]",
            ".00_05", "Testing button [Start trading] in article")
    
        Common().skip_if_eng_lang_and_fca_license(cur_language, cur_country)
    
        Common().check_language_in_list_and_skip_if_not_present(cur_language, ["", "es", "cn", "ru"])
        Common().check_country_in_list_and_skip_if_not_present(cur_country, ["gb"])
    
        page_conditions = Conditions(d, "")
        main_page_link = page_conditions.preconditions(
            d, CapitalComPageSrc.URL, "", cur_language, cur_country, cur_role, cur_login, cur_password)
    
        page_menu = MenuSection(d, main_page_link)
>       cur_item_link = page_menu.open_education_spread_betting_guide_menu(d, cur_language, main_page_link)
E       TypeError: MenuSection.open_education_spread_betting_guide_menu() missing 1 required positional argument: 'link'

tests/US_11_Education/US_11-01-04_spread_betting_guide/us_11-01-04-00_spread_betting_guide_test.py:166: TypeError
---------------------------- Captured stdout setup -----------------------------

2024-01-26 16:07:40.536071   *** autouse fixture Chrome ***

{'width': 1280, 'height': 720}
Current test language - es
Current country of trading - gb



Current test role - Auth
Current login - aqa.tomelo.an@gmail.com
Current login - iT9Vgqi6d$fiZ*Z
----------------------------- Captured stdout call -----------------------------
{'width': 1280, 'height': 720}

2024-01-26 16:07:41.449213   worker_id = master

2024-01-26 16:07:41.449229   0. Allure grouping v4


2024-01-26 16:07:41.449421   START PRECONDITIONS =>

2024-01-26 16:07:43.251540   Load page https://capital.com

2024-01-26 16:07:43.251587   {'width': 1280, 'height': 720}

2024-01-26 16:07:43.254602   Set windows position at (0, 0) =>

2024-01-26 16:07:43.362261   Set resolution 1280 * 720 =>

2024-01-26 16:07:43.482372   => Resolution seted {'width': 1280, 'height': 720}

2024-01-26 16:07:48.512534   Капчи нет. Тестим дальше

2024-01-26 16:07:48.512633   Prev. Role: ?

2024-01-26 16:07:48.512646   Run preconditions: set "Auth" Role =>
2024-01-26 16:07:49.245224   Load page https://capital.com

2024-01-26 16:07:49.476170   => All cookies are deleted
2024-01-26 16:07:50.350725   Load page https://capital.com

2024-01-26 16:07:50.350914   Step 'Click button [Accept all cookies]'
2024-01-26 16:07:55.408631   Is Visible Button [Accept all cookies]? =>
2024-01-26 16:07:55.434551   => Button [Accept all cookies] is visible
2024-01-26 16:07:56.434658   Is clickable Button [Accept all cookies] =>
2024-01-26 16:07:56.458615   => Button [Accept all cookies] is clickable
2024-01-26 16:07:56.458645   Click Button [Accept all cookies] =>
2024-01-26 16:07:56.512015   => Button [Accept all cookies] is clicked
2024-01-26 16:07:56.512057   => Accepted All Cookies

2024-01-26 16:07:57.012384   Start Autorization

2024-01-26 16:07:57.012491   2. Act
2024-01-26 16:07:57.012504   Start Click button [Log in] =>
2024-01-26 16:07:57.023349   BUTTON_LOGIN scroll =>
2024-01-26 16:07:57.026950   Is BUTTON_LOGIN clickable? =>
2024-01-26 16:07:57.039368   => BUTTON_LOGIN is clickable
2024-01-26 16:07:57.039402   BUTTON_LOGIN click =>
2024-01-26 16:07:57.078526   => BUTTON_LOGIN is clicked!
2024-01-26 16:07:57.078608   => 'Login' form is opened
2024-01-26 16:07:57.564037   => "login" and "password" are inputted
2024-01-26 16:07:57.564084   Click [Continue] button on [Login] form =>
2024-01-26 16:07:57.681213   => [Continue] button on [Login] form is clicked
2024-01-26 16:08:00.410111   Start check that the Trading platform page is loaded and LOGO is present on it =>
2024-01-26 16:08:00.410156   Set timeout = 30
2024-01-26 16:08:00.410179   Wait until load page with special title =>
2024-01-26 16:08:00.413113   => Page with title "Trading Platform | Capital.com" is loaded
2024-01-26 16:08:00.413139   Is present LOGO on this page? =>
2024-01-26 16:08:01.692303   => LOGO is visible on this page
2024-01-26 16:08:01.692391   -> "Capital.com" logo is present on trading platform page

2024-01-26 16:08:02.804773   Current role: Auth

2024-01-26 16:08:02.804819   Prev language: ?

2024-01-26 16:08:02.804834   Run preconditions: set "es" language =>


2024-01-26 16:08:02.882327   => Language and Country menu is present


2024-01-26 16:08:02.905009   => Language and Country menu is visible


2024-01-26 16:08:04.690304   => Focus is moved on Language and Country menu 

2024-01-26 16:08:06.608693   => Current language: es

2024-01-26 16:08:06.608736   Prev country: ?

2024-01-26 16:08:06.608752   Run preconditions: set "gb" country =>


2024-01-26 16:08:06.629882   => Language and Country menu is present


2024-01-26 16:08:06.650917   => Language and Country menu is visible


2024-01-26 16:08:08.423394   => Focus is moved on Language and Country menu 

2024-01-26 16:08:10.698268   => Current country: gb

2024-01-26 16:08:10.698312   => THE END PRECONDITIONS
--------------------------- Captured stdout teardown ---------------------------

2024-01-26 16:08:11.105894   *** end fixture Browser = teardown ***

=============================== warnings summary ===============================
tests/US_11_Education/US_11-01-04_spread_betting_guide/us_11-01-04-00_spread_betting_guide_test.py::TestSpreadBettingGuidePretest::test_05_start_trading_in_article_button[Chrome--ae-Auth-aqa.tomelo.an@gmail.com-iT9Vgqi6d$fiZ*Z]
  /home/runner/.cache/pypoetry/virtualenvs/testcapitalcompyse-cIj6ROMf-py3.11/lib/python3.11/site-packages/pytest_html/plugin.py:133: DeprecationWarning: The 'report.extra' attribute is deprecated and will be removed in a future release, use 'report.extras' instead.
    warnings.warn(

-- Docs: https://docs.pytest.org/en/stable/how-to/capture-warnings.html
- Generated html report: file:///home/runner/work/SeleniumCapital/SeleniumCapital/report/report.html -
=========================== short test summary info ============================
FAILED tests/US_11_Education/US_11-01-04_spread_betting_guide/us_11-01-04-00_spread_betting_guide_test.py::TestSpreadBettingGuidePretest::test_05_start_trading_in_article_button[Chrome--ae-Auth-aqa.tomelo.an@gmail.com-iT9Vgqi6d$fiZ*Z] - TypeError: MenuSection.open_education_spread_betting_guide_menu() missing 1 required positional argument: 'link'
================= 1 failed, 6 deselected, 1 warning in 30.72s ==================

2024-01-26 16:08:11.182295   => Текущий тест: 1 failed

2024-01-26 16:08:11.182866   => 3. check_results finished

2024-01-26 16:08:11.183006   4. Fixing one row check results into Google Sheet Bugs Report =>
1 cells updated.
2024-01-26 16:08:11.516576   => 4. One row check results into Google Sheet Bugs Report fixed
