


2024-01-26 15:49:40.055506   0. Get Values row =>
2024-01-26 15:49:40.055535   Row # = 1178
2024-01-26 15:49:40.055545   Row Values = 
['Bid:11.02.02.01_01-it.gb.NoAuth', 'Ubuntu 22.04', 'Chrome', '11.02.02.01', '_01', 'it', 'gb', 'FCA', 'NoAuth', 'https://capital.com/it/fare-trading-canopy-growth', 'Education', 'Shares trading / child', 'On Main banner click Button [Start Trading]', 'On Main banner click Button [Start Trading]', '', '05', "Bug # 05. Opened a 'Sign up' form instead of a 'Login'", '', '', '', '16/01/24', 'failed']

2024-01-26 15:49:40.055629   1. Run pretest =>

2024-01-26 15:49:40.055642   row_loc = 
['Bid:11.02.02.01_01-it.gb.NoAuth', 'Ubuntu 22.04', 'Chrome', '11.02.02.01', '_01', 'it', 'gb', 'FCA', 'NoAuth', 'https://capital.com/it/fare-trading-canopy-growth', 'Education', 'Shares trading / child', 'On Main banner click Button [Start Trading]', 'On Main banner click Button [Start Trading]', '', '05', "Bug # 05. Opened a 'Sign up' form instead of a 'Login'", '', '', '', '16/01/24', 'failed']

2024-01-26 15:49:40.055657   => 1. Pretest finished

2024-01-26 15:49:40.055720   2. Run run_pytest with Bid = Bid:11.02.02.01_01-it.gb.NoAuth from row =>

2024-01-26 15:49:40.055732   2.2. Run poetry run pytest ... in subprocess =>

2024-01-26 15:49:40.055744   Run command: 
poetry run pytest --retest=True --browser_name=Chrome --lang=it --country=gb --role=NoAuth --tpi_link=https://capital.com/it/fare-trading-canopy-growth -m test_01 -v \tests/US_11_Education/US_11-02-02_Shares_trading/US_11-02-02-01_Shares_trading_test.py

2024-01-26 15:50:30.937290   => 2.2. pytest ... as subprocess finished

2024-01-26 15:50:30.937347   => 2. Autotest with Bid = Bid:11.02.02.01_01-it.gb.NoAuth from row finished

2024-01-26 15:50:30.937426   3. Run check_results =>
2024-01-26 15:50:30.937448   test_results: 
============================= test session starts ==============================
platform linux -- Python 3.11.7, pytest-7.4.4, pluggy-1.3.0 -- /home/runner/.cache/pypoetry/virtualenvs/testcapitalcompyse-cIj6ROMf-py3.11/bin/python
cachedir: .pytest_cache
metadata: {'Python': '3.11.7', 'Platform': 'Linux-6.2.0-1018-azure-x86_64-with-glibc2.35', 'Packages': {'pytest': '7.4.4', 'pluggy': '1.3.0'}, 'Plugins': {'metadata': '3.0.0', 'timeout': '2.2.0', 'html': '4.1.1', 'xdist': '3.5.0', 'allure-pytest': '2.13.2'}, 'CI': 'true', 'JAVA_HOME': '/usr/lib/jvm/temurin-11-jdk-amd64'}
rootdir: /home/runner/work/SeleniumCapital/SeleniumCapital
configfile: pytest.ini
plugins: metadata-3.0.0, timeout-2.2.0, html-4.1.1, xdist-3.5.0, allure-pytest-2.13.2
collecting ... collected 10 items / 9 deselected / 1 selected

tests/US_11_Education/US_11-02-02_Shares_trading/US_11-02-02-01_Shares_trading_test.py::TestSharesTradingItems::test_01_main_banner_start_trading_button[https://capital.com/it/fare-trading-canopy-growth-Chrome--ae-NoAuth-aqa.tomelo.an@gmail.com-iT9Vgqi6d$fiZ*Z] FAILED [100%]

=================================== FAILURES ===================================
_ TestSharesTradingItems.test_01_main_banner_start_trading_button[https://capital.com/it/fare-trading-canopy-growth-Chrome--ae-NoAuth-aqa.tomelo.an@gmail.com-iT9Vgqi6d$fiZ*Z] _

self = <US_11-02-02-01_Shares_trading_test.TestSharesTradingItems object at 0x7fef3247a0d0>
worker_id = 'master'
d = <selenium.webdriver.chrome.webdriver.WebDriver (session="0cc2da781a131dfb5f52172ff5115639")>
cur_language = 'it', cur_country = 'gb', cur_role = 'NoAuth'
cur_login = 'aqa.tomelo.an@gmail.com', cur_password = 'iT9Vgqi6d$fiZ*Z'
cur_item_link = 'https://capital.com/it/fare-trading-canopy-growth'

    @allure.step("Start test of button [Start trading] on Main banner")
    # @pytest.mark.skip(reason="Skipped for debugging")
    @pytest.mark.test_01
    def test_01_main_banner_start_trading_button(
            self, worker_id, d, cur_language, cur_country, cur_role, cur_login, cur_password,
            cur_item_link):
        """
        Check: Button [Start Trading] on Main banner
        Language: All (Except: EL, HU, NL). License: All.
        """
        bid = build_dynamic_arg_v4(
            d, worker_id, cur_language, cur_country, cur_role,
            "11.02.02", "Education > Menu item [Shares trading]",
            ".01_01", "Testing button [Start Trading] on Main banner")
    
        check_language(cur_language)
    
        page_conditions = Conditions(d, "")
        page_conditions.arrange_0()
        page_conditions.preconditions(
            d, CapitalComPageSrc.URL, "", cur_language, cur_country, cur_role, cur_login, cur_password)
    
        test_element = MainBannerStartTrading(d, cur_item_link, bid)
>       test_element.full_test_with_tpi(d, cur_language, cur_country, cur_role, cur_item_link)

tests/US_11_Education/US_11-02-02_Shares_trading/US_11-02-02-01_Shares_trading_test.py:74: 
_ _ _ _ _ _ _ _ _ _ _ _ _ _ _ _ _ _ _ _ _ _ _ _ _ _ _ _ _ _ _ _ _ _ _ _ _ _ _ _ 
pages/Elements/ButtonStartTradingMainBanner.py:28: in full_test_with_tpi
    test_element.assert_login(d, cur_language, cur_item_link)
_ _ _ _ _ _ _ _ _ _ _ _ _ _ _ _ _ _ _ _ _ _ _ _ _ _ _ _ _ _ _ _ _ _ _ _ _ _ _ _ 

self = <pages.Elements.AssertClass.AssertClass object at 0x7fef31d7f010>
d = <selenium.webdriver.chrome.webdriver.WebDriver (session="0cc2da781a131dfb5f52172ff5115639")>
cur_language = 'it'
cur_link = 'https://capital.com/it/fare-trading-canopy-growth'

    @allure.step('Checking that "Login" form or page opened')
    def assert_login(self, d, cur_language, cur_link):
        """Method Assert Login form or page"""
        print(f"\n{datetime.now()}   3. Assert_Login_v0")
        self.page_signup_login = SignupLogin(d, cur_link)
        if self.page_signup_login.should_be_login_form():
            self.page_signup_login.close_login_form()
            del self.page_signup_login
        elif self.page_signup_login.should_be_login_page():
            self.page_signup_login.close_login_page()
            del self.page_signup_login
        elif self.page_signup_login.should_be_trading_platform_login_form(cur_language):
            self.page_signup_login.close_trading_platform_login_form()
            del self.page_signup_login
        elif self.page_signup_login.should_be_signup_form(cur_language):
            del self.page_signup_login
            print(f'\nBug: {self.bid}')
            retest_table_fill(self.bid, '05', self.link)
>           assert False, "Bug # 05. Opened a 'Sign up' form instead of a 'Login'"
E           AssertionError: Bug # 05. Opened a 'Sign up' form instead of a 'Login'

pages/Elements/AssertClass.py:69: AssertionError
---------------------------- Captured stdout setup -----------------------------

2024-01-26 15:49:40.961403   *** autouse fixture Chrome ***

{'width': 1280, 'height': 720}
Current test language - it
Current country of trading - gb



Current test role - NoAuth
Current login - aqa.tomelo.an@gmail.com
Current login - iT9Vgqi6d$fiZ*Z
----------------------------- Captured stdout call -----------------------------
{'width': 1280, 'height': 720}

2024-01-26 15:49:41.950140   worker_id = master

2024-01-26 15:49:41.950157   0. Allure grouping v4

2024-01-26 15:49:41.950316   0. Arrange_0
2024-01-26 15:49:43.392810   Load page https://capital.com


2024-01-26 15:49:43.393166   START PRECONDITIONS =>

2024-01-26 15:49:43.873324   Load page https://capital.com

2024-01-26 15:49:43.873372   {'width': 1280, 'height': 720}

2024-01-26 15:49:44.000970   Set windows position at (0, 0) =>

2024-01-26 15:49:44.177189   Set resolution 1280 * 720 =>

2024-01-26 15:49:44.286495   => Resolution seted {'width': 1280, 'height': 720}

2024-01-26 15:49:49.327663   Капчи нет. Тестим дальше

2024-01-26 15:49:49.327763   Prev. Role: ?

2024-01-26 15:49:49.327776   Run preconditions: set "NoAuth" Role =>
2024-01-26 15:49:50.002553   Load page https://capital.com

2024-01-26 15:49:50.161461   => All cookies are deleted
2024-01-26 15:49:50.955549   Load page https://capital.com

2024-01-26 15:49:50.955746   Step 'Click button [Accept all cookies]'
2024-01-26 15:49:56.008180   Is Visible Button [Accept all cookies]? =>
2024-01-26 15:49:56.038060   => Button [Accept all cookies] is visible
2024-01-26 15:49:57.038197   Is clickable Button [Accept all cookies] =>
2024-01-26 15:49:57.065010   => Button [Accept all cookies] is clickable
2024-01-26 15:49:57.065046   Click Button [Accept all cookies] =>
2024-01-26 15:49:57.135838   => Button [Accept all cookies] is clicked
2024-01-26 15:49:57.135882   => Accepted All Cookies

2024-01-26 15:49:57.636240   Start Autorization

2024-01-26 15:49:57.636371   2. Act
2024-01-26 15:49:57.636388   Start Click button [Log in] =>
2024-01-26 15:49:57.648941   BUTTON_LOGIN scroll =>
2024-01-26 15:49:57.652738   Is BUTTON_LOGIN clickable? =>
2024-01-26 15:49:57.665584   => BUTTON_LOGIN is clickable
2024-01-26 15:49:57.665637   BUTTON_LOGIN click =>
2024-01-26 15:49:57.705415   => BUTTON_LOGIN is clicked!
2024-01-26 15:49:57.705496   => 'Login' form is opened
2024-01-26 15:49:58.392745   => "login" and "password" are inputted
2024-01-26 15:49:58.392789   Click [Continue] button on [Login] form =>
2024-01-26 15:49:58.527262   => [Continue] button on [Login] form is clicked
2024-01-26 15:50:01.451832   Start check that the Trading platform page is loaded and LOGO is present on it =>
2024-01-26 15:50:01.451865   Set timeout = 30
2024-01-26 15:50:01.451881   Wait until load page with special title =>
2024-01-26 15:50:01.454561   => Page with title "Trading Platform | Capital.com" is loaded
2024-01-26 15:50:01.454582   Is present LOGO on this page? =>
2024-01-26 15:50:02.875041   => LOGO is visible on this page
2024-01-26 15:50:02.875129   -> "Capital.com" logo is present on trading platform page

2024-01-26 15:50:03.992323   Start DeAuthorisation
2024-01-26 15:50:03.992457   1. BUTTON_MY_ACCOUNT is present? =>
2024-01-26 15:50:04.026893   => BUTTON_MY_ACCOUNT is present on this page
2024-01-26 15:50:05.304479   => Move to BUTTON_MY_ACCOUNT
2024-01-26 15:50:05.304526   2. BUTTON_MY_ACCOUNT is clickable? =>
2024-01-26 15:50:05.324768   => BUTTON_MY_ACCOUNT is clickable
2024-01-26 15:50:05.324805   BUTTON_MY_ACCOUNT Click =>
2024-01-26 15:50:06.172458   => User panel [My account] is opened

2024-01-26 15:50:06.172698   Start Click [Logout] button:
2024-01-26 15:50:06.172719   BUTTON_LOGOUT is present? =>
2024-01-26 15:50:06.184239   => BUTTON_LOGOUT is present
2024-01-26 15:50:06.184274   Is visible BUTTON_LOGOUT? =>
2024-01-26 15:50:06.199577   BUTTON_LOGOUT is clickable? =>
2024-01-26 15:50:06.210180   BUTTON_LOGOUT click =>
2024-01-26 15:50:06.266817   => BUTTON_LOGOUT is clicked

2024-01-26 15:50:06.266960   Current role: NoAuth

2024-01-26 15:50:06.266984   Prev language: ?

2024-01-26 15:50:06.266994   Run preconditions: set "it" language =>


2024-01-26 15:50:06.293841   => Language and Country menu is present


2024-01-26 15:50:06.309240   => Language and Country menu is visible


2024-01-26 15:50:08.083989   => Focus is moved on Language and Country menu 

2024-01-26 15:50:11.566156   => Current language: it

2024-01-26 15:50:11.566209   Prev country: ?

2024-01-26 15:50:11.566222   Run preconditions: set "gb" country =>


2024-01-26 15:50:11.587509   => Language and Country menu is present


2024-01-26 15:50:11.605389   => Language and Country menu is visible


2024-01-26 15:50:13.396714   => Focus is moved on Language and Country menu 

2024-01-26 15:50:16.135829   => Current country: gb

2024-01-26 15:50:16.135867   => THE END PRECONDITIONS

2024-01-26 15:50:16.135902   1. Arrange_v0
2024-01-26 15:50:17.458035   Load page https://capital.com/it/fare-trading-canopy-growth
2024-01-26 15:50:17.474319   BUTTON_START_TRADING scroll =>
2024-01-26 15:50:17.533948   BUTTON_START_TRADING is visible? =>
2024-01-26 15:50:17.556503   => BUTTON_START_TRADING is visible on the page!

2024-01-26 15:50:17.556677   2. Act_v0
2024-01-26 15:50:17.556694   Start Click button [Start Trading] =>
2024-01-26 15:50:17.567787   BUTTON_START_TRADING is clickable? =>
2024-01-26 15:50:17.584694   BUTTON_START_TRADING click =>
2024-01-26 15:50:17.639004   => BUTTON_START_TRADING clicked

2024-01-26 15:50:17.639247   3. Assert_Login_v0
2024-01-26 15:50:17.639334   Check that 'Login' form is opened
2024-01-26 15:50:23.175271   'Login' form not opened
2024-01-26 15:50:23.179958   'Login' page not opened
2024-01-26 15:50:28.742513   'Login' form on trading platform not opened
2024-01-26 15:50:28.742705   Start step Check that [Sign up] form is opened
2024-01-26 15:50:28.759077   'Sign up' form opened
2024-01-26 15:50:28.759113   Assert SIGNUP_HEADER =>
2024-01-26 15:50:28.775785   Assert SIGNUP_REF_LOGIN =>
2024-01-26 15:50:28.793515   Assert SIGNUP_PRIVACY_POLICY_ALL_2 =>
2024-01-26 15:50:28.809584   => SIGNUP_PRIVACY_POLICY_ALL
2024-01-26 15:50:28.809645   => 'Signup' form is checked

Bug: Bid:11.02.02.01_01-it.gb.NoAuth

2024-01-26 15:50:28.809714   Проверка бага в таблице ретеста  =>

2024-01-26 15:50:28.818261   4. Fixing one row check results into Google Sheet Bugs Report =>
1 cells updated.
2024-01-26 15:50:29.368303   => 4. One row check results into Google Sheet Bugs Report fixed

2024-01-26 15:50:29.766725   4. Fixing one row check results into Google Sheet Bugs Report =>
1 cells updated.
2024-01-26 15:50:29.966592   => 4. One row check results into Google Sheet Bugs Report fixed

2024-01-26 15:50:29.966679   Bug: Bid:11.02.02.01_01-it.gb.NoAuth уже существует, но тип бага изменился с 16/01/24 на 05

2024-01-26 15:50:29.967296   Bug: Bid:11.02.02.01_01-it.gb.NoAuth-05 уже существует

2024-01-26 15:50:29.967479   4. Fixing one row check results into Google Sheet Bugs Report =>
1 cells updated.
2024-01-26 15:50:30.521631   => 4. One row check results into Google Sheet Bugs Report fixed
------------------------------ Captured log call -------------------------------
2024-01-26 15:50:23 ERROR Elements not present after 0.5 seconds on page: https://capital.com/it/fare-trading-canopy-growth
2024-01-26 15:50:23 ERROR 
Traceback (most recent call last):
  File "/home/runner/work/SeleniumCapital/SeleniumCapital/pages/base_page.py", line 82, in inner_function
    return func(*args, **kwargs)
           ^^^^^^^^^^^^^^^^^^^^^
  File "/home/runner/work/SeleniumCapital/SeleniumCapital/pages/base_page.py", line 293, in element_is_visible
    return Wait(self.browser, timeout).until(
           ^^^^^^^^^^^^^^^^^^^^^^^^^^^^^^^^^^
  File "/home/runner/.cache/pypoetry/virtualenvs/testcapitalcompyse-cIj6ROMf-py3.11/lib/python3.11/site-packages/selenium/webdriver/support/wait.py", line 105, in until
    raise TimeoutException(message, screen, stacktrace)
selenium.common.exceptions.TimeoutException: Message: 
Stacktrace:
#0 0x55d0e9696f83 <unknown>
#1 0x55d0e934fcf7 <unknown>
#2 0x55d0e939f99e <unknown>
#3 0x55d0e939faa1 <unknown>
#4 0x55d0e93ead64 <unknown>
#5 0x55d0e93c90dd <unknown>
#6 0x55d0e93e8006 <unknown>
#7 0x55d0e93c8e53 <unknown>
#8 0x55d0e9390dd4 <unknown>
#9 0x55d0e93921de <unknown>
#10 0x55d0e965b531 <unknown>
#11 0x55d0e965f455 <unknown>
#12 0x55d0e9647f55 <unknown>
#13 0x55d0e96600ef <unknown>
#14 0x55d0e962b99f <unknown>
#15 0x55d0e9684008 <unknown>
#16 0x55d0e96841d7 <unknown>
#17 0x55d0e9696124 <unknown>
#18 0x7ff2f1894ac3 <unknown>

2024-01-26 15:50:28 ERROR Elements not present after 0.5 seconds on page: https://capital.com/it/fare-trading-canopy-growth
2024-01-26 15:50:28 ERROR 
Traceback (most recent call last):
  File "/home/runner/work/SeleniumCapital/SeleniumCapital/pages/base_page.py", line 82, in inner_function
    return func(*args, **kwargs)
           ^^^^^^^^^^^^^^^^^^^^^
  File "/home/runner/work/SeleniumCapital/SeleniumCapital/pages/base_page.py", line 293, in element_is_visible
    return Wait(self.browser, timeout).until(
           ^^^^^^^^^^^^^^^^^^^^^^^^^^^^^^^^^^
  File "/home/runner/.cache/pypoetry/virtualenvs/testcapitalcompyse-cIj6ROMf-py3.11/lib/python3.11/site-packages/selenium/webdriver/support/wait.py", line 105, in until
    raise TimeoutException(message, screen, stacktrace)
selenium.common.exceptions.TimeoutException: Message: 
Stacktrace:
#0 0x55d0e9696f83 <unknown>
#1 0x55d0e934fcf7 <unknown>
#2 0x55d0e939f99e <unknown>
#3 0x55d0e939faa1 <unknown>
#4 0x55d0e93ead64 <unknown>
#5 0x55d0e93c90dd <unknown>
#6 0x55d0e93e8006 <unknown>
#7 0x55d0e93c8e53 <unknown>
#8 0x55d0e9390dd4 <unknown>
#9 0x55d0e93921de <unknown>
#10 0x55d0e965b531 <unknown>
#11 0x55d0e965f455 <unknown>
#12 0x55d0e9647f55 <unknown>
#13 0x55d0e96600ef <unknown>
#14 0x55d0e962b99f <unknown>
#15 0x55d0e9684008 <unknown>
#16 0x55d0e96841d7 <unknown>
#17 0x55d0e9696124 <unknown>
#18 0x7ff2f1894ac3 <unknown>
--------------------------- Captured stdout teardown ---------------------------

2024-01-26 15:50:30.845143   *** end fixture Browser = teardown ***

=============================== warnings summary ===============================
tests/US_11_Education/US_11-02-02_Shares_trading/US_11-02-02-01_Shares_trading_test.py::TestSharesTradingItems::test_01_main_banner_start_trading_button[https://capital.com/it/fare-trading-canopy-growth-Chrome--ae-NoAuth-aqa.tomelo.an@gmail.com-iT9Vgqi6d$fiZ*Z]
  /home/runner/.cache/pypoetry/virtualenvs/testcapitalcompyse-cIj6ROMf-py3.11/lib/python3.11/site-packages/pytest_html/plugin.py:133: DeprecationWarning: The 'report.extra' attribute is deprecated and will be removed in a future release, use 'report.extras' instead.
    warnings.warn(

-- Docs: https://docs.pytest.org/en/stable/how-to/capture-warnings.html
- Generated html report: file:///home/runner/work/SeleniumCapital/SeleniumCapital/report/report.html -
=========================== short test summary info ============================
FAILED tests/US_11_Education/US_11-02-02_Shares_trading/US_11-02-02-01_Shares_trading_test.py::TestSharesTradingItems::test_01_main_banner_start_trading_button[https://capital.com/it/fare-trading-canopy-growth-Chrome--ae-NoAuth-aqa.tomelo.an@gmail.com-iT9Vgqi6d$fiZ*Z] - AssertionError: Bug # 05. Opened a 'Sign up' form instead of a 'Login'
================= 1 failed, 9 deselected, 1 warning in 50.09s ==================

2024-01-26 15:50:30.937878   => Текущий тест: 1 failed

2024-01-26 15:50:30.938869   => 3. check_results finished

2024-01-26 15:50:30.939015   4. Fixing one row check results into Google Sheet Bugs Report =>
1 cells updated.
2024-01-26 15:50:31.121187   => 4. One row check results into Google Sheet Bugs Report fixed
