2024-01-26 15:26:53 ERROR Elements not present after 0.5 seconds on page: https://capital.com/es/trade-stocks
2024-01-26 15:26:53 ERROR 
Traceback (most recent call last):
  File "/home/runner/work/SeleniumCapital/SeleniumCapital/pages/base_page.py", line 82, in inner_function
    return func(*args, **kwargs)
           ^^^^^^^^^^^^^^^^^^^^^
  File "/home/runner/work/SeleniumCapital/SeleniumCapital/pages/base_page.py", line 293, in element_is_visible
    return Wait(self.browser, timeout).until(
           ^^^^^^^^^^^^^^^^^^^^^^^^^^^^^^^^^^
  File "/home/runner/.cache/pypoetry/virtualenvs/testcapitalcompyse-cIj6ROMf-py3.11/lib/python3.11/site-packages/selenium/webdriver/support/wait.py", line 105, in until
    raise TimeoutException(message, screen, stacktrace)
selenium.common.exceptions.TimeoutException: Message: 
Stacktrace:
#0 0x55b0dfcb6f83 <unknown>
#1 0x55b0df96fcf7 <unknown>
#2 0x55b0df9bf99e <unknown>
#3 0x55b0df9bfaa1 <unknown>
#4 0x55b0dfa0ad64 <unknown>
#5 0x55b0df9e90dd <unknown>
#6 0x55b0dfa08006 <unknown>
#7 0x55b0df9e8e53 <unknown>
#8 0x55b0df9b0dd4 <unknown>
#9 0x55b0df9b21de <unknown>
#10 0x55b0dfc7b531 <unknown>
#11 0x55b0dfc7f455 <unknown>
#12 0x55b0dfc67f55 <unknown>
#13 0x55b0dfc800ef <unknown>
#14 0x55b0dfc4b99f <unknown>
#15 0x55b0dfca4008 <unknown>
#16 0x55b0dfca41d7 <unknown>
#17 0x55b0dfcb6124 <unknown>
#18 0x7f5142894ac3 <unknown>

2024-01-26 15:27:01 ERROR Elements not present after 0.5 seconds on page: https://capital.com/trading/signup
2024-01-26 15:27:01 ERROR 
Traceback (most recent call last):
  File "/home/runner/work/SeleniumCapital/SeleniumCapital/pages/base_page.py", line 82, in inner_function
    return func(*args, **kwargs)
           ^^^^^^^^^^^^^^^^^^^^^
  File "/home/runner/work/SeleniumCapital/SeleniumCapital/pages/base_page.py", line 293, in element_is_visible
    return Wait(self.browser, timeout).until(
           ^^^^^^^^^^^^^^^^^^^^^^^^^^^^^^^^^^
  File "/home/runner/.cache/pypoetry/virtualenvs/testcapitalcompyse-cIj6ROMf-py3.11/lib/python3.11/site-packages/selenium/webdriver/support/wait.py", line 105, in until
    raise TimeoutException(message, screen, stacktrace)
selenium.common.exceptions.TimeoutException: Message: 
Stacktrace:
#0 0x55b0dfcb6f83 <unknown>
#1 0x55b0df96fcf7 <unknown>
#2 0x55b0df9bf99e <unknown>
#3 0x55b0df9bfaa1 <unknown>
#4 0x55b0dfa0ad64 <unknown>
#5 0x55b0df9e90dd <unknown>
#6 0x55b0dfa08006 <unknown>
#7 0x55b0df9e8e53 <unknown>
#8 0x55b0df9b0dd4 <unknown>
#9 0x55b0df9b21de <unknown>
#10 0x55b0dfc7b531 <unknown>
#11 0x55b0dfc7f455 <unknown>
#12 0x55b0dfc67f55 <unknown>
#13 0x55b0dfc800ef <unknown>
#14 0x55b0dfc4b99f <unknown>
#15 0x55b0dfca4008 <unknown>
#16 0x55b0dfca41d7 <unknown>
#17 0x55b0dfcb6124 <unknown>
#18 0x7f5142894ac3 <unknown>

2024-01-26 15:27:07 ERROR Elements not present after 0.5 seconds on page: https://capital.com/trading/signup
2024-01-26 15:27:07 ERROR 
Traceback (most recent call last):
  File "/home/runner/work/SeleniumCapital/SeleniumCapital/pages/base_page.py", line 82, in inner_function
    return func(*args, **kwargs)
           ^^^^^^^^^^^^^^^^^^^^^
  File "/home/runner/work/SeleniumCapital/SeleniumCapital/pages/base_page.py", line 293, in element_is_visible
    return Wait(self.browser, timeout).until(
           ^^^^^^^^^^^^^^^^^^^^^^^^^^^^^^^^^^
  File "/home/runner/.cache/pypoetry/virtualenvs/testcapitalcompyse-cIj6ROMf-py3.11/lib/python3.11/site-packages/selenium/webdriver/support/wait.py", line 105, in until
    raise TimeoutException(message, screen, stacktrace)
selenium.common.exceptions.TimeoutException: Message: 
Stacktrace:
#0 0x55b0dfcb6f83 <unknown>
#1 0x55b0df96fcf7 <unknown>
#2 0x55b0df9bf99e <unknown>
#3 0x55b0df9bfaa1 <unknown>
#4 0x55b0dfa0ad64 <unknown>
#5 0x55b0df9e90dd <unknown>
#6 0x55b0dfa08006 <unknown>
#7 0x55b0df9e8e53 <unknown>
#8 0x55b0df9b0dd4 <unknown>
#9 0x55b0df9b21de <unknown>
#10 0x55b0dfc7b531 <unknown>
#11 0x55b0dfc7f455 <unknown>
#12 0x55b0dfc67f55 <unknown>
#13 0x55b0dfc800ef <unknown>
#14 0x55b0dfc4b99f <unknown>
#15 0x55b0dfca4008 <unknown>
#16 0x55b0dfca41d7 <unknown>
#17 0x55b0dfcb6124 <unknown>
#18 0x7f5142894ac3 <unknown>

2024-01-26 15:27:12 ERROR Elements not present after 0.5 seconds on page: https://capital.com/trading/signup
2024-01-26 15:27:12 ERROR 
Traceback (most recent call last):
  File "/home/runner/work/SeleniumCapital/SeleniumCapital/pages/base_page.py", line 82, in inner_function
    return func(*args, **kwargs)
           ^^^^^^^^^^^^^^^^^^^^^
  File "/home/runner/work/SeleniumCapital/SeleniumCapital/pages/base_page.py", line 293, in element_is_visible
    return Wait(self.browser, timeout).until(
           ^^^^^^^^^^^^^^^^^^^^^^^^^^^^^^^^^^
  File "/home/runner/.cache/pypoetry/virtualenvs/testcapitalcompyse-cIj6ROMf-py3.11/lib/python3.11/site-packages/selenium/webdriver/support/wait.py", line 105, in until
    raise TimeoutException(message, screen, stacktrace)
selenium.common.exceptions.TimeoutException: Message: 
Stacktrace:
#0 0x55b0dfcb6f83 <unknown>
#1 0x55b0df96fcf7 <unknown>
#2 0x55b0df9bf99e <unknown>
#3 0x55b0df9bfaa1 <unknown>
#4 0x55b0dfa0ad64 <unknown>
#5 0x55b0df9e90dd <unknown>
#6 0x55b0dfa08006 <unknown>
#7 0x55b0df9e8e53 <unknown>
#8 0x55b0df9b0dd4 <unknown>
#9 0x55b0df9b21de <unknown>
#10 0x55b0dfc7b531 <unknown>
#11 0x55b0dfc7f455 <unknown>
#12 0x55b0dfc67f55 <unknown>
#13 0x55b0dfc800ef <unknown>
#14 0x55b0dfc4b99f <unknown>
#15 0x55b0dfca4008 <unknown>
#16 0x55b0dfca41d7 <unknown>
#17 0x55b0dfcb6124 <unknown>
#18 0x7f5142894ac3 <unknown>

2024-01-26 15:27:19 ERROR Elements not present after 0.5 seconds on page: https://capital.com/trading/signup
2024-01-26 15:27:19 ERROR 
Traceback (most recent call last):
  File "/home/runner/work/SeleniumCapital/SeleniumCapital/pages/base_page.py", line 82, in inner_function
    return func(*args, **kwargs)
           ^^^^^^^^^^^^^^^^^^^^^
  File "/home/runner/work/SeleniumCapital/SeleniumCapital/pages/base_page.py", line 293, in element_is_visible
    return Wait(self.browser, timeout).until(
           ^^^^^^^^^^^^^^^^^^^^^^^^^^^^^^^^^^
  File "/home/runner/.cache/pypoetry/virtualenvs/testcapitalcompyse-cIj6ROMf-py3.11/lib/python3.11/site-packages/selenium/webdriver/support/wait.py", line 105, in until
    raise TimeoutException(message, screen, stacktrace)
selenium.common.exceptions.TimeoutException: Message: 
Stacktrace:
#0 0x55b0dfcb6f83 <unknown>
#1 0x55b0df96fcf7 <unknown>
#2 0x55b0df9bf99e <unknown>
#3 0x55b0df9bfaa1 <unknown>
#4 0x55b0dfa0ad64 <unknown>
#5 0x55b0df9e90dd <unknown>
#6 0x55b0dfa08006 <unknown>
#7 0x55b0df9e8e53 <unknown>
#8 0x55b0df9b0dd4 <unknown>
#9 0x55b0df9b21de <unknown>
#10 0x55b0dfc7b531 <unknown>
#11 0x55b0dfc7f455 <unknown>
#12 0x55b0dfc67f55 <unknown>
#13 0x55b0dfc800ef <unknown>
#14 0x55b0dfc4b99f <unknown>
#15 0x55b0dfca4008 <unknown>
#16 0x55b0dfca41d7 <unknown>
#17 0x55b0dfcb6124 <unknown>
#18 0x7f5142894ac3 <unknown>