


2024-01-26 14:54:22.494096   0. Get Values row =>
2024-01-26 14:54:22.494124   Row # = 120
2024-01-26 14:54:22.494133   Row Values = 
['Bid:11.02.03.00_02-ro.gb.NoAuth', 'Ubuntu 22.04', 'Chrome', '11.02.03.00', '_02', 'ro', 'gb', 'FCA', 'NoAuth', '', 'Education', 'Commodities trading', 'Click Main banner > Button [Try demo]', 'Click Main banner > Button [Try demo]', '', '05', "Bug # 05. Opened a 'Sign up' form instead of a 'Login'", '', '', '', '25/01/24']

2024-01-26 14:54:22.494215   1. Run pretest =>

2024-01-26 14:54:22.494228   row_loc = 
['Bid:11.02.03.00_02-ro.gb.NoAuth', 'Ubuntu 22.04', 'Chrome', '11.02.03.00', '_02', 'ro', 'gb', 'FCA', 'NoAuth', '', 'Education', 'Commodities trading', 'Click Main banner > Button [Try demo]', 'Click Main banner > Button [Try demo]', '', '05', "Bug # 05. Opened a 'Sign up' form instead of a 'Login'", '', '', '', '25/01/24']

2024-01-26 14:54:22.494243   => 1. Pretest finished

2024-01-26 14:54:22.494309   2. Run run_pytest with Bid = Bid:11.02.03.00_02-ro.gb.NoAuth from row =>

2024-01-26 14:54:22.494323   2.2. Run poetry run pytest ... in subprocess =>

2024-01-26 14:54:22.494335   Run command: 
poetry run pytest --retest=True --browser_name=Chrome --lang=ro --country=gb --role=NoAuth -m test_02 -v \tests/US_11_Education/US_11-02-03_Commodities_trading/us_11-02-03-00_Commodities_trading_test.py

2024-01-26 14:55:16.427890   => 2.2. pytest ... as subprocess finished

2024-01-26 14:55:16.427937   => 2. Autotest with Bid = Bid:11.02.03.00_02-ro.gb.NoAuth from row finished

2024-01-26 14:55:16.428009   3. Run check_results =>
2024-01-26 14:55:16.428030   test_results: 
============================= test session starts ==============================
platform linux -- Python 3.11.7, pytest-7.4.4, pluggy-1.3.0 -- /home/runner/.cache/pypoetry/virtualenvs/testcapitalcompyse-cIj6ROMf-py3.11/bin/python
cachedir: .pytest_cache
metadata: {'Python': '3.11.7', 'Platform': 'Linux-6.2.0-1018-azure-x86_64-with-glibc2.35', 'Packages': {'pytest': '7.4.4', 'pluggy': '1.3.0'}, 'Plugins': {'metadata': '3.0.0', 'timeout': '2.2.0', 'html': '4.1.1', 'xdist': '3.5.0', 'allure-pytest': '2.13.2'}, 'CI': 'true', 'JAVA_HOME': '/usr/lib/jvm/temurin-11-jdk-amd64'}
rootdir: /home/runner/work/SeleniumCapital/SeleniumCapital
configfile: pytest.ini
plugins: metadata-3.0.0, timeout-2.2.0, html-4.1.1, xdist-3.5.0, allure-pytest-2.13.2
collecting ... collected 7 items / 6 deselected / 1 selected

tests/US_11_Education/US_11-02-03_Commodities_trading/us_11-02-03-00_Commodities_trading_test.py::TestCommoditiesTradingPretest::test_02_main_banner_try_demo_button[Chrome--ae-NoAuth-aqa.tomelo.an@gmail.com-iT9Vgqi6d$fiZ*Z] FAILED [100%]

=================================== FAILURES ===================================
_ TestCommoditiesTradingPretest.test_02_main_banner_try_demo_button[Chrome--ae-NoAuth-aqa.tomelo.an@gmail.com-iT9Vgqi6d$fiZ*Z] _

self = <us_11-02-03-00_Commodities_trading_test.TestCommoditiesTradingPretest object at 0x7f5ac9e61bd0>
worker_id = 'master'
d = <selenium.webdriver.chrome.webdriver.WebDriver (session="e2922ffd158afbbd093049fa88a71da4")>
cur_language = 'ro', cur_country = 'gb', cur_role = 'NoAuth'
cur_login = 'aqa.tomelo.an@gmail.com', cur_password = 'iT9Vgqi6d$fiZ*Z'

    @allure.step("Start test of button [Try demo] on Main banner")
    # @pytest.mark.skip(reason="Skipped for debugging")
    @pytest.mark.test_02
    def test_02_main_banner_try_demo_button(
            self, worker_id, d, cur_language, cur_country, cur_role, cur_login, cur_password):
        """
        Check: Button [Try demo] on Main banner
        Language: All (Except: EL, HU, NL). License: All.
        """
        bid = build_dynamic_arg_v4(
            d, worker_id, cur_language, cur_country, cur_role,
            "11.02.03", "Education > Menu item [Commodities trading]",
            ".00_02", "Testing button [Try demo] on Main banner")
    
        Common().skip_if_eng_lang_and_fca_license(cur_language, cur_country)
    
        check_language(cur_language)
    
        page_conditions = Conditions(d, "")
        main_page_link = page_conditions.preconditions(
            d, CapitalComPageSrc.URL, "", cur_language, cur_country, cur_role, cur_login, cur_password)
    
        page_menu = MenuSection(d, main_page_link)
        cur_menu_link = page_menu.open_education_commodities_trading_menu(d, cur_language, cur_country, main_page_link)
    
        test_element = MainBannerTryDemo(d, cur_menu_link, bid)
>       test_element.full_test_with_tpi(d, cur_language, cur_country, cur_role, cur_menu_link)

tests/US_11_Education/US_11-02-03_Commodities_trading/us_11-02-03-00_Commodities_trading_test.py:103: 
_ _ _ _ _ _ _ _ _ _ _ _ _ _ _ _ _ _ _ _ _ _ _ _ _ _ _ _ _ _ _ _ _ _ _ _ _ _ _ _ 
pages/Elements/ButtonTryDemoMainBanner.py:28: in full_test_with_tpi
    test_element.assert_login(d, cur_language, cur_item_link)
_ _ _ _ _ _ _ _ _ _ _ _ _ _ _ _ _ _ _ _ _ _ _ _ _ _ _ _ _ _ _ _ _ _ _ _ _ _ _ _ 

self = <pages.Elements.AssertClass.AssertClass object at 0x7f5ac9722c90>
d = <selenium.webdriver.chrome.webdriver.WebDriver (session="e2922ffd158afbbd093049fa88a71da4")>
cur_language = 'ro', cur_link = 'https://capital.com/ro/trade-commodities'

    @allure.step('Checking that "Login" form or page opened')
    def assert_login(self, d, cur_language, cur_link):
        """Method Assert Login form or page"""
        print(f"\n{datetime.now()}   3. Assert_Login_v0")
        self.page_signup_login = SignupLogin(d, cur_link)
        if self.page_signup_login.should_be_login_form():
            self.page_signup_login.close_login_form()
            del self.page_signup_login
        elif self.page_signup_login.should_be_login_page():
            self.page_signup_login.close_login_page()
            del self.page_signup_login
        elif self.page_signup_login.should_be_trading_platform_login_form(cur_language):
            self.page_signup_login.close_trading_platform_login_form()
            del self.page_signup_login
        elif self.page_signup_login.should_be_signup_form(cur_language):
            del self.page_signup_login
            print(f'\nBug: {self.bid}')
            retest_table_fill(self.bid, '05', self.link)
>           assert False, "Bug # 05. Opened a 'Sign up' form instead of a 'Login'"
E           AssertionError: Bug # 05. Opened a 'Sign up' form instead of a 'Login'

pages/Elements/AssertClass.py:69: AssertionError
---------------------------- Captured stdout setup -----------------------------

2024-01-26 14:54:23.375794   *** autouse fixture Chrome ***

{'width': 1280, 'height': 720}
Current test language - ro
Current country of trading - gb



Current test role - NoAuth
Current login - aqa.tomelo.an@gmail.com
Current login - iT9Vgqi6d$fiZ*Z
----------------------------- Captured stdout call -----------------------------
{'width': 1280, 'height': 720}

2024-01-26 14:54:24.344301   worker_id = master

2024-01-26 14:54:24.344322   0. Allure grouping v4


2024-01-26 14:54:24.344592   START PRECONDITIONS =>

2024-01-26 14:54:25.772196   Load page https://capital.com

2024-01-26 14:54:25.772242   {'width': 1280, 'height': 720}

2024-01-26 14:54:25.774677   Set windows position at (0, 0) =>

2024-01-26 14:54:25.886968   Set resolution 1280 * 720 =>

2024-01-26 14:54:25.993787   => Resolution seted {'width': 1280, 'height': 720}

2024-01-26 14:54:31.036508   Капчи нет. Тестим дальше

2024-01-26 14:54:31.036602   Prev. Role: ?

2024-01-26 14:54:31.036615   Run preconditions: set "NoAuth" Role =>
2024-01-26 14:54:31.718499   Load page https://capital.com

2024-01-26 14:54:31.991031   => All cookies are deleted
2024-01-26 14:54:33.600928   Load page https://capital.com

2024-01-26 14:54:33.601119   Step 'Click button [Accept all cookies]'
2024-01-26 14:54:38.611139   Is Visible Button [Accept all cookies]? =>
2024-01-26 14:54:38.719643   => Button [Accept all cookies] is visible
2024-01-26 14:54:39.719769   Is clickable Button [Accept all cookies] =>
2024-01-26 14:54:39.743175   => Button [Accept all cookies] is clickable
2024-01-26 14:54:39.743209   Click Button [Accept all cookies] =>
2024-01-26 14:54:39.809437   => Button [Accept all cookies] is clicked
2024-01-26 14:54:39.809476   => Accepted All Cookies

2024-01-26 14:54:40.309866   Start Autorization

2024-01-26 14:54:40.309991   2. Act
2024-01-26 14:54:40.310008   Start Click button [Log in] =>
2024-01-26 14:54:40.325973   BUTTON_LOGIN scroll =>
2024-01-26 14:54:40.332820   Is BUTTON_LOGIN clickable? =>
2024-01-26 14:54:40.343629   => BUTTON_LOGIN is clickable
2024-01-26 14:54:40.343651   BUTTON_LOGIN click =>
2024-01-26 14:54:40.395242   => BUTTON_LOGIN is clicked!
2024-01-26 14:54:40.395352   => 'Login' form is opened
2024-01-26 14:54:40.979567   => "login" and "password" are inputted
2024-01-26 14:54:40.979659   Click [Continue] button on [Login] form =>
2024-01-26 14:54:41.104255   => [Continue] button on [Login] form is clicked
2024-01-26 14:54:44.144541   Start check that the Trading platform page is loaded and LOGO is present on it =>
2024-01-26 14:54:44.144582   Set timeout = 30
2024-01-26 14:54:44.144602   Wait until load page with special title =>
2024-01-26 14:54:44.148367   => Page with title "Trading Platform | Capital.com" is loaded
2024-01-26 14:54:44.148394   Is present LOGO on this page? =>
2024-01-26 14:54:45.498992   => LOGO is visible on this page
2024-01-26 14:54:45.499077   -> "Capital.com" logo is present on trading platform page

2024-01-26 14:54:46.787222   Start DeAuthorisation
2024-01-26 14:54:46.787358   1. BUTTON_MY_ACCOUNT is present? =>
2024-01-26 14:54:46.801300   => BUTTON_MY_ACCOUNT is present on this page
2024-01-26 14:54:48.130795   => Move to BUTTON_MY_ACCOUNT
2024-01-26 14:54:48.130830   2. BUTTON_MY_ACCOUNT is clickable? =>
2024-01-26 14:54:48.158210   => BUTTON_MY_ACCOUNT is clickable
2024-01-26 14:54:48.158248   BUTTON_MY_ACCOUNT Click =>
2024-01-26 14:54:48.990269   => User panel [My account] is opened

2024-01-26 14:54:48.990465   Start Click [Logout] button:
2024-01-26 14:54:48.990480   BUTTON_LOGOUT is present? =>
2024-01-26 14:54:49.001588   => BUTTON_LOGOUT is present
2024-01-26 14:54:49.001647   Is visible BUTTON_LOGOUT? =>
2024-01-26 14:54:49.015802   BUTTON_LOGOUT is clickable? =>
2024-01-26 14:54:49.026158   BUTTON_LOGOUT click =>
2024-01-26 14:54:49.088750   => BUTTON_LOGOUT is clicked

2024-01-26 14:54:49.088878   Current role: NoAuth

2024-01-26 14:54:49.088895   Prev language: ?

2024-01-26 14:54:49.088904   Run preconditions: set "ro" language =>


2024-01-26 14:54:49.117887   => Language and Country menu is present


2024-01-26 14:54:49.132548   => Language and Country menu is visible


2024-01-26 14:54:50.915020   => Focus is moved on Language and Country menu 

2024-01-26 14:54:52.536176   => Current language: ro

2024-01-26 14:54:52.536219   Prev country: ?

2024-01-26 14:54:52.536233   Run preconditions: set "gb" country =>


2024-01-26 14:54:52.569732   => Language and Country menu is present


2024-01-26 14:54:52.589156   => Language and Country menu is visible


2024-01-26 14:54:54.367264   => Focus is moved on Language and Country menu 

2024-01-26 14:54:56.517020   => Current country: gb

2024-01-26 14:54:56.517067   => THE END PRECONDITIONS

2024-01-26 14:54:56.517112   1. Cur URL = https://capital.com/ro?country=gb

2024-01-26 14:54:56.520033   2. Link = https://capital.com/ro
2024-01-26 14:54:57.066751   Load page https://capital.com/ro
2024-01-26 14:54:57.576761   => Education menu is present
2024-01-26 14:54:57.592925   => Education menu is visible
2024-01-26 14:54:58.879675   => Education menu focus moved

2024-01-26 14:55:03.187961   1. Arrange_v0
2024-01-26 14:55:03.190658   BUTTON_TRY_DEMO is visible? =>
2024-01-26 14:55:03.205493   => BUTTON_TRY_DEMO is visible on the page!

2024-01-26 14:55:03.205662   2. Act_v0
2024-01-26 14:55:03.205680   BUTTON_TRY_DEMO is present? =>
2024-01-26 14:55:03.222905   => BUTTON_TRY_DEMO is present on the page!
2024-01-26 14:55:03.222945   BUTTON_TRY_DEMO scroll =>
2024-01-26 14:55:03.281283   => BUTTON_TRY_DEMO clicked!

2024-01-26 14:55:03.281547   3. Assert_Login_v0
2024-01-26 14:55:03.281691   Check that 'Login' form is opened
2024-01-26 14:55:08.814770   'Login' form not opened
2024-01-26 14:55:08.817661   'Login' page not opened
2024-01-26 14:55:14.333468   'Login' form on trading platform not opened
2024-01-26 14:55:14.333672   Start step Check that [Sign up] form is opened
2024-01-26 14:55:14.347521   'Sign up' form opened
2024-01-26 14:55:14.347542   Assert SIGNUP_HEADER =>
2024-01-26 14:55:14.361000   Assert SIGNUP_REF_LOGIN =>
2024-01-26 14:55:14.373941   Assert SIGNUP_PRIVACY_POLICY_ALL_2 =>
2024-01-26 14:55:14.386731   => SIGNUP_PRIVACY_POLICY_ALL
2024-01-26 14:55:14.386752   => 'Signup' form is checked

Bug: Bid:11.02.03.00_02-ro.gb.NoAuth

2024-01-26 14:55:14.386801   Проверка бага в таблице ретеста  =>

2024-01-26 14:55:14.392221   4. Fixing one row check results into Google Sheet Bugs Report =>
1 cells updated.
2024-01-26 14:55:14.934140   => 4. One row check results into Google Sheet Bugs Report fixed

2024-01-26 14:55:15.288188   4. Fixing one row check results into Google Sheet Bugs Report =>
1 cells updated.
2024-01-26 14:55:15.633582   => 4. One row check results into Google Sheet Bugs Report fixed

2024-01-26 14:55:15.633675   Bug: Bid:11.02.03.00_02-ro.gb.NoAuth уже существует, но тип бага изменился с 25/01/24 на 05

2024-01-26 14:55:15.634078   Bug: Bid:11.02.03.00_02-ro.gb.NoAuth-05 уже существует

2024-01-26 14:55:15.634221   4. Fixing one row check results into Google Sheet Bugs Report =>
1 cells updated.
2024-01-26 14:55:16.074386   => 4. One row check results into Google Sheet Bugs Report fixed
------------------------------ Captured log call -------------------------------
2024-01-26 14:55:08 ERROR Elements not present after 0.5 seconds on page: https://capital.com/ro/trade-commodities
2024-01-26 14:55:08 ERROR 
Traceback (most recent call last):
  File "/home/runner/work/SeleniumCapital/SeleniumCapital/pages/base_page.py", line 82, in inner_function
    return func(*args, **kwargs)
           ^^^^^^^^^^^^^^^^^^^^^
  File "/home/runner/work/SeleniumCapital/SeleniumCapital/pages/base_page.py", line 293, in element_is_visible
    return Wait(self.browser, timeout).until(
           ^^^^^^^^^^^^^^^^^^^^^^^^^^^^^^^^^^
  File "/home/runner/.cache/pypoetry/virtualenvs/testcapitalcompyse-cIj6ROMf-py3.11/lib/python3.11/site-packages/selenium/webdriver/support/wait.py", line 105, in until
    raise TimeoutException(message, screen, stacktrace)
selenium.common.exceptions.TimeoutException: Message: 
Stacktrace:
#0 0x55b15b75bf83 <unknown>
#1 0x55b15b414cf7 <unknown>
#2 0x55b15b46499e <unknown>
#3 0x55b15b464aa1 <unknown>
#4 0x55b15b4afd64 <unknown>
#5 0x55b15b48e0dd <unknown>
#6 0x55b15b4ad006 <unknown>
#7 0x55b15b48de53 <unknown>
#8 0x55b15b455dd4 <unknown>
#9 0x55b15b4571de <unknown>
#10 0x55b15b720531 <unknown>
#11 0x55b15b724455 <unknown>
#12 0x55b15b70cf55 <unknown>
#13 0x55b15b7250ef <unknown>
#14 0x55b15b6f099f <unknown>
#15 0x55b15b749008 <unknown>
#16 0x55b15b7491d7 <unknown>
#17 0x55b15b75b124 <unknown>
#18 0x7f405f294ac3 <unknown>

2024-01-26 14:55:14 ERROR Elements not present after 0.5 seconds on page: https://capital.com/ro/trade-commodities
2024-01-26 14:55:14 ERROR 
Traceback (most recent call last):
  File "/home/runner/work/SeleniumCapital/SeleniumCapital/pages/base_page.py", line 82, in inner_function
    return func(*args, **kwargs)
           ^^^^^^^^^^^^^^^^^^^^^
  File "/home/runner/work/SeleniumCapital/SeleniumCapital/pages/base_page.py", line 293, in element_is_visible
    return Wait(self.browser, timeout).until(
           ^^^^^^^^^^^^^^^^^^^^^^^^^^^^^^^^^^
  File "/home/runner/.cache/pypoetry/virtualenvs/testcapitalcompyse-cIj6ROMf-py3.11/lib/python3.11/site-packages/selenium/webdriver/support/wait.py", line 105, in until
    raise TimeoutException(message, screen, stacktrace)
selenium.common.exceptions.TimeoutException: Message: 
Stacktrace:
#0 0x55b15b75bf83 <unknown>
#1 0x55b15b414cf7 <unknown>
#2 0x55b15b46499e <unknown>
#3 0x55b15b464aa1 <unknown>
#4 0x55b15b4afd64 <unknown>
#5 0x55b15b48e0dd <unknown>
#6 0x55b15b4ad006 <unknown>
#7 0x55b15b48de53 <unknown>
#8 0x55b15b455dd4 <unknown>
#9 0x55b15b4571de <unknown>
#10 0x55b15b720531 <unknown>
#11 0x55b15b724455 <unknown>
#12 0x55b15b70cf55 <unknown>
#13 0x55b15b7250ef <unknown>
#14 0x55b15b6f099f <unknown>
#15 0x55b15b749008 <unknown>
#16 0x55b15b7491d7 <unknown>
#17 0x55b15b75b124 <unknown>
#18 0x7f405f294ac3 <unknown>
--------------------------- Captured stdout teardown ---------------------------

2024-01-26 14:55:16.352725   *** end fixture Browser = teardown ***

=============================== warnings summary ===============================
tests/US_11_Education/US_11-02-03_Commodities_trading/us_11-02-03-00_Commodities_trading_test.py::TestCommoditiesTradingPretest::test_02_main_banner_try_demo_button[Chrome--ae-NoAuth-aqa.tomelo.an@gmail.com-iT9Vgqi6d$fiZ*Z]
  /home/runner/.cache/pypoetry/virtualenvs/testcapitalcompyse-cIj6ROMf-py3.11/lib/python3.11/site-packages/pytest_html/plugin.py:133: DeprecationWarning: The 'report.extra' attribute is deprecated and will be removed in a future release, use 'report.extras' instead.
    warnings.warn(

-- Docs: https://docs.pytest.org/en/stable/how-to/capture-warnings.html
- Generated html report: file:///home/runner/work/SeleniumCapital/SeleniumCapital/report/report.html -
=========================== short test summary info ============================
FAILED tests/US_11_Education/US_11-02-03_Commodities_trading/us_11-02-03-00_Commodities_trading_test.py::TestCommoditiesTradingPretest::test_02_main_banner_try_demo_button[Chrome--ae-NoAuth-aqa.tomelo.an@gmail.com-iT9Vgqi6d$fiZ*Z] - AssertionError: Bug # 05. Opened a 'Sign up' form instead of a 'Login'
================= 1 failed, 6 deselected, 1 warning in 53.16s ==================

2024-01-26 14:55:16.428435   => Текущий тест: 1 failed

2024-01-26 14:55:16.429426   => 3. check_results finished

2024-01-26 14:55:16.429573   4. Fixing one row check results into Google Sheet Bugs Report =>
1 cells updated.
2024-01-26 14:55:16.617642   => 4. One row check results into Google Sheet Bugs Report fixed
