


2024-01-26 15:21:16.602694   0. Get Values row =>
2024-01-26 15:21:16.602723   Row # = 502
2024-01-26 15:21:16.602733   Row Values = 
['Bid:11.02.04.00_01-de.gb.NoAuth', 'Ubuntu 22.04', 'Chrome', '11.02.04.00', '_01', 'de', 'gb', 'FCA', 'NoAuth', '', 'Education', 'Forex trading', 'On Main banner click Button [Start Trading]', 'On Main banner click Button [Start Trading]', '', '05', "Bug # 05. Opened a 'Sign up' form instead of a 'Login'", '', '', '', '23/01/24', 'failed']

2024-01-26 15:21:16.602815   1. Run pretest =>

2024-01-26 15:21:16.602828   row_loc = 
['Bid:11.02.04.00_01-de.gb.NoAuth', 'Ubuntu 22.04', 'Chrome', '11.02.04.00', '_01', 'de', 'gb', 'FCA', 'NoAuth', '', 'Education', 'Forex trading', 'On Main banner click Button [Start Trading]', 'On Main banner click Button [Start Trading]', '', '05', "Bug # 05. Opened a 'Sign up' form instead of a 'Login'", '', '', '', '23/01/24', 'failed']

2024-01-26 15:21:16.602843   => 1. Pretest finished

2024-01-26 15:21:16.602909   2. Run run_pytest with Bid = Bid:11.02.04.00_01-de.gb.NoAuth from row =>

2024-01-26 15:21:16.602921   2.2. Run poetry run pytest ... in subprocess =>

2024-01-26 15:21:16.602933   Run command: 
poetry run pytest --retest=True --browser_name=Chrome --lang=de --country=gb --role=NoAuth -m test_01 -v \tests/US_11_Education/US_11-02-04_Forex_trading/US_11-02-04-00_Forex_trading_test.py

2024-01-26 15:22:07.351742   => 2.2. pytest ... as subprocess finished

2024-01-26 15:22:07.351805   => 2. Autotest with Bid = Bid:11.02.04.00_01-de.gb.NoAuth from row finished

2024-01-26 15:22:07.351873   3. Run check_results =>
2024-01-26 15:22:07.351894   test_results: 
============================= test session starts ==============================
platform linux -- Python 3.11.7, pytest-7.4.4, pluggy-1.3.0 -- /home/runner/.cache/pypoetry/virtualenvs/testcapitalcompyse-cIj6ROMf-py3.11/bin/python
cachedir: .pytest_cache
metadata: {'Python': '3.11.7', 'Platform': 'Linux-6.2.0-1018-azure-x86_64-with-glibc2.35', 'Packages': {'pytest': '7.4.4', 'pluggy': '1.3.0'}, 'Plugins': {'metadata': '3.0.0', 'timeout': '2.2.0', 'html': '4.1.1', 'xdist': '3.5.0', 'allure-pytest': '2.13.2'}, 'CI': 'true', 'JAVA_HOME': '/usr/lib/jvm/temurin-11-jdk-amd64'}
rootdir: /home/runner/work/SeleniumCapital/SeleniumCapital
configfile: pytest.ini
plugins: metadata-3.0.0, timeout-2.2.0, html-4.1.1, xdist-3.5.0, allure-pytest-2.13.2
collecting ... collected 7 items / 6 deselected / 1 selected

tests/US_11_Education/US_11-02-04_Forex_trading/US_11-02-04-00_Forex_trading_test.py::TestForexTradingMainPage::test_01_main_banner_start_trading_button[Chrome--ae-NoAuth-aqa.tomelo.an@gmail.com-iT9Vgqi6d$fiZ*Z] FAILED [100%]

=================================== FAILURES ===================================
_ TestForexTradingMainPage.test_01_main_banner_start_trading_button[Chrome--ae-NoAuth-aqa.tomelo.an@gmail.com-iT9Vgqi6d$fiZ*Z] _

self = <US_11-02-04-00_Forex_trading_test.TestForexTradingMainPage object at 0x7fd6e718dbd0>
worker_id = 'master'
d = <selenium.webdriver.chrome.webdriver.WebDriver (session="4883d26ce33ca294d952e5390cd94262")>
cur_language = 'de', cur_country = 'gb', cur_role = 'NoAuth'
cur_login = 'aqa.tomelo.an@gmail.com', cur_password = 'iT9Vgqi6d$fiZ*Z'

    @allure.step("Start test of button [Start trading] on Main banner")
    @pytest.mark.test_01
    def test_01_main_banner_start_trading_button(self, worker_id, d,
                                                 cur_language, cur_country, cur_role, cur_login, cur_password):
        """
        Check: Button [Start Trading] on Main banner
        Language: All. License: All.
        """
        global cur_page_url
    
        bid = build_dynamic_arg_v4(
            d, worker_id, cur_language, cur_country, cur_role,
            "11.02.04", "Education > Menu item [Forex trading]",
            ".00_01", "Testing button [Start Trading] on Main banner")
    
        Common().skip_if_eng_lang_and_fca_license(cur_language, cur_country)
    
        Common().check_language_in_list_and_skip_if_not_present(
            cur_language, ["", "ar", "de", "es", "fr", "it", "cn", "ru", "zh"])
    
        page_conditions = Conditions(d, "")
        main_page_link = page_conditions.preconditions(
            d, CapitalComPageSrc.URL, "", cur_language, cur_country, cur_role, cur_login, cur_password)
    
        page_menu = MenuSection(d, main_page_link)
        cur_page_url = page_menu.open_education_forex_trading_menu(d, cur_language, cur_country, main_page_link)
    
        test_element = MainBannerStartTrading(d, cur_page_url, bid)
>       test_element.full_test_with_tpi(d, cur_language, cur_country, cur_role, cur_page_url)

tests/US_11_Education/US_11-02-04_Forex_trading/US_11-02-04-00_Forex_trading_test.py:60: 
_ _ _ _ _ _ _ _ _ _ _ _ _ _ _ _ _ _ _ _ _ _ _ _ _ _ _ _ _ _ _ _ _ _ _ _ _ _ _ _ 
pages/Elements/ButtonStartTradingMainBanner.py:28: in full_test_with_tpi
    test_element.assert_login(d, cur_language, cur_item_link)
_ _ _ _ _ _ _ _ _ _ _ _ _ _ _ _ _ _ _ _ _ _ _ _ _ _ _ _ _ _ _ _ _ _ _ _ _ _ _ _ 

self = <pages.Elements.AssertClass.AssertClass object at 0x7fd6e7176990>
d = <selenium.webdriver.chrome.webdriver.WebDriver (session="4883d26ce33ca294d952e5390cd94262")>
cur_language = 'de', cur_link = 'https://capital.com/de/waehrungshandel'

    @allure.step('Checking that "Login" form or page opened')
    def assert_login(self, d, cur_language, cur_link):
        """Method Assert Login form or page"""
        print(f"\n{datetime.now()}   3. Assert_Login_v0")
        self.page_signup_login = SignupLogin(d, cur_link)
        if self.page_signup_login.should_be_login_form():
            self.page_signup_login.close_login_form()
            del self.page_signup_login
        elif self.page_signup_login.should_be_login_page():
            self.page_signup_login.close_login_page()
            del self.page_signup_login
        elif self.page_signup_login.should_be_trading_platform_login_form(cur_language):
            self.page_signup_login.close_trading_platform_login_form()
            del self.page_signup_login
        elif self.page_signup_login.should_be_signup_form(cur_language):
            del self.page_signup_login
            print(f'\nBug: {self.bid}')
            retest_table_fill(self.bid, '05', self.link)
>           assert False, "Bug # 05. Opened a 'Sign up' form instead of a 'Login'"
E           AssertionError: Bug # 05. Opened a 'Sign up' form instead of a 'Login'

pages/Elements/AssertClass.py:69: AssertionError
---------------------------- Captured stdout setup -----------------------------

2024-01-26 15:21:17.513479   *** autouse fixture Chrome ***

{'width': 1280, 'height': 720}
Current test language - de
Current country of trading - gb



Current test role - NoAuth
Current login - aqa.tomelo.an@gmail.com
Current login - iT9Vgqi6d$fiZ*Z
----------------------------- Captured stdout call -----------------------------
{'width': 1280, 'height': 720}

2024-01-26 15:21:18.438014   worker_id = master

2024-01-26 15:21:18.438030   0. Allure grouping v4


2024-01-26 15:21:18.438220   START PRECONDITIONS =>

2024-01-26 15:21:19.938497   Load page https://capital.com

2024-01-26 15:21:19.938542   {'width': 1280, 'height': 720}

2024-01-26 15:21:19.940164   Set windows position at (0, 0) =>

2024-01-26 15:21:20.046155   Set resolution 1280 * 720 =>

2024-01-26 15:21:20.156391   => Resolution seted {'width': 1280, 'height': 720}

2024-01-26 15:21:25.205151   Капчи нет. Тестим дальше

2024-01-26 15:21:25.205250   Prev. Role: ?

2024-01-26 15:21:25.205262   Run preconditions: set "NoAuth" Role =>
2024-01-26 15:21:26.060137   Load page https://capital.com

2024-01-26 15:21:26.237249   => All cookies are deleted
2024-01-26 15:21:27.227189   Load page https://capital.com

2024-01-26 15:21:27.227402   Step 'Click button [Accept all cookies]'
2024-01-26 15:21:32.254947   Is Visible Button [Accept all cookies]? =>
2024-01-26 15:21:32.275278   => Button [Accept all cookies] is visible
2024-01-26 15:21:33.275392   Is clickable Button [Accept all cookies] =>
2024-01-26 15:21:33.305021   => Button [Accept all cookies] is clickable
2024-01-26 15:21:33.305058   Click Button [Accept all cookies] =>
2024-01-26 15:21:33.363558   => Button [Accept all cookies] is clicked
2024-01-26 15:21:33.363615   => Accepted All Cookies

2024-01-26 15:21:33.864054   Start Autorization

2024-01-26 15:21:33.864198   2. Act
2024-01-26 15:21:33.864217   Start Click button [Log in] =>
2024-01-26 15:21:33.877322   BUTTON_LOGIN scroll =>
2024-01-26 15:21:33.885260   Is BUTTON_LOGIN clickable? =>
2024-01-26 15:21:33.901199   => BUTTON_LOGIN is clickable
2024-01-26 15:21:33.901232   BUTTON_LOGIN click =>
2024-01-26 15:21:33.959125   => BUTTON_LOGIN is clicked!
2024-01-26 15:21:33.959212   => 'Login' form is opened
2024-01-26 15:21:34.454436   => "login" and "password" are inputted
2024-01-26 15:21:34.454485   Click [Continue] button on [Login] form =>
2024-01-26 15:21:34.531540   => [Continue] button on [Login] form is clicked
2024-01-26 15:21:37.459307   Start check that the Trading platform page is loaded and LOGO is present on it =>
2024-01-26 15:21:37.459340   Set timeout = 30
2024-01-26 15:21:37.459356   Wait until load page with special title =>
2024-01-26 15:21:37.461872   => Page with title "Trading Platform | Capital.com" is loaded
2024-01-26 15:21:37.461893   Is present LOGO on this page? =>
2024-01-26 15:21:38.851915   => LOGO is visible on this page
2024-01-26 15:21:38.852009   -> "Capital.com" logo is present on trading platform page

2024-01-26 15:21:40.024305   Start DeAuthorisation
2024-01-26 15:21:40.024434   1. BUTTON_MY_ACCOUNT is present? =>
2024-01-26 15:21:40.037183   => BUTTON_MY_ACCOUNT is present on this page
2024-01-26 15:21:41.336108   => Move to BUTTON_MY_ACCOUNT
2024-01-26 15:21:41.336157   2. BUTTON_MY_ACCOUNT is clickable? =>
2024-01-26 15:21:41.358410   => BUTTON_MY_ACCOUNT is clickable
2024-01-26 15:21:41.358443   BUTTON_MY_ACCOUNT Click =>
2024-01-26 15:21:42.196379   => User panel [My account] is opened

2024-01-26 15:21:42.196617   Start Click [Logout] button:
2024-01-26 15:21:42.196636   BUTTON_LOGOUT is present? =>
2024-01-26 15:21:42.208672   => BUTTON_LOGOUT is present
2024-01-26 15:21:42.208706   Is visible BUTTON_LOGOUT? =>
2024-01-26 15:21:42.222646   BUTTON_LOGOUT is clickable? =>
2024-01-26 15:21:42.235583   BUTTON_LOGOUT click =>
2024-01-26 15:21:42.290668   => BUTTON_LOGOUT is clicked

2024-01-26 15:21:42.290796   Current role: NoAuth

2024-01-26 15:21:42.290809   Prev language: ?

2024-01-26 15:21:42.290818   Run preconditions: set "de" language =>


2024-01-26 15:21:42.321343   => Language and Country menu is present


2024-01-26 15:21:42.335490   => Language and Country menu is visible


2024-01-26 15:21:44.118865   => Focus is moved on Language and Country menu 

2024-01-26 15:21:45.791248   => Current language: de

2024-01-26 15:21:45.791288   Prev country: ?

2024-01-26 15:21:45.791298   Run preconditions: set "gb" country =>


2024-01-26 15:21:45.799262   => Language and Country menu is present


2024-01-26 15:21:45.810066   => Language and Country menu is visible


2024-01-26 15:21:47.587294   => Focus is moved on Language and Country menu 

2024-01-26 15:21:49.706485   => Current country: gb

2024-01-26 15:21:49.706526   => THE END PRECONDITIONS

2024-01-26 15:21:49.706686   1. Cur URL = https://capital.com/de?country=gb

2024-01-26 15:21:49.709125   2. Link = https://capital.com/de
2024-01-26 15:21:50.237823   Load page https://capital.com/de
2024-01-26 15:21:50.752213   => Education menu is present
2024-01-26 15:21:50.769093   => Education menu is visible
2024-01-26 15:21:52.051075   => Education menu focus moved


2024-01-26 15:21:54.004433   => Forex trading sub-menu clicked

2024-01-26 15:21:54.009434   3. Cur URL = https://capital.com/de/waehrungshandel

2024-01-26 15:21:54.088967   1. Arrange_v0
2024-01-26 15:21:54.104550   BUTTON_START_TRADING scroll =>
2024-01-26 15:21:54.110412   BUTTON_START_TRADING is visible? =>
2024-01-26 15:21:54.134592   => BUTTON_START_TRADING is visible on the page!

2024-01-26 15:21:54.134761   2. Act_v0
2024-01-26 15:21:54.134776   Start Click button [Start Trading] =>
2024-01-26 15:21:54.141116   BUTTON_START_TRADING is clickable? =>
2024-01-26 15:21:54.156269   BUTTON_START_TRADING click =>
2024-01-26 15:21:54.303730   => BUTTON_START_TRADING clicked

2024-01-26 15:21:54.304019   3. Assert_Login_v0
2024-01-26 15:21:54.304110   Check that 'Login' form is opened
2024-01-26 15:21:59.834583   'Login' form not opened
2024-01-26 15:21:59.837321   'Login' page not opened
2024-01-26 15:22:05.363362   'Login' form on trading platform not opened
2024-01-26 15:22:05.363543   Start step Check that [Sign up] form is opened
2024-01-26 15:22:05.377867   'Sign up' form opened
2024-01-26 15:22:05.377889   Assert SIGNUP_HEADER =>
2024-01-26 15:22:05.391152   Assert SIGNUP_REF_LOGIN =>
2024-01-26 15:22:05.404844   Assert SIGNUP_PRIVACY_POLICY_ALL_2 =>
2024-01-26 15:22:05.417711   => SIGNUP_PRIVACY_POLICY_ALL
2024-01-26 15:22:05.417733   => 'Signup' form is checked

Bug: Bid:11.02.04.00_01-de.gb.NoAuth

2024-01-26 15:22:05.417786   Проверка бага в таблице ретеста  =>

2024-01-26 15:22:05.423318   4. Fixing one row check results into Google Sheet Bugs Report =>
1 cells updated.
2024-01-26 15:22:05.830712   => 4. One row check results into Google Sheet Bugs Report fixed

2024-01-26 15:22:06.406090   4. Fixing one row check results into Google Sheet Bugs Report =>
1 cells updated.
2024-01-26 15:22:06.609717   => 4. One row check results into Google Sheet Bugs Report fixed

2024-01-26 15:22:06.609799   Bug: Bid:11.02.04.00_01-de.gb.NoAuth уже существует, но тип бага изменился с 23/01/24 на 05

2024-01-26 15:22:06.610258   Bug: Bid:11.02.04.00_01-de.gb.NoAuth-05 уже существует

2024-01-26 15:22:06.610434   4. Fixing one row check results into Google Sheet Bugs Report =>
1 cells updated.
2024-01-26 15:22:06.927796   => 4. One row check results into Google Sheet Bugs Report fixed
------------------------------ Captured log call -------------------------------
2024-01-26 15:21:59 ERROR Elements not present after 0.5 seconds on page: https://capital.com/de/waehrungshandel
2024-01-26 15:21:59 ERROR 
Traceback (most recent call last):
  File "/home/runner/work/SeleniumCapital/SeleniumCapital/pages/base_page.py", line 82, in inner_function
    return func(*args, **kwargs)
           ^^^^^^^^^^^^^^^^^^^^^
  File "/home/runner/work/SeleniumCapital/SeleniumCapital/pages/base_page.py", line 293, in element_is_visible
    return Wait(self.browser, timeout).until(
           ^^^^^^^^^^^^^^^^^^^^^^^^^^^^^^^^^^
  File "/home/runner/.cache/pypoetry/virtualenvs/testcapitalcompyse-cIj6ROMf-py3.11/lib/python3.11/site-packages/selenium/webdriver/support/wait.py", line 105, in until
    raise TimeoutException(message, screen, stacktrace)
selenium.common.exceptions.TimeoutException: Message: 
Stacktrace:
#0 0x5561aa58ff83 <unknown>
#1 0x5561aa248cf7 <unknown>
#2 0x5561aa29899e <unknown>
#3 0x5561aa298aa1 <unknown>
#4 0x5561aa2e3d64 <unknown>
#5 0x5561aa2c20dd <unknown>
#6 0x5561aa2e1006 <unknown>
#7 0x5561aa2c1e53 <unknown>
#8 0x5561aa289dd4 <unknown>
#9 0x5561aa28b1de <unknown>
#10 0x5561aa554531 <unknown>
#11 0x5561aa558455 <unknown>
#12 0x5561aa540f55 <unknown>
#13 0x5561aa5590ef <unknown>
#14 0x5561aa52499f <unknown>
#15 0x5561aa57d008 <unknown>
#16 0x5561aa57d1d7 <unknown>
#17 0x5561aa58f124 <unknown>
#18 0x7f4454a94ac3 <unknown>

2024-01-26 15:22:05 ERROR Elements not present after 0.5 seconds on page: https://capital.com/de/waehrungshandel
2024-01-26 15:22:05 ERROR 
Traceback (most recent call last):
  File "/home/runner/work/SeleniumCapital/SeleniumCapital/pages/base_page.py", line 82, in inner_function
    return func(*args, **kwargs)
           ^^^^^^^^^^^^^^^^^^^^^
  File "/home/runner/work/SeleniumCapital/SeleniumCapital/pages/base_page.py", line 293, in element_is_visible
    return Wait(self.browser, timeout).until(
           ^^^^^^^^^^^^^^^^^^^^^^^^^^^^^^^^^^
  File "/home/runner/.cache/pypoetry/virtualenvs/testcapitalcompyse-cIj6ROMf-py3.11/lib/python3.11/site-packages/selenium/webdriver/support/wait.py", line 105, in until
    raise TimeoutException(message, screen, stacktrace)
selenium.common.exceptions.TimeoutException: Message: 
Stacktrace:
#0 0x5561aa58ff83 <unknown>
#1 0x5561aa248cf7 <unknown>
#2 0x5561aa29899e <unknown>
#3 0x5561aa298aa1 <unknown>
#4 0x5561aa2e3d64 <unknown>
#5 0x5561aa2c20dd <unknown>
#6 0x5561aa2e1006 <unknown>
#7 0x5561aa2c1e53 <unknown>
#8 0x5561aa289dd4 <unknown>
#9 0x5561aa28b1de <unknown>
#10 0x5561aa554531 <unknown>
#11 0x5561aa558455 <unknown>
#12 0x5561aa540f55 <unknown>
#13 0x5561aa5590ef <unknown>
#14 0x5561aa52499f <unknown>
#15 0x5561aa57d008 <unknown>
#16 0x5561aa57d1d7 <unknown>
#17 0x5561aa58f124 <unknown>
#18 0x7f4454a94ac3 <unknown>
--------------------------- Captured stdout teardown ---------------------------

2024-01-26 15:22:07.266792   *** end fixture Browser = teardown ***

=============================== warnings summary ===============================
tests/US_11_Education/US_11-02-04_Forex_trading/US_11-02-04-00_Forex_trading_test.py::TestForexTradingMainPage::test_01_main_banner_start_trading_button[Chrome--ae-NoAuth-aqa.tomelo.an@gmail.com-iT9Vgqi6d$fiZ*Z]
  /home/runner/.cache/pypoetry/virtualenvs/testcapitalcompyse-cIj6ROMf-py3.11/lib/python3.11/site-packages/pytest_html/plugin.py:133: DeprecationWarning: The 'report.extra' attribute is deprecated and will be removed in a future release, use 'report.extras' instead.
    warnings.warn(

-- Docs: https://docs.pytest.org/en/stable/how-to/capture-warnings.html
- Generated html report: file:///home/runner/work/SeleniumCapital/SeleniumCapital/report/report.html -
=========================== short test summary info ============================
FAILED tests/US_11_Education/US_11-02-04_Forex_trading/US_11-02-04-00_Forex_trading_test.py::TestForexTradingMainPage::test_01_main_banner_start_trading_button[Chrome--ae-NoAuth-aqa.tomelo.an@gmail.com-iT9Vgqi6d$fiZ*Z] - AssertionError: Bug # 05. Opened a 'Sign up' form instead of a 'Login'
================= 1 failed, 6 deselected, 1 warning in 49.91s ==================

2024-01-26 15:22:07.352315   => Текущий тест: 1 failed

2024-01-26 15:22:07.353343   => 3. check_results finished

2024-01-26 15:22:07.353482   4. Fixing one row check results into Google Sheet Bugs Report =>
1 cells updated.
2024-01-26 15:22:07.530994   => 4. One row check results into Google Sheet Bugs Report fixed
