


2024-01-26 15:37:15.208784   0. Get Values row =>
2024-01-26 15:37:15.208877   Row # = 537
2024-01-26 15:37:15.208895   Row Values = 
['Bid:11.02.02.01_01-de.gb.NoAuth', 'Ubuntu 22.04', 'Chrome', '11.02.02.01', '_01', 'de', 'gb', 'FCA', 'NoAuth', 'https://capital.com/de/trade-netflix', 'Education', 'Shares trading / child', 'On Main banner click Button [Start Trading]', 'On Main banner click Button [Start Trading]', '', '05', "Bug # 05. Opened a 'Sign up' form instead of a 'Login'", '', '', '', '23/01/24', 'failed']

2024-01-26 15:37:15.209041   1. Run pretest =>

2024-01-26 15:37:15.209063   row_loc = 
['Bid:11.02.02.01_01-de.gb.NoAuth', 'Ubuntu 22.04', 'Chrome', '11.02.02.01', '_01', 'de', 'gb', 'FCA', 'NoAuth', 'https://capital.com/de/trade-netflix', 'Education', 'Shares trading / child', 'On Main banner click Button [Start Trading]', 'On Main banner click Button [Start Trading]', '', '05', "Bug # 05. Opened a 'Sign up' form instead of a 'Login'", '', '', '', '23/01/24', 'failed']

2024-01-26 15:37:15.209087   => 1. Pretest finished

2024-01-26 15:37:15.209241   2. Run run_pytest with Bid = Bid:11.02.02.01_01-de.gb.NoAuth from row =>

2024-01-26 15:37:15.209264   2.2. Run poetry run pytest ... in subprocess =>

2024-01-26 15:37:15.209278   Run command: 
poetry run pytest --retest=True --browser_name=Chrome --lang=de --country=gb --role=NoAuth --tpi_link=https://capital.com/de/trade-netflix -m test_01 -v \tests/US_11_Education/US_11-02-02_Shares_trading/US_11-02-02-01_Shares_trading_test.py

2024-01-26 15:38:04.314666   => 2.2. pytest ... as subprocess finished

2024-01-26 15:38:04.314717   => 2. Autotest with Bid = Bid:11.02.02.01_01-de.gb.NoAuth from row finished

2024-01-26 15:38:04.314796   3. Run check_results =>
2024-01-26 15:38:04.314818   test_results: 
============================= test session starts ==============================
platform linux -- Python 3.11.7, pytest-7.4.4, pluggy-1.3.0 -- /home/runner/.cache/pypoetry/virtualenvs/testcapitalcompyse-cIj6ROMf-py3.11/bin/python
cachedir: .pytest_cache
metadata: {'Python': '3.11.7', 'Platform': 'Linux-6.2.0-1018-azure-x86_64-with-glibc2.35', 'Packages': {'pytest': '7.4.4', 'pluggy': '1.3.0'}, 'Plugins': {'metadata': '3.0.0', 'timeout': '2.2.0', 'html': '4.1.1', 'xdist': '3.5.0', 'allure-pytest': '2.13.2'}, 'CI': 'true', 'JAVA_HOME': '/usr/lib/jvm/temurin-11-jdk-amd64'}
rootdir: /home/runner/work/SeleniumCapital/SeleniumCapital
configfile: pytest.ini
plugins: metadata-3.0.0, timeout-2.2.0, html-4.1.1, xdist-3.5.0, allure-pytest-2.13.2
collecting ... collected 10 items / 9 deselected / 1 selected

tests/US_11_Education/US_11-02-02_Shares_trading/US_11-02-02-01_Shares_trading_test.py::TestSharesTradingItems::test_01_main_banner_start_trading_button[https://capital.com/de/trade-netflix-Chrome--ae-NoAuth-aqa.tomelo.an@gmail.com-iT9Vgqi6d$fiZ*Z] FAILED [100%]

=================================== FAILURES ===================================
_ TestSharesTradingItems.test_01_main_banner_start_trading_button[https://capital.com/de/trade-netflix-Chrome--ae-NoAuth-aqa.tomelo.an@gmail.com-iT9Vgqi6d$fiZ*Z] _

self = <US_11-02-02-01_Shares_trading_test.TestSharesTradingItems object at 0x7fc078a4d950>
worker_id = 'master'
d = <selenium.webdriver.chrome.webdriver.WebDriver (session="95faa90bb648edb2ae4d90e6ac47cbb2")>
cur_language = 'de', cur_country = 'gb', cur_role = 'NoAuth'
cur_login = 'aqa.tomelo.an@gmail.com', cur_password = 'iT9Vgqi6d$fiZ*Z'
cur_item_link = 'https://capital.com/de/trade-netflix'

    @allure.step("Start test of button [Start trading] on Main banner")
    # @pytest.mark.skip(reason="Skipped for debugging")
    @pytest.mark.test_01
    def test_01_main_banner_start_trading_button(
            self, worker_id, d, cur_language, cur_country, cur_role, cur_login, cur_password,
            cur_item_link):
        """
        Check: Button [Start Trading] on Main banner
        Language: All (Except: EL, HU, NL). License: All.
        """
        bid = build_dynamic_arg_v4(
            d, worker_id, cur_language, cur_country, cur_role,
            "11.02.02", "Education > Menu item [Shares trading]",
            ".01_01", "Testing button [Start Trading] on Main banner")
    
        check_language(cur_language)
    
        page_conditions = Conditions(d, "")
        page_conditions.arrange_0()
        page_conditions.preconditions(
            d, CapitalComPageSrc.URL, "", cur_language, cur_country, cur_role, cur_login, cur_password)
    
        test_element = MainBannerStartTrading(d, cur_item_link, bid)
>       test_element.full_test_with_tpi(d, cur_language, cur_country, cur_role, cur_item_link)

tests/US_11_Education/US_11-02-02_Shares_trading/US_11-02-02-01_Shares_trading_test.py:74: 
_ _ _ _ _ _ _ _ _ _ _ _ _ _ _ _ _ _ _ _ _ _ _ _ _ _ _ _ _ _ _ _ _ _ _ _ _ _ _ _ 
pages/Elements/ButtonStartTradingMainBanner.py:28: in full_test_with_tpi
    test_element.assert_login(d, cur_language, cur_item_link)
_ _ _ _ _ _ _ _ _ _ _ _ _ _ _ _ _ _ _ _ _ _ _ _ _ _ _ _ _ _ _ _ _ _ _ _ _ _ _ _ 

self = <pages.Elements.AssertClass.AssertClass object at 0x7fc078aaed90>
d = <selenium.webdriver.chrome.webdriver.WebDriver (session="95faa90bb648edb2ae4d90e6ac47cbb2")>
cur_language = 'de', cur_link = 'https://capital.com/de/trade-netflix'

    @allure.step('Checking that "Login" form or page opened')
    def assert_login(self, d, cur_language, cur_link):
        """Method Assert Login form or page"""
        print(f"\n{datetime.now()}   3. Assert_Login_v0")
        self.page_signup_login = SignupLogin(d, cur_link)
        if self.page_signup_login.should_be_login_form():
            self.page_signup_login.close_login_form()
            del self.page_signup_login
        elif self.page_signup_login.should_be_login_page():
            self.page_signup_login.close_login_page()
            del self.page_signup_login
        elif self.page_signup_login.should_be_trading_platform_login_form(cur_language):
            self.page_signup_login.close_trading_platform_login_form()
            del self.page_signup_login
        elif self.page_signup_login.should_be_signup_form(cur_language):
            del self.page_signup_login
            print(f'\nBug: {self.bid}')
            retest_table_fill(self.bid, '05', self.link)
>           assert False, "Bug # 05. Opened a 'Sign up' form instead of a 'Login'"
E           AssertionError: Bug # 05. Opened a 'Sign up' form instead of a 'Login'

pages/Elements/AssertClass.py:69: AssertionError
---------------------------- Captured stdout setup -----------------------------

2024-01-26 15:37:16.330106   *** autouse fixture Chrome ***

{'width': 1280, 'height': 720}
Current test language - de
Current country of trading - gb



Current test role - NoAuth
Current login - aqa.tomelo.an@gmail.com
Current login - iT9Vgqi6d$fiZ*Z
----------------------------- Captured stdout call -----------------------------
{'width': 1280, 'height': 720}

2024-01-26 15:37:17.372049   worker_id = master

2024-01-26 15:37:17.372066   0. Allure grouping v4

2024-01-26 15:37:17.372222   0. Arrange_0
2024-01-26 15:37:18.831841   Load page https://capital.com


2024-01-26 15:37:18.832158   START PRECONDITIONS =>

2024-01-26 15:37:19.406001   Load page https://capital.com

2024-01-26 15:37:19.406048   {'width': 1280, 'height': 720}

2024-01-26 15:37:19.427261   Set windows position at (0, 0) =>

2024-01-26 15:37:19.544330   Set resolution 1280 * 720 =>

2024-01-26 15:37:19.650870   => Resolution seted {'width': 1280, 'height': 720}

2024-01-26 15:37:24.699294   Капчи нет. Тестим дальше

2024-01-26 15:37:24.699390   Prev. Role: ?

2024-01-26 15:37:24.699405   Run preconditions: set "NoAuth" Role =>
2024-01-26 15:37:25.336760   Load page https://capital.com

2024-01-26 15:37:25.479071   => All cookies are deleted
2024-01-26 15:37:26.321746   Load page https://capital.com

2024-01-26 15:37:26.322000   Step 'Click button [Accept all cookies]'
2024-01-26 15:37:31.373844   Is Visible Button [Accept all cookies]? =>
2024-01-26 15:37:31.397511   => Button [Accept all cookies] is visible
2024-01-26 15:37:32.397646   Is clickable Button [Accept all cookies] =>
2024-01-26 15:37:32.435089   => Button [Accept all cookies] is clickable
2024-01-26 15:37:32.435126   Click Button [Accept all cookies] =>
2024-01-26 15:37:32.515733   => Button [Accept all cookies] is clicked
2024-01-26 15:37:32.515778   => Accepted All Cookies

2024-01-26 15:37:33.017134   Start Autorization

2024-01-26 15:37:33.017338   2. Act
2024-01-26 15:37:33.017362   Start Click button [Log in] =>
2024-01-26 15:37:33.058960   BUTTON_LOGIN scroll =>
2024-01-26 15:37:33.081042   Is BUTTON_LOGIN clickable? =>
2024-01-26 15:37:33.116394   => BUTTON_LOGIN is clickable
2024-01-26 15:37:33.116439   BUTTON_LOGIN click =>
2024-01-26 15:37:33.234596   => BUTTON_LOGIN is clicked!
2024-01-26 15:37:33.234689   => 'Login' form is opened
2024-01-26 15:37:33.898179   => "login" and "password" are inputted
2024-01-26 15:37:33.898221   Click [Continue] button on [Login] form =>
2024-01-26 15:37:33.985822   => [Continue] button on [Login] form is clicked
2024-01-26 15:37:36.881425   Start check that the Trading platform page is loaded and LOGO is present on it =>
2024-01-26 15:37:36.881468   Set timeout = 30
2024-01-26 15:37:36.881493   Wait until load page with special title =>
2024-01-26 15:37:36.887730   => Page with title "Trading Platform | Capital.com" is loaded
2024-01-26 15:37:36.887765   Is present LOGO on this page? =>
2024-01-26 15:37:38.331646   => LOGO is visible on this page
2024-01-26 15:37:38.331731   -> "Capital.com" logo is present on trading platform page

2024-01-26 15:37:39.414012   Start DeAuthorisation
2024-01-26 15:37:39.414130   1. BUTTON_MY_ACCOUNT is present? =>
2024-01-26 15:37:39.497517   => BUTTON_MY_ACCOUNT is present on this page
2024-01-26 15:37:40.779902   => Move to BUTTON_MY_ACCOUNT
2024-01-26 15:37:40.779958   2. BUTTON_MY_ACCOUNT is clickable? =>
2024-01-26 15:37:40.818181   => BUTTON_MY_ACCOUNT is clickable
2024-01-26 15:37:40.818232   BUTTON_MY_ACCOUNT Click =>
2024-01-26 15:37:41.674239   => User panel [My account] is opened

2024-01-26 15:37:41.674490   Start Click [Logout] button:
2024-01-26 15:37:41.674509   BUTTON_LOGOUT is present? =>
2024-01-26 15:37:41.686060   => BUTTON_LOGOUT is present
2024-01-26 15:37:41.686099   Is visible BUTTON_LOGOUT? =>
2024-01-26 15:37:41.700590   BUTTON_LOGOUT is clickable? =>
2024-01-26 15:37:41.714483   BUTTON_LOGOUT click =>
2024-01-26 15:37:41.757052   => BUTTON_LOGOUT is clicked

2024-01-26 15:37:41.757157   Current role: NoAuth

2024-01-26 15:37:41.757170   Prev language: ?

2024-01-26 15:37:41.757178   Run preconditions: set "de" language =>


2024-01-26 15:37:41.801378   => Language and Country menu is present


2024-01-26 15:37:41.816637   => Language and Country menu is visible


2024-01-26 15:37:43.595982   => Focus is moved on Language and Country menu 

2024-01-26 15:37:45.250740   => Current language: de

2024-01-26 15:37:45.250791   Prev country: ?

2024-01-26 15:37:45.250802   Run preconditions: set "gb" country =>


2024-01-26 15:37:45.281602   => Language and Country menu is present


2024-01-26 15:37:45.302142   => Language and Country menu is visible


2024-01-26 15:37:47.079873   => Focus is moved on Language and Country menu 

2024-01-26 15:37:49.223074   => Current country: gb

2024-01-26 15:37:49.223113   => THE END PRECONDITIONS

2024-01-26 15:37:49.223147   1. Arrange_v0
2024-01-26 15:37:50.100641   Load page https://capital.com/de/trade-netflix
2024-01-26 15:37:50.195826   BUTTON_START_TRADING scroll =>
2024-01-26 15:37:50.199724   BUTTON_START_TRADING is visible? =>
2024-01-26 15:37:50.271165   => BUTTON_START_TRADING is visible on the page!

2024-01-26 15:37:50.271376   2. Act_v0
2024-01-26 15:37:50.271394   Start Click button [Start Trading] =>
2024-01-26 15:37:50.285211   BUTTON_START_TRADING is clickable? =>
2024-01-26 15:37:50.314318   BUTTON_START_TRADING click =>
2024-01-26 15:37:50.420446   => BUTTON_START_TRADING clicked

2024-01-26 15:37:50.420749   3. Assert_Login_v0
2024-01-26 15:37:50.420859   Check that 'Login' form is opened
2024-01-26 15:37:55.981117   'Login' form not opened
2024-01-26 15:37:55.983885   'Login' page not opened
2024-01-26 15:38:01.499649   'Login' form on trading platform not opened
2024-01-26 15:38:01.499830   Start step Check that [Sign up] form is opened
2024-01-26 15:38:01.514881   'Sign up' form opened
2024-01-26 15:38:01.514916   Assert SIGNUP_HEADER =>
2024-01-26 15:38:01.528757   Assert SIGNUP_REF_LOGIN =>
2024-01-26 15:38:01.544876   Assert SIGNUP_PRIVACY_POLICY_ALL_2 =>
2024-01-26 15:38:01.561426   => SIGNUP_PRIVACY_POLICY_ALL
2024-01-26 15:38:01.561469   => 'Signup' form is checked

Bug: Bid:11.02.02.01_01-de.gb.NoAuth

2024-01-26 15:38:01.561564   Проверка бага в таблице ретеста  =>

2024-01-26 15:38:01.567672   4. Fixing one row check results into Google Sheet Bugs Report =>
1 cells updated.
2024-01-26 15:38:02.127528   => 4. One row check results into Google Sheet Bugs Report fixed

2024-01-26 15:38:02.883173   4. Fixing one row check results into Google Sheet Bugs Report =>
1 cells updated.
2024-01-26 15:38:03.215247   => 4. One row check results into Google Sheet Bugs Report fixed

2024-01-26 15:38:03.215322   Bug: Bid:11.02.02.01_01-de.gb.NoAuth уже существует, но тип бага изменился с 23/01/24 на 05

2024-01-26 15:38:03.215721   Bug: Bid:11.02.02.01_01-de.gb.NoAuth-05 уже существует

2024-01-26 15:38:03.215869   4. Fixing one row check results into Google Sheet Bugs Report =>
1 cells updated.
2024-01-26 15:38:03.700288   => 4. One row check results into Google Sheet Bugs Report fixed
------------------------------ Captured log call -------------------------------
2024-01-26 15:37:55 ERROR Elements not present after 0.5 seconds on page: https://capital.com/de/trade-netflix
2024-01-26 15:37:55 ERROR 
Traceback (most recent call last):
  File "/home/runner/work/SeleniumCapital/SeleniumCapital/pages/base_page.py", line 82, in inner_function
    return func(*args, **kwargs)
           ^^^^^^^^^^^^^^^^^^^^^
  File "/home/runner/work/SeleniumCapital/SeleniumCapital/pages/base_page.py", line 293, in element_is_visible
    return Wait(self.browser, timeout).until(
           ^^^^^^^^^^^^^^^^^^^^^^^^^^^^^^^^^^
  File "/home/runner/.cache/pypoetry/virtualenvs/testcapitalcompyse-cIj6ROMf-py3.11/lib/python3.11/site-packages/selenium/webdriver/support/wait.py", line 105, in until
    raise TimeoutException(message, screen, stacktrace)
selenium.common.exceptions.TimeoutException: Message: 
Stacktrace:
#0 0x561900abff83 <unknown>
#1 0x561900778cf7 <unknown>
#2 0x5619007c899e <unknown>
#3 0x5619007c8aa1 <unknown>
#4 0x561900813d64 <unknown>
#5 0x5619007f20dd <unknown>
#6 0x561900811006 <unknown>
#7 0x5619007f1e53 <unknown>
#8 0x5619007b9dd4 <unknown>
#9 0x5619007bb1de <unknown>
#10 0x561900a84531 <unknown>
#11 0x561900a88455 <unknown>
#12 0x561900a70f55 <unknown>
#13 0x561900a890ef <unknown>
#14 0x561900a5499f <unknown>
#15 0x561900aad008 <unknown>
#16 0x561900aad1d7 <unknown>
#17 0x561900abf124 <unknown>
#18 0x7fea73c94ac3 <unknown>

2024-01-26 15:38:01 ERROR Elements not present after 0.5 seconds on page: https://capital.com/de/trade-netflix
2024-01-26 15:38:01 ERROR 
Traceback (most recent call last):
  File "/home/runner/work/SeleniumCapital/SeleniumCapital/pages/base_page.py", line 82, in inner_function
    return func(*args, **kwargs)
           ^^^^^^^^^^^^^^^^^^^^^
  File "/home/runner/work/SeleniumCapital/SeleniumCapital/pages/base_page.py", line 293, in element_is_visible
    return Wait(self.browser, timeout).until(
           ^^^^^^^^^^^^^^^^^^^^^^^^^^^^^^^^^^
  File "/home/runner/.cache/pypoetry/virtualenvs/testcapitalcompyse-cIj6ROMf-py3.11/lib/python3.11/site-packages/selenium/webdriver/support/wait.py", line 105, in until
    raise TimeoutException(message, screen, stacktrace)
selenium.common.exceptions.TimeoutException: Message: 
Stacktrace:
#0 0x561900abff83 <unknown>
#1 0x561900778cf7 <unknown>
#2 0x5619007c899e <unknown>
#3 0x5619007c8aa1 <unknown>
#4 0x561900813d64 <unknown>
#5 0x5619007f20dd <unknown>
#6 0x561900811006 <unknown>
#7 0x5619007f1e53 <unknown>
#8 0x5619007b9dd4 <unknown>
#9 0x5619007bb1de <unknown>
#10 0x561900a84531 <unknown>
#11 0x561900a88455 <unknown>
#12 0x561900a70f55 <unknown>
#13 0x561900a890ef <unknown>
#14 0x561900a5499f <unknown>
#15 0x561900aad008 <unknown>
#16 0x561900aad1d7 <unknown>
#17 0x561900abf124 <unknown>
#18 0x7fea73c94ac3 <unknown>
--------------------------- Captured stdout teardown ---------------------------

2024-01-26 15:38:04.187590   *** end fixture Browser = teardown ***

=============================== warnings summary ===============================
tests/US_11_Education/US_11-02-02_Shares_trading/US_11-02-02-01_Shares_trading_test.py::TestSharesTradingItems::test_01_main_banner_start_trading_button[https://capital.com/de/trade-netflix-Chrome--ae-NoAuth-aqa.tomelo.an@gmail.com-iT9Vgqi6d$fiZ*Z]
  /home/runner/.cache/pypoetry/virtualenvs/testcapitalcompyse-cIj6ROMf-py3.11/lib/python3.11/site-packages/pytest_html/plugin.py:133: DeprecationWarning: The 'report.extra' attribute is deprecated and will be removed in a future release, use 'report.extras' instead.
    warnings.warn(

-- Docs: https://docs.pytest.org/en/stable/how-to/capture-warnings.html
- Generated html report: file:///home/runner/work/SeleniumCapital/SeleniumCapital/report/report.html -
=========================== short test summary info ============================
FAILED tests/US_11_Education/US_11-02-02_Shares_trading/US_11-02-02-01_Shares_trading_test.py::TestSharesTradingItems::test_01_main_banner_start_trading_button[https://capital.com/de/trade-netflix-Chrome--ae-NoAuth-aqa.tomelo.an@gmail.com-iT9Vgqi6d$fiZ*Z] - AssertionError: Bug # 05. Opened a 'Sign up' form instead of a 'Login'
================= 1 failed, 9 deselected, 1 warning in 48.08s ==================

2024-01-26 15:38:04.315221   => Текущий тест: 1 failed

2024-01-26 15:38:04.316220   => 3. check_results finished

2024-01-26 15:38:04.316363   4. Fixing one row check results into Google Sheet Bugs Report =>
1 cells updated.
2024-01-26 15:38:04.492579   => 4. One row check results into Google Sheet Bugs Report fixed
