


2024-01-26 16:07:14.544567   0. Get Values row =>
2024-01-26 16:07:14.544598   Row # = 1381
2024-01-26 16:07:14.544608   Row Values = 
['Bid:11.01.05.00_01-es.gb.Auth', 'Ubuntu 22.04', 'Chrome', '11.01.05.00', '_01', 'es', 'gb', 'FCA', 'Auth', '', 'Education', 'Trading courses', 'On Main banner click Button [Start Trading]', 'On Main banner click Button [Start Trading]', '', '10', 'Bug # 10. Loaded page with {cur_url} url, but expected the Trading platform in Live mode(timeout=30c)', '', '', '', '15/01/24', 'failed']

2024-01-26 16:07:14.544698   1. Run pretest =>

2024-01-26 16:07:14.544711   row_loc = 
['Bid:11.01.05.00_01-es.gb.Auth', 'Ubuntu 22.04', 'Chrome', '11.01.05.00', '_01', 'es', 'gb', 'FCA', 'Auth', '', 'Education', 'Trading courses', 'On Main banner click Button [Start Trading]', 'On Main banner click Button [Start Trading]', '', '10', 'Bug # 10. Loaded page with {cur_url} url, but expected the Trading platform in Live mode(timeout=30c)', '', '', '', '15/01/24', 'failed']

2024-01-26 16:07:14.544726   => 1. Pretest finished

2024-01-26 16:07:14.544792   2. Run run_pytest with Bid = Bid:11.01.05.00_01-es.gb.Auth from row =>

2024-01-26 16:07:14.544804   2.2. Run poetry run pytest ... in subprocess =>

2024-01-26 16:07:14.544816   Run command: 
poetry run pytest --retest=True --browser_name=Chrome --lang=es --country=gb --role=Auth -m test_01 -v \tests/US_11_Education/US_11-01-05_Trading_courses/US_11-01-05-00_Trading_courses_test.py

2024-01-26 16:08:03.007464   => 2.2. pytest ... as subprocess finished

2024-01-26 16:08:03.007508   => 2. Autotest with Bid = Bid:11.01.05.00_01-es.gb.Auth from row finished

2024-01-26 16:08:03.007574   3. Run check_results =>
2024-01-26 16:08:03.007595   test_results: 
============================= test session starts ==============================
platform linux -- Python 3.11.7, pytest-7.4.4, pluggy-1.3.0 -- /home/runner/.cache/pypoetry/virtualenvs/testcapitalcompyse-cIj6ROMf-py3.11/bin/python
cachedir: .pytest_cache
metadata: {'Python': '3.11.7', 'Platform': 'Linux-6.2.0-1018-azure-x86_64-with-glibc2.35', 'Packages': {'pytest': '7.4.4', 'pluggy': '1.3.0'}, 'Plugins': {'metadata': '3.0.0', 'timeout': '2.2.0', 'html': '4.1.1', 'xdist': '3.5.0', 'allure-pytest': '2.13.2'}, 'CI': 'true', 'JAVA_HOME': '/usr/lib/jvm/temurin-11-jdk-amd64'}
rootdir: /home/runner/work/SeleniumCapital/SeleniumCapital
configfile: pytest.ini
plugins: metadata-3.0.0, timeout-2.2.0, html-4.1.1, xdist-3.5.0, allure-pytest-2.13.2
collecting ... collected 3 items / 2 deselected / 1 selected

tests/US_11_Education/US_11-01-05_Trading_courses/US_11-01-05-00_Trading_courses_test.py::TestTradingCourses::test_01_create_account_button[Chrome--ae-Auth-aqa.tomelo.an@gmail.com-iT9Vgqi6d$fiZ*Z] FAILED [100%]

=================================== FAILURES ===================================
_ TestTradingCourses.test_01_create_account_button[Chrome--ae-Auth-aqa.tomelo.an@gmail.com-iT9Vgqi6d$fiZ*Z] _

self = <US_11-01-05-00_Trading_courses_test.TestTradingCourses object at 0x7fece3758350>
worker_id = 'master'
d = <selenium.webdriver.chrome.webdriver.WebDriver (session="e41e1a78dcd4b057e086c71bc4764a08")>
cur_language = 'es', cur_country = 'gb', cur_role = 'Auth'
cur_login = 'aqa.tomelo.an@gmail.com', cur_password = 'iT9Vgqi6d$fiZ*Z'

    @allure.step("Start test_11.01.05_01 button [Create account] in the block 'Our courses'.")
    @pytest.mark.test_01
    def test_01_create_account_button(
            self, worker_id, d, cur_language, cur_country, cur_role, cur_login, cur_password):
        """
        Check: Block 'Our courses' -> button [Create account]
        Language: All. License: All. Role: All
        """
        bid = build_dynamic_arg_v4(
            d, worker_id, cur_language, cur_country, cur_role,
            "11.01.05", "Education > Menu Item [Trading courses]",
            ".00_01", "Testing button [Create account] in block [Our courses]")
    
        Common().skip_if_eng_lang_and_fca_license(cur_language, cur_country)
    
        if cur_language in ["ar"]:
            Common().skip_test_for_language(cur_language)
    
        page_conditions = Conditions(d, "")
        link = page_conditions.preconditions(
            d, CapitalComPageSrc.URL, "", cur_language, cur_country, cur_role, cur_login, cur_password)
    
        page_menu = MenuSection(d, link)
        page_menu.menu_education_move_focus(d, cur_language, cur_country)
        link = page_menu.sub_menu_trading_courses_move_focus_click(d, cur_language)
    
        test_element = ButtonCreateAccountBlockOurCourses(d, link, bid)
>       test_element.full_test(d, cur_language, cur_country, cur_role, link)

tests/US_11_Education/US_11-01-05_Trading_courses/US_11-01-05-00_Trading_courses_test.py:55: 
_ _ _ _ _ _ _ _ _ _ _ _ _ _ _ _ _ _ _ _ _ _ _ _ _ _ _ _ _ _ _ _ _ _ _ _ _ _ _ _ 
pages/Elements/ButtonCreateAccountBlockOurCourses.py:28: in full_test
    test_element.assert_trading_platform_v4(d, link)
pages/Elements/AssertClass.py:127: in assert_trading_platform_v4
    self.page_trading.should_be_trading_platform_page_v4(d, cur_link, tpd, tpi, trade_instrument)
_ _ _ _ _ _ _ _ _ _ _ _ _ _ _ _ _ _ _ _ _ _ _ _ _ _ _ _ _ _ _ _ _ _ _ _ _ _ _ _ 

self = <pages.Capital.Trading_platform.trading_platform.TradingPlatform object at 0x7fece34c4410>
d = <selenium.webdriver.chrome.webdriver.WebDriver (session="e41e1a78dcd4b057e086c71bc4764a08")>
cur_link = 'https://capital.com/es/online-finance-courses', tpd = False
tpi = False, trade_instrument = ''

    @allure.step("Checking that the trading platform page has opened - ver 4")
    def should_be_trading_platform_page_v4(self, d, cur_link, tpd, tpi, trade_instrument):
        """
        Check if the trading platform page for the corresponding trade instrument is opened
        Args:
            d: Webdriver
            cur_link: Link in the list of 3 random items and start page of the sidebar
            tpd: open Trade platform in Demo mode (True). Live mode (False)
            tpi: open Trade platform for corresponding trade instrument (False)
            trade_instrument: corresponding trade instrument (False)
        """
        print(f"{datetime.now()}   Checking that the trading platform page has opened (v4) =>")
        platform_url = data["PLATFORM_URL/"]
        cur_url = self.browser.current_url
        # if self.wait_for_target_url(platform_url, 15):
        if self.wait_for_target_url(platform_url, 10):
    
            self.should_be_page_title_v2(data["PAGE_TITLE"])
            self.should_be_platform_logo()
            if tpd:
                self.should_be_platform_demo_mode(d, cur_link)
                print(f"{datetime.now()}   => The page with {cur_url} url was opened in DEMO mode")
            else:
                self.should_be_platform_live_mode(d, cur_link)
                print(f"{datetime.now()}   => The page with {cur_url} url was opened in lIVE mode")
            if tpi:
                print(f"{datetime.now()}   => Opened page with {cur_url} url for corresponding trading"
                      f" instrument '{trade_instrument}'")
                self.should_be_corresponding_trading_instrument(cur_url, trade_instrument)
    
            assert True, 'Trading platform with title "Trading Platform | Capital.com" opened'
            self.open_page()
        else:
            if tpd:
                print(f"{datetime.now()}   => Loaded page {self.browser.current_url} with not {platform_url} url")
                # проверка бага для ретеста
                print(f'\nBug: {self.bid}')
                retest_table_fill(self.bid, '09', self.link)
                assert False, (f"Bug # 9. Loaded page with {cur_url} url, but expected the Trading platform in"
                               f"Demo mode(timeout=15c)")
            else:
                print(f"{datetime.now()}   => Loaded page {self.browser.current_url} with not {platform_url} url")
                # проверка бага для ретеста
                print(f'\nBug: {self.bid}')
                retest_table_fill(self.bid, '10', self.link)
>               assert False, (f"Bug # 10. Loaded page with {cur_url} url, but expected the Trading platform in"
                               f"Live mode(timeout=15c)")
E               AssertionError: Bug # 10. Loaded page with https://capital.com/es/online-finance-courses url, but expected the Trading platform inLive mode(timeout=15c)

pages/Capital/Trading_platform/trading_platform.py:126: AssertionError
---------------------------- Captured stdout setup -----------------------------

2024-01-26 16:07:15.508525   *** autouse fixture Chrome ***

{'width': 1280, 'height': 720}
Current test language - es
Current country of trading - gb



Current test role - Auth
Current login - aqa.tomelo.an@gmail.com
Current login - iT9Vgqi6d$fiZ*Z
----------------------------- Captured stdout call -----------------------------
{'width': 1280, 'height': 720}

2024-01-26 16:07:16.480743   worker_id = master

2024-01-26 16:07:16.480760   0. Allure grouping v4


2024-01-26 16:07:16.480948   START PRECONDITIONS =>

2024-01-26 16:07:18.052193   Load page https://capital.com

2024-01-26 16:07:18.052243   {'width': 1280, 'height': 720}

2024-01-26 16:07:18.063027   Set windows position at (0, 0) =>

2024-01-26 16:07:18.192644   Set resolution 1280 * 720 =>

2024-01-26 16:07:18.299310   => Resolution seted {'width': 1280, 'height': 720}

2024-01-26 16:07:23.350366   Капчи нет. Тестим дальше

2024-01-26 16:07:23.350457   Prev. Role: ?

2024-01-26 16:07:23.350470   Run preconditions: set "Auth" Role =>
2024-01-26 16:07:24.014448   Load page https://capital.com

2024-01-26 16:07:24.195514   => All cookies are deleted
2024-01-26 16:07:24.965209   Load page https://capital.com

2024-01-26 16:07:24.965408   Step 'Click button [Accept all cookies]'
2024-01-26 16:07:30.022540   Is Visible Button [Accept all cookies]? =>
2024-01-26 16:07:30.042785   => Button [Accept all cookies] is visible
2024-01-26 16:07:31.042897   Is clickable Button [Accept all cookies] =>
2024-01-26 16:07:31.067196   => Button [Accept all cookies] is clickable
2024-01-26 16:07:31.067231   Click Button [Accept all cookies] =>
2024-01-26 16:07:31.124788   => Button [Accept all cookies] is clicked
2024-01-26 16:07:31.124831   => Accepted All Cookies

2024-01-26 16:07:31.625144   Start Autorization

2024-01-26 16:07:31.625240   2. Act
2024-01-26 16:07:31.625253   Start Click button [Log in] =>
2024-01-26 16:07:31.633820   BUTTON_LOGIN scroll =>
2024-01-26 16:07:31.639528   Is BUTTON_LOGIN clickable? =>
2024-01-26 16:07:31.651115   => BUTTON_LOGIN is clickable
2024-01-26 16:07:31.651137   BUTTON_LOGIN click =>
2024-01-26 16:07:31.708851   => BUTTON_LOGIN is clicked!
2024-01-26 16:07:31.708978   => 'Login' form is opened
2024-01-26 16:07:32.284536   => "login" and "password" are inputted
2024-01-26 16:07:32.284584   Click [Continue] button on [Login] form =>
2024-01-26 16:07:32.378381   => [Continue] button on [Login] form is clicked
2024-01-26 16:07:35.295305   Start check that the Trading platform page is loaded and LOGO is present on it =>
2024-01-26 16:07:35.295348   Set timeout = 30
2024-01-26 16:07:35.295369   Wait until load page with special title =>
2024-01-26 16:07:35.297986   => Page with title "Trading Platform | Capital.com" is loaded
2024-01-26 16:07:35.298006   Is present LOGO on this page? =>
2024-01-26 16:07:37.416004   => LOGO is visible on this page
2024-01-26 16:07:37.416094   -> "Capital.com" logo is present on trading platform page

2024-01-26 16:07:38.533250   Current role: Auth

2024-01-26 16:07:38.533297   Prev language: ?

2024-01-26 16:07:38.533315   Run preconditions: set "es" language =>


2024-01-26 16:07:38.544265   => Language and Country menu is present


2024-01-26 16:07:38.614377   => Language and Country menu is visible


2024-01-26 16:07:40.389898   => Focus is moved on Language and Country menu 

2024-01-26 16:07:42.239694   => Current language: es

2024-01-26 16:07:42.239727   Prev country: ?

2024-01-26 16:07:42.239737   Run preconditions: set "gb" country =>


2024-01-26 16:07:42.259154   => Language and Country menu is present


2024-01-26 16:07:42.274140   => Language and Country menu is visible


2024-01-26 16:07:44.040014   => Focus is moved on Language and Country menu 

2024-01-26 16:07:46.394146   => Current country: gb

2024-01-26 16:07:46.394182   => THE END PRECONDITIONS
2024-01-26 16:07:46.905416   => Education menu is present
2024-01-26 16:07:46.924854   => Education menu is visible
2024-01-26 16:07:48.206216   => Education menu focus moved

2024-01-26 16:07:49.932491   1. Arrange
2024-01-26 16:07:49.940439   BUTTON_CREATE_ACCOUNT =>
2024-01-26 16:07:49.994536   => BUTTON_CREATE_ACCOUNT IS PRESENT

2024-01-26 16:07:49.994796   2. Act
2024-01-26 16:07:50.006564   1 checking element(s) with current CSS locator is(are) present(s) on this page
2024-01-26 16:07:50.853487   => BUTTON_CREATE_ACCOUNT is clicked

2024-01-26 16:07:50.853825   3. Assert_v4
2024-01-26 16:07:50.853981   Checking that the trading platform page has opened (v4) =>
2024-01-26 16:08:00.936690   => Loaded page https://capital.com/es/online-finance-courses with not https://capital.com/trading/platform/ url

Bug: Bid:11.01.05.00_01-es.gb.Auth

2024-01-26 16:08:00.940229   Проверка бага в таблице ретеста  =>

2024-01-26 16:08:00.949247   4. Fixing one row check results into Google Sheet Bugs Report =>
1 cells updated.
2024-01-26 16:08:01.534531   => 4. One row check results into Google Sheet Bugs Report fixed

2024-01-26 16:08:02.010123   4. Fixing one row check results into Google Sheet Bugs Report =>
1 cells updated.
2024-01-26 16:08:02.191810   => 4. One row check results into Google Sheet Bugs Report fixed

2024-01-26 16:08:02.191881   Bug: Bid:11.01.05.00_01-es.gb.Auth уже существует, но тип бага изменился с 15/01/24 на 10

2024-01-26 16:08:02.192307   Bug: Bid:11.01.05.00_01-es.gb.Auth-10 уже существует

2024-01-26 16:08:02.192444   4. Fixing one row check results into Google Sheet Bugs Report =>
1 cells updated.
2024-01-26 16:08:02.518757   => 4. One row check results into Google Sheet Bugs Report fixed
------------------------------ Captured log call -------------------------------
2024-01-26 16:08:00 ERROR Elements not present after 0.5 seconds on page: https://capital.com/es/online-finance-courses
2024-01-26 16:08:00 ERROR 
Traceback (most recent call last):
  File "/home/runner/work/SeleniumCapital/SeleniumCapital/pages/base_page.py", line 82, in inner_function
    return func(*args, **kwargs)
           ^^^^^^^^^^^^^^^^^^^^^
  File "/home/runner/work/SeleniumCapital/SeleniumCapital/pages/base_page.py", line 497, in wait_for_target_url
    return Wait(self.browser, timeout).until(
           ^^^^^^^^^^^^^^^^^^^^^^^^^^^^^^^^^^
  File "/home/runner/.cache/pypoetry/virtualenvs/testcapitalcompyse-cIj6ROMf-py3.11/lib/python3.11/site-packages/selenium/webdriver/support/wait.py", line 105, in until
    raise TimeoutException(message, screen, stacktrace)
selenium.common.exceptions.TimeoutException: Message:
--------------------------- Captured stdout teardown ---------------------------

2024-01-26 16:08:02.919540   *** end fixture Browser = teardown ***

=============================== warnings summary ===============================
tests/US_11_Education/US_11-01-05_Trading_courses/US_11-01-05-00_Trading_courses_test.py::TestTradingCourses::test_01_create_account_button[Chrome--ae-Auth-aqa.tomelo.an@gmail.com-iT9Vgqi6d$fiZ*Z]
  /home/runner/.cache/pypoetry/virtualenvs/testcapitalcompyse-cIj6ROMf-py3.11/lib/python3.11/site-packages/pytest_html/plugin.py:133: DeprecationWarning: The 'report.extra' attribute is deprecated and will be removed in a future release, use 'report.extras' instead.
    warnings.warn(

-- Docs: https://docs.pytest.org/en/stable/how-to/capture-warnings.html
- Generated html report: file:///home/runner/work/SeleniumCapital/SeleniumCapital/report/report.html -
=========================== short test summary info ============================
FAILED tests/US_11_Education/US_11-01-05_Trading_courses/US_11-01-05-00_Trading_courses_test.py::TestTradingCourses::test_01_create_account_button[Chrome--ae-Auth-aqa.tomelo.an@gmail.com-iT9Vgqi6d$fiZ*Z] - AssertionError: Bug # 10. Loaded page with https://capital.com/es/online-finance-courses url, but expected the Trading platform inLive mode(timeout=15c)
================= 1 failed, 2 deselected, 1 warning in 47.57s ==================

2024-01-26 16:08:03.007949   => Текущий тест: 1 failed

2024-01-26 16:08:03.008799   => 3. check_results finished

2024-01-26 16:08:03.008938   4. Fixing one row check results into Google Sheet Bugs Report =>
1 cells updated.
2024-01-26 16:08:03.201362   => 4. One row check results into Google Sheet Bugs Report fixed
