2024-01-26 14:57:44 ERROR Elements not present after 0.5 seconds on page: https://capital.com/fr/trading-apple
2024-01-26 14:57:44 ERROR 
Traceback (most recent call last):
  File "/home/runner/work/SeleniumCapital/SeleniumCapital/pages/base_page.py", line 82, in inner_function
    return func(*args, **kwargs)
           ^^^^^^^^^^^^^^^^^^^^^
  File "/home/runner/work/SeleniumCapital/SeleniumCapital/pages/base_page.py", line 293, in element_is_visible
    return Wait(self.browser, timeout).until(
           ^^^^^^^^^^^^^^^^^^^^^^^^^^^^^^^^^^
  File "/home/runner/.cache/pypoetry/virtualenvs/testcapitalcompyse-cIj6ROMf-py3.11/lib/python3.11/site-packages/selenium/webdriver/support/wait.py", line 105, in until
    raise TimeoutException(message, screen, stacktrace)
selenium.common.exceptions.TimeoutException: Message: 
Stacktrace:
#0 0x55af6802ff83 <unknown>
#1 0x55af67ce8cf7 <unknown>
#2 0x55af67d3899e <unknown>
#3 0x55af67d38aa1 <unknown>
#4 0x55af67d83d64 <unknown>
#5 0x55af67d620dd <unknown>
#6 0x55af67d81006 <unknown>
#7 0x55af67d61e53 <unknown>
#8 0x55af67d29dd4 <unknown>
#9 0x55af67d2b1de <unknown>
#10 0x55af67ff4531 <unknown>
#11 0x55af67ff8455 <unknown>
#12 0x55af67fe0f55 <unknown>
#13 0x55af67ff90ef <unknown>
#14 0x55af67fc499f <unknown>
#15 0x55af6801d008 <unknown>
#16 0x55af6801d1d7 <unknown>
#17 0x55af6802f124 <unknown>
#18 0x7f313e894ac3 <unknown>

2024-01-26 14:58:10 ERROR Elements not present after 0.5 seconds on page: https://capital.com/trading/platform/
2024-01-26 14:58:10 ERROR 
Traceback (most recent call last):
  File "/home/runner/work/SeleniumCapital/SeleniumCapital/pages/base_page.py", line 82, in inner_function
    return func(*args, **kwargs)
           ^^^^^^^^^^^^^^^^^^^^^
  File "/home/runner/work/SeleniumCapital/SeleniumCapital/pages/base_page.py", line 293, in element_is_visible
    return Wait(self.browser, timeout).until(
           ^^^^^^^^^^^^^^^^^^^^^^^^^^^^^^^^^^
  File "/home/runner/.cache/pypoetry/virtualenvs/testcapitalcompyse-cIj6ROMf-py3.11/lib/python3.11/site-packages/selenium/webdriver/support/wait.py", line 105, in until
    raise TimeoutException(message, screen, stacktrace)
selenium.common.exceptions.TimeoutException: Message: 
Stacktrace:
#0 0x55af6802ff83 <unknown>
#1 0x55af67ce8cf7 <unknown>
#2 0x55af67d3899e <unknown>
#3 0x55af67d38aa1 <unknown>
#4 0x55af67d83d64 <unknown>
#5 0x55af67d620dd <unknown>
#6 0x55af67d81006 <unknown>
#7 0x55af67d61e53 <unknown>
#8 0x55af67d29dd4 <unknown>
#9 0x55af67d2b1de <unknown>
#10 0x55af67ff4531 <unknown>
#11 0x55af67ff8455 <unknown>
#12 0x55af67fe0f55 <unknown>
#13 0x55af67ff90ef <unknown>
#14 0x55af67fc499f <unknown>
#15 0x55af6801d008 <unknown>
#16 0x55af6801d1d7 <unknown>
#17 0x55af6802f124 <unknown>
#18 0x7f313e894ac3 <unknown>