


2024-01-26 15:12:23.140664   0. Get Values row =>
2024-01-26 15:12:23.140721   Row # = 472
2024-01-26 15:12:23.140737   Row Values = 
['Bid:11.03.01.01_07-de.gb.NoReg', 'Ubuntu 22.04', 'Chrome', '11.03.01.01', '_07', 'de', 'gb', 'FCA', 'NoReg', 'https://capital.com/de/bollinger-baender', 'Education', 'Trading strategies guide L1', '', '', '', '03', 'Bug # 03. Loaded page {current_page} with not {data["APP_URL"]} url', '', '', '', '23/01/24', 'failed']

2024-01-26 15:12:23.140886   1. Run pretest =>

2024-01-26 15:12:23.140907   row_loc = 
['Bid:11.03.01.01_07-de.gb.NoReg', 'Ubuntu 22.04', 'Chrome', '11.03.01.01', '_07', 'de', 'gb', 'FCA', 'NoReg', 'https://capital.com/de/bollinger-baender', 'Education', 'Trading strategies guide L1', '', '', '', '03', 'Bug # 03. Loaded page {current_page} with not {data["APP_URL"]} url', '', '', '', '23/01/24', 'failed']

2024-01-26 15:12:23.140929   => 1. Pretest finished

2024-01-26 15:12:23.141034   2. Run run_pytest with Bid = Bid:11.03.01.01_07-de.gb.NoReg from row =>

2024-01-26 15:12:23.141054   2.2. Run poetry run pytest ... in subprocess =>

2024-01-26 15:12:23.141074   Run command: 
poetry run pytest --retest=True --browser_name=Chrome --lang=de --country=gb --role=NoReg --tpi_link=https://capital.com/de/bollinger-baender -m test_07 -v \tests/US_11_Education/US_11-03-01_trading_strategies_guide/US_11-03-01-01_trading_strategies_guide_test.py

2024-01-26 15:12:53.812700   => 2.2. pytest ... as subprocess finished

2024-01-26 15:12:53.812751   => 2. Autotest with Bid = Bid:11.03.01.01_07-de.gb.NoReg from row finished

2024-01-26 15:12:53.812827   3. Run check_results =>
2024-01-26 15:12:53.812850   test_results: 
============================= test session starts ==============================
platform linux -- Python 3.11.7, pytest-7.4.4, pluggy-1.3.0 -- /home/runner/.cache/pypoetry/virtualenvs/testcapitalcompyse-cIj6ROMf-py3.11/bin/python
cachedir: .pytest_cache
metadata: {'Python': '3.11.7', 'Platform': 'Linux-6.2.0-1018-azure-x86_64-with-glibc2.35', 'Packages': {'pytest': '7.4.4', 'pluggy': '1.3.0'}, 'Plugins': {'metadata': '3.0.0', 'timeout': '2.2.0', 'html': '4.1.1', 'xdist': '3.5.0', 'allure-pytest': '2.13.2'}, 'CI': 'true', 'JAVA_HOME': '/usr/lib/jvm/temurin-11-jdk-amd64'}
rootdir: /home/runner/work/SeleniumCapital/SeleniumCapital
configfile: pytest.ini
plugins: metadata-3.0.0, timeout-2.2.0, html-4.1.1, xdist-3.5.0, allure-pytest-2.13.2
collecting ... collected 10 items / 9 deselected / 1 selected

tests/US_11_Education/US_11-03-01_trading_strategies_guide/US_11-03-01-01_trading_strategies_guide_test.py::TestTradingStrategiesGuides::test_07_button_get_it_on_google_play[https://capital.com/de/bollinger-baender-Chrome--ae-NoReg-aqa.tomelo.an@gmail.com-iT9Vgqi6d$fiZ*Z] FAILED [100%]

=================================== FAILURES ===================================
_ TestTradingStrategiesGuides.test_07_button_get_it_on_google_play[https://capital.com/de/bollinger-baender-Chrome--ae-NoReg-aqa.tomelo.an@gmail.com-iT9Vgqi6d$fiZ*Z] _

self = <US_11-03-01-01_trading_strategies_guide_test.TestTradingStrategiesGuides object at 0x7fa22e88b250>
worker_id = 'master'
d = <selenium.webdriver.chrome.webdriver.WebDriver (session="8b43a0653b2a0b72c88f6e31c94facbd")>
cur_language = 'de', cur_country = 'gb', cur_role = 'NoReg'
cur_login = 'aqa.tomelo.an@gmail.com', cur_password = 'iT9Vgqi6d$fiZ*Z'
cur_item_link = 'https://capital.com/de/bollinger-baender'

    @allure.step("Start test_11.03.01.01_07 of button [Get it on Google Play] "
                 "in Block 'Sign up and trade smart today!'")
    @pytest.mark.test_07
    def test_07_button_get_it_on_google_play(
            self, worker_id, d, cur_language, cur_country, cur_role, cur_login, cur_password, cur_item_link):
        """
        Check: Button [Get it on Google Play] in Block "Sign up and trade smart today!"
        Language: All. License: All.
        """
        bid = build_dynamic_arg_v4(
            d, worker_id, cur_language, cur_country, cur_role,
            "11.03.01", "Education > Menu item [Trading Strategies Guides]",
            ".01_07", "Test button [Get it on Google Play] in Block \"Sign up and trade smart today!\"")
    
        Common().check_language_in_list_and_skip_if_not_present(cur_language, ["", "de", "es", "it", "ru", "zh"])
    
        page_conditions = Conditions(d, "")
        page_conditions.preconditions(
            d, CapitalComPageSrc.URL, "", cur_language, cur_country, cur_role, cur_login, cur_password)
    
        test_element = ButtonGetItOnGooglePlay(d, cur_item_link)
        test_element.arrange_(cur_item_link)
        if not test_element.element_click():
            pytest.fail("Testing element is not clicked")
    
        test_element = AssertClass(d, cur_item_link, bid)
>       test_element.assert_google_play(d, cur_item_link)

tests/US_11_Education/US_11-03-01_trading_strategies_guide/US_11-03-01-01_trading_strategies_guide_test.py:154: 
_ _ _ _ _ _ _ _ _ _ _ _ _ _ _ _ _ _ _ _ _ _ _ _ _ _ _ _ _ _ _ _ _ _ _ _ _ _ _ _ 
pages/Elements/AssertClass.py:159: in assert_google_play
    self.page_google_play.should_be_google_play_page(cur_link)
_ _ _ _ _ _ _ _ _ _ _ _ _ _ _ _ _ _ _ _ _ _ _ _ _ _ _ _ _ _ _ _ _ _ _ _ _ _ _ _ 

self = <pages.GooglePlay.google_play.GooglePlay object at 0x7fa22e8c3b10>
cur_link = 'https://capital.com/de/bollinger-baender'

    @allure.step("Checking that the Google Play page has opened")
    def should_be_google_play_page(self, cur_link):
        """Check if the page is open"""
        print(f"{datetime.now()}   Checking that the Google Play page has opened")
        self.wait_for_change_url(cur_link, 10)
        # Следующие две строки только для проверки работоспособности asserts, тк в данный момент баг в url кнопки
        # self.link = "https://play.google.com/store/apps/details?id=com.capital.trading"
        # self.open_page()
        if self.current_page_url_contain_the(data["APP_URL"]):
            self.should_be_page_title_v2(data["PAGE_TITLE"])
            self.should_be_google_play_app_title(data["APP_TITLE"])
            self.should_be_google_play_specifies_provider(data["PROVIDER"])
            self.open_page()
            assert True
        else:
            current_page = self.browser.current_url
            # self.open_page()
            # ==== new bug re-test checking =====
            print(f'\nBug: {self.bid}')
            retest_table_fill(self.bid, '03', self.link)
            # ==================================
>           assert False, f'Bug # 03. Loaded page {current_page} with not {data["APP_URL"]} url'
E           AssertionError: Bug # 03. Loaded page https://apps.apple.com/ie/app/capital-com-trading-finance/id1230088754?mt=8 with not https://play.google.com/store/apps/details?id=com.capital.trading url

pages/GooglePlay/google_play.py:40: AssertionError
---------------------------- Captured stdout setup -----------------------------

2024-01-26 15:12:24.117872   *** autouse fixture Chrome ***

{'width': 1280, 'height': 720}
Current test language - de
Current country of trading - gb



Current test role - NoReg
Current login - aqa.tomelo.an@gmail.com
Current login - iT9Vgqi6d$fiZ*Z
----------------------------- Captured stdout call -----------------------------
{'width': 1280, 'height': 720}

2024-01-26 15:12:25.073796   worker_id = master

2024-01-26 15:12:25.073813   0. Allure grouping v4


2024-01-26 15:12:25.073999   START PRECONDITIONS =>

2024-01-26 15:12:26.628605   Load page https://capital.com

2024-01-26 15:12:26.628653   {'width': 1280, 'height': 720}

2024-01-26 15:12:26.630457   Set windows position at (0, 0) =>

2024-01-26 15:12:26.781112   Set resolution 1280 * 720 =>

2024-01-26 15:12:26.887928   => Resolution seted {'width': 1280, 'height': 720}

2024-01-26 15:12:31.930700   Капчи нет. Тестим дальше

2024-01-26 15:12:31.930826   Prev. Role: ?

2024-01-26 15:12:31.930850   Run preconditions: set "NoReg" Role =>
2024-01-26 15:12:32.763766   Load page https://capital.com

2024-01-26 15:12:32.988204   => All cookies are deleted
2024-01-26 15:12:33.807304   Load page https://capital.com

2024-01-26 15:12:33.807547   Step 'Click button [Accept all cookies]'
2024-01-26 15:12:38.813890   Is Visible Button [Accept all cookies]? =>
2024-01-26 15:12:38.834088   => Button [Accept all cookies] is visible
2024-01-26 15:12:39.834171   Is clickable Button [Accept all cookies] =>
2024-01-26 15:12:39.867302   => Button [Accept all cookies] is clickable
2024-01-26 15:12:39.867344   Click Button [Accept all cookies] =>
2024-01-26 15:12:39.976231   => Button [Accept all cookies] is clicked
2024-01-26 15:12:39.976267   => Accepted All Cookies

2024-01-26 15:12:40.476447   Current role: NoReg

2024-01-26 15:12:40.476492   Prev language: ?

2024-01-26 15:12:40.476501   Run preconditions: set "de" language =>


2024-01-26 15:12:40.489119   => Language and Country menu is present


2024-01-26 15:12:40.506152   => Language and Country menu is visible


2024-01-26 15:12:42.290283   => Focus is moved on Language and Country menu 

2024-01-26 15:12:43.897270   => Current language: de

2024-01-26 15:12:43.897313   Prev country: ?

2024-01-26 15:12:43.897327   Run preconditions: set "gb" country =>


2024-01-26 15:12:43.942629   => Language and Country menu is present


2024-01-26 15:12:43.962783   => Language and Country menu is visible


2024-01-26 15:12:45.739775   => Focus is moved on Language and Country menu 

2024-01-26 15:12:48.262101   => Current country: gb

2024-01-26 15:12:48.262140   => THE END PRECONDITIONS

2024-01-26 15:12:48.262178   1. Arrange
2024-01-26 15:12:49.406783   Load page https://capital.com/de/bollinger-baender
2024-01-26 15:12:49.406832   Is visible BUTTON_GET_IT_ON_GOOGLE_PLAY? =>
2024-01-26 15:12:49.492801   => BUTTON_GET_IT_ON_GOOGLE_PLAY is visible on the page!

2024-01-26 15:12:49.492990   2. Act
2024-01-26 15:12:49.500585   1 checking element(s) with current CSS locator is(are) present(s) on this page
2024-01-26 15:12:49.623241   => BUTTON_GET_IT_ON_GOOGLE_PLAY IS CLICKED

2024-01-26 15:12:49.623517   3. Assert_v0
2024-01-26 15:12:49.623624   Checking that the Google Play page has opened

Bug: Bid:11.03.01.01_07-de.gb.NoReg

2024-01-26 15:12:51.682885   Проверка бага в таблице ретеста  =>

2024-01-26 15:12:51.691198   4. Fixing one row check results into Google Sheet Bugs Report =>
1 cells updated.
2024-01-26 15:12:52.238593   => 4. One row check results into Google Sheet Bugs Report fixed

2024-01-26 15:12:52.779821   4. Fixing one row check results into Google Sheet Bugs Report =>
1 cells updated.
2024-01-26 15:12:53.103006   => 4. One row check results into Google Sheet Bugs Report fixed

2024-01-26 15:12:53.103089   Bug: Bid:11.03.01.01_07-de.gb.NoReg уже существует, но тип бага изменился с 23/01/24 на 03

2024-01-26 15:12:53.103561   Bug: Bid:11.03.01.01_07-de.gb.NoReg-03 уже существует

2024-01-26 15:12:53.103704   4. Fixing one row check results into Google Sheet Bugs Report =>
1 cells updated.
2024-01-26 15:12:53.412442   => 4. One row check results into Google Sheet Bugs Report fixed
--------------------------- Captured stdout teardown ---------------------------

2024-01-26 15:12:53.728343   *** end fixture Browser = teardown ***

=============================== warnings summary ===============================
tests/US_11_Education/US_11-03-01_trading_strategies_guide/US_11-03-01-01_trading_strategies_guide_test.py::TestTradingStrategiesGuides::test_07_button_get_it_on_google_play[https://capital.com/de/bollinger-baender-Chrome--ae-NoReg-aqa.tomelo.an@gmail.com-iT9Vgqi6d$fiZ*Z]
  /home/runner/.cache/pypoetry/virtualenvs/testcapitalcompyse-cIj6ROMf-py3.11/lib/python3.11/site-packages/pytest_html/plugin.py:133: DeprecationWarning: The 'report.extra' attribute is deprecated and will be removed in a future release, use 'report.extras' instead.
    warnings.warn(

-- Docs: https://docs.pytest.org/en/stable/how-to/capture-warnings.html
- Generated html report: file:///home/runner/work/SeleniumCapital/SeleniumCapital/report/report.html -
=========================== short test summary info ============================
FAILED tests/US_11_Education/US_11-03-01_trading_strategies_guide/US_11-03-01-01_trading_strategies_guide_test.py::TestTradingStrategiesGuides::test_07_button_get_it_on_google_play[https://capital.com/de/bollinger-baender-Chrome--ae-NoReg-aqa.tomelo.an@gmail.com-iT9Vgqi6d$fiZ*Z] - AssertionError: Bug # 03. Loaded page https://apps.apple.com/ie/app/capital-com-trading-finance/id1230088754?mt=8 with not https://play.google.com/store/apps/details?id=com.capital.trading url
================= 1 failed, 9 deselected, 1 warning in 29.82s ==================

2024-01-26 15:12:53.813126   => Текущий тест: 1 failed

2024-01-26 15:12:53.813792   => 3. check_results finished

2024-01-26 15:12:53.813939   4. Fixing one row check results into Google Sheet Bugs Report =>
1 cells updated.
2024-01-26 15:12:53.989980   => 4. One row check results into Google Sheet Bugs Report fixed
