


2024-01-26 15:02:09.515781   0. Get Values row =>
2024-01-26 15:02:09.515808   Row # = 268
2024-01-26 15:02:09.515818   Row Values = 
['Bid:11.02.02.00_10-fr.gb.Auth', 'Ubuntu 22.04', 'Chrome', '11.02.02.00', '_10', 'fr', 'gb', 'FCA', 'Auth', '', 'Education', 'Shares trading', '', '', '', '09', 'Bug # 09. Loaded page with {cur_url} url, but expected the Trading platform in Demo mode(timeout=30c)', '', '', '', '23/01/24', 'failed']

2024-01-26 15:02:09.515899   1. Run pretest =>

2024-01-26 15:02:09.515912   row_loc = 
['Bid:11.02.02.00_10-fr.gb.Auth', 'Ubuntu 22.04', 'Chrome', '11.02.02.00', '_10', 'fr', 'gb', 'FCA', 'Auth', '', 'Education', 'Shares trading', '', '', '', '09', 'Bug # 09. Loaded page with {cur_url} url, but expected the Trading platform in Demo mode(timeout=30c)', '', '', '', '23/01/24', 'failed']

2024-01-26 15:02:09.515926   => 1. Pretest finished

2024-01-26 15:02:09.515991   2. Run run_pytest with Bid = Bid:11.02.02.00_10-fr.gb.Auth from row =>

2024-01-26 15:02:09.516004   2.2. Run poetry run pytest ... in subprocess =>

2024-01-26 15:02:09.516015   Run command: 
poetry run pytest --retest=True --browser_name=Chrome --lang=fr --country=gb --role=Auth -m test_10 -v \tests/US_11_Education/US_11-02-02_Shares_trading/US_11-02-02-00_Shares_trading_test.py

2024-01-26 15:03:18.253510   => 2.2. pytest ... as subprocess finished

2024-01-26 15:03:18.253556   => 2. Autotest with Bid = Bid:11.02.02.00_10-fr.gb.Auth from row finished

2024-01-26 15:03:18.253653   3. Run check_results =>
2024-01-26 15:03:18.253681   test_results: 
============================= test session starts ==============================
platform linux -- Python 3.11.7, pytest-7.4.4, pluggy-1.3.0 -- /home/runner/.cache/pypoetry/virtualenvs/testcapitalcompyse-cIj6ROMf-py3.11/bin/python
cachedir: .pytest_cache
metadata: {'Python': '3.11.7', 'Platform': 'Linux-6.2.0-1018-azure-x86_64-with-glibc2.35', 'Packages': {'pytest': '7.4.4', 'pluggy': '1.3.0'}, 'Plugins': {'metadata': '3.0.0', 'timeout': '2.2.0', 'html': '4.1.1', 'xdist': '3.5.0', 'allure-pytest': '2.13.2'}, 'CI': 'true', 'JAVA_HOME': '/usr/lib/jvm/temurin-11-jdk-amd64'}
rootdir: /home/runner/work/SeleniumCapital/SeleniumCapital
configfile: pytest.ini
plugins: metadata-3.0.0, timeout-2.2.0, html-4.1.1, xdist-3.5.0, allure-pytest-2.13.2
collecting ... collected 7 items / 6 deselected / 1 selected

tests/US_11_Education/US_11-02-02_Shares_trading/US_11-02-02-00_Shares_trading_test.py::TestSharesTrading::test_10_block_vert_banner_button[Chrome--ae-Auth-aqa.tomelo.an@gmail.com-iT9Vgqi6d$fiZ*Z] FAILED [100%]

=================================== FAILURES ===================================
_ TestSharesTrading.test_10_block_vert_banner_button[Chrome--ae-Auth-aqa.tomelo.an@gmail.com-iT9Vgqi6d$fiZ*Z] _

self = <US_11-02-02-00_Shares_trading_test.TestSharesTrading object at 0x7ff91f528110>
worker_id = 'master'
d = <selenium.webdriver.chrome.webdriver.WebDriver (session="0baf95571ca81567e1085d09e2e08d13")>
cur_language = 'fr', cur_country = 'gb', cur_role = 'Auth'
cur_login = 'aqa.tomelo.an@gmail.com', cur_password = 'iT9Vgqi6d$fiZ*Z'

    @allure.step("Start test of button in block [Vertical banner]")
    # @pytest.mark.skip(reason="Skipped for debugging")
    @pytest.mark.test_10
    def test_10_block_vert_banner_button(
            self, worker_id, d, cur_language, cur_country, cur_role, cur_login, cur_password):
        """
                Check the [Button] on the Vertical side banner at the bottom of the page.
                For "Authorized user" role:
                The trading platform page is opened depend on the banner [type-id]:
                        Live mode if the banner in the Live mode banners list
                        Demo mode if the banner in the Demo mode banners list
                """
    
        bid = build_dynamic_arg_v4(
            d, worker_id, cur_language, cur_country, cur_role,
            "11.02.02", "Education > Menu item [Shares trading]",
            ".00_10", "Testing button in block [Vertical banner]")
    
        Common().skip_if_eng_lang_and_fca_license(cur_language, cur_country)
    
        check_language(cur_language)
        if cur_language in ["", "ar", "it", "cn"]:
            Common().skip_test_for_language(cur_language)
    
        # test_element.arrange_0()
        page_conditions = Conditions(d, "")
        main_page_link = page_conditions.preconditions(
            d, CapitalComPageSrc.URL, "", cur_language, cur_country, cur_role, cur_login, cur_password)
    
        # банеры должны открываться в Demo mode for US_00
        banner00_ver_tpd = ['505', '221', '389']
        # банеры должны открываться в Live mode for US_00
        banner00_ver_tp = ['166', '196', '292', '377', '388', '425']
        # банеры должны открываться в Demo mode for US_01
        banner01_ver_tpd = []
        # банеры должны открываться в Live mode for US_01
        banner01_ver_tp = []
    
        page_menu = MenuSection(d, main_page_link)
        cur_menu_link = page_menu.open_education_shares_trading_menu(d, cur_language, cur_country, main_page_link)
    
        test_element = ButtonOnVerticalBanner(d, cur_menu_link, bid)
>       test_element.full_test_with_tpi(d, cur_language, cur_country, cur_role, cur_menu_link, banner00_ver_tpd,
                                        banner00_ver_tp, banner01_ver_tpd, banner01_ver_tp)

tests/US_11_Education/US_11-02-02_Shares_trading/US_11-02-02-00_Shares_trading_test.py:251: 
_ _ _ _ _ _ _ _ _ _ _ _ _ _ _ _ _ _ _ _ _ _ _ _ _ _ _ _ _ _ _ _ _ _ _ _ _ _ _ _ 
pages/Elements/ButtonOnVerticalBanner.py:48: in full_test_with_tpi
    test_element.assert_trading_platform_v4(d, link, tpd)
pages/Elements/AssertClass.py:127: in assert_trading_platform_v4
    self.page_trading.should_be_trading_platform_page_v4(d, cur_link, tpd, tpi, trade_instrument)
pages/Capital/Trading_platform/trading_platform.py:101: in should_be_trading_platform_page_v4
    self.should_be_platform_demo_mode(d, cur_link)
_ _ _ _ _ _ _ _ _ _ _ _ _ _ _ _ _ _ _ _ _ _ _ _ _ _ _ _ _ _ _ _ _ _ _ _ _ _ _ _ 

self = <pages.Capital.Trading_platform.trading_platform.TradingPlatform object at 0x7ff91f54e510>
d = <selenium.webdriver.chrome.webdriver.WebDriver (session="0baf95571ca81567e1085d09e2e08d13")>
cur_link = 'https://capital.com/fr/trade-stocks'

    @allure.step("Check if the trading platform opened in DEMO mode")
    def should_be_platform_demo_mode(self, d, cur_link):
        """Check that Trading platform opened in Demo mode"""
        print(f"{datetime.now()}   Checking that the Trading platform opened in DEMO mode =>")
        # if not self.element_is_visible(TopBarLocators.MODE_DEMO, 30):
        if not self.element_is_visible(TopBarLocators.MODE_DEMO, 15):
            # проверка бага для ретеста
            print(f'\nBug: {self.bid}')
            retest_table_fill(self.bid, '11', self.link)
>           assert False, "Bug # 11. Trading platform is opened in not DEMO mode"
E           AssertionError: Bug # 11. Trading platform is opened in not DEMO mode

pages/Capital/Trading_platform/trading_platform.py:170: AssertionError
---------------------------- Captured stdout setup -----------------------------

2024-01-26 15:02:10.294334   *** autouse fixture Chrome ***

{'width': 1280, 'height': 720}
Current test language - fr
Current country of trading - gb



Current test role - Auth
Current login - aqa.tomelo.an@gmail.com
Current login - iT9Vgqi6d$fiZ*Z
----------------------------- Captured stdout call -----------------------------
{'width': 1280, 'height': 720}

2024-01-26 15:02:11.199776   worker_id = master

2024-01-26 15:02:11.199797   0. Allure grouping v4


2024-01-26 15:02:11.200051   START PRECONDITIONS =>

2024-01-26 15:02:12.740990   Load page https://capital.com

2024-01-26 15:02:12.741061   {'width': 1280, 'height': 720}

2024-01-26 15:02:12.757638   Set windows position at (0, 0) =>

2024-01-26 15:02:12.934093   Set resolution 1280 * 720 =>

2024-01-26 15:02:13.042857   => Resolution seted {'width': 1280, 'height': 720}

2024-01-26 15:02:18.049864   Капчи нет. Тестим дальше

2024-01-26 15:02:18.049958   Prev. Role: ?

2024-01-26 15:02:18.049971   Run preconditions: set "Auth" Role =>
2024-01-26 15:02:18.828895   Load page https://capital.com

2024-01-26 15:02:19.091676   => All cookies are deleted
2024-01-26 15:02:20.031105   Load page https://capital.com

2024-01-26 15:02:20.031314   Step 'Click button [Accept all cookies]'
2024-01-26 15:02:25.080172   Is Visible Button [Accept all cookies]? =>
2024-01-26 15:02:25.100198   => Button [Accept all cookies] is visible
2024-01-26 15:02:26.100329   Is clickable Button [Accept all cookies] =>
2024-01-26 15:02:26.134245   => Button [Accept all cookies] is clickable
2024-01-26 15:02:26.134276   Click Button [Accept all cookies] =>
2024-01-26 15:02:26.213585   => Button [Accept all cookies] is clicked
2024-01-26 15:02:26.213647   => Accepted All Cookies

2024-01-26 15:02:26.714083   Start Autorization

2024-01-26 15:02:26.714215   2. Act
2024-01-26 15:02:26.714233   Start Click button [Log in] =>
2024-01-26 15:02:26.724763   BUTTON_LOGIN scroll =>
2024-01-26 15:02:26.732416   Is BUTTON_LOGIN clickable? =>
2024-01-26 15:02:26.746614   => BUTTON_LOGIN is clickable
2024-01-26 15:02:26.746640   BUTTON_LOGIN click =>
2024-01-26 15:02:26.798506   => BUTTON_LOGIN is clicked!
2024-01-26 15:02:26.798592   => 'Login' form is opened
2024-01-26 15:02:27.398951   => "login" and "password" are inputted
2024-01-26 15:02:27.399003   Click [Continue] button on [Login] form =>
2024-01-26 15:02:27.511547   => [Continue] button on [Login] form is clicked
2024-01-26 15:02:30.462301   Start check that the Trading platform page is loaded and LOGO is present on it =>
2024-01-26 15:02:30.462336   Set timeout = 30
2024-01-26 15:02:30.462352   Wait until load page with special title =>
2024-01-26 15:02:30.465208   => Page with title "Trading Platform | Capital.com" is loaded
2024-01-26 15:02:30.465228   Is present LOGO on this page? =>
2024-01-26 15:02:32.036382   => LOGO is visible on this page
2024-01-26 15:02:32.036468   -> "Capital.com" logo is present on trading platform page

2024-01-26 15:02:33.141029   Current role: Auth

2024-01-26 15:02:33.141065   Prev language: ?

2024-01-26 15:02:33.141074   Run preconditions: set "fr" language =>


2024-01-26 15:02:33.183264   => Language and Country menu is present


2024-01-26 15:02:33.200116   => Language and Country menu is visible


2024-01-26 15:02:34.979685   => Focus is moved on Language and Country menu 

2024-01-26 15:02:36.817319   => Current language: fr

2024-01-26 15:02:36.817359   Prev country: ?

2024-01-26 15:02:36.817369   Run preconditions: set "gb" country =>


2024-01-26 15:02:36.847797   => Language and Country menu is present


2024-01-26 15:02:36.870236   => Language and Country menu is visible


2024-01-26 15:02:38.649980   => Focus is moved on Language and Country menu 

2024-01-26 15:02:41.204738   => Current country: gb

2024-01-26 15:02:41.204787   => THE END PRECONDITIONS

2024-01-26 15:02:41.204832   1. Cur URL = https://capital.com/fr?country=gb

2024-01-26 15:02:41.258328   2. Link = https://capital.com/fr
2024-01-26 15:02:41.985574   Load page https://capital.com/fr
2024-01-26 15:02:42.507362   => Education menu is present
2024-01-26 15:02:42.538351   => Education menu is visible
2024-01-26 15:02:43.878956   => Education menu focus moved


2024-01-26 15:02:45.631957   => Shares trading sub-menu clicked

2024-01-26 15:02:45.713081   1. Arrange
2024-01-26 15:02:45.716339   BUTTON_ON_VER_BANNER is visible? =>
2024-01-26 15:02:45.732314   => BUTTON_ON_VER_BANNER is visible on the page!
2024-01-26 15:02:45.732504   Start Checking that form [Sign up] popped up on the page =>
2024-01-26 15:02:51.251290   '[Sign up]' form was not popped up

2024-01-26 15:02:51.251474   2. Act
2024-01-26 15:02:51.251489   BUTTON_ON_VER_BANNER is present? =>
2024-01-26 15:02:51.260248   => BUTTON_ON_VER_BANNER is present on the page!
2024-01-26 15:02:51.260272   BUTTON_ON_VER_BANNER scroll =>
2024-01-26 15:02:55.700887   => BUTTON_ON_VER_BANNER clicked!
2024-01-26 15:02:55.700978   For Vertical banner [type-id=221] Trading platform should be open in Demo Mode =>

2024-01-26 15:02:55.701129   3. Assert_v4
2024-01-26 15:02:55.701217   Checking that the trading platform page has opened (v4) =>
2024-01-26 15:02:57.583226   => Current page title: Trading Platform | Capital.com
2024-01-26 15:02:57.583455   Checking that the Trading platform LOGO is present on the page =>
2024-01-26 15:02:58.854975   Checking that the Trading platform opened in DEMO mode =>

Bug: Bid:11.02.02.00_10-fr.gb.Auth

2024-01-26 15:03:15.476058   Проверка бага в таблице ретеста  =>

2024-01-26 15:03:15.484409   4. Fixing one row check results into Google Sheet Bugs Report =>
1 cells updated.
2024-01-26 15:03:16.140706   => 4. One row check results into Google Sheet Bugs Report fixed

2024-01-26 15:03:16.734276   4. Fixing one row check results into Google Sheet Bugs Report =>
1 cells updated.
2024-01-26 15:03:17.335167   => 4. One row check results into Google Sheet Bugs Report fixed

2024-01-26 15:03:17.335237   Bug: Bid:11.02.02.00_10-fr.gb.Auth уже существует, но тип бага изменился с 23/01/24 на 11

2024-01-26 15:03:17.335630   Bug: Bid:11.02.02.00_10-fr.gb.Auth-11 уже существует

2024-01-26 15:03:17.335773   4. Fixing one row check results into Google Sheet Bugs Report =>
1 cells updated.
2024-01-26 15:03:17.820333   => 4. One row check results into Google Sheet Bugs Report fixed
------------------------------ Captured log call -------------------------------
2024-01-26 15:02:51 ERROR Elements not present after 0.5 seconds on page: https://capital.com/fr/trade-stocks
2024-01-26 15:02:51 ERROR 
Traceback (most recent call last):
  File "/home/runner/work/SeleniumCapital/SeleniumCapital/pages/base_page.py", line 82, in inner_function
    return func(*args, **kwargs)
           ^^^^^^^^^^^^^^^^^^^^^
  File "/home/runner/work/SeleniumCapital/SeleniumCapital/pages/base_page.py", line 293, in element_is_visible
    return Wait(self.browser, timeout).until(
           ^^^^^^^^^^^^^^^^^^^^^^^^^^^^^^^^^^
  File "/home/runner/.cache/pypoetry/virtualenvs/testcapitalcompyse-cIj6ROMf-py3.11/lib/python3.11/site-packages/selenium/webdriver/support/wait.py", line 105, in until
    raise TimeoutException(message, screen, stacktrace)
selenium.common.exceptions.TimeoutException: Message: 
Stacktrace:
#0 0x556221f1ff83 <unknown>
#1 0x556221bd8cf7 <unknown>
#2 0x556221c2899e <unknown>
#3 0x556221c28aa1 <unknown>
#4 0x556221c73d64 <unknown>
#5 0x556221c520dd <unknown>
#6 0x556221c71006 <unknown>
#7 0x556221c51e53 <unknown>
#8 0x556221c19dd4 <unknown>
#9 0x556221c1b1de <unknown>
#10 0x556221ee4531 <unknown>
#11 0x556221ee8455 <unknown>
#12 0x556221ed0f55 <unknown>
#13 0x556221ee90ef <unknown>
#14 0x556221eb499f <unknown>
#15 0x556221f0d008 <unknown>
#16 0x556221f0d1d7 <unknown>
#17 0x556221f1f124 <unknown>
#18 0x7f64a1a94ac3 <unknown>

2024-01-26 15:03:15 ERROR Elements not present after 0.5 seconds on page: https://capital.com/trading/platform/
2024-01-26 15:03:15 ERROR 
Traceback (most recent call last):
  File "/home/runner/work/SeleniumCapital/SeleniumCapital/pages/base_page.py", line 82, in inner_function
    return func(*args, **kwargs)
           ^^^^^^^^^^^^^^^^^^^^^
  File "/home/runner/work/SeleniumCapital/SeleniumCapital/pages/base_page.py", line 293, in element_is_visible
    return Wait(self.browser, timeout).until(
           ^^^^^^^^^^^^^^^^^^^^^^^^^^^^^^^^^^
  File "/home/runner/.cache/pypoetry/virtualenvs/testcapitalcompyse-cIj6ROMf-py3.11/lib/python3.11/site-packages/selenium/webdriver/support/wait.py", line 105, in until
    raise TimeoutException(message, screen, stacktrace)
selenium.common.exceptions.TimeoutException: Message: 
Stacktrace:
#0 0x556221f1ff83 <unknown>
#1 0x556221bd8cf7 <unknown>
#2 0x556221c2899e <unknown>
#3 0x556221c28aa1 <unknown>
#4 0x556221c73d64 <unknown>
#5 0x556221c520dd <unknown>
#6 0x556221c71006 <unknown>
#7 0x556221c51e53 <unknown>
#8 0x556221c19dd4 <unknown>
#9 0x556221c1b1de <unknown>
#10 0x556221ee4531 <unknown>
#11 0x556221ee8455 <unknown>
#12 0x556221ed0f55 <unknown>
#13 0x556221ee90ef <unknown>
#14 0x556221eb499f <unknown>
#15 0x556221f0d008 <unknown>
#16 0x556221f0d1d7 <unknown>
#17 0x556221f1f124 <unknown>
#18 0x7f64a1a94ac3 <unknown>
--------------------------- Captured stdout teardown ---------------------------

2024-01-26 15:03:18.157346   *** end fixture Browser = teardown ***

=============================== warnings summary ===============================
tests/US_11_Education/US_11-02-02_Shares_trading/US_11-02-02-00_Shares_trading_test.py::TestSharesTrading::test_10_block_vert_banner_button[Chrome--ae-Auth-aqa.tomelo.an@gmail.com-iT9Vgqi6d$fiZ*Z]
  /home/runner/.cache/pypoetry/virtualenvs/testcapitalcompyse-cIj6ROMf-py3.11/lib/python3.11/site-packages/pytest_html/plugin.py:133: DeprecationWarning: The 'report.extra' attribute is deprecated and will be removed in a future release, use 'report.extras' instead.
    warnings.warn(

-- Docs: https://docs.pytest.org/en/stable/how-to/capture-warnings.html
- Generated html report: file:///home/runner/work/SeleniumCapital/SeleniumCapital/report/report.html -
=========================== short test summary info ============================
FAILED tests/US_11_Education/US_11-02-02_Shares_trading/US_11-02-02-00_Shares_trading_test.py::TestSharesTrading::test_10_block_vert_banner_button[Chrome--ae-Auth-aqa.tomelo.an@gmail.com-iT9Vgqi6d$fiZ*Z] - AssertionError: Bug # 11. Trading platform is opened in not DEMO mode
============ 1 failed, 6 deselected, 1 warning in 68.01s (0:01:08) =============

2024-01-26 15:03:18.254221   => Текущий тест: 1 failed

2024-01-26 15:03:18.255483   => 3. check_results finished

2024-01-26 15:03:18.255636   4. Fixing one row check results into Google Sheet Bugs Report =>
1 cells updated.
2024-01-26 15:03:18.437519   => 4. One row check results into Google Sheet Bugs Report fixed
