2024-01-26 14:48:36 ERROR Elements not present after 0.5 seconds on page: https://capital.com/ro/trade-platinum
2024-01-26 14:48:36 ERROR 
Traceback (most recent call last):
  File "/home/runner/work/SeleniumCapital/SeleniumCapital/pages/base_page.py", line 82, in inner_function
    return func(*args, **kwargs)
           ^^^^^^^^^^^^^^^^^^^^^
  File "/home/runner/work/SeleniumCapital/SeleniumCapital/pages/base_page.py", line 293, in element_is_visible
    return Wait(self.browser, timeout).until(
           ^^^^^^^^^^^^^^^^^^^^^^^^^^^^^^^^^^
  File "/home/runner/.cache/pypoetry/virtualenvs/testcapitalcompyse-cIj6ROMf-py3.11/lib/python3.11/site-packages/selenium/webdriver/support/wait.py", line 105, in until
    raise TimeoutException(message, screen, stacktrace)
selenium.common.exceptions.TimeoutException: Message: 
Stacktrace:
#0 0x563ea4e26f83 <unknown>
#1 0x563ea4adfcf7 <unknown>
#2 0x563ea4b2f99e <unknown>
#3 0x563ea4b2faa1 <unknown>
#4 0x563ea4b7ad64 <unknown>
#5 0x563ea4b590dd <unknown>
#6 0x563ea4b78006 <unknown>
#7 0x563ea4b58e53 <unknown>
#8 0x563ea4b20dd4 <unknown>
#9 0x563ea4b221de <unknown>
#10 0x563ea4deb531 <unknown>
#11 0x563ea4def455 <unknown>
#12 0x563ea4dd7f55 <unknown>
#13 0x563ea4df00ef <unknown>
#14 0x563ea4dbb99f <unknown>
#15 0x563ea4e14008 <unknown>
#16 0x563ea4e141d7 <unknown>
#17 0x563ea4e26124 <unknown>
#18 0x7fbb35294ac3 <unknown>

2024-01-26 14:48:41 ERROR Elements not present after 0.5 seconds on page: https://capital.com/ro/trade-platinum
2024-01-26 14:48:41 ERROR 
Traceback (most recent call last):
  File "/home/runner/work/SeleniumCapital/SeleniumCapital/pages/base_page.py", line 82, in inner_function
    return func(*args, **kwargs)
           ^^^^^^^^^^^^^^^^^^^^^
  File "/home/runner/work/SeleniumCapital/SeleniumCapital/pages/base_page.py", line 293, in element_is_visible
    return Wait(self.browser, timeout).until(
           ^^^^^^^^^^^^^^^^^^^^^^^^^^^^^^^^^^
  File "/home/runner/.cache/pypoetry/virtualenvs/testcapitalcompyse-cIj6ROMf-py3.11/lib/python3.11/site-packages/selenium/webdriver/support/wait.py", line 105, in until
    raise TimeoutException(message, screen, stacktrace)
selenium.common.exceptions.TimeoutException: Message: 
Stacktrace:
#0 0x563ea4e26f83 <unknown>
#1 0x563ea4adfcf7 <unknown>
#2 0x563ea4b2f99e <unknown>
#3 0x563ea4b2faa1 <unknown>
#4 0x563ea4b7ad64 <unknown>
#5 0x563ea4b590dd <unknown>
#6 0x563ea4b78006 <unknown>
#7 0x563ea4b58e53 <unknown>
#8 0x563ea4b20dd4 <unknown>
#9 0x563ea4b221de <unknown>
#10 0x563ea4deb531 <unknown>
#11 0x563ea4def455 <unknown>
#12 0x563ea4dd7f55 <unknown>
#13 0x563ea4df00ef <unknown>
#14 0x563ea4dbb99f <unknown>
#15 0x563ea4e14008 <unknown>
#16 0x563ea4e141d7 <unknown>
#17 0x563ea4e26124 <unknown>
#18 0x7fbb35294ac3 <unknown>

2024-01-26 14:48:47 ERROR Elements not present after 0.5 seconds on page: https://capital.com/ro/trade-platinum
2024-01-26 14:48:47 ERROR 
Traceback (most recent call last):
  File "/home/runner/work/SeleniumCapital/SeleniumCapital/pages/base_page.py", line 82, in inner_function
    return func(*args, **kwargs)
           ^^^^^^^^^^^^^^^^^^^^^
  File "/home/runner/work/SeleniumCapital/SeleniumCapital/pages/base_page.py", line 293, in element_is_visible
    return Wait(self.browser, timeout).until(
           ^^^^^^^^^^^^^^^^^^^^^^^^^^^^^^^^^^
  File "/home/runner/.cache/pypoetry/virtualenvs/testcapitalcompyse-cIj6ROMf-py3.11/lib/python3.11/site-packages/selenium/webdriver/support/wait.py", line 105, in until
    raise TimeoutException(message, screen, stacktrace)
selenium.common.exceptions.TimeoutException: Message: 
Stacktrace:
#0 0x563ea4e26f83 <unknown>
#1 0x563ea4adfcf7 <unknown>
#2 0x563ea4b2f99e <unknown>
#3 0x563ea4b2faa1 <unknown>
#4 0x563ea4b7ad64 <unknown>
#5 0x563ea4b590dd <unknown>
#6 0x563ea4b78006 <unknown>
#7 0x563ea4b58e53 <unknown>
#8 0x563ea4b20dd4 <unknown>
#9 0x563ea4b221de <unknown>
#10 0x563ea4deb531 <unknown>
#11 0x563ea4def455 <unknown>
#12 0x563ea4dd7f55 <unknown>
#13 0x563ea4df00ef <unknown>
#14 0x563ea4dbb99f <unknown>
#15 0x563ea4e14008 <unknown>
#16 0x563ea4e141d7 <unknown>
#17 0x563ea4e26124 <unknown>
#18 0x7fbb35294ac3 <unknown>