


2024-01-26 16:01:07.104904   0. Get Values row =>
2024-01-26 16:01:07.104966   Row # = 1365
2024-01-26 16:01:07.104979   Row Values = 
['Bid:11.02.04.01_01-es.gb.NoAuth', 'Ubuntu 22.04', 'Chrome', '11.02.04.01', '_01', 'es', 'gb', 'FCA', 'NoAuth', 'https://capital.com/es/operar-gbp-cad', 'Education', 'Forex trading L1', 'On Main banner click Button [Start Trading]', 'On Main banner click Button [Start Trading]', '', '05', "Bug # 05. Opened a 'Sign up' form instead of a 'Login'", '', '', '', '15/01/24', 'failed']

2024-01-26 16:01:07.105126   1. Run pretest =>

2024-01-26 16:01:07.105143   row_loc = 
['Bid:11.02.04.01_01-es.gb.NoAuth', 'Ubuntu 22.04', 'Chrome', '11.02.04.01', '_01', 'es', 'gb', 'FCA', 'NoAuth', 'https://capital.com/es/operar-gbp-cad', 'Education', 'Forex trading L1', 'On Main banner click Button [Start Trading]', 'On Main banner click Button [Start Trading]', '', '05', "Bug # 05. Opened a 'Sign up' form instead of a 'Login'", '', '', '', '15/01/24', 'failed']

2024-01-26 16:01:07.105164   => 1. Pretest finished

2024-01-26 16:01:07.105254   2. Run run_pytest with Bid = Bid:11.02.04.01_01-es.gb.NoAuth from row =>

2024-01-26 16:01:07.105270   2.2. Run poetry run pytest ... in subprocess =>

2024-01-26 16:01:07.105286   Run command: 
poetry run pytest --retest=True --browser_name=Chrome --lang=es --country=gb --role=NoAuth --tpi_link=https://capital.com/es/operar-gbp-cad -m test_01 -v \tests/US_11_Education/US_11-02-04_Forex_trading/US_11-02-04-01_Forex_trading_test.py

2024-01-26 16:01:54.987653   => 2.2. pytest ... as subprocess finished

2024-01-26 16:01:54.987723   => 2. Autotest with Bid = Bid:11.02.04.01_01-es.gb.NoAuth from row finished

2024-01-26 16:01:54.987791   3. Run check_results =>
2024-01-26 16:01:54.987813   test_results: 
============================= test session starts ==============================
platform linux -- Python 3.11.7, pytest-7.4.4, pluggy-1.3.0 -- /home/runner/.cache/pypoetry/virtualenvs/testcapitalcompyse-cIj6ROMf-py3.11/bin/python
cachedir: .pytest_cache
metadata: {'Python': '3.11.7', 'Platform': 'Linux-6.2.0-1018-azure-x86_64-with-glibc2.35', 'Packages': {'pytest': '7.4.4', 'pluggy': '1.3.0'}, 'Plugins': {'metadata': '3.0.0', 'timeout': '2.2.0', 'html': '4.1.1', 'xdist': '3.5.0', 'allure-pytest': '2.13.2'}, 'CI': 'true', 'JAVA_HOME': '/usr/lib/jvm/temurin-11-jdk-amd64'}
rootdir: /home/runner/work/SeleniumCapital/SeleniumCapital
configfile: pytest.ini
plugins: metadata-3.0.0, timeout-2.2.0, html-4.1.1, xdist-3.5.0, allure-pytest-2.13.2
collecting ... collected 8 items / 7 deselected / 1 selected

tests/US_11_Education/US_11-02-04_Forex_trading/US_11-02-04-01_Forex_trading_test.py::TestForexTradingItemPage::test_01_main_banner_start_trading_button[https://capital.com/es/operar-gbp-cad-Chrome--ae-NoAuth-aqa.tomelo.an@gmail.com-iT9Vgqi6d$fiZ*Z] FAILED [100%]

=================================== FAILURES ===================================
_ TestForexTradingItemPage.test_01_main_banner_start_trading_button[https://capital.com/es/operar-gbp-cad-Chrome--ae-NoAuth-aqa.tomelo.an@gmail.com-iT9Vgqi6d$fiZ*Z] _

self = <US_11-02-04-01_Forex_trading_test.TestForexTradingItemPage object at 0x7fe827ccd610>
worker_id = 'master'
d = <selenium.webdriver.chrome.webdriver.WebDriver (session="2e6aeec2edfa8a38410ca775877f136b")>
cur_language = 'es', cur_country = 'gb', cur_role = 'NoAuth'
cur_login = 'aqa.tomelo.an@gmail.com', cur_password = 'iT9Vgqi6d$fiZ*Z'
cur_item_link = 'https://capital.com/es/operar-gbp-cad'

    @allure.step("Start test of button [Start trading] on Main banner")
    @pytest.mark.test_01
    def test_01_main_banner_start_trading_button(
            self, worker_id, d, cur_language, cur_country, cur_role, cur_login, cur_password, cur_item_link):
        """
        Check: Button [Start Trading] on Main banner
        Language: All. License: All.
        """
        bid = build_dynamic_arg_v4(
            d, worker_id, cur_language, cur_country, cur_role,
            "11.02.04", "Education > Menu item [Forex trading]",
            ".01_01", "Testing button [Start Trading] on Main banner")
    
        Common().check_language_in_list_and_skip_if_not_present(
            cur_language, ["", "de", "es", "fr", "it", "cn", "ru"])
    
        page_conditions = Conditions(d, "")
        page_conditions.preconditions(
            d, CapitalComPageSrc.URL, "", cur_language, cur_country, cur_role, cur_login, cur_password)
    
        test_element = MainBannerStartTrading(d, cur_item_link, bid)
>       test_element.full_test_with_tpi(d, cur_language, cur_country, cur_role, cur_item_link)

tests/US_11_Education/US_11-02-04_Forex_trading/US_11-02-04-01_Forex_trading_test.py:67: 
_ _ _ _ _ _ _ _ _ _ _ _ _ _ _ _ _ _ _ _ _ _ _ _ _ _ _ _ _ _ _ _ _ _ _ _ _ _ _ _ 
pages/Elements/ButtonStartTradingMainBanner.py:28: in full_test_with_tpi
    test_element.assert_login(d, cur_language, cur_item_link)
_ _ _ _ _ _ _ _ _ _ _ _ _ _ _ _ _ _ _ _ _ _ _ _ _ _ _ _ _ _ _ _ _ _ _ _ _ _ _ _ 

self = <pages.Elements.AssertClass.AssertClass object at 0x7fe827df5310>
d = <selenium.webdriver.chrome.webdriver.WebDriver (session="2e6aeec2edfa8a38410ca775877f136b")>
cur_language = 'es', cur_link = 'https://capital.com/es/operar-gbp-cad'

    @allure.step('Checking that "Login" form or page opened')
    def assert_login(self, d, cur_language, cur_link):
        """Method Assert Login form or page"""
        print(f"\n{datetime.now()}   3. Assert_Login_v0")
        self.page_signup_login = SignupLogin(d, cur_link)
        if self.page_signup_login.should_be_login_form():
            self.page_signup_login.close_login_form()
            del self.page_signup_login
        elif self.page_signup_login.should_be_login_page():
            self.page_signup_login.close_login_page()
            del self.page_signup_login
        elif self.page_signup_login.should_be_trading_platform_login_form(cur_language):
            self.page_signup_login.close_trading_platform_login_form()
            del self.page_signup_login
        elif self.page_signup_login.should_be_signup_form(cur_language):
            del self.page_signup_login
            print(f'\nBug: {self.bid}')
            retest_table_fill(self.bid, '05', self.link)
>           assert False, "Bug # 05. Opened a 'Sign up' form instead of a 'Login'"
E           AssertionError: Bug # 05. Opened a 'Sign up' form instead of a 'Login'

pages/Elements/AssertClass.py:69: AssertionError
---------------------------- Captured stdout setup -----------------------------

2024-01-26 16:01:08.131561   *** autouse fixture Chrome ***

{'width': 1280, 'height': 720}
Current test language - es
Current country of trading - gb



Current test role - NoAuth
Current login - aqa.tomelo.an@gmail.com
Current login - iT9Vgqi6d$fiZ*Z
----------------------------- Captured stdout call -----------------------------
{'width': 1280, 'height': 720}

2024-01-26 16:01:09.121249   worker_id = master

2024-01-26 16:01:09.121280   0. Allure grouping v4


2024-01-26 16:01:09.121698   START PRECONDITIONS =>

2024-01-26 16:01:10.610890   Load page https://capital.com

2024-01-26 16:01:10.610940   {'width': 1280, 'height': 720}

2024-01-26 16:01:10.613510   Set windows position at (0, 0) =>

2024-01-26 16:01:10.722167   Set resolution 1280 * 720 =>

2024-01-26 16:01:10.831484   => Resolution seted {'width': 1280, 'height': 720}

2024-01-26 16:01:15.839926   Капчи нет. Тестим дальше

2024-01-26 16:01:15.840034   Prev. Role: ?

2024-01-26 16:01:15.840057   Run preconditions: set "NoAuth" Role =>
2024-01-26 16:01:16.623275   Load page https://capital.com

2024-01-26 16:01:16.812006   => All cookies are deleted
2024-01-26 16:01:17.763870   Load page https://capital.com

2024-01-26 16:01:17.764154   Step 'Click button [Accept all cookies]'
2024-01-26 16:01:22.814924   Is Visible Button [Accept all cookies]? =>
2024-01-26 16:01:22.841590   => Button [Accept all cookies] is visible
2024-01-26 16:01:23.841766   Is clickable Button [Accept all cookies] =>
2024-01-26 16:01:23.865561   => Button [Accept all cookies] is clickable
2024-01-26 16:01:23.865595   Click Button [Accept all cookies] =>
2024-01-26 16:01:23.951148   => Button [Accept all cookies] is clicked
2024-01-26 16:01:23.951189   => Accepted All Cookies

2024-01-26 16:01:24.451576   Start Autorization

2024-01-26 16:01:24.451694   2. Act
2024-01-26 16:01:24.451708   Start Click button [Log in] =>
2024-01-26 16:01:24.461145   BUTTON_LOGIN scroll =>
2024-01-26 16:01:24.465250   Is BUTTON_LOGIN clickable? =>
2024-01-26 16:01:24.478736   => BUTTON_LOGIN is clickable
2024-01-26 16:01:24.478759   BUTTON_LOGIN click =>
2024-01-26 16:01:24.517840   => BUTTON_LOGIN is clicked!
2024-01-26 16:01:24.517947   => 'Login' form is opened
2024-01-26 16:01:25.122600   => "login" and "password" are inputted
2024-01-26 16:01:25.122643   Click [Continue] button on [Login] form =>
2024-01-26 16:01:25.239563   => [Continue] button on [Login] form is clicked
2024-01-26 16:01:27.925340   Start check that the Trading platform page is loaded and LOGO is present on it =>
2024-01-26 16:01:27.925374   Set timeout = 30
2024-01-26 16:01:27.925390   Wait until load page with special title =>
2024-01-26 16:01:27.928026   => Page with title "Trading Platform | Capital.com" is loaded
2024-01-26 16:01:27.928051   Is present LOGO on this page? =>
2024-01-26 16:01:29.228042   => LOGO is visible on this page
2024-01-26 16:01:29.228124   -> "Capital.com" logo is present on trading platform page

2024-01-26 16:01:30.390575   Start DeAuthorisation
2024-01-26 16:01:30.390691   1. BUTTON_MY_ACCOUNT is present? =>
2024-01-26 16:01:30.413737   => BUTTON_MY_ACCOUNT is present on this page
2024-01-26 16:01:31.753950   => Move to BUTTON_MY_ACCOUNT
2024-01-26 16:01:31.753992   2. BUTTON_MY_ACCOUNT is clickable? =>
2024-01-26 16:01:31.773681   => BUTTON_MY_ACCOUNT is clickable
2024-01-26 16:01:31.773717   BUTTON_MY_ACCOUNT Click =>
2024-01-26 16:01:32.613427   => User panel [My account] is opened

2024-01-26 16:01:32.613727   Start Click [Logout] button:
2024-01-26 16:01:32.613753   BUTTON_LOGOUT is present? =>
2024-01-26 16:01:32.626509   => BUTTON_LOGOUT is present
2024-01-26 16:01:32.626558   Is visible BUTTON_LOGOUT? =>
2024-01-26 16:01:32.662956   BUTTON_LOGOUT is clickable? =>
2024-01-26 16:01:32.696994   BUTTON_LOGOUT click =>
2024-01-26 16:01:32.799250   => BUTTON_LOGOUT is clicked

2024-01-26 16:01:32.799356   Current role: NoAuth

2024-01-26 16:01:32.799369   Prev language: ?

2024-01-26 16:01:32.799378   Run preconditions: set "es" language =>


2024-01-26 16:01:32.831660   => Language and Country menu is present


2024-01-26 16:01:32.846509   => Language and Country menu is visible


2024-01-26 16:01:34.624214   => Focus is moved on Language and Country menu 

2024-01-26 16:01:36.367851   => Current language: es

2024-01-26 16:01:36.367902   Prev country: ?

2024-01-26 16:01:36.367918   Run preconditions: set "gb" country =>


2024-01-26 16:01:36.393911   => Language and Country menu is present


2024-01-26 16:01:36.407712   => Language and Country menu is visible


2024-01-26 16:01:38.189795   => Focus is moved on Language and Country menu 

2024-01-26 16:01:40.360374   => Current country: gb

2024-01-26 16:01:40.360418   => THE END PRECONDITIONS

2024-01-26 16:01:40.360476   1. Arrange_v0
2024-01-26 16:01:41.923039   Load page https://capital.com/es/operar-gbp-cad
2024-01-26 16:01:41.954731   BUTTON_START_TRADING scroll =>
2024-01-26 16:01:41.960572   BUTTON_START_TRADING is visible? =>
2024-01-26 16:01:41.996197   => BUTTON_START_TRADING is visible on the page!

2024-01-26 16:01:41.996409   2. Act_v0
2024-01-26 16:01:41.996430   Start Click button [Start Trading] =>
2024-01-26 16:01:42.003549   BUTTON_START_TRADING is clickable? =>
2024-01-26 16:01:42.021058   BUTTON_START_TRADING click =>
2024-01-26 16:01:42.070464   => BUTTON_START_TRADING clicked

2024-01-26 16:01:42.070717   3. Assert_Login_v0
2024-01-26 16:01:42.070806   Check that 'Login' form is opened
2024-01-26 16:01:47.602335   'Login' form not opened
2024-01-26 16:01:47.605196   'Login' page not opened
2024-01-26 16:01:53.123534   'Login' form on trading platform not opened
2024-01-26 16:01:53.123700   Start step Check that [Sign up] form is opened
2024-01-26 16:01:53.137597   'Sign up' form opened
2024-01-26 16:01:53.137643   Assert SIGNUP_HEADER =>
2024-01-26 16:01:53.150847   Assert SIGNUP_REF_LOGIN =>
2024-01-26 16:01:53.165049   Assert SIGNUP_PRIVACY_POLICY_ALL_2 =>
2024-01-26 16:01:53.179032   => SIGNUP_PRIVACY_POLICY_ALL
2024-01-26 16:01:53.179058   => 'Signup' form is checked

Bug: Bid:11.02.04.01_01-es.gb.NoAuth

2024-01-26 16:01:53.179113   Проверка бага в таблице ретеста  =>

2024-01-26 16:01:53.185538   4. Fixing one row check results into Google Sheet Bugs Report =>
1 cells updated.
2024-01-26 16:01:53.739324   => 4. One row check results into Google Sheet Bugs Report fixed

2024-01-26 16:01:54.141318   4. Fixing one row check results into Google Sheet Bugs Report =>
1 cells updated.
2024-01-26 16:01:54.314130   => 4. One row check results into Google Sheet Bugs Report fixed

2024-01-26 16:01:54.314206   Bug: Bid:11.02.04.01_01-es.gb.NoAuth уже существует, но тип бага изменился с 15/01/24 на 05

2024-01-26 16:01:54.314771   Bug: Bid:11.02.04.01_01-es.gb.NoAuth-05 уже существует

2024-01-26 16:01:54.314995   4. Fixing one row check results into Google Sheet Bugs Report =>
1 cells updated.
2024-01-26 16:01:54.617108   => 4. One row check results into Google Sheet Bugs Report fixed
------------------------------ Captured log call -------------------------------
2024-01-26 16:01:47 ERROR Elements not present after 0.5 seconds on page: https://capital.com/es/operar-gbp-cad
2024-01-26 16:01:47 ERROR 
Traceback (most recent call last):
  File "/home/runner/work/SeleniumCapital/SeleniumCapital/pages/base_page.py", line 82, in inner_function
    return func(*args, **kwargs)
           ^^^^^^^^^^^^^^^^^^^^^
  File "/home/runner/work/SeleniumCapital/SeleniumCapital/pages/base_page.py", line 293, in element_is_visible
    return Wait(self.browser, timeout).until(
           ^^^^^^^^^^^^^^^^^^^^^^^^^^^^^^^^^^
  File "/home/runner/.cache/pypoetry/virtualenvs/testcapitalcompyse-cIj6ROMf-py3.11/lib/python3.11/site-packages/selenium/webdriver/support/wait.py", line 105, in until
    raise TimeoutException(message, screen, stacktrace)
selenium.common.exceptions.TimeoutException: Message: 
Stacktrace:
#0 0x5582416f5f83 <unknown>
#1 0x5582413aecf7 <unknown>
#2 0x5582413fe99e <unknown>
#3 0x5582413feaa1 <unknown>
#4 0x558241449d64 <unknown>
#5 0x5582414280dd <unknown>
#6 0x558241447006 <unknown>
#7 0x558241427e53 <unknown>
#8 0x5582413efdd4 <unknown>
#9 0x5582413f11de <unknown>
#10 0x5582416ba531 <unknown>
#11 0x5582416be455 <unknown>
#12 0x5582416a6f55 <unknown>
#13 0x5582416bf0ef <unknown>
#14 0x55824168a99f <unknown>
#15 0x5582416e3008 <unknown>
#16 0x5582416e31d7 <unknown>
#17 0x5582416f5124 <unknown>
#18 0x7f8c56494ac3 <unknown>

2024-01-26 16:01:53 ERROR Elements not present after 0.5 seconds on page: https://capital.com/es/operar-gbp-cad
2024-01-26 16:01:53 ERROR 
Traceback (most recent call last):
  File "/home/runner/work/SeleniumCapital/SeleniumCapital/pages/base_page.py", line 82, in inner_function
    return func(*args, **kwargs)
           ^^^^^^^^^^^^^^^^^^^^^
  File "/home/runner/work/SeleniumCapital/SeleniumCapital/pages/base_page.py", line 293, in element_is_visible
    return Wait(self.browser, timeout).until(
           ^^^^^^^^^^^^^^^^^^^^^^^^^^^^^^^^^^
  File "/home/runner/.cache/pypoetry/virtualenvs/testcapitalcompyse-cIj6ROMf-py3.11/lib/python3.11/site-packages/selenium/webdriver/support/wait.py", line 105, in until
    raise TimeoutException(message, screen, stacktrace)
selenium.common.exceptions.TimeoutException: Message: 
Stacktrace:
#0 0x5582416f5f83 <unknown>
#1 0x5582413aecf7 <unknown>
#2 0x5582413fe99e <unknown>
#3 0x5582413feaa1 <unknown>
#4 0x558241449d64 <unknown>
#5 0x5582414280dd <unknown>
#6 0x558241447006 <unknown>
#7 0x558241427e53 <unknown>
#8 0x5582413efdd4 <unknown>
#9 0x5582413f11de <unknown>
#10 0x5582416ba531 <unknown>
#11 0x5582416be455 <unknown>
#12 0x5582416a6f55 <unknown>
#13 0x5582416bf0ef <unknown>
#14 0x55824168a99f <unknown>
#15 0x5582416e3008 <unknown>
#16 0x5582416e31d7 <unknown>
#17 0x5582416f5124 <unknown>
#18 0x7f8c56494ac3 <unknown>
--------------------------- Captured stdout teardown ---------------------------

2024-01-26 16:01:54.897998   *** end fixture Browser = teardown ***

=============================== warnings summary ===============================
tests/US_11_Education/US_11-02-04_Forex_trading/US_11-02-04-01_Forex_trading_test.py::TestForexTradingItemPage::test_01_main_banner_start_trading_button[https://capital.com/es/operar-gbp-cad-Chrome--ae-NoAuth-aqa.tomelo.an@gmail.com-iT9Vgqi6d$fiZ*Z]
  /home/runner/.cache/pypoetry/virtualenvs/testcapitalcompyse-cIj6ROMf-py3.11/lib/python3.11/site-packages/pytest_html/plugin.py:133: DeprecationWarning: The 'report.extra' attribute is deprecated and will be removed in a future release, use 'report.extras' instead.
    warnings.warn(

-- Docs: https://docs.pytest.org/en/stable/how-to/capture-warnings.html
- Generated html report: file:///home/runner/work/SeleniumCapital/SeleniumCapital/report/report.html -
=========================== short test summary info ============================
FAILED tests/US_11_Education/US_11-02-04_Forex_trading/US_11-02-04-01_Forex_trading_test.py::TestForexTradingItemPage::test_01_main_banner_start_trading_button[https://capital.com/es/operar-gbp-cad-Chrome--ae-NoAuth-aqa.tomelo.an@gmail.com-iT9Vgqi6d$fiZ*Z] - AssertionError: Bug # 05. Opened a 'Sign up' form instead of a 'Login'
================= 1 failed, 7 deselected, 1 warning in 46.93s ==================

2024-01-26 16:01:54.988213   => Текущий тест: 1 failed

2024-01-26 16:01:54.989324   => 3. check_results finished

2024-01-26 16:01:54.989483   4. Fixing one row check results into Google Sheet Bugs Report =>
1 cells updated.
2024-01-26 16:01:55.180917   => 4. One row check results into Google Sheet Bugs Report fixed
