


2024-01-26 14:59:56.161661   0. Get Values row =>
2024-01-26 14:59:56.161693   Row # = 135
2024-01-26 14:59:56.161706   Row Values = 
['Bid:11.02.02.01_10-ro.gb.Auth', 'Ubuntu 22.04', 'Chrome', '11.02.02.01', '_10', 'ro', 'gb', 'FCA', 'Auth', 'https://capital.com/ro/tranzactionati-nio', 'Education', 'Shares trading / child', '', '', '', '11', 'Bug # 11. Trading platform is opened in not DEMO mode', '', '', '', '25/01/24']

2024-01-26 14:59:56.161829   1. Run pretest =>

2024-01-26 14:59:56.161849   row_loc = 
['Bid:11.02.02.01_10-ro.gb.Auth', 'Ubuntu 22.04', 'Chrome', '11.02.02.01', '_10', 'ro', 'gb', 'FCA', 'Auth', 'https://capital.com/ro/tranzactionati-nio', 'Education', 'Shares trading / child', '', '', '', '11', 'Bug # 11. Trading platform is opened in not DEMO mode', '', '', '', '25/01/24']

2024-01-26 14:59:56.161873   => 1. Pretest finished

2024-01-26 14:59:56.161976   2. Run run_pytest with Bid = Bid:11.02.02.01_10-ro.gb.Auth from row =>

2024-01-26 14:59:56.161995   2.2. Run poetry run pytest ... in subprocess =>

2024-01-26 14:59:56.162012   Run command: 
poetry run pytest --retest=True --browser_name=Chrome --lang=ro --country=gb --role=Auth --tpi_link=https://capital.com/ro/tranzactionati-nio -m test_10 -v \tests/US_11_Education/US_11-02-02_Shares_trading/US_11-02-02-01_Shares_trading_test.py

2024-01-26 15:01:13.809177   => 2.2. pytest ... as subprocess finished

2024-01-26 15:01:13.809233   => 2. Autotest with Bid = Bid:11.02.02.01_10-ro.gb.Auth from row finished

2024-01-26 15:01:13.809318   3. Run check_results =>
2024-01-26 15:01:13.809345   test_results: 
============================= test session starts ==============================
platform linux -- Python 3.11.7, pytest-7.4.4, pluggy-1.3.0 -- /home/runner/.cache/pypoetry/virtualenvs/testcapitalcompyse-cIj6ROMf-py3.11/bin/python
cachedir: .pytest_cache
metadata: {'Python': '3.11.7', 'Platform': 'Linux-6.2.0-1018-azure-x86_64-with-glibc2.35', 'Packages': {'pytest': '7.4.4', 'pluggy': '1.3.0'}, 'Plugins': {'metadata': '3.0.0', 'timeout': '2.2.0', 'html': '4.1.1', 'xdist': '3.5.0', 'allure-pytest': '2.13.2'}, 'CI': 'true', 'JAVA_HOME': '/usr/lib/jvm/temurin-11-jdk-amd64'}
rootdir: /home/runner/work/SeleniumCapital/SeleniumCapital
configfile: pytest.ini
plugins: metadata-3.0.0, timeout-2.2.0, html-4.1.1, xdist-3.5.0, allure-pytest-2.13.2
collecting ... collected 10 items / 9 deselected / 1 selected

tests/US_11_Education/US_11-02-02_Shares_trading/US_11-02-02-01_Shares_trading_test.py::TestSharesTradingItems::test_10_block_vert_banner_button[https://capital.com/ro/tranzactionati-nio-Chrome--ae-Auth-aqa.tomelo.an@gmail.com-iT9Vgqi6d$fiZ*Z] FAILED [100%]

=================================== FAILURES ===================================
_ TestSharesTradingItems.test_10_block_vert_banner_button[https://capital.com/ro/tranzactionati-nio-Chrome--ae-Auth-aqa.tomelo.an@gmail.com-iT9Vgqi6d$fiZ*Z] _

self = <US_11-02-02-01_Shares_trading_test.TestSharesTradingItems object at 0x7fdb17f3a890>
worker_id = 'master'
d = <selenium.webdriver.chrome.webdriver.WebDriver (session="9d844c7ba4391f714f36d74c4a37e5e5")>
cur_language = 'ro', cur_country = 'gb', cur_role = 'Auth'
cur_login = 'aqa.tomelo.an@gmail.com', cur_password = 'iT9Vgqi6d$fiZ*Z'
cur_item_link = 'https://capital.com/ro/tranzactionati-nio'

    @allure.step("Start test of button in block [Vertical banner]")
    # @pytest.mark.skip(reason="Skipped for debugging")
    @pytest.mark.test_10
    def test_10_block_vert_banner_button(
            self, worker_id, d, cur_language, cur_country, cur_role, cur_login, cur_password,
            cur_item_link):
        """
                Check the [Button] on the Vertical side banner at the bottom of the page.
                For "Authorized user" role:
                The trading platform page is opened depend on the banner [type-id]:
                        Live mode if the banner in the Live mode banners list
                        Demo mode if the banner in the Demo mode banners list
                """
    
        bid = build_dynamic_arg_v4(
            d, worker_id, cur_language, cur_country, cur_role,
            "11.02.02", "Education > Menu item [Shares trading]",
            ".01_10", "Testing button in block [Vertical banner]")
    
        check_language(cur_language)
        if cur_language in ["", "ar", "cn"]:
            Common().skip_test_for_language(cur_language)
    
        page_conditions = Conditions(d, "")
>       page_conditions.preconditions(
            d, CapitalComPageSrc.URL, "", cur_language, cur_country, cur_role, cur_login, cur_password)

tests/US_11_Education/US_11-02-02_Shares_trading/US_11-02-02-01_Shares_trading_test.py:318: 
_ _ _ _ _ _ _ _ _ _ _ _ _ _ _ _ _ _ _ _ _ _ _ _ _ _ _ _ _ _ _ _ _ _ _ _ _ _ _ _ 
pages/conditions.py:99: in preconditions
    self.to_do_authorisation(d, host, cur_login, cur_password)
_ _ _ _ _ _ _ _ _ _ _ _ _ _ _ _ _ _ _ _ _ _ _ _ _ _ _ _ _ _ _ _ _ _ _ _ _ _ _ _ 

self = <pages.conditions.Conditions object at 0x7fdb188dcd90>
d = <selenium.webdriver.chrome.webdriver.WebDriver (session="9d844c7ba4391f714f36d74c4a37e5e5")>
link = 'https://capital.com', login = 'aqa.tomelo.an@gmail.com'
password = 'iT9Vgqi6d$fiZ*Z'

    @allure.step("Start Authorisation")
    # @profile(precision=3)
    def to_do_authorisation(self, d, link, login, password):
        """Authorisation"""
        print(f"\n"
              f"{datetime.now()}   Start Autorization")
        # Setup wait for later
    
        assert login != "", "Авторизация невозможна. Не указан e-mail"
        assert password != "", "Авторизация невозможна. Не указан пароль"
        # нажать в хедере на кнопку "Log in"
        header = HeaderButtonLogin(d, link)
        if not header.element_click():
            del header
            pytest.fail("Bug! 'Login' button is not clicked")
        print(f"{datetime.now()}   => 'Login' form is opened")
    
        # User's name is passed to the text element on the login page
        if not header.send_keys(login, *LoginFormLocators.LOGIN_INPUT_EMAIL):
>           pytest.fail(f"{datetime.now()}   => \"login\" is not inputted")
E           Failed: 2024-01-26 15:00:18.503770   => "login" is not inputted

pages/conditions.py:187: Failed
---------------------------- Captured stdout setup -----------------------------

2024-01-26 14:59:56.968386   *** autouse fixture Chrome ***

{'width': 1280, 'height': 720}
Current test language - ro
Current country of trading - gb



Current test role - Auth
Current login - aqa.tomelo.an@gmail.com
Current login - iT9Vgqi6d$fiZ*Z
----------------------------- Captured stdout call -----------------------------
{'width': 1280, 'height': 720}

2024-01-26 14:59:57.875140   worker_id = master

2024-01-26 14:59:57.875157   0. Allure grouping v4


2024-01-26 14:59:57.875339   START PRECONDITIONS =>

2024-01-26 14:59:59.318811   Load page https://capital.com

2024-01-26 14:59:59.318852   {'width': 1280, 'height': 720}

2024-01-26 14:59:59.320367   Set windows position at (0, 0) =>

2024-01-26 14:59:59.426522   Set resolution 1280 * 720 =>

2024-01-26 14:59:59.533946   => Resolution seted {'width': 1280, 'height': 720}

2024-01-26 15:00:04.584508   Капчи нет. Тестим дальше

2024-01-26 15:00:04.584621   Prev. Role: ?

2024-01-26 15:00:04.584640   Run preconditions: set "Auth" Role =>
2024-01-26 15:00:05.363037   Load page https://capital.com

2024-01-26 15:00:05.578568   => All cookies are deleted
2024-01-26 15:00:06.388649   Load page https://capital.com

2024-01-26 15:00:06.388878   Step 'Click button [Accept all cookies]'
2024-01-26 15:00:11.397531   Is Visible Button [Accept all cookies]? =>
2024-01-26 15:00:11.422167   => Button [Accept all cookies] is visible
2024-01-26 15:00:12.422284   Is clickable Button [Accept all cookies] =>
2024-01-26 15:00:12.472527   => Button [Accept all cookies] is clickable
2024-01-26 15:00:12.472568   Click Button [Accept all cookies] =>
2024-01-26 15:00:12.544628   => Button [Accept all cookies] is clicked
2024-01-26 15:00:12.544667   => Accepted All Cookies

2024-01-26 15:00:13.045038   Start Autorization

2024-01-26 15:00:13.045165   2. Act
2024-01-26 15:00:13.045182   Start Click button [Log in] =>
2024-01-26 15:00:13.055917   BUTTON_LOGIN scroll =>
2024-01-26 15:00:13.060131   Is BUTTON_LOGIN clickable? =>
2024-01-26 15:00:13.073926   => BUTTON_LOGIN is clickable
2024-01-26 15:00:13.073951   BUTTON_LOGIN click =>
2024-01-26 15:00:13.113283   => BUTTON_LOGIN is clicked!
2024-01-26 15:00:13.113366   => 'Login' form is opened
2024-01-26 15:00:18.503716   => TextBox with '#l_overlay input[type='email']' locator is not present
--------------------------- Captured stdout teardown ---------------------------

2024-01-26 15:01:13.737332   *** end fixture Browser = teardown ***

=============================== warnings summary ===============================
tests/US_11_Education/US_11-02-02_Shares_trading/US_11-02-02-01_Shares_trading_test.py::TestSharesTradingItems::test_10_block_vert_banner_button[https://capital.com/ro/tranzactionati-nio-Chrome--ae-Auth-aqa.tomelo.an@gmail.com-iT9Vgqi6d$fiZ*Z]
  /home/runner/.cache/pypoetry/virtualenvs/testcapitalcompyse-cIj6ROMf-py3.11/lib/python3.11/site-packages/pytest_html/plugin.py:133: DeprecationWarning: The 'report.extra' attribute is deprecated and will be removed in a future release, use 'report.extras' instead.
    warnings.warn(

-- Docs: https://docs.pytest.org/en/stable/how-to/capture-warnings.html
- Generated html report: file:///home/runner/work/SeleniumCapital/SeleniumCapital/report/report.html -
=========================== short test summary info ============================
FAILED tests/US_11_Education/US_11-02-02_Shares_trading/US_11-02-02-01_Shares_trading_test.py::TestSharesTradingItems::test_10_block_vert_banner_button[https://capital.com/ro/tranzactionati-nio-Chrome--ae-Auth-aqa.tomelo.an@gmail.com-iT9Vgqi6d$fiZ*Z] - Failed: 2024-01-26 15:00:18.503770   => "login" is not inputted
============ 1 failed, 9 deselected, 1 warning in 76.92s (0:01:16) =============

2024-01-26 15:01:13.809753   => Текущий тест: 1 failed

2024-01-26 15:01:13.810712   => 3. check_results finished

2024-01-26 15:01:13.810902   4. Fixing one row check results into Google Sheet Bugs Report =>
1 cells updated.
2024-01-26 15:01:14.042477   => 4. One row check results into Google Sheet Bugs Report fixed
