2024-01-26 15:29:54 ERROR Elements not present after 0.5 seconds on page: https://capital.com/de/rohstoffhandel
2024-01-26 15:29:54 ERROR 
Traceback (most recent call last):
  File "/home/runner/work/SeleniumCapital/SeleniumCapital/pages/base_page.py", line 82, in inner_function
    return func(*args, **kwargs)
           ^^^^^^^^^^^^^^^^^^^^^
  File "/home/runner/work/SeleniumCapital/SeleniumCapital/pages/base_page.py", line 293, in element_is_visible
    return Wait(self.browser, timeout).until(
           ^^^^^^^^^^^^^^^^^^^^^^^^^^^^^^^^^^
  File "/home/runner/.cache/pypoetry/virtualenvs/testcapitalcompyse-cIj6ROMf-py3.11/lib/python3.11/site-packages/selenium/webdriver/support/wait.py", line 105, in until
    raise TimeoutException(message, screen, stacktrace)
selenium.common.exceptions.TimeoutException: Message: 
Stacktrace:
#0 0x55bddb951f83 <unknown>
#1 0x55bddb60acf7 <unknown>
#2 0x55bddb65a99e <unknown>
#3 0x55bddb65aaa1 <unknown>
#4 0x55bddb6a5d64 <unknown>
#5 0x55bddb6840dd <unknown>
#6 0x55bddb6a3006 <unknown>
#7 0x55bddb683e53 <unknown>
#8 0x55bddb64bdd4 <unknown>
#9 0x55bddb64d1de <unknown>
#10 0x55bddb916531 <unknown>
#11 0x55bddb91a455 <unknown>
#12 0x55bddb902f55 <unknown>
#13 0x55bddb91b0ef <unknown>
#14 0x55bddb8e699f <unknown>
#15 0x55bddb93f008 <unknown>
#16 0x55bddb93f1d7 <unknown>
#17 0x55bddb951124 <unknown>
#18 0x7f8348094ac3 <unknown>

2024-01-26 15:30:02 ERROR Elements not present after 0.5 seconds on page: https://capital.com/trading/signup
2024-01-26 15:30:02 ERROR 
Traceback (most recent call last):
  File "/home/runner/work/SeleniumCapital/SeleniumCapital/pages/base_page.py", line 82, in inner_function
    return func(*args, **kwargs)
           ^^^^^^^^^^^^^^^^^^^^^
  File "/home/runner/work/SeleniumCapital/SeleniumCapital/pages/base_page.py", line 293, in element_is_visible
    return Wait(self.browser, timeout).until(
           ^^^^^^^^^^^^^^^^^^^^^^^^^^^^^^^^^^
  File "/home/runner/.cache/pypoetry/virtualenvs/testcapitalcompyse-cIj6ROMf-py3.11/lib/python3.11/site-packages/selenium/webdriver/support/wait.py", line 105, in until
    raise TimeoutException(message, screen, stacktrace)
selenium.common.exceptions.TimeoutException: Message: 
Stacktrace:
#0 0x55bddb951f83 <unknown>
#1 0x55bddb60acf7 <unknown>
#2 0x55bddb65a99e <unknown>
#3 0x55bddb65aaa1 <unknown>
#4 0x55bddb6a5d64 <unknown>
#5 0x55bddb6840dd <unknown>
#6 0x55bddb6a3006 <unknown>
#7 0x55bddb683e53 <unknown>
#8 0x55bddb64bdd4 <unknown>
#9 0x55bddb64d1de <unknown>
#10 0x55bddb916531 <unknown>
#11 0x55bddb91a455 <unknown>
#12 0x55bddb902f55 <unknown>
#13 0x55bddb91b0ef <unknown>
#14 0x55bddb8e699f <unknown>
#15 0x55bddb93f008 <unknown>
#16 0x55bddb93f1d7 <unknown>
#17 0x55bddb951124 <unknown>
#18 0x7f8348094ac3 <unknown>

2024-01-26 15:30:07 ERROR Elements not present after 0.5 seconds on page: https://capital.com/trading/signup
2024-01-26 15:30:07 ERROR 
Traceback (most recent call last):
  File "/home/runner/work/SeleniumCapital/SeleniumCapital/pages/base_page.py", line 82, in inner_function
    return func(*args, **kwargs)
           ^^^^^^^^^^^^^^^^^^^^^
  File "/home/runner/work/SeleniumCapital/SeleniumCapital/pages/base_page.py", line 293, in element_is_visible
    return Wait(self.browser, timeout).until(
           ^^^^^^^^^^^^^^^^^^^^^^^^^^^^^^^^^^
  File "/home/runner/.cache/pypoetry/virtualenvs/testcapitalcompyse-cIj6ROMf-py3.11/lib/python3.11/site-packages/selenium/webdriver/support/wait.py", line 105, in until
    raise TimeoutException(message, screen, stacktrace)
selenium.common.exceptions.TimeoutException: Message: 
Stacktrace:
#0 0x55bddb951f83 <unknown>
#1 0x55bddb60acf7 <unknown>
#2 0x55bddb65a99e <unknown>
#3 0x55bddb65aaa1 <unknown>
#4 0x55bddb6a5d64 <unknown>
#5 0x55bddb6840dd <unknown>
#6 0x55bddb6a3006 <unknown>
#7 0x55bddb683e53 <unknown>
#8 0x55bddb64bdd4 <unknown>
#9 0x55bddb64d1de <unknown>
#10 0x55bddb916531 <unknown>
#11 0x55bddb91a455 <unknown>
#12 0x55bddb902f55 <unknown>
#13 0x55bddb91b0ef <unknown>
#14 0x55bddb8e699f <unknown>
#15 0x55bddb93f008 <unknown>
#16 0x55bddb93f1d7 <unknown>
#17 0x55bddb951124 <unknown>
#18 0x7f8348094ac3 <unknown>

2024-01-26 15:30:13 ERROR Elements not present after 0.5 seconds on page: https://capital.com/trading/signup
2024-01-26 15:30:13 ERROR 
Traceback (most recent call last):
  File "/home/runner/work/SeleniumCapital/SeleniumCapital/pages/base_page.py", line 82, in inner_function
    return func(*args, **kwargs)
           ^^^^^^^^^^^^^^^^^^^^^
  File "/home/runner/work/SeleniumCapital/SeleniumCapital/pages/base_page.py", line 293, in element_is_visible
    return Wait(self.browser, timeout).until(
           ^^^^^^^^^^^^^^^^^^^^^^^^^^^^^^^^^^
  File "/home/runner/.cache/pypoetry/virtualenvs/testcapitalcompyse-cIj6ROMf-py3.11/lib/python3.11/site-packages/selenium/webdriver/support/wait.py", line 105, in until
    raise TimeoutException(message, screen, stacktrace)
selenium.common.exceptions.TimeoutException: Message: 
Stacktrace:
#0 0x55bddb951f83 <unknown>
#1 0x55bddb60acf7 <unknown>
#2 0x55bddb65a99e <unknown>
#3 0x55bddb65aaa1 <unknown>
#4 0x55bddb6a5d64 <unknown>
#5 0x55bddb6840dd <unknown>
#6 0x55bddb6a3006 <unknown>
#7 0x55bddb683e53 <unknown>
#8 0x55bddb64bdd4 <unknown>
#9 0x55bddb64d1de <unknown>
#10 0x55bddb916531 <unknown>
#11 0x55bddb91a455 <unknown>
#12 0x55bddb902f55 <unknown>
#13 0x55bddb91b0ef <unknown>
#14 0x55bddb8e699f <unknown>
#15 0x55bddb93f008 <unknown>
#16 0x55bddb93f1d7 <unknown>
#17 0x55bddb951124 <unknown>
#18 0x7f8348094ac3 <unknown>

2024-01-26 15:30:20 ERROR Elements not present after 0.5 seconds on page: https://capital.com/trading/signup
2024-01-26 15:30:20 ERROR 
Traceback (most recent call last):
  File "/home/runner/work/SeleniumCapital/SeleniumCapital/pages/base_page.py", line 82, in inner_function
    return func(*args, **kwargs)
           ^^^^^^^^^^^^^^^^^^^^^
  File "/home/runner/work/SeleniumCapital/SeleniumCapital/pages/base_page.py", line 293, in element_is_visible
    return Wait(self.browser, timeout).until(
           ^^^^^^^^^^^^^^^^^^^^^^^^^^^^^^^^^^
  File "/home/runner/.cache/pypoetry/virtualenvs/testcapitalcompyse-cIj6ROMf-py3.11/lib/python3.11/site-packages/selenium/webdriver/support/wait.py", line 105, in until
    raise TimeoutException(message, screen, stacktrace)
selenium.common.exceptions.TimeoutException: Message: 
Stacktrace:
#0 0x55bddb951f83 <unknown>
#1 0x55bddb60acf7 <unknown>
#2 0x55bddb65a99e <unknown>
#3 0x55bddb65aaa1 <unknown>
#4 0x55bddb6a5d64 <unknown>
#5 0x55bddb6840dd <unknown>
#6 0x55bddb6a3006 <unknown>
#7 0x55bddb683e53 <unknown>
#8 0x55bddb64bdd4 <unknown>
#9 0x55bddb64d1de <unknown>
#10 0x55bddb916531 <unknown>
#11 0x55bddb91a455 <unknown>
#12 0x55bddb902f55 <unknown>
#13 0x55bddb91b0ef <unknown>
#14 0x55bddb8e699f <unknown>
#15 0x55bddb93f008 <unknown>
#16 0x55bddb93f1d7 <unknown>
#17 0x55bddb951124 <unknown>
#18 0x7f8348094ac3 <unknown>