2024-01-26 15:20:14 ERROR Elements not present after 0.5 seconds on page: https://capital.com/de/gbpjpy-handel
2024-01-26 15:20:14 ERROR 
Traceback (most recent call last):
  File "/home/runner/work/SeleniumCapital/SeleniumCapital/pages/base_page.py", line 82, in inner_function
    return func(*args, **kwargs)
           ^^^^^^^^^^^^^^^^^^^^^
  File "/home/runner/work/SeleniumCapital/SeleniumCapital/pages/base_page.py", line 293, in element_is_visible
    return Wait(self.browser, timeout).until(
           ^^^^^^^^^^^^^^^^^^^^^^^^^^^^^^^^^^
  File "/home/runner/.cache/pypoetry/virtualenvs/testcapitalcompyse-cIj6ROMf-py3.11/lib/python3.11/site-packages/selenium/webdriver/support/wait.py", line 105, in until
    raise TimeoutException(message, screen, stacktrace)
selenium.common.exceptions.TimeoutException: Message: 
Stacktrace:
#0 0x56376e1f3f83 <unknown>
#1 0x56376deaccf7 <unknown>
#2 0x56376defc99e <unknown>
#3 0x56376defcaa1 <unknown>
#4 0x56376df47d64 <unknown>
#5 0x56376df260dd <unknown>
#6 0x56376df45006 <unknown>
#7 0x56376df25e53 <unknown>
#8 0x56376deeddd4 <unknown>
#9 0x56376deef1de <unknown>
#10 0x56376e1b8531 <unknown>
#11 0x56376e1bc455 <unknown>
#12 0x56376e1a4f55 <unknown>
#13 0x56376e1bd0ef <unknown>
#14 0x56376e18899f <unknown>
#15 0x56376e1e1008 <unknown>
#16 0x56376e1e11d7 <unknown>
#17 0x56376e1f3124 <unknown>
#18 0x7fa426294ac3 <unknown>

2024-01-26 15:20:20 ERROR Elements not present after 0.5 seconds on page: https://capital.com/de/gbpjpy-handel
2024-01-26 15:20:20 ERROR 
Traceback (most recent call last):
  File "/home/runner/work/SeleniumCapital/SeleniumCapital/pages/base_page.py", line 82, in inner_function
    return func(*args, **kwargs)
           ^^^^^^^^^^^^^^^^^^^^^
  File "/home/runner/work/SeleniumCapital/SeleniumCapital/pages/base_page.py", line 293, in element_is_visible
    return Wait(self.browser, timeout).until(
           ^^^^^^^^^^^^^^^^^^^^^^^^^^^^^^^^^^
  File "/home/runner/.cache/pypoetry/virtualenvs/testcapitalcompyse-cIj6ROMf-py3.11/lib/python3.11/site-packages/selenium/webdriver/support/wait.py", line 105, in until
    raise TimeoutException(message, screen, stacktrace)
selenium.common.exceptions.TimeoutException: Message: 
Stacktrace:
#0 0x56376e1f3f83 <unknown>
#1 0x56376deaccf7 <unknown>
#2 0x56376defc99e <unknown>
#3 0x56376defcaa1 <unknown>
#4 0x56376df47d64 <unknown>
#5 0x56376df260dd <unknown>
#6 0x56376df45006 <unknown>
#7 0x56376df25e53 <unknown>
#8 0x56376deeddd4 <unknown>
#9 0x56376deef1de <unknown>
#10 0x56376e1b8531 <unknown>
#11 0x56376e1bc455 <unknown>
#12 0x56376e1a4f55 <unknown>
#13 0x56376e1bd0ef <unknown>
#14 0x56376e18899f <unknown>
#15 0x56376e1e1008 <unknown>
#16 0x56376e1e11d7 <unknown>
#17 0x56376e1f3124 <unknown>
#18 0x7fa426294ac3 <unknown>