


2024-01-26 14:51:05.559631   0. Get Values row =>
2024-01-26 14:51:05.559663   Row # = 246
2024-01-26 14:51:05.559673   Row Values = 
['Bid:11.02.03.00_01-fr.gb.NoAuth', 'Ubuntu 22.04', 'Chrome', '11.02.03.00', '_01', 'fr', 'gb', 'FCA', 'NoAuth', '', 'Education', 'Commodities trading', 'On Main banner click Button [Start Trading]', 'On Main banner click Button [Start Trading]', '', '05', "Bug # 05. Opened a 'Sign up' form instead of a 'Login'", '', '', '', '23/01/24', 'failed']

2024-01-26 14:51:05.559764   1. Run pretest =>

2024-01-26 14:51:05.559778   row_loc = 
['Bid:11.02.03.00_01-fr.gb.NoAuth', 'Ubuntu 22.04', 'Chrome', '11.02.03.00', '_01', 'fr', 'gb', 'FCA', 'NoAuth', '', 'Education', 'Commodities trading', 'On Main banner click Button [Start Trading]', 'On Main banner click Button [Start Trading]', '', '05', "Bug # 05. Opened a 'Sign up' form instead of a 'Login'", '', '', '', '23/01/24', 'failed']

2024-01-26 14:51:05.559793   => 1. Pretest finished

2024-01-26 14:51:05.559861   2. Run run_pytest with Bid = Bid:11.02.03.00_01-fr.gb.NoAuth from row =>

2024-01-26 14:51:05.559873   2.2. Run poetry run pytest ... in subprocess =>

2024-01-26 14:51:05.559885   Run command: 
poetry run pytest --retest=True --browser_name=Chrome --lang=fr --country=gb --role=NoAuth -m test_01 -v \tests/US_11_Education/US_11-02-03_Commodities_trading/us_11-02-03-00_Commodities_trading_test.py

2024-01-26 14:51:58.857947   => 2.2. pytest ... as subprocess finished

2024-01-26 14:51:58.857998   => 2. Autotest with Bid = Bid:11.02.03.00_01-fr.gb.NoAuth from row finished

2024-01-26 14:51:58.858077   3. Run check_results =>
2024-01-26 14:51:58.858104   test_results: 
============================= test session starts ==============================
platform linux -- Python 3.11.7, pytest-7.4.4, pluggy-1.3.0 -- /home/runner/.cache/pypoetry/virtualenvs/testcapitalcompyse-cIj6ROMf-py3.11/bin/python
cachedir: .pytest_cache
metadata: {'Python': '3.11.7', 'Platform': 'Linux-6.2.0-1018-azure-x86_64-with-glibc2.35', 'Packages': {'pytest': '7.4.4', 'pluggy': '1.3.0'}, 'Plugins': {'metadata': '3.0.0', 'timeout': '2.2.0', 'html': '4.1.1', 'xdist': '3.5.0', 'allure-pytest': '2.13.2'}, 'CI': 'true', 'JAVA_HOME': '/usr/lib/jvm/temurin-11-jdk-amd64'}
rootdir: /home/runner/work/SeleniumCapital/SeleniumCapital
configfile: pytest.ini
plugins: metadata-3.0.0, timeout-2.2.0, html-4.1.1, xdist-3.5.0, allure-pytest-2.13.2
collecting ... collected 7 items / 6 deselected / 1 selected

tests/US_11_Education/US_11-02-03_Commodities_trading/us_11-02-03-00_Commodities_trading_test.py::TestCommoditiesTradingPretest::test_01_main_banner_start_trading_button[Chrome--ae-NoAuth-aqa.tomelo.an@gmail.com-iT9Vgqi6d$fiZ*Z] FAILED [100%]

=================================== FAILURES ===================================
_ TestCommoditiesTradingPretest.test_01_main_banner_start_trading_button[Chrome--ae-NoAuth-aqa.tomelo.an@gmail.com-iT9Vgqi6d$fiZ*Z] _

self = <us_11-02-03-00_Commodities_trading_test.TestCommoditiesTradingPretest object at 0x7f97adce2790>
worker_id = 'master'
d = <selenium.webdriver.chrome.webdriver.WebDriver (session="9edda0749f876830f2be7ec928d4a087")>
cur_language = 'fr', cur_country = 'gb', cur_role = 'NoAuth'
cur_login = 'aqa.tomelo.an@gmail.com', cur_password = 'iT9Vgqi6d$fiZ*Z'

    @allure.step("Start test of button [Start trading] on Main banner")
    # @pytest.mark.skip(reason="Skipped for debugging")
    @pytest.mark.test_01
    def test_01_main_banner_start_trading_button(
            self, worker_id, d, cur_language, cur_country, cur_role, cur_login, cur_password):
        """
        Check: Button [Start Trading] on Main banner
        Language: All (Except: EL, HU, NL). License: All.
        """
        bid = build_dynamic_arg_v4(
            d, worker_id, cur_language, cur_country, cur_role,
            "11.02.03", "Education > Menu item [Commodities trading]",
            ".00_01", "Testing button [Start Trading] on Main banner")
    
        Common().skip_if_eng_lang_and_fca_license(cur_language, cur_country)
    
        check_language(cur_language)
    
        page_conditions = Conditions(d, "")
        page_conditions.arrange_0()
        main_page_link = page_conditions.preconditions(
            d, CapitalComPageSrc.URL, "", cur_language, cur_country, cur_role, cur_login, cur_password)
    
        page_menu = MenuSection(d, main_page_link)
        cur_menu_link = page_menu.open_education_commodities_trading_menu(d, cur_language, cur_country, main_page_link)
    
        test_element = MainBannerStartTrading(d, cur_menu_link, bid)
>       test_element.full_test_with_tpi(d, cur_language, cur_country, cur_role, cur_menu_link)

tests/US_11_Education/US_11-02-03_Commodities_trading/us_11-02-03-00_Commodities_trading_test.py:75: 
_ _ _ _ _ _ _ _ _ _ _ _ _ _ _ _ _ _ _ _ _ _ _ _ _ _ _ _ _ _ _ _ _ _ _ _ _ _ _ _ 
pages/Elements/ButtonStartTradingMainBanner.py:28: in full_test_with_tpi
    test_element.assert_login(d, cur_language, cur_item_link)
_ _ _ _ _ _ _ _ _ _ _ _ _ _ _ _ _ _ _ _ _ _ _ _ _ _ _ _ _ _ _ _ _ _ _ _ _ _ _ _ 

self = <pages.Elements.AssertClass.AssertClass object at 0x7f97ae43cfd0>
d = <selenium.webdriver.chrome.webdriver.WebDriver (session="9edda0749f876830f2be7ec928d4a087")>
cur_language = 'fr', cur_link = 'https://capital.com/fr/trade-commodities'

    @allure.step('Checking that "Login" form or page opened')
    def assert_login(self, d, cur_language, cur_link):
        """Method Assert Login form or page"""
        print(f"\n{datetime.now()}   3. Assert_Login_v0")
        self.page_signup_login = SignupLogin(d, cur_link)
        if self.page_signup_login.should_be_login_form():
            self.page_signup_login.close_login_form()
            del self.page_signup_login
        elif self.page_signup_login.should_be_login_page():
            self.page_signup_login.close_login_page()
            del self.page_signup_login
        elif self.page_signup_login.should_be_trading_platform_login_form(cur_language):
            self.page_signup_login.close_trading_platform_login_form()
            del self.page_signup_login
        elif self.page_signup_login.should_be_signup_form(cur_language):
            del self.page_signup_login
            print(f'\nBug: {self.bid}')
            retest_table_fill(self.bid, '05', self.link)
>           assert False, "Bug # 05. Opened a 'Sign up' form instead of a 'Login'"
E           AssertionError: Bug # 05. Opened a 'Sign up' form instead of a 'Login'

pages/Elements/AssertClass.py:69: AssertionError
---------------------------- Captured stdout setup -----------------------------

2024-01-26 14:51:06.429387   *** autouse fixture Chrome ***

{'width': 1280, 'height': 720}
Current test language - fr
Current country of trading - gb



Current test role - NoAuth
Current login - aqa.tomelo.an@gmail.com
Current login - iT9Vgqi6d$fiZ*Z
----------------------------- Captured stdout call -----------------------------
{'width': 1280, 'height': 720}

2024-01-26 14:51:07.334060   worker_id = master

2024-01-26 14:51:07.334077   0. Allure grouping v4

2024-01-26 14:51:07.334239   0. Arrange_0
2024-01-26 14:51:09.277902   Load page https://capital.com


2024-01-26 14:51:09.278225   START PRECONDITIONS =>

2024-01-26 14:51:10.043625   Load page https://capital.com

2024-01-26 14:51:10.043675   {'width': 1280, 'height': 720}

2024-01-26 14:51:10.101846   Set windows position at (0, 0) =>

2024-01-26 14:51:10.380595   Set resolution 1280 * 720 =>

2024-01-26 14:51:10.483217   => Resolution seted {'width': 1280, 'height': 720}

2024-01-26 14:51:15.495480   Капчи нет. Тестим дальше

2024-01-26 14:51:15.495571   Prev. Role: ?

2024-01-26 14:51:15.495584   Run preconditions: set "NoAuth" Role =>
2024-01-26 14:51:16.071905   Load page https://capital.com

2024-01-26 14:51:16.195375   => All cookies are deleted
2024-01-26 14:51:16.962308   Load page https://capital.com

2024-01-26 14:51:16.962501   Step 'Click button [Accept all cookies]'
2024-01-26 14:51:22.001703   Is Visible Button [Accept all cookies]? =>
2024-01-26 14:51:22.033789   => Button [Accept all cookies] is visible
2024-01-26 14:51:23.033903   Is clickable Button [Accept all cookies] =>
2024-01-26 14:51:23.064106   => Button [Accept all cookies] is clickable
2024-01-26 14:51:23.064153   Click Button [Accept all cookies] =>
2024-01-26 14:51:23.146041   => Button [Accept all cookies] is clicked
2024-01-26 14:51:23.146084   => Accepted All Cookies

2024-01-26 14:51:23.646495   Start Autorization

2024-01-26 14:51:23.646644   2. Act
2024-01-26 14:51:23.646660   Start Click button [Log in] =>
2024-01-26 14:51:23.663642   BUTTON_LOGIN scroll =>
2024-01-26 14:51:23.675421   Is BUTTON_LOGIN clickable? =>
2024-01-26 14:51:23.695944   => BUTTON_LOGIN is clickable
2024-01-26 14:51:23.695999   BUTTON_LOGIN click =>
2024-01-26 14:51:23.791157   => BUTTON_LOGIN is clicked!
2024-01-26 14:51:23.791239   => 'Login' form is opened
2024-01-26 14:51:24.479061   => "login" and "password" are inputted
2024-01-26 14:51:24.479165   Click [Continue] button on [Login] form =>
2024-01-26 14:51:24.597056   => [Continue] button on [Login] form is clicked
2024-01-26 14:51:27.245441   Start check that the Trading platform page is loaded and LOGO is present on it =>
2024-01-26 14:51:27.245486   Set timeout = 30
2024-01-26 14:51:27.245511   Wait until load page with special title =>
2024-01-26 14:51:27.248627   => Page with title "Trading Platform | Capital.com" is loaded
2024-01-26 14:51:27.248656   Is present LOGO on this page? =>
2024-01-26 14:51:28.693468   => LOGO is visible on this page
2024-01-26 14:51:28.693569   -> "Capital.com" logo is present on trading platform page

2024-01-26 14:51:29.644545   Start DeAuthorisation
2024-01-26 14:51:29.644676   1. BUTTON_MY_ACCOUNT is present? =>
2024-01-26 14:51:29.661007   => BUTTON_MY_ACCOUNT is present on this page
2024-01-26 14:51:30.988820   => Move to BUTTON_MY_ACCOUNT
2024-01-26 14:51:30.988863   2. BUTTON_MY_ACCOUNT is clickable? =>
2024-01-26 14:51:31.009074   => BUTTON_MY_ACCOUNT is clickable
2024-01-26 14:51:31.009115   BUTTON_MY_ACCOUNT Click =>
2024-01-26 14:51:31.849589   => User panel [My account] is opened

2024-01-26 14:51:31.849904   Start Click [Logout] button:
2024-01-26 14:51:31.849931   BUTTON_LOGOUT is present? =>
2024-01-26 14:51:31.861544   => BUTTON_LOGOUT is present
2024-01-26 14:51:31.861577   Is visible BUTTON_LOGOUT? =>
2024-01-26 14:51:31.878990   BUTTON_LOGOUT is clickable? =>
2024-01-26 14:51:31.893664   BUTTON_LOGOUT click =>
2024-01-26 14:51:31.971560   => BUTTON_LOGOUT is clicked

2024-01-26 14:51:31.971705   Current role: NoAuth

2024-01-26 14:51:31.971729   Prev language: ?

2024-01-26 14:51:31.971745   Run preconditions: set "fr" language =>


2024-01-26 14:51:31.999072   => Language and Country menu is present


2024-01-26 14:51:32.015812   => Language and Country menu is visible


2024-01-26 14:51:33.790743   => Focus is moved on Language and Country menu 

2024-01-26 14:51:35.982613   => Current language: fr

2024-01-26 14:51:35.982663   Prev country: ?

2024-01-26 14:51:35.982673   Run preconditions: set "gb" country =>


2024-01-26 14:51:35.993561   => Language and Country menu is present


2024-01-26 14:51:36.028613   => Language and Country menu is visible


2024-01-26 14:51:37.807434   => Focus is moved on Language and Country menu 

2024-01-26 14:51:40.214639   => Current country: gb

2024-01-26 14:51:40.214694   => THE END PRECONDITIONS

2024-01-26 14:51:40.214738   1. Cur URL = https://capital.com/fr?country=gb

2024-01-26 14:51:40.246029   2. Link = https://capital.com/fr
2024-01-26 14:51:41.012026   Load page https://capital.com/fr
2024-01-26 14:51:41.535083   => Education menu is present
2024-01-26 14:51:41.566987   => Education menu is visible
2024-01-26 14:51:42.906125   => Education menu focus moved

2024-01-26 14:51:45.044471   1. Arrange_v0
2024-01-26 14:51:45.070034   BUTTON_START_TRADING scroll =>
2024-01-26 14:51:45.075775   BUTTON_START_TRADING is visible? =>
2024-01-26 14:51:45.131530   => BUTTON_START_TRADING is visible on the page!

2024-01-26 14:51:45.131704   2. Act_v0
2024-01-26 14:51:45.131720   Start Click button [Start Trading] =>
2024-01-26 14:51:45.138328   BUTTON_START_TRADING is clickable? =>
2024-01-26 14:51:45.154782   BUTTON_START_TRADING click =>
2024-01-26 14:51:45.264018   => BUTTON_START_TRADING clicked

2024-01-26 14:51:45.264312   3. Assert_Login_v0
2024-01-26 14:51:45.264425   Check that 'Login' form is opened
2024-01-26 14:51:50.818021   'Login' form not opened
2024-01-26 14:51:50.821336   'Login' page not opened
2024-01-26 14:51:56.346067   'Login' form on trading platform not opened
2024-01-26 14:51:56.346259   Start step Check that [Sign up] form is opened
2024-01-26 14:51:56.364558   'Sign up' form opened
2024-01-26 14:51:56.364588   Assert SIGNUP_HEADER =>
2024-01-26 14:51:56.380264   Assert SIGNUP_REF_LOGIN =>
2024-01-26 14:51:56.394742   Assert SIGNUP_PRIVACY_POLICY_ALL_2 =>
2024-01-26 14:51:56.409994   => SIGNUP_PRIVACY_POLICY_ALL
2024-01-26 14:51:56.410035   => 'Signup' form is checked

Bug: Bid:11.02.03.00_01-fr.gb.NoAuth

2024-01-26 14:51:56.410102   Проверка бага в таблице ретеста  =>

2024-01-26 14:51:56.416147   4. Fixing one row check results into Google Sheet Bugs Report =>
1 cells updated.
2024-01-26 14:51:57.002487   => 4. One row check results into Google Sheet Bugs Report fixed

2024-01-26 14:51:57.590756   4. Fixing one row check results into Google Sheet Bugs Report =>
1 cells updated.
2024-01-26 14:51:57.935129   => 4. One row check results into Google Sheet Bugs Report fixed

2024-01-26 14:51:57.935196   Bug: Bid:11.02.03.00_01-fr.gb.NoAuth уже существует, но тип бага изменился с 23/01/24 на 05

2024-01-26 14:51:57.935605   Bug: Bid:11.02.03.00_01-fr.gb.NoAuth-05 уже существует

2024-01-26 14:51:57.935760   4. Fixing one row check results into Google Sheet Bugs Report =>
1 cells updated.
2024-01-26 14:51:58.428033   => 4. One row check results into Google Sheet Bugs Report fixed
------------------------------ Captured log call -------------------------------
2024-01-26 14:51:50 ERROR Elements not present after 0.5 seconds on page: https://capital.com/fr/trade-commodities
2024-01-26 14:51:50 ERROR 
Traceback (most recent call last):
  File "/home/runner/work/SeleniumCapital/SeleniumCapital/pages/base_page.py", line 82, in inner_function
    return func(*args, **kwargs)
           ^^^^^^^^^^^^^^^^^^^^^
  File "/home/runner/work/SeleniumCapital/SeleniumCapital/pages/base_page.py", line 293, in element_is_visible
    return Wait(self.browser, timeout).until(
           ^^^^^^^^^^^^^^^^^^^^^^^^^^^^^^^^^^
  File "/home/runner/.cache/pypoetry/virtualenvs/testcapitalcompyse-cIj6ROMf-py3.11/lib/python3.11/site-packages/selenium/webdriver/support/wait.py", line 105, in until
    raise TimeoutException(message, screen, stacktrace)
selenium.common.exceptions.TimeoutException: Message: 
Stacktrace:
#0 0x55634db38f83 <unknown>
#1 0x55634d7f1cf7 <unknown>
#2 0x55634d84199e <unknown>
#3 0x55634d841aa1 <unknown>
#4 0x55634d88cd64 <unknown>
#5 0x55634d86b0dd <unknown>
#6 0x55634d88a006 <unknown>
#7 0x55634d86ae53 <unknown>
#8 0x55634d832dd4 <unknown>
#9 0x55634d8341de <unknown>
#10 0x55634dafd531 <unknown>
#11 0x55634db01455 <unknown>
#12 0x55634dae9f55 <unknown>
#13 0x55634db020ef <unknown>
#14 0x55634dacd99f <unknown>
#15 0x55634db26008 <unknown>
#16 0x55634db261d7 <unknown>
#17 0x55634db38124 <unknown>
#18 0x7fc778494ac3 <unknown>

2024-01-26 14:51:56 ERROR Elements not present after 0.5 seconds on page: https://capital.com/fr/trade-commodities
2024-01-26 14:51:56 ERROR 
Traceback (most recent call last):
  File "/home/runner/work/SeleniumCapital/SeleniumCapital/pages/base_page.py", line 82, in inner_function
    return func(*args, **kwargs)
           ^^^^^^^^^^^^^^^^^^^^^
  File "/home/runner/work/SeleniumCapital/SeleniumCapital/pages/base_page.py", line 293, in element_is_visible
    return Wait(self.browser, timeout).until(
           ^^^^^^^^^^^^^^^^^^^^^^^^^^^^^^^^^^
  File "/home/runner/.cache/pypoetry/virtualenvs/testcapitalcompyse-cIj6ROMf-py3.11/lib/python3.11/site-packages/selenium/webdriver/support/wait.py", line 105, in until
    raise TimeoutException(message, screen, stacktrace)
selenium.common.exceptions.TimeoutException: Message: 
Stacktrace:
#0 0x55634db38f83 <unknown>
#1 0x55634d7f1cf7 <unknown>
#2 0x55634d84199e <unknown>
#3 0x55634d841aa1 <unknown>
#4 0x55634d88cd64 <unknown>
#5 0x55634d86b0dd <unknown>
#6 0x55634d88a006 <unknown>
#7 0x55634d86ae53 <unknown>
#8 0x55634d832dd4 <unknown>
#9 0x55634d8341de <unknown>
#10 0x55634dafd531 <unknown>
#11 0x55634db01455 <unknown>
#12 0x55634dae9f55 <unknown>
#13 0x55634db020ef <unknown>
#14 0x55634dacd99f <unknown>
#15 0x55634db26008 <unknown>
#16 0x55634db261d7 <unknown>
#17 0x55634db38124 <unknown>
#18 0x7fc778494ac3 <unknown>
--------------------------- Captured stdout teardown ---------------------------

2024-01-26 14:51:58.758427   *** end fixture Browser = teardown ***

=============================== warnings summary ===============================
tests/US_11_Education/US_11-02-03_Commodities_trading/us_11-02-03-00_Commodities_trading_test.py::TestCommoditiesTradingPretest::test_01_main_banner_start_trading_button[Chrome--ae-NoAuth-aqa.tomelo.an@gmail.com-iT9Vgqi6d$fiZ*Z]
  /home/runner/.cache/pypoetry/virtualenvs/testcapitalcompyse-cIj6ROMf-py3.11/lib/python3.11/site-packages/pytest_html/plugin.py:133: DeprecationWarning: The 'report.extra' attribute is deprecated and will be removed in a future release, use 'report.extras' instead.
    warnings.warn(

-- Docs: https://docs.pytest.org/en/stable/how-to/capture-warnings.html
- Generated html report: file:///home/runner/work/SeleniumCapital/SeleniumCapital/report/report.html -
=========================== short test summary info ============================
FAILED tests/US_11_Education/US_11-02-03_Commodities_trading/us_11-02-03-00_Commodities_trading_test.py::TestCommoditiesTradingPretest::test_01_main_banner_start_trading_button[Chrome--ae-NoAuth-aqa.tomelo.an@gmail.com-iT9Vgqi6d$fiZ*Z] - AssertionError: Bug # 05. Opened a 'Sign up' form instead of a 'Login'
================= 1 failed, 6 deselected, 1 warning in 52.48s ==================

2024-01-26 14:51:58.858753   => Текущий тест: 1 failed

2024-01-26 14:51:58.860127   => 3. check_results finished

2024-01-26 14:51:58.860279   4. Fixing one row check results into Google Sheet Bugs Report =>
1 cells updated.
2024-01-26 14:51:59.185929   => 4. One row check results into Google Sheet Bugs Report fixed
