


2024-01-26 15:27:56.089954   0. Get Values row =>
2024-01-26 15:27:56.089983   Row # = 516
2024-01-26 15:27:56.089993   Row Values = 
['Bid:11.02.03.00_10-de.gb.NoAuth', 'Ubuntu 22.04', 'Chrome', '11.02.03.00', '_10', 'de', 'gb', 'FCA', 'NoAuth', '', 'Education', 'Commodities trading', '', '', '', '06', "Bug # 06. Opened a 'Sign up' page instead of a 'Login'", '', '', '', '23/01/24', 'failed']

2024-01-26 15:27:56.090075   1. Run pretest =>

2024-01-26 15:27:56.090089   row_loc = 
['Bid:11.02.03.00_10-de.gb.NoAuth', 'Ubuntu 22.04', 'Chrome', '11.02.03.00', '_10', 'de', 'gb', 'FCA', 'NoAuth', '', 'Education', 'Commodities trading', '', '', '', '06', "Bug # 06. Opened a 'Sign up' page instead of a 'Login'", '', '', '', '23/01/24', 'failed']

2024-01-26 15:27:56.090103   => 1. Pretest finished

2024-01-26 15:27:56.090167   2. Run run_pytest with Bid = Bid:11.02.03.00_10-de.gb.NoAuth from row =>

2024-01-26 15:27:56.090179   2.2. Run poetry run pytest ... in subprocess =>

2024-01-26 15:27:56.090191   Run command: 
poetry run pytest --retest=True --browser_name=Chrome --lang=de --country=gb --role=NoAuth -m test_10 -v \tests/US_11_Education/US_11-02-03_Commodities_trading/us_11-02-03-00_Commodities_trading_test.py

2024-01-26 15:29:09.447015   => 2.2. pytest ... as subprocess finished

2024-01-26 15:29:09.447056   => 2. Autotest with Bid = Bid:11.02.03.00_10-de.gb.NoAuth from row finished

2024-01-26 15:29:09.447125   3. Run check_results =>
2024-01-26 15:29:09.447150   test_results: 
============================= test session starts ==============================
platform linux -- Python 3.11.7, pytest-7.4.4, pluggy-1.3.0 -- /home/runner/.cache/pypoetry/virtualenvs/testcapitalcompyse-cIj6ROMf-py3.11/bin/python
cachedir: .pytest_cache
metadata: {'Python': '3.11.7', 'Platform': 'Linux-6.2.0-1018-azure-x86_64-with-glibc2.35', 'Packages': {'pytest': '7.4.4', 'pluggy': '1.3.0'}, 'Plugins': {'metadata': '3.0.0', 'timeout': '2.2.0', 'html': '4.1.1', 'xdist': '3.5.0', 'allure-pytest': '2.13.2'}, 'CI': 'true', 'JAVA_HOME': '/usr/lib/jvm/temurin-11-jdk-amd64'}
rootdir: /home/runner/work/SeleniumCapital/SeleniumCapital
configfile: pytest.ini
plugins: metadata-3.0.0, timeout-2.2.0, html-4.1.1, xdist-3.5.0, allure-pytest-2.13.2
collecting ... collected 7 items / 6 deselected / 1 selected

tests/US_11_Education/US_11-02-03_Commodities_trading/us_11-02-03-00_Commodities_trading_test.py::TestCommoditiesTradingPretest::test_10_block_vert_banner_button[Chrome--ae-NoAuth-aqa.tomelo.an@gmail.com-iT9Vgqi6d$fiZ*Z] FAILED [100%]

=================================== FAILURES ===================================
_ TestCommoditiesTradingPretest.test_10_block_vert_banner_button[Chrome--ae-NoAuth-aqa.tomelo.an@gmail.com-iT9Vgqi6d$fiZ*Z] _

self = <us_11-02-03-00_Commodities_trading_test.TestCommoditiesTradingPretest object at 0x7f034ad96390>
worker_id = 'master'
d = <selenium.webdriver.chrome.webdriver.WebDriver (session="35fccf5bd677111960af9816615ffa85")>
cur_language = 'de', cur_country = 'gb', cur_role = 'NoAuth'
cur_login = 'aqa.tomelo.an@gmail.com', cur_password = 'iT9Vgqi6d$fiZ*Z'

    @allure.step("Start test of button in block [Vertical banner]")
    # @pytest.mark.skip(reason="Skipped for debugging")
    @pytest.mark.test_10
    def test_10_block_vert_banner_button(
            self, worker_id, d, cur_language, cur_country, cur_role, cur_login, cur_password):
        """
                Check the [Button] on the Vertical side banner at the bottom of the page.
                For "Authorized user" role:
                The trading platform page is opened depend on the banner [type-id]:
                        Live mode if the banner in the Live mode banners list
                        Demo mode if the banner in the Demo mode banners list
                """
    
        bid = build_dynamic_arg_v4(
            d, worker_id, cur_language, cur_country, cur_role,
            "11.02.03", "Education > Menu item [Commodities trading]",
            ".00_10", "Testing button in block [Vertical banner]")
    
        Common().skip_if_eng_lang_and_fca_license(cur_language, cur_country)
    
        check_language(cur_language)
        if cur_language in ["", "ar", "it", "cn"]:
            Common().skip_test_for_language(cur_language)
    
        # test_element.arrange_0()
        page_conditions = Conditions(d, "")
        main_page_link = page_conditions.preconditions(
            d, CapitalComPageSrc.URL, "", cur_language, cur_country, cur_role, cur_login, cur_password)
    
        # банеры должны открываться в Demo mode for US_00
        banner00_ver_tpd = ['505', '221', '389']
        # банеры должны открываться в Live mode for US_00
        banner00_ver_tp = ['166', '196', '292', '377', '388', '425']
        # банеры должны открываться в Demo mode for US_01
        banner01_ver_tpd = []
        # банеры должны открываться в Live mode for US_01
        banner01_ver_tp = []
    
        page_menu = MenuSection(d, main_page_link)
        cur_menu_link = page_menu.open_education_commodities_trading_menu(d, cur_language, cur_country, main_page_link)
    
        test_element = ButtonOnVerticalBanner(d, cur_menu_link, bid)
>       test_element.full_test_with_tpi(d, cur_language, cur_country, cur_role, cur_menu_link, banner00_ver_tpd,
                                        banner00_ver_tp, banner01_ver_tpd, banner01_ver_tp)

tests/US_11_Education/US_11-02-03_Commodities_trading/us_11-02-03-00_Commodities_trading_test.py:248: 
_ _ _ _ _ _ _ _ _ _ _ _ _ _ _ _ _ _ _ _ _ _ _ _ _ _ _ _ _ _ _ _ _ _ _ _ _ _ _ _ 
pages/Elements/ButtonOnVerticalBanner.py:40: in full_test_with_tpi
    test_element.assert_login(d, cur_language, link)
_ _ _ _ _ _ _ _ _ _ _ _ _ _ _ _ _ _ _ _ _ _ _ _ _ _ _ _ _ _ _ _ _ _ _ _ _ _ _ _ 

self = <pages.Elements.AssertClass.AssertClass object at 0x7f034b585510>
d = <selenium.webdriver.chrome.webdriver.WebDriver (session="35fccf5bd677111960af9816615ffa85")>
cur_language = 'de', cur_link = 'https://capital.com/de/rohstoffhandel'

    @allure.step('Checking that "Login" form or page opened')
    def assert_login(self, d, cur_language, cur_link):
        """Method Assert Login form or page"""
        print(f"\n{datetime.now()}   3. Assert_Login_v0")
        self.page_signup_login = SignupLogin(d, cur_link)
        if self.page_signup_login.should_be_login_form():
            self.page_signup_login.close_login_form()
            del self.page_signup_login
        elif self.page_signup_login.should_be_login_page():
            self.page_signup_login.close_login_page()
            del self.page_signup_login
        elif self.page_signup_login.should_be_trading_platform_login_form(cur_language):
            self.page_signup_login.close_trading_platform_login_form()
            del self.page_signup_login
        elif self.page_signup_login.should_be_signup_form(cur_language):
            del self.page_signup_login
            print(f'\nBug: {self.bid}')
            retest_table_fill(self.bid, '05', self.link)
            assert False, "Bug # 05. Opened a 'Sign up' form instead of a 'Login'"
            # pytest.fail("Bug # 05. Opened a 'Sign up' form instead of a 'Login'", False)
        elif self.page_signup_login.should_be_signup_page(cur_language):
            del self.page_signup_login
            print(f'\nBug: {self.bid}')
            retest_table_fill(self.bid, '06', self.link)
>           assert False, "Bug # 06. Opened a 'Sign up' page instead of a 'Login'"
E           AssertionError: Bug # 06. Opened a 'Sign up' page instead of a 'Login'

pages/Elements/AssertClass.py:75: AssertionError
---------------------------- Captured stdout setup -----------------------------

2024-01-26 15:27:57.056010   *** autouse fixture Chrome ***

{'width': 1280, 'height': 720}
Current test language - de
Current country of trading - gb



Current test role - NoAuth
Current login - aqa.tomelo.an@gmail.com
Current login - iT9Vgqi6d$fiZ*Z
----------------------------- Captured stdout call -----------------------------
{'width': 1280, 'height': 720}

2024-01-26 15:27:57.955701   worker_id = master

2024-01-26 15:27:57.955717   0. Allure grouping v4


2024-01-26 15:27:57.955906   START PRECONDITIONS =>

2024-01-26 15:27:59.403109   Load page https://capital.com

2024-01-26 15:27:59.403157   {'width': 1280, 'height': 720}

2024-01-26 15:27:59.405978   Set windows position at (0, 0) =>

2024-01-26 15:27:59.513082   Set resolution 1280 * 720 =>

2024-01-26 15:27:59.643788   => Resolution seted {'width': 1280, 'height': 720}

2024-01-26 15:28:04.676217   Капчи нет. Тестим дальше

2024-01-26 15:28:04.676310   Prev. Role: ?

2024-01-26 15:28:04.676323   Run preconditions: set "NoAuth" Role =>
2024-01-26 15:28:05.305015   Load page https://capital.com

2024-01-26 15:28:05.523659   => All cookies are deleted
2024-01-26 15:28:06.512748   Load page https://capital.com

2024-01-26 15:28:06.512985   Step 'Click button [Accept all cookies]'
2024-01-26 15:28:11.544929   Is Visible Button [Accept all cookies]? =>
2024-01-26 15:28:11.568224   => Button [Accept all cookies] is visible
2024-01-26 15:28:12.568346   Is clickable Button [Accept all cookies] =>
2024-01-26 15:28:12.596092   => Button [Accept all cookies] is clickable
2024-01-26 15:28:12.596129   Click Button [Accept all cookies] =>
2024-01-26 15:28:12.658625   => Button [Accept all cookies] is clicked
2024-01-26 15:28:12.658674   => Accepted All Cookies

2024-01-26 15:28:13.159074   Start Autorization

2024-01-26 15:28:13.159222   2. Act
2024-01-26 15:28:13.159241   Start Click button [Log in] =>
2024-01-26 15:28:13.176676   BUTTON_LOGIN scroll =>
2024-01-26 15:28:13.192007   Is BUTTON_LOGIN clickable? =>
2024-01-26 15:28:13.226408   => BUTTON_LOGIN is clickable
2024-01-26 15:28:13.226445   BUTTON_LOGIN click =>
2024-01-26 15:28:13.303846   => BUTTON_LOGIN is clicked!
2024-01-26 15:28:13.303951   => 'Login' form is opened
2024-01-26 15:28:13.887628   => "login" and "password" are inputted
2024-01-26 15:28:13.887680   Click [Continue] button on [Login] form =>
2024-01-26 15:28:13.982409   => [Continue] button on [Login] form is clicked
2024-01-26 15:28:16.662754   Start check that the Trading platform page is loaded and LOGO is present on it =>
2024-01-26 15:28:16.662789   Set timeout = 30
2024-01-26 15:28:16.662805   Wait until load page with special title =>
2024-01-26 15:28:16.666139   => Page with title "Trading Platform | Capital.com" is loaded
2024-01-26 15:28:16.666161   Is present LOGO on this page? =>
2024-01-26 15:28:18.148241   => LOGO is visible on this page
2024-01-26 15:28:18.148324   -> "Capital.com" logo is present on trading platform page

2024-01-26 15:28:20.043199   Start DeAuthorisation
2024-01-26 15:28:20.043329   1. BUTTON_MY_ACCOUNT is present? =>
2024-01-26 15:28:20.056124   => BUTTON_MY_ACCOUNT is present on this page
2024-01-26 15:28:21.383130   => Move to BUTTON_MY_ACCOUNT
2024-01-26 15:28:21.383173   2. BUTTON_MY_ACCOUNT is clickable? =>
2024-01-26 15:28:21.401313   => BUTTON_MY_ACCOUNT is clickable
2024-01-26 15:28:21.401344   BUTTON_MY_ACCOUNT Click =>
2024-01-26 15:28:22.218448   => User panel [My account] is opened

2024-01-26 15:28:22.218639   Start Click [Logout] button:
2024-01-26 15:28:22.218653   BUTTON_LOGOUT is present? =>
2024-01-26 15:28:22.225937   => BUTTON_LOGOUT is present
2024-01-26 15:28:22.225961   Is visible BUTTON_LOGOUT? =>
2024-01-26 15:28:22.255102   BUTTON_LOGOUT is clickable? =>
2024-01-26 15:28:22.270916   BUTTON_LOGOUT click =>
2024-01-26 15:28:22.352217   => BUTTON_LOGOUT is clicked

2024-01-26 15:28:22.352360   Current role: NoAuth

2024-01-26 15:28:22.352382   Prev language: ?

2024-01-26 15:28:22.352395   Run preconditions: set "de" language =>


2024-01-26 15:28:22.379204   => Language and Country menu is present


2024-01-26 15:28:22.392855   => Language and Country menu is visible


2024-01-26 15:28:24.167222   => Focus is moved on Language and Country menu 

2024-01-26 15:28:25.777755   => Current language: de

2024-01-26 15:28:25.777788   Prev country: ?

2024-01-26 15:28:25.777798   Run preconditions: set "gb" country =>


2024-01-26 15:28:25.796492   => Language and Country menu is present


2024-01-26 15:28:25.818419   => Language and Country menu is visible


2024-01-26 15:28:27.600463   => Focus is moved on Language and Country menu 

2024-01-26 15:28:29.689714   => Current country: gb

2024-01-26 15:28:29.689760   => THE END PRECONDITIONS

2024-01-26 15:28:29.689804   1. Cur URL = https://capital.com/de?country=gb

2024-01-26 15:28:29.745497   2. Link = https://capital.com/de
2024-01-26 15:28:30.190786   Load page https://capital.com/de
2024-01-26 15:28:30.705108   => Education menu is present
2024-01-26 15:28:30.720083   => Education menu is visible
2024-01-26 15:28:31.999690   => Education menu focus moved

2024-01-26 15:28:34.502275   1. Arrange
2024-01-26 15:28:34.505870   BUTTON_ON_VER_BANNER is visible? =>
2024-01-26 15:28:34.539470   => BUTTON_ON_VER_BANNER is visible on the page!
2024-01-26 15:28:34.539650   Start Checking that form [Sign up] popped up on the page =>
2024-01-26 15:28:40.066745   '[Sign up]' form was not popped up

2024-01-26 15:28:40.066950   2. Act
2024-01-26 15:28:40.066972   BUTTON_ON_VER_BANNER is present? =>
2024-01-26 15:28:40.076458   => BUTTON_ON_VER_BANNER is present on the page!
2024-01-26 15:28:40.076481   BUTTON_ON_VER_BANNER scroll =>
2024-01-26 15:28:40.828251   => BUTTON_ON_VER_BANNER clicked!

2024-01-26 15:28:40.828547   3. Assert_Login_v0
2024-01-26 15:28:40.828649   Check that 'Login' form is opened
2024-01-26 15:28:48.245088   'Login' form not opened
2024-01-26 15:28:48.252120   'Login' page not opened
2024-01-26 15:28:53.782871   'Login' form on trading platform not opened
2024-01-26 15:28:53.783043   Start step Check that [Sign up] form is opened
2024-01-26 15:28:59.333903   'Sign up' form not opened
2024-01-26 15:28:59.334128   Start method Check that [Sign up] page opened =>
2024-01-26 15:29:00.342616   'Sign up' page opened
2024-01-26 15:29:00.342698   Assert SIGNUP_SIGNUP_FRAME =>
2024-01-26 15:29:00.359696   Assert SIGNUP_REF_LOGIN =>
2024-01-26 15:29:00.386886   Assert SIGNUP_PRIVACY_POLICY_ALL_1 =>
2024-01-26 15:29:05.933145   Assert SIGNUP_PRIVACY_POLICY_ALL_2 =>
2024-01-26 15:29:05.948789   => SIGNUP_PRIVACY_POLICY_ALL
2024-01-26 15:29:05.948815   => 'Signup' page is checked

Bug: Bid:11.02.03.00_10-de.gb.NoAuth

2024-01-26 15:29:06.949017   Проверка бага в таблице ретеста  =>

2024-01-26 15:29:06.955271   4. Fixing one row check results into Google Sheet Bugs Report =>
1 cells updated.
2024-01-26 15:29:07.413273   => 4. One row check results into Google Sheet Bugs Report fixed

2024-01-26 15:29:07.985456   4. Fixing one row check results into Google Sheet Bugs Report =>
1 cells updated.
2024-01-26 15:29:08.310962   => 4. One row check results into Google Sheet Bugs Report fixed

2024-01-26 15:29:08.311029   Bug: Bid:11.02.03.00_10-de.gb.NoAuth уже существует, но тип бага изменился с 23/01/24 на 06

2024-01-26 15:29:08.311527   Bug: Bid:11.02.03.00_10-de.gb.NoAuth-06 уже существует

2024-01-26 15:29:08.311688   4. Fixing one row check results into Google Sheet Bugs Report =>
1 cells updated.
2024-01-26 15:29:08.775393   => 4. One row check results into Google Sheet Bugs Report fixed
------------------------------ Captured log call -------------------------------
2024-01-26 15:28:40 ERROR Elements not present after 0.5 seconds on page: https://capital.com/de/rohstoffhandel
2024-01-26 15:28:40 ERROR 
Traceback (most recent call last):
  File "/home/runner/work/SeleniumCapital/SeleniumCapital/pages/base_page.py", line 82, in inner_function
    return func(*args, **kwargs)
           ^^^^^^^^^^^^^^^^^^^^^
  File "/home/runner/work/SeleniumCapital/SeleniumCapital/pages/base_page.py", line 293, in element_is_visible
    return Wait(self.browser, timeout).until(
           ^^^^^^^^^^^^^^^^^^^^^^^^^^^^^^^^^^
  File "/home/runner/.cache/pypoetry/virtualenvs/testcapitalcompyse-cIj6ROMf-py3.11/lib/python3.11/site-packages/selenium/webdriver/support/wait.py", line 105, in until
    raise TimeoutException(message, screen, stacktrace)
selenium.common.exceptions.TimeoutException: Message: 
Stacktrace:
#0 0x557ef466ff83 <unknown>
#1 0x557ef4328cf7 <unknown>
#2 0x557ef437899e <unknown>
#3 0x557ef4378aa1 <unknown>
#4 0x557ef43c3d64 <unknown>
#5 0x557ef43a20dd <unknown>
#6 0x557ef43c1006 <unknown>
#7 0x557ef43a1e53 <unknown>
#8 0x557ef4369dd4 <unknown>
#9 0x557ef436b1de <unknown>
#10 0x557ef4634531 <unknown>
#11 0x557ef4638455 <unknown>
#12 0x557ef4620f55 <unknown>
#13 0x557ef46390ef <unknown>
#14 0x557ef460499f <unknown>
#15 0x557ef465d008 <unknown>
#16 0x557ef465d1d7 <unknown>
#17 0x557ef466f124 <unknown>
#18 0x7f9d2d294ac3 <unknown>

2024-01-26 15:28:48 ERROR Elements not present after 0.5 seconds on page: https://capital.com/trading/signup
2024-01-26 15:28:48 ERROR 
Traceback (most recent call last):
  File "/home/runner/work/SeleniumCapital/SeleniumCapital/pages/base_page.py", line 82, in inner_function
    return func(*args, **kwargs)
           ^^^^^^^^^^^^^^^^^^^^^
  File "/home/runner/work/SeleniumCapital/SeleniumCapital/pages/base_page.py", line 293, in element_is_visible
    return Wait(self.browser, timeout).until(
           ^^^^^^^^^^^^^^^^^^^^^^^^^^^^^^^^^^
  File "/home/runner/.cache/pypoetry/virtualenvs/testcapitalcompyse-cIj6ROMf-py3.11/lib/python3.11/site-packages/selenium/webdriver/support/wait.py", line 105, in until
    raise TimeoutException(message, screen, stacktrace)
selenium.common.exceptions.TimeoutException: Message: 
Stacktrace:
#0 0x557ef466ff83 <unknown>
#1 0x557ef4328cf7 <unknown>
#2 0x557ef437899e <unknown>
#3 0x557ef4378aa1 <unknown>
#4 0x557ef43c3d64 <unknown>
#5 0x557ef43a20dd <unknown>
#6 0x557ef43c1006 <unknown>
#7 0x557ef43a1e53 <unknown>
#8 0x557ef4369dd4 <unknown>
#9 0x557ef436b1de <unknown>
#10 0x557ef4634531 <unknown>
#11 0x557ef4638455 <unknown>
#12 0x557ef4620f55 <unknown>
#13 0x557ef46390ef <unknown>
#14 0x557ef460499f <unknown>
#15 0x557ef465d008 <unknown>
#16 0x557ef465d1d7 <unknown>
#17 0x557ef466f124 <unknown>
#18 0x7f9d2d294ac3 <unknown>

2024-01-26 15:28:53 ERROR Elements not present after 0.5 seconds on page: https://capital.com/trading/signup
2024-01-26 15:28:53 ERROR 
Traceback (most recent call last):
  File "/home/runner/work/SeleniumCapital/SeleniumCapital/pages/base_page.py", line 82, in inner_function
    return func(*args, **kwargs)
           ^^^^^^^^^^^^^^^^^^^^^
  File "/home/runner/work/SeleniumCapital/SeleniumCapital/pages/base_page.py", line 293, in element_is_visible
    return Wait(self.browser, timeout).until(
           ^^^^^^^^^^^^^^^^^^^^^^^^^^^^^^^^^^
  File "/home/runner/.cache/pypoetry/virtualenvs/testcapitalcompyse-cIj6ROMf-py3.11/lib/python3.11/site-packages/selenium/webdriver/support/wait.py", line 105, in until
    raise TimeoutException(message, screen, stacktrace)
selenium.common.exceptions.TimeoutException: Message: 
Stacktrace:
#0 0x557ef466ff83 <unknown>
#1 0x557ef4328cf7 <unknown>
#2 0x557ef437899e <unknown>
#3 0x557ef4378aa1 <unknown>
#4 0x557ef43c3d64 <unknown>
#5 0x557ef43a20dd <unknown>
#6 0x557ef43c1006 <unknown>
#7 0x557ef43a1e53 <unknown>
#8 0x557ef4369dd4 <unknown>
#9 0x557ef436b1de <unknown>
#10 0x557ef4634531 <unknown>
#11 0x557ef4638455 <unknown>
#12 0x557ef4620f55 <unknown>
#13 0x557ef46390ef <unknown>
#14 0x557ef460499f <unknown>
#15 0x557ef465d008 <unknown>
#16 0x557ef465d1d7 <unknown>
#17 0x557ef466f124 <unknown>
#18 0x7f9d2d294ac3 <unknown>

2024-01-26 15:28:59 ERROR Elements not present after 0.5 seconds on page: https://capital.com/trading/signup
2024-01-26 15:28:59 ERROR 
Traceback (most recent call last):
  File "/home/runner/work/SeleniumCapital/SeleniumCapital/pages/base_page.py", line 82, in inner_function
    return func(*args, **kwargs)
           ^^^^^^^^^^^^^^^^^^^^^
  File "/home/runner/work/SeleniumCapital/SeleniumCapital/pages/base_page.py", line 293, in element_is_visible
    return Wait(self.browser, timeout).until(
           ^^^^^^^^^^^^^^^^^^^^^^^^^^^^^^^^^^
  File "/home/runner/.cache/pypoetry/virtualenvs/testcapitalcompyse-cIj6ROMf-py3.11/lib/python3.11/site-packages/selenium/webdriver/support/wait.py", line 105, in until
    raise TimeoutException(message, screen, stacktrace)
selenium.common.exceptions.TimeoutException: Message: 
Stacktrace:
#0 0x557ef466ff83 <unknown>
#1 0x557ef4328cf7 <unknown>
#2 0x557ef437899e <unknown>
#3 0x557ef4378aa1 <unknown>
#4 0x557ef43c3d64 <unknown>
#5 0x557ef43a20dd <unknown>
#6 0x557ef43c1006 <unknown>
#7 0x557ef43a1e53 <unknown>
#8 0x557ef4369dd4 <unknown>
#9 0x557ef436b1de <unknown>
#10 0x557ef4634531 <unknown>
#11 0x557ef4638455 <unknown>
#12 0x557ef4620f55 <unknown>
#13 0x557ef46390ef <unknown>
#14 0x557ef460499f <unknown>
#15 0x557ef465d008 <unknown>
#16 0x557ef465d1d7 <unknown>
#17 0x557ef466f124 <unknown>
#18 0x7f9d2d294ac3 <unknown>

2024-01-26 15:29:05 ERROR Elements not present after 0.5 seconds on page: https://capital.com/trading/signup
2024-01-26 15:29:05 ERROR 
Traceback (most recent call last):
  File "/home/runner/work/SeleniumCapital/SeleniumCapital/pages/base_page.py", line 82, in inner_function
    return func(*args, **kwargs)
           ^^^^^^^^^^^^^^^^^^^^^
  File "/home/runner/work/SeleniumCapital/SeleniumCapital/pages/base_page.py", line 293, in element_is_visible
    return Wait(self.browser, timeout).until(
           ^^^^^^^^^^^^^^^^^^^^^^^^^^^^^^^^^^
  File "/home/runner/.cache/pypoetry/virtualenvs/testcapitalcompyse-cIj6ROMf-py3.11/lib/python3.11/site-packages/selenium/webdriver/support/wait.py", line 105, in until
    raise TimeoutException(message, screen, stacktrace)
selenium.common.exceptions.TimeoutException: Message: 
Stacktrace:
#0 0x557ef466ff83 <unknown>
#1 0x557ef4328cf7 <unknown>
#2 0x557ef437899e <unknown>
#3 0x557ef4378aa1 <unknown>
#4 0x557ef43c3d64 <unknown>
#5 0x557ef43a20dd <unknown>
#6 0x557ef43c1006 <unknown>
#7 0x557ef43a1e53 <unknown>
#8 0x557ef4369dd4 <unknown>
#9 0x557ef436b1de <unknown>
#10 0x557ef4634531 <unknown>
#11 0x557ef4638455 <unknown>
#12 0x557ef4620f55 <unknown>
#13 0x557ef46390ef <unknown>
#14 0x557ef460499f <unknown>
#15 0x557ef465d008 <unknown>
#16 0x557ef465d1d7 <unknown>
#17 0x557ef466f124 <unknown>
#18 0x7f9d2d294ac3 <unknown>
--------------------------- Captured stdout teardown ---------------------------

2024-01-26 15:29:09.334932   *** end fixture Browser = teardown ***

=============================== warnings summary ===============================
tests/US_11_Education/US_11-02-03_Commodities_trading/us_11-02-03-00_Commodities_trading_test.py::TestCommoditiesTradingPretest::test_10_block_vert_banner_button[Chrome--ae-NoAuth-aqa.tomelo.an@gmail.com-iT9Vgqi6d$fiZ*Z]
  /home/runner/.cache/pypoetry/virtualenvs/testcapitalcompyse-cIj6ROMf-py3.11/lib/python3.11/site-packages/pytest_html/plugin.py:133: DeprecationWarning: The 'report.extra' attribute is deprecated and will be removed in a future release, use 'report.extras' instead.
    warnings.warn(

-- Docs: https://docs.pytest.org/en/stable/how-to/capture-warnings.html
- Generated html report: file:///home/runner/work/SeleniumCapital/SeleniumCapital/report/report.html -
=========================== short test summary info ============================
FAILED tests/US_11_Education/US_11-02-03_Commodities_trading/us_11-02-03-00_Commodities_trading_test.py::TestCommoditiesTradingPretest::test_10_block_vert_banner_button[Chrome--ae-NoAuth-aqa.tomelo.an@gmail.com-iT9Vgqi6d$fiZ*Z] - AssertionError: Bug # 06. Opened a 'Sign up' page instead of a 'Login'
============ 1 failed, 6 deselected, 1 warning in 72.44s (0:01:12) =============

2024-01-26 15:29:09.447896   => Текущий тест: 1 failed

2024-01-26 15:29:09.450369   => 3. check_results finished

2024-01-26 15:29:09.450566   4. Fixing one row check results into Google Sheet Bugs Report =>
1 cells updated.
2024-01-26 15:29:09.620344   => 4. One row check results into Google Sheet Bugs Report fixed
