


2024-01-26 15:17:02.295613   0. Get Values row =>
2024-01-26 15:17:02.295640   Row # = 490
2024-01-26 15:17:02.295650   Row Values = 
['Bid:11.02.06.00_02-de.gb.NoAuth', 'Ubuntu 22.04', 'Chrome', '11.02.06.00', '_02', 'de', 'gb', 'FCA', 'NoAuth', '', 'Education', 'Indices trading', 'Click Main banner > Button [Try demo]', 'Click Main banner > Button [Try demo]', '', '05', "Bug # 05. Opened a 'Sign up' form instead of a 'Login'", '', '', '', '23/01/24', 'failed']

2024-01-26 15:17:02.295729   1. Run pretest =>

2024-01-26 15:17:02.295742   row_loc = 
['Bid:11.02.06.00_02-de.gb.NoAuth', 'Ubuntu 22.04', 'Chrome', '11.02.06.00', '_02', 'de', 'gb', 'FCA', 'NoAuth', '', 'Education', 'Indices trading', 'Click Main banner > Button [Try demo]', 'Click Main banner > Button [Try demo]', '', '05', "Bug # 05. Opened a 'Sign up' form instead of a 'Login'", '', '', '', '23/01/24', 'failed']

2024-01-26 15:17:02.295756   => 1. Pretest finished

2024-01-26 15:17:02.295818   2. Run run_pytest with Bid = Bid:11.02.06.00_02-de.gb.NoAuth from row =>

2024-01-26 15:17:02.295830   2.2. Run poetry run pytest ... in subprocess =>

2024-01-26 15:17:02.295842   Run command: 
poetry run pytest --retest=True --browser_name=Chrome --lang=de --country=gb --role=NoAuth -m test_02 -v \tests/US_11_Education/US_11-02-06_Indices_trading/us_11-02-06-00_indices_trading_test.py

2024-01-26 15:17:53.906738   => 2.2. pytest ... as subprocess finished

2024-01-26 15:17:53.906789   => 2. Autotest with Bid = Bid:11.02.06.00_02-de.gb.NoAuth from row finished

2024-01-26 15:17:53.906870   3. Run check_results =>
2024-01-26 15:17:53.906896   test_results: 
============================= test session starts ==============================
platform linux -- Python 3.11.7, pytest-7.4.4, pluggy-1.3.0 -- /home/runner/.cache/pypoetry/virtualenvs/testcapitalcompyse-cIj6ROMf-py3.11/bin/python
cachedir: .pytest_cache
metadata: {'Python': '3.11.7', 'Platform': 'Linux-6.2.0-1018-azure-x86_64-with-glibc2.35', 'Packages': {'pytest': '7.4.4', 'pluggy': '1.3.0'}, 'Plugins': {'metadata': '3.0.0', 'timeout': '2.2.0', 'html': '4.1.1', 'xdist': '3.5.0', 'allure-pytest': '2.13.2'}, 'CI': 'true', 'JAVA_HOME': '/usr/lib/jvm/temurin-11-jdk-amd64'}
rootdir: /home/runner/work/SeleniumCapital/SeleniumCapital
configfile: pytest.ini
plugins: metadata-3.0.0, timeout-2.2.0, html-4.1.1, xdist-3.5.0, allure-pytest-2.13.2
collecting ... collected 4 items / 3 deselected / 1 selected

tests/US_11_Education/US_11-02-06_Indices_trading/us_11-02-06-00_indices_trading_test.py::TestIndicesTradingGuidePreset::test_02_main_banner_try_demo_button[Chrome--ae-NoAuth-aqa.tomelo.an@gmail.com-iT9Vgqi6d$fiZ*Z] FAILED [100%]

=================================== FAILURES ===================================
_ TestIndicesTradingGuidePreset.test_02_main_banner_try_demo_button[Chrome--ae-NoAuth-aqa.tomelo.an@gmail.com-iT9Vgqi6d$fiZ*Z] _

self = <us_11-02-06-00_indices_trading_test.TestIndicesTradingGuidePreset object at 0x7fbdcf424890>
worker_id = 'master'
d = <selenium.webdriver.chrome.webdriver.WebDriver (session="46c3db7a665f17bb46675b4827f85d2b")>
cur_language = 'de', cur_country = 'gb', cur_role = 'NoAuth'
cur_login = 'aqa.tomelo.an@gmail.com', cur_password = 'iT9Vgqi6d$fiZ*Z'

    @allure.step("Start test of button [Try demo] on Main banner")
    @pytest.mark.test_02
    def test_02_main_banner_try_demo_button(
            self, worker_id, d, cur_language, cur_country, cur_role, cur_login, cur_password):
        """
        Check: Button [Start Trading] on Main banner
        Language: EN, AR, DE, ES, IT, CN, RU, ZH. License: All.
        """
        test_title = ("11.02.06", "Education > Menu item [Indices Trading]",
                      ".00_02", "Testing button [Try demo] on Main banner")
    
        bid = build_dynamic_arg_v4(
            d, worker_id, cur_language, cur_country, cur_role, *test_title)
    
        Common().skip_if_eng_lang_and_fca_license(cur_language, cur_country)
    
        Common().check_language_in_list_and_skip_if_not_present(
            cur_language, ["", "ar", "de", "es", "it", "cn", "ru", "zh"])
    
        page_conditions = Conditions(d, "")
        main_page_link = page_conditions.preconditions(
            d, CapitalComPageSrc.URL, "", cur_language, cur_country, cur_role, cur_login, cur_password)
    
        page_menu = MenuSection(d, main_page_link)
        page_menu.menu_education_move_focus(d, cur_language, cur_country)
        cur_menu_link = page_menu.sub_menu_indices_trading_move_focus_click(d, cur_language)
    
        test_element = MainBannerTryDemo(d, cur_menu_link, bid)
>       test_element.full_test_with_tpi(d, cur_language, cur_country, cur_role, cur_menu_link)

tests/US_11_Education/US_11-02-06_Indices_trading/us_11-02-06-00_indices_trading_test.py:119: 
_ _ _ _ _ _ _ _ _ _ _ _ _ _ _ _ _ _ _ _ _ _ _ _ _ _ _ _ _ _ _ _ _ _ _ _ _ _ _ _ 
pages/Elements/ButtonTryDemoMainBanner.py:28: in full_test_with_tpi
    test_element.assert_login(d, cur_language, cur_item_link)
_ _ _ _ _ _ _ _ _ _ _ _ _ _ _ _ _ _ _ _ _ _ _ _ _ _ _ _ _ _ _ _ _ _ _ _ _ _ _ _ 

self = <pages.Elements.AssertClass.AssertClass object at 0x7fbdcf43b610>
d = <selenium.webdriver.chrome.webdriver.WebDriver (session="46c3db7a665f17bb46675b4827f85d2b")>
cur_language = 'de', cur_link = 'https://capital.com/de/indizeshandel'

    @allure.step('Checking that "Login" form or page opened')
    def assert_login(self, d, cur_language, cur_link):
        """Method Assert Login form or page"""
        print(f"\n{datetime.now()}   3. Assert_Login_v0")
        self.page_signup_login = SignupLogin(d, cur_link)
        if self.page_signup_login.should_be_login_form():
            self.page_signup_login.close_login_form()
            del self.page_signup_login
        elif self.page_signup_login.should_be_login_page():
            self.page_signup_login.close_login_page()
            del self.page_signup_login
        elif self.page_signup_login.should_be_trading_platform_login_form(cur_language):
            self.page_signup_login.close_trading_platform_login_form()
            del self.page_signup_login
        elif self.page_signup_login.should_be_signup_form(cur_language):
            del self.page_signup_login
            print(f'\nBug: {self.bid}')
            retest_table_fill(self.bid, '05', self.link)
>           assert False, "Bug # 05. Opened a 'Sign up' form instead of a 'Login'"
E           AssertionError: Bug # 05. Opened a 'Sign up' form instead of a 'Login'

pages/Elements/AssertClass.py:69: AssertionError
---------------------------- Captured stdout setup -----------------------------

2024-01-26 15:17:03.156879   *** autouse fixture Chrome ***

{'width': 1280, 'height': 720}
Current test language - de
Current country of trading - gb



Current test role - NoAuth
Current login - aqa.tomelo.an@gmail.com
Current login - iT9Vgqi6d$fiZ*Z
----------------------------- Captured stdout call -----------------------------
{'width': 1280, 'height': 720}

2024-01-26 15:17:04.136469   worker_id = master

2024-01-26 15:17:04.136490   0. Allure grouping v4


2024-01-26 15:17:04.136748   START PRECONDITIONS =>

2024-01-26 15:17:05.815549   Load page https://capital.com

2024-01-26 15:17:05.815588   {'width': 1280, 'height': 720}

2024-01-26 15:17:05.817165   Set windows position at (0, 0) =>

2024-01-26 15:17:05.971344   Set resolution 1280 * 720 =>

2024-01-26 15:17:06.078837   => Resolution seted {'width': 1280, 'height': 720}

2024-01-26 15:17:11.095543   Капчи нет. Тестим дальше

2024-01-26 15:17:11.095650   Prev. Role: ?

2024-01-26 15:17:11.095665   Run preconditions: set "NoAuth" Role =>
2024-01-26 15:17:12.050598   Load page https://capital.com

2024-01-26 15:17:12.231460   => All cookies are deleted
2024-01-26 15:17:13.751514   Load page https://capital.com

2024-01-26 15:17:13.751758   Step 'Click button [Accept all cookies]'
2024-01-26 15:17:18.767872   Is Visible Button [Accept all cookies]? =>
2024-01-26 15:17:18.793923   => Button [Accept all cookies] is visible
2024-01-26 15:17:19.794041   Is clickable Button [Accept all cookies] =>
2024-01-26 15:17:19.821401   => Button [Accept all cookies] is clickable
2024-01-26 15:17:19.821434   Click Button [Accept all cookies] =>
2024-01-26 15:17:19.889039   => Button [Accept all cookies] is clicked
2024-01-26 15:17:19.889076   => Accepted All Cookies

2024-01-26 15:17:20.389393   Start Autorization

2024-01-26 15:17:20.389497   2. Act
2024-01-26 15:17:20.389510   Start Click button [Log in] =>
2024-01-26 15:17:20.400068   BUTTON_LOGIN scroll =>
2024-01-26 15:17:20.403642   Is BUTTON_LOGIN clickable? =>
2024-01-26 15:17:20.415426   => BUTTON_LOGIN is clickable
2024-01-26 15:17:20.415448   BUTTON_LOGIN click =>
2024-01-26 15:17:20.468095   => BUTTON_LOGIN is clicked!
2024-01-26 15:17:20.468202   => 'Login' form is opened
2024-01-26 15:17:21.063044   => "login" and "password" are inputted
2024-01-26 15:17:21.063089   Click [Continue] button on [Login] form =>
2024-01-26 15:17:21.166274   => [Continue] button on [Login] form is clicked
2024-01-26 15:17:23.897105   Start check that the Trading platform page is loaded and LOGO is present on it =>
2024-01-26 15:17:23.897139   Set timeout = 30
2024-01-26 15:17:23.897154   Wait until load page with special title =>
2024-01-26 15:17:23.899766   => Page with title "Trading Platform | Capital.com" is loaded
2024-01-26 15:17:23.899787   Is present LOGO on this page? =>
2024-01-26 15:17:25.279183   => LOGO is visible on this page
2024-01-26 15:17:25.279274   -> "Capital.com" logo is present on trading platform page

2024-01-26 15:17:26.370357   Start DeAuthorisation
2024-01-26 15:17:26.370488   1. BUTTON_MY_ACCOUNT is present? =>
2024-01-26 15:17:26.387130   => BUTTON_MY_ACCOUNT is present on this page
2024-01-26 15:17:27.726252   => Move to BUTTON_MY_ACCOUNT
2024-01-26 15:17:27.726294   2. BUTTON_MY_ACCOUNT is clickable? =>
2024-01-26 15:17:27.746409   => BUTTON_MY_ACCOUNT is clickable
2024-01-26 15:17:27.746450   BUTTON_MY_ACCOUNT Click =>
2024-01-26 15:17:28.583983   => User panel [My account] is opened

2024-01-26 15:17:28.584181   Start Click [Logout] button:
2024-01-26 15:17:28.584195   BUTTON_LOGOUT is present? =>
2024-01-26 15:17:28.595137   => BUTTON_LOGOUT is present
2024-01-26 15:17:28.595168   Is visible BUTTON_LOGOUT? =>
2024-01-26 15:17:28.629351   BUTTON_LOGOUT is clickable? =>
2024-01-26 15:17:28.647118   BUTTON_LOGOUT click =>
2024-01-26 15:17:28.697289   => BUTTON_LOGOUT is clicked

2024-01-26 15:17:28.697425   Current role: NoAuth

2024-01-26 15:17:28.697442   Prev language: ?

2024-01-26 15:17:28.697454   Run preconditions: set "de" language =>


2024-01-26 15:17:28.721532   => Language and Country menu is present


2024-01-26 15:17:28.737732   => Language and Country menu is visible


2024-01-26 15:17:30.527701   => Focus is moved on Language and Country menu 

2024-01-26 15:17:32.996173   => Current language: de

2024-01-26 15:17:32.996210   Prev country: ?

2024-01-26 15:17:32.996220   Run preconditions: set "gb" country =>


2024-01-26 15:17:33.002061   => Language and Country menu is present


2024-01-26 15:17:33.018416   => Language and Country menu is visible


2024-01-26 15:17:34.816270   => Focus is moved on Language and Country menu 

2024-01-26 15:17:37.164486   => Current country: gb

2024-01-26 15:17:37.164533   => THE END PRECONDITIONS
2024-01-26 15:17:37.676916   => Education menu is present
2024-01-26 15:17:37.694100   => Education menu is visible
2024-01-26 15:17:38.964007   => Education menu focus moved

2024-01-26 15:17:40.678129   1. Arrange_v0
2024-01-26 15:17:40.733583   BUTTON_TRY_DEMO is visible? =>
2024-01-26 15:17:40.750699   => BUTTON_TRY_DEMO is visible on the page!

2024-01-26 15:17:40.750858   2. Act_v0
2024-01-26 15:17:40.750872   BUTTON_TRY_DEMO is present? =>
2024-01-26 15:17:40.759824   => BUTTON_TRY_DEMO is present on the page!
2024-01-26 15:17:40.759847   BUTTON_TRY_DEMO scroll =>
2024-01-26 15:17:40.793920   => BUTTON_TRY_DEMO clicked!

2024-01-26 15:17:40.794186   3. Assert_Login_v0
2024-01-26 15:17:40.794276   Check that 'Login' form is opened
2024-01-26 15:17:46.330422   'Login' form not opened
2024-01-26 15:17:46.333263   'Login' page not opened
2024-01-26 15:17:51.884608   'Login' form on trading platform not opened
2024-01-26 15:17:51.884811   Start step Check that [Sign up] form is opened
2024-01-26 15:17:51.902269   'Sign up' form opened
2024-01-26 15:17:51.902297   Assert SIGNUP_HEADER =>
2024-01-26 15:17:51.916118   Assert SIGNUP_REF_LOGIN =>
2024-01-26 15:17:51.931198   Assert SIGNUP_PRIVACY_POLICY_ALL_2 =>
2024-01-26 15:17:51.946951   => SIGNUP_PRIVACY_POLICY_ALL
2024-01-26 15:17:51.946976   => 'Signup' form is checked

Bug: Bid:11.02.06.00_02-de.gb.NoAuth

2024-01-26 15:17:51.947036   Проверка бага в таблице ретеста  =>

2024-01-26 15:17:51.952635   4. Fixing one row check results into Google Sheet Bugs Report =>
1 cells updated.
2024-01-26 15:17:52.346456   => 4. One row check results into Google Sheet Bugs Report fixed

2024-01-26 15:17:53.055868   4. Fixing one row check results into Google Sheet Bugs Report =>
1 cells updated.
2024-01-26 15:17:53.236219   => 4. One row check results into Google Sheet Bugs Report fixed

2024-01-26 15:17:53.236293   Bug: Bid:11.02.06.00_02-de.gb.NoAuth уже существует, но тип бага изменился с 23/01/24 на 05

2024-01-26 15:17:53.236699   Bug: Bid:11.02.06.00_02-de.gb.NoAuth-05 уже существует

2024-01-26 15:17:53.236838   4. Fixing one row check results into Google Sheet Bugs Report =>
1 cells updated.
2024-01-26 15:17:53.529713   => 4. One row check results into Google Sheet Bugs Report fixed
------------------------------ Captured log call -------------------------------
2024-01-26 15:17:46 ERROR Elements not present after 0.5 seconds on page: https://capital.com/de/indizeshandel
2024-01-26 15:17:46 ERROR 
Traceback (most recent call last):
  File "/home/runner/work/SeleniumCapital/SeleniumCapital/pages/base_page.py", line 82, in inner_function
    return func(*args, **kwargs)
           ^^^^^^^^^^^^^^^^^^^^^
  File "/home/runner/work/SeleniumCapital/SeleniumCapital/pages/base_page.py", line 293, in element_is_visible
    return Wait(self.browser, timeout).until(
           ^^^^^^^^^^^^^^^^^^^^^^^^^^^^^^^^^^
  File "/home/runner/.cache/pypoetry/virtualenvs/testcapitalcompyse-cIj6ROMf-py3.11/lib/python3.11/site-packages/selenium/webdriver/support/wait.py", line 105, in until
    raise TimeoutException(message, screen, stacktrace)
selenium.common.exceptions.TimeoutException: Message: 
Stacktrace:
#0 0x561a799dcf83 <unknown>
#1 0x561a79695cf7 <unknown>
#2 0x561a796e599e <unknown>
#3 0x561a796e5aa1 <unknown>
#4 0x561a79730d64 <unknown>
#5 0x561a7970f0dd <unknown>
#6 0x561a7972e006 <unknown>
#7 0x561a7970ee53 <unknown>
#8 0x561a796d6dd4 <unknown>
#9 0x561a796d81de <unknown>
#10 0x561a799a1531 <unknown>
#11 0x561a799a5455 <unknown>
#12 0x561a7998df55 <unknown>
#13 0x561a799a60ef <unknown>
#14 0x561a7997199f <unknown>
#15 0x561a799ca008 <unknown>
#16 0x561a799ca1d7 <unknown>
#17 0x561a799dc124 <unknown>
#18 0x7f9f39094ac3 <unknown>

2024-01-26 15:17:51 ERROR Elements not present after 0.5 seconds on page: https://capital.com/de/indizeshandel
2024-01-26 15:17:51 ERROR 
Traceback (most recent call last):
  File "/home/runner/work/SeleniumCapital/SeleniumCapital/pages/base_page.py", line 82, in inner_function
    return func(*args, **kwargs)
           ^^^^^^^^^^^^^^^^^^^^^
  File "/home/runner/work/SeleniumCapital/SeleniumCapital/pages/base_page.py", line 293, in element_is_visible
    return Wait(self.browser, timeout).until(
           ^^^^^^^^^^^^^^^^^^^^^^^^^^^^^^^^^^
  File "/home/runner/.cache/pypoetry/virtualenvs/testcapitalcompyse-cIj6ROMf-py3.11/lib/python3.11/site-packages/selenium/webdriver/support/wait.py", line 105, in until
    raise TimeoutException(message, screen, stacktrace)
selenium.common.exceptions.TimeoutException: Message: 
Stacktrace:
#0 0x561a799dcf83 <unknown>
#1 0x561a79695cf7 <unknown>
#2 0x561a796e599e <unknown>
#3 0x561a796e5aa1 <unknown>
#4 0x561a79730d64 <unknown>
#5 0x561a7970f0dd <unknown>
#6 0x561a7972e006 <unknown>
#7 0x561a7970ee53 <unknown>
#8 0x561a796d6dd4 <unknown>
#9 0x561a796d81de <unknown>
#10 0x561a799a1531 <unknown>
#11 0x561a799a5455 <unknown>
#12 0x561a7998df55 <unknown>
#13 0x561a799a60ef <unknown>
#14 0x561a7997199f <unknown>
#15 0x561a799ca008 <unknown>
#16 0x561a799ca1d7 <unknown>
#17 0x561a799dc124 <unknown>
#18 0x7f9f39094ac3 <unknown>
--------------------------- Captured stdout teardown ---------------------------

2024-01-26 15:17:53.831770   *** end fixture Browser = teardown ***

=============================== warnings summary ===============================
tests/US_11_Education/US_11-02-06_Indices_trading/us_11-02-06-00_indices_trading_test.py::TestIndicesTradingGuidePreset::test_02_main_banner_try_demo_button[Chrome--ae-NoAuth-aqa.tomelo.an@gmail.com-iT9Vgqi6d$fiZ*Z]
  /home/runner/.cache/pypoetry/virtualenvs/testcapitalcompyse-cIj6ROMf-py3.11/lib/python3.11/site-packages/pytest_html/plugin.py:133: DeprecationWarning: The 'report.extra' attribute is deprecated and will be removed in a future release, use 'report.extras' instead.
    warnings.warn(

-- Docs: https://docs.pytest.org/en/stable/how-to/capture-warnings.html
- Generated html report: file:///home/runner/work/SeleniumCapital/SeleniumCapital/report/report.html -
=========================== short test summary info ============================
FAILED tests/US_11_Education/US_11-02-06_Indices_trading/us_11-02-06-00_indices_trading_test.py::TestIndicesTradingGuidePreset::test_02_main_banner_try_demo_button[Chrome--ae-NoAuth-aqa.tomelo.an@gmail.com-iT9Vgqi6d$fiZ*Z] - AssertionError: Bug # 05. Opened a 'Sign up' form instead of a 'Login'
================= 1 failed, 3 deselected, 1 warning in 50.84s ==================

2024-01-26 15:17:53.907483   => Текущий тест: 1 failed

2024-01-26 15:17:53.908628   => 3. check_results finished

2024-01-26 15:17:53.908772   4. Fixing one row check results into Google Sheet Bugs Report =>
1 cells updated.
2024-01-26 15:17:54.088588   => 4. One row check results into Google Sheet Bugs Report fixed
