


2024-01-26 15:19:34.993172   0. Get Values row =>
2024-01-26 15:19:34.993200   Row # = 497
2024-01-26 15:19:34.993209   Row Values = 
['Bid:11.02.04.01_01-de.gb.NoAuth', 'Ubuntu 22.04', 'Chrome', '11.02.04.01', '_01', 'de', 'gb', 'FCA', 'NoAuth', 'https://capital.com/de/gbpjpy-handel', 'Education', 'Forex trading L1', 'On Main banner click Button [Start Trading]', 'On Main banner click Button [Start Trading]', '', '05', "Bug # 05. Opened a 'Sign up' form instead of a 'Login'", '', '', '', '23/01/24', 'failed']

2024-01-26 15:19:34.993291   1. Run pretest =>

2024-01-26 15:19:34.993304   row_loc = 
['Bid:11.02.04.01_01-de.gb.NoAuth', 'Ubuntu 22.04', 'Chrome', '11.02.04.01', '_01', 'de', 'gb', 'FCA', 'NoAuth', 'https://capital.com/de/gbpjpy-handel', 'Education', 'Forex trading L1', 'On Main banner click Button [Start Trading]', 'On Main banner click Button [Start Trading]', '', '05', "Bug # 05. Opened a 'Sign up' form instead of a 'Login'", '', '', '', '23/01/24', 'failed']

2024-01-26 15:19:34.993318   => 1. Pretest finished

2024-01-26 15:19:34.993381   2. Run run_pytest with Bid = Bid:11.02.04.01_01-de.gb.NoAuth from row =>

2024-01-26 15:19:34.993393   2.2. Run poetry run pytest ... in subprocess =>

2024-01-26 15:19:34.993405   Run command: 
poetry run pytest --retest=True --browser_name=Chrome --lang=de --country=gb --role=NoAuth --tpi_link=https://capital.com/de/gbpjpy-handel -m test_01 -v \tests/US_11_Education/US_11-02-04_Forex_trading/US_11-02-04-01_Forex_trading_test.py

2024-01-26 15:20:22.540051   => 2.2. pytest ... as subprocess finished

2024-01-26 15:20:22.540105   => 2. Autotest with Bid = Bid:11.02.04.01_01-de.gb.NoAuth from row finished

2024-01-26 15:20:22.540186   3. Run check_results =>
2024-01-26 15:20:22.540217   test_results: 
============================= test session starts ==============================
platform linux -- Python 3.11.7, pytest-7.4.4, pluggy-1.3.0 -- /home/runner/.cache/pypoetry/virtualenvs/testcapitalcompyse-cIj6ROMf-py3.11/bin/python
cachedir: .pytest_cache
metadata: {'Python': '3.11.7', 'Platform': 'Linux-6.2.0-1018-azure-x86_64-with-glibc2.35', 'Packages': {'pytest': '7.4.4', 'pluggy': '1.3.0'}, 'Plugins': {'metadata': '3.0.0', 'timeout': '2.2.0', 'html': '4.1.1', 'xdist': '3.5.0', 'allure-pytest': '2.13.2'}, 'CI': 'true', 'JAVA_HOME': '/usr/lib/jvm/temurin-11-jdk-amd64'}
rootdir: /home/runner/work/SeleniumCapital/SeleniumCapital
configfile: pytest.ini
plugins: metadata-3.0.0, timeout-2.2.0, html-4.1.1, xdist-3.5.0, allure-pytest-2.13.2
collecting ... collected 8 items / 7 deselected / 1 selected

tests/US_11_Education/US_11-02-04_Forex_trading/US_11-02-04-01_Forex_trading_test.py::TestForexTradingItemPage::test_01_main_banner_start_trading_button[https://capital.com/de/gbpjpy-handel-Chrome--ae-NoAuth-aqa.tomelo.an@gmail.com-iT9Vgqi6d$fiZ*Z] FAILED [100%]

=================================== FAILURES ===================================
_ TestForexTradingItemPage.test_01_main_banner_start_trading_button[https://capital.com/de/gbpjpy-handel-Chrome--ae-NoAuth-aqa.tomelo.an@gmail.com-iT9Vgqi6d$fiZ*Z] _

self = <US_11-02-04-01_Forex_trading_test.TestForexTradingItemPage object at 0x7fd719e86690>
worker_id = 'master'
d = <selenium.webdriver.chrome.webdriver.WebDriver (session="ba275ab9852a83ce73834ec6a695bf46")>
cur_language = 'de', cur_country = 'gb', cur_role = 'NoAuth'
cur_login = 'aqa.tomelo.an@gmail.com', cur_password = 'iT9Vgqi6d$fiZ*Z'
cur_item_link = 'https://capital.com/de/gbpjpy-handel'

    @allure.step("Start test of button [Start trading] on Main banner")
    @pytest.mark.test_01
    def test_01_main_banner_start_trading_button(
            self, worker_id, d, cur_language, cur_country, cur_role, cur_login, cur_password, cur_item_link):
        """
        Check: Button [Start Trading] on Main banner
        Language: All. License: All.
        """
        bid = build_dynamic_arg_v4(
            d, worker_id, cur_language, cur_country, cur_role,
            "11.02.04", "Education > Menu item [Forex trading]",
            ".01_01", "Testing button [Start Trading] on Main banner")
    
        Common().check_language_in_list_and_skip_if_not_present(
            cur_language, ["", "de", "es", "fr", "it", "cn", "ru"])
    
        page_conditions = Conditions(d, "")
        page_conditions.preconditions(
            d, CapitalComPageSrc.URL, "", cur_language, cur_country, cur_role, cur_login, cur_password)
    
        test_element = MainBannerStartTrading(d, cur_item_link, bid)
>       test_element.full_test_with_tpi(d, cur_language, cur_country, cur_role, cur_item_link)

tests/US_11_Education/US_11-02-04_Forex_trading/US_11-02-04-01_Forex_trading_test.py:67: 
_ _ _ _ _ _ _ _ _ _ _ _ _ _ _ _ _ _ _ _ _ _ _ _ _ _ _ _ _ _ _ _ _ _ _ _ _ _ _ _ 
pages/Elements/ButtonStartTradingMainBanner.py:28: in full_test_with_tpi
    test_element.assert_login(d, cur_language, cur_item_link)
_ _ _ _ _ _ _ _ _ _ _ _ _ _ _ _ _ _ _ _ _ _ _ _ _ _ _ _ _ _ _ _ _ _ _ _ _ _ _ _ 

self = <pages.Elements.AssertClass.AssertClass object at 0x7fd71a06cf90>
d = <selenium.webdriver.chrome.webdriver.WebDriver (session="ba275ab9852a83ce73834ec6a695bf46")>
cur_language = 'de', cur_link = 'https://capital.com/de/gbpjpy-handel'

    @allure.step('Checking that "Login" form or page opened')
    def assert_login(self, d, cur_language, cur_link):
        """Method Assert Login form or page"""
        print(f"\n{datetime.now()}   3. Assert_Login_v0")
        self.page_signup_login = SignupLogin(d, cur_link)
        if self.page_signup_login.should_be_login_form():
            self.page_signup_login.close_login_form()
            del self.page_signup_login
        elif self.page_signup_login.should_be_login_page():
            self.page_signup_login.close_login_page()
            del self.page_signup_login
        elif self.page_signup_login.should_be_trading_platform_login_form(cur_language):
            self.page_signup_login.close_trading_platform_login_form()
            del self.page_signup_login
        elif self.page_signup_login.should_be_signup_form(cur_language):
            del self.page_signup_login
            print(f'\nBug: {self.bid}')
            retest_table_fill(self.bid, '05', self.link)
>           assert False, "Bug # 05. Opened a 'Sign up' form instead of a 'Login'"
E           AssertionError: Bug # 05. Opened a 'Sign up' form instead of a 'Login'

pages/Elements/AssertClass.py:69: AssertionError
---------------------------- Captured stdout setup -----------------------------

2024-01-26 15:19:35.927467   *** autouse fixture Chrome ***

{'width': 1280, 'height': 720}
Current test language - de
Current country of trading - gb



Current test role - NoAuth
Current login - aqa.tomelo.an@gmail.com
Current login - iT9Vgqi6d$fiZ*Z
----------------------------- Captured stdout call -----------------------------
{'width': 1280, 'height': 720}

2024-01-26 15:19:36.835688   worker_id = master

2024-01-26 15:19:36.836794   0. Allure grouping v4


2024-01-26 15:19:36.837075   START PRECONDITIONS =>

2024-01-26 15:19:38.393576   Load page https://capital.com

2024-01-26 15:19:38.393657   {'width': 1280, 'height': 720}

2024-01-26 15:19:38.395848   Set windows position at (0, 0) =>

2024-01-26 15:19:38.502626   Set resolution 1280 * 720 =>

2024-01-26 15:19:38.672932   => Resolution seted {'width': 1280, 'height': 720}

2024-01-26 15:19:43.682828   Капчи нет. Тестим дальше

2024-01-26 15:19:43.682927   Prev. Role: ?

2024-01-26 15:19:43.682940   Run preconditions: set "NoAuth" Role =>
2024-01-26 15:19:44.517808   Load page https://capital.com

2024-01-26 15:19:44.634306   => All cookies are deleted
2024-01-26 15:19:45.480654   Load page https://capital.com

2024-01-26 15:19:45.480920   Step 'Click button [Accept all cookies]'
2024-01-26 15:19:50.505997   Is Visible Button [Accept all cookies]? =>
2024-01-26 15:19:50.544251   => Button [Accept all cookies] is visible
2024-01-26 15:19:51.544384   Is clickable Button [Accept all cookies] =>
2024-01-26 15:19:51.573150   => Button [Accept all cookies] is clickable
2024-01-26 15:19:51.573190   Click Button [Accept all cookies] =>
2024-01-26 15:19:51.644967   => Button [Accept all cookies] is clicked
2024-01-26 15:19:51.645010   => Accepted All Cookies

2024-01-26 15:19:52.145370   Start Autorization

2024-01-26 15:19:52.145492   2. Act
2024-01-26 15:19:52.145508   Start Click button [Log in] =>
2024-01-26 15:19:52.158091   BUTTON_LOGIN scroll =>
2024-01-26 15:19:52.162112   Is BUTTON_LOGIN clickable? =>
2024-01-26 15:19:52.176818   => BUTTON_LOGIN is clickable
2024-01-26 15:19:52.176857   BUTTON_LOGIN click =>
2024-01-26 15:19:52.239614   => BUTTON_LOGIN is clicked!
2024-01-26 15:19:52.239703   => 'Login' form is opened
2024-01-26 15:19:52.745172   => "login" and "password" are inputted
2024-01-26 15:19:52.745213   Click [Continue] button on [Login] form =>
2024-01-26 15:19:52.866523   => [Continue] button on [Login] form is clicked
2024-01-26 15:19:56.110236   Start check that the Trading platform page is loaded and LOGO is present on it =>
2024-01-26 15:19:56.110268   Set timeout = 30
2024-01-26 15:19:56.110283   Wait until load page with special title =>
2024-01-26 15:19:56.112830   => Page with title "Trading Platform | Capital.com" is loaded
2024-01-26 15:19:56.112850   Is present LOGO on this page? =>
2024-01-26 15:19:57.065646   => LOGO is visible on this page
2024-01-26 15:19:57.065731   -> "Capital.com" logo is present on trading platform page

2024-01-26 15:19:58.431657   Start DeAuthorisation
2024-01-26 15:19:58.431770   1. BUTTON_MY_ACCOUNT is present? =>
2024-01-26 15:19:58.447501   => BUTTON_MY_ACCOUNT is present on this page
2024-01-26 15:19:59.738604   => Move to BUTTON_MY_ACCOUNT
2024-01-26 15:19:59.738648   2. BUTTON_MY_ACCOUNT is clickable? =>
2024-01-26 15:19:59.761745   => BUTTON_MY_ACCOUNT is clickable
2024-01-26 15:19:59.761794   BUTTON_MY_ACCOUNT Click =>
2024-01-26 15:20:00.622117   => User panel [My account] is opened

2024-01-26 15:20:00.622313   Start Click [Logout] button:
2024-01-26 15:20:00.622328   BUTTON_LOGOUT is present? =>
2024-01-26 15:20:00.629782   => BUTTON_LOGOUT is present
2024-01-26 15:20:00.629808   Is visible BUTTON_LOGOUT? =>
2024-01-26 15:20:00.643516   BUTTON_LOGOUT is clickable? =>
2024-01-26 15:20:00.656724   BUTTON_LOGOUT click =>
2024-01-26 15:20:00.708539   => BUTTON_LOGOUT is clicked

2024-01-26 15:20:00.708647   Current role: NoAuth

2024-01-26 15:20:00.708659   Prev language: ?

2024-01-26 15:20:00.708668   Run preconditions: set "de" language =>


2024-01-26 15:20:00.737898   => Language and Country menu is present


2024-01-26 15:20:00.753027   => Language and Country menu is visible


2024-01-26 15:20:02.521100   => Focus is moved on Language and Country menu 

2024-01-26 15:20:04.158126   => Current language: de

2024-01-26 15:20:04.158165   Prev country: ?

2024-01-26 15:20:04.158174   Run preconditions: set "gb" country =>


2024-01-26 15:20:04.164094   => Language and Country menu is present


2024-01-26 15:20:04.205112   => Language and Country menu is visible


2024-01-26 15:20:05.974492   => Focus is moved on Language and Country menu 

2024-01-26 15:20:08.122906   => Current country: gb

2024-01-26 15:20:08.122943   => THE END PRECONDITIONS

2024-01-26 15:20:08.122977   1. Arrange_v0
2024-01-26 15:20:09.134433   Load page https://capital.com/de/gbpjpy-handel
2024-01-26 15:20:09.151173   BUTTON_START_TRADING scroll =>
2024-01-26 15:20:09.178647   BUTTON_START_TRADING is visible? =>
2024-01-26 15:20:09.222628   => BUTTON_START_TRADING is visible on the page!

2024-01-26 15:20:09.222845   2. Act_v0
2024-01-26 15:20:09.222867   Start Click button [Start Trading] =>
2024-01-26 15:20:09.229903   BUTTON_START_TRADING is clickable? =>
2024-01-26 15:20:09.242243   BUTTON_START_TRADING click =>
2024-01-26 15:20:09.302969   => BUTTON_START_TRADING clicked

2024-01-26 15:20:09.303228   3. Assert_Login_v0
2024-01-26 15:20:09.303315   Check that 'Login' form is opened
2024-01-26 15:20:14.869153   'Login' form not opened
2024-01-26 15:20:14.871908   'Login' page not opened
2024-01-26 15:20:20.420775   'Login' form on trading platform not opened
2024-01-26 15:20:20.420950   Start step Check that [Sign up] form is opened
2024-01-26 15:20:20.435423   'Sign up' form opened
2024-01-26 15:20:20.435445   Assert SIGNUP_HEADER =>
2024-01-26 15:20:20.448332   Assert SIGNUP_REF_LOGIN =>
2024-01-26 15:20:20.462529   Assert SIGNUP_PRIVACY_POLICY_ALL_2 =>
2024-01-26 15:20:20.475775   => SIGNUP_PRIVACY_POLICY_ALL
2024-01-26 15:20:20.475797   => 'Signup' form is checked

Bug: Bid:11.02.04.01_01-de.gb.NoAuth

2024-01-26 15:20:20.475862   Проверка бага в таблице ретеста  =>

2024-01-26 15:20:20.482938   4. Fixing one row check results into Google Sheet Bugs Report =>
1 cells updated.
2024-01-26 15:20:20.991980   => 4. One row check results into Google Sheet Bugs Report fixed

2024-01-26 15:20:21.392666   4. Fixing one row check results into Google Sheet Bugs Report =>
1 cells updated.
2024-01-26 15:20:21.715971   => 4. One row check results into Google Sheet Bugs Report fixed

2024-01-26 15:20:21.716066   Bug: Bid:11.02.04.01_01-de.gb.NoAuth уже существует, но тип бага изменился с 23/01/24 на 05

2024-01-26 15:20:21.716645   Bug: Bid:11.02.04.01_01-de.gb.NoAuth-05 уже существует

2024-01-26 15:20:21.716832   4. Fixing one row check results into Google Sheet Bugs Report =>
1 cells updated.
2024-01-26 15:20:22.172479   => 4. One row check results into Google Sheet Bugs Report fixed
------------------------------ Captured log call -------------------------------
2024-01-26 15:20:14 ERROR Elements not present after 0.5 seconds on page: https://capital.com/de/gbpjpy-handel
2024-01-26 15:20:14 ERROR 
Traceback (most recent call last):
  File "/home/runner/work/SeleniumCapital/SeleniumCapital/pages/base_page.py", line 82, in inner_function
    return func(*args, **kwargs)
           ^^^^^^^^^^^^^^^^^^^^^
  File "/home/runner/work/SeleniumCapital/SeleniumCapital/pages/base_page.py", line 293, in element_is_visible
    return Wait(self.browser, timeout).until(
           ^^^^^^^^^^^^^^^^^^^^^^^^^^^^^^^^^^
  File "/home/runner/.cache/pypoetry/virtualenvs/testcapitalcompyse-cIj6ROMf-py3.11/lib/python3.11/site-packages/selenium/webdriver/support/wait.py", line 105, in until
    raise TimeoutException(message, screen, stacktrace)
selenium.common.exceptions.TimeoutException: Message: 
Stacktrace:
#0 0x56376e1f3f83 <unknown>
#1 0x56376deaccf7 <unknown>
#2 0x56376defc99e <unknown>
#3 0x56376defcaa1 <unknown>
#4 0x56376df47d64 <unknown>
#5 0x56376df260dd <unknown>
#6 0x56376df45006 <unknown>
#7 0x56376df25e53 <unknown>
#8 0x56376deeddd4 <unknown>
#9 0x56376deef1de <unknown>
#10 0x56376e1b8531 <unknown>
#11 0x56376e1bc455 <unknown>
#12 0x56376e1a4f55 <unknown>
#13 0x56376e1bd0ef <unknown>
#14 0x56376e18899f <unknown>
#15 0x56376e1e1008 <unknown>
#16 0x56376e1e11d7 <unknown>
#17 0x56376e1f3124 <unknown>
#18 0x7fa426294ac3 <unknown>

2024-01-26 15:20:20 ERROR Elements not present after 0.5 seconds on page: https://capital.com/de/gbpjpy-handel
2024-01-26 15:20:20 ERROR 
Traceback (most recent call last):
  File "/home/runner/work/SeleniumCapital/SeleniumCapital/pages/base_page.py", line 82, in inner_function
    return func(*args, **kwargs)
           ^^^^^^^^^^^^^^^^^^^^^
  File "/home/runner/work/SeleniumCapital/SeleniumCapital/pages/base_page.py", line 293, in element_is_visible
    return Wait(self.browser, timeout).until(
           ^^^^^^^^^^^^^^^^^^^^^^^^^^^^^^^^^^
  File "/home/runner/.cache/pypoetry/virtualenvs/testcapitalcompyse-cIj6ROMf-py3.11/lib/python3.11/site-packages/selenium/webdriver/support/wait.py", line 105, in until
    raise TimeoutException(message, screen, stacktrace)
selenium.common.exceptions.TimeoutException: Message: 
Stacktrace:
#0 0x56376e1f3f83 <unknown>
#1 0x56376deaccf7 <unknown>
#2 0x56376defc99e <unknown>
#3 0x56376defcaa1 <unknown>
#4 0x56376df47d64 <unknown>
#5 0x56376df260dd <unknown>
#6 0x56376df45006 <unknown>
#7 0x56376df25e53 <unknown>
#8 0x56376deeddd4 <unknown>
#9 0x56376deef1de <unknown>
#10 0x56376e1b8531 <unknown>
#11 0x56376e1bc455 <unknown>
#12 0x56376e1a4f55 <unknown>
#13 0x56376e1bd0ef <unknown>
#14 0x56376e18899f <unknown>
#15 0x56376e1e1008 <unknown>
#16 0x56376e1e11d7 <unknown>
#17 0x56376e1f3124 <unknown>
#18 0x7fa426294ac3 <unknown>
--------------------------- Captured stdout teardown ---------------------------

2024-01-26 15:20:22.467130   *** end fixture Browser = teardown ***

=============================== warnings summary ===============================
tests/US_11_Education/US_11-02-04_Forex_trading/US_11-02-04-01_Forex_trading_test.py::TestForexTradingItemPage::test_01_main_banner_start_trading_button[https://capital.com/de/gbpjpy-handel-Chrome--ae-NoAuth-aqa.tomelo.an@gmail.com-iT9Vgqi6d$fiZ*Z]
  /home/runner/.cache/pypoetry/virtualenvs/testcapitalcompyse-cIj6ROMf-py3.11/lib/python3.11/site-packages/pytest_html/plugin.py:133: DeprecationWarning: The 'report.extra' attribute is deprecated and will be removed in a future release, use 'report.extras' instead.
    warnings.warn(

-- Docs: https://docs.pytest.org/en/stable/how-to/capture-warnings.html
- Generated html report: file:///home/runner/work/SeleniumCapital/SeleniumCapital/report/report.html -
=========================== short test summary info ============================
FAILED tests/US_11_Education/US_11-02-04_Forex_trading/US_11-02-04-01_Forex_trading_test.py::TestForexTradingItemPage::test_01_main_banner_start_trading_button[https://capital.com/de/gbpjpy-handel-Chrome--ae-NoAuth-aqa.tomelo.an@gmail.com-iT9Vgqi6d$fiZ*Z] - AssertionError: Bug # 05. Opened a 'Sign up' form instead of a 'Login'
================= 1 failed, 7 deselected, 1 warning in 46.71s ==================

2024-01-26 15:20:22.540958   => Текущий тест: 1 failed

2024-01-26 15:20:22.542889   => 3. check_results finished

2024-01-26 15:20:22.543102   4. Fixing one row check results into Google Sheet Bugs Report =>
1 cells updated.
2024-01-26 15:20:22.722394   => 4. One row check results into Google Sheet Bugs Report fixed
