


2024-01-26 14:56:19.059065   0. Get Values row =>
2024-01-26 14:56:19.059099   Row # = 261
2024-01-26 14:56:19.059109   Row Values = 
['Bid:11.02.02.01_01-fr.gb.NoAuth', 'Ubuntu 22.04', 'Chrome', '11.02.02.01', '_01', 'fr', 'gb', 'FCA', 'NoAuth', 'https://capital.com/fr/trading-apple', 'Education', 'Shares trading / child', 'On Main banner click Button [Start Trading]', 'On Main banner click Button [Start Trading]', '', '05', "Bug # 05. Opened a 'Sign up' form instead of a 'Login'", '', '', '', '23/01/24', 'failed']

2024-01-26 14:56:19.059216   1. Run pretest =>

2024-01-26 14:56:19.059229   row_loc = 
['Bid:11.02.02.01_01-fr.gb.NoAuth', 'Ubuntu 22.04', 'Chrome', '11.02.02.01', '_01', 'fr', 'gb', 'FCA', 'NoAuth', 'https://capital.com/fr/trading-apple', 'Education', 'Shares trading / child', 'On Main banner click Button [Start Trading]', 'On Main banner click Button [Start Trading]', '', '05', "Bug # 05. Opened a 'Sign up' form instead of a 'Login'", '', '', '', '23/01/24', 'failed']

2024-01-26 14:56:19.059244   => 1. Pretest finished

2024-01-26 14:56:19.059318   2. Run run_pytest with Bid = Bid:11.02.02.01_01-fr.gb.NoAuth from row =>

2024-01-26 14:56:19.059330   2.2. Run poetry run pytest ... in subprocess =>

2024-01-26 14:56:19.059342   Run command: 
poetry run pytest --retest=True --browser_name=Chrome --lang=fr --country=gb --role=NoAuth --tpi_link=https://capital.com/fr/trading-apple -m test_01 -v \tests/US_11_Education/US_11-02-02_Shares_trading/US_11-02-02-01_Shares_trading_test.py

2024-01-26 14:57:06.746299   => 2.2. pytest ... as subprocess finished

2024-01-26 14:57:06.746345   => 2. Autotest with Bid = Bid:11.02.02.01_01-fr.gb.NoAuth from row finished

2024-01-26 14:57:06.746442   3. Run check_results =>
2024-01-26 14:57:06.746481   test_results: 
============================= test session starts ==============================
platform linux -- Python 3.11.7, pytest-7.4.4, pluggy-1.3.0 -- /home/runner/.cache/pypoetry/virtualenvs/testcapitalcompyse-cIj6ROMf-py3.11/bin/python
cachedir: .pytest_cache
metadata: {'Python': '3.11.7', 'Platform': 'Linux-6.2.0-1018-azure-x86_64-with-glibc2.35', 'Packages': {'pytest': '7.4.4', 'pluggy': '1.3.0'}, 'Plugins': {'metadata': '3.0.0', 'timeout': '2.2.0', 'html': '4.1.1', 'xdist': '3.5.0', 'allure-pytest': '2.13.2'}, 'CI': 'true', 'JAVA_HOME': '/usr/lib/jvm/temurin-11-jdk-amd64'}
rootdir: /home/runner/work/SeleniumCapital/SeleniumCapital
configfile: pytest.ini
plugins: metadata-3.0.0, timeout-2.2.0, html-4.1.1, xdist-3.5.0, allure-pytest-2.13.2
collecting ... collected 10 items / 9 deselected / 1 selected

tests/US_11_Education/US_11-02-02_Shares_trading/US_11-02-02-01_Shares_trading_test.py::TestSharesTradingItems::test_01_main_banner_start_trading_button[https://capital.com/fr/trading-apple-Chrome--ae-NoAuth-aqa.tomelo.an@gmail.com-iT9Vgqi6d$fiZ*Z] FAILED [100%]

=================================== FAILURES ===================================
_ TestSharesTradingItems.test_01_main_banner_start_trading_button[https://capital.com/fr/trading-apple-Chrome--ae-NoAuth-aqa.tomelo.an@gmail.com-iT9Vgqi6d$fiZ*Z] _

self = <US_11-02-02-01_Shares_trading_test.TestSharesTradingItems object at 0x7fa8203843d0>
worker_id = 'master'
d = <selenium.webdriver.chrome.webdriver.WebDriver (session="b274c54bc779c9a32b3cca1fc8b54be0")>
cur_language = 'fr', cur_country = 'gb', cur_role = 'NoAuth'
cur_login = 'aqa.tomelo.an@gmail.com', cur_password = 'iT9Vgqi6d$fiZ*Z'
cur_item_link = 'https://capital.com/fr/trading-apple'

    @allure.step("Start test of button [Start trading] on Main banner")
    # @pytest.mark.skip(reason="Skipped for debugging")
    @pytest.mark.test_01
    def test_01_main_banner_start_trading_button(
            self, worker_id, d, cur_language, cur_country, cur_role, cur_login, cur_password,
            cur_item_link):
        """
        Check: Button [Start Trading] on Main banner
        Language: All (Except: EL, HU, NL). License: All.
        """
        bid = build_dynamic_arg_v4(
            d, worker_id, cur_language, cur_country, cur_role,
            "11.02.02", "Education > Menu item [Shares trading]",
            ".01_01", "Testing button [Start Trading] on Main banner")
    
        check_language(cur_language)
    
        page_conditions = Conditions(d, "")
        page_conditions.arrange_0()
        page_conditions.preconditions(
            d, CapitalComPageSrc.URL, "", cur_language, cur_country, cur_role, cur_login, cur_password)
    
        test_element = MainBannerStartTrading(d, cur_item_link, bid)
>       test_element.full_test_with_tpi(d, cur_language, cur_country, cur_role, cur_item_link)

tests/US_11_Education/US_11-02-02_Shares_trading/US_11-02-02-01_Shares_trading_test.py:74: 
_ _ _ _ _ _ _ _ _ _ _ _ _ _ _ _ _ _ _ _ _ _ _ _ _ _ _ _ _ _ _ _ _ _ _ _ _ _ _ _ 
pages/Elements/ButtonStartTradingMainBanner.py:28: in full_test_with_tpi
    test_element.assert_login(d, cur_language, cur_item_link)
_ _ _ _ _ _ _ _ _ _ _ _ _ _ _ _ _ _ _ _ _ _ _ _ _ _ _ _ _ _ _ _ _ _ _ _ _ _ _ _ 

self = <pages.Elements.AssertClass.AssertClass object at 0x7fa821b1d950>
d = <selenium.webdriver.chrome.webdriver.WebDriver (session="b274c54bc779c9a32b3cca1fc8b54be0")>
cur_language = 'fr', cur_link = 'https://capital.com/fr/trading-apple'

    @allure.step('Checking that "Login" form or page opened')
    def assert_login(self, d, cur_language, cur_link):
        """Method Assert Login form or page"""
        print(f"\n{datetime.now()}   3. Assert_Login_v0")
        self.page_signup_login = SignupLogin(d, cur_link)
        if self.page_signup_login.should_be_login_form():
            self.page_signup_login.close_login_form()
            del self.page_signup_login
        elif self.page_signup_login.should_be_login_page():
            self.page_signup_login.close_login_page()
            del self.page_signup_login
        elif self.page_signup_login.should_be_trading_platform_login_form(cur_language):
            self.page_signup_login.close_trading_platform_login_form()
            del self.page_signup_login
        elif self.page_signup_login.should_be_signup_form(cur_language):
            del self.page_signup_login
            print(f'\nBug: {self.bid}')
            retest_table_fill(self.bid, '05', self.link)
>           assert False, "Bug # 05. Opened a 'Sign up' form instead of a 'Login'"
E           AssertionError: Bug # 05. Opened a 'Sign up' form instead of a 'Login'

pages/Elements/AssertClass.py:69: AssertionError
---------------------------- Captured stdout setup -----------------------------

2024-01-26 14:56:20.064069   *** autouse fixture Chrome ***

{'width': 1280, 'height': 720}
Current test language - fr
Current country of trading - gb



Current test role - NoAuth
Current login - aqa.tomelo.an@gmail.com
Current login - iT9Vgqi6d$fiZ*Z
----------------------------- Captured stdout call -----------------------------
{'width': 1280, 'height': 720}

2024-01-26 14:56:20.975591   worker_id = master

2024-01-26 14:56:20.975611   0. Allure grouping v4

2024-01-26 14:56:20.975812   0. Arrange_0
2024-01-26 14:56:22.451173   Load page https://capital.com


2024-01-26 14:56:22.451487   START PRECONDITIONS =>

2024-01-26 14:56:23.124232   Load page https://capital.com

2024-01-26 14:56:23.124278   {'width': 1280, 'height': 720}

2024-01-26 14:56:23.146295   Set windows position at (0, 0) =>

2024-01-26 14:56:23.307594   Set resolution 1280 * 720 =>

2024-01-26 14:56:23.421696   => Resolution seted {'width': 1280, 'height': 720}

2024-01-26 14:56:28.439889   Капчи нет. Тестим дальше

2024-01-26 14:56:28.440015   Prev. Role: ?

2024-01-26 14:56:28.440031   Run preconditions: set "NoAuth" Role =>
2024-01-26 14:56:29.051097   Load page https://capital.com

2024-01-26 14:56:29.204472   => All cookies are deleted
2024-01-26 14:56:30.014589   Load page https://capital.com

2024-01-26 14:56:30.014834   Step 'Click button [Accept all cookies]'
2024-01-26 14:56:35.043457   Is Visible Button [Accept all cookies]? =>
2024-01-26 14:56:35.065126   => Button [Accept all cookies] is visible
2024-01-26 14:56:36.065259   Is clickable Button [Accept all cookies] =>
2024-01-26 14:56:36.092989   => Button [Accept all cookies] is clickable
2024-01-26 14:56:36.093020   Click Button [Accept all cookies] =>
2024-01-26 14:56:36.154548   => Button [Accept all cookies] is clicked
2024-01-26 14:56:36.154590   => Accepted All Cookies

2024-01-26 14:56:36.654961   Start Autorization

2024-01-26 14:56:36.655121   2. Act
2024-01-26 14:56:36.655139   Start Click button [Log in] =>
2024-01-26 14:56:36.668782   BUTTON_LOGIN scroll =>
2024-01-26 14:56:36.677599   Is BUTTON_LOGIN clickable? =>
2024-01-26 14:56:36.695352   => BUTTON_LOGIN is clickable
2024-01-26 14:56:36.695380   BUTTON_LOGIN click =>
2024-01-26 14:56:36.770822   => BUTTON_LOGIN is clicked!
2024-01-26 14:56:36.770932   => 'Login' form is opened
2024-01-26 14:56:37.237106   => "login" and "password" are inputted
2024-01-26 14:56:37.237144   Click [Continue] button on [Login] form =>
2024-01-26 14:56:37.322367   => [Continue] button on [Login] form is clicked
2024-01-26 14:56:39.982323   Start check that the Trading platform page is loaded and LOGO is present on it =>
2024-01-26 14:56:39.982356   Set timeout = 30
2024-01-26 14:56:39.982372   Wait until load page with special title =>
2024-01-26 14:56:39.984923   => Page with title "Trading Platform | Capital.com" is loaded
2024-01-26 14:56:39.984942   Is present LOGO on this page? =>
2024-01-26 14:56:41.519269   => LOGO is visible on this page
2024-01-26 14:56:41.519382   -> "Capital.com" logo is present on trading platform page

2024-01-26 14:56:42.623241   Start DeAuthorisation
2024-01-26 14:56:42.623374   1. BUTTON_MY_ACCOUNT is present? =>
2024-01-26 14:56:42.640608   => BUTTON_MY_ACCOUNT is present on this page
2024-01-26 14:56:43.964876   => Move to BUTTON_MY_ACCOUNT
2024-01-26 14:56:43.964922   2. BUTTON_MY_ACCOUNT is clickable? =>
2024-01-26 14:56:44.003357   => BUTTON_MY_ACCOUNT is clickable
2024-01-26 14:56:44.003391   BUTTON_MY_ACCOUNT Click =>
2024-01-26 14:56:44.863158   => User panel [My account] is opened

2024-01-26 14:56:44.863356   Start Click [Logout] button:
2024-01-26 14:56:44.863371   BUTTON_LOGOUT is present? =>
2024-01-26 14:56:44.871186   => BUTTON_LOGOUT is present
2024-01-26 14:56:44.871209   Is visible BUTTON_LOGOUT? =>
2024-01-26 14:56:44.883266   BUTTON_LOGOUT is clickable? =>
2024-01-26 14:56:44.895763   BUTTON_LOGOUT click =>
2024-01-26 14:56:44.952999   => BUTTON_LOGOUT is clicked

2024-01-26 14:56:44.953129   Current role: NoAuth

2024-01-26 14:56:44.953147   Prev language: ?

2024-01-26 14:56:44.953159   Run preconditions: set "fr" language =>


2024-01-26 14:56:44.985782   => Language and Country menu is present


2024-01-26 14:56:45.001830   => Language and Country menu is visible


2024-01-26 14:56:46.776863   => Focus is moved on Language and Country menu 

2024-01-26 14:56:48.617581   => Current language: fr

2024-01-26 14:56:48.617660   Prev country: ?

2024-01-26 14:56:48.617679   Run preconditions: set "gb" country =>


2024-01-26 14:56:48.631793   => Language and Country menu is present


2024-01-26 14:56:48.662576   => Language and Country menu is visible


2024-01-26 14:56:50.445934   => Focus is moved on Language and Country menu 

2024-01-26 14:56:52.520119   => Current country: gb

2024-01-26 14:56:52.520153   => THE END PRECONDITIONS

2024-01-26 14:56:52.520187   1. Arrange_v0
2024-01-26 14:56:53.232330   Load page https://capital.com/fr/trading-apple
2024-01-26 14:56:53.244663   BUTTON_START_TRADING scroll =>
2024-01-26 14:56:53.247993   BUTTON_START_TRADING is visible? =>
2024-01-26 14:56:53.278816   => BUTTON_START_TRADING is visible on the page!

2024-01-26 14:56:53.278981   2. Act_v0
2024-01-26 14:56:53.278996   Start Click button [Start Trading] =>
2024-01-26 14:56:53.284058   BUTTON_START_TRADING is clickable? =>
2024-01-26 14:56:53.294649   BUTTON_START_TRADING click =>
2024-01-26 14:56:53.333941   => BUTTON_START_TRADING clicked

2024-01-26 14:56:53.334230   3. Assert_Login_v0
2024-01-26 14:56:53.334320   Check that 'Login' form is opened
2024-01-26 14:56:58.902646   'Login' form not opened
2024-01-26 14:56:58.905529   'Login' page not opened
2024-01-26 14:57:04.444423   'Login' form on trading platform not opened
2024-01-26 14:57:04.444608   Start step Check that [Sign up] form is opened
2024-01-26 14:57:04.460821   'Sign up' form opened
2024-01-26 14:57:04.460846   Assert SIGNUP_HEADER =>
2024-01-26 14:57:04.474966   Assert SIGNUP_REF_LOGIN =>
2024-01-26 14:57:04.488975   Assert SIGNUP_PRIVACY_POLICY_ALL_2 =>
2024-01-26 14:57:04.508071   => SIGNUP_PRIVACY_POLICY_ALL
2024-01-26 14:57:04.508115   => 'Signup' form is checked

Bug: Bid:11.02.02.01_01-fr.gb.NoAuth

2024-01-26 14:57:04.508193   Проверка бага в таблице ретеста  =>

2024-01-26 14:57:04.514264   4. Fixing one row check results into Google Sheet Bugs Report =>
1 cells updated.
2024-01-26 14:57:05.049506   => 4. One row check results into Google Sheet Bugs Report fixed

2024-01-26 14:57:05.596280   4. Fixing one row check results into Google Sheet Bugs Report =>
1 cells updated.
2024-01-26 14:57:05.790548   => 4. One row check results into Google Sheet Bugs Report fixed

2024-01-26 14:57:05.790636   Bug: Bid:11.02.02.01_01-fr.gb.NoAuth уже существует, но тип бага изменился с 23/01/24 на 05

2024-01-26 14:57:05.791108   Bug: Bid:11.02.02.01_01-fr.gb.NoAuth-05 уже существует

2024-01-26 14:57:05.791265   4. Fixing one row check results into Google Sheet Bugs Report =>
1 cells updated.
2024-01-26 14:57:06.335158   => 4. One row check results into Google Sheet Bugs Report fixed
------------------------------ Captured log call -------------------------------
2024-01-26 14:56:58 ERROR Elements not present after 0.5 seconds on page: https://capital.com/fr/trading-apple
2024-01-26 14:56:58 ERROR 
Traceback (most recent call last):
  File "/home/runner/work/SeleniumCapital/SeleniumCapital/pages/base_page.py", line 82, in inner_function
    return func(*args, **kwargs)
           ^^^^^^^^^^^^^^^^^^^^^
  File "/home/runner/work/SeleniumCapital/SeleniumCapital/pages/base_page.py", line 293, in element_is_visible
    return Wait(self.browser, timeout).until(
           ^^^^^^^^^^^^^^^^^^^^^^^^^^^^^^^^^^
  File "/home/runner/.cache/pypoetry/virtualenvs/testcapitalcompyse-cIj6ROMf-py3.11/lib/python3.11/site-packages/selenium/webdriver/support/wait.py", line 105, in until
    raise TimeoutException(message, screen, stacktrace)
selenium.common.exceptions.TimeoutException: Message: 
Stacktrace:
#0 0x5654b265af83 <unknown>
#1 0x5654b2313cf7 <unknown>
#2 0x5654b236399e <unknown>
#3 0x5654b2363aa1 <unknown>
#4 0x5654b23aed64 <unknown>
#5 0x5654b238d0dd <unknown>
#6 0x5654b23ac006 <unknown>
#7 0x5654b238ce53 <unknown>
#8 0x5654b2354dd4 <unknown>
#9 0x5654b23561de <unknown>
#10 0x5654b261f531 <unknown>
#11 0x5654b2623455 <unknown>
#12 0x5654b260bf55 <unknown>
#13 0x5654b26240ef <unknown>
#14 0x5654b25ef99f <unknown>
#15 0x5654b2648008 <unknown>
#16 0x5654b26481d7 <unknown>
#17 0x5654b265a124 <unknown>
#18 0x7f340c294ac3 <unknown>

2024-01-26 14:57:04 ERROR Elements not present after 0.5 seconds on page: https://capital.com/fr/trading-apple
2024-01-26 14:57:04 ERROR 
Traceback (most recent call last):
  File "/home/runner/work/SeleniumCapital/SeleniumCapital/pages/base_page.py", line 82, in inner_function
    return func(*args, **kwargs)
           ^^^^^^^^^^^^^^^^^^^^^
  File "/home/runner/work/SeleniumCapital/SeleniumCapital/pages/base_page.py", line 293, in element_is_visible
    return Wait(self.browser, timeout).until(
           ^^^^^^^^^^^^^^^^^^^^^^^^^^^^^^^^^^
  File "/home/runner/.cache/pypoetry/virtualenvs/testcapitalcompyse-cIj6ROMf-py3.11/lib/python3.11/site-packages/selenium/webdriver/support/wait.py", line 105, in until
    raise TimeoutException(message, screen, stacktrace)
selenium.common.exceptions.TimeoutException: Message: 
Stacktrace:
#0 0x5654b265af83 <unknown>
#1 0x5654b2313cf7 <unknown>
#2 0x5654b236399e <unknown>
#3 0x5654b2363aa1 <unknown>
#4 0x5654b23aed64 <unknown>
#5 0x5654b238d0dd <unknown>
#6 0x5654b23ac006 <unknown>
#7 0x5654b238ce53 <unknown>
#8 0x5654b2354dd4 <unknown>
#9 0x5654b23561de <unknown>
#10 0x5654b261f531 <unknown>
#11 0x5654b2623455 <unknown>
#12 0x5654b260bf55 <unknown>
#13 0x5654b26240ef <unknown>
#14 0x5654b25ef99f <unknown>
#15 0x5654b2648008 <unknown>
#16 0x5654b26481d7 <unknown>
#17 0x5654b265a124 <unknown>
#18 0x7f340c294ac3 <unknown>
--------------------------- Captured stdout teardown ---------------------------

2024-01-26 14:57:06.654123   *** end fixture Browser = teardown ***

=============================== warnings summary ===============================
tests/US_11_Education/US_11-02-02_Shares_trading/US_11-02-02-01_Shares_trading_test.py::TestSharesTradingItems::test_01_main_banner_start_trading_button[https://capital.com/fr/trading-apple-Chrome--ae-NoAuth-aqa.tomelo.an@gmail.com-iT9Vgqi6d$fiZ*Z]
  /home/runner/.cache/pypoetry/virtualenvs/testcapitalcompyse-cIj6ROMf-py3.11/lib/python3.11/site-packages/pytest_html/plugin.py:133: DeprecationWarning: The 'report.extra' attribute is deprecated and will be removed in a future release, use 'report.extras' instead.
    warnings.warn(

-- Docs: https://docs.pytest.org/en/stable/how-to/capture-warnings.html
- Generated html report: file:///home/runner/work/SeleniumCapital/SeleniumCapital/report/report.html -
=========================== short test summary info ============================
FAILED tests/US_11_Education/US_11-02-02_Shares_trading/US_11-02-02-01_Shares_trading_test.py::TestSharesTradingItems::test_01_main_banner_start_trading_button[https://capital.com/fr/trading-apple-Chrome--ae-NoAuth-aqa.tomelo.an@gmail.com-iT9Vgqi6d$fiZ*Z] - AssertionError: Bug # 05. Opened a 'Sign up' form instead of a 'Login'
================= 1 failed, 9 deselected, 1 warning in 46.76s ==================

2024-01-26 14:57:06.747098   => Текущий тест: 1 failed

2024-01-26 14:57:06.748191   => 3. check_results finished

2024-01-26 14:57:06.748353   4. Fixing one row check results into Google Sheet Bugs Report =>
1 cells updated.
2024-01-26 14:57:06.927374   => 4. One row check results into Google Sheet Bugs Report fixed
