


2024-01-26 15:26:51.544814   0. Get Values row =>
2024-01-26 15:26:51.544842   Row # = 515
2024-01-26 15:26:51.544852   Row Values = 
['Bid:11.02.03.01_10-de.gb.Auth', 'Ubuntu 22.04', 'Chrome', '11.02.03.01', '_10', 'de', 'gb', 'FCA', 'Auth', 'https://capital.com/de/trade-platinum', 'Education', 'Commodities trading L1', '', '', '', '11', 'Bug # 11. Trading platform is opened in not DEMO mode', '', '', '', '23/01/24', 'failed']

2024-01-26 15:26:51.544933   1. Run pretest =>

2024-01-26 15:26:51.544946   row_loc = 
['Bid:11.02.03.01_10-de.gb.Auth', 'Ubuntu 22.04', 'Chrome', '11.02.03.01', '_10', 'de', 'gb', 'FCA', 'Auth', 'https://capital.com/de/trade-platinum', 'Education', 'Commodities trading L1', '', '', '', '11', 'Bug # 11. Trading platform is opened in not DEMO mode', '', '', '', '23/01/24', 'failed']

2024-01-26 15:26:51.544961   => 1. Pretest finished

2024-01-26 15:26:51.545024   2. Run run_pytest with Bid = Bid:11.02.03.01_10-de.gb.Auth from row =>

2024-01-26 15:26:51.545037   2.2. Run poetry run pytest ... in subprocess =>

2024-01-26 15:26:51.545048   Run command: 
poetry run pytest --retest=True --browser_name=Chrome --lang=de --country=gb --role=Auth --tpi_link=https://capital.com/de/trade-platinum -m test_10 -v \tests/US_11_Education/US_11-02-03_Commodities_trading/us_11-02-03-01_Commodities_trading_test.py

2024-01-26 15:27:55.894940   => 2.2. pytest ... as subprocess finished

2024-01-26 15:27:55.894985   => 2. Autotest with Bid = Bid:11.02.03.01_10-de.gb.Auth from row finished

2024-01-26 15:27:55.895066   3. Run check_results =>
2024-01-26 15:27:55.895093   test_results: 
============================= test session starts ==============================
platform linux -- Python 3.11.7, pytest-7.4.4, pluggy-1.3.0 -- /home/runner/.cache/pypoetry/virtualenvs/testcapitalcompyse-cIj6ROMf-py3.11/bin/python
cachedir: .pytest_cache
metadata: {'Python': '3.11.7', 'Platform': 'Linux-6.2.0-1018-azure-x86_64-with-glibc2.35', 'Packages': {'pytest': '7.4.4', 'pluggy': '1.3.0'}, 'Plugins': {'metadata': '3.0.0', 'timeout': '2.2.0', 'html': '4.1.1', 'xdist': '3.5.0', 'allure-pytest': '2.13.2'}, 'CI': 'true', 'JAVA_HOME': '/usr/lib/jvm/temurin-11-jdk-amd64'}
rootdir: /home/runner/work/SeleniumCapital/SeleniumCapital
configfile: pytest.ini
plugins: metadata-3.0.0, timeout-2.2.0, html-4.1.1, xdist-3.5.0, allure-pytest-2.13.2
collecting ... collected 10 items / 9 deselected / 1 selected

tests/US_11_Education/US_11-02-03_Commodities_trading/us_11-02-03-01_Commodities_trading_test.py::TestCommoditiesTrading::test_10_block_vert_banner_button[https://capital.com/de/trade-platinum-Chrome--ae-Auth-aqa.tomelo.an@gmail.com-iT9Vgqi6d$fiZ*Z] FAILED [100%]

=================================== FAILURES ===================================
_ TestCommoditiesTrading.test_10_block_vert_banner_button[https://capital.com/de/trade-platinum-Chrome--ae-Auth-aqa.tomelo.an@gmail.com-iT9Vgqi6d$fiZ*Z] _

self = <us_11-02-03-01_Commodities_trading_test.TestCommoditiesTrading object at 0x7fb7cbe6af50>
worker_id = 'master'
d = <selenium.webdriver.chrome.webdriver.WebDriver (session="b758b983b5e3ce2ed0918b87cbc5df46")>
cur_language = 'de', cur_country = 'gb', cur_role = 'Auth'
cur_login = 'aqa.tomelo.an@gmail.com', cur_password = 'iT9Vgqi6d$fiZ*Z'
cur_item_link = 'https://capital.com/de/trade-platinum'

    @allure.step("Start test of button in block [Vertical banner]")
    # @pytest.mark.skip(reason="Skipped for debugging")
    @pytest.mark.test_10
    def test_10_block_vert_banner_button(
            self, worker_id, d, cur_language, cur_country, cur_role, cur_login, cur_password,
            cur_item_link):
        """
                Check the [Button] on the Vertical side banner at the bottom of the page.
                For "Authorized user" role:
                The trading platform page is opened depend on the banner [type-id]:
                        Live mode if the banner in the Live mode banners list
                        Demo mode if the banner in the Demo mode banners list
                """
    
        bid = build_dynamic_arg_v4(
            d, worker_id, cur_language, cur_country, cur_role,
            "11.02.03", "Education > Menu item [Commodities trading]",
            ".01_10", "Testing button in block [Vertical banner]")
    
        check_language(cur_language)
        if cur_language in [""]:
            Common().skip_test_for_language(cur_language)
    
        page_conditions = Conditions(d, "")
        page_conditions.preconditions(
            d, CapitalComPageSrc.URL, "", cur_language, cur_country, cur_role, cur_login, cur_password)
    
        # банеры должны открываться в Demo mode for US_00
        banner00_ver_tpd = []
        # банеры должны открываться в Live mode for US_00
        banner00_ver_tp = []
        # банеры должны открываться в Demo mode for US_01
        banner01_ver_tpd = ['251', '253', '380', '168', '222', '393']
        # банеры должны открываться в Live mode for US_01
        banner01_ver_tp = ['198', '293', '381', '391', '426']
    
        test_element = ButtonOnVerticalBanner(d, cur_item_link, bid)
>       test_element.full_test_with_tpi(
            d, cur_language, cur_country, cur_role, cur_item_link,
            banner00_ver_tpd, banner00_ver_tp, banner01_ver_tpd, banner01_ver_tp)

tests/US_11_Education/US_11-02-03_Commodities_trading/us_11-02-03-01_Commodities_trading_test.py:312: 
_ _ _ _ _ _ _ _ _ _ _ _ _ _ _ _ _ _ _ _ _ _ _ _ _ _ _ _ _ _ _ _ _ _ _ _ _ _ _ _ 
pages/Elements/ButtonOnVerticalBanner.py:48: in full_test_with_tpi
    test_element.assert_trading_platform_v4(d, link, tpd)
pages/Elements/AssertClass.py:127: in assert_trading_platform_v4
    self.page_trading.should_be_trading_platform_page_v4(d, cur_link, tpd, tpi, trade_instrument)
pages/Capital/Trading_platform/trading_platform.py:101: in should_be_trading_platform_page_v4
    self.should_be_platform_demo_mode(d, cur_link)
_ _ _ _ _ _ _ _ _ _ _ _ _ _ _ _ _ _ _ _ _ _ _ _ _ _ _ _ _ _ _ _ _ _ _ _ _ _ _ _ 

self = <pages.Capital.Trading_platform.trading_platform.TradingPlatform object at 0x7fb7cbe94ed0>
d = <selenium.webdriver.chrome.webdriver.WebDriver (session="b758b983b5e3ce2ed0918b87cbc5df46")>
cur_link = 'https://capital.com/de/trade-platinum'

    @allure.step("Check if the trading platform opened in DEMO mode")
    def should_be_platform_demo_mode(self, d, cur_link):
        """Check that Trading platform opened in Demo mode"""
        print(f"{datetime.now()}   Checking that the Trading platform opened in DEMO mode =>")
        # if not self.element_is_visible(TopBarLocators.MODE_DEMO, 30):
        if not self.element_is_visible(TopBarLocators.MODE_DEMO, 15):
            # проверка бага для ретеста
            print(f'\nBug: {self.bid}')
            retest_table_fill(self.bid, '11', self.link)
>           assert False, "Bug # 11. Trading platform is opened in not DEMO mode"
E           AssertionError: Bug # 11. Trading platform is opened in not DEMO mode

pages/Capital/Trading_platform/trading_platform.py:170: AssertionError
---------------------------- Captured stdout setup -----------------------------

2024-01-26 15:26:52.389075   *** autouse fixture Chrome ***

{'width': 1280, 'height': 720}
Current test language - de
Current country of trading - gb



Current test role - Auth
Current login - aqa.tomelo.an@gmail.com
Current login - iT9Vgqi6d$fiZ*Z
----------------------------- Captured stdout call -----------------------------
{'width': 1280, 'height': 720}

2024-01-26 15:26:53.328230   worker_id = master

2024-01-26 15:26:53.328247   0. Allure grouping v4


2024-01-26 15:26:53.328428   START PRECONDITIONS =>

2024-01-26 15:26:55.072542   Load page https://capital.com

2024-01-26 15:26:55.072592   {'width': 1280, 'height': 720}

2024-01-26 15:26:55.074808   Set windows position at (0, 0) =>

2024-01-26 15:26:55.180364   Set resolution 1280 * 720 =>

2024-01-26 15:26:55.285450   => Resolution seted {'width': 1280, 'height': 720}

2024-01-26 15:27:00.295747   Капчи нет. Тестим дальше

2024-01-26 15:27:00.295843   Prev. Role: ?

2024-01-26 15:27:00.295855   Run preconditions: set "Auth" Role =>
2024-01-26 15:27:01.022811   Load page https://capital.com

2024-01-26 15:27:01.226156   => All cookies are deleted
2024-01-26 15:27:02.032681   Load page https://capital.com

2024-01-26 15:27:02.032940   Step 'Click button [Accept all cookies]'
2024-01-26 15:27:07.048973   Is Visible Button [Accept all cookies]? =>
2024-01-26 15:27:07.072344   => Button [Accept all cookies] is visible
2024-01-26 15:27:08.072459   Is clickable Button [Accept all cookies] =>
2024-01-26 15:27:08.095316   => Button [Accept all cookies] is clickable
2024-01-26 15:27:08.095349   Click Button [Accept all cookies] =>
2024-01-26 15:27:08.150759   => Button [Accept all cookies] is clicked
2024-01-26 15:27:08.150802   => Accepted All Cookies

2024-01-26 15:27:08.651228   Start Autorization

2024-01-26 15:27:08.651383   2. Act
2024-01-26 15:27:08.651404   Start Click button [Log in] =>
2024-01-26 15:27:08.659743   BUTTON_LOGIN scroll =>
2024-01-26 15:27:08.663310   Is BUTTON_LOGIN clickable? =>
2024-01-26 15:27:08.674676   => BUTTON_LOGIN is clickable
2024-01-26 15:27:08.674698   BUTTON_LOGIN click =>
2024-01-26 15:27:08.714908   => BUTTON_LOGIN is clicked!
2024-01-26 15:27:08.715008   => 'Login' form is opened
2024-01-26 15:27:09.322186   => "login" and "password" are inputted
2024-01-26 15:27:09.322228   Click [Continue] button on [Login] form =>
2024-01-26 15:27:09.399361   => [Continue] button on [Login] form is clicked
2024-01-26 15:27:11.914281   Start check that the Trading platform page is loaded and LOGO is present on it =>
2024-01-26 15:27:11.914315   Set timeout = 30
2024-01-26 15:27:11.914330   Wait until load page with special title =>
2024-01-26 15:27:11.917274   => Page with title "Trading Platform | Capital.com" is loaded
2024-01-26 15:27:11.917304   Is present LOGO on this page? =>
2024-01-26 15:27:13.275874   => LOGO is visible on this page
2024-01-26 15:27:13.275958   -> "Capital.com" logo is present on trading platform page

2024-01-26 15:27:14.285158   Current role: Auth

2024-01-26 15:27:14.285208   Prev language: ?

2024-01-26 15:27:14.285230   Run preconditions: set "de" language =>


2024-01-26 15:27:14.295969   => Language and Country menu is present


2024-01-26 15:27:14.331872   => Language and Country menu is visible


2024-01-26 15:27:16.103379   => Focus is moved on Language and Country menu 

2024-01-26 15:27:17.843359   => Current language: de

2024-01-26 15:27:17.843401   Prev country: ?

2024-01-26 15:27:17.843411   Run preconditions: set "gb" country =>


2024-01-26 15:27:17.849249   => Language and Country menu is present


2024-01-26 15:27:17.882509   => Language and Country menu is visible


2024-01-26 15:27:19.653350   => Focus is moved on Language and Country menu 

2024-01-26 15:27:21.837948   => Current country: gb

2024-01-26 15:27:21.837995   => THE END PRECONDITIONS

2024-01-26 15:27:21.838063   1. Arrange
2024-01-26 15:27:23.189010   Load page https://capital.com/de/trade-platinum
2024-01-26 15:27:23.189056   BUTTON_ON_VER_BANNER is visible? =>
2024-01-26 15:27:23.391891   => BUTTON_ON_VER_BANNER is visible on the page!
2024-01-26 15:27:23.392125   Start Checking that form [Sign up] popped up on the page =>
2024-01-26 15:27:28.908479   '[Sign up]' form was not popped up

2024-01-26 15:27:28.908651   2. Act
2024-01-26 15:27:28.908665   BUTTON_ON_VER_BANNER is present? =>
2024-01-26 15:27:28.917194   => BUTTON_ON_VER_BANNER is present on the page!
2024-01-26 15:27:28.917227   BUTTON_ON_VER_BANNER scroll =>
2024-01-26 15:27:33.743313   => BUTTON_ON_VER_BANNER clicked!
2024-01-26 15:27:33.743421   For Vertical banner [type-id=168] Trading platform should be open in Demo Mode =>

2024-01-26 15:27:33.743605   3. Assert_v4
2024-01-26 15:27:33.743736   Checking that the trading platform page has opened (v4) =>
2024-01-26 15:27:35.691681   => Current page title: Trading Platform | Capital.com
2024-01-26 15:27:35.691844   Checking that the Trading platform LOGO is present on the page =>
2024-01-26 15:27:36.885015   Checking that the Trading platform opened in DEMO mode =>

Bug: Bid:11.02.03.01_10-de.gb.Auth

2024-01-26 15:27:53.479838   Проверка бага в таблице ретеста  =>

2024-01-26 15:27:53.487005   4. Fixing one row check results into Google Sheet Bugs Report =>
1 cells updated.
2024-01-26 15:27:54.064477   => 4. One row check results into Google Sheet Bugs Report fixed

2024-01-26 15:27:54.653446   4. Fixing one row check results into Google Sheet Bugs Report =>
1 cells updated.
2024-01-26 15:27:54.977046   => 4. One row check results into Google Sheet Bugs Report fixed

2024-01-26 15:27:54.977115   Bug: Bid:11.02.03.01_10-de.gb.Auth уже существует, но тип бага изменился с 23/01/24 на 11

2024-01-26 15:27:54.977519   Bug: Bid:11.02.03.01_10-de.gb.Auth-11 уже существует

2024-01-26 15:27:54.977690   4. Fixing one row check results into Google Sheet Bugs Report =>
1 cells updated.
2024-01-26 15:27:55.459297   => 4. One row check results into Google Sheet Bugs Report fixed
------------------------------ Captured log call -------------------------------
2024-01-26 15:27:28 ERROR Elements not present after 0.5 seconds on page: https://capital.com/de/trade-platinum
2024-01-26 15:27:28 ERROR 
Traceback (most recent call last):
  File "/home/runner/work/SeleniumCapital/SeleniumCapital/pages/base_page.py", line 82, in inner_function
    return func(*args, **kwargs)
           ^^^^^^^^^^^^^^^^^^^^^
  File "/home/runner/work/SeleniumCapital/SeleniumCapital/pages/base_page.py", line 293, in element_is_visible
    return Wait(self.browser, timeout).until(
           ^^^^^^^^^^^^^^^^^^^^^^^^^^^^^^^^^^
  File "/home/runner/.cache/pypoetry/virtualenvs/testcapitalcompyse-cIj6ROMf-py3.11/lib/python3.11/site-packages/selenium/webdriver/support/wait.py", line 105, in until
    raise TimeoutException(message, screen, stacktrace)
selenium.common.exceptions.TimeoutException: Message: 
Stacktrace:
#0 0x5590baa2ef83 <unknown>
#1 0x5590ba6e7cf7 <unknown>
#2 0x5590ba73799e <unknown>
#3 0x5590ba737aa1 <unknown>
#4 0x5590ba782d64 <unknown>
#5 0x5590ba7610dd <unknown>
#6 0x5590ba780006 <unknown>
#7 0x5590ba760e53 <unknown>
#8 0x5590ba728dd4 <unknown>
#9 0x5590ba72a1de <unknown>
#10 0x5590ba9f3531 <unknown>
#11 0x5590ba9f7455 <unknown>
#12 0x5590ba9dff55 <unknown>
#13 0x5590ba9f80ef <unknown>
#14 0x5590ba9c399f <unknown>
#15 0x5590baa1c008 <unknown>
#16 0x5590baa1c1d7 <unknown>
#17 0x5590baa2e124 <unknown>
#18 0x7fde17894ac3 <unknown>

2024-01-26 15:27:53 ERROR Elements not present after 0.5 seconds on page: https://capital.com/trading/platform/
2024-01-26 15:27:53 ERROR 
Traceback (most recent call last):
  File "/home/runner/work/SeleniumCapital/SeleniumCapital/pages/base_page.py", line 82, in inner_function
    return func(*args, **kwargs)
           ^^^^^^^^^^^^^^^^^^^^^
  File "/home/runner/work/SeleniumCapital/SeleniumCapital/pages/base_page.py", line 293, in element_is_visible
    return Wait(self.browser, timeout).until(
           ^^^^^^^^^^^^^^^^^^^^^^^^^^^^^^^^^^
  File "/home/runner/.cache/pypoetry/virtualenvs/testcapitalcompyse-cIj6ROMf-py3.11/lib/python3.11/site-packages/selenium/webdriver/support/wait.py", line 105, in until
    raise TimeoutException(message, screen, stacktrace)
selenium.common.exceptions.TimeoutException: Message: 
Stacktrace:
#0 0x5590baa2ef83 <unknown>
#1 0x5590ba6e7cf7 <unknown>
#2 0x5590ba73799e <unknown>
#3 0x5590ba737aa1 <unknown>
#4 0x5590ba782d64 <unknown>
#5 0x5590ba7610dd <unknown>
#6 0x5590ba780006 <unknown>
#7 0x5590ba760e53 <unknown>
#8 0x5590ba728dd4 <unknown>
#9 0x5590ba72a1de <unknown>
#10 0x5590ba9f3531 <unknown>
#11 0x5590ba9f7455 <unknown>
#12 0x5590ba9dff55 <unknown>
#13 0x5590ba9f80ef <unknown>
#14 0x5590ba9c399f <unknown>
#15 0x5590baa1c008 <unknown>
#16 0x5590baa1c1d7 <unknown>
#17 0x5590baa2e124 <unknown>
#18 0x7fde17894ac3 <unknown>
--------------------------- Captured stdout teardown ---------------------------

2024-01-26 15:27:55.804622   *** end fixture Browser = teardown ***

=============================== warnings summary ===============================
tests/US_11_Education/US_11-02-03_Commodities_trading/us_11-02-03-01_Commodities_trading_test.py::TestCommoditiesTrading::test_10_block_vert_banner_button[https://capital.com/de/trade-platinum-Chrome--ae-Auth-aqa.tomelo.an@gmail.com-iT9Vgqi6d$fiZ*Z]
  /home/runner/.cache/pypoetry/virtualenvs/testcapitalcompyse-cIj6ROMf-py3.11/lib/python3.11/site-packages/pytest_html/plugin.py:133: DeprecationWarning: The 'report.extra' attribute is deprecated and will be removed in a future release, use 'report.extras' instead.
    warnings.warn(

-- Docs: https://docs.pytest.org/en/stable/how-to/capture-warnings.html
- Generated html report: file:///home/runner/work/SeleniumCapital/SeleniumCapital/report/report.html -
=========================== short test summary info ============================
FAILED tests/US_11_Education/US_11-02-03_Commodities_trading/us_11-02-03-01_Commodities_trading_test.py::TestCommoditiesTrading::test_10_block_vert_banner_button[https://capital.com/de/trade-platinum-Chrome--ae-Auth-aqa.tomelo.an@gmail.com-iT9Vgqi6d$fiZ*Z] - AssertionError: Bug # 11. Trading platform is opened in not DEMO mode
============ 1 failed, 9 deselected, 1 warning in 63.59s (0:01:03) =============

2024-01-26 15:27:55.895513   => Текущий тест: 1 failed

2024-01-26 15:27:55.896458   => 3. check_results finished

2024-01-26 15:27:55.896607   4. Fixing one row check results into Google Sheet Bugs Report =>
1 cells updated.
2024-01-26 15:27:56.072696   => 4. One row check results into Google Sheet Bugs Report fixed
