


2024-01-26 15:11:26.094818   0. Get Values row =>
2024-01-26 15:11:26.094846   Row # = 475
2024-01-26 15:11:26.094856   Row Values = 
['Bid:11.03.01.01_02-de.gb.NoAuth', 'Ubuntu 22.04', 'Chrome', '11.03.01.01', '_02', 'de', 'gb', 'FCA', 'NoAuth', 'https://capital.com/de/bollinger-baender', 'Education', 'Trading strategies guide L1', 'Click Main banner > Button [Try demo]', 'Click Main banner > Button [Try demo]', '', '05', "Bug # 05. Opened a 'Sign up' form instead of a 'Login'", '', '', '', '23/01/24', 'failed']

2024-01-26 15:11:26.094936   1. Run pretest =>

2024-01-26 15:11:26.094949   row_loc = 
['Bid:11.03.01.01_02-de.gb.NoAuth', 'Ubuntu 22.04', 'Chrome', '11.03.01.01', '_02', 'de', 'gb', 'FCA', 'NoAuth', 'https://capital.com/de/bollinger-baender', 'Education', 'Trading strategies guide L1', 'Click Main banner > Button [Try demo]', 'Click Main banner > Button [Try demo]', '', '05', "Bug # 05. Opened a 'Sign up' form instead of a 'Login'", '', '', '', '23/01/24', 'failed']

2024-01-26 15:11:26.094964   => 1. Pretest finished

2024-01-26 15:11:26.095027   2. Run run_pytest with Bid = Bid:11.03.01.01_02-de.gb.NoAuth from row =>

2024-01-26 15:11:26.095039   2.2. Run poetry run pytest ... in subprocess =>

2024-01-26 15:11:26.095051   Run command: 
poetry run pytest --retest=True --browser_name=Chrome --lang=de --country=gb --role=NoAuth --tpi_link=https://capital.com/de/bollinger-baender -m test_02 -v \tests/US_11_Education/US_11-03-01_trading_strategies_guide/US_11-03-01-01_trading_strategies_guide_test.py

2024-01-26 15:12:13.035517   => 2.2. pytest ... as subprocess finished

2024-01-26 15:12:13.035563   => 2. Autotest with Bid = Bid:11.03.01.01_02-de.gb.NoAuth from row finished

2024-01-26 15:12:13.035635   3. Run check_results =>
2024-01-26 15:12:13.035666   test_results: 
============================= test session starts ==============================
platform linux -- Python 3.11.7, pytest-7.4.4, pluggy-1.3.0 -- /home/runner/.cache/pypoetry/virtualenvs/testcapitalcompyse-cIj6ROMf-py3.11/bin/python
cachedir: .pytest_cache
metadata: {'Python': '3.11.7', 'Platform': 'Linux-6.2.0-1018-azure-x86_64-with-glibc2.35', 'Packages': {'pytest': '7.4.4', 'pluggy': '1.3.0'}, 'Plugins': {'metadata': '3.0.0', 'timeout': '2.2.0', 'html': '4.1.1', 'xdist': '3.5.0', 'allure-pytest': '2.13.2'}, 'CI': 'true', 'JAVA_HOME': '/usr/lib/jvm/temurin-11-jdk-amd64'}
rootdir: /home/runner/work/SeleniumCapital/SeleniumCapital
configfile: pytest.ini
plugins: metadata-3.0.0, timeout-2.2.0, html-4.1.1, xdist-3.5.0, allure-pytest-2.13.2
collecting ... collected 10 items / 9 deselected / 1 selected

tests/US_11_Education/US_11-03-01_trading_strategies_guide/US_11-03-01-01_trading_strategies_guide_test.py::TestTradingStrategiesGuides::test_02_main_banner_try_demo_button[https://capital.com/de/bollinger-baender-Chrome--ae-NoAuth-aqa.tomelo.an@gmail.com-iT9Vgqi6d$fiZ*Z] FAILED [100%]

=================================== FAILURES ===================================
_ TestTradingStrategiesGuides.test_02_main_banner_try_demo_button[https://capital.com/de/bollinger-baender-Chrome--ae-NoAuth-aqa.tomelo.an@gmail.com-iT9Vgqi6d$fiZ*Z] _

self = <US_11-03-01-01_trading_strategies_guide_test.TestTradingStrategiesGuides object at 0x7f22dbd60510>
worker_id = 'master'
d = <selenium.webdriver.chrome.webdriver.WebDriver (session="653654fe6b9f330f477c35b5fead421b")>
cur_language = 'de', cur_country = 'gb', cur_role = 'NoAuth'
cur_login = 'aqa.tomelo.an@gmail.com', cur_password = 'iT9Vgqi6d$fiZ*Z'
cur_item_link = 'https://capital.com/de/bollinger-baender'

    @allure.step("Start test_11.03.01.01_02 of button [Try demo] on Main banner")
    @pytest.mark.test_02
    def test_02_main_banner_try_demo_button(
            self, worker_id, d, cur_language, cur_country, cur_role, cur_login, cur_password, cur_item_link):
        """
        Check: Button [Try demo] on Main banner
        Language: All. License: All.
        """
        bid = build_dynamic_arg_v4(
            d, worker_id, cur_language, cur_country, cur_role,
            "11.03.01", "Education > Menu item [Trading Strategies Guides]",
            ".01_02", "Testing button [Try demo] on Main banner")
    
        Common().check_language_in_list_and_skip_if_not_present(cur_language, ["", "de", "es", "it", "ru", "zh"])
    
        page_conditions = Conditions(d, "")
        page_conditions.preconditions(
            d, CapitalComPageSrc.URL, "", cur_language, cur_country, cur_role, cur_login, cur_password)
    
        test_element = MainBannerTryDemo(d, cur_item_link, bid)
>       test_element.full_test_with_tpi(d, cur_language, cur_country, cur_role, cur_item_link)

tests/US_11_Education/US_11-03-01_trading_strategies_guide/US_11-03-01-01_trading_strategies_guide_test.py:76: 
_ _ _ _ _ _ _ _ _ _ _ _ _ _ _ _ _ _ _ _ _ _ _ _ _ _ _ _ _ _ _ _ _ _ _ _ _ _ _ _ 
pages/Elements/ButtonTryDemoMainBanner.py:28: in full_test_with_tpi
    test_element.assert_login(d, cur_language, cur_item_link)
_ _ _ _ _ _ _ _ _ _ _ _ _ _ _ _ _ _ _ _ _ _ _ _ _ _ _ _ _ _ _ _ _ _ _ _ _ _ _ _ 

self = <pages.Elements.AssertClass.AssertClass object at 0x7f22dbd603d0>
d = <selenium.webdriver.chrome.webdriver.WebDriver (session="653654fe6b9f330f477c35b5fead421b")>
cur_language = 'de', cur_link = 'https://capital.com/de/bollinger-baender'

    @allure.step('Checking that "Login" form or page opened')
    def assert_login(self, d, cur_language, cur_link):
        """Method Assert Login form or page"""
        print(f"\n{datetime.now()}   3. Assert_Login_v0")
        self.page_signup_login = SignupLogin(d, cur_link)
        if self.page_signup_login.should_be_login_form():
            self.page_signup_login.close_login_form()
            del self.page_signup_login
        elif self.page_signup_login.should_be_login_page():
            self.page_signup_login.close_login_page()
            del self.page_signup_login
        elif self.page_signup_login.should_be_trading_platform_login_form(cur_language):
            self.page_signup_login.close_trading_platform_login_form()
            del self.page_signup_login
        elif self.page_signup_login.should_be_signup_form(cur_language):
            del self.page_signup_login
            print(f'\nBug: {self.bid}')
            retest_table_fill(self.bid, '05', self.link)
>           assert False, "Bug # 05. Opened a 'Sign up' form instead of a 'Login'"
E           AssertionError: Bug # 05. Opened a 'Sign up' form instead of a 'Login'

pages/Elements/AssertClass.py:69: AssertionError
---------------------------- Captured stdout setup -----------------------------

2024-01-26 15:11:26.911361   *** autouse fixture Chrome ***

{'width': 1280, 'height': 720}
Current test language - de
Current country of trading - gb



Current test role - NoAuth
Current login - aqa.tomelo.an@gmail.com
Current login - iT9Vgqi6d$fiZ*Z
----------------------------- Captured stdout call -----------------------------
{'width': 1280, 'height': 720}

2024-01-26 15:11:27.830140   worker_id = master

2024-01-26 15:11:27.830158   0. Allure grouping v4


2024-01-26 15:11:27.830343   START PRECONDITIONS =>

2024-01-26 15:11:29.291947   Load page https://capital.com

2024-01-26 15:11:29.291994   {'width': 1280, 'height': 720}

2024-01-26 15:11:29.294891   Set windows position at (0, 0) =>

2024-01-26 15:11:29.411653   Set resolution 1280 * 720 =>

2024-01-26 15:11:29.524302   => Resolution seted {'width': 1280, 'height': 720}

2024-01-26 15:11:34.586369   Капчи нет. Тестим дальше

2024-01-26 15:11:34.586473   Prev. Role: ?

2024-01-26 15:11:34.586493   Run preconditions: set "NoAuth" Role =>
2024-01-26 15:11:35.266412   Load page https://capital.com

2024-01-26 15:11:35.492018   => All cookies are deleted
2024-01-26 15:11:36.385042   Load page https://capital.com

2024-01-26 15:11:36.385276   Step 'Click button [Accept all cookies]'
2024-01-26 15:11:41.440518   Is Visible Button [Accept all cookies]? =>
2024-01-26 15:11:41.467568   => Button [Accept all cookies] is visible
2024-01-26 15:11:42.467688   Is clickable Button [Accept all cookies] =>
2024-01-26 15:11:42.525891   => Button [Accept all cookies] is clickable
2024-01-26 15:11:42.525934   Click Button [Accept all cookies] =>
2024-01-26 15:11:42.677115   => Button [Accept all cookies] is clicked
2024-01-26 15:11:42.677156   => Accepted All Cookies

2024-01-26 15:11:43.177601   Start Autorization

2024-01-26 15:11:43.177778   2. Act
2024-01-26 15:11:43.177802   Start Click button [Log in] =>
2024-01-26 15:11:43.194437   BUTTON_LOGIN scroll =>
2024-01-26 15:11:43.199663   Is BUTTON_LOGIN clickable? =>
2024-01-26 15:11:43.225523   => BUTTON_LOGIN is clickable
2024-01-26 15:11:43.225567   BUTTON_LOGIN click =>
2024-01-26 15:11:43.281873   => BUTTON_LOGIN is clicked!
2024-01-26 15:11:43.281978   => 'Login' form is opened
2024-01-26 15:11:43.833317   => "login" and "password" are inputted
2024-01-26 15:11:43.833359   Click [Continue] button on [Login] form =>
2024-01-26 15:11:43.928024   => [Continue] button on [Login] form is clicked
2024-01-26 15:11:46.786368   Start check that the Trading platform page is loaded and LOGO is present on it =>
2024-01-26 15:11:46.786407   Set timeout = 30
2024-01-26 15:11:46.786430   Wait until load page with special title =>
2024-01-26 15:11:46.790688   => Page with title "Trading Platform | Capital.com" is loaded
2024-01-26 15:11:46.790712   Is present LOGO on this page? =>
2024-01-26 15:11:48.231943   => LOGO is visible on this page
2024-01-26 15:11:48.232037   -> "Capital.com" logo is present on trading platform page

2024-01-26 15:11:49.226072   Start DeAuthorisation
2024-01-26 15:11:49.226198   1. BUTTON_MY_ACCOUNT is present? =>
2024-01-26 15:11:49.240303   => BUTTON_MY_ACCOUNT is present on this page
2024-01-26 15:11:50.577651   => Move to BUTTON_MY_ACCOUNT
2024-01-26 15:11:50.577713   2. BUTTON_MY_ACCOUNT is clickable? =>
2024-01-26 15:11:50.620364   => BUTTON_MY_ACCOUNT is clickable
2024-01-26 15:11:50.620406   BUTTON_MY_ACCOUNT Click =>
2024-01-26 15:11:51.499830   => User panel [My account] is opened

2024-01-26 15:11:51.500032   Start Click [Logout] button:
2024-01-26 15:11:51.500046   BUTTON_LOGOUT is present? =>
2024-01-26 15:11:51.511884   => BUTTON_LOGOUT is present
2024-01-26 15:11:51.511922   Is visible BUTTON_LOGOUT? =>
2024-01-26 15:11:51.527349   BUTTON_LOGOUT is clickable? =>
2024-01-26 15:11:51.541542   BUTTON_LOGOUT click =>
2024-01-26 15:11:51.599607   => BUTTON_LOGOUT is clicked

2024-01-26 15:11:51.599719   Current role: NoAuth

2024-01-26 15:11:51.599731   Prev language: ?

2024-01-26 15:11:51.599740   Run preconditions: set "de" language =>


2024-01-26 15:11:51.629252   => Language and Country menu is present


2024-01-26 15:11:51.643453   => Language and Country menu is visible


2024-01-26 15:11:53.424656   => Focus is moved on Language and Country menu 

2024-01-26 15:11:55.168572   => Current language: de

2024-01-26 15:11:55.168612   Prev country: ?

2024-01-26 15:11:55.168622   Run preconditions: set "gb" country =>


2024-01-26 15:11:55.180203   => Language and Country menu is present


2024-01-26 15:11:55.217879   => Language and Country menu is visible


2024-01-26 15:11:56.991706   => Focus is moved on Language and Country menu 

2024-01-26 15:11:59.213895   => Current country: gb

2024-01-26 15:11:59.213940   => THE END PRECONDITIONS

2024-01-26 15:11:59.213989   1. Arrange_v0
2024-01-26 15:11:59.914953   Load page https://capital.com/de/bollinger-baender
2024-01-26 15:11:59.914999   BUTTON_TRY_DEMO is visible? =>
2024-01-26 15:11:59.933022   => BUTTON_TRY_DEMO is visible on the page!

2024-01-26 15:11:59.933191   2. Act_v0
2024-01-26 15:11:59.933208   BUTTON_TRY_DEMO is present? =>
2024-01-26 15:11:59.996637   => BUTTON_TRY_DEMO is present on the page!
2024-01-26 15:11:59.996676   BUTTON_TRY_DEMO scroll =>
2024-01-26 15:12:00.062797   => BUTTON_TRY_DEMO clicked!

2024-01-26 15:12:00.063018   3. Assert_Login_v0
2024-01-26 15:12:00.063088   Check that 'Login' form is opened
2024-01-26 15:12:05.594501   'Login' form not opened
2024-01-26 15:12:05.598418   'Login' page not opened
2024-01-26 15:12:11.141474   'Login' form on trading platform not opened
2024-01-26 15:12:11.141686   Start step Check that [Sign up] form is opened
2024-01-26 15:12:11.155948   'Sign up' form opened
2024-01-26 15:12:11.155971   Assert SIGNUP_HEADER =>
2024-01-26 15:12:11.169064   Assert SIGNUP_REF_LOGIN =>
2024-01-26 15:12:11.182852   Assert SIGNUP_PRIVACY_POLICY_ALL_2 =>
2024-01-26 15:12:11.197274   => SIGNUP_PRIVACY_POLICY_ALL
2024-01-26 15:12:11.197303   => 'Signup' form is checked

Bug: Bid:11.03.01.01_02-de.gb.NoAuth

2024-01-26 15:12:11.197363   Проверка бага в таблице ретеста  =>

2024-01-26 15:12:11.203035   4. Fixing one row check results into Google Sheet Bugs Report =>
1 cells updated.
2024-01-26 15:12:11.590072   => 4. One row check results into Google Sheet Bugs Report fixed

2024-01-26 15:12:11.976761   4. Fixing one row check results into Google Sheet Bugs Report =>
1 cells updated.
2024-01-26 15:12:12.183327   => 4. One row check results into Google Sheet Bugs Report fixed

2024-01-26 15:12:12.183408   Bug: Bid:11.03.01.01_02-de.gb.NoAuth уже существует, но тип бага изменился с 23/01/24 на 05

2024-01-26 15:12:12.183790   Bug: Bid:11.03.01.01_02-de.gb.NoAuth-05 уже существует

2024-01-26 15:12:12.183935   4. Fixing one row check results into Google Sheet Bugs Report =>
1 cells updated.
2024-01-26 15:12:12.641180   => 4. One row check results into Google Sheet Bugs Report fixed
------------------------------ Captured log call -------------------------------
2024-01-26 15:12:05 ERROR Elements not present after 0.5 seconds on page: https://capital.com/de/bollinger-baender
2024-01-26 15:12:05 ERROR 
Traceback (most recent call last):
  File "/home/runner/work/SeleniumCapital/SeleniumCapital/pages/base_page.py", line 82, in inner_function
    return func(*args, **kwargs)
           ^^^^^^^^^^^^^^^^^^^^^
  File "/home/runner/work/SeleniumCapital/SeleniumCapital/pages/base_page.py", line 293, in element_is_visible
    return Wait(self.browser, timeout).until(
           ^^^^^^^^^^^^^^^^^^^^^^^^^^^^^^^^^^
  File "/home/runner/.cache/pypoetry/virtualenvs/testcapitalcompyse-cIj6ROMf-py3.11/lib/python3.11/site-packages/selenium/webdriver/support/wait.py", line 105, in until
    raise TimeoutException(message, screen, stacktrace)
selenium.common.exceptions.TimeoutException: Message: 
Stacktrace:
#0 0x562ea2e0ff83 <unknown>
#1 0x562ea2ac8cf7 <unknown>
#2 0x562ea2b1899e <unknown>
#3 0x562ea2b18aa1 <unknown>
#4 0x562ea2b63d64 <unknown>
#5 0x562ea2b420dd <unknown>
#6 0x562ea2b61006 <unknown>
#7 0x562ea2b41e53 <unknown>
#8 0x562ea2b09dd4 <unknown>
#9 0x562ea2b0b1de <unknown>
#10 0x562ea2dd4531 <unknown>
#11 0x562ea2dd8455 <unknown>
#12 0x562ea2dc0f55 <unknown>
#13 0x562ea2dd90ef <unknown>
#14 0x562ea2da499f <unknown>
#15 0x562ea2dfd008 <unknown>
#16 0x562ea2dfd1d7 <unknown>
#17 0x562ea2e0f124 <unknown>
#18 0x7f8a8e294ac3 <unknown>

2024-01-26 15:12:11 ERROR Elements not present after 0.5 seconds on page: https://capital.com/de/bollinger-baender
2024-01-26 15:12:11 ERROR 
Traceback (most recent call last):
  File "/home/runner/work/SeleniumCapital/SeleniumCapital/pages/base_page.py", line 82, in inner_function
    return func(*args, **kwargs)
           ^^^^^^^^^^^^^^^^^^^^^
  File "/home/runner/work/SeleniumCapital/SeleniumCapital/pages/base_page.py", line 293, in element_is_visible
    return Wait(self.browser, timeout).until(
           ^^^^^^^^^^^^^^^^^^^^^^^^^^^^^^^^^^
  File "/home/runner/.cache/pypoetry/virtualenvs/testcapitalcompyse-cIj6ROMf-py3.11/lib/python3.11/site-packages/selenium/webdriver/support/wait.py", line 105, in until
    raise TimeoutException(message, screen, stacktrace)
selenium.common.exceptions.TimeoutException: Message: 
Stacktrace:
#0 0x562ea2e0ff83 <unknown>
#1 0x562ea2ac8cf7 <unknown>
#2 0x562ea2b1899e <unknown>
#3 0x562ea2b18aa1 <unknown>
#4 0x562ea2b63d64 <unknown>
#5 0x562ea2b420dd <unknown>
#6 0x562ea2b61006 <unknown>
#7 0x562ea2b41e53 <unknown>
#8 0x562ea2b09dd4 <unknown>
#9 0x562ea2b0b1de <unknown>
#10 0x562ea2dd4531 <unknown>
#11 0x562ea2dd8455 <unknown>
#12 0x562ea2dc0f55 <unknown>
#13 0x562ea2dd90ef <unknown>
#14 0x562ea2da499f <unknown>
#15 0x562ea2dfd008 <unknown>
#16 0x562ea2dfd1d7 <unknown>
#17 0x562ea2e0f124 <unknown>
#18 0x7f8a8e294ac3 <unknown>
--------------------------- Captured stdout teardown ---------------------------

2024-01-26 15:12:12.951685   *** end fixture Browser = teardown ***

=============================== warnings summary ===============================
tests/US_11_Education/US_11-03-01_trading_strategies_guide/US_11-03-01-01_trading_strategies_guide_test.py::TestTradingStrategiesGuides::test_02_main_banner_try_demo_button[https://capital.com/de/bollinger-baender-Chrome--ae-NoAuth-aqa.tomelo.an@gmail.com-iT9Vgqi6d$fiZ*Z]
  /home/runner/.cache/pypoetry/virtualenvs/testcapitalcompyse-cIj6ROMf-py3.11/lib/python3.11/site-packages/pytest_html/plugin.py:133: DeprecationWarning: The 'report.extra' attribute is deprecated and will be removed in a future release, use 'report.extras' instead.
    warnings.warn(

-- Docs: https://docs.pytest.org/en/stable/how-to/capture-warnings.html
- Generated html report: file:///home/runner/work/SeleniumCapital/SeleniumCapital/report/report.html -
=========================== short test summary info ============================
FAILED tests/US_11_Education/US_11-03-01_trading_strategies_guide/US_11-03-01-01_trading_strategies_guide_test.py::TestTradingStrategiesGuides::test_02_main_banner_try_demo_button[https://capital.com/de/bollinger-baender-Chrome--ae-NoAuth-aqa.tomelo.an@gmail.com-iT9Vgqi6d$fiZ*Z] - AssertionError: Bug # 05. Opened a 'Sign up' form instead of a 'Login'
================= 1 failed, 9 deselected, 1 warning in 46.21s ==================

2024-01-26 15:12:13.036240   => Текущий тест: 1 failed

2024-01-26 15:12:13.037435   => 3. check_results finished

2024-01-26 15:12:13.037576   4. Fixing one row check results into Google Sheet Bugs Report =>
1 cells updated.
2024-01-26 15:12:13.360815   => 4. One row check results into Google Sheet Bugs Report fixed
