2024-01-26 15:28:40 ERROR Elements not present after 0.5 seconds on page: https://capital.com/de/rohstoffhandel
2024-01-26 15:28:40 ERROR 
Traceback (most recent call last):
  File "/home/runner/work/SeleniumCapital/SeleniumCapital/pages/base_page.py", line 82, in inner_function
    return func(*args, **kwargs)
           ^^^^^^^^^^^^^^^^^^^^^
  File "/home/runner/work/SeleniumCapital/SeleniumCapital/pages/base_page.py", line 293, in element_is_visible
    return Wait(self.browser, timeout).until(
           ^^^^^^^^^^^^^^^^^^^^^^^^^^^^^^^^^^
  File "/home/runner/.cache/pypoetry/virtualenvs/testcapitalcompyse-cIj6ROMf-py3.11/lib/python3.11/site-packages/selenium/webdriver/support/wait.py", line 105, in until
    raise TimeoutException(message, screen, stacktrace)
selenium.common.exceptions.TimeoutException: Message: 
Stacktrace:
#0 0x557ef466ff83 <unknown>
#1 0x557ef4328cf7 <unknown>
#2 0x557ef437899e <unknown>
#3 0x557ef4378aa1 <unknown>
#4 0x557ef43c3d64 <unknown>
#5 0x557ef43a20dd <unknown>
#6 0x557ef43c1006 <unknown>
#7 0x557ef43a1e53 <unknown>
#8 0x557ef4369dd4 <unknown>
#9 0x557ef436b1de <unknown>
#10 0x557ef4634531 <unknown>
#11 0x557ef4638455 <unknown>
#12 0x557ef4620f55 <unknown>
#13 0x557ef46390ef <unknown>
#14 0x557ef460499f <unknown>
#15 0x557ef465d008 <unknown>
#16 0x557ef465d1d7 <unknown>
#17 0x557ef466f124 <unknown>
#18 0x7f9d2d294ac3 <unknown>

2024-01-26 15:28:48 ERROR Elements not present after 0.5 seconds on page: https://capital.com/trading/signup
2024-01-26 15:28:48 ERROR 
Traceback (most recent call last):
  File "/home/runner/work/SeleniumCapital/SeleniumCapital/pages/base_page.py", line 82, in inner_function
    return func(*args, **kwargs)
           ^^^^^^^^^^^^^^^^^^^^^
  File "/home/runner/work/SeleniumCapital/SeleniumCapital/pages/base_page.py", line 293, in element_is_visible
    return Wait(self.browser, timeout).until(
           ^^^^^^^^^^^^^^^^^^^^^^^^^^^^^^^^^^
  File "/home/runner/.cache/pypoetry/virtualenvs/testcapitalcompyse-cIj6ROMf-py3.11/lib/python3.11/site-packages/selenium/webdriver/support/wait.py", line 105, in until
    raise TimeoutException(message, screen, stacktrace)
selenium.common.exceptions.TimeoutException: Message: 
Stacktrace:
#0 0x557ef466ff83 <unknown>
#1 0x557ef4328cf7 <unknown>
#2 0x557ef437899e <unknown>
#3 0x557ef4378aa1 <unknown>
#4 0x557ef43c3d64 <unknown>
#5 0x557ef43a20dd <unknown>
#6 0x557ef43c1006 <unknown>
#7 0x557ef43a1e53 <unknown>
#8 0x557ef4369dd4 <unknown>
#9 0x557ef436b1de <unknown>
#10 0x557ef4634531 <unknown>
#11 0x557ef4638455 <unknown>
#12 0x557ef4620f55 <unknown>
#13 0x557ef46390ef <unknown>
#14 0x557ef460499f <unknown>
#15 0x557ef465d008 <unknown>
#16 0x557ef465d1d7 <unknown>
#17 0x557ef466f124 <unknown>
#18 0x7f9d2d294ac3 <unknown>

2024-01-26 15:28:53 ERROR Elements not present after 0.5 seconds on page: https://capital.com/trading/signup
2024-01-26 15:28:53 ERROR 
Traceback (most recent call last):
  File "/home/runner/work/SeleniumCapital/SeleniumCapital/pages/base_page.py", line 82, in inner_function
    return func(*args, **kwargs)
           ^^^^^^^^^^^^^^^^^^^^^
  File "/home/runner/work/SeleniumCapital/SeleniumCapital/pages/base_page.py", line 293, in element_is_visible
    return Wait(self.browser, timeout).until(
           ^^^^^^^^^^^^^^^^^^^^^^^^^^^^^^^^^^
  File "/home/runner/.cache/pypoetry/virtualenvs/testcapitalcompyse-cIj6ROMf-py3.11/lib/python3.11/site-packages/selenium/webdriver/support/wait.py", line 105, in until
    raise TimeoutException(message, screen, stacktrace)
selenium.common.exceptions.TimeoutException: Message: 
Stacktrace:
#0 0x557ef466ff83 <unknown>
#1 0x557ef4328cf7 <unknown>
#2 0x557ef437899e <unknown>
#3 0x557ef4378aa1 <unknown>
#4 0x557ef43c3d64 <unknown>
#5 0x557ef43a20dd <unknown>
#6 0x557ef43c1006 <unknown>
#7 0x557ef43a1e53 <unknown>
#8 0x557ef4369dd4 <unknown>
#9 0x557ef436b1de <unknown>
#10 0x557ef4634531 <unknown>
#11 0x557ef4638455 <unknown>
#12 0x557ef4620f55 <unknown>
#13 0x557ef46390ef <unknown>
#14 0x557ef460499f <unknown>
#15 0x557ef465d008 <unknown>
#16 0x557ef465d1d7 <unknown>
#17 0x557ef466f124 <unknown>
#18 0x7f9d2d294ac3 <unknown>

2024-01-26 15:28:59 ERROR Elements not present after 0.5 seconds on page: https://capital.com/trading/signup
2024-01-26 15:28:59 ERROR 
Traceback (most recent call last):
  File "/home/runner/work/SeleniumCapital/SeleniumCapital/pages/base_page.py", line 82, in inner_function
    return func(*args, **kwargs)
           ^^^^^^^^^^^^^^^^^^^^^
  File "/home/runner/work/SeleniumCapital/SeleniumCapital/pages/base_page.py", line 293, in element_is_visible
    return Wait(self.browser, timeout).until(
           ^^^^^^^^^^^^^^^^^^^^^^^^^^^^^^^^^^
  File "/home/runner/.cache/pypoetry/virtualenvs/testcapitalcompyse-cIj6ROMf-py3.11/lib/python3.11/site-packages/selenium/webdriver/support/wait.py", line 105, in until
    raise TimeoutException(message, screen, stacktrace)
selenium.common.exceptions.TimeoutException: Message: 
Stacktrace:
#0 0x557ef466ff83 <unknown>
#1 0x557ef4328cf7 <unknown>
#2 0x557ef437899e <unknown>
#3 0x557ef4378aa1 <unknown>
#4 0x557ef43c3d64 <unknown>
#5 0x557ef43a20dd <unknown>
#6 0x557ef43c1006 <unknown>
#7 0x557ef43a1e53 <unknown>
#8 0x557ef4369dd4 <unknown>
#9 0x557ef436b1de <unknown>
#10 0x557ef4634531 <unknown>
#11 0x557ef4638455 <unknown>
#12 0x557ef4620f55 <unknown>
#13 0x557ef46390ef <unknown>
#14 0x557ef460499f <unknown>
#15 0x557ef465d008 <unknown>
#16 0x557ef465d1d7 <unknown>
#17 0x557ef466f124 <unknown>
#18 0x7f9d2d294ac3 <unknown>

2024-01-26 15:29:05 ERROR Elements not present after 0.5 seconds on page: https://capital.com/trading/signup
2024-01-26 15:29:05 ERROR 
Traceback (most recent call last):
  File "/home/runner/work/SeleniumCapital/SeleniumCapital/pages/base_page.py", line 82, in inner_function
    return func(*args, **kwargs)
           ^^^^^^^^^^^^^^^^^^^^^
  File "/home/runner/work/SeleniumCapital/SeleniumCapital/pages/base_page.py", line 293, in element_is_visible
    return Wait(self.browser, timeout).until(
           ^^^^^^^^^^^^^^^^^^^^^^^^^^^^^^^^^^
  File "/home/runner/.cache/pypoetry/virtualenvs/testcapitalcompyse-cIj6ROMf-py3.11/lib/python3.11/site-packages/selenium/webdriver/support/wait.py", line 105, in until
    raise TimeoutException(message, screen, stacktrace)
selenium.common.exceptions.TimeoutException: Message: 
Stacktrace:
#0 0x557ef466ff83 <unknown>
#1 0x557ef4328cf7 <unknown>
#2 0x557ef437899e <unknown>
#3 0x557ef4378aa1 <unknown>
#4 0x557ef43c3d64 <unknown>
#5 0x557ef43a20dd <unknown>
#6 0x557ef43c1006 <unknown>
#7 0x557ef43a1e53 <unknown>
#8 0x557ef4369dd4 <unknown>
#9 0x557ef436b1de <unknown>
#10 0x557ef4634531 <unknown>
#11 0x557ef4638455 <unknown>
#12 0x557ef4620f55 <unknown>
#13 0x557ef46390ef <unknown>
#14 0x557ef460499f <unknown>
#15 0x557ef465d008 <unknown>
#16 0x557ef465d1d7 <unknown>
#17 0x557ef466f124 <unknown>
#18 0x7f9d2d294ac3 <unknown>