2024-01-26 15:25:11 ERROR Elements not present after 0.5 seconds on page: https://capital.com/
2024-01-26 15:25:11 ERROR 
Traceback (most recent call last):
  File "/home/runner/work/SeleniumCapital/SeleniumCapital/pages/base_page.py", line 82, in inner_function
    return func(*args, **kwargs)
           ^^^^^^^^^^^^^^^^^^^^^
  File "/home/runner/work/SeleniumCapital/SeleniumCapital/pages/base_page.py", line 293, in element_is_visible
    return Wait(self.browser, timeout).until(
           ^^^^^^^^^^^^^^^^^^^^^^^^^^^^^^^^^^
  File "/home/runner/.cache/pypoetry/virtualenvs/testcapitalcompyse-cIj6ROMf-py3.11/lib/python3.11/site-packages/selenium/webdriver/support/wait.py", line 105, in until
    raise TimeoutException(message, screen, stacktrace)
selenium.common.exceptions.TimeoutException: Message: 
Stacktrace:
#0 0x55c2ae27ff83 <unknown>
#1 0x55c2adf38cf7 <unknown>
#2 0x55c2adf8899e <unknown>
#3 0x55c2adf88aa1 <unknown>
#4 0x55c2adfd3d64 <unknown>
#5 0x55c2adfb20dd <unknown>
#6 0x55c2adfd1006 <unknown>
#7 0x55c2adfb1e53 <unknown>
#8 0x55c2adf79dd4 <unknown>
#9 0x55c2adf7b1de <unknown>
#10 0x55c2ae244531 <unknown>
#11 0x55c2ae248455 <unknown>
#12 0x55c2ae230f55 <unknown>
#13 0x55c2ae2490ef <unknown>
#14 0x55c2ae21499f <unknown>
#15 0x55c2ae26d008 <unknown>
#16 0x55c2ae26d1d7 <unknown>
#17 0x55c2ae27f124 <unknown>
#18 0x7f3ce9694ac3 <unknown>