


2024-01-26 15:16:11.115808   0. Get Values row =>
2024-01-26 15:16:11.115839   Row # = 485
2024-01-26 15:16:11.115849   Row Values = 
['Bid:11.02.07.00_01-de.gb.NoAuth', 'Ubuntu 22.04', 'Chrome', '11.02.07.00', '_01', 'de', 'gb', 'FCA', 'NoAuth', '', 'Education', 'ETF trading', 'On Main banner click Button [Start Trading]', 'On Main banner click Button [Start Trading]', '', '05', "Bug # 05. Opened a 'Sign up' form instead of a 'Login'", '', '', '', '23/01/24', 'failed']

2024-01-26 15:16:11.115932   1. Run pretest =>

2024-01-26 15:16:11.115945   row_loc = 
['Bid:11.02.07.00_01-de.gb.NoAuth', 'Ubuntu 22.04', 'Chrome', '11.02.07.00', '_01', 'de', 'gb', 'FCA', 'NoAuth', '', 'Education', 'ETF trading', 'On Main banner click Button [Start Trading]', 'On Main banner click Button [Start Trading]', '', '05', "Bug # 05. Opened a 'Sign up' form instead of a 'Login'", '', '', '', '23/01/24', 'failed']

2024-01-26 15:16:11.115959   => 1. Pretest finished

2024-01-26 15:16:11.116023   2. Run run_pytest with Bid = Bid:11.02.07.00_01-de.gb.NoAuth from row =>

2024-01-26 15:16:11.116035   2.2. Run poetry run pytest ... in subprocess =>

2024-01-26 15:16:11.116047   Run command: 
poetry run pytest --retest=True --browser_name=Chrome --lang=de --country=gb --role=NoAuth -m test_01 -v \tests/US_11_Education/US_11-02-07_ETF_trading/us_11-02-07_etf_trading_test.py

2024-01-26 15:17:02.104024   => 2.2. pytest ... as subprocess finished

2024-01-26 15:17:02.104078   => 2. Autotest with Bid = Bid:11.02.07.00_01-de.gb.NoAuth from row finished

2024-01-26 15:17:02.104151   3. Run check_results =>
2024-01-26 15:17:02.104178   test_results: 
============================= test session starts ==============================
platform linux -- Python 3.11.7, pytest-7.4.4, pluggy-1.3.0 -- /home/runner/.cache/pypoetry/virtualenvs/testcapitalcompyse-cIj6ROMf-py3.11/bin/python
cachedir: .pytest_cache
metadata: {'Python': '3.11.7', 'Platform': 'Linux-6.2.0-1018-azure-x86_64-with-glibc2.35', 'Packages': {'pytest': '7.4.4', 'pluggy': '1.3.0'}, 'Plugins': {'metadata': '3.0.0', 'timeout': '2.2.0', 'html': '4.1.1', 'xdist': '3.5.0', 'allure-pytest': '2.13.2'}, 'CI': 'true', 'JAVA_HOME': '/usr/lib/jvm/temurin-11-jdk-amd64'}
rootdir: /home/runner/work/SeleniumCapital/SeleniumCapital
configfile: pytest.ini
plugins: metadata-3.0.0, timeout-2.2.0, html-4.1.1, xdist-3.5.0, allure-pytest-2.13.2
collecting ... collected 4 items / 3 deselected / 1 selected

tests/US_11_Education/US_11-02-07_ETF_trading/us_11-02-07_etf_trading_test.py::TestETFTrading::test_01_main_banner_start_trading_button[Chrome--ae-NoAuth-aqa.tomelo.an@gmail.com-iT9Vgqi6d$fiZ*Z] FAILED [100%]

=================================== FAILURES ===================================
_ TestETFTrading.test_01_main_banner_start_trading_button[Chrome--ae-NoAuth-aqa.tomelo.an@gmail.com-iT9Vgqi6d$fiZ*Z] _

self = <us_11-02-07_etf_trading_test.TestETFTrading object at 0x7fabe6ebda50>
worker_id = 'master'
d = <selenium.webdriver.chrome.webdriver.WebDriver (session="f7e603f7538e4bb9a5d519ef765ff3ee")>
cur_language = 'de', cur_country = 'gb', cur_role = 'NoAuth'
cur_login = 'aqa.tomelo.an@gmail.com', cur_password = 'iT9Vgqi6d$fiZ*Z'

    @allure.step("Start test of button [Start trading] on Main banner")
    @pytest.mark.test_01
    def test_01_main_banner_start_trading_button(
            self, worker_id, d, cur_language, cur_country, cur_role, cur_login, cur_password):
        """
        Check: Button [Start Trading] on Main banner
        Language: All. License: All. Role: All.
        """
        bid = build_dynamic_arg_v4(
            d, worker_id, cur_language, cur_country, cur_role,
            "11.02.07", "Education > Menu item [ETF trading]",
            ".00_01", "Testing button [Start Trading] on Main banner")
    
        Common().skip_if_eng_lang_and_fca_license(cur_language, cur_country)
    
        check_language(cur_language, ["", "ar", "de", "es", "it", "ru", "cn"])
    
        page_conditions = Conditions(d, "")
        link = page_conditions.preconditions(
            d, CapitalComPageSrc.URL, "", cur_language, cur_country, cur_role, cur_login, cur_password)
    
        page_menu = MenuSection(d, link)
        page_menu.menu_education_move_focus(d, cur_language, cur_country)
        cur_page_url = page_menu.sub_menu_etf_trading_move_focus_click(d, cur_language)
    
        test_element = MainBannerStartTrading(d, cur_page_url, bid)
>       test_element.full_test_with_tpi(d, cur_language, cur_country, cur_role, cur_page_url)

tests/US_11_Education/US_11-02-07_ETF_trading/us_11-02-07_etf_trading_test.py:61: 
_ _ _ _ _ _ _ _ _ _ _ _ _ _ _ _ _ _ _ _ _ _ _ _ _ _ _ _ _ _ _ _ _ _ _ _ _ _ _ _ 
pages/Elements/ButtonStartTradingMainBanner.py:28: in full_test_with_tpi
    test_element.assert_login(d, cur_language, cur_item_link)
_ _ _ _ _ _ _ _ _ _ _ _ _ _ _ _ _ _ _ _ _ _ _ _ _ _ _ _ _ _ _ _ _ _ _ _ _ _ _ _ 

self = <pages.Elements.AssertClass.AssertClass object at 0x7fabe774f0d0>
d = <selenium.webdriver.chrome.webdriver.WebDriver (session="f7e603f7538e4bb9a5d519ef765ff3ee")>
cur_language = 'de', cur_link = 'https://capital.com/de/trade-etfs'

    @allure.step('Checking that "Login" form or page opened')
    def assert_login(self, d, cur_language, cur_link):
        """Method Assert Login form or page"""
        print(f"\n{datetime.now()}   3. Assert_Login_v0")
        self.page_signup_login = SignupLogin(d, cur_link)
        if self.page_signup_login.should_be_login_form():
            self.page_signup_login.close_login_form()
            del self.page_signup_login
        elif self.page_signup_login.should_be_login_page():
            self.page_signup_login.close_login_page()
            del self.page_signup_login
        elif self.page_signup_login.should_be_trading_platform_login_form(cur_language):
            self.page_signup_login.close_trading_platform_login_form()
            del self.page_signup_login
        elif self.page_signup_login.should_be_signup_form(cur_language):
            del self.page_signup_login
            print(f'\nBug: {self.bid}')
            retest_table_fill(self.bid, '05', self.link)
>           assert False, "Bug # 05. Opened a 'Sign up' form instead of a 'Login'"
E           AssertionError: Bug # 05. Opened a 'Sign up' form instead of a 'Login'

pages/Elements/AssertClass.py:69: AssertionError
---------------------------- Captured stdout setup -----------------------------

2024-01-26 15:16:12.015838   *** autouse fixture Chrome ***

{'width': 1280, 'height': 720}
Current test language - de
Current country of trading - gb



Current test role - NoAuth
Current login - aqa.tomelo.an@gmail.com
Current login - iT9Vgqi6d$fiZ*Z
----------------------------- Captured stdout call -----------------------------
{'width': 1280, 'height': 720}

2024-01-26 15:16:13.021047   worker_id = master

2024-01-26 15:16:13.021070   0. Allure grouping v4


2024-01-26 15:16:13.021359   START PRECONDITIONS =>

2024-01-26 15:16:14.517064   Load page https://capital.com

2024-01-26 15:16:14.517107   {'width': 1280, 'height': 720}

2024-01-26 15:16:14.519129   Set windows position at (0, 0) =>

2024-01-26 15:16:14.624836   Set resolution 1280 * 720 =>

2024-01-26 15:16:14.731910   => Resolution seted {'width': 1280, 'height': 720}

2024-01-26 15:16:19.788056   Капчи нет. Тестим дальше

2024-01-26 15:16:19.788153   Prev. Role: ?

2024-01-26 15:16:19.788165   Run preconditions: set "NoAuth" Role =>
2024-01-26 15:16:20.531535   Load page https://capital.com

2024-01-26 15:16:20.763986   => All cookies are deleted
2024-01-26 15:16:21.587284   Load page https://capital.com

2024-01-26 15:16:21.587549   Step 'Click button [Accept all cookies]'
2024-01-26 15:16:26.591919   Is Visible Button [Accept all cookies]? =>
2024-01-26 15:16:26.621299   => Button [Accept all cookies] is visible
2024-01-26 15:16:27.621423   Is clickable Button [Accept all cookies] =>
2024-01-26 15:16:27.651570   => Button [Accept all cookies] is clickable
2024-01-26 15:16:27.651621   Click Button [Accept all cookies] =>
2024-01-26 15:16:27.716115   => Button [Accept all cookies] is clicked
2024-01-26 15:16:27.716157   => Accepted All Cookies

2024-01-26 15:16:28.216500   Start Autorization

2024-01-26 15:16:28.216609   2. Act
2024-01-26 15:16:28.216623   Start Click button [Log in] =>
2024-01-26 15:16:28.225407   BUTTON_LOGIN scroll =>
2024-01-26 15:16:28.233809   Is BUTTON_LOGIN clickable? =>
2024-01-26 15:16:28.252627   => BUTTON_LOGIN is clickable
2024-01-26 15:16:28.252671   BUTTON_LOGIN click =>
2024-01-26 15:16:28.300581   => BUTTON_LOGIN is clicked!
2024-01-26 15:16:28.300668   => 'Login' form is opened
2024-01-26 15:16:28.924251   => "login" and "password" are inputted
2024-01-26 15:16:28.924295   Click [Continue] button on [Login] form =>
2024-01-26 15:16:29.009144   => [Continue] button on [Login] form is clicked
2024-01-26 15:16:31.951950   Start check that the Trading platform page is loaded and LOGO is present on it =>
2024-01-26 15:16:31.951992   Set timeout = 30
2024-01-26 15:16:31.952007   Wait until load page with special title =>
2024-01-26 15:16:31.955052   => Page with title "Trading Platform | Capital.com" is loaded
2024-01-26 15:16:31.955085   Is present LOGO on this page? =>
2024-01-26 15:16:33.570524   => LOGO is visible on this page
2024-01-26 15:16:33.570612   -> "Capital.com" logo is present on trading platform page

2024-01-26 15:16:34.862785   Start DeAuthorisation
2024-01-26 15:16:34.862911   1. BUTTON_MY_ACCOUNT is present? =>
2024-01-26 15:16:34.881239   => BUTTON_MY_ACCOUNT is present on this page
2024-01-26 15:16:36.211875   => Move to BUTTON_MY_ACCOUNT
2024-01-26 15:16:36.211941   2. BUTTON_MY_ACCOUNT is clickable? =>
2024-01-26 15:16:36.238925   => BUTTON_MY_ACCOUNT is clickable
2024-01-26 15:16:36.238958   BUTTON_MY_ACCOUNT Click =>
2024-01-26 15:16:37.081869   => User panel [My account] is opened

2024-01-26 15:16:37.082089   Start Click [Logout] button:
2024-01-26 15:16:37.082103   BUTTON_LOGOUT is present? =>
2024-01-26 15:16:37.090128   => BUTTON_LOGOUT is present
2024-01-26 15:16:37.090161   Is visible BUTTON_LOGOUT? =>
2024-01-26 15:16:37.106094   BUTTON_LOGOUT is clickable? =>
2024-01-26 15:16:37.119950   BUTTON_LOGOUT click =>
2024-01-26 15:16:37.186652   => BUTTON_LOGOUT is clicked

2024-01-26 15:16:37.186774   Current role: NoAuth

2024-01-26 15:16:37.186790   Prev language: ?

2024-01-26 15:16:37.186803   Run preconditions: set "de" language =>


2024-01-26 15:16:37.216439   => Language and Country menu is present


2024-01-26 15:16:37.241840   => Language and Country menu is visible


2024-01-26 15:16:39.031413   => Focus is moved on Language and Country menu 

2024-01-26 15:16:40.673554   => Current language: de

2024-01-26 15:16:40.673594   Prev country: ?

2024-01-26 15:16:40.673689   Run preconditions: set "gb" country =>


2024-01-26 15:16:40.700875   => Language and Country menu is present


2024-01-26 15:16:40.722186   => Language and Country menu is visible


2024-01-26 15:16:42.503863   => Focus is moved on Language and Country menu 

2024-01-26 15:16:44.901908   => Current country: gb

2024-01-26 15:16:44.901945   => THE END PRECONDITIONS
2024-01-26 15:16:45.418884   => Education menu is present
2024-01-26 15:16:45.436359   => Education menu is visible
2024-01-26 15:16:46.712698   => Education menu focus moved

2024-01-26 15:16:48.478593   1. Arrange_v0
2024-01-26 15:16:48.489242   BUTTON_START_TRADING scroll =>
2024-01-26 15:16:48.493770   BUTTON_START_TRADING is visible? =>
2024-01-26 15:16:48.511872   => BUTTON_START_TRADING is visible on the page!

2024-01-26 15:16:48.512033   2. Act_v0
2024-01-26 15:16:48.512047   Start Click button [Start Trading] =>
2024-01-26 15:16:48.516987   BUTTON_START_TRADING is clickable? =>
2024-01-26 15:16:48.536134   BUTTON_START_TRADING click =>
2024-01-26 15:16:48.578421   => BUTTON_START_TRADING clicked

2024-01-26 15:16:48.578699   3. Assert_Login_v0
2024-01-26 15:16:48.578791   Check that 'Login' form is opened
2024-01-26 15:16:54.135066   'Login' form not opened
2024-01-26 15:16:54.137757   'Login' page not opened
2024-01-26 15:16:59.691583   'Login' form on trading platform not opened
2024-01-26 15:16:59.691770   Start step Check that [Sign up] form is opened
2024-01-26 15:16:59.708924   'Sign up' form opened
2024-01-26 15:16:59.708949   Assert SIGNUP_HEADER =>
2024-01-26 15:16:59.725237   Assert SIGNUP_REF_LOGIN =>
2024-01-26 15:16:59.741512   Assert SIGNUP_PRIVACY_POLICY_ALL_2 =>
2024-01-26 15:16:59.755254   => SIGNUP_PRIVACY_POLICY_ALL
2024-01-26 15:16:59.755289   => 'Signup' form is checked

Bug: Bid:11.02.07.00_01-de.gb.NoAuth

2024-01-26 15:16:59.755366   Проверка бага в таблице ретеста  =>

2024-01-26 15:16:59.761212   4. Fixing one row check results into Google Sheet Bugs Report =>
1 cells updated.
2024-01-26 15:17:00.294485   => 4. One row check results into Google Sheet Bugs Report fixed

2024-01-26 15:17:01.036757   4. Fixing one row check results into Google Sheet Bugs Report =>
1 cells updated.
2024-01-26 15:17:01.216035   => 4. One row check results into Google Sheet Bugs Report fixed

2024-01-26 15:17:01.216114   Bug: Bid:11.02.07.00_01-de.gb.NoAuth уже существует, но тип бага изменился с 23/01/24 на 05

2024-01-26 15:17:01.216570   Bug: Bid:11.02.07.00_01-de.gb.NoAuth-05 уже существует

2024-01-26 15:17:01.216729   4. Fixing one row check results into Google Sheet Bugs Report =>
1 cells updated.
2024-01-26 15:17:01.657759   => 4. One row check results into Google Sheet Bugs Report fixed
------------------------------ Captured log call -------------------------------
2024-01-26 15:16:54 ERROR Elements not present after 0.5 seconds on page: https://capital.com/de/trade-etfs
2024-01-26 15:16:54 ERROR 
Traceback (most recent call last):
  File "/home/runner/work/SeleniumCapital/SeleniumCapital/pages/base_page.py", line 82, in inner_function
    return func(*args, **kwargs)
           ^^^^^^^^^^^^^^^^^^^^^
  File "/home/runner/work/SeleniumCapital/SeleniumCapital/pages/base_page.py", line 293, in element_is_visible
    return Wait(self.browser, timeout).until(
           ^^^^^^^^^^^^^^^^^^^^^^^^^^^^^^^^^^
  File "/home/runner/.cache/pypoetry/virtualenvs/testcapitalcompyse-cIj6ROMf-py3.11/lib/python3.11/site-packages/selenium/webdriver/support/wait.py", line 105, in until
    raise TimeoutException(message, screen, stacktrace)
selenium.common.exceptions.TimeoutException: Message: 
Stacktrace:
#0 0x563a15d28f83 <unknown>
#1 0x563a159e1cf7 <unknown>
#2 0x563a15a3199e <unknown>
#3 0x563a15a31aa1 <unknown>
#4 0x563a15a7cd64 <unknown>
#5 0x563a15a5b0dd <unknown>
#6 0x563a15a7a006 <unknown>
#7 0x563a15a5ae53 <unknown>
#8 0x563a15a22dd4 <unknown>
#9 0x563a15a241de <unknown>
#10 0x563a15ced531 <unknown>
#11 0x563a15cf1455 <unknown>
#12 0x563a15cd9f55 <unknown>
#13 0x563a15cf20ef <unknown>
#14 0x563a15cbd99f <unknown>
#15 0x563a15d16008 <unknown>
#16 0x563a15d161d7 <unknown>
#17 0x563a15d28124 <unknown>
#18 0x7f7e36294ac3 <unknown>

2024-01-26 15:16:59 ERROR Elements not present after 0.5 seconds on page: https://capital.com/de/trade-etfs
2024-01-26 15:16:59 ERROR 
Traceback (most recent call last):
  File "/home/runner/work/SeleniumCapital/SeleniumCapital/pages/base_page.py", line 82, in inner_function
    return func(*args, **kwargs)
           ^^^^^^^^^^^^^^^^^^^^^
  File "/home/runner/work/SeleniumCapital/SeleniumCapital/pages/base_page.py", line 293, in element_is_visible
    return Wait(self.browser, timeout).until(
           ^^^^^^^^^^^^^^^^^^^^^^^^^^^^^^^^^^
  File "/home/runner/.cache/pypoetry/virtualenvs/testcapitalcompyse-cIj6ROMf-py3.11/lib/python3.11/site-packages/selenium/webdriver/support/wait.py", line 105, in until
    raise TimeoutException(message, screen, stacktrace)
selenium.common.exceptions.TimeoutException: Message: 
Stacktrace:
#0 0x563a15d28f83 <unknown>
#1 0x563a159e1cf7 <unknown>
#2 0x563a15a3199e <unknown>
#3 0x563a15a31aa1 <unknown>
#4 0x563a15a7cd64 <unknown>
#5 0x563a15a5b0dd <unknown>
#6 0x563a15a7a006 <unknown>
#7 0x563a15a5ae53 <unknown>
#8 0x563a15a22dd4 <unknown>
#9 0x563a15a241de <unknown>
#10 0x563a15ced531 <unknown>
#11 0x563a15cf1455 <unknown>
#12 0x563a15cd9f55 <unknown>
#13 0x563a15cf20ef <unknown>
#14 0x563a15cbd99f <unknown>
#15 0x563a15d16008 <unknown>
#16 0x563a15d161d7 <unknown>
#17 0x563a15d28124 <unknown>
#18 0x7f7e36294ac3 <unknown>
--------------------------- Captured stdout teardown ---------------------------

2024-01-26 15:17:02.019637   *** end fixture Browser = teardown ***

=============================== warnings summary ===============================
tests/US_11_Education/US_11-02-07_ETF_trading/us_11-02-07_etf_trading_test.py::TestETFTrading::test_01_main_banner_start_trading_button[Chrome--ae-NoAuth-aqa.tomelo.an@gmail.com-iT9Vgqi6d$fiZ*Z]
  /home/runner/.cache/pypoetry/virtualenvs/testcapitalcompyse-cIj6ROMf-py3.11/lib/python3.11/site-packages/pytest_html/plugin.py:133: DeprecationWarning: The 'report.extra' attribute is deprecated and will be removed in a future release, use 'report.extras' instead.
    warnings.warn(

-- Docs: https://docs.pytest.org/en/stable/how-to/capture-warnings.html
- Generated html report: file:///home/runner/work/SeleniumCapital/SeleniumCapital/report/report.html -
=========================== short test summary info ============================
FAILED tests/US_11_Education/US_11-02-07_ETF_trading/us_11-02-07_etf_trading_test.py::TestETFTrading::test_01_main_banner_start_trading_button[Chrome--ae-NoAuth-aqa.tomelo.an@gmail.com-iT9Vgqi6d$fiZ*Z] - AssertionError: Bug # 05. Opened a 'Sign up' form instead of a 'Login'
================= 1 failed, 3 deselected, 1 warning in 50.19s ==================

2024-01-26 15:17:02.104737   => Текущий тест: 1 failed

2024-01-26 15:17:02.105942   => 3. check_results finished

2024-01-26 15:17:02.106094   4. Fixing one row check results into Google Sheet Bugs Report =>
1 cells updated.
2024-01-26 15:17:02.280321   => 4. One row check results into Google Sheet Bugs Report fixed
