


2024-01-26 15:46:38.415989   0. Get Values row =>
2024-01-26 15:46:38.416026   Row # = 1163
2024-01-26 15:46:38.416036   Row Values = 
['Bid:11.03.01.01_01-it.gb.NoAuth', 'Ubuntu 22.04', 'Chrome', '11.03.01.01', '_01', 'it', 'gb', 'FCA', 'NoAuth', 'https://capital.com/it/macd', 'Education', 'Trading strategies guide L1', 'On Main banner click Button [Start Trading]', 'On Main banner click Button [Start Trading]', '', '05', "Bug # 05. Opened a 'Sign up' form instead of a 'Login'", '', '', '', '16/01/24', 'failed']

2024-01-26 15:46:38.416149   1. Run pretest =>

2024-01-26 15:46:38.416162   row_loc = 
['Bid:11.03.01.01_01-it.gb.NoAuth', 'Ubuntu 22.04', 'Chrome', '11.03.01.01', '_01', 'it', 'gb', 'FCA', 'NoAuth', 'https://capital.com/it/macd', 'Education', 'Trading strategies guide L1', 'On Main banner click Button [Start Trading]', 'On Main banner click Button [Start Trading]', '', '05', "Bug # 05. Opened a 'Sign up' form instead of a 'Login'", '', '', '', '16/01/24', 'failed']

2024-01-26 15:46:38.416178   => 1. Pretest finished

2024-01-26 15:46:38.416252   2. Run run_pytest with Bid = Bid:11.03.01.01_01-it.gb.NoAuth from row =>

2024-01-26 15:46:38.416264   2.2. Run poetry run pytest ... in subprocess =>

2024-01-26 15:46:38.416277   Run command: 
poetry run pytest --retest=True --browser_name=Chrome --lang=it --country=gb --role=NoAuth --tpi_link=https://capital.com/it/macd -m test_01 -v \tests/US_11_Education/US_11-03-01_trading_strategies_guide/US_11-03-01-01_trading_strategies_guide_test.py

2024-01-26 15:47:28.678483   => 2.2. pytest ... as subprocess finished

2024-01-26 15:47:28.678537   => 2. Autotest with Bid = Bid:11.03.01.01_01-it.gb.NoAuth from row finished

2024-01-26 15:47:28.678630   3. Run check_results =>
2024-01-26 15:47:28.678668   test_results: 
============================= test session starts ==============================
platform linux -- Python 3.11.7, pytest-7.4.4, pluggy-1.3.0 -- /home/runner/.cache/pypoetry/virtualenvs/testcapitalcompyse-cIj6ROMf-py3.11/bin/python
cachedir: .pytest_cache
metadata: {'Python': '3.11.7', 'Platform': 'Linux-6.2.0-1018-azure-x86_64-with-glibc2.35', 'Packages': {'pytest': '7.4.4', 'pluggy': '1.3.0'}, 'Plugins': {'metadata': '3.0.0', 'timeout': '2.2.0', 'html': '4.1.1', 'xdist': '3.5.0', 'allure-pytest': '2.13.2'}, 'CI': 'true', 'JAVA_HOME': '/usr/lib/jvm/temurin-11-jdk-amd64'}
rootdir: /home/runner/work/SeleniumCapital/SeleniumCapital
configfile: pytest.ini
plugins: metadata-3.0.0, timeout-2.2.0, html-4.1.1, xdist-3.5.0, allure-pytest-2.13.2
collecting ... collected 10 items / 9 deselected / 1 selected

tests/US_11_Education/US_11-03-01_trading_strategies_guide/US_11-03-01-01_trading_strategies_guide_test.py::TestTradingStrategiesGuides::test_01_main_banner_start_trading_button[https://capital.com/it/macd-Chrome--ae-NoAuth-aqa.tomelo.an@gmail.com-iT9Vgqi6d$fiZ*Z] FAILED [100%]

=================================== FAILURES ===================================
_ TestTradingStrategiesGuides.test_01_main_banner_start_trading_button[https://capital.com/it/macd-Chrome--ae-NoAuth-aqa.tomelo.an@gmail.com-iT9Vgqi6d$fiZ*Z] _

self = <US_11-03-01-01_trading_strategies_guide_test.TestTradingStrategiesGuides object at 0x7f95e2904e10>
worker_id = 'master'
d = <selenium.webdriver.chrome.webdriver.WebDriver (session="5ca3e8828fc0a1908a449effbbf27715")>
cur_language = 'it', cur_country = 'gb', cur_role = 'NoAuth'
cur_login = 'aqa.tomelo.an@gmail.com', cur_password = 'iT9Vgqi6d$fiZ*Z'
cur_item_link = 'https://capital.com/it/macd'

    @allure.step("Start test_11.03.01.01_01 of button [Start Trading] on Main banner")
    @pytest.mark.test_01
    def test_01_main_banner_start_trading_button(
            self, worker_id, d, cur_language, cur_country, cur_role, cur_login, cur_password, cur_item_link):
        """
        Check: Button [Start Trading]
        Language: All. License: All.
        """
        bid = build_dynamic_arg_v4(
            d, worker_id, cur_language, cur_country, cur_role,
            "11.03.01", "Education > Menu item [Trading Strategies Guides]",
            ".01_01", "Testing button [Start Trading] on Main banner")
    
        Common().check_language_in_list_and_skip_if_not_present(cur_language, ["", "de", "es", "it", "zh", "ru"])
    
        page_conditions = Conditions(d, "")
        page_conditions.preconditions(
            d, CapitalComPageSrc.URL, "", cur_language, cur_country, cur_role, cur_login, cur_password)
    
        test_element = MainBannerStartTrading(d, cur_item_link, bid)
>       test_element.full_test_with_tpi(d, cur_language, cur_country, cur_role, cur_item_link)

tests/US_11_Education/US_11-03-01_trading_strategies_guide/US_11-03-01-01_trading_strategies_guide_test.py:54: 
_ _ _ _ _ _ _ _ _ _ _ _ _ _ _ _ _ _ _ _ _ _ _ _ _ _ _ _ _ _ _ _ _ _ _ _ _ _ _ _ 
pages/Elements/ButtonStartTradingMainBanner.py:28: in full_test_with_tpi
    test_element.assert_login(d, cur_language, cur_item_link)
_ _ _ _ _ _ _ _ _ _ _ _ _ _ _ _ _ _ _ _ _ _ _ _ _ _ _ _ _ _ _ _ _ _ _ _ _ _ _ _ 

self = <pages.Elements.AssertClass.AssertClass object at 0x7f95e2d30d90>
d = <selenium.webdriver.chrome.webdriver.WebDriver (session="5ca3e8828fc0a1908a449effbbf27715")>
cur_language = 'it', cur_link = 'https://capital.com/it/macd'

    @allure.step('Checking that "Login" form or page opened')
    def assert_login(self, d, cur_language, cur_link):
        """Method Assert Login form or page"""
        print(f"\n{datetime.now()}   3. Assert_Login_v0")
        self.page_signup_login = SignupLogin(d, cur_link)
        if self.page_signup_login.should_be_login_form():
            self.page_signup_login.close_login_form()
            del self.page_signup_login
        elif self.page_signup_login.should_be_login_page():
            self.page_signup_login.close_login_page()
            del self.page_signup_login
        elif self.page_signup_login.should_be_trading_platform_login_form(cur_language):
            self.page_signup_login.close_trading_platform_login_form()
            del self.page_signup_login
        elif self.page_signup_login.should_be_signup_form(cur_language):
            del self.page_signup_login
            print(f'\nBug: {self.bid}')
            retest_table_fill(self.bid, '05', self.link)
>           assert False, "Bug # 05. Opened a 'Sign up' form instead of a 'Login'"
E           AssertionError: Bug # 05. Opened a 'Sign up' form instead of a 'Login'

pages/Elements/AssertClass.py:69: AssertionError
---------------------------- Captured stdout setup -----------------------------

2024-01-26 15:46:39.370668   *** autouse fixture Chrome ***

{'width': 1280, 'height': 720}
Current test language - it
Current country of trading - gb



Current test role - NoAuth
Current login - aqa.tomelo.an@gmail.com
Current login - iT9Vgqi6d$fiZ*Z
----------------------------- Captured stdout call -----------------------------
{'width': 1280, 'height': 720}

2024-01-26 15:46:40.277918   worker_id = master

2024-01-26 15:46:40.277936   0. Allure grouping v4


2024-01-26 15:46:40.278140   START PRECONDITIONS =>

2024-01-26 15:46:41.787661   Load page https://capital.com

2024-01-26 15:46:41.787708   {'width': 1280, 'height': 720}

2024-01-26 15:46:41.792098   Set windows position at (0, 0) =>

2024-01-26 15:46:41.905168   Set resolution 1280 * 720 =>

2024-01-26 15:46:42.034458   => Resolution seted {'width': 1280, 'height': 720}

2024-01-26 15:46:47.043168   Капчи нет. Тестим дальше

2024-01-26 15:46:47.043266   Prev. Role: ?

2024-01-26 15:46:47.043279   Run preconditions: set "NoAuth" Role =>
2024-01-26 15:46:47.848452   Load page https://capital.com

2024-01-26 15:46:48.030239   => All cookies are deleted
2024-01-26 15:46:48.843272   Load page https://capital.com

2024-01-26 15:46:48.843471   Step 'Click button [Accept all cookies]'
2024-01-26 15:46:53.891638   Is Visible Button [Accept all cookies]? =>
2024-01-26 15:46:53.912901   => Button [Accept all cookies] is visible
2024-01-26 15:46:54.913021   Is clickable Button [Accept all cookies] =>
2024-01-26 15:46:54.946986   => Button [Accept all cookies] is clickable
2024-01-26 15:46:54.947025   Click Button [Accept all cookies] =>
2024-01-26 15:46:55.014725   => Button [Accept all cookies] is clicked
2024-01-26 15:46:55.014768   => Accepted All Cookies

2024-01-26 15:46:55.515144   Start Autorization

2024-01-26 15:46:55.515280   2. Act
2024-01-26 15:46:55.515295   Start Click button [Log in] =>
2024-01-26 15:46:55.526894   BUTTON_LOGIN scroll =>
2024-01-26 15:46:55.531295   Is BUTTON_LOGIN clickable? =>
2024-01-26 15:46:55.547691   => BUTTON_LOGIN is clickable
2024-01-26 15:46:55.547728   BUTTON_LOGIN click =>
2024-01-26 15:46:55.610754   => BUTTON_LOGIN is clicked!
2024-01-26 15:46:55.610851   => 'Login' form is opened
2024-01-26 15:46:56.129412   => "login" and "password" are inputted
2024-01-26 15:46:56.129456   Click [Continue] button on [Login] form =>
2024-01-26 15:46:56.241833   => [Continue] button on [Login] form is clicked
2024-01-26 15:46:58.956776   Start check that the Trading platform page is loaded and LOGO is present on it =>
2024-01-26 15:46:58.956818   Set timeout = 30
2024-01-26 15:46:58.956838   Wait until load page with special title =>
2024-01-26 15:46:58.960397   => Page with title "Trading Platform | Capital.com" is loaded
2024-01-26 15:46:58.960432   Is present LOGO on this page? =>
2024-01-26 15:47:00.878501   => LOGO is visible on this page
2024-01-26 15:47:00.878599   -> "Capital.com" logo is present on trading platform page

2024-01-26 15:47:01.938705   Start DeAuthorisation
2024-01-26 15:47:01.938826   1. BUTTON_MY_ACCOUNT is present? =>
2024-01-26 15:47:01.949278   => BUTTON_MY_ACCOUNT is present on this page
2024-01-26 15:47:03.240258   => Move to BUTTON_MY_ACCOUNT
2024-01-26 15:47:03.240314   2. BUTTON_MY_ACCOUNT is clickable? =>
2024-01-26 15:47:03.264758   => BUTTON_MY_ACCOUNT is clickable
2024-01-26 15:47:03.264805   BUTTON_MY_ACCOUNT Click =>
2024-01-26 15:47:04.106744   => User panel [My account] is opened

2024-01-26 15:47:04.106955   Start Click [Logout] button:
2024-01-26 15:47:04.106969   BUTTON_LOGOUT is present? =>
2024-01-26 15:47:04.114927   => BUTTON_LOGOUT is present
2024-01-26 15:47:04.114965   Is visible BUTTON_LOGOUT? =>
2024-01-26 15:47:04.132306   BUTTON_LOGOUT is clickable? =>
2024-01-26 15:47:04.146446   BUTTON_LOGOUT click =>
2024-01-26 15:47:04.231347   => BUTTON_LOGOUT is clicked

2024-01-26 15:47:04.231488   Current role: NoAuth

2024-01-26 15:47:04.231508   Prev language: ?

2024-01-26 15:47:04.231522   Run preconditions: set "it" language =>


2024-01-26 15:47:04.262949   => Language and Country menu is present


2024-01-26 15:47:04.279550   => Language and Country menu is visible


2024-01-26 15:47:06.056862   => Focus is moved on Language and Country menu 

2024-01-26 15:47:09.692640   => Current language: it

2024-01-26 15:47:09.692684   Prev country: ?

2024-01-26 15:47:09.692693   Run preconditions: set "gb" country =>


2024-01-26 15:47:09.698537   => Language and Country menu is present


2024-01-26 15:47:09.712964   => Language and Country menu is visible


2024-01-26 15:47:11.489846   => Focus is moved on Language and Country menu 

2024-01-26 15:47:14.258466   => Current country: gb

2024-01-26 15:47:14.258522   => THE END PRECONDITIONS

2024-01-26 15:47:14.258570   1. Arrange_v0
2024-01-26 15:47:15.490387   Load page https://capital.com/it/macd
2024-01-26 15:47:15.508364   BUTTON_START_TRADING scroll =>
2024-01-26 15:47:15.547179   BUTTON_START_TRADING is visible? =>
2024-01-26 15:47:15.564753   => BUTTON_START_TRADING is visible on the page!

2024-01-26 15:47:15.564939   2. Act_v0
2024-01-26 15:47:15.564957   Start Click button [Start Trading] =>
2024-01-26 15:47:15.572646   BUTTON_START_TRADING is clickable? =>
2024-01-26 15:47:15.611285   BUTTON_START_TRADING click =>
2024-01-26 15:47:15.664975   => BUTTON_START_TRADING clicked

2024-01-26 15:47:15.665351   3. Assert_Login_v0
2024-01-26 15:47:15.665466   Check that 'Login' form is opened
2024-01-26 15:47:21.191766   'Login' form not opened
2024-01-26 15:47:21.194878   'Login' page not opened
2024-01-26 15:47:26.708026   'Login' form on trading platform not opened
2024-01-26 15:47:26.708205   Start step Check that [Sign up] form is opened
2024-01-26 15:47:26.725967   'Sign up' form opened
2024-01-26 15:47:26.726007   Assert SIGNUP_HEADER =>
2024-01-26 15:47:26.741281   Assert SIGNUP_REF_LOGIN =>
2024-01-26 15:47:26.764408   Assert SIGNUP_PRIVACY_POLICY_ALL_2 =>
2024-01-26 15:47:26.782849   => SIGNUP_PRIVACY_POLICY_ALL
2024-01-26 15:47:26.782889   => 'Signup' form is checked

Bug: Bid:11.03.01.01_01-it.gb.NoAuth

2024-01-26 15:47:26.782950   Проверка бага в таблице ретеста  =>

2024-01-26 15:47:26.790200   4. Fixing one row check results into Google Sheet Bugs Report =>
1 cells updated.
2024-01-26 15:47:27.225454   => 4. One row check results into Google Sheet Bugs Report fixed

2024-01-26 15:47:27.630163   4. Fixing one row check results into Google Sheet Bugs Report =>
1 cells updated.
2024-01-26 15:47:27.935953   => 4. One row check results into Google Sheet Bugs Report fixed

2024-01-26 15:47:27.936022   Bug: Bid:11.03.01.01_01-it.gb.NoAuth уже существует, но тип бага изменился с 16/01/24 на 05

2024-01-26 15:47:27.936580   Bug: Bid:11.03.01.01_01-it.gb.NoAuth-05 уже существует

2024-01-26 15:47:27.936758   4. Fixing one row check results into Google Sheet Bugs Report =>
1 cells updated.
2024-01-26 15:47:28.258525   => 4. One row check results into Google Sheet Bugs Report fixed
------------------------------ Captured log call -------------------------------
2024-01-26 15:47:21 ERROR Elements not present after 0.5 seconds on page: https://capital.com/it/macd
2024-01-26 15:47:21 ERROR 
Traceback (most recent call last):
  File "/home/runner/work/SeleniumCapital/SeleniumCapital/pages/base_page.py", line 82, in inner_function
    return func(*args, **kwargs)
           ^^^^^^^^^^^^^^^^^^^^^
  File "/home/runner/work/SeleniumCapital/SeleniumCapital/pages/base_page.py", line 293, in element_is_visible
    return Wait(self.browser, timeout).until(
           ^^^^^^^^^^^^^^^^^^^^^^^^^^^^^^^^^^
  File "/home/runner/.cache/pypoetry/virtualenvs/testcapitalcompyse-cIj6ROMf-py3.11/lib/python3.11/site-packages/selenium/webdriver/support/wait.py", line 105, in until
    raise TimeoutException(message, screen, stacktrace)
selenium.common.exceptions.TimeoutException: Message: 
Stacktrace:
#0 0x55ef2d619f83 <unknown>
#1 0x55ef2d2d2cf7 <unknown>
#2 0x55ef2d32299e <unknown>
#3 0x55ef2d322aa1 <unknown>
#4 0x55ef2d36dd64 <unknown>
#5 0x55ef2d34c0dd <unknown>
#6 0x55ef2d36b006 <unknown>
#7 0x55ef2d34be53 <unknown>
#8 0x55ef2d313dd4 <unknown>
#9 0x55ef2d3151de <unknown>
#10 0x55ef2d5de531 <unknown>
#11 0x55ef2d5e2455 <unknown>
#12 0x55ef2d5caf55 <unknown>
#13 0x55ef2d5e30ef <unknown>
#14 0x55ef2d5ae99f <unknown>
#15 0x55ef2d607008 <unknown>
#16 0x55ef2d6071d7 <unknown>
#17 0x55ef2d619124 <unknown>
#18 0x7fe35c294ac3 <unknown>

2024-01-26 15:47:26 ERROR Elements not present after 0.5 seconds on page: https://capital.com/it/macd
2024-01-26 15:47:26 ERROR 
Traceback (most recent call last):
  File "/home/runner/work/SeleniumCapital/SeleniumCapital/pages/base_page.py", line 82, in inner_function
    return func(*args, **kwargs)
           ^^^^^^^^^^^^^^^^^^^^^
  File "/home/runner/work/SeleniumCapital/SeleniumCapital/pages/base_page.py", line 293, in element_is_visible
    return Wait(self.browser, timeout).until(
           ^^^^^^^^^^^^^^^^^^^^^^^^^^^^^^^^^^
  File "/home/runner/.cache/pypoetry/virtualenvs/testcapitalcompyse-cIj6ROMf-py3.11/lib/python3.11/site-packages/selenium/webdriver/support/wait.py", line 105, in until
    raise TimeoutException(message, screen, stacktrace)
selenium.common.exceptions.TimeoutException: Message: 
Stacktrace:
#0 0x55ef2d619f83 <unknown>
#1 0x55ef2d2d2cf7 <unknown>
#2 0x55ef2d32299e <unknown>
#3 0x55ef2d322aa1 <unknown>
#4 0x55ef2d36dd64 <unknown>
#5 0x55ef2d34c0dd <unknown>
#6 0x55ef2d36b006 <unknown>
#7 0x55ef2d34be53 <unknown>
#8 0x55ef2d313dd4 <unknown>
#9 0x55ef2d3151de <unknown>
#10 0x55ef2d5de531 <unknown>
#11 0x55ef2d5e2455 <unknown>
#12 0x55ef2d5caf55 <unknown>
#13 0x55ef2d5e30ef <unknown>
#14 0x55ef2d5ae99f <unknown>
#15 0x55ef2d607008 <unknown>
#16 0x55ef2d6071d7 <unknown>
#17 0x55ef2d619124 <unknown>
#18 0x7fe35c294ac3 <unknown>
--------------------------- Captured stdout teardown ---------------------------

2024-01-26 15:47:28.550246   *** end fixture Browser = teardown ***

=============================== warnings summary ===============================
tests/US_11_Education/US_11-03-01_trading_strategies_guide/US_11-03-01-01_trading_strategies_guide_test.py::TestTradingStrategiesGuides::test_01_main_banner_start_trading_button[https://capital.com/it/macd-Chrome--ae-NoAuth-aqa.tomelo.an@gmail.com-iT9Vgqi6d$fiZ*Z]
  /home/runner/.cache/pypoetry/virtualenvs/testcapitalcompyse-cIj6ROMf-py3.11/lib/python3.11/site-packages/pytest_html/plugin.py:133: DeprecationWarning: The 'report.extra' attribute is deprecated and will be removed in a future release, use 'report.extras' instead.
    warnings.warn(

-- Docs: https://docs.pytest.org/en/stable/how-to/capture-warnings.html
- Generated html report: file:///home/runner/work/SeleniumCapital/SeleniumCapital/report/report.html -
=========================== short test summary info ============================
FAILED tests/US_11_Education/US_11-03-01_trading_strategies_guide/US_11-03-01-01_trading_strategies_guide_test.py::TestTradingStrategiesGuides::test_01_main_banner_start_trading_button[https://capital.com/it/macd-Chrome--ae-NoAuth-aqa.tomelo.an@gmail.com-iT9Vgqi6d$fiZ*Z] - AssertionError: Bug # 05. Opened a 'Sign up' form instead of a 'Login'
================= 1 failed, 9 deselected, 1 warning in 49.35s ==================

2024-01-26 15:47:28.679429   => Текущий тест: 1 failed

2024-01-26 15:47:28.681339   => 3. check_results finished

2024-01-26 15:47:28.681570   4. Fixing one row check results into Google Sheet Bugs Report =>
1 cells updated.
2024-01-26 15:47:28.859039   => 4. One row check results into Google Sheet Bugs Report fixed
