


2024-01-26 15:09:42.451261   0. Get Values row =>
2024-01-26 15:09:42.451298   Row # = 237
2024-01-26 15:09:42.451308   Row Values = 
['Bid:11.02.04.00_02-fr.gb.NoAuth', 'Ubuntu 22.04', 'Chrome', '11.02.04.00', '_02', 'fr', 'gb', 'FCA', 'NoAuth', '', 'Education', 'Forex trading', 'Click Main banner > Button [Try demo]', 'Click Main banner > Button [Try demo]', '', '05', "Bug # 05. Opened a 'Sign up' form instead of a 'Login'", '', '', '', '23/01/24', 'failed']

2024-01-26 15:09:42.451410   1. Run pretest =>

2024-01-26 15:09:42.451424   row_loc = 
['Bid:11.02.04.00_02-fr.gb.NoAuth', 'Ubuntu 22.04', 'Chrome', '11.02.04.00', '_02', 'fr', 'gb', 'FCA', 'NoAuth', '', 'Education', 'Forex trading', 'Click Main banner > Button [Try demo]', 'Click Main banner > Button [Try demo]', '', '05', "Bug # 05. Opened a 'Sign up' form instead of a 'Login'", '', '', '', '23/01/24', 'failed']

2024-01-26 15:09:42.451439   => 1. Pretest finished

2024-01-26 15:09:42.451510   2. Run run_pytest with Bid = Bid:11.02.04.00_02-fr.gb.NoAuth from row =>

2024-01-26 15:09:42.451529   2.2. Run poetry run pytest ... in subprocess =>

2024-01-26 15:09:42.451547   Run command: 
poetry run pytest --retest=True --browser_name=Chrome --lang=fr --country=gb --role=NoAuth -m test_02 -v \tests/US_11_Education/US_11-02-04_Forex_trading/US_11-02-04-00_Forex_trading_test.py

2024-01-26 15:10:33.872429   => 2.2. pytest ... as subprocess finished

2024-01-26 15:10:33.872477   => 2. Autotest with Bid = Bid:11.02.04.00_02-fr.gb.NoAuth from row finished

2024-01-26 15:10:33.872551   3. Run check_results =>
2024-01-26 15:10:33.872573   test_results: 
============================= test session starts ==============================
platform linux -- Python 3.11.7, pytest-7.4.4, pluggy-1.3.0 -- /home/runner/.cache/pypoetry/virtualenvs/testcapitalcompyse-cIj6ROMf-py3.11/bin/python
cachedir: .pytest_cache
metadata: {'Python': '3.11.7', 'Platform': 'Linux-6.2.0-1018-azure-x86_64-with-glibc2.35', 'Packages': {'pytest': '7.4.4', 'pluggy': '1.3.0'}, 'Plugins': {'metadata': '3.0.0', 'timeout': '2.2.0', 'html': '4.1.1', 'xdist': '3.5.0', 'allure-pytest': '2.13.2'}, 'CI': 'true', 'JAVA_HOME': '/usr/lib/jvm/temurin-11-jdk-amd64'}
rootdir: /home/runner/work/SeleniumCapital/SeleniumCapital
configfile: pytest.ini
plugins: metadata-3.0.0, timeout-2.2.0, html-4.1.1, xdist-3.5.0, allure-pytest-2.13.2
collecting ... collected 7 items / 6 deselected / 1 selected

tests/US_11_Education/US_11-02-04_Forex_trading/US_11-02-04-00_Forex_trading_test.py::TestForexTradingMainPage::test_02_main_banner_try_demo_button[Chrome--ae-NoAuth-aqa.tomelo.an@gmail.com-iT9Vgqi6d$fiZ*Z] FAILED [100%]

=================================== FAILURES ===================================
_ TestForexTradingMainPage.test_02_main_banner_try_demo_button[Chrome--ae-NoAuth-aqa.tomelo.an@gmail.com-iT9Vgqi6d$fiZ*Z] _

self = <US_11-02-04-00_Forex_trading_test.TestForexTradingMainPage object at 0x7f3479c82150>
worker_id = 'master'
d = <selenium.webdriver.chrome.webdriver.WebDriver (session="a0cf71a7e19fa5f8a196c900bb778376")>
cur_language = 'fr', cur_country = 'gb', cur_role = 'NoAuth'
cur_login = 'aqa.tomelo.an@gmail.com', cur_password = 'iT9Vgqi6d$fiZ*Z'

    @allure.step("Start test of button [Try demo] on Main banner")
    @pytest.mark.test_02
    def test_02_main_banner_try_demo_button(self, worker_id, d,
                                            cur_language, cur_country, cur_role, cur_login, cur_password):
        """
        Check: Button [Try demo] on Main banner
        Language: All. License: All.
        """
        global cur_page_url
    
        bid = build_dynamic_arg_v4(
            d, worker_id, cur_language, cur_country, cur_role,
            "11.02.04", "Education > Menu item [Forex trading]",
            ".00_02", "Testing button [Try demo] on Main banner")
    
        Common().skip_if_eng_lang_and_fca_license(cur_language, cur_country)
    
        Common().check_language_in_list_and_skip_if_not_present(
            cur_language, ["", "ar", "de", "es", "fr", "it", "cn", "ru", "zh"])
    
        page_conditions = Conditions(d, "")
        main_page_link = page_conditions.preconditions(
            d, CapitalComPageSrc.URL, "", cur_language, cur_country, cur_role, cur_login, cur_password)
    
        page_menu = MenuSection(d, main_page_link)
        cur_page_url = page_menu.open_education_forex_trading_menu(d, cur_language, cur_country, main_page_link)
    
        test_element = MainBannerTryDemo(d, cur_page_url, bid)
>       test_element.full_test_with_tpi(d, cur_language, cur_country, cur_role, cur_page_url)

tests/US_11_Education/US_11-02-04_Forex_trading/US_11-02-04-00_Forex_trading_test.py:90: 
_ _ _ _ _ _ _ _ _ _ _ _ _ _ _ _ _ _ _ _ _ _ _ _ _ _ _ _ _ _ _ _ _ _ _ _ _ _ _ _ 
pages/Elements/ButtonTryDemoMainBanner.py:28: in full_test_with_tpi
    test_element.assert_login(d, cur_language, cur_item_link)
_ _ _ _ _ _ _ _ _ _ _ _ _ _ _ _ _ _ _ _ _ _ _ _ _ _ _ _ _ _ _ _ _ _ _ _ _ _ _ _ 

self = <pages.Elements.AssertClass.AssertClass object at 0x7f347a478b50>
d = <selenium.webdriver.chrome.webdriver.WebDriver (session="a0cf71a7e19fa5f8a196c900bb778376")>
cur_language = 'fr', cur_link = 'https://capital.com/fr/trade-forex'

    @allure.step('Checking that "Login" form or page opened')
    def assert_login(self, d, cur_language, cur_link):
        """Method Assert Login form or page"""
        print(f"\n{datetime.now()}   3. Assert_Login_v0")
        self.page_signup_login = SignupLogin(d, cur_link)
        if self.page_signup_login.should_be_login_form():
            self.page_signup_login.close_login_form()
            del self.page_signup_login
        elif self.page_signup_login.should_be_login_page():
            self.page_signup_login.close_login_page()
            del self.page_signup_login
        elif self.page_signup_login.should_be_trading_platform_login_form(cur_language):
            self.page_signup_login.close_trading_platform_login_form()
            del self.page_signup_login
        elif self.page_signup_login.should_be_signup_form(cur_language):
            del self.page_signup_login
            print(f'\nBug: {self.bid}')
            retest_table_fill(self.bid, '05', self.link)
>           assert False, "Bug # 05. Opened a 'Sign up' form instead of a 'Login'"
E           AssertionError: Bug # 05. Opened a 'Sign up' form instead of a 'Login'

pages/Elements/AssertClass.py:69: AssertionError
---------------------------- Captured stdout setup -----------------------------

2024-01-26 15:09:43.366753   *** autouse fixture Chrome ***

{'width': 1280, 'height': 720}
Current test language - fr
Current country of trading - gb



Current test role - NoAuth
Current login - aqa.tomelo.an@gmail.com
Current login - iT9Vgqi6d$fiZ*Z
----------------------------- Captured stdout call -----------------------------
{'width': 1280, 'height': 720}

2024-01-26 15:09:44.250270   worker_id = master

2024-01-26 15:09:44.250287   0. Allure grouping v4


2024-01-26 15:09:44.250478   START PRECONDITIONS =>

2024-01-26 15:09:45.726038   Load page https://capital.com

2024-01-26 15:09:45.726083   {'width': 1280, 'height': 720}

2024-01-26 15:09:45.729470   Set windows position at (0, 0) =>

2024-01-26 15:09:45.838595   Set resolution 1280 * 720 =>

2024-01-26 15:09:45.941164   => Resolution seted {'width': 1280, 'height': 720}

2024-01-26 15:09:50.960449   Капчи нет. Тестим дальше

2024-01-26 15:09:50.960571   Prev. Role: ?

2024-01-26 15:09:50.960596   Run preconditions: set "NoAuth" Role =>
2024-01-26 15:09:51.818571   Load page https://capital.com

2024-01-26 15:09:52.023450   => All cookies are deleted
2024-01-26 15:09:53.190889   Load page https://capital.com

2024-01-26 15:09:53.191134   Step 'Click button [Accept all cookies]'
2024-01-26 15:09:58.207750   Is Visible Button [Accept all cookies]? =>
2024-01-26 15:09:58.238793   => Button [Accept all cookies] is visible
2024-01-26 15:09:59.238943   Is clickable Button [Accept all cookies] =>
2024-01-26 15:09:59.281076   => Button [Accept all cookies] is clickable
2024-01-26 15:09:59.281125   Click Button [Accept all cookies] =>
2024-01-26 15:09:59.352990   => Button [Accept all cookies] is clicked
2024-01-26 15:09:59.353030   => Accepted All Cookies

2024-01-26 15:09:59.853458   Start Autorization

2024-01-26 15:09:59.853635   2. Act
2024-01-26 15:09:59.853654   Start Click button [Log in] =>
2024-01-26 15:09:59.875029   BUTTON_LOGIN scroll =>
2024-01-26 15:09:59.893501   Is BUTTON_LOGIN clickable? =>
2024-01-26 15:09:59.930546   => BUTTON_LOGIN is clickable
2024-01-26 15:09:59.930584   BUTTON_LOGIN click =>
2024-01-26 15:10:00.013346   => BUTTON_LOGIN is clicked!
2024-01-26 15:10:00.013448   => 'Login' form is opened
2024-01-26 15:10:00.498223   => "login" and "password" are inputted
2024-01-26 15:10:00.498266   Click [Continue] button on [Login] form =>
2024-01-26 15:10:00.638544   => [Continue] button on [Login] form is clicked
2024-01-26 15:10:03.318372   Start check that the Trading platform page is loaded and LOGO is present on it =>
2024-01-26 15:10:03.318404   Set timeout = 30
2024-01-26 15:10:03.318420   Wait until load page with special title =>
2024-01-26 15:10:03.321070   => Page with title "Trading Platform | Capital.com" is loaded
2024-01-26 15:10:03.321093   Is present LOGO on this page? =>
2024-01-26 15:10:04.982941   => LOGO is visible on this page
2024-01-26 15:10:04.983030   -> "Capital.com" logo is present on trading platform page

2024-01-26 15:10:06.221276   Start DeAuthorisation
2024-01-26 15:10:06.221367   1. BUTTON_MY_ACCOUNT is present? =>
2024-01-26 15:10:06.239351   => BUTTON_MY_ACCOUNT is present on this page
2024-01-26 15:10:07.561098   => Move to BUTTON_MY_ACCOUNT
2024-01-26 15:10:07.561133   2. BUTTON_MY_ACCOUNT is clickable? =>
2024-01-26 15:10:07.580927   => BUTTON_MY_ACCOUNT is clickable
2024-01-26 15:10:07.580966   BUTTON_MY_ACCOUNT Click =>
2024-01-26 15:10:08.430345   => User panel [My account] is opened

2024-01-26 15:10:08.430602   Start Click [Logout] button:
2024-01-26 15:10:08.430623   BUTTON_LOGOUT is present? =>
2024-01-26 15:10:08.439549   => BUTTON_LOGOUT is present
2024-01-26 15:10:08.439581   Is visible BUTTON_LOGOUT? =>
2024-01-26 15:10:08.454508   BUTTON_LOGOUT is clickable? =>
2024-01-26 15:10:08.467642   BUTTON_LOGOUT click =>
2024-01-26 15:10:08.506307   => BUTTON_LOGOUT is clicked

2024-01-26 15:10:08.506409   Current role: NoAuth

2024-01-26 15:10:08.506422   Prev language: ?

2024-01-26 15:10:08.506430   Run preconditions: set "fr" language =>


2024-01-26 15:10:08.550806   => Language and Country menu is present


2024-01-26 15:10:08.572038   => Language and Country menu is visible


2024-01-26 15:10:10.361885   => Focus is moved on Language and Country menu 

2024-01-26 15:10:11.922945   => Current language: fr

2024-01-26 15:10:11.922979   Prev country: ?

2024-01-26 15:10:11.922989   Run preconditions: set "gb" country =>


2024-01-26 15:10:11.949825   => Language and Country menu is present


2024-01-26 15:10:11.961954   => Language and Country menu is visible


2024-01-26 15:10:13.744965   => Focus is moved on Language and Country menu 

2024-01-26 15:10:16.033298   => Current country: gb

2024-01-26 15:10:16.033339   => THE END PRECONDITIONS

2024-01-26 15:10:16.033497   1. Cur URL = https://capital.com/fr?country=gb

2024-01-26 15:10:16.036349   2. Link = https://capital.com/fr
2024-01-26 15:10:16.663591   Load page https://capital.com/fr
2024-01-26 15:10:17.179705   => Education menu is present
2024-01-26 15:10:17.197535   => Education menu is visible
2024-01-26 15:10:18.476523   => Education menu focus moved


2024-01-26 15:10:20.429999   => Forex trading sub-menu clicked

2024-01-26 15:10:20.439186   3. Cur URL = https://capital.com/fr/trade-forex

2024-01-26 15:10:20.464224   1. Arrange_v0
2024-01-26 15:10:20.466821   BUTTON_TRY_DEMO is visible? =>
2024-01-26 15:10:20.485789   => BUTTON_TRY_DEMO is visible on the page!

2024-01-26 15:10:20.485968   2. Act_v0
2024-01-26 15:10:20.485985   BUTTON_TRY_DEMO is present? =>
2024-01-26 15:10:20.495769   => BUTTON_TRY_DEMO is present on the page!
2024-01-26 15:10:20.495792   BUTTON_TRY_DEMO scroll =>
2024-01-26 15:10:20.553148   => BUTTON_TRY_DEMO clicked!

2024-01-26 15:10:20.553368   3. Assert_Login_v0
2024-01-26 15:10:20.553439   Check that 'Login' form is opened
2024-01-26 15:10:26.080057   'Login' form not opened
2024-01-26 15:10:26.082811   'Login' page not opened
2024-01-26 15:10:31.600984   'Login' form on trading platform not opened
2024-01-26 15:10:31.601158   Start step Check that [Sign up] form is opened
2024-01-26 15:10:31.616103   'Sign up' form opened
2024-01-26 15:10:31.616125   Assert SIGNUP_HEADER =>
2024-01-26 15:10:31.629697   Assert SIGNUP_REF_LOGIN =>
2024-01-26 15:10:31.644457   Assert SIGNUP_PRIVACY_POLICY_ALL_2 =>
2024-01-26 15:10:31.657925   => SIGNUP_PRIVACY_POLICY_ALL
2024-01-26 15:10:31.657947   => 'Signup' form is checked

Bug: Bid:11.02.04.00_02-fr.gb.NoAuth

2024-01-26 15:10:31.658005   Проверка бага в таблице ретеста  =>

2024-01-26 15:10:31.663559   4. Fixing one row check results into Google Sheet Bugs Report =>
1 cells updated.
2024-01-26 15:10:32.075434   => 4. One row check results into Google Sheet Bugs Report fixed

2024-01-26 15:10:32.624909   4. Fixing one row check results into Google Sheet Bugs Report =>
1 cells updated.
2024-01-26 15:10:32.811814   => 4. One row check results into Google Sheet Bugs Report fixed

2024-01-26 15:10:32.811891   Bug: Bid:11.02.04.00_02-fr.gb.NoAuth уже существует, но тип бага изменился с 23/01/24 на 05

2024-01-26 15:10:32.812295   Bug: Bid:11.02.04.00_02-fr.gb.NoAuth-05 уже существует

2024-01-26 15:10:32.812454   4. Fixing one row check results into Google Sheet Bugs Report =>
1 cells updated.
2024-01-26 15:10:33.467281   => 4. One row check results into Google Sheet Bugs Report fixed
------------------------------ Captured log call -------------------------------
2024-01-26 15:10:26 ERROR Elements not present after 0.5 seconds on page: https://capital.com/fr/trade-forex
2024-01-26 15:10:26 ERROR 
Traceback (most recent call last):
  File "/home/runner/work/SeleniumCapital/SeleniumCapital/pages/base_page.py", line 82, in inner_function
    return func(*args, **kwargs)
           ^^^^^^^^^^^^^^^^^^^^^
  File "/home/runner/work/SeleniumCapital/SeleniumCapital/pages/base_page.py", line 293, in element_is_visible
    return Wait(self.browser, timeout).until(
           ^^^^^^^^^^^^^^^^^^^^^^^^^^^^^^^^^^
  File "/home/runner/.cache/pypoetry/virtualenvs/testcapitalcompyse-cIj6ROMf-py3.11/lib/python3.11/site-packages/selenium/webdriver/support/wait.py", line 105, in until
    raise TimeoutException(message, screen, stacktrace)
selenium.common.exceptions.TimeoutException: Message: 
Stacktrace:
#0 0x55f921198f83 <unknown>
#1 0x55f920e51cf7 <unknown>
#2 0x55f920ea199e <unknown>
#3 0x55f920ea1aa1 <unknown>
#4 0x55f920eecd64 <unknown>
#5 0x55f920ecb0dd <unknown>
#6 0x55f920eea006 <unknown>
#7 0x55f920ecae53 <unknown>
#8 0x55f920e92dd4 <unknown>
#9 0x55f920e941de <unknown>
#10 0x55f92115d531 <unknown>
#11 0x55f921161455 <unknown>
#12 0x55f921149f55 <unknown>
#13 0x55f9211620ef <unknown>
#14 0x55f92112d99f <unknown>
#15 0x55f921186008 <unknown>
#16 0x55f9211861d7 <unknown>
#17 0x55f921198124 <unknown>
#18 0x7f6962a94ac3 <unknown>

2024-01-26 15:10:31 ERROR Elements not present after 0.5 seconds on page: https://capital.com/fr/trade-forex
2024-01-26 15:10:31 ERROR 
Traceback (most recent call last):
  File "/home/runner/work/SeleniumCapital/SeleniumCapital/pages/base_page.py", line 82, in inner_function
    return func(*args, **kwargs)
           ^^^^^^^^^^^^^^^^^^^^^
  File "/home/runner/work/SeleniumCapital/SeleniumCapital/pages/base_page.py", line 293, in element_is_visible
    return Wait(self.browser, timeout).until(
           ^^^^^^^^^^^^^^^^^^^^^^^^^^^^^^^^^^
  File "/home/runner/.cache/pypoetry/virtualenvs/testcapitalcompyse-cIj6ROMf-py3.11/lib/python3.11/site-packages/selenium/webdriver/support/wait.py", line 105, in until
    raise TimeoutException(message, screen, stacktrace)
selenium.common.exceptions.TimeoutException: Message: 
Stacktrace:
#0 0x55f921198f83 <unknown>
#1 0x55f920e51cf7 <unknown>
#2 0x55f920ea199e <unknown>
#3 0x55f920ea1aa1 <unknown>
#4 0x55f920eecd64 <unknown>
#5 0x55f920ecb0dd <unknown>
#6 0x55f920eea006 <unknown>
#7 0x55f920ecae53 <unknown>
#8 0x55f920e92dd4 <unknown>
#9 0x55f920e941de <unknown>
#10 0x55f92115d531 <unknown>
#11 0x55f921161455 <unknown>
#12 0x55f921149f55 <unknown>
#13 0x55f9211620ef <unknown>
#14 0x55f92112d99f <unknown>
#15 0x55f921186008 <unknown>
#16 0x55f9211861d7 <unknown>
#17 0x55f921198124 <unknown>
#18 0x7f6962a94ac3 <unknown>
--------------------------- Captured stdout teardown ---------------------------

2024-01-26 15:10:33.776217   *** end fixture Browser = teardown ***

=============================== warnings summary ===============================
tests/US_11_Education/US_11-02-04_Forex_trading/US_11-02-04-00_Forex_trading_test.py::TestForexTradingMainPage::test_02_main_banner_try_demo_button[Chrome--ae-NoAuth-aqa.tomelo.an@gmail.com-iT9Vgqi6d$fiZ*Z]
  /home/runner/.cache/pypoetry/virtualenvs/testcapitalcompyse-cIj6ROMf-py3.11/lib/python3.11/site-packages/pytest_html/plugin.py:133: DeprecationWarning: The 'report.extra' attribute is deprecated and will be removed in a future release, use 'report.extras' instead.
    warnings.warn(

-- Docs: https://docs.pytest.org/en/stable/how-to/capture-warnings.html
- Generated html report: file:///home/runner/work/SeleniumCapital/SeleniumCapital/report/report.html -
=========================== short test summary info ============================
FAILED tests/US_11_Education/US_11-02-04_Forex_trading/US_11-02-04-00_Forex_trading_test.py::TestForexTradingMainPage::test_02_main_banner_try_demo_button[Chrome--ae-NoAuth-aqa.tomelo.an@gmail.com-iT9Vgqi6d$fiZ*Z] - AssertionError: Bug # 05. Opened a 'Sign up' form instead of a 'Login'
================= 1 failed, 6 deselected, 1 warning in 50.56s ==================

2024-01-26 15:10:33.873131   => Текущий тест: 1 failed

2024-01-26 15:10:33.874345   => 3. check_results finished

2024-01-26 15:10:33.874493   4. Fixing one row check results into Google Sheet Bugs Report =>
1 cells updated.
2024-01-26 15:10:34.063372   => 4. One row check results into Google Sheet Bugs Report fixed
