


2024-01-26 15:17:52.545217   0. Get Values row =>
2024-01-26 15:17:52.545245   Row # = 625
2024-01-26 15:17:52.545254   Row Values = 
['Bid:11.02.07.00_01-es.gb.NoAuth', 'Ubuntu 22.04', 'Chrome', '11.02.07.00', '_01', 'es', 'gb', 'FCA', 'NoAuth', '', 'Education', 'ETF trading', 'On Main banner click Button [Start Trading]', 'On Main banner click Button [Start Trading]', '', '05', "Bug # 05. Opened a 'Sign up' form instead of a 'Login'", '', '', '', '22/01/24', 'failed']

2024-01-26 15:17:52.545336   1. Run pretest =>

2024-01-26 15:17:52.545349   row_loc = 
['Bid:11.02.07.00_01-es.gb.NoAuth', 'Ubuntu 22.04', 'Chrome', '11.02.07.00', '_01', 'es', 'gb', 'FCA', 'NoAuth', '', 'Education', 'ETF trading', 'On Main banner click Button [Start Trading]', 'On Main banner click Button [Start Trading]', '', '05', "Bug # 05. Opened a 'Sign up' form instead of a 'Login'", '', '', '', '22/01/24', 'failed']

2024-01-26 15:17:52.545363   => 1. Pretest finished

2024-01-26 15:17:52.545426   2. Run run_pytest with Bid = Bid:11.02.07.00_01-es.gb.NoAuth from row =>

2024-01-26 15:17:52.545439   2.2. Run poetry run pytest ... in subprocess =>

2024-01-26 15:17:52.545450   Run command: 
poetry run pytest --retest=True --browser_name=Chrome --lang=es --country=gb --role=NoAuth -m test_01 -v \tests/US_11_Education/US_11-02-07_ETF_trading/us_11-02-07_etf_trading_test.py

2024-01-26 15:18:44.813897   => 2.2. pytest ... as subprocess finished

2024-01-26 15:18:44.813933   => 2. Autotest with Bid = Bid:11.02.07.00_01-es.gb.NoAuth from row finished

2024-01-26 15:18:44.814008   3. Run check_results =>
2024-01-26 15:18:44.814036   test_results: 
============================= test session starts ==============================
platform linux -- Python 3.11.7, pytest-7.4.4, pluggy-1.3.0 -- /home/runner/.cache/pypoetry/virtualenvs/testcapitalcompyse-cIj6ROMf-py3.11/bin/python
cachedir: .pytest_cache
metadata: {'Python': '3.11.7', 'Platform': 'Linux-6.2.0-1018-azure-x86_64-with-glibc2.35', 'Packages': {'pytest': '7.4.4', 'pluggy': '1.3.0'}, 'Plugins': {'metadata': '3.0.0', 'timeout': '2.2.0', 'html': '4.1.1', 'xdist': '3.5.0', 'allure-pytest': '2.13.2'}, 'CI': 'true', 'JAVA_HOME': '/usr/lib/jvm/temurin-11-jdk-amd64'}
rootdir: /home/runner/work/SeleniumCapital/SeleniumCapital
configfile: pytest.ini
plugins: metadata-3.0.0, timeout-2.2.0, html-4.1.1, xdist-3.5.0, allure-pytest-2.13.2
collecting ... collected 4 items / 3 deselected / 1 selected

tests/US_11_Education/US_11-02-07_ETF_trading/us_11-02-07_etf_trading_test.py::TestETFTrading::test_01_main_banner_start_trading_button[Chrome--ae-NoAuth-aqa.tomelo.an@gmail.com-iT9Vgqi6d$fiZ*Z] FAILED [100%]

=================================== FAILURES ===================================
_ TestETFTrading.test_01_main_banner_start_trading_button[Chrome--ae-NoAuth-aqa.tomelo.an@gmail.com-iT9Vgqi6d$fiZ*Z] _

self = <us_11-02-07_etf_trading_test.TestETFTrading object at 0x7f477a2c0b90>
worker_id = 'master'
d = <selenium.webdriver.chrome.webdriver.WebDriver (session="388f8af170020746ec9c5dba0c29e63c")>
cur_language = 'es', cur_country = 'gb', cur_role = 'NoAuth'
cur_login = 'aqa.tomelo.an@gmail.com', cur_password = 'iT9Vgqi6d$fiZ*Z'

    @allure.step("Start test of button [Start trading] on Main banner")
    @pytest.mark.test_01
    def test_01_main_banner_start_trading_button(
            self, worker_id, d, cur_language, cur_country, cur_role, cur_login, cur_password):
        """
        Check: Button [Start Trading] on Main banner
        Language: All. License: All. Role: All.
        """
        bid = build_dynamic_arg_v4(
            d, worker_id, cur_language, cur_country, cur_role,
            "11.02.07", "Education > Menu item [ETF trading]",
            ".00_01", "Testing button [Start Trading] on Main banner")
    
        Common().skip_if_eng_lang_and_fca_license(cur_language, cur_country)
    
        check_language(cur_language, ["", "ar", "de", "es", "it", "ru", "cn"])
    
        page_conditions = Conditions(d, "")
        link = page_conditions.preconditions(
            d, CapitalComPageSrc.URL, "", cur_language, cur_country, cur_role, cur_login, cur_password)
    
        page_menu = MenuSection(d, link)
        page_menu.menu_education_move_focus(d, cur_language, cur_country)
        cur_page_url = page_menu.sub_menu_etf_trading_move_focus_click(d, cur_language)
    
        test_element = MainBannerStartTrading(d, cur_page_url, bid)
>       test_element.full_test_with_tpi(d, cur_language, cur_country, cur_role, cur_page_url)

tests/US_11_Education/US_11-02-07_ETF_trading/us_11-02-07_etf_trading_test.py:61: 
_ _ _ _ _ _ _ _ _ _ _ _ _ _ _ _ _ _ _ _ _ _ _ _ _ _ _ _ _ _ _ _ _ _ _ _ _ _ _ _ 
pages/Elements/ButtonStartTradingMainBanner.py:28: in full_test_with_tpi
    test_element.assert_login(d, cur_language, cur_item_link)
_ _ _ _ _ _ _ _ _ _ _ _ _ _ _ _ _ _ _ _ _ _ _ _ _ _ _ _ _ _ _ _ _ _ _ _ _ _ _ _ 

self = <pages.Elements.AssertClass.AssertClass object at 0x7f477a212ed0>
d = <selenium.webdriver.chrome.webdriver.WebDriver (session="388f8af170020746ec9c5dba0c29e63c")>
cur_language = 'es', cur_link = 'https://capital.com/es/trade-etfs'

    @allure.step('Checking that "Login" form or page opened')
    def assert_login(self, d, cur_language, cur_link):
        """Method Assert Login form or page"""
        print(f"\n{datetime.now()}   3. Assert_Login_v0")
        self.page_signup_login = SignupLogin(d, cur_link)
        if self.page_signup_login.should_be_login_form():
            self.page_signup_login.close_login_form()
            del self.page_signup_login
        elif self.page_signup_login.should_be_login_page():
            self.page_signup_login.close_login_page()
            del self.page_signup_login
        elif self.page_signup_login.should_be_trading_platform_login_form(cur_language):
            self.page_signup_login.close_trading_platform_login_form()
            del self.page_signup_login
        elif self.page_signup_login.should_be_signup_form(cur_language):
            del self.page_signup_login
            print(f'\nBug: {self.bid}')
            retest_table_fill(self.bid, '05', self.link)
>           assert False, "Bug # 05. Opened a 'Sign up' form instead of a 'Login'"
E           AssertionError: Bug # 05. Opened a 'Sign up' form instead of a 'Login'

pages/Elements/AssertClass.py:69: AssertionError
---------------------------- Captured stdout setup -----------------------------

2024-01-26 15:17:53.331194   *** autouse fixture Chrome ***

{'width': 1280, 'height': 720}
Current test language - es
Current country of trading - gb



Current test role - NoAuth
Current login - aqa.tomelo.an@gmail.com
Current login - iT9Vgqi6d$fiZ*Z
----------------------------- Captured stdout call -----------------------------
{'width': 1280, 'height': 720}

2024-01-26 15:17:54.233087   worker_id = master

2024-01-26 15:17:54.233104   0. Allure grouping v4


2024-01-26 15:17:54.233299   START PRECONDITIONS =>

2024-01-26 15:17:55.934365   Load page https://capital.com

2024-01-26 15:17:55.934404   {'width': 1280, 'height': 720}

2024-01-26 15:17:55.936823   Set windows position at (0, 0) =>

2024-01-26 15:17:56.077724   Set resolution 1280 * 720 =>

2024-01-26 15:17:56.183202   => Resolution seted {'width': 1280, 'height': 720}

2024-01-26 15:18:01.226881   Капчи нет. Тестим дальше

2024-01-26 15:18:01.226982   Prev. Role: ?

2024-01-26 15:18:01.226996   Run preconditions: set "NoAuth" Role =>
2024-01-26 15:18:02.041290   Load page https://capital.com

2024-01-26 15:18:02.317804   => All cookies are deleted
2024-01-26 15:18:03.803663   Load page https://capital.com

2024-01-26 15:18:03.803919   Step 'Click button [Accept all cookies]'
2024-01-26 15:18:08.850856   Is Visible Button [Accept all cookies]? =>
2024-01-26 15:18:08.884541   => Button [Accept all cookies] is visible
2024-01-26 15:18:09.884669   Is clickable Button [Accept all cookies] =>
2024-01-26 15:18:09.931532   => Button [Accept all cookies] is clickable
2024-01-26 15:18:09.931570   Click Button [Accept all cookies] =>
2024-01-26 15:18:09.996872   => Button [Accept all cookies] is clicked
2024-01-26 15:18:09.996914   => Accepted All Cookies

2024-01-26 15:18:10.497329   Start Autorization

2024-01-26 15:18:10.497674   2. Act
2024-01-26 15:18:10.497701   Start Click button [Log in] =>
2024-01-26 15:18:10.514819   BUTTON_LOGIN scroll =>
2024-01-26 15:18:10.520607   Is BUTTON_LOGIN clickable? =>
2024-01-26 15:18:10.543572   => BUTTON_LOGIN is clickable
2024-01-26 15:18:10.543601   BUTTON_LOGIN click =>
2024-01-26 15:18:10.611750   => BUTTON_LOGIN is clicked!
2024-01-26 15:18:10.611860   => 'Login' form is opened
2024-01-26 15:18:11.335794   => "login" and "password" are inputted
2024-01-26 15:18:11.335843   Click [Continue] button on [Login] form =>
2024-01-26 15:18:11.447977   => [Continue] button on [Login] form is clicked
2024-01-26 15:18:14.165073   Start check that the Trading platform page is loaded and LOGO is present on it =>
2024-01-26 15:18:14.165105   Set timeout = 30
2024-01-26 15:18:14.165120   Wait until load page with special title =>
2024-01-26 15:18:14.167760   => Page with title "Trading Platform | Capital.com" is loaded
2024-01-26 15:18:14.167783   Is present LOGO on this page? =>
2024-01-26 15:18:15.730163   => LOGO is visible on this page
2024-01-26 15:18:15.730260   -> "Capital.com" logo is present on trading platform page

2024-01-26 15:18:16.829847   Start DeAuthorisation
2024-01-26 15:18:16.829961   1. BUTTON_MY_ACCOUNT is present? =>
2024-01-26 15:18:16.911078   => BUTTON_MY_ACCOUNT is present on this page
2024-01-26 15:18:18.190731   => Move to BUTTON_MY_ACCOUNT
2024-01-26 15:18:18.190777   2. BUTTON_MY_ACCOUNT is clickable? =>
2024-01-26 15:18:18.214061   => BUTTON_MY_ACCOUNT is clickable
2024-01-26 15:18:18.214103   BUTTON_MY_ACCOUNT Click =>
2024-01-26 15:18:19.062367   => User panel [My account] is opened

2024-01-26 15:18:19.062572   Start Click [Logout] button:
2024-01-26 15:18:19.062586   BUTTON_LOGOUT is present? =>
2024-01-26 15:18:19.070173   => BUTTON_LOGOUT is present
2024-01-26 15:18:19.070195   Is visible BUTTON_LOGOUT? =>
2024-01-26 15:18:19.086763   BUTTON_LOGOUT is clickable? =>
2024-01-26 15:18:19.100698   BUTTON_LOGOUT click =>
2024-01-26 15:18:19.160423   => BUTTON_LOGOUT is clicked

2024-01-26 15:18:19.160563   Current role: NoAuth

2024-01-26 15:18:19.160584   Prev language: ?

2024-01-26 15:18:19.160600   Run preconditions: set "es" language =>


2024-01-26 15:18:19.201844   => Language and Country menu is present


2024-01-26 15:18:19.217563   => Language and Country menu is visible


2024-01-26 15:18:20.995534   => Focus is moved on Language and Country menu 

2024-01-26 15:18:23.667775   => Current language: es

2024-01-26 15:18:23.667809   Prev country: ?

2024-01-26 15:18:23.667819   Run preconditions: set "gb" country =>


2024-01-26 15:18:23.675232   => Language and Country menu is present


2024-01-26 15:18:23.706673   => Language and Country menu is visible


2024-01-26 15:18:25.509460   => Focus is moved on Language and Country menu 

2024-01-26 15:18:28.148624   => Current country: gb

2024-01-26 15:18:28.148662   => THE END PRECONDITIONS
2024-01-26 15:18:28.665185   => Education menu is present
2024-01-26 15:18:28.686777   => Education menu is visible
2024-01-26 15:18:29.958130   => Education menu focus moved

2024-01-26 15:18:31.568464   1. Arrange_v0
2024-01-26 15:18:31.601309   BUTTON_START_TRADING scroll =>
2024-01-26 15:18:31.606356   BUTTON_START_TRADING is visible? =>
2024-01-26 15:18:31.639790   => BUTTON_START_TRADING is visible on the page!

2024-01-26 15:18:31.639981   2. Act_v0
2024-01-26 15:18:31.640000   Start Click button [Start Trading] =>
2024-01-26 15:18:31.645971   BUTTON_START_TRADING is clickable? =>
2024-01-26 15:18:31.661262   BUTTON_START_TRADING click =>
2024-01-26 15:18:31.705213   => BUTTON_START_TRADING clicked

2024-01-26 15:18:31.705507   3. Assert_Login_v0
2024-01-26 15:18:31.705640   Check that 'Login' form is opened
2024-01-26 15:18:37.235109   'Login' form not opened
2024-01-26 15:18:37.238955   'Login' page not opened
2024-01-26 15:18:42.748901   'Login' form on trading platform not opened
2024-01-26 15:18:42.749121   Start step Check that [Sign up] form is opened
2024-01-26 15:18:42.764425   'Sign up' form opened
2024-01-26 15:18:42.764453   Assert SIGNUP_HEADER =>
2024-01-26 15:18:42.778087   Assert SIGNUP_REF_LOGIN =>
2024-01-26 15:18:42.792083   Assert SIGNUP_PRIVACY_POLICY_ALL_2 =>
2024-01-26 15:18:42.805177   => SIGNUP_PRIVACY_POLICY_ALL
2024-01-26 15:18:42.805200   => 'Signup' form is checked

Bug: Bid:11.02.07.00_01-es.gb.NoAuth

2024-01-26 15:18:42.805263   Проверка бага в таблице ретеста  =>

2024-01-26 15:18:42.811068   4. Fixing one row check results into Google Sheet Bugs Report =>
1 cells updated.
2024-01-26 15:18:43.256096   => 4. One row check results into Google Sheet Bugs Report fixed

2024-01-26 15:18:43.795004   4. Fixing one row check results into Google Sheet Bugs Report =>
1 cells updated.
2024-01-26 15:18:44.129684   => 4. One row check results into Google Sheet Bugs Report fixed

2024-01-26 15:18:44.129764   Bug: Bid:11.02.07.00_01-es.gb.NoAuth уже существует, но тип бага изменился с 22/01/24 на 05

2024-01-26 15:18:44.130208   Bug: Bid:11.02.07.00_01-es.gb.NoAuth-05 уже существует

2024-01-26 15:18:44.130366   4. Fixing one row check results into Google Sheet Bugs Report =>
1 cells updated.
2024-01-26 15:18:44.439681   => 4. One row check results into Google Sheet Bugs Report fixed
------------------------------ Captured log call -------------------------------
2024-01-26 15:18:37 ERROR Elements not present after 0.5 seconds on page: https://capital.com/es/trade-etfs
2024-01-26 15:18:37 ERROR 
Traceback (most recent call last):
  File "/home/runner/work/SeleniumCapital/SeleniumCapital/pages/base_page.py", line 82, in inner_function
    return func(*args, **kwargs)
           ^^^^^^^^^^^^^^^^^^^^^
  File "/home/runner/work/SeleniumCapital/SeleniumCapital/pages/base_page.py", line 293, in element_is_visible
    return Wait(self.browser, timeout).until(
           ^^^^^^^^^^^^^^^^^^^^^^^^^^^^^^^^^^
  File "/home/runner/.cache/pypoetry/virtualenvs/testcapitalcompyse-cIj6ROMf-py3.11/lib/python3.11/site-packages/selenium/webdriver/support/wait.py", line 105, in until
    raise TimeoutException(message, screen, stacktrace)
selenium.common.exceptions.TimeoutException: Message: 
Stacktrace:
#0 0x564d6fa9ff83 <unknown>
#1 0x564d6f758cf7 <unknown>
#2 0x564d6f7a899e <unknown>
#3 0x564d6f7a8aa1 <unknown>
#4 0x564d6f7f3d64 <unknown>
#5 0x564d6f7d20dd <unknown>
#6 0x564d6f7f1006 <unknown>
#7 0x564d6f7d1e53 <unknown>
#8 0x564d6f799dd4 <unknown>
#9 0x564d6f79b1de <unknown>
#10 0x564d6fa64531 <unknown>
#11 0x564d6fa68455 <unknown>
#12 0x564d6fa50f55 <unknown>
#13 0x564d6fa690ef <unknown>
#14 0x564d6fa3499f <unknown>
#15 0x564d6fa8d008 <unknown>
#16 0x564d6fa8d1d7 <unknown>
#17 0x564d6fa9f124 <unknown>
#18 0x7f3666494ac3 <unknown>

2024-01-26 15:18:42 ERROR Elements not present after 0.5 seconds on page: https://capital.com/es/trade-etfs
2024-01-26 15:18:42 ERROR 
Traceback (most recent call last):
  File "/home/runner/work/SeleniumCapital/SeleniumCapital/pages/base_page.py", line 82, in inner_function
    return func(*args, **kwargs)
           ^^^^^^^^^^^^^^^^^^^^^
  File "/home/runner/work/SeleniumCapital/SeleniumCapital/pages/base_page.py", line 293, in element_is_visible
    return Wait(self.browser, timeout).until(
           ^^^^^^^^^^^^^^^^^^^^^^^^^^^^^^^^^^
  File "/home/runner/.cache/pypoetry/virtualenvs/testcapitalcompyse-cIj6ROMf-py3.11/lib/python3.11/site-packages/selenium/webdriver/support/wait.py", line 105, in until
    raise TimeoutException(message, screen, stacktrace)
selenium.common.exceptions.TimeoutException: Message: 
Stacktrace:
#0 0x564d6fa9ff83 <unknown>
#1 0x564d6f758cf7 <unknown>
#2 0x564d6f7a899e <unknown>
#3 0x564d6f7a8aa1 <unknown>
#4 0x564d6f7f3d64 <unknown>
#5 0x564d6f7d20dd <unknown>
#6 0x564d6f7f1006 <unknown>
#7 0x564d6f7d1e53 <unknown>
#8 0x564d6f799dd4 <unknown>
#9 0x564d6f79b1de <unknown>
#10 0x564d6fa64531 <unknown>
#11 0x564d6fa68455 <unknown>
#12 0x564d6fa50f55 <unknown>
#13 0x564d6fa690ef <unknown>
#14 0x564d6fa3499f <unknown>
#15 0x564d6fa8d008 <unknown>
#16 0x564d6fa8d1d7 <unknown>
#17 0x564d6fa9f124 <unknown>
#18 0x7f3666494ac3 <unknown>
--------------------------- Captured stdout teardown ---------------------------

2024-01-26 15:18:44.731916   *** end fixture Browser = teardown ***

=============================== warnings summary ===============================
tests/US_11_Education/US_11-02-07_ETF_trading/us_11-02-07_etf_trading_test.py::TestETFTrading::test_01_main_banner_start_trading_button[Chrome--ae-NoAuth-aqa.tomelo.an@gmail.com-iT9Vgqi6d$fiZ*Z]
  /home/runner/.cache/pypoetry/virtualenvs/testcapitalcompyse-cIj6ROMf-py3.11/lib/python3.11/site-packages/pytest_html/plugin.py:133: DeprecationWarning: The 'report.extra' attribute is deprecated and will be removed in a future release, use 'report.extras' instead.
    warnings.warn(

-- Docs: https://docs.pytest.org/en/stable/how-to/capture-warnings.html
- Generated html report: file:///home/runner/work/SeleniumCapital/SeleniumCapital/report/report.html -
=========================== short test summary info ============================
FAILED tests/US_11_Education/US_11-02-07_ETF_trading/us_11-02-07_etf_trading_test.py::TestETFTrading::test_01_main_banner_start_trading_button[Chrome--ae-NoAuth-aqa.tomelo.an@gmail.com-iT9Vgqi6d$fiZ*Z] - AssertionError: Bug # 05. Opened a 'Sign up' form instead of a 'Login'
================= 1 failed, 3 deselected, 1 warning in 51.55s ==================

2024-01-26 15:18:44.814770   => Текущий тест: 1 failed

2024-01-26 15:18:44.816568   => 3. check_results finished

2024-01-26 15:18:44.816766   4. Fixing one row check results into Google Sheet Bugs Report =>
1 cells updated.
2024-01-26 15:18:44.993376   => 4. One row check results into Google Sheet Bugs Report fixed
