


2024-01-26 16:02:58.331803   0. Get Values row =>
2024-01-26 16:02:58.331830   Row # = 1375
2024-01-26 16:02:58.331840   Row Values = 
['Bid:11.02.02.01_05-es.gb.NoAuth', 'Ubuntu 22.04', 'Chrome', '11.02.02.01', '_05', 'es', 'gb', 'FCA', 'NoAuth', 'https://capital.com/es/opera-google', 'Education', 'Shares trading / child', '', '', '', '05', "Bug # 05. Opened a 'Sign up' form instead of a 'Login'", '', '', '', '15/01/24', 'failed']

2024-01-26 16:02:58.332663   1. Run pretest =>

2024-01-26 16:02:58.332676   row_loc = 
['Bid:11.02.02.01_05-es.gb.NoAuth', 'Ubuntu 22.04', 'Chrome', '11.02.02.01', '_05', 'es', 'gb', 'FCA', 'NoAuth', 'https://capital.com/es/opera-google', 'Education', 'Shares trading / child', '', '', '', '05', "Bug # 05. Opened a 'Sign up' form instead of a 'Login'", '', '', '', '15/01/24', 'failed']

2024-01-26 16:02:58.332691   => 1. Pretest finished

2024-01-26 16:02:58.332760   2. Run run_pytest with Bid = Bid:11.02.02.01_05-es.gb.NoAuth from row =>

2024-01-26 16:02:58.332772   2.2. Run poetry run pytest ... in subprocess =>

2024-01-26 16:02:58.332783   Run command: 
poetry run pytest --retest=True --browser_name=Chrome --lang=es --country=gb --role=NoAuth --tpi_link=https://capital.com/es/opera-google -m test_05 -v \tests/US_11_Education/US_11-02-02_Shares_trading/US_11-02-02-01_Shares_trading_test.py

2024-01-26 16:03:47.519214   => 2.2. pytest ... as subprocess finished

2024-01-26 16:03:47.519266   => 2. Autotest with Bid = Bid:11.02.02.01_05-es.gb.NoAuth from row finished

2024-01-26 16:03:47.519345   3. Run check_results =>
2024-01-26 16:03:47.519374   test_results: 
============================= test session starts ==============================
platform linux -- Python 3.11.7, pytest-7.4.4, pluggy-1.3.0 -- /home/runner/.cache/pypoetry/virtualenvs/testcapitalcompyse-cIj6ROMf-py3.11/bin/python
cachedir: .pytest_cache
metadata: {'Python': '3.11.7', 'Platform': 'Linux-6.2.0-1018-azure-x86_64-with-glibc2.35', 'Packages': {'pytest': '7.4.4', 'pluggy': '1.3.0'}, 'Plugins': {'metadata': '3.0.0', 'timeout': '2.2.0', 'html': '4.1.1', 'xdist': '3.5.0', 'allure-pytest': '2.13.2'}, 'CI': 'true', 'JAVA_HOME': '/usr/lib/jvm/temurin-11-jdk-amd64'}
rootdir: /home/runner/work/SeleniumCapital/SeleniumCapital
configfile: pytest.ini
plugins: metadata-3.0.0, timeout-2.2.0, html-4.1.1, xdist-3.5.0, allure-pytest-2.13.2
collecting ... collected 10 items / 9 deselected / 1 selected

tests/US_11_Education/US_11-02-02_Shares_trading/US_11-02-02-01_Shares_trading_test.py::TestSharesTradingItems::test_05_start_trading_button_in_content[https://capital.com/es/opera-google-Chrome--ae-NoAuth-aqa.tomelo.an@gmail.com-iT9Vgqi6d$fiZ*Z] FAILED [100%]

=================================== FAILURES ===================================
_ TestSharesTradingItems.test_05_start_trading_button_in_content[https://capital.com/es/opera-google-Chrome--ae-NoAuth-aqa.tomelo.an@gmail.com-iT9Vgqi6d$fiZ*Z] _

self = <US_11-02-02-01_Shares_trading_test.TestSharesTradingItems object at 0x7f0c68f97010>
worker_id = 'master'
d = <selenium.webdriver.chrome.webdriver.WebDriver (session="aa73b1e7eb30a1ec7127f954cc6c1483")>
cur_language = 'es', cur_country = 'gb', cur_role = 'NoAuth'
cur_login = 'aqa.tomelo.an@gmail.com', cur_password = 'iT9Vgqi6d$fiZ*Z'
cur_item_link = 'https://capital.com/es/opera-google'

    @allure.step("Start test of button [Start trading] in article")
    # @pytest.mark.skip(reason="Skipped for debugging")
    @pytest.mark.test_05
    def test_05_start_trading_button_in_content(
            self, worker_id, d, cur_language, cur_country, cur_role, cur_login, cur_password,
            cur_item_link):
        """
        Check: Button [Start trading] in content
        Language: All (Except: EL, HU, NL). License: All.
        """
        bid = build_dynamic_arg_v4(
            d, worker_id, cur_language, cur_country, cur_role,
            "11.02.02", "Education > Menu item [Shares trading]",
            ".01_05", "Testing button [Start trading] in article")
    
        check_language(cur_language)
    
        page_conditions = Conditions(d, "")
        page_conditions.preconditions(
            d, CapitalComPageSrc.URL, "", cur_language, cur_country, cur_role, cur_login, cur_password)
    
        test_element = ContentStartTrading(d, cur_item_link, bid)
>       test_element.full_test_with_tpi(d, cur_language, cur_country, cur_role, cur_item_link)

tests/US_11_Education/US_11-02-02_Shares_trading/US_11-02-02-01_Shares_trading_test.py:176: 
_ _ _ _ _ _ _ _ _ _ _ _ _ _ _ _ _ _ _ _ _ _ _ _ _ _ _ _ _ _ _ _ _ _ _ _ _ _ _ _ 
pages/Elements/ButtonStartTradingInContent.py:29: in full_test_with_tpi
    test_element.assert_login(d, cur_language, cur_item_link)
_ _ _ _ _ _ _ _ _ _ _ _ _ _ _ _ _ _ _ _ _ _ _ _ _ _ _ _ _ _ _ _ _ _ _ _ _ _ _ _ 

self = <pages.Elements.AssertClass.AssertClass object at 0x7f0c6908d9d0>
d = <selenium.webdriver.chrome.webdriver.WebDriver (session="aa73b1e7eb30a1ec7127f954cc6c1483")>
cur_language = 'es', cur_link = 'https://capital.com/es/opera-google'

    @allure.step('Checking that "Login" form or page opened')
    def assert_login(self, d, cur_language, cur_link):
        """Method Assert Login form or page"""
        print(f"\n{datetime.now()}   3. Assert_Login_v0")
        self.page_signup_login = SignupLogin(d, cur_link)
        if self.page_signup_login.should_be_login_form():
            self.page_signup_login.close_login_form()
            del self.page_signup_login
        elif self.page_signup_login.should_be_login_page():
            self.page_signup_login.close_login_page()
            del self.page_signup_login
        elif self.page_signup_login.should_be_trading_platform_login_form(cur_language):
            self.page_signup_login.close_trading_platform_login_form()
            del self.page_signup_login
        elif self.page_signup_login.should_be_signup_form(cur_language):
            del self.page_signup_login
            print(f'\nBug: {self.bid}')
            retest_table_fill(self.bid, '05', self.link)
>           assert False, "Bug # 05. Opened a 'Sign up' form instead of a 'Login'"
E           AssertionError: Bug # 05. Opened a 'Sign up' form instead of a 'Login'

pages/Elements/AssertClass.py:69: AssertionError
---------------------------- Captured stdout setup -----------------------------

2024-01-26 16:02:59.166445   *** autouse fixture Chrome ***

{'width': 1280, 'height': 720}
Current test language - es
Current country of trading - gb



Current test role - NoAuth
Current login - aqa.tomelo.an@gmail.com
Current login - iT9Vgqi6d$fiZ*Z
----------------------------- Captured stdout call -----------------------------
{'width': 1280, 'height': 720}

2024-01-26 16:03:00.058518   worker_id = master

2024-01-26 16:03:00.058535   0. Allure grouping v4


2024-01-26 16:03:00.058722   START PRECONDITIONS =>

2024-01-26 16:03:01.977278   Load page https://capital.com

2024-01-26 16:03:01.977326   {'width': 1280, 'height': 720}

2024-01-26 16:03:01.979009   Set windows position at (0, 0) =>

2024-01-26 16:03:02.120697   Set resolution 1280 * 720 =>

2024-01-26 16:03:02.226576   => Resolution seted {'width': 1280, 'height': 720}

2024-01-26 16:03:07.270613   Капчи нет. Тестим дальше

2024-01-26 16:03:07.270706   Prev. Role: ?

2024-01-26 16:03:07.270719   Run preconditions: set "NoAuth" Role =>
2024-01-26 16:03:08.025720   Load page https://capital.com

2024-01-26 16:03:08.223722   => All cookies are deleted
2024-01-26 16:03:09.260116   Load page https://capital.com

2024-01-26 16:03:09.260352   Step 'Click button [Accept all cookies]'
2024-01-26 16:03:14.278395   Is Visible Button [Accept all cookies]? =>
2024-01-26 16:03:14.301844   => Button [Accept all cookies] is visible
2024-01-26 16:03:15.301967   Is clickable Button [Accept all cookies] =>
2024-01-26 16:03:15.326211   => Button [Accept all cookies] is clickable
2024-01-26 16:03:15.326248   Click Button [Accept all cookies] =>
2024-01-26 16:03:15.387489   => Button [Accept all cookies] is clicked
2024-01-26 16:03:15.387533   => Accepted All Cookies

2024-01-26 16:03:15.887889   Start Autorization

2024-01-26 16:03:15.888007   2. Act
2024-01-26 16:03:15.888023   Start Click button [Log in] =>
2024-01-26 16:03:15.896535   BUTTON_LOGIN scroll =>
2024-01-26 16:03:15.902727   Is BUTTON_LOGIN clickable? =>
2024-01-26 16:03:15.916022   => BUTTON_LOGIN is clickable
2024-01-26 16:03:15.916048   BUTTON_LOGIN click =>
2024-01-26 16:03:15.957645   => BUTTON_LOGIN is clicked!
2024-01-26 16:03:15.957725   => 'Login' form is opened
2024-01-26 16:03:16.396726   => "login" and "password" are inputted
2024-01-26 16:03:16.396764   Click [Continue] button on [Login] form =>
2024-01-26 16:03:16.486314   => [Continue] button on [Login] form is clicked
2024-01-26 16:03:19.192357   Start check that the Trading platform page is loaded and LOGO is present on it =>
2024-01-26 16:03:19.192389   Set timeout = 30
2024-01-26 16:03:19.192404   Wait until load page with special title =>
2024-01-26 16:03:19.194885   => Page with title "Trading Platform | Capital.com" is loaded
2024-01-26 16:03:19.194906   Is present LOGO on this page? =>
2024-01-26 16:03:20.689601   => LOGO is visible on this page
2024-01-26 16:03:20.689698   -> "Capital.com" logo is present on trading platform page

2024-01-26 16:03:21.971385   Start DeAuthorisation
2024-01-26 16:03:21.971503   1. BUTTON_MY_ACCOUNT is present? =>
2024-01-26 16:03:21.987231   => BUTTON_MY_ACCOUNT is present on this page
2024-01-26 16:03:23.322679   => Move to BUTTON_MY_ACCOUNT
2024-01-26 16:03:23.322726   2. BUTTON_MY_ACCOUNT is clickable? =>
2024-01-26 16:03:23.358064   => BUTTON_MY_ACCOUNT is clickable
2024-01-26 16:03:23.358103   BUTTON_MY_ACCOUNT Click =>
2024-01-26 16:03:24.212676   => User panel [My account] is opened

2024-01-26 16:03:24.212883   Start Click [Logout] button:
2024-01-26 16:03:24.212900   BUTTON_LOGOUT is present? =>
2024-01-26 16:03:24.224267   => BUTTON_LOGOUT is present
2024-01-26 16:03:24.224297   Is visible BUTTON_LOGOUT? =>
2024-01-26 16:03:24.236668   BUTTON_LOGOUT is clickable? =>
2024-01-26 16:03:24.249915   BUTTON_LOGOUT click =>
2024-01-26 16:03:24.302732   => BUTTON_LOGOUT is clicked

2024-01-26 16:03:24.302859   Current role: NoAuth

2024-01-26 16:03:24.302879   Prev language: ?

2024-01-26 16:03:24.302894   Run preconditions: set "es" language =>


2024-01-26 16:03:24.341821   => Language and Country menu is present


2024-01-26 16:03:24.355779   => Language and Country menu is visible


2024-01-26 16:03:26.133716   => Focus is moved on Language and Country menu 

2024-01-26 16:03:27.822951   => Current language: es

2024-01-26 16:03:27.822990   Prev country: ?

2024-01-26 16:03:27.822999   Run preconditions: set "gb" country =>


2024-01-26 16:03:27.831834   => Language and Country menu is present


2024-01-26 16:03:27.868064   => Language and Country menu is visible


2024-01-26 16:03:29.650959   => Focus is moved on Language and Country menu 

2024-01-26 16:03:32.260004   => Current country: gb

2024-01-26 16:03:32.260049   => THE END PRECONDITIONS

2024-01-26 16:03:32.260096   1. Arrange_v3
2024-01-26 16:03:34.152777   Load page https://capital.com/es/opera-google
2024-01-26 16:03:34.152819   Is visible BUTTON_START_TRADING_IN_ARTICLE? =>
2024-01-26 16:03:34.152832   => BUTTON_START_TRADING_IN_ARTICLE =>

2024-01-26 16:03:34.211158   2. Act_v3
2024-01-26 16:03:34.211193   Start Click button BUTTON_START_TRADING_IN_ARTICLE =>
2024-01-26 16:03:34.411826   => BUTTON_START_TRADING_IN_ARTICLE is clicked

2024-01-26 16:03:34.412092   3. Assert_Login_v0
2024-01-26 16:03:34.412193   Check that 'Login' form is opened
2024-01-26 16:03:39.947274   'Login' form not opened
2024-01-26 16:03:39.950040   'Login' page not opened
2024-01-26 16:03:45.479672   'Login' form on trading platform not opened
2024-01-26 16:03:45.479894   Start step Check that [Sign up] form is opened
2024-01-26 16:03:45.504074   'Sign up' form opened
2024-01-26 16:03:45.504112   Assert SIGNUP_HEADER =>
2024-01-26 16:03:45.521173   Assert SIGNUP_REF_LOGIN =>
2024-01-26 16:03:45.537662   Assert SIGNUP_PRIVACY_POLICY_ALL_2 =>
2024-01-26 16:03:45.554562   => SIGNUP_PRIVACY_POLICY_ALL
2024-01-26 16:03:45.554594   => 'Signup' form is checked

Bug: Bid:11.02.02.01_05-es.gb.NoAuth

2024-01-26 16:03:45.554673   Проверка бага в таблице ретеста  =>

2024-01-26 16:03:45.563184   4. Fixing one row check results into Google Sheet Bugs Report =>
1 cells updated.
2024-01-26 16:03:46.045231   => 4. One row check results into Google Sheet Bugs Report fixed

2024-01-26 16:03:46.465883   4. Fixing one row check results into Google Sheet Bugs Report =>
1 cells updated.
2024-01-26 16:03:46.629596   => 4. One row check results into Google Sheet Bugs Report fixed

2024-01-26 16:03:46.629690   Bug: Bid:11.02.02.01_05-es.gb.NoAuth уже существует, но тип бага изменился с 15/01/24 на 05

2024-01-26 16:03:46.630098   Bug: Bid:11.02.02.01_05-es.gb.NoAuth-05 уже существует

2024-01-26 16:03:46.630240   4. Fixing one row check results into Google Sheet Bugs Report =>
1 cells updated.
2024-01-26 16:03:47.109997   => 4. One row check results into Google Sheet Bugs Report fixed
------------------------------ Captured log call -------------------------------
2024-01-26 16:03:39 ERROR Elements not present after 0.5 seconds on page: https://capital.com/es/opera-google
2024-01-26 16:03:39 ERROR 
Traceback (most recent call last):
  File "/home/runner/work/SeleniumCapital/SeleniumCapital/pages/base_page.py", line 82, in inner_function
    return func(*args, **kwargs)
           ^^^^^^^^^^^^^^^^^^^^^
  File "/home/runner/work/SeleniumCapital/SeleniumCapital/pages/base_page.py", line 293, in element_is_visible
    return Wait(self.browser, timeout).until(
           ^^^^^^^^^^^^^^^^^^^^^^^^^^^^^^^^^^
  File "/home/runner/.cache/pypoetry/virtualenvs/testcapitalcompyse-cIj6ROMf-py3.11/lib/python3.11/site-packages/selenium/webdriver/support/wait.py", line 105, in until
    raise TimeoutException(message, screen, stacktrace)
selenium.common.exceptions.TimeoutException: Message: 
Stacktrace:
#0 0x56495834bf83 <unknown>
#1 0x564958004cf7 <unknown>
#2 0x56495805499e <unknown>
#3 0x564958054aa1 <unknown>
#4 0x56495809fd64 <unknown>
#5 0x56495807e0dd <unknown>
#6 0x56495809d006 <unknown>
#7 0x56495807de53 <unknown>
#8 0x564958045dd4 <unknown>
#9 0x5649580471de <unknown>
#10 0x564958310531 <unknown>
#11 0x564958314455 <unknown>
#12 0x5649582fcf55 <unknown>
#13 0x5649583150ef <unknown>
#14 0x5649582e099f <unknown>
#15 0x564958339008 <unknown>
#16 0x5649583391d7 <unknown>
#17 0x56495834b124 <unknown>
#18 0x7fadef894ac3 <unknown>

2024-01-26 16:03:45 ERROR Elements not present after 0.5 seconds on page: https://capital.com/es/opera-google
2024-01-26 16:03:45 ERROR 
Traceback (most recent call last):
  File "/home/runner/work/SeleniumCapital/SeleniumCapital/pages/base_page.py", line 82, in inner_function
    return func(*args, **kwargs)
           ^^^^^^^^^^^^^^^^^^^^^
  File "/home/runner/work/SeleniumCapital/SeleniumCapital/pages/base_page.py", line 293, in element_is_visible
    return Wait(self.browser, timeout).until(
           ^^^^^^^^^^^^^^^^^^^^^^^^^^^^^^^^^^
  File "/home/runner/.cache/pypoetry/virtualenvs/testcapitalcompyse-cIj6ROMf-py3.11/lib/python3.11/site-packages/selenium/webdriver/support/wait.py", line 105, in until
    raise TimeoutException(message, screen, stacktrace)
selenium.common.exceptions.TimeoutException: Message: 
Stacktrace:
#0 0x56495834bf83 <unknown>
#1 0x564958004cf7 <unknown>
#2 0x56495805499e <unknown>
#3 0x564958054aa1 <unknown>
#4 0x56495809fd64 <unknown>
#5 0x56495807e0dd <unknown>
#6 0x56495809d006 <unknown>
#7 0x56495807de53 <unknown>
#8 0x564958045dd4 <unknown>
#9 0x5649580471de <unknown>
#10 0x564958310531 <unknown>
#11 0x564958314455 <unknown>
#12 0x5649582fcf55 <unknown>
#13 0x5649583150ef <unknown>
#14 0x5649582e099f <unknown>
#15 0x564958339008 <unknown>
#16 0x5649583391d7 <unknown>
#17 0x56495834b124 <unknown>
#18 0x7fadef894ac3 <unknown>
--------------------------- Captured stdout teardown ---------------------------

2024-01-26 16:03:47.443992   *** end fixture Browser = teardown ***

=============================== warnings summary ===============================
tests/US_11_Education/US_11-02-02_Shares_trading/US_11-02-02-01_Shares_trading_test.py::TestSharesTradingItems::test_05_start_trading_button_in_content[https://capital.com/es/opera-google-Chrome--ae-NoAuth-aqa.tomelo.an@gmail.com-iT9Vgqi6d$fiZ*Z]
  /home/runner/.cache/pypoetry/virtualenvs/testcapitalcompyse-cIj6ROMf-py3.11/lib/python3.11/site-packages/pytest_html/plugin.py:133: DeprecationWarning: The 'report.extra' attribute is deprecated and will be removed in a future release, use 'report.extras' instead.
    warnings.warn(

-- Docs: https://docs.pytest.org/en/stable/how-to/capture-warnings.html
- Generated html report: file:///home/runner/work/SeleniumCapital/SeleniumCapital/report/report.html -
=========================== short test summary info ============================
FAILED tests/US_11_Education/US_11-02-02_Shares_trading/US_11-02-02-01_Shares_trading_test.py::TestSharesTradingItems::test_05_start_trading_button_in_content[https://capital.com/es/opera-google-Chrome--ae-NoAuth-aqa.tomelo.an@gmail.com-iT9Vgqi6d$fiZ*Z] - AssertionError: Bug # 05. Opened a 'Sign up' form instead of a 'Login'
================= 1 failed, 9 deselected, 1 warning in 48.43s ==================

2024-01-26 16:03:47.520019   => Текущий тест: 1 failed

2024-01-26 16:03:47.521687   => 3. check_results finished

2024-01-26 16:03:47.521873   4. Fixing one row check results into Google Sheet Bugs Report =>
1 cells updated.
2024-01-26 16:03:47.848511   => 4. One row check results into Google Sheet Bugs Report fixed
