2024-01-26 15:47:21 ERROR Elements not present after 0.5 seconds on page: https://capital.com/it/macd
2024-01-26 15:47:21 ERROR 
Traceback (most recent call last):
  File "/home/runner/work/SeleniumCapital/SeleniumCapital/pages/base_page.py", line 82, in inner_function
    return func(*args, **kwargs)
           ^^^^^^^^^^^^^^^^^^^^^
  File "/home/runner/work/SeleniumCapital/SeleniumCapital/pages/base_page.py", line 293, in element_is_visible
    return Wait(self.browser, timeout).until(
           ^^^^^^^^^^^^^^^^^^^^^^^^^^^^^^^^^^
  File "/home/runner/.cache/pypoetry/virtualenvs/testcapitalcompyse-cIj6ROMf-py3.11/lib/python3.11/site-packages/selenium/webdriver/support/wait.py", line 105, in until
    raise TimeoutException(message, screen, stacktrace)
selenium.common.exceptions.TimeoutException: Message: 
Stacktrace:
#0 0x55ef2d619f83 <unknown>
#1 0x55ef2d2d2cf7 <unknown>
#2 0x55ef2d32299e <unknown>
#3 0x55ef2d322aa1 <unknown>
#4 0x55ef2d36dd64 <unknown>
#5 0x55ef2d34c0dd <unknown>
#6 0x55ef2d36b006 <unknown>
#7 0x55ef2d34be53 <unknown>
#8 0x55ef2d313dd4 <unknown>
#9 0x55ef2d3151de <unknown>
#10 0x55ef2d5de531 <unknown>
#11 0x55ef2d5e2455 <unknown>
#12 0x55ef2d5caf55 <unknown>
#13 0x55ef2d5e30ef <unknown>
#14 0x55ef2d5ae99f <unknown>
#15 0x55ef2d607008 <unknown>
#16 0x55ef2d6071d7 <unknown>
#17 0x55ef2d619124 <unknown>
#18 0x7fe35c294ac3 <unknown>

2024-01-26 15:47:26 ERROR Elements not present after 0.5 seconds on page: https://capital.com/it/macd
2024-01-26 15:47:26 ERROR 
Traceback (most recent call last):
  File "/home/runner/work/SeleniumCapital/SeleniumCapital/pages/base_page.py", line 82, in inner_function
    return func(*args, **kwargs)
           ^^^^^^^^^^^^^^^^^^^^^
  File "/home/runner/work/SeleniumCapital/SeleniumCapital/pages/base_page.py", line 293, in element_is_visible
    return Wait(self.browser, timeout).until(
           ^^^^^^^^^^^^^^^^^^^^^^^^^^^^^^^^^^
  File "/home/runner/.cache/pypoetry/virtualenvs/testcapitalcompyse-cIj6ROMf-py3.11/lib/python3.11/site-packages/selenium/webdriver/support/wait.py", line 105, in until
    raise TimeoutException(message, screen, stacktrace)
selenium.common.exceptions.TimeoutException: Message: 
Stacktrace:
#0 0x55ef2d619f83 <unknown>
#1 0x55ef2d2d2cf7 <unknown>
#2 0x55ef2d32299e <unknown>
#3 0x55ef2d322aa1 <unknown>
#4 0x55ef2d36dd64 <unknown>
#5 0x55ef2d34c0dd <unknown>
#6 0x55ef2d36b006 <unknown>
#7 0x55ef2d34be53 <unknown>
#8 0x55ef2d313dd4 <unknown>
#9 0x55ef2d3151de <unknown>
#10 0x55ef2d5de531 <unknown>
#11 0x55ef2d5e2455 <unknown>
#12 0x55ef2d5caf55 <unknown>
#13 0x55ef2d5e30ef <unknown>
#14 0x55ef2d5ae99f <unknown>
#15 0x55ef2d607008 <unknown>
#16 0x55ef2d6071d7 <unknown>
#17 0x55ef2d619124 <unknown>
#18 0x7fe35c294ac3 <unknown>