2024-01-26 16:04:27 ERROR Elements not present after 0.5 seconds on page: https://capital.com/es/opera-google
2024-01-26 16:04:27 ERROR 
Traceback (most recent call last):
  File "/home/runner/work/SeleniumCapital/SeleniumCapital/pages/base_page.py", line 82, in inner_function
    return func(*args, **kwargs)
           ^^^^^^^^^^^^^^^^^^^^^
  File "/home/runner/work/SeleniumCapital/SeleniumCapital/pages/base_page.py", line 293, in element_is_visible
    return Wait(self.browser, timeout).until(
           ^^^^^^^^^^^^^^^^^^^^^^^^^^^^^^^^^^
  File "/home/runner/.cache/pypoetry/virtualenvs/testcapitalcompyse-cIj6ROMf-py3.11/lib/python3.11/site-packages/selenium/webdriver/support/wait.py", line 105, in until
    raise TimeoutException(message, screen, stacktrace)
selenium.common.exceptions.TimeoutException: Message: 
Stacktrace:
#0 0x55c314274f83 <unknown>
#1 0x55c313f2dcf7 <unknown>
#2 0x55c313f7d99e <unknown>
#3 0x55c313f7daa1 <unknown>
#4 0x55c313fc8d64 <unknown>
#5 0x55c313fa70dd <unknown>
#6 0x55c313fc6006 <unknown>
#7 0x55c313fa6e53 <unknown>
#8 0x55c313f6edd4 <unknown>
#9 0x55c313f701de <unknown>
#10 0x55c314239531 <unknown>
#11 0x55c31423d455 <unknown>
#12 0x55c314225f55 <unknown>
#13 0x55c31423e0ef <unknown>
#14 0x55c31420999f <unknown>
#15 0x55c314262008 <unknown>
#16 0x55c3142621d7 <unknown>
#17 0x55c314274124 <unknown>
#18 0x7fb99f294ac3 <unknown>

2024-01-26 16:04:33 ERROR Elements not present after 0.5 seconds on page: https://capital.com/es/opera-google
2024-01-26 16:04:33 ERROR 
Traceback (most recent call last):
  File "/home/runner/work/SeleniumCapital/SeleniumCapital/pages/base_page.py", line 82, in inner_function
    return func(*args, **kwargs)
           ^^^^^^^^^^^^^^^^^^^^^
  File "/home/runner/work/SeleniumCapital/SeleniumCapital/pages/base_page.py", line 293, in element_is_visible
    return Wait(self.browser, timeout).until(
           ^^^^^^^^^^^^^^^^^^^^^^^^^^^^^^^^^^
  File "/home/runner/.cache/pypoetry/virtualenvs/testcapitalcompyse-cIj6ROMf-py3.11/lib/python3.11/site-packages/selenium/webdriver/support/wait.py", line 105, in until
    raise TimeoutException(message, screen, stacktrace)
selenium.common.exceptions.TimeoutException: Message: 
Stacktrace:
#0 0x55c314274f83 <unknown>
#1 0x55c313f2dcf7 <unknown>
#2 0x55c313f7d99e <unknown>
#3 0x55c313f7daa1 <unknown>
#4 0x55c313fc8d64 <unknown>
#5 0x55c313fa70dd <unknown>
#6 0x55c313fc6006 <unknown>
#7 0x55c313fa6e53 <unknown>
#8 0x55c313f6edd4 <unknown>
#9 0x55c313f701de <unknown>
#10 0x55c314239531 <unknown>
#11 0x55c31423d455 <unknown>
#12 0x55c314225f55 <unknown>
#13 0x55c31423e0ef <unknown>
#14 0x55c31420999f <unknown>
#15 0x55c314262008 <unknown>
#16 0x55c3142621d7 <unknown>
#17 0x55c314274124 <unknown>
#18 0x7fb99f294ac3 <unknown>