2024-01-26 14:49:33 ERROR Elements not present after 0.5 seconds on page: https://capital.com/fr/trade-commodities
2024-01-26 14:49:33 ERROR 
Traceback (most recent call last):
  File "/home/runner/work/SeleniumCapital/SeleniumCapital/pages/base_page.py", line 82, in inner_function
    return func(*args, **kwargs)
           ^^^^^^^^^^^^^^^^^^^^^
  File "/home/runner/work/SeleniumCapital/SeleniumCapital/pages/base_page.py", line 293, in element_is_visible
    return Wait(self.browser, timeout).until(
           ^^^^^^^^^^^^^^^^^^^^^^^^^^^^^^^^^^
  File "/home/runner/.cache/pypoetry/virtualenvs/testcapitalcompyse-cIj6ROMf-py3.11/lib/python3.11/site-packages/selenium/webdriver/support/wait.py", line 105, in until
    raise TimeoutException(message, screen, stacktrace)
selenium.common.exceptions.TimeoutException: Message: 
Stacktrace:
#0 0x55669c551f83 <unknown>
#1 0x55669c20acf7 <unknown>
#2 0x55669c25a99e <unknown>
#3 0x55669c25aaa1 <unknown>
#4 0x55669c2a5d64 <unknown>
#5 0x55669c2840dd <unknown>
#6 0x55669c2a3006 <unknown>
#7 0x55669c283e53 <unknown>
#8 0x55669c24bdd4 <unknown>
#9 0x55669c24d1de <unknown>
#10 0x55669c516531 <unknown>
#11 0x55669c51a455 <unknown>
#12 0x55669c502f55 <unknown>
#13 0x55669c51b0ef <unknown>
#14 0x55669c4e699f <unknown>
#15 0x55669c53f008 <unknown>
#16 0x55669c53f1d7 <unknown>
#17 0x55669c551124 <unknown>
#18 0x7f5373e94ac3 <unknown>

2024-01-26 14:49:41 ERROR Elements not present after 0.5 seconds on page: https://capital.com/trading/signup
2024-01-26 14:49:41 ERROR 
Traceback (most recent call last):
  File "/home/runner/work/SeleniumCapital/SeleniumCapital/pages/base_page.py", line 82, in inner_function
    return func(*args, **kwargs)
           ^^^^^^^^^^^^^^^^^^^^^
  File "/home/runner/work/SeleniumCapital/SeleniumCapital/pages/base_page.py", line 293, in element_is_visible
    return Wait(self.browser, timeout).until(
           ^^^^^^^^^^^^^^^^^^^^^^^^^^^^^^^^^^
  File "/home/runner/.cache/pypoetry/virtualenvs/testcapitalcompyse-cIj6ROMf-py3.11/lib/python3.11/site-packages/selenium/webdriver/support/wait.py", line 105, in until
    raise TimeoutException(message, screen, stacktrace)
selenium.common.exceptions.TimeoutException: Message: 
Stacktrace:
#0 0x55669c551f83 <unknown>
#1 0x55669c20acf7 <unknown>
#2 0x55669c25a99e <unknown>
#3 0x55669c25aaa1 <unknown>
#4 0x55669c2a5d64 <unknown>
#5 0x55669c2840dd <unknown>
#6 0x55669c2a3006 <unknown>
#7 0x55669c283e53 <unknown>
#8 0x55669c24bdd4 <unknown>
#9 0x55669c24d1de <unknown>
#10 0x55669c516531 <unknown>
#11 0x55669c51a455 <unknown>
#12 0x55669c502f55 <unknown>
#13 0x55669c51b0ef <unknown>
#14 0x55669c4e699f <unknown>
#15 0x55669c53f008 <unknown>
#16 0x55669c53f1d7 <unknown>
#17 0x55669c551124 <unknown>
#18 0x7f5373e94ac3 <unknown>

2024-01-26 14:49:46 ERROR Elements not present after 0.5 seconds on page: https://capital.com/trading/signup
2024-01-26 14:49:46 ERROR 
Traceback (most recent call last):
  File "/home/runner/work/SeleniumCapital/SeleniumCapital/pages/base_page.py", line 82, in inner_function
    return func(*args, **kwargs)
           ^^^^^^^^^^^^^^^^^^^^^
  File "/home/runner/work/SeleniumCapital/SeleniumCapital/pages/base_page.py", line 293, in element_is_visible
    return Wait(self.browser, timeout).until(
           ^^^^^^^^^^^^^^^^^^^^^^^^^^^^^^^^^^
  File "/home/runner/.cache/pypoetry/virtualenvs/testcapitalcompyse-cIj6ROMf-py3.11/lib/python3.11/site-packages/selenium/webdriver/support/wait.py", line 105, in until
    raise TimeoutException(message, screen, stacktrace)
selenium.common.exceptions.TimeoutException: Message: 
Stacktrace:
#0 0x55669c551f83 <unknown>
#1 0x55669c20acf7 <unknown>
#2 0x55669c25a99e <unknown>
#3 0x55669c25aaa1 <unknown>
#4 0x55669c2a5d64 <unknown>
#5 0x55669c2840dd <unknown>
#6 0x55669c2a3006 <unknown>
#7 0x55669c283e53 <unknown>
#8 0x55669c24bdd4 <unknown>
#9 0x55669c24d1de <unknown>
#10 0x55669c516531 <unknown>
#11 0x55669c51a455 <unknown>
#12 0x55669c502f55 <unknown>
#13 0x55669c51b0ef <unknown>
#14 0x55669c4e699f <unknown>
#15 0x55669c53f008 <unknown>
#16 0x55669c53f1d7 <unknown>
#17 0x55669c551124 <unknown>
#18 0x7f5373e94ac3 <unknown>

2024-01-26 14:49:52 ERROR Elements not present after 0.5 seconds on page: https://capital.com/trading/signup
2024-01-26 14:49:52 ERROR 
Traceback (most recent call last):
  File "/home/runner/work/SeleniumCapital/SeleniumCapital/pages/base_page.py", line 82, in inner_function
    return func(*args, **kwargs)
           ^^^^^^^^^^^^^^^^^^^^^
  File "/home/runner/work/SeleniumCapital/SeleniumCapital/pages/base_page.py", line 293, in element_is_visible
    return Wait(self.browser, timeout).until(
           ^^^^^^^^^^^^^^^^^^^^^^^^^^^^^^^^^^
  File "/home/runner/.cache/pypoetry/virtualenvs/testcapitalcompyse-cIj6ROMf-py3.11/lib/python3.11/site-packages/selenium/webdriver/support/wait.py", line 105, in until
    raise TimeoutException(message, screen, stacktrace)
selenium.common.exceptions.TimeoutException: Message: 
Stacktrace:
#0 0x55669c551f83 <unknown>
#1 0x55669c20acf7 <unknown>
#2 0x55669c25a99e <unknown>
#3 0x55669c25aaa1 <unknown>
#4 0x55669c2a5d64 <unknown>
#5 0x55669c2840dd <unknown>
#6 0x55669c2a3006 <unknown>
#7 0x55669c283e53 <unknown>
#8 0x55669c24bdd4 <unknown>
#9 0x55669c24d1de <unknown>
#10 0x55669c516531 <unknown>
#11 0x55669c51a455 <unknown>
#12 0x55669c502f55 <unknown>
#13 0x55669c51b0ef <unknown>
#14 0x55669c4e699f <unknown>
#15 0x55669c53f008 <unknown>
#16 0x55669c53f1d7 <unknown>
#17 0x55669c551124 <unknown>
#18 0x7f5373e94ac3 <unknown>

2024-01-26 14:49:58 ERROR Elements not present after 0.5 seconds on page: https://capital.com/trading/signup
2024-01-26 14:49:58 ERROR 
Traceback (most recent call last):
  File "/home/runner/work/SeleniumCapital/SeleniumCapital/pages/base_page.py", line 82, in inner_function
    return func(*args, **kwargs)
           ^^^^^^^^^^^^^^^^^^^^^
  File "/home/runner/work/SeleniumCapital/SeleniumCapital/pages/base_page.py", line 293, in element_is_visible
    return Wait(self.browser, timeout).until(
           ^^^^^^^^^^^^^^^^^^^^^^^^^^^^^^^^^^
  File "/home/runner/.cache/pypoetry/virtualenvs/testcapitalcompyse-cIj6ROMf-py3.11/lib/python3.11/site-packages/selenium/webdriver/support/wait.py", line 105, in until
    raise TimeoutException(message, screen, stacktrace)
selenium.common.exceptions.TimeoutException: Message: 
Stacktrace:
#0 0x55669c551f83 <unknown>
#1 0x55669c20acf7 <unknown>
#2 0x55669c25a99e <unknown>
#3 0x55669c25aaa1 <unknown>
#4 0x55669c2a5d64 <unknown>
#5 0x55669c2840dd <unknown>
#6 0x55669c2a3006 <unknown>
#7 0x55669c283e53 <unknown>
#8 0x55669c24bdd4 <unknown>
#9 0x55669c24d1de <unknown>
#10 0x55669c516531 <unknown>
#11 0x55669c51a455 <unknown>
#12 0x55669c502f55 <unknown>
#13 0x55669c51b0ef <unknown>
#14 0x55669c4e699f <unknown>
#15 0x55669c53f008 <unknown>
#16 0x55669c53f1d7 <unknown>
#17 0x55669c551124 <unknown>
#18 0x7f5373e94ac3 <unknown>