


2024-01-26 15:16:09.082549   0. Get Values row =>
2024-01-26 15:16:09.082580   Row # = 623
2024-01-26 15:16:09.082590   Row Values = 
['Bid:11.03.01.00_01-es.gb.NoAuth', 'Ubuntu 22.04', 'Chrome', '11.03.01.00', '_01', 'es', 'gb', 'FCA', 'NoAuth', '', 'Education', 'Trading strategies guide', 'On Main banner click Button [Start Trading]', 'On Main banner click Button [Start Trading]', '', '05', "Bug # 05. Opened a 'Sign up' form instead of a 'Login'", '', '', '', '22/01/24', 'failed']

2024-01-26 15:16:09.082676   1. Run pretest =>

2024-01-26 15:16:09.082689   row_loc = 
['Bid:11.03.01.00_01-es.gb.NoAuth', 'Ubuntu 22.04', 'Chrome', '11.03.01.00', '_01', 'es', 'gb', 'FCA', 'NoAuth', '', 'Education', 'Trading strategies guide', 'On Main banner click Button [Start Trading]', 'On Main banner click Button [Start Trading]', '', '05', "Bug # 05. Opened a 'Sign up' form instead of a 'Login'", '', '', '', '22/01/24', 'failed']

2024-01-26 15:16:09.082704   => 1. Pretest finished

2024-01-26 15:16:09.082771   2. Run run_pytest with Bid = Bid:11.03.01.00_01-es.gb.NoAuth from row =>

2024-01-26 15:16:09.082783   2.2. Run poetry run pytest ... in subprocess =>

2024-01-26 15:16:09.082794   Run command: 
poetry run pytest --retest=True --browser_name=Chrome --lang=es --country=gb --role=NoAuth -m test_01 -v \tests/US_11_Education/US_11-03-01_trading_strategies_guide/US_11-03-01-00_trading_strategies_guide_test.py

2024-01-26 15:17:00.001922   => 2.2. pytest ... as subprocess finished

2024-01-26 15:17:00.001980   => 2. Autotest with Bid = Bid:11.03.01.00_01-es.gb.NoAuth from row finished

2024-01-26 15:17:00.002046   3. Run check_results =>
2024-01-26 15:17:00.002066   test_results: 
============================= test session starts ==============================
platform linux -- Python 3.11.7, pytest-7.4.4, pluggy-1.3.0 -- /home/runner/.cache/pypoetry/virtualenvs/testcapitalcompyse-cIj6ROMf-py3.11/bin/python
cachedir: .pytest_cache
metadata: {'Python': '3.11.7', 'Platform': 'Linux-6.2.0-1018-azure-x86_64-with-glibc2.35', 'Packages': {'pytest': '7.4.4', 'pluggy': '1.3.0'}, 'Plugins': {'metadata': '3.0.0', 'timeout': '2.2.0', 'html': '4.1.1', 'xdist': '3.5.0', 'allure-pytest': '2.13.2'}, 'CI': 'true', 'JAVA_HOME': '/usr/lib/jvm/temurin-11-jdk-amd64'}
rootdir: /home/runner/work/SeleniumCapital/SeleniumCapital
configfile: pytest.ini
plugins: metadata-3.0.0, timeout-2.2.0, html-4.1.1, xdist-3.5.0, allure-pytest-2.13.2
collecting ... collected 5 items / 4 deselected / 1 selected

tests/US_11_Education/US_11-03-01_trading_strategies_guide/US_11-03-01-00_trading_strategies_guide_test.py::TestTradingStrategiesGuides::test_01_main_banner_start_trading_button[Chrome--ae-NoAuth-aqa.tomelo.an@gmail.com-iT9Vgqi6d$fiZ*Z] FAILED [100%]

=================================== FAILURES ===================================
_ TestTradingStrategiesGuides.test_01_main_banner_start_trading_button[Chrome--ae-NoAuth-aqa.tomelo.an@gmail.com-iT9Vgqi6d$fiZ*Z] _

self = <US_11-03-01-00_trading_strategies_guide_test.TestTradingStrategiesGuides object at 0x7f4e92d055d0>
worker_id = 'master'
d = <selenium.webdriver.chrome.webdriver.WebDriver (session="7f3fbb99ea7ef6a8c7e0a48efc53a8ed")>
cur_language = 'es', cur_country = 'gb', cur_role = 'NoAuth'
cur_login = 'aqa.tomelo.an@gmail.com', cur_password = 'iT9Vgqi6d$fiZ*Z'

    @allure.step("Start test_11.03.01_01 of button [Start Trading] on Main banner")
    @pytest.mark.test_01
    def test_01_main_banner_start_trading_button(
            self, worker_id, d, cur_language, cur_country, cur_role, cur_login, cur_password):
        """
        Check: Button [Start Trading]
        Language: All. License: All.
        """
        bid = build_dynamic_arg_v4(
            d, worker_id, cur_language, cur_country, cur_role,
            "11.03.01", "Education > Menu item [Trading Strategies Guides]",
            ".00_01", "Testing button [Start Trading] on Main banner")
    
        Common().skip_if_eng_lang_and_fca_license(cur_language, cur_country)
    
        Common().check_language_in_list_and_skip_if_not_present(cur_language, ["", "de", "es", "it", "cn", "ru", "zh"])
    
        page_conditions = Conditions(d, "")
        link = page_conditions.preconditions(
            d, CapitalComPageSrc.URL, "", cur_language, cur_country, cur_role, cur_login, cur_password)
    
        page_menu = MenuSection(d, link)
        page_menu.menu_education_move_focus(d, cur_language, cur_country)
        cur_page_url = page_menu.sub_menu_trading_strategies_guide_move_focus_click(d, cur_language)
    
        test_element = MainBannerStartTrading(d, cur_page_url, bid)
>       test_element.full_test_with_tpi(d, cur_language, cur_country, cur_role, cur_page_url)

tests/US_11_Education/US_11-03-01_trading_strategies_guide/US_11-03-01-00_trading_strategies_guide_test.py:53: 
_ _ _ _ _ _ _ _ _ _ _ _ _ _ _ _ _ _ _ _ _ _ _ _ _ _ _ _ _ _ _ _ _ _ _ _ _ _ _ _ 
pages/Elements/ButtonStartTradingMainBanner.py:28: in full_test_with_tpi
    test_element.assert_login(d, cur_language, cur_item_link)
_ _ _ _ _ _ _ _ _ _ _ _ _ _ _ _ _ _ _ _ _ _ _ _ _ _ _ _ _ _ _ _ _ _ _ _ _ _ _ _ 

self = <pages.Elements.AssertClass.AssertClass object at 0x7f4e92d1d990>
d = <selenium.webdriver.chrome.webdriver.WebDriver (session="7f3fbb99ea7ef6a8c7e0a48efc53a8ed")>
cur_language = 'es', cur_link = 'https://capital.com/es/guia-de-estrategias'

    @allure.step('Checking that "Login" form or page opened')
    def assert_login(self, d, cur_language, cur_link):
        """Method Assert Login form or page"""
        print(f"\n{datetime.now()}   3. Assert_Login_v0")
        self.page_signup_login = SignupLogin(d, cur_link)
        if self.page_signup_login.should_be_login_form():
            self.page_signup_login.close_login_form()
            del self.page_signup_login
        elif self.page_signup_login.should_be_login_page():
            self.page_signup_login.close_login_page()
            del self.page_signup_login
        elif self.page_signup_login.should_be_trading_platform_login_form(cur_language):
            self.page_signup_login.close_trading_platform_login_form()
            del self.page_signup_login
        elif self.page_signup_login.should_be_signup_form(cur_language):
            del self.page_signup_login
            print(f'\nBug: {self.bid}')
            retest_table_fill(self.bid, '05', self.link)
>           assert False, "Bug # 05. Opened a 'Sign up' form instead of a 'Login'"
E           AssertionError: Bug # 05. Opened a 'Sign up' form instead of a 'Login'

pages/Elements/AssertClass.py:69: AssertionError
---------------------------- Captured stdout setup -----------------------------

2024-01-26 15:16:09.914039   *** autouse fixture Chrome ***

{'width': 1280, 'height': 720}
Current test language - es
Current country of trading - gb



Current test role - NoAuth
Current login - aqa.tomelo.an@gmail.com
Current login - iT9Vgqi6d$fiZ*Z
----------------------------- Captured stdout call -----------------------------
{'width': 1280, 'height': 720}

2024-01-26 15:16:10.895715   worker_id = master

2024-01-26 15:16:10.895733   0. Allure grouping v4


2024-01-26 15:16:10.895938   START PRECONDITIONS =>

2024-01-26 15:16:12.439647   Load page https://capital.com

2024-01-26 15:16:12.439695   {'width': 1280, 'height': 720}

2024-01-26 15:16:12.441942   Set windows position at (0, 0) =>

2024-01-26 15:16:12.582461   Set resolution 1280 * 720 =>

2024-01-26 15:16:12.687942   => Resolution seted {'width': 1280, 'height': 720}

2024-01-26 15:16:17.739728   Капчи нет. Тестим дальше

2024-01-26 15:16:17.739844   Prev. Role: ?

2024-01-26 15:16:17.739864   Run preconditions: set "NoAuth" Role =>
2024-01-26 15:16:18.570433   Load page https://capital.com

2024-01-26 15:16:18.784269   => All cookies are deleted
2024-01-26 15:16:19.584754   Load page https://capital.com

2024-01-26 15:16:19.585012   Step 'Click button [Accept all cookies]'
2024-01-26 15:16:24.597669   Is Visible Button [Accept all cookies]? =>
2024-01-26 15:16:24.618379   => Button [Accept all cookies] is visible
2024-01-26 15:16:25.618512   Is clickable Button [Accept all cookies] =>
2024-01-26 15:16:25.659960   => Button [Accept all cookies] is clickable
2024-01-26 15:16:25.660019   Click Button [Accept all cookies] =>
2024-01-26 15:16:25.746934   => Button [Accept all cookies] is clicked
2024-01-26 15:16:25.747264   => Accepted All Cookies

2024-01-26 15:16:26.247647   Start Autorization

2024-01-26 15:16:26.247755   2. Act
2024-01-26 15:16:26.247768   Start Click button [Log in] =>
2024-01-26 15:16:26.257280   BUTTON_LOGIN scroll =>
2024-01-26 15:16:26.266753   Is BUTTON_LOGIN clickable? =>
2024-01-26 15:16:26.281677   => BUTTON_LOGIN is clickable
2024-01-26 15:16:26.281720   BUTTON_LOGIN click =>
2024-01-26 15:16:26.330311   => BUTTON_LOGIN is clicked!
2024-01-26 15:16:26.330410   => 'Login' form is opened
2024-01-26 15:16:26.987932   => "login" and "password" are inputted
2024-01-26 15:16:26.987983   Click [Continue] button on [Login] form =>
2024-01-26 15:16:27.080232   => [Continue] button on [Login] form is clicked
2024-01-26 15:16:30.090674   Start check that the Trading platform page is loaded and LOGO is present on it =>
2024-01-26 15:16:30.090714   Set timeout = 30
2024-01-26 15:16:30.090736   Wait until load page with special title =>
2024-01-26 15:16:30.098649   => Page with title "Trading Platform | Capital.com" is loaded
2024-01-26 15:16:30.098683   Is present LOGO on this page? =>
2024-01-26 15:16:31.777698   => LOGO is visible on this page
2024-01-26 15:16:31.777805   -> "Capital.com" logo is present on trading platform page

2024-01-26 15:16:32.921658   Start DeAuthorisation
2024-01-26 15:16:32.921791   1. BUTTON_MY_ACCOUNT is present? =>
2024-01-26 15:16:32.956072   => BUTTON_MY_ACCOUNT is present on this page
2024-01-26 15:16:34.228955   => Move to BUTTON_MY_ACCOUNT
2024-01-26 15:16:34.229001   2. BUTTON_MY_ACCOUNT is clickable? =>
2024-01-26 15:16:34.261288   => BUTTON_MY_ACCOUNT is clickable
2024-01-26 15:16:34.261335   BUTTON_MY_ACCOUNT Click =>
2024-01-26 15:16:35.130246   => User panel [My account] is opened

2024-01-26 15:16:35.130470   Start Click [Logout] button:
2024-01-26 15:16:35.130485   BUTTON_LOGOUT is present? =>
2024-01-26 15:16:35.138509   => BUTTON_LOGOUT is present
2024-01-26 15:16:35.138534   Is visible BUTTON_LOGOUT? =>
2024-01-26 15:16:35.154794   BUTTON_LOGOUT is clickable? =>
2024-01-26 15:16:35.171242   BUTTON_LOGOUT click =>
2024-01-26 15:16:35.232539   => BUTTON_LOGOUT is clicked

2024-01-26 15:16:35.232674   Current role: NoAuth

2024-01-26 15:16:35.232691   Prev language: ?

2024-01-26 15:16:35.232703   Run preconditions: set "es" language =>


2024-01-26 15:16:35.258883   => Language and Country menu is present


2024-01-26 15:16:35.272971   => Language and Country menu is visible


2024-01-26 15:16:37.046843   => Focus is moved on Language and Country menu 

2024-01-26 15:16:38.988262   => Current language: es

2024-01-26 15:16:38.988303   Prev country: ?

2024-01-26 15:16:38.988314   Run preconditions: set "gb" country =>


2024-01-26 15:16:39.016068   => Language and Country menu is present


2024-01-26 15:16:39.038249   => Language and Country menu is visible


2024-01-26 15:16:40.814325   => Focus is moved on Language and Country menu 

2024-01-26 15:16:43.090149   => Current country: gb

2024-01-26 15:16:43.090184   => THE END PRECONDITIONS
2024-01-26 15:16:43.603501   => Education menu is present
2024-01-26 15:16:43.621315   => Education menu is visible
2024-01-26 15:16:44.897070   => Education menu focus moved

2024-01-26 15:16:46.553454   1. Arrange_v0
2024-01-26 15:16:46.567276   BUTTON_START_TRADING scroll =>
2024-01-26 15:16:46.570683   BUTTON_START_TRADING is visible? =>
2024-01-26 15:16:46.597130   => BUTTON_START_TRADING is visible on the page!

2024-01-26 15:16:46.597300   2. Act_v0
2024-01-26 15:16:46.597314   Start Click button [Start Trading] =>
2024-01-26 15:16:46.602832   BUTTON_START_TRADING is clickable? =>
2024-01-26 15:16:46.616505   BUTTON_START_TRADING click =>
2024-01-26 15:16:46.660725   => BUTTON_START_TRADING clicked

2024-01-26 15:16:46.660996   3. Assert_Login_v0
2024-01-26 15:16:46.661091   Check that 'Login' form is opened
2024-01-26 15:16:52.205524   'Login' form not opened
2024-01-26 15:16:52.209255   'Login' page not opened
2024-01-26 15:16:57.768687   'Login' form on trading platform not opened
2024-01-26 15:16:57.768877   Start step Check that [Sign up] form is opened
2024-01-26 15:16:57.785587   'Sign up' form opened
2024-01-26 15:16:57.785637   Assert SIGNUP_HEADER =>
2024-01-26 15:16:57.798650   Assert SIGNUP_REF_LOGIN =>
2024-01-26 15:16:57.811699   Assert SIGNUP_PRIVACY_POLICY_ALL_2 =>
2024-01-26 15:16:57.825995   => SIGNUP_PRIVACY_POLICY_ALL
2024-01-26 15:16:57.826020   => 'Signup' form is checked

Bug: Bid:11.03.01.00_01-es.gb.NoAuth

2024-01-26 15:16:57.826080   Проверка бага в таблице ретеста  =>

2024-01-26 15:16:57.831652   4. Fixing one row check results into Google Sheet Bugs Report =>
1 cells updated.
2024-01-26 15:16:58.391404   => 4. One row check results into Google Sheet Bugs Report fixed

2024-01-26 15:16:58.796172   4. Fixing one row check results into Google Sheet Bugs Report =>
1 cells updated.
2024-01-26 15:16:59.139417   => 4. One row check results into Google Sheet Bugs Report fixed

2024-01-26 15:16:59.139516   Bug: Bid:11.03.01.00_01-es.gb.NoAuth уже существует, но тип бага изменился с 22/01/24 на 05

2024-01-26 15:16:59.140169   Bug: Bid:11.03.01.00_01-es.gb.NoAuth-05 уже существует

2024-01-26 15:16:59.140336   4. Fixing one row check results into Google Sheet Bugs Report =>
1 cells updated.
2024-01-26 15:16:59.614919   => 4. One row check results into Google Sheet Bugs Report fixed
------------------------------ Captured log call -------------------------------
2024-01-26 15:16:52 ERROR Elements not present after 0.5 seconds on page: https://capital.com/es/guia-de-estrategias
2024-01-26 15:16:52 ERROR 
Traceback (most recent call last):
  File "/home/runner/work/SeleniumCapital/SeleniumCapital/pages/base_page.py", line 82, in inner_function
    return func(*args, **kwargs)
           ^^^^^^^^^^^^^^^^^^^^^
  File "/home/runner/work/SeleniumCapital/SeleniumCapital/pages/base_page.py", line 293, in element_is_visible
    return Wait(self.browser, timeout).until(
           ^^^^^^^^^^^^^^^^^^^^^^^^^^^^^^^^^^
  File "/home/runner/.cache/pypoetry/virtualenvs/testcapitalcompyse-cIj6ROMf-py3.11/lib/python3.11/site-packages/selenium/webdriver/support/wait.py", line 105, in until
    raise TimeoutException(message, screen, stacktrace)
selenium.common.exceptions.TimeoutException: Message: 
Stacktrace:
#0 0x55a84b946f83 <unknown>
#1 0x55a84b5ffcf7 <unknown>
#2 0x55a84b64f99e <unknown>
#3 0x55a84b64faa1 <unknown>
#4 0x55a84b69ad64 <unknown>
#5 0x55a84b6790dd <unknown>
#6 0x55a84b698006 <unknown>
#7 0x55a84b678e53 <unknown>
#8 0x55a84b640dd4 <unknown>
#9 0x55a84b6421de <unknown>
#10 0x55a84b90b531 <unknown>
#11 0x55a84b90f455 <unknown>
#12 0x55a84b8f7f55 <unknown>
#13 0x55a84b9100ef <unknown>
#14 0x55a84b8db99f <unknown>
#15 0x55a84b934008 <unknown>
#16 0x55a84b9341d7 <unknown>
#17 0x55a84b946124 <unknown>
#18 0x7f17bca94ac3 <unknown>

2024-01-26 15:16:57 ERROR Elements not present after 0.5 seconds on page: https://capital.com/es/guia-de-estrategias
2024-01-26 15:16:57 ERROR 
Traceback (most recent call last):
  File "/home/runner/work/SeleniumCapital/SeleniumCapital/pages/base_page.py", line 82, in inner_function
    return func(*args, **kwargs)
           ^^^^^^^^^^^^^^^^^^^^^
  File "/home/runner/work/SeleniumCapital/SeleniumCapital/pages/base_page.py", line 293, in element_is_visible
    return Wait(self.browser, timeout).until(
           ^^^^^^^^^^^^^^^^^^^^^^^^^^^^^^^^^^
  File "/home/runner/.cache/pypoetry/virtualenvs/testcapitalcompyse-cIj6ROMf-py3.11/lib/python3.11/site-packages/selenium/webdriver/support/wait.py", line 105, in until
    raise TimeoutException(message, screen, stacktrace)
selenium.common.exceptions.TimeoutException: Message: 
Stacktrace:
#0 0x55a84b946f83 <unknown>
#1 0x55a84b5ffcf7 <unknown>
#2 0x55a84b64f99e <unknown>
#3 0x55a84b64faa1 <unknown>
#4 0x55a84b69ad64 <unknown>
#5 0x55a84b6790dd <unknown>
#6 0x55a84b698006 <unknown>
#7 0x55a84b678e53 <unknown>
#8 0x55a84b640dd4 <unknown>
#9 0x55a84b6421de <unknown>
#10 0x55a84b90b531 <unknown>
#11 0x55a84b90f455 <unknown>
#12 0x55a84b8f7f55 <unknown>
#13 0x55a84b9100ef <unknown>
#14 0x55a84b8db99f <unknown>
#15 0x55a84b934008 <unknown>
#16 0x55a84b9341d7 <unknown>
#17 0x55a84b946124 <unknown>
#18 0x7f17bca94ac3 <unknown>
--------------------------- Captured stdout teardown ---------------------------

2024-01-26 15:16:59.911182   *** end fixture Browser = teardown ***

=============================== warnings summary ===============================
tests/US_11_Education/US_11-03-01_trading_strategies_guide/US_11-03-01-00_trading_strategies_guide_test.py::TestTradingStrategiesGuides::test_01_main_banner_start_trading_button[Chrome--ae-NoAuth-aqa.tomelo.an@gmail.com-iT9Vgqi6d$fiZ*Z]
  /home/runner/.cache/pypoetry/virtualenvs/testcapitalcompyse-cIj6ROMf-py3.11/lib/python3.11/site-packages/pytest_html/plugin.py:133: DeprecationWarning: The 'report.extra' attribute is deprecated and will be removed in a future release, use 'report.extras' instead.
    warnings.warn(

-- Docs: https://docs.pytest.org/en/stable/how-to/capture-warnings.html
- Generated html report: file:///home/runner/work/SeleniumCapital/SeleniumCapital/report/report.html -
=========================== short test summary info ============================
FAILED tests/US_11_Education/US_11-03-01_trading_strategies_guide/US_11-03-01-00_trading_strategies_guide_test.py::TestTradingStrategiesGuides::test_01_main_banner_start_trading_button[Chrome--ae-NoAuth-aqa.tomelo.an@gmail.com-iT9Vgqi6d$fiZ*Z] - AssertionError: Bug # 05. Opened a 'Sign up' form instead of a 'Login'
================= 1 failed, 4 deselected, 1 warning in 50.15s ==================

2024-01-26 15:17:00.002475   => Текущий тест: 1 failed

2024-01-26 15:17:00.003500   => 3. check_results finished

2024-01-26 15:17:00.003643   4. Fixing one row check results into Google Sheet Bugs Report =>
1 cells updated.
2024-01-26 15:17:00.190810   => 4. One row check results into Google Sheet Bugs Report fixed
