2024-01-26 15:57:02 ERROR Elements not present after 0.5 seconds on page: https://capital.com/it/trade-apple
2024-01-26 15:57:02 ERROR 
Traceback (most recent call last):
  File "/home/runner/work/SeleniumCapital/SeleniumCapital/pages/base_page.py", line 82, in inner_function
    return func(*args, **kwargs)
           ^^^^^^^^^^^^^^^^^^^^^
  File "/home/runner/work/SeleniumCapital/SeleniumCapital/pages/base_page.py", line 293, in element_is_visible
    return Wait(self.browser, timeout).until(
           ^^^^^^^^^^^^^^^^^^^^^^^^^^^^^^^^^^
  File "/home/runner/.cache/pypoetry/virtualenvs/testcapitalcompyse-cIj6ROMf-py3.11/lib/python3.11/site-packages/selenium/webdriver/support/wait.py", line 105, in until
    raise TimeoutException(message, screen, stacktrace)
selenium.common.exceptions.TimeoutException: Message: 
Stacktrace:
#0 0x562ae1ea9f83 <unknown>
#1 0x562ae1b62cf7 <unknown>
#2 0x562ae1bb299e <unknown>
#3 0x562ae1bb2aa1 <unknown>
#4 0x562ae1bfdd64 <unknown>
#5 0x562ae1bdc0dd <unknown>
#6 0x562ae1bfb006 <unknown>
#7 0x562ae1bdbe53 <unknown>
#8 0x562ae1ba3dd4 <unknown>
#9 0x562ae1ba51de <unknown>
#10 0x562ae1e6e531 <unknown>
#11 0x562ae1e72455 <unknown>
#12 0x562ae1e5af55 <unknown>
#13 0x562ae1e730ef <unknown>
#14 0x562ae1e3e99f <unknown>
#15 0x562ae1e97008 <unknown>
#16 0x562ae1e971d7 <unknown>
#17 0x562ae1ea9124 <unknown>
#18 0x7f02d2294ac3 <unknown>

2024-01-26 15:57:07 ERROR Elements not present after 0.5 seconds on page: https://capital.com/it/trade-apple
2024-01-26 15:57:07 ERROR 
Traceback (most recent call last):
  File "/home/runner/work/SeleniumCapital/SeleniumCapital/pages/base_page.py", line 82, in inner_function
    return func(*args, **kwargs)
           ^^^^^^^^^^^^^^^^^^^^^
  File "/home/runner/work/SeleniumCapital/SeleniumCapital/pages/base_page.py", line 293, in element_is_visible
    return Wait(self.browser, timeout).until(
           ^^^^^^^^^^^^^^^^^^^^^^^^^^^^^^^^^^
  File "/home/runner/.cache/pypoetry/virtualenvs/testcapitalcompyse-cIj6ROMf-py3.11/lib/python3.11/site-packages/selenium/webdriver/support/wait.py", line 105, in until
    raise TimeoutException(message, screen, stacktrace)
selenium.common.exceptions.TimeoutException: Message: 
Stacktrace:
#0 0x562ae1ea9f83 <unknown>
#1 0x562ae1b62cf7 <unknown>
#2 0x562ae1bb299e <unknown>
#3 0x562ae1bb2aa1 <unknown>
#4 0x562ae1bfdd64 <unknown>
#5 0x562ae1bdc0dd <unknown>
#6 0x562ae1bfb006 <unknown>
#7 0x562ae1bdbe53 <unknown>
#8 0x562ae1ba3dd4 <unknown>
#9 0x562ae1ba51de <unknown>
#10 0x562ae1e6e531 <unknown>
#11 0x562ae1e72455 <unknown>
#12 0x562ae1e5af55 <unknown>
#13 0x562ae1e730ef <unknown>
#14 0x562ae1e3e99f <unknown>
#15 0x562ae1e97008 <unknown>
#16 0x562ae1e971d7 <unknown>
#17 0x562ae1ea9124 <unknown>
#18 0x7f02d2294ac3 <unknown>