


2024-01-26 15:06:32.471806   0. Get Values row =>
2024-01-26 15:06:32.471834   Row # = 146
2024-01-26 15:06:32.471844   Row Values = 
['Bid:11.01.03.01_01-ro.gb.NoAuth', 'Ubuntu 22.04', 'Chrome', '11.01.03.01', '_01', 'ro', 'gb', 'FCA', 'NoAuth', 'https://capital.com/ro/piata-CFD', 'Education', 'CFD trading guide / child', 'On Main banner click Button [Start Trading]', 'On Main banner click Button [Start Trading]', '', '05', "Bug # 05. Opened a 'Sign up' form instead of a 'Login'", '', '', '', '25/01/24']

2024-01-26 15:06:32.471926   1. Run pretest =>

2024-01-26 15:06:32.471939   row_loc = 
['Bid:11.01.03.01_01-ro.gb.NoAuth', 'Ubuntu 22.04', 'Chrome', '11.01.03.01', '_01', 'ro', 'gb', 'FCA', 'NoAuth', 'https://capital.com/ro/piata-CFD', 'Education', 'CFD trading guide / child', 'On Main banner click Button [Start Trading]', 'On Main banner click Button [Start Trading]', '', '05', "Bug # 05. Opened a 'Sign up' form instead of a 'Login'", '', '', '', '25/01/24']

2024-01-26 15:06:32.471954   => 1. Pretest finished

2024-01-26 15:06:32.472017   2. Run run_pytest with Bid = Bid:11.01.03.01_01-ro.gb.NoAuth from row =>

2024-01-26 15:06:32.472029   2.2. Run poetry run pytest ... in subprocess =>

2024-01-26 15:06:32.472041   Run command: 
poetry run pytest --retest=True --browser_name=Chrome --lang=ro --country=gb --role=NoAuth --tpi_link=https://capital.com/ro/piata-CFD -m test_01 -v \tests/US_11_Education/US_11-01-03_cfd_trading_guide/us_11-01-03-01_cfd_trading_guide_test.py

2024-01-26 15:07:19.812510   => 2.2. pytest ... as subprocess finished

2024-01-26 15:07:19.812588   => 2. Autotest with Bid = Bid:11.01.03.01_01-ro.gb.NoAuth from row finished

2024-01-26 15:07:19.812662   3. Run check_results =>
2024-01-26 15:07:19.812684   test_results: 
============================= test session starts ==============================
platform linux -- Python 3.11.7, pytest-7.4.4, pluggy-1.3.0 -- /home/runner/.cache/pypoetry/virtualenvs/testcapitalcompyse-cIj6ROMf-py3.11/bin/python
cachedir: .pytest_cache
metadata: {'Python': '3.11.7', 'Platform': 'Linux-6.2.0-1018-azure-x86_64-with-glibc2.35', 'Packages': {'pytest': '7.4.4', 'pluggy': '1.3.0'}, 'Plugins': {'metadata': '3.0.0', 'timeout': '2.2.0', 'html': '4.1.1', 'xdist': '3.5.0', 'allure-pytest': '2.13.2'}, 'CI': 'true', 'JAVA_HOME': '/usr/lib/jvm/temurin-11-jdk-amd64'}
rootdir: /home/runner/work/SeleniumCapital/SeleniumCapital
configfile: pytest.ini
plugins: metadata-3.0.0, timeout-2.2.0, html-4.1.1, xdist-3.5.0, allure-pytest-2.13.2
collecting ... collected 5 items / 4 deselected / 1 selected

tests/US_11_Education/US_11-01-03_cfd_trading_guide/us_11-01-03-01_cfd_trading_guide_test.py::TestCFDTradingGuide::test_01_main_banner_start_trading_button[https://capital.com/ro/piata-CFD-Chrome--ae-NoAuth-aqa.tomelo.an@gmail.com-iT9Vgqi6d$fiZ*Z] FAILED [100%]

=================================== FAILURES ===================================
_ TestCFDTradingGuide.test_01_main_banner_start_trading_button[https://capital.com/ro/piata-CFD-Chrome--ae-NoAuth-aqa.tomelo.an@gmail.com-iT9Vgqi6d$fiZ*Z] _

self = <us_11-01-03-01_cfd_trading_guide_test.TestCFDTradingGuide object at 0x7fdad7058ed0>
worker_id = 'master'
d = <selenium.webdriver.chrome.webdriver.WebDriver (session="74b461497d558d57c43f49bd57c5b4e8")>
cur_language = 'ro', cur_country = 'gb', cur_role = 'NoAuth'
cur_login = 'aqa.tomelo.an@gmail.com', cur_password = 'iT9Vgqi6d$fiZ*Z'
cur_item_link = 'https://capital.com/ro/piata-CFD'

    @allure.step("Start test of button [Start trading] on Main banner")
    @pytest.mark.test_01
    def test_01_main_banner_start_trading_button(
            self, worker_id, d, cur_language, cur_country, cur_role, cur_login, cur_password, cur_item_link):
        """
        Check: Button [Start Trading] on Main banner
        Language: All. License: All.
        """
        us = "11.01.03"
        tc = ".01_01"
        bid = build_dynamic_arg_v4(
            d, worker_id, cur_language, cur_country, cur_role,
            us, "Education > Menu item [CFD trading guide]",
            tc, "Testing button [Start Trading] on Main banner")
    
        Common().check_language_in_list_and_skip_if_not_present(
            cur_language, ["", "de", "es", "fr", "nl", "pl", "ro", "ru", "zh"])
    
        page_conditions = Conditions(d, "")
        page_conditions.preconditions(
            d, CapitalComPageSrc.URL, "", cur_language, cur_country, cur_role, cur_login, cur_password)
    
        test_element = MainBannerStartTrading(d, cur_item_link, bid)
>       test_element.full_test_with_tpi(d, cur_language, cur_country, cur_role, cur_item_link)

tests/US_11_Education/US_11-01-03_cfd_trading_guide/us_11-01-03-01_cfd_trading_guide_test.py:71: 
_ _ _ _ _ _ _ _ _ _ _ _ _ _ _ _ _ _ _ _ _ _ _ _ _ _ _ _ _ _ _ _ _ _ _ _ _ _ _ _ 
pages/Elements/ButtonStartTradingMainBanner.py:28: in full_test_with_tpi
    test_element.assert_login(d, cur_language, cur_item_link)
_ _ _ _ _ _ _ _ _ _ _ _ _ _ _ _ _ _ _ _ _ _ _ _ _ _ _ _ _ _ _ _ _ _ _ _ _ _ _ _ 

self = <pages.Elements.AssertClass.AssertClass object at 0x7fdad71bc290>
d = <selenium.webdriver.chrome.webdriver.WebDriver (session="74b461497d558d57c43f49bd57c5b4e8")>
cur_language = 'ro', cur_link = 'https://capital.com/ro/piata-CFD'

    @allure.step('Checking that "Login" form or page opened')
    def assert_login(self, d, cur_language, cur_link):
        """Method Assert Login form or page"""
        print(f"\n{datetime.now()}   3. Assert_Login_v0")
        self.page_signup_login = SignupLogin(d, cur_link)
        if self.page_signup_login.should_be_login_form():
            self.page_signup_login.close_login_form()
            del self.page_signup_login
        elif self.page_signup_login.should_be_login_page():
            self.page_signup_login.close_login_page()
            del self.page_signup_login
        elif self.page_signup_login.should_be_trading_platform_login_form(cur_language):
            self.page_signup_login.close_trading_platform_login_form()
            del self.page_signup_login
        elif self.page_signup_login.should_be_signup_form(cur_language):
            del self.page_signup_login
            print(f'\nBug: {self.bid}')
            retest_table_fill(self.bid, '05', self.link)
>           assert False, "Bug # 05. Opened a 'Sign up' form instead of a 'Login'"
E           AssertionError: Bug # 05. Opened a 'Sign up' form instead of a 'Login'

pages/Elements/AssertClass.py:69: AssertionError
---------------------------- Captured stdout setup -----------------------------

2024-01-26 15:06:33.256450   *** autouse fixture Chrome ***

{'width': 1280, 'height': 720}
Current test language - ro
Current country of trading - gb



Current test role - NoAuth
Current login - aqa.tomelo.an@gmail.com
Current login - iT9Vgqi6d$fiZ*Z
----------------------------- Captured stdout call -----------------------------
{'width': 1280, 'height': 720}

2024-01-26 15:06:34.177034   worker_id = master

2024-01-26 15:06:34.177056   0. Allure grouping v4


2024-01-26 15:06:34.177453   START PRECONDITIONS =>

2024-01-26 15:06:35.912637   Load page https://capital.com

2024-01-26 15:06:35.912685   {'width': 1280, 'height': 720}

2024-01-26 15:06:35.915690   Set windows position at (0, 0) =>

2024-01-26 15:06:36.069237   Set resolution 1280 * 720 =>

2024-01-26 15:06:36.174577   => Resolution seted {'width': 1280, 'height': 720}

2024-01-26 15:06:41.187945   Капчи нет. Тестим дальше

2024-01-26 15:06:41.188039   Prev. Role: ?

2024-01-26 15:06:41.188052   Run preconditions: set "NoAuth" Role =>
2024-01-26 15:06:42.114745   Load page https://capital.com

2024-01-26 15:06:42.338392   => All cookies are deleted
2024-01-26 15:06:43.156122   Load page https://capital.com

2024-01-26 15:06:43.156314   Step 'Click button [Accept all cookies]'
2024-01-26 15:06:48.181798   Is Visible Button [Accept all cookies]? =>
2024-01-26 15:06:48.213869   => Button [Accept all cookies] is visible
2024-01-26 15:06:49.213987   Is clickable Button [Accept all cookies] =>
2024-01-26 15:06:49.239402   => Button [Accept all cookies] is clickable
2024-01-26 15:06:49.239432   Click Button [Accept all cookies] =>
2024-01-26 15:06:49.303724   => Button [Accept all cookies] is clicked
2024-01-26 15:06:49.303766   => Accepted All Cookies

2024-01-26 15:06:49.804168   Start Autorization

2024-01-26 15:06:49.804312   2. Act
2024-01-26 15:06:49.804333   Start Click button [Log in] =>
2024-01-26 15:06:49.814255   BUTTON_LOGIN scroll =>
2024-01-26 15:06:49.821991   Is BUTTON_LOGIN clickable? =>
2024-01-26 15:06:49.843781   => BUTTON_LOGIN is clickable
2024-01-26 15:06:49.843813   BUTTON_LOGIN click =>
2024-01-26 15:06:49.921002   => BUTTON_LOGIN is clicked!
2024-01-26 15:06:49.921087   => 'Login' form is opened
2024-01-26 15:06:50.459351   => "login" and "password" are inputted
2024-01-26 15:06:50.459407   Click [Continue] button on [Login] form =>
2024-01-26 15:06:50.548835   => [Continue] button on [Login] form is clicked
2024-01-26 15:06:53.139324   Start check that the Trading platform page is loaded and LOGO is present on it =>
2024-01-26 15:06:53.139357   Set timeout = 30
2024-01-26 15:06:53.139372   Wait until load page with special title =>
2024-01-26 15:06:53.141936   => Page with title "Trading Platform | Capital.com" is loaded
2024-01-26 15:06:53.141957   Is present LOGO on this page? =>
2024-01-26 15:06:54.502963   => LOGO is visible on this page
2024-01-26 15:06:54.503048   -> "Capital.com" logo is present on trading platform page

2024-01-26 15:06:55.563186   Start DeAuthorisation
2024-01-26 15:06:55.563297   1. BUTTON_MY_ACCOUNT is present? =>
2024-01-26 15:06:55.576499   => BUTTON_MY_ACCOUNT is present on this page
2024-01-26 15:06:56.868352   => Move to BUTTON_MY_ACCOUNT
2024-01-26 15:06:56.868392   2. BUTTON_MY_ACCOUNT is clickable? =>
2024-01-26 15:06:56.888354   => BUTTON_MY_ACCOUNT is clickable
2024-01-26 15:06:56.888388   BUTTON_MY_ACCOUNT Click =>
2024-01-26 15:06:57.713941   => User panel [My account] is opened

2024-01-26 15:06:57.714123   Start Click [Logout] button:
2024-01-26 15:06:57.714137   BUTTON_LOGOUT is present? =>
2024-01-26 15:06:57.725054   => BUTTON_LOGOUT is present
2024-01-26 15:06:57.725079   Is visible BUTTON_LOGOUT? =>
2024-01-26 15:06:57.737888   BUTTON_LOGOUT is clickable? =>
2024-01-26 15:06:57.747618   BUTTON_LOGOUT click =>
2024-01-26 15:06:57.802277   => BUTTON_LOGOUT is clicked

2024-01-26 15:06:57.802388   Current role: NoAuth

2024-01-26 15:06:57.802402   Prev language: ?

2024-01-26 15:06:57.802417   Run preconditions: set "ro" language =>


2024-01-26 15:06:57.830632   => Language and Country menu is present


2024-01-26 15:06:57.845308   => Language and Country menu is visible


2024-01-26 15:06:59.620677   => Focus is moved on Language and Country menu 

2024-01-26 15:07:01.206609   => Current language: ro

2024-01-26 15:07:01.206643   Prev country: ?

2024-01-26 15:07:01.206655   Run preconditions: set "gb" country =>


2024-01-26 15:07:01.213019   => Language and Country menu is present


2024-01-26 15:07:01.252387   => Language and Country menu is visible


2024-01-26 15:07:03.035384   => Focus is moved on Language and Country menu 

2024-01-26 15:07:05.260974   => Current country: gb

2024-01-26 15:07:05.261017   => THE END PRECONDITIONS

2024-01-26 15:07:05.261062   1. Arrange_v0
2024-01-26 15:07:06.155278   Load page https://capital.com/ro/piata-CFD
2024-01-26 15:07:06.164523   BUTTON_START_TRADING scroll =>
2024-01-26 15:07:06.172045   BUTTON_START_TRADING is visible? =>
2024-01-26 15:07:06.260454   => BUTTON_START_TRADING is visible on the page!

2024-01-26 15:07:06.260674   2. Act_v0
2024-01-26 15:07:06.260699   Start Click button [Start Trading] =>
2024-01-26 15:07:06.267761   BUTTON_START_TRADING is clickable? =>
2024-01-26 15:07:06.278778   BUTTON_START_TRADING click =>
2024-01-26 15:07:06.335244   => BUTTON_START_TRADING clicked

2024-01-26 15:07:06.335548   3. Assert_Login_v0
2024-01-26 15:07:06.335667   Check that 'Login' form is opened
2024-01-26 15:07:11.856009   'Login' form not opened
2024-01-26 15:07:11.858751   'Login' page not opened
2024-01-26 15:07:17.405729   'Login' form on trading platform not opened
2024-01-26 15:07:17.405908   Start step Check that [Sign up] form is opened
2024-01-26 15:07:17.423586   'Sign up' form opened
2024-01-26 15:07:17.423616   Assert SIGNUP_HEADER =>
2024-01-26 15:07:17.439217   Assert SIGNUP_REF_LOGIN =>
2024-01-26 15:07:17.455233   Assert SIGNUP_PRIVACY_POLICY_ALL_2 =>
2024-01-26 15:07:17.472902   => SIGNUP_PRIVACY_POLICY_ALL
2024-01-26 15:07:17.472932   => 'Signup' form is checked

Bug: Bid:11.01.03.01_01-ro.gb.NoAuth

2024-01-26 15:07:17.472995   Проверка бага в таблице ретеста  =>

2024-01-26 15:07:17.478618   4. Fixing one row check results into Google Sheet Bugs Report =>
1 cells updated.
2024-01-26 15:07:18.064647   => 4. One row check results into Google Sheet Bugs Report fixed

2024-01-26 15:07:18.635960   4. Fixing one row check results into Google Sheet Bugs Report =>
1 cells updated.
2024-01-26 15:07:18.855430   => 4. One row check results into Google Sheet Bugs Report fixed

2024-01-26 15:07:18.855518   Bug: Bid:11.01.03.01_01-ro.gb.NoAuth уже существует, но тип бага изменился с 25/01/24 на 05

2024-01-26 15:07:18.856118   Bug: Bid:11.01.03.01_01-ro.gb.NoAuth-05 уже существует

2024-01-26 15:07:18.856295   4. Fixing one row check results into Google Sheet Bugs Report =>
1 cells updated.
2024-01-26 15:07:19.360458   => 4. One row check results into Google Sheet Bugs Report fixed
------------------------------ Captured log call -------------------------------
2024-01-26 15:07:11 ERROR Elements not present after 0.5 seconds on page: https://capital.com/ro/piata-CFD
2024-01-26 15:07:11 ERROR 
Traceback (most recent call last):
  File "/home/runner/work/SeleniumCapital/SeleniumCapital/pages/base_page.py", line 82, in inner_function
    return func(*args, **kwargs)
           ^^^^^^^^^^^^^^^^^^^^^
  File "/home/runner/work/SeleniumCapital/SeleniumCapital/pages/base_page.py", line 293, in element_is_visible
    return Wait(self.browser, timeout).until(
           ^^^^^^^^^^^^^^^^^^^^^^^^^^^^^^^^^^
  File "/home/runner/.cache/pypoetry/virtualenvs/testcapitalcompyse-cIj6ROMf-py3.11/lib/python3.11/site-packages/selenium/webdriver/support/wait.py", line 105, in until
    raise TimeoutException(message, screen, stacktrace)
selenium.common.exceptions.TimeoutException: Message: 
Stacktrace:
#0 0x5623d3516f83 <unknown>
#1 0x5623d31cfcf7 <unknown>
#2 0x5623d321f99e <unknown>
#3 0x5623d321faa1 <unknown>
#4 0x5623d326ad64 <unknown>
#5 0x5623d32490dd <unknown>
#6 0x5623d3268006 <unknown>
#7 0x5623d3248e53 <unknown>
#8 0x5623d3210dd4 <unknown>
#9 0x5623d32121de <unknown>
#10 0x5623d34db531 <unknown>
#11 0x5623d34df455 <unknown>
#12 0x5623d34c7f55 <unknown>
#13 0x5623d34e00ef <unknown>
#14 0x5623d34ab99f <unknown>
#15 0x5623d3504008 <unknown>
#16 0x5623d35041d7 <unknown>
#17 0x5623d3516124 <unknown>
#18 0x7f0df4094ac3 <unknown>

2024-01-26 15:07:17 ERROR Elements not present after 0.5 seconds on page: https://capital.com/ro/piata-CFD
2024-01-26 15:07:17 ERROR 
Traceback (most recent call last):
  File "/home/runner/work/SeleniumCapital/SeleniumCapital/pages/base_page.py", line 82, in inner_function
    return func(*args, **kwargs)
           ^^^^^^^^^^^^^^^^^^^^^
  File "/home/runner/work/SeleniumCapital/SeleniumCapital/pages/base_page.py", line 293, in element_is_visible
    return Wait(self.browser, timeout).until(
           ^^^^^^^^^^^^^^^^^^^^^^^^^^^^^^^^^^
  File "/home/runner/.cache/pypoetry/virtualenvs/testcapitalcompyse-cIj6ROMf-py3.11/lib/python3.11/site-packages/selenium/webdriver/support/wait.py", line 105, in until
    raise TimeoutException(message, screen, stacktrace)
selenium.common.exceptions.TimeoutException: Message: 
Stacktrace:
#0 0x5623d3516f83 <unknown>
#1 0x5623d31cfcf7 <unknown>
#2 0x5623d321f99e <unknown>
#3 0x5623d321faa1 <unknown>
#4 0x5623d326ad64 <unknown>
#5 0x5623d32490dd <unknown>
#6 0x5623d3268006 <unknown>
#7 0x5623d3248e53 <unknown>
#8 0x5623d3210dd4 <unknown>
#9 0x5623d32121de <unknown>
#10 0x5623d34db531 <unknown>
#11 0x5623d34df455 <unknown>
#12 0x5623d34c7f55 <unknown>
#13 0x5623d34e00ef <unknown>
#14 0x5623d34ab99f <unknown>
#15 0x5623d3504008 <unknown>
#16 0x5623d35041d7 <unknown>
#17 0x5623d3516124 <unknown>
#18 0x7f0df4094ac3 <unknown>
--------------------------- Captured stdout teardown ---------------------------

2024-01-26 15:07:19.730794   *** end fixture Browser = teardown ***

=============================== warnings summary ===============================
tests/US_11_Education/US_11-01-03_cfd_trading_guide/us_11-01-03-01_cfd_trading_guide_test.py::TestCFDTradingGuide::test_01_main_banner_start_trading_button[https://capital.com/ro/piata-CFD-Chrome--ae-NoAuth-aqa.tomelo.an@gmail.com-iT9Vgqi6d$fiZ*Z]
  /home/runner/.cache/pypoetry/virtualenvs/testcapitalcompyse-cIj6ROMf-py3.11/lib/python3.11/site-packages/pytest_html/plugin.py:133: DeprecationWarning: The 'report.extra' attribute is deprecated and will be removed in a future release, use 'report.extras' instead.
    warnings.warn(

-- Docs: https://docs.pytest.org/en/stable/how-to/capture-warnings.html
- Generated html report: file:///home/runner/work/SeleniumCapital/SeleniumCapital/report/report.html -
=========================== short test summary info ============================
FAILED tests/US_11_Education/US_11-01-03_cfd_trading_guide/us_11-01-03-01_cfd_trading_guide_test.py::TestCFDTradingGuide::test_01_main_banner_start_trading_button[https://capital.com/ro/piata-CFD-Chrome--ae-NoAuth-aqa.tomelo.an@gmail.com-iT9Vgqi6d$fiZ*Z] - AssertionError: Bug # 05. Opened a 'Sign up' form instead of a 'Login'
================= 1 failed, 4 deselected, 1 warning in 46.61s ==================

2024-01-26 15:07:19.813188   => Текущий тест: 1 failed

2024-01-26 15:07:19.814866   => 3. check_results finished

2024-01-26 15:07:19.815082   4. Fixing one row check results into Google Sheet Bugs Report =>
1 cells updated.
2024-01-26 15:07:20.002084   => 4. One row check results into Google Sheet Bugs Report fixed
