


2024-01-26 15:58:21.643669   0. Get Values row =>
2024-01-26 15:58:21.643701   Row # = 1366
2024-01-26 15:58:21.643711   Row Values = 
['Bid:11.02.03.01_10-es.gb.NoAuth', 'Ubuntu 22.04', 'Chrome', '11.02.03.01', '_10', 'es', 'gb', 'FCA', 'NoAuth', 'https://capital.com/es/operar-cobre', 'Education', 'Commodities trading L1', '', '', '', '06', "Bug # 06. Opened a 'Sign up' page instead of a 'Login'", '', '', '', '15/01/24', 'failed']

2024-01-26 15:58:21.643984   1. Run pretest =>

2024-01-26 15:58:21.643998   row_loc = 
['Bid:11.02.03.01_10-es.gb.NoAuth', 'Ubuntu 22.04', 'Chrome', '11.02.03.01', '_10', 'es', 'gb', 'FCA', 'NoAuth', 'https://capital.com/es/operar-cobre', 'Education', 'Commodities trading L1', '', '', '', '06', "Bug # 06. Opened a 'Sign up' page instead of a 'Login'", '', '', '', '15/01/24', 'failed']

2024-01-26 15:58:21.644013   => 1. Pretest finished

2024-01-26 15:58:21.644083   2. Run run_pytest with Bid = Bid:11.02.03.01_10-es.gb.NoAuth from row =>

2024-01-26 15:58:21.644095   2.2. Run poetry run pytest ... in subprocess =>

2024-01-26 15:58:21.644107   Run command: 
poetry run pytest --retest=True --browser_name=Chrome --lang=es --country=gb --role=NoAuth --tpi_link=https://capital.com/es/operar-cobre -m test_10 -v \tests/US_11_Education/US_11-02-03_Commodities_trading/us_11-02-03-01_Commodities_trading_test.py

2024-01-26 15:59:30.140135   => 2.2. pytest ... as subprocess finished

2024-01-26 15:59:30.140178   => 2. Autotest with Bid = Bid:11.02.03.01_10-es.gb.NoAuth from row finished

2024-01-26 15:59:30.140243   3. Run check_results =>
2024-01-26 15:59:30.140268   test_results: 
============================= test session starts ==============================
platform linux -- Python 3.11.7, pytest-7.4.4, pluggy-1.3.0 -- /home/runner/.cache/pypoetry/virtualenvs/testcapitalcompyse-cIj6ROMf-py3.11/bin/python
cachedir: .pytest_cache
metadata: {'Python': '3.11.7', 'Platform': 'Linux-6.2.0-1018-azure-x86_64-with-glibc2.35', 'Packages': {'pytest': '7.4.4', 'pluggy': '1.3.0'}, 'Plugins': {'metadata': '3.0.0', 'timeout': '2.2.0', 'html': '4.1.1', 'xdist': '3.5.0', 'allure-pytest': '2.13.2'}, 'CI': 'true', 'JAVA_HOME': '/usr/lib/jvm/temurin-11-jdk-amd64'}
rootdir: /home/runner/work/SeleniumCapital/SeleniumCapital
configfile: pytest.ini
plugins: metadata-3.0.0, timeout-2.2.0, html-4.1.1, xdist-3.5.0, allure-pytest-2.13.2
collecting ... collected 10 items / 9 deselected / 1 selected

tests/US_11_Education/US_11-02-03_Commodities_trading/us_11-02-03-01_Commodities_trading_test.py::TestCommoditiesTrading::test_10_block_vert_banner_button[https://capital.com/es/operar-cobre-Chrome--ae-NoAuth-aqa.tomelo.an@gmail.com-iT9Vgqi6d$fiZ*Z] FAILED [100%]

=================================== FAILURES ===================================
_ TestCommoditiesTrading.test_10_block_vert_banner_button[https://capital.com/es/operar-cobre-Chrome--ae-NoAuth-aqa.tomelo.an@gmail.com-iT9Vgqi6d$fiZ*Z] _

self = <us_11-02-03-01_Commodities_trading_test.TestCommoditiesTrading object at 0x7f961cb9e390>
worker_id = 'master'
d = <selenium.webdriver.chrome.webdriver.WebDriver (session="b4415535f08a5490d7e58fd8a3c06730")>
cur_language = 'es', cur_country = 'gb', cur_role = 'NoAuth'
cur_login = 'aqa.tomelo.an@gmail.com', cur_password = 'iT9Vgqi6d$fiZ*Z'
cur_item_link = 'https://capital.com/es/operar-cobre'

    @allure.step("Start test of button in block [Vertical banner]")
    # @pytest.mark.skip(reason="Skipped for debugging")
    @pytest.mark.test_10
    def test_10_block_vert_banner_button(
            self, worker_id, d, cur_language, cur_country, cur_role, cur_login, cur_password,
            cur_item_link):
        """
                Check the [Button] on the Vertical side banner at the bottom of the page.
                For "Authorized user" role:
                The trading platform page is opened depend on the banner [type-id]:
                        Live mode if the banner in the Live mode banners list
                        Demo mode if the banner in the Demo mode banners list
                """
    
        bid = build_dynamic_arg_v4(
            d, worker_id, cur_language, cur_country, cur_role,
            "11.02.03", "Education > Menu item [Commodities trading]",
            ".01_10", "Testing button in block [Vertical banner]")
    
        check_language(cur_language)
        if cur_language in [""]:
            Common().skip_test_for_language(cur_language)
    
        page_conditions = Conditions(d, "")
        page_conditions.preconditions(
            d, CapitalComPageSrc.URL, "", cur_language, cur_country, cur_role, cur_login, cur_password)
    
        # банеры должны открываться в Demo mode for US_00
        banner00_ver_tpd = []
        # банеры должны открываться в Live mode for US_00
        banner00_ver_tp = []
        # банеры должны открываться в Demo mode for US_01
        banner01_ver_tpd = ['251', '253', '380', '168', '222', '393']
        # банеры должны открываться в Live mode for US_01
        banner01_ver_tp = ['198', '293', '381', '391', '426']
    
        test_element = ButtonOnVerticalBanner(d, cur_item_link, bid)
>       test_element.full_test_with_tpi(
            d, cur_language, cur_country, cur_role, cur_item_link,
            banner00_ver_tpd, banner00_ver_tp, banner01_ver_tpd, banner01_ver_tp)

tests/US_11_Education/US_11-02-03_Commodities_trading/us_11-02-03-01_Commodities_trading_test.py:312: 
_ _ _ _ _ _ _ _ _ _ _ _ _ _ _ _ _ _ _ _ _ _ _ _ _ _ _ _ _ _ _ _ _ _ _ _ _ _ _ _ 
pages/Elements/ButtonOnVerticalBanner.py:40: in full_test_with_tpi
    test_element.assert_login(d, cur_language, link)
_ _ _ _ _ _ _ _ _ _ _ _ _ _ _ _ _ _ _ _ _ _ _ _ _ _ _ _ _ _ _ _ _ _ _ _ _ _ _ _ 

self = <pages.Elements.AssertClass.AssertClass object at 0x7f961ce29a50>
d = <selenium.webdriver.chrome.webdriver.WebDriver (session="b4415535f08a5490d7e58fd8a3c06730")>
cur_language = 'es', cur_link = 'https://capital.com/es/operar-cobre'

    @allure.step('Checking that "Login" form or page opened')
    def assert_login(self, d, cur_language, cur_link):
        """Method Assert Login form or page"""
        print(f"\n{datetime.now()}   3. Assert_Login_v0")
        self.page_signup_login = SignupLogin(d, cur_link)
        if self.page_signup_login.should_be_login_form():
            self.page_signup_login.close_login_form()
            del self.page_signup_login
        elif self.page_signup_login.should_be_login_page():
            self.page_signup_login.close_login_page()
            del self.page_signup_login
        elif self.page_signup_login.should_be_trading_platform_login_form(cur_language):
            self.page_signup_login.close_trading_platform_login_form()
            del self.page_signup_login
        elif self.page_signup_login.should_be_signup_form(cur_language):
            del self.page_signup_login
            print(f'\nBug: {self.bid}')
            retest_table_fill(self.bid, '05', self.link)
            assert False, "Bug # 05. Opened a 'Sign up' form instead of a 'Login'"
            # pytest.fail("Bug # 05. Opened a 'Sign up' form instead of a 'Login'", False)
        elif self.page_signup_login.should_be_signup_page(cur_language):
            del self.page_signup_login
            print(f'\nBug: {self.bid}')
            retest_table_fill(self.bid, '06', self.link)
>           assert False, "Bug # 06. Opened a 'Sign up' page instead of a 'Login'"
E           AssertionError: Bug # 06. Opened a 'Sign up' page instead of a 'Login'

pages/Elements/AssertClass.py:75: AssertionError
---------------------------- Captured stdout setup -----------------------------

2024-01-26 15:58:22.538236   *** autouse fixture Chrome ***

{'width': 1280, 'height': 720}
Current test language - es
Current country of trading - gb



Current test role - NoAuth
Current login - aqa.tomelo.an@gmail.com
Current login - iT9Vgqi6d$fiZ*Z
----------------------------- Captured stdout call -----------------------------
{'width': 1280, 'height': 720}

2024-01-26 15:58:23.434493   worker_id = master

2024-01-26 15:58:23.434510   0. Allure grouping v4


2024-01-26 15:58:23.434696   START PRECONDITIONS =>

2024-01-26 15:58:25.141885   Load page https://capital.com

2024-01-26 15:58:25.141939   {'width': 1280, 'height': 720}

2024-01-26 15:58:25.168860   Set windows position at (0, 0) =>

2024-01-26 15:58:25.325914   Set resolution 1280 * 720 =>

2024-01-26 15:58:25.436355   => Resolution seted {'width': 1280, 'height': 720}

2024-01-26 15:58:30.447581   Капчи нет. Тестим дальше

2024-01-26 15:58:30.447673   Prev. Role: ?

2024-01-26 15:58:30.447685   Run preconditions: set "NoAuth" Role =>
2024-01-26 15:58:31.358045   Load page https://capital.com

2024-01-26 15:58:31.551532   => All cookies are deleted
2024-01-26 15:58:32.356592   Load page https://capital.com

2024-01-26 15:58:32.356846   Step 'Click button [Accept all cookies]'
2024-01-26 15:58:37.411390   Is Visible Button [Accept all cookies]? =>
2024-01-26 15:58:37.434726   => Button [Accept all cookies] is visible
2024-01-26 15:58:38.434837   Is clickable Button [Accept all cookies] =>
2024-01-26 15:58:38.459937   => Button [Accept all cookies] is clickable
2024-01-26 15:58:38.459976   Click Button [Accept all cookies] =>
2024-01-26 15:58:38.514770   => Button [Accept all cookies] is clicked
2024-01-26 15:58:38.514819   => Accepted All Cookies

2024-01-26 15:58:39.015156   Start Autorization

2024-01-26 15:58:39.015255   2. Act
2024-01-26 15:58:39.015268   Start Click button [Log in] =>
2024-01-26 15:58:39.023748   BUTTON_LOGIN scroll =>
2024-01-26 15:58:39.029088   Is BUTTON_LOGIN clickable? =>
2024-01-26 15:58:39.040610   => BUTTON_LOGIN is clickable
2024-01-26 15:58:39.040647   BUTTON_LOGIN click =>
2024-01-26 15:58:39.083252   => BUTTON_LOGIN is clicked!
2024-01-26 15:58:39.083335   => 'Login' form is opened
2024-01-26 15:58:39.533682   => "login" and "password" are inputted
2024-01-26 15:58:39.533728   Click [Continue] button on [Login] form =>
2024-01-26 15:58:39.610870   => [Continue] button on [Login] form is clicked
2024-01-26 15:58:42.063891   Start check that the Trading platform page is loaded and LOGO is present on it =>
2024-01-26 15:58:42.063923   Set timeout = 30
2024-01-26 15:58:42.063938   Wait until load page with special title =>
2024-01-26 15:58:42.066455   => Page with title "Trading Platform | Capital.com" is loaded
2024-01-26 15:58:42.066477   Is present LOGO on this page? =>
2024-01-26 15:58:43.418547   => LOGO is visible on this page
2024-01-26 15:58:43.418635   -> "Capital.com" logo is present on trading platform page

2024-01-26 15:58:44.417947   Start DeAuthorisation
2024-01-26 15:58:44.418081   1. BUTTON_MY_ACCOUNT is present? =>
2024-01-26 15:58:44.430902   => BUTTON_MY_ACCOUNT is present on this page
2024-01-26 15:58:45.759491   => Move to BUTTON_MY_ACCOUNT
2024-01-26 15:58:45.759535   2. BUTTON_MY_ACCOUNT is clickable? =>
2024-01-26 15:58:45.777961   => BUTTON_MY_ACCOUNT is clickable
2024-01-26 15:58:45.777990   BUTTON_MY_ACCOUNT Click =>
2024-01-26 15:58:46.594028   => User panel [My account] is opened

2024-01-26 15:58:46.594227   Start Click [Logout] button:
2024-01-26 15:58:46.594241   BUTTON_LOGOUT is present? =>
2024-01-26 15:58:46.601568   => BUTTON_LOGOUT is present
2024-01-26 15:58:46.601592   Is visible BUTTON_LOGOUT? =>
2024-01-26 15:58:46.613940   BUTTON_LOGOUT is clickable? =>
2024-01-26 15:58:46.626723   BUTTON_LOGOUT click =>
2024-01-26 15:58:46.671423   => BUTTON_LOGOUT is clicked

2024-01-26 15:58:46.671529   Current role: NoAuth

2024-01-26 15:58:46.671542   Prev language: ?

2024-01-26 15:58:46.671550   Run preconditions: set "es" language =>


2024-01-26 15:58:46.712592   => Language and Country menu is present


2024-01-26 15:58:46.727633   => Language and Country menu is visible


2024-01-26 15:58:48.511641   => Focus is moved on Language and Country menu 

2024-01-26 15:58:50.438370   => Current language: es

2024-01-26 15:58:50.438408   Prev country: ?

2024-01-26 15:58:50.438422   Run preconditions: set "gb" country =>


2024-01-26 15:58:50.453212   => Language and Country menu is present


2024-01-26 15:58:50.496030   => Language and Country menu is visible


2024-01-26 15:58:52.277860   => Focus is moved on Language and Country menu 

2024-01-26 15:58:54.470834   => Current country: gb

2024-01-26 15:58:54.470877   => THE END PRECONDITIONS

2024-01-26 15:58:54.470927   1. Arrange
2024-01-26 15:58:55.548475   Load page https://capital.com/es/operar-cobre
2024-01-26 15:58:55.548526   BUTTON_ON_VER_BANNER is visible? =>
2024-01-26 15:58:55.639286   => BUTTON_ON_VER_BANNER is visible on the page!
2024-01-26 15:58:55.639458   Start Checking that form [Sign up] popped up on the page =>
2024-01-26 15:59:01.199135   '[Sign up]' form was not popped up

2024-01-26 15:59:01.199344   2. Act
2024-01-26 15:59:01.199366   BUTTON_ON_VER_BANNER is present? =>
2024-01-26 15:59:01.209852   => BUTTON_ON_VER_BANNER is present on the page!
2024-01-26 15:59:01.209891   BUTTON_ON_VER_BANNER scroll =>
2024-01-26 15:59:01.961987   => BUTTON_ON_VER_BANNER clicked!

2024-01-26 15:59:01.962226   3. Assert_Login_v0
2024-01-26 15:59:01.962312   Check that 'Login' form is opened
2024-01-26 15:59:09.318561   'Login' form not opened
2024-01-26 15:59:09.324020   'Login' page not opened
2024-01-26 15:59:14.868671   'Login' form on trading platform not opened
2024-01-26 15:59:14.868853   Start step Check that [Sign up] form is opened
2024-01-26 15:59:20.390571   'Sign up' form not opened
2024-01-26 15:59:20.390806   Start method Check that [Sign up] page opened =>
2024-01-26 15:59:21.395241   'Sign up' page opened
2024-01-26 15:59:21.395274   Assert SIGNUP_SIGNUP_FRAME =>
2024-01-26 15:59:21.403620   Assert SIGNUP_REF_LOGIN =>
2024-01-26 15:59:21.422620   Assert SIGNUP_PRIVACY_POLICY_ALL_1 =>
2024-01-26 15:59:26.945657   Assert SIGNUP_PRIVACY_POLICY_ALL_2 =>
2024-01-26 15:59:26.962339   => SIGNUP_PRIVACY_POLICY_ALL
2024-01-26 15:59:26.962383   => 'Signup' page is checked

Bug: Bid:11.02.03.01_10-es.gb.NoAuth

2024-01-26 15:59:27.962593   Проверка бага в таблице ретеста  =>

2024-01-26 15:59:27.969019   4. Fixing one row check results into Google Sheet Bugs Report =>
1 cells updated.
2024-01-26 15:59:28.680614   => 4. One row check results into Google Sheet Bugs Report fixed

2024-01-26 15:59:29.039128   4. Fixing one row check results into Google Sheet Bugs Report =>
1 cells updated.
2024-01-26 15:59:29.205874   => 4. One row check results into Google Sheet Bugs Report fixed

2024-01-26 15:59:29.205957   Bug: Bid:11.02.03.01_10-es.gb.NoAuth уже существует, но тип бага изменился с 15/01/24 на 06

2024-01-26 15:59:29.206336   Bug: Bid:11.02.03.01_10-es.gb.NoAuth-06 уже существует

2024-01-26 15:59:29.206481   4. Fixing one row check results into Google Sheet Bugs Report =>
1 cells updated.
2024-01-26 15:59:29.518654   => 4. One row check results into Google Sheet Bugs Report fixed
------------------------------ Captured log call -------------------------------
2024-01-26 15:59:01 ERROR Elements not present after 0.5 seconds on page: https://capital.com/es/operar-cobre
2024-01-26 15:59:01 ERROR 
Traceback (most recent call last):
  File "/home/runner/work/SeleniumCapital/SeleniumCapital/pages/base_page.py", line 82, in inner_function
    return func(*args, **kwargs)
           ^^^^^^^^^^^^^^^^^^^^^
  File "/home/runner/work/SeleniumCapital/SeleniumCapital/pages/base_page.py", line 293, in element_is_visible
    return Wait(self.browser, timeout).until(
           ^^^^^^^^^^^^^^^^^^^^^^^^^^^^^^^^^^
  File "/home/runner/.cache/pypoetry/virtualenvs/testcapitalcompyse-cIj6ROMf-py3.11/lib/python3.11/site-packages/selenium/webdriver/support/wait.py", line 105, in until
    raise TimeoutException(message, screen, stacktrace)
selenium.common.exceptions.TimeoutException: Message: 
Stacktrace:
#0 0x564884db7f83 <unknown>
#1 0x564884a70cf7 <unknown>
#2 0x564884ac099e <unknown>
#3 0x564884ac0aa1 <unknown>
#4 0x564884b0bd64 <unknown>
#5 0x564884aea0dd <unknown>
#6 0x564884b09006 <unknown>
#7 0x564884ae9e53 <unknown>
#8 0x564884ab1dd4 <unknown>
#9 0x564884ab31de <unknown>
#10 0x564884d7c531 <unknown>
#11 0x564884d80455 <unknown>
#12 0x564884d68f55 <unknown>
#13 0x564884d810ef <unknown>
#14 0x564884d4c99f <unknown>
#15 0x564884da5008 <unknown>
#16 0x564884da51d7 <unknown>
#17 0x564884db7124 <unknown>
#18 0x7f0fdec94ac3 <unknown>

2024-01-26 15:59:09 ERROR Elements not present after 0.5 seconds on page: https://capital.com/trading/signup
2024-01-26 15:59:09 ERROR 
Traceback (most recent call last):
  File "/home/runner/work/SeleniumCapital/SeleniumCapital/pages/base_page.py", line 82, in inner_function
    return func(*args, **kwargs)
           ^^^^^^^^^^^^^^^^^^^^^
  File "/home/runner/work/SeleniumCapital/SeleniumCapital/pages/base_page.py", line 293, in element_is_visible
    return Wait(self.browser, timeout).until(
           ^^^^^^^^^^^^^^^^^^^^^^^^^^^^^^^^^^
  File "/home/runner/.cache/pypoetry/virtualenvs/testcapitalcompyse-cIj6ROMf-py3.11/lib/python3.11/site-packages/selenium/webdriver/support/wait.py", line 105, in until
    raise TimeoutException(message, screen, stacktrace)
selenium.common.exceptions.TimeoutException: Message: 
Stacktrace:
#0 0x564884db7f83 <unknown>
#1 0x564884a70cf7 <unknown>
#2 0x564884ac099e <unknown>
#3 0x564884ac0aa1 <unknown>
#4 0x564884b0bd64 <unknown>
#5 0x564884aea0dd <unknown>
#6 0x564884b09006 <unknown>
#7 0x564884ae9e53 <unknown>
#8 0x564884ab1dd4 <unknown>
#9 0x564884ab31de <unknown>
#10 0x564884d7c531 <unknown>
#11 0x564884d80455 <unknown>
#12 0x564884d68f55 <unknown>
#13 0x564884d810ef <unknown>
#14 0x564884d4c99f <unknown>
#15 0x564884da5008 <unknown>
#16 0x564884da51d7 <unknown>
#17 0x564884db7124 <unknown>
#18 0x7f0fdec94ac3 <unknown>

2024-01-26 15:59:14 ERROR Elements not present after 0.5 seconds on page: https://capital.com/trading/signup
2024-01-26 15:59:14 ERROR 
Traceback (most recent call last):
  File "/home/runner/work/SeleniumCapital/SeleniumCapital/pages/base_page.py", line 82, in inner_function
    return func(*args, **kwargs)
           ^^^^^^^^^^^^^^^^^^^^^
  File "/home/runner/work/SeleniumCapital/SeleniumCapital/pages/base_page.py", line 293, in element_is_visible
    return Wait(self.browser, timeout).until(
           ^^^^^^^^^^^^^^^^^^^^^^^^^^^^^^^^^^
  File "/home/runner/.cache/pypoetry/virtualenvs/testcapitalcompyse-cIj6ROMf-py3.11/lib/python3.11/site-packages/selenium/webdriver/support/wait.py", line 105, in until
    raise TimeoutException(message, screen, stacktrace)
selenium.common.exceptions.TimeoutException: Message: 
Stacktrace:
#0 0x564884db7f83 <unknown>
#1 0x564884a70cf7 <unknown>
#2 0x564884ac099e <unknown>
#3 0x564884ac0aa1 <unknown>
#4 0x564884b0bd64 <unknown>
#5 0x564884aea0dd <unknown>
#6 0x564884b09006 <unknown>
#7 0x564884ae9e53 <unknown>
#8 0x564884ab1dd4 <unknown>
#9 0x564884ab31de <unknown>
#10 0x564884d7c531 <unknown>
#11 0x564884d80455 <unknown>
#12 0x564884d68f55 <unknown>
#13 0x564884d810ef <unknown>
#14 0x564884d4c99f <unknown>
#15 0x564884da5008 <unknown>
#16 0x564884da51d7 <unknown>
#17 0x564884db7124 <unknown>
#18 0x7f0fdec94ac3 <unknown>

2024-01-26 15:59:20 ERROR Elements not present after 0.5 seconds on page: https://capital.com/trading/signup
2024-01-26 15:59:20 ERROR 
Traceback (most recent call last):
  File "/home/runner/work/SeleniumCapital/SeleniumCapital/pages/base_page.py", line 82, in inner_function
    return func(*args, **kwargs)
           ^^^^^^^^^^^^^^^^^^^^^
  File "/home/runner/work/SeleniumCapital/SeleniumCapital/pages/base_page.py", line 293, in element_is_visible
    return Wait(self.browser, timeout).until(
           ^^^^^^^^^^^^^^^^^^^^^^^^^^^^^^^^^^
  File "/home/runner/.cache/pypoetry/virtualenvs/testcapitalcompyse-cIj6ROMf-py3.11/lib/python3.11/site-packages/selenium/webdriver/support/wait.py", line 105, in until
    raise TimeoutException(message, screen, stacktrace)
selenium.common.exceptions.TimeoutException: Message: 
Stacktrace:
#0 0x564884db7f83 <unknown>
#1 0x564884a70cf7 <unknown>
#2 0x564884ac099e <unknown>
#3 0x564884ac0aa1 <unknown>
#4 0x564884b0bd64 <unknown>
#5 0x564884aea0dd <unknown>
#6 0x564884b09006 <unknown>
#7 0x564884ae9e53 <unknown>
#8 0x564884ab1dd4 <unknown>
#9 0x564884ab31de <unknown>
#10 0x564884d7c531 <unknown>
#11 0x564884d80455 <unknown>
#12 0x564884d68f55 <unknown>
#13 0x564884d810ef <unknown>
#14 0x564884d4c99f <unknown>
#15 0x564884da5008 <unknown>
#16 0x564884da51d7 <unknown>
#17 0x564884db7124 <unknown>
#18 0x7f0fdec94ac3 <unknown>

2024-01-26 15:59:26 ERROR Elements not present after 0.5 seconds on page: https://capital.com/trading/signup
2024-01-26 15:59:26 ERROR 
Traceback (most recent call last):
  File "/home/runner/work/SeleniumCapital/SeleniumCapital/pages/base_page.py", line 82, in inner_function
    return func(*args, **kwargs)
           ^^^^^^^^^^^^^^^^^^^^^
  File "/home/runner/work/SeleniumCapital/SeleniumCapital/pages/base_page.py", line 293, in element_is_visible
    return Wait(self.browser, timeout).until(
           ^^^^^^^^^^^^^^^^^^^^^^^^^^^^^^^^^^
  File "/home/runner/.cache/pypoetry/virtualenvs/testcapitalcompyse-cIj6ROMf-py3.11/lib/python3.11/site-packages/selenium/webdriver/support/wait.py", line 105, in until
    raise TimeoutException(message, screen, stacktrace)
selenium.common.exceptions.TimeoutException: Message: 
Stacktrace:
#0 0x564884db7f83 <unknown>
#1 0x564884a70cf7 <unknown>
#2 0x564884ac099e <unknown>
#3 0x564884ac0aa1 <unknown>
#4 0x564884b0bd64 <unknown>
#5 0x564884aea0dd <unknown>
#6 0x564884b09006 <unknown>
#7 0x564884ae9e53 <unknown>
#8 0x564884ab1dd4 <unknown>
#9 0x564884ab31de <unknown>
#10 0x564884d7c531 <unknown>
#11 0x564884d80455 <unknown>
#12 0x564884d68f55 <unknown>
#13 0x564884d810ef <unknown>
#14 0x564884d4c99f <unknown>
#15 0x564884da5008 <unknown>
#16 0x564884da51d7 <unknown>
#17 0x564884db7124 <unknown>
#18 0x7f0fdec94ac3 <unknown>
--------------------------- Captured stdout teardown ---------------------------

2024-01-26 15:59:30.074037   *** end fixture Browser = teardown ***

=============================== warnings summary ===============================
tests/US_11_Education/US_11-02-03_Commodities_trading/us_11-02-03-01_Commodities_trading_test.py::TestCommoditiesTrading::test_10_block_vert_banner_button[https://capital.com/es/operar-cobre-Chrome--ae-NoAuth-aqa.tomelo.an@gmail.com-iT9Vgqi6d$fiZ*Z]
  /home/runner/.cache/pypoetry/virtualenvs/testcapitalcompyse-cIj6ROMf-py3.11/lib/python3.11/site-packages/pytest_html/plugin.py:133: DeprecationWarning: The 'report.extra' attribute is deprecated and will be removed in a future release, use 'report.extras' instead.
    warnings.warn(

-- Docs: https://docs.pytest.org/en/stable/how-to/capture-warnings.html
- Generated html report: file:///home/runner/work/SeleniumCapital/SeleniumCapital/report/report.html -
=========================== short test summary info ============================
FAILED tests/US_11_Education/US_11-02-03_Commodities_trading/us_11-02-03-01_Commodities_trading_test.py::TestCommoditiesTrading::test_10_block_vert_banner_button[https://capital.com/es/operar-cobre-Chrome--ae-NoAuth-aqa.tomelo.an@gmail.com-iT9Vgqi6d$fiZ*Z] - AssertionError: Bug # 06. Opened a 'Sign up' page instead of a 'Login'
============ 1 failed, 9 deselected, 1 warning in 67.72s (0:01:07) =============

2024-01-26 15:59:30.140922   => Текущий тест: 1 failed

2024-01-26 15:59:30.142441   => 3. check_results finished

2024-01-26 15:59:30.142589   4. Fixing one row check results into Google Sheet Bugs Report =>
1 cells updated.
2024-01-26 15:59:30.327105   => 4. One row check results into Google Sheet Bugs Report fixed
