2024-01-26 16:05:58 ERROR Elements not present after 0.5 seconds on page: https://capital.com/es/opera-google
2024-01-26 16:05:58 ERROR 
Traceback (most recent call last):
  File "/home/runner/work/SeleniumCapital/SeleniumCapital/pages/base_page.py", line 82, in inner_function
    return func(*args, **kwargs)
           ^^^^^^^^^^^^^^^^^^^^^
  File "/home/runner/work/SeleniumCapital/SeleniumCapital/pages/base_page.py", line 293, in element_is_visible
    return Wait(self.browser, timeout).until(
           ^^^^^^^^^^^^^^^^^^^^^^^^^^^^^^^^^^
  File "/home/runner/.cache/pypoetry/virtualenvs/testcapitalcompyse-cIj6ROMf-py3.11/lib/python3.11/site-packages/selenium/webdriver/support/wait.py", line 105, in until
    raise TimeoutException(message, screen, stacktrace)
selenium.common.exceptions.TimeoutException: Message: 
Stacktrace:
#0 0x55bee07f8f83 <unknown>
#1 0x55bee04b1cf7 <unknown>
#2 0x55bee050199e <unknown>
#3 0x55bee0501aa1 <unknown>
#4 0x55bee054cd64 <unknown>
#5 0x55bee052b0dd <unknown>
#6 0x55bee054a006 <unknown>
#7 0x55bee052ae53 <unknown>
#8 0x55bee04f2dd4 <unknown>
#9 0x55bee04f41de <unknown>
#10 0x55bee07bd531 <unknown>
#11 0x55bee07c1455 <unknown>
#12 0x55bee07a9f55 <unknown>
#13 0x55bee07c20ef <unknown>
#14 0x55bee078d99f <unknown>
#15 0x55bee07e6008 <unknown>
#16 0x55bee07e61d7 <unknown>
#17 0x55bee07f8124 <unknown>
#18 0x7ff83ea94ac3 <unknown>

2024-01-26 16:06:06 ERROR Elements not present after 0.5 seconds on page: https://capital.com/trading/signup
2024-01-26 16:06:06 ERROR 
Traceback (most recent call last):
  File "/home/runner/work/SeleniumCapital/SeleniumCapital/pages/base_page.py", line 82, in inner_function
    return func(*args, **kwargs)
           ^^^^^^^^^^^^^^^^^^^^^
  File "/home/runner/work/SeleniumCapital/SeleniumCapital/pages/base_page.py", line 293, in element_is_visible
    return Wait(self.browser, timeout).until(
           ^^^^^^^^^^^^^^^^^^^^^^^^^^^^^^^^^^
  File "/home/runner/.cache/pypoetry/virtualenvs/testcapitalcompyse-cIj6ROMf-py3.11/lib/python3.11/site-packages/selenium/webdriver/support/wait.py", line 105, in until
    raise TimeoutException(message, screen, stacktrace)
selenium.common.exceptions.TimeoutException: Message: 
Stacktrace:
#0 0x55bee07f8f83 <unknown>
#1 0x55bee04b1cf7 <unknown>
#2 0x55bee050199e <unknown>
#3 0x55bee0501aa1 <unknown>
#4 0x55bee054cd64 <unknown>
#5 0x55bee052b0dd <unknown>
#6 0x55bee054a006 <unknown>
#7 0x55bee052ae53 <unknown>
#8 0x55bee04f2dd4 <unknown>
#9 0x55bee04f41de <unknown>
#10 0x55bee07bd531 <unknown>
#11 0x55bee07c1455 <unknown>
#12 0x55bee07a9f55 <unknown>
#13 0x55bee07c20ef <unknown>
#14 0x55bee078d99f <unknown>
#15 0x55bee07e6008 <unknown>
#16 0x55bee07e61d7 <unknown>
#17 0x55bee07f8124 <unknown>
#18 0x7ff83ea94ac3 <unknown>

2024-01-26 16:06:12 ERROR Elements not present after 0.5 seconds on page: https://capital.com/trading/signup
2024-01-26 16:06:12 ERROR 
Traceback (most recent call last):
  File "/home/runner/work/SeleniumCapital/SeleniumCapital/pages/base_page.py", line 82, in inner_function
    return func(*args, **kwargs)
           ^^^^^^^^^^^^^^^^^^^^^
  File "/home/runner/work/SeleniumCapital/SeleniumCapital/pages/base_page.py", line 293, in element_is_visible
    return Wait(self.browser, timeout).until(
           ^^^^^^^^^^^^^^^^^^^^^^^^^^^^^^^^^^
  File "/home/runner/.cache/pypoetry/virtualenvs/testcapitalcompyse-cIj6ROMf-py3.11/lib/python3.11/site-packages/selenium/webdriver/support/wait.py", line 105, in until
    raise TimeoutException(message, screen, stacktrace)
selenium.common.exceptions.TimeoutException: Message: 
Stacktrace:
#0 0x55bee07f8f83 <unknown>
#1 0x55bee04b1cf7 <unknown>
#2 0x55bee050199e <unknown>
#3 0x55bee0501aa1 <unknown>
#4 0x55bee054cd64 <unknown>
#5 0x55bee052b0dd <unknown>
#6 0x55bee054a006 <unknown>
#7 0x55bee052ae53 <unknown>
#8 0x55bee04f2dd4 <unknown>
#9 0x55bee04f41de <unknown>
#10 0x55bee07bd531 <unknown>
#11 0x55bee07c1455 <unknown>
#12 0x55bee07a9f55 <unknown>
#13 0x55bee07c20ef <unknown>
#14 0x55bee078d99f <unknown>
#15 0x55bee07e6008 <unknown>
#16 0x55bee07e61d7 <unknown>
#17 0x55bee07f8124 <unknown>
#18 0x7ff83ea94ac3 <unknown>

2024-01-26 16:06:17 ERROR Elements not present after 0.5 seconds on page: https://capital.com/trading/signup
2024-01-26 16:06:17 ERROR 
Traceback (most recent call last):
  File "/home/runner/work/SeleniumCapital/SeleniumCapital/pages/base_page.py", line 82, in inner_function
    return func(*args, **kwargs)
           ^^^^^^^^^^^^^^^^^^^^^
  File "/home/runner/work/SeleniumCapital/SeleniumCapital/pages/base_page.py", line 293, in element_is_visible
    return Wait(self.browser, timeout).until(
           ^^^^^^^^^^^^^^^^^^^^^^^^^^^^^^^^^^
  File "/home/runner/.cache/pypoetry/virtualenvs/testcapitalcompyse-cIj6ROMf-py3.11/lib/python3.11/site-packages/selenium/webdriver/support/wait.py", line 105, in until
    raise TimeoutException(message, screen, stacktrace)
selenium.common.exceptions.TimeoutException: Message: 
Stacktrace:
#0 0x55bee07f8f83 <unknown>
#1 0x55bee04b1cf7 <unknown>
#2 0x55bee050199e <unknown>
#3 0x55bee0501aa1 <unknown>
#4 0x55bee054cd64 <unknown>
#5 0x55bee052b0dd <unknown>
#6 0x55bee054a006 <unknown>
#7 0x55bee052ae53 <unknown>
#8 0x55bee04f2dd4 <unknown>
#9 0x55bee04f41de <unknown>
#10 0x55bee07bd531 <unknown>
#11 0x55bee07c1455 <unknown>
#12 0x55bee07a9f55 <unknown>
#13 0x55bee07c20ef <unknown>
#14 0x55bee078d99f <unknown>
#15 0x55bee07e6008 <unknown>
#16 0x55bee07e61d7 <unknown>
#17 0x55bee07f8124 <unknown>
#18 0x7ff83ea94ac3 <unknown>

2024-01-26 16:06:24 ERROR Elements not present after 0.5 seconds on page: https://capital.com/trading/signup
2024-01-26 16:06:24 ERROR 
Traceback (most recent call last):
  File "/home/runner/work/SeleniumCapital/SeleniumCapital/pages/base_page.py", line 82, in inner_function
    return func(*args, **kwargs)
           ^^^^^^^^^^^^^^^^^^^^^
  File "/home/runner/work/SeleniumCapital/SeleniumCapital/pages/base_page.py", line 293, in element_is_visible
    return Wait(self.browser, timeout).until(
           ^^^^^^^^^^^^^^^^^^^^^^^^^^^^^^^^^^
  File "/home/runner/.cache/pypoetry/virtualenvs/testcapitalcompyse-cIj6ROMf-py3.11/lib/python3.11/site-packages/selenium/webdriver/support/wait.py", line 105, in until
    raise TimeoutException(message, screen, stacktrace)
selenium.common.exceptions.TimeoutException: Message: 
Stacktrace:
#0 0x55bee07f8f83 <unknown>
#1 0x55bee04b1cf7 <unknown>
#2 0x55bee050199e <unknown>
#3 0x55bee0501aa1 <unknown>
#4 0x55bee054cd64 <unknown>
#5 0x55bee052b0dd <unknown>
#6 0x55bee054a006 <unknown>
#7 0x55bee052ae53 <unknown>
#8 0x55bee04f2dd4 <unknown>
#9 0x55bee04f41de <unknown>
#10 0x55bee07bd531 <unknown>
#11 0x55bee07c1455 <unknown>
#12 0x55bee07a9f55 <unknown>
#13 0x55bee07c20ef <unknown>
#14 0x55bee078d99f <unknown>
#15 0x55bee07e6008 <unknown>
#16 0x55bee07e61d7 <unknown>
#17 0x55bee07f8124 <unknown>
#18 0x7ff83ea94ac3 <unknown>