


2024-01-26 15:24:30.171433   0. Get Values row =>
2024-01-26 15:24:30.171458   Row # = 636
2024-01-26 15:24:30.171468   Row Values = 
['Bid:11.02.03.00_02-es.gb.NoAuth', 'Ubuntu 22.04', 'Chrome', '11.02.03.00', '_02', 'es', 'gb', 'FCA', 'NoAuth', '', 'Education', 'Commodities trading', 'Click Main banner > Button [Try demo]', 'Click Main banner > Button [Try demo]', '', '05', "Bug # 05. Opened a 'Sign up' form instead of a 'Login'", '', '', '', '22/01/24', 'failed']

2024-01-26 15:24:30.171547   1. Run pretest =>

2024-01-26 15:24:30.171559   row_loc = 
['Bid:11.02.03.00_02-es.gb.NoAuth', 'Ubuntu 22.04', 'Chrome', '11.02.03.00', '_02', 'es', 'gb', 'FCA', 'NoAuth', '', 'Education', 'Commodities trading', 'Click Main banner > Button [Try demo]', 'Click Main banner > Button [Try demo]', '', '05', "Bug # 05. Opened a 'Sign up' form instead of a 'Login'", '', '', '', '22/01/24', 'failed']

2024-01-26 15:24:30.171574   => 1. Pretest finished

2024-01-26 15:24:30.171634   2. Run run_pytest with Bid = Bid:11.02.03.00_02-es.gb.NoAuth from row =>

2024-01-26 15:24:30.171646   2.2. Run poetry run pytest ... in subprocess =>

2024-01-26 15:24:30.171658   Run command: 
poetry run pytest --retest=True --browser_name=Chrome --lang=es --country=gb --role=NoAuth -m test_02 -v \tests/US_11_Education/US_11-02-03_Commodities_trading/us_11-02-03-00_Commodities_trading_test.py

2024-01-26 15:25:18.096074   => 2.2. pytest ... as subprocess finished

2024-01-26 15:25:18.096124   => 2. Autotest with Bid = Bid:11.02.03.00_02-es.gb.NoAuth from row finished

2024-01-26 15:25:18.096196   3. Run check_results =>
2024-01-26 15:25:18.096213   test_results: 
============================= test session starts ==============================
platform linux -- Python 3.11.7, pytest-7.4.4, pluggy-1.3.0 -- /home/runner/.cache/pypoetry/virtualenvs/testcapitalcompyse-cIj6ROMf-py3.11/bin/python
cachedir: .pytest_cache
metadata: {'Python': '3.11.7', 'Platform': 'Linux-6.2.0-1018-azure-x86_64-with-glibc2.35', 'Packages': {'pytest': '7.4.4', 'pluggy': '1.3.0'}, 'Plugins': {'metadata': '3.0.0', 'timeout': '2.2.0', 'html': '4.1.1', 'xdist': '3.5.0', 'allure-pytest': '2.13.2'}, 'CI': 'true', 'JAVA_HOME': '/usr/lib/jvm/temurin-11-jdk-amd64'}
rootdir: /home/runner/work/SeleniumCapital/SeleniumCapital
configfile: pytest.ini
plugins: metadata-3.0.0, timeout-2.2.0, html-4.1.1, xdist-3.5.0, allure-pytest-2.13.2
collecting ... collected 7 items / 6 deselected / 1 selected

tests/US_11_Education/US_11-02-03_Commodities_trading/us_11-02-03-00_Commodities_trading_test.py::TestCommoditiesTradingPretest::test_02_main_banner_try_demo_button[Chrome--ae-NoAuth-aqa.tomelo.an@gmail.com-iT9Vgqi6d$fiZ*Z] FAILED [100%]

=================================== FAILURES ===================================
_ TestCommoditiesTradingPretest.test_02_main_banner_try_demo_button[Chrome--ae-NoAuth-aqa.tomelo.an@gmail.com-iT9Vgqi6d$fiZ*Z] _

self = <us_11-02-03-00_Commodities_trading_test.TestCommoditiesTradingPretest object at 0x7f8329909610>
worker_id = 'master'
d = <selenium.webdriver.chrome.webdriver.WebDriver (session="18aec16c1e52bb0bd6d54ac825e5a47c")>
cur_language = 'es', cur_country = 'gb', cur_role = 'NoAuth'
cur_login = 'aqa.tomelo.an@gmail.com', cur_password = 'iT9Vgqi6d$fiZ*Z'

    @allure.step("Start test of button [Try demo] on Main banner")
    # @pytest.mark.skip(reason="Skipped for debugging")
    @pytest.mark.test_02
    def test_02_main_banner_try_demo_button(
            self, worker_id, d, cur_language, cur_country, cur_role, cur_login, cur_password):
        """
        Check: Button [Try demo] on Main banner
        Language: All (Except: EL, HU, NL). License: All.
        """
        bid = build_dynamic_arg_v4(
            d, worker_id, cur_language, cur_country, cur_role,
            "11.02.03", "Education > Menu item [Commodities trading]",
            ".00_02", "Testing button [Try demo] on Main banner")
    
        Common().skip_if_eng_lang_and_fca_license(cur_language, cur_country)
    
        check_language(cur_language)
    
        page_conditions = Conditions(d, "")
>       main_page_link = page_conditions.preconditions(
            d, CapitalComPageSrc.URL, "", cur_language, cur_country, cur_role, cur_login, cur_password)

tests/US_11_Education/US_11-02-03_Commodities_trading/us_11-02-03-00_Commodities_trading_test.py:96: 
_ _ _ _ _ _ _ _ _ _ _ _ _ _ _ _ _ _ _ _ _ _ _ _ _ _ _ _ _ _ _ _ _ _ _ _ _ _ _ _ 
pages/conditions.py:92: in preconditions
    self.button_accept_all_cookies_click()
pages/base_page.py:82: in inner_function
    return func(*args, **kwargs)
_ _ _ _ _ _ _ _ _ _ _ _ _ _ _ _ _ _ _ _ _ _ _ _ _ _ _ _ _ _ _ _ _ _ _ _ _ _ _ _ 

self = <pages.conditions.Conditions object at 0x7f8328f657d0>

    @allure.step("Start Accepting all cookies")
    @HandleExcElementsDecorator()
    def button_accept_all_cookies_click(self):
        time_out = 30
        print(f"\n{datetime.now()}   Step 'Click button [Accept all cookies]'")
    
        self.is_captcha()
    
        print(f"{datetime.now()}   Is Visible Button [Accept all cookies]? =>")
        button = self.element_is_visible(OnTrustLocators.BUTTON_ACCEPT_ALL_COOKIE, time_out)
        if not button:
            print(f"{datetime.now()}   => Button [Accept all cookies] is not visible after {time_out} sec.")
>           assert False, f"Button [Accept all cookies] is not visible after {time_out} sec."
E           AssertionError: Button [Accept all cookies] is not visible after 30 sec.

pages/base_page.py:158: AssertionError
---------------------------- Captured stdout setup -----------------------------

2024-01-26 15:24:30.950730   *** autouse fixture Chrome ***

{'width': 1280, 'height': 720}
Current test language - es
Current country of trading - gb



Current test role - NoAuth
Current login - aqa.tomelo.an@gmail.com
Current login - iT9Vgqi6d$fiZ*Z
----------------------------- Captured stdout call -----------------------------
{'width': 1280, 'height': 720}

2024-01-26 15:24:31.852801   worker_id = master

2024-01-26 15:24:31.852818   0. Allure grouping v4


2024-01-26 15:24:31.853009   START PRECONDITIONS =>

2024-01-26 15:24:33.139834   Load page https://capital.com

2024-01-26 15:24:33.139878   {'width': 1280, 'height': 720}

2024-01-26 15:24:33.142442   Set windows position at (0, 0) =>

2024-01-26 15:24:33.245685   Set resolution 1280 * 720 =>

2024-01-26 15:24:33.378878   => Resolution seted {'width': 1280, 'height': 720}

2024-01-26 15:24:38.390984   Капчи нет. Тестим дальше

2024-01-26 15:24:38.391073   Prev. Role: ?

2024-01-26 15:24:38.391085   Run preconditions: set "NoAuth" Role =>
2024-01-26 15:24:38.884750   Load page https://capital.com

2024-01-26 15:24:38.902696   => All cookies are deleted
2024-01-26 15:24:39.531085   Load page https://capital.com

2024-01-26 15:24:39.531321   Step 'Click button [Accept all cookies]'
2024-01-26 15:24:44.566812   Is Visible Button [Accept all cookies]? =>
2024-01-26 15:25:17.766899   => Button [Accept all cookies] is not visible after 30 sec.
------------------------------ Captured log call -------------------------------
2024-01-26 15:25:17 ERROR Elements not present after 0.5 seconds on page: https://capital.com/
2024-01-26 15:25:17 ERROR 
Traceback (most recent call last):
  File "/home/runner/work/SeleniumCapital/SeleniumCapital/pages/base_page.py", line 82, in inner_function
    return func(*args, **kwargs)
           ^^^^^^^^^^^^^^^^^^^^^
  File "/home/runner/work/SeleniumCapital/SeleniumCapital/pages/base_page.py", line 293, in element_is_visible
    return Wait(self.browser, timeout).until(
           ^^^^^^^^^^^^^^^^^^^^^^^^^^^^^^^^^^
  File "/home/runner/.cache/pypoetry/virtualenvs/testcapitalcompyse-cIj6ROMf-py3.11/lib/python3.11/site-packages/selenium/webdriver/support/wait.py", line 105, in until
    raise TimeoutException(message, screen, stacktrace)
selenium.common.exceptions.TimeoutException: Message: 
Stacktrace:
#0 0x557799c0ff83 <unknown>
#1 0x5577998c8cf7 <unknown>
#2 0x55779991899e <unknown>
#3 0x557799918aa1 <unknown>
#4 0x557799963d64 <unknown>
#5 0x5577999420dd <unknown>
#6 0x557799961006 <unknown>
#7 0x557799941e53 <unknown>
#8 0x557799909dd4 <unknown>
#9 0x55779990b1de <unknown>
#10 0x557799bd4531 <unknown>
#11 0x557799bd8455 <unknown>
#12 0x557799bc0f55 <unknown>
#13 0x557799bd90ef <unknown>
#14 0x557799ba499f <unknown>
#15 0x557799bfd008 <unknown>
#16 0x557799bfd1d7 <unknown>
#17 0x557799c0f124 <unknown>
#18 0x7f2a29c94ac3 <unknown>
--------------------------- Captured stdout teardown ---------------------------

2024-01-26 15:25:18.026766   *** end fixture Browser = teardown ***

=============================== warnings summary ===============================
tests/US_11_Education/US_11-02-03_Commodities_trading/us_11-02-03-00_Commodities_trading_test.py::TestCommoditiesTradingPretest::test_02_main_banner_try_demo_button[Chrome--ae-NoAuth-aqa.tomelo.an@gmail.com-iT9Vgqi6d$fiZ*Z]
  /home/runner/.cache/pypoetry/virtualenvs/testcapitalcompyse-cIj6ROMf-py3.11/lib/python3.11/site-packages/pytest_html/plugin.py:133: DeprecationWarning: The 'report.extra' attribute is deprecated and will be removed in a future release, use 'report.extras' instead.
    warnings.warn(

-- Docs: https://docs.pytest.org/en/stable/how-to/capture-warnings.html
- Generated html report: file:///home/runner/work/SeleniumCapital/SeleniumCapital/report/report.html -
=========================== short test summary info ============================
FAILED tests/US_11_Education/US_11-02-03_Commodities_trading/us_11-02-03-00_Commodities_trading_test.py::TestCommoditiesTradingPretest::test_02_main_banner_try_demo_button[Chrome--ae-NoAuth-aqa.tomelo.an@gmail.com-iT9Vgqi6d$fiZ*Z] - AssertionError: Button [Accept all cookies] is not visible after 30 sec.
================= 1 failed, 6 deselected, 1 warning in 47.21s ==================

2024-01-26 15:25:18.096448   => Текущий тест: 1 failed

2024-01-26 15:25:18.096983   => 3. check_results finished

2024-01-26 15:25:18.097120   4. Fixing one row check results into Google Sheet Bugs Report =>
1 cells updated.
2024-01-26 15:25:18.296100   => 4. One row check results into Google Sheet Bugs Report fixed
