


2024-01-26 15:42:37.035298   0. Get Values row =>
2024-01-26 15:42:37.035347   Row # = 548
2024-01-26 15:42:37.035357   Row Values = 
['Bid:11.02.02.00_01-de.gb.NoAuth', 'Ubuntu 22.04', 'Chrome', '11.02.02.00', '_01', 'de', 'gb', 'FCA', 'NoAuth', '', 'Education', 'Shares trading', 'On Main banner click Button [Start Trading]', 'On Main banner click Button [Start Trading]', '', '05', "Bug # 05. Opened a 'Sign up' form instead of a 'Login'", '', '', '', '23/01/24', 'failed']

2024-01-26 15:42:37.035641   1. Run pretest =>

2024-01-26 15:42:37.035659   row_loc = 
['Bid:11.02.02.00_01-de.gb.NoAuth', 'Ubuntu 22.04', 'Chrome', '11.02.02.00', '_01', 'de', 'gb', 'FCA', 'NoAuth', '', 'Education', 'Shares trading', 'On Main banner click Button [Start Trading]', 'On Main banner click Button [Start Trading]', '', '05', "Bug # 05. Opened a 'Sign up' form instead of a 'Login'", '', '', '', '23/01/24', 'failed']

2024-01-26 15:42:37.035676   => 1. Pretest finished

2024-01-26 15:42:37.035745   2. Run run_pytest with Bid = Bid:11.02.02.00_01-de.gb.NoAuth from row =>

2024-01-26 15:42:37.035759   2.2. Run poetry run pytest ... in subprocess =>

2024-01-26 15:42:37.035779   Run command: 
poetry run pytest --retest=True --browser_name=Chrome --lang=de --country=gb --role=NoAuth -m test_01 -v \tests/US_11_Education/US_11-02-02_Shares_trading/US_11-02-02-00_Shares_trading_test.py

2024-01-26 15:43:29.252244   => 2.2. pytest ... as subprocess finished

2024-01-26 15:43:29.252294   => 2. Autotest with Bid = Bid:11.02.02.00_01-de.gb.NoAuth from row finished

2024-01-26 15:43:29.252363   3. Run check_results =>
2024-01-26 15:43:29.252385   test_results: 
============================= test session starts ==============================
platform linux -- Python 3.11.7, pytest-7.4.4, pluggy-1.3.0 -- /home/runner/.cache/pypoetry/virtualenvs/testcapitalcompyse-cIj6ROMf-py3.11/bin/python
cachedir: .pytest_cache
metadata: {'Python': '3.11.7', 'Platform': 'Linux-6.2.0-1018-azure-x86_64-with-glibc2.35', 'Packages': {'pytest': '7.4.4', 'pluggy': '1.3.0'}, 'Plugins': {'metadata': '3.0.0', 'timeout': '2.2.0', 'html': '4.1.1', 'xdist': '3.5.0', 'allure-pytest': '2.13.2'}, 'CI': 'true', 'JAVA_HOME': '/usr/lib/jvm/temurin-11-jdk-amd64'}
rootdir: /home/runner/work/SeleniumCapital/SeleniumCapital
configfile: pytest.ini
plugins: metadata-3.0.0, timeout-2.2.0, html-4.1.1, xdist-3.5.0, allure-pytest-2.13.2
collecting ... collected 7 items / 6 deselected / 1 selected

tests/US_11_Education/US_11-02-02_Shares_trading/US_11-02-02-00_Shares_trading_test.py::TestSharesTrading::test_01_main_banner_start_trading_button[Chrome--ae-NoAuth-aqa.tomelo.an@gmail.com-iT9Vgqi6d$fiZ*Z] FAILED [100%]

=================================== FAILURES ===================================
_ TestSharesTrading.test_01_main_banner_start_trading_button[Chrome--ae-NoAuth-aqa.tomelo.an@gmail.com-iT9Vgqi6d$fiZ*Z] _

self = <US_11-02-02-00_Shares_trading_test.TestSharesTrading object at 0x7fd1ecd84050>
worker_id = 'master'
d = <selenium.webdriver.chrome.webdriver.WebDriver (session="52bae102df0828221d78bb4c202a251e")>
cur_language = 'de', cur_country = 'gb', cur_role = 'NoAuth'
cur_login = 'aqa.tomelo.an@gmail.com', cur_password = 'iT9Vgqi6d$fiZ*Z'

    @allure.step("Start test of button [Start trading] on Main banner")
    # @pytest.mark.skip(reason="Skipped for debugging")
    @pytest.mark.test_01
    def test_01_main_banner_start_trading_button(
            self, worker_id, d, cur_language, cur_country, cur_role, cur_login, cur_password):
        """
        Check: Button [Start Trading] on Main banner
        Language: All (Except: EL, HU, NL). License: All.
        """
        bid = build_dynamic_arg_v4(
            d, worker_id, cur_language, cur_country, cur_role,
            "11.02.02", "Education > Menu item [Shares trading]",
            ".00_01", "Testing button [Start Trading] on Main banner")
    
        Common().skip_if_eng_lang_and_fca_license(cur_language, cur_country)
    
        check_language(cur_language)
    
        page_conditions = Conditions(d, "")
        page_conditions.arrange_0()
        main_page_link = page_conditions.preconditions(
            d, CapitalComPageSrc.URL, "", cur_language, cur_country, cur_role, cur_login, cur_password)
    
        page_menu = MenuSection(d, main_page_link)
        cur_menu_link = page_menu.open_education_shares_trading_menu(d, cur_language, cur_country, main_page_link)
    
        test_element = MainBannerStartTrading(d, cur_menu_link, bid)
>       test_element.full_test_with_tpi(d, cur_language, cur_country, cur_role, cur_menu_link)

tests/US_11_Education/US_11-02-02_Shares_trading/US_11-02-02-00_Shares_trading_test.py:78: 
_ _ _ _ _ _ _ _ _ _ _ _ _ _ _ _ _ _ _ _ _ _ _ _ _ _ _ _ _ _ _ _ _ _ _ _ _ _ _ _ 
pages/Elements/ButtonStartTradingMainBanner.py:28: in full_test_with_tpi
    test_element.assert_login(d, cur_language, cur_item_link)
_ _ _ _ _ _ _ _ _ _ _ _ _ _ _ _ _ _ _ _ _ _ _ _ _ _ _ _ _ _ _ _ _ _ _ _ _ _ _ _ 

self = <pages.Elements.AssertClass.AssertClass object at 0x7fd1ecc63dd0>
d = <selenium.webdriver.chrome.webdriver.WebDriver (session="52bae102df0828221d78bb4c202a251e")>
cur_language = 'de', cur_link = 'https://capital.com/de/aktienhandel'

    @allure.step('Checking that "Login" form or page opened')
    def assert_login(self, d, cur_language, cur_link):
        """Method Assert Login form or page"""
        print(f"\n{datetime.now()}   3. Assert_Login_v0")
        self.page_signup_login = SignupLogin(d, cur_link)
        if self.page_signup_login.should_be_login_form():
            self.page_signup_login.close_login_form()
            del self.page_signup_login
        elif self.page_signup_login.should_be_login_page():
            self.page_signup_login.close_login_page()
            del self.page_signup_login
        elif self.page_signup_login.should_be_trading_platform_login_form(cur_language):
            self.page_signup_login.close_trading_platform_login_form()
            del self.page_signup_login
        elif self.page_signup_login.should_be_signup_form(cur_language):
            del self.page_signup_login
            print(f'\nBug: {self.bid}')
            retest_table_fill(self.bid, '05', self.link)
>           assert False, "Bug # 05. Opened a 'Sign up' form instead of a 'Login'"
E           AssertionError: Bug # 05. Opened a 'Sign up' form instead of a 'Login'

pages/Elements/AssertClass.py:69: AssertionError
---------------------------- Captured stdout setup -----------------------------

2024-01-26 15:42:37.869017   *** autouse fixture Chrome ***

{'width': 1280, 'height': 720}
Current test language - de
Current country of trading - gb



Current test role - NoAuth
Current login - aqa.tomelo.an@gmail.com
Current login - iT9Vgqi6d$fiZ*Z
----------------------------- Captured stdout call -----------------------------
{'width': 1280, 'height': 720}

2024-01-26 15:42:38.851296   worker_id = master

2024-01-26 15:42:38.851314   0. Allure grouping v4

2024-01-26 15:42:38.851472   0. Arrange_0
2024-01-26 15:42:40.279815   Load page https://capital.com


2024-01-26 15:42:40.280183   START PRECONDITIONS =>

2024-01-26 15:42:40.768418   Load page https://capital.com

2024-01-26 15:42:40.768464   {'width': 1280, 'height': 720}

2024-01-26 15:42:40.890659   Set windows position at (0, 0) =>

2024-01-26 15:42:41.008122   Set resolution 1280 * 720 =>

2024-01-26 15:42:41.116033   => Resolution seted {'width': 1280, 'height': 720}

2024-01-26 15:42:46.139936   Капчи нет. Тестим дальше

2024-01-26 15:42:46.140032   Prev. Role: ?

2024-01-26 15:42:46.140045   Run preconditions: set "NoAuth" Role =>
2024-01-26 15:42:47.113132   Load page https://capital.com

2024-01-26 15:42:47.266950   => All cookies are deleted
2024-01-26 15:42:48.174791   Load page https://capital.com

2024-01-26 15:42:48.175046   Step 'Click button [Accept all cookies]'
2024-01-26 15:42:53.204608   Is Visible Button [Accept all cookies]? =>
2024-01-26 15:42:53.238692   => Button [Accept all cookies] is visible
2024-01-26 15:42:54.238873   Is clickable Button [Accept all cookies] =>
2024-01-26 15:42:54.286548   => Button [Accept all cookies] is clickable
2024-01-26 15:42:54.286584   Click Button [Accept all cookies] =>
2024-01-26 15:42:54.375731   => Button [Accept all cookies] is clicked
2024-01-26 15:42:54.375784   => Accepted All Cookies

2024-01-26 15:42:54.876142   Start Autorization

2024-01-26 15:42:54.876287   2. Act
2024-01-26 15:42:54.876304   Start Click button [Log in] =>
2024-01-26 15:42:54.890374   BUTTON_LOGIN scroll =>
2024-01-26 15:42:54.898504   Is BUTTON_LOGIN clickable? =>
2024-01-26 15:42:54.909779   => BUTTON_LOGIN is clickable
2024-01-26 15:42:54.909813   BUTTON_LOGIN click =>
2024-01-26 15:42:54.955421   => BUTTON_LOGIN is clicked!
2024-01-26 15:42:54.955506   => 'Login' form is opened
2024-01-26 15:42:55.494514   => "login" and "password" are inputted
2024-01-26 15:42:55.494552   Click [Continue] button on [Login] form =>
2024-01-26 15:42:55.605541   => [Continue] button on [Login] form is clicked
2024-01-26 15:42:58.360395   Start check that the Trading platform page is loaded and LOGO is present on it =>
2024-01-26 15:42:58.360432   Set timeout = 30
2024-01-26 15:42:58.360447   Wait until load page with special title =>
2024-01-26 15:42:58.364688   => Page with title "Trading Platform | Capital.com" is loaded
2024-01-26 15:42:58.364725   Is present LOGO on this page? =>
2024-01-26 15:42:59.543568   => LOGO is visible on this page
2024-01-26 15:42:59.543656   -> "Capital.com" logo is present on trading platform page

2024-01-26 15:43:00.677793   Start DeAuthorisation
2024-01-26 15:43:00.677891   1. BUTTON_MY_ACCOUNT is present? =>
2024-01-26 15:43:00.773562   => BUTTON_MY_ACCOUNT is present on this page
2024-01-26 15:43:02.048343   => Move to BUTTON_MY_ACCOUNT
2024-01-26 15:43:02.048386   2. BUTTON_MY_ACCOUNT is clickable? =>
2024-01-26 15:43:02.072008   => BUTTON_MY_ACCOUNT is clickable
2024-01-26 15:43:02.072049   BUTTON_MY_ACCOUNT Click =>
2024-01-26 15:43:02.909202   => User panel [My account] is opened

2024-01-26 15:43:02.909395   Start Click [Logout] button:
2024-01-26 15:43:02.909410   BUTTON_LOGOUT is present? =>
2024-01-26 15:43:02.921510   => BUTTON_LOGOUT is present
2024-01-26 15:43:02.921548   Is visible BUTTON_LOGOUT? =>
2024-01-26 15:43:02.937163   BUTTON_LOGOUT is clickable? =>
2024-01-26 15:43:02.950656   BUTTON_LOGOUT click =>
2024-01-26 15:43:03.007126   => BUTTON_LOGOUT is clicked

2024-01-26 15:43:03.007230   Current role: NoAuth

2024-01-26 15:43:03.007242   Prev language: ?

2024-01-26 15:43:03.007251   Run preconditions: set "de" language =>


2024-01-26 15:43:03.035787   => Language and Country menu is present


2024-01-26 15:43:03.051262   => Language and Country menu is visible


2024-01-26 15:43:04.835423   => Focus is moved on Language and Country menu 

2024-01-26 15:43:06.573542   => Current language: de

2024-01-26 15:43:06.573597   Prev country: ?

2024-01-26 15:43:06.573628   Run preconditions: set "gb" country =>


2024-01-26 15:43:06.584125   => Language and Country menu is present


2024-01-26 15:43:06.599140   => Language and Country menu is visible


2024-01-26 15:43:08.384558   => Focus is moved on Language and Country menu 

2024-01-26 15:43:10.539270   => Current country: gb

2024-01-26 15:43:10.539325   => THE END PRECONDITIONS

2024-01-26 15:43:10.539364   1. Cur URL = https://capital.com/de?country=gb

2024-01-26 15:43:10.543526   2. Link = https://capital.com/de
2024-01-26 15:43:12.358658   Load page https://capital.com/de
2024-01-26 15:43:12.875755   => Education menu is present
2024-01-26 15:43:12.906942   => Education menu is visible
2024-01-26 15:43:14.182504   => Education menu focus moved


2024-01-26 15:43:15.923812   => Shares trading sub-menu clicked

2024-01-26 15:43:15.927653   1. Arrange_v0
2024-01-26 15:43:15.960613   BUTTON_START_TRADING scroll =>
2024-01-26 15:43:15.966971   BUTTON_START_TRADING is visible? =>
2024-01-26 15:43:15.983155   => BUTTON_START_TRADING is visible on the page!

2024-01-26 15:43:15.983318   2. Act_v0
2024-01-26 15:43:15.983332   Start Click button [Start Trading] =>
2024-01-26 15:43:15.988318   BUTTON_START_TRADING is clickable? =>
2024-01-26 15:43:16.003484   BUTTON_START_TRADING click =>
2024-01-26 15:43:16.054362   => BUTTON_START_TRADING clicked

2024-01-26 15:43:16.054640   3. Assert_Login_v0
2024-01-26 15:43:16.054729   Check that 'Login' form is opened
2024-01-26 15:43:21.608537   'Login' form not opened
2024-01-26 15:43:21.612969   'Login' page not opened
2024-01-26 15:43:27.146990   'Login' form on trading platform not opened
2024-01-26 15:43:27.147158   Start step Check that [Sign up] form is opened
2024-01-26 15:43:27.161412   'Sign up' form opened
2024-01-26 15:43:27.161445   Assert SIGNUP_HEADER =>
2024-01-26 15:43:27.174883   Assert SIGNUP_REF_LOGIN =>
2024-01-26 15:43:27.188938   Assert SIGNUP_PRIVACY_POLICY_ALL_2 =>
2024-01-26 15:43:27.202421   => SIGNUP_PRIVACY_POLICY_ALL
2024-01-26 15:43:27.202453   => 'Signup' form is checked

Bug: Bid:11.02.02.00_01-de.gb.NoAuth

2024-01-26 15:43:27.202512   Проверка бага в таблице ретеста  =>

2024-01-26 15:43:27.208451   4. Fixing one row check results into Google Sheet Bugs Report =>
1 cells updated.
2024-01-26 15:43:27.758259   => 4. One row check results into Google Sheet Bugs Report fixed

2024-01-26 15:43:28.178455   4. Fixing one row check results into Google Sheet Bugs Report =>
1 cells updated.
2024-01-26 15:43:28.376382   => 4. One row check results into Google Sheet Bugs Report fixed

2024-01-26 15:43:28.376458   Bug: Bid:11.02.02.00_01-de.gb.NoAuth уже существует, но тип бага изменился с 23/01/24 на 05

2024-01-26 15:43:28.376844   Bug: Bid:11.02.02.00_01-de.gb.NoAuth-05 уже существует

2024-01-26 15:43:28.377002   4. Fixing one row check results into Google Sheet Bugs Report =>
1 cells updated.
2024-01-26 15:43:28.838307   => 4. One row check results into Google Sheet Bugs Report fixed
------------------------------ Captured log call -------------------------------
2024-01-26 15:43:21 ERROR Elements not present after 0.5 seconds on page: https://capital.com/de/aktienhandel
2024-01-26 15:43:21 ERROR 
Traceback (most recent call last):
  File "/home/runner/work/SeleniumCapital/SeleniumCapital/pages/base_page.py", line 82, in inner_function
    return func(*args, **kwargs)
           ^^^^^^^^^^^^^^^^^^^^^
  File "/home/runner/work/SeleniumCapital/SeleniumCapital/pages/base_page.py", line 293, in element_is_visible
    return Wait(self.browser, timeout).until(
           ^^^^^^^^^^^^^^^^^^^^^^^^^^^^^^^^^^
  File "/home/runner/.cache/pypoetry/virtualenvs/testcapitalcompyse-cIj6ROMf-py3.11/lib/python3.11/site-packages/selenium/webdriver/support/wait.py", line 105, in until
    raise TimeoutException(message, screen, stacktrace)
selenium.common.exceptions.TimeoutException: Message: 
Stacktrace:
#0 0x55a02dd7cf83 <unknown>
#1 0x55a02da35cf7 <unknown>
#2 0x55a02da8599e <unknown>
#3 0x55a02da85aa1 <unknown>
#4 0x55a02dad0d64 <unknown>
#5 0x55a02daaf0dd <unknown>
#6 0x55a02dace006 <unknown>
#7 0x55a02daaee53 <unknown>
#8 0x55a02da76dd4 <unknown>
#9 0x55a02da781de <unknown>
#10 0x55a02dd41531 <unknown>
#11 0x55a02dd45455 <unknown>
#12 0x55a02dd2df55 <unknown>
#13 0x55a02dd460ef <unknown>
#14 0x55a02dd1199f <unknown>
#15 0x55a02dd6a008 <unknown>
#16 0x55a02dd6a1d7 <unknown>
#17 0x55a02dd7c124 <unknown>
#18 0x7fc18d494ac3 <unknown>

2024-01-26 15:43:27 ERROR Elements not present after 0.5 seconds on page: https://capital.com/de/aktienhandel
2024-01-26 15:43:27 ERROR 
Traceback (most recent call last):
  File "/home/runner/work/SeleniumCapital/SeleniumCapital/pages/base_page.py", line 82, in inner_function
    return func(*args, **kwargs)
           ^^^^^^^^^^^^^^^^^^^^^
  File "/home/runner/work/SeleniumCapital/SeleniumCapital/pages/base_page.py", line 293, in element_is_visible
    return Wait(self.browser, timeout).until(
           ^^^^^^^^^^^^^^^^^^^^^^^^^^^^^^^^^^
  File "/home/runner/.cache/pypoetry/virtualenvs/testcapitalcompyse-cIj6ROMf-py3.11/lib/python3.11/site-packages/selenium/webdriver/support/wait.py", line 105, in until
    raise TimeoutException(message, screen, stacktrace)
selenium.common.exceptions.TimeoutException: Message: 
Stacktrace:
#0 0x55a02dd7cf83 <unknown>
#1 0x55a02da35cf7 <unknown>
#2 0x55a02da8599e <unknown>
#3 0x55a02da85aa1 <unknown>
#4 0x55a02dad0d64 <unknown>
#5 0x55a02daaf0dd <unknown>
#6 0x55a02dace006 <unknown>
#7 0x55a02daaee53 <unknown>
#8 0x55a02da76dd4 <unknown>
#9 0x55a02da781de <unknown>
#10 0x55a02dd41531 <unknown>
#11 0x55a02dd45455 <unknown>
#12 0x55a02dd2df55 <unknown>
#13 0x55a02dd460ef <unknown>
#14 0x55a02dd1199f <unknown>
#15 0x55a02dd6a008 <unknown>
#16 0x55a02dd6a1d7 <unknown>
#17 0x55a02dd7c124 <unknown>
#18 0x7fc18d494ac3 <unknown>
--------------------------- Captured stdout teardown ---------------------------

2024-01-26 15:43:29.159971   *** end fixture Browser = teardown ***

=============================== warnings summary ===============================
tests/US_11_Education/US_11-02-02_Shares_trading/US_11-02-02-00_Shares_trading_test.py::TestSharesTrading::test_01_main_banner_start_trading_button[Chrome--ae-NoAuth-aqa.tomelo.an@gmail.com-iT9Vgqi6d$fiZ*Z]
  /home/runner/.cache/pypoetry/virtualenvs/testcapitalcompyse-cIj6ROMf-py3.11/lib/python3.11/site-packages/pytest_html/plugin.py:133: DeprecationWarning: The 'report.extra' attribute is deprecated and will be removed in a future release, use 'report.extras' instead.
    warnings.warn(

-- Docs: https://docs.pytest.org/en/stable/how-to/capture-warnings.html
- Generated html report: file:///home/runner/work/SeleniumCapital/SeleniumCapital/report/report.html -
=========================== short test summary info ============================
FAILED tests/US_11_Education/US_11-02-02_Shares_trading/US_11-02-02-00_Shares_trading_test.py::TestSharesTrading::test_01_main_banner_start_trading_button[Chrome--ae-NoAuth-aqa.tomelo.an@gmail.com-iT9Vgqi6d$fiZ*Z] - AssertionError: Bug # 05. Opened a 'Sign up' form instead of a 'Login'
================= 1 failed, 6 deselected, 1 warning in 51.44s ==================

2024-01-26 15:43:29.252791   => Текущий тест: 1 failed

2024-01-26 15:43:29.253835   => 3. check_results finished

2024-01-26 15:43:29.253989   4. Fixing one row check results into Google Sheet Bugs Report =>
1 cells updated.
2024-01-26 15:43:29.568548   => 4. One row check results into Google Sheet Bugs Report fixed
