


2024-01-26 15:04:24.975880   0. Get Values row =>
2024-01-26 15:04:24.975907   Row # = 273
2024-01-26 15:04:24.975917   Row Values = 
['Bid:11.01.06.00_03-fr.gb.NoAuth', 'Ubuntu 22.04', 'Chrome', '11.01.06.00', '_03', 'fr', 'gb', 'FCA', 'NoAuth', '', 'Education', 'Investmate app', '', '', '', '13', "Bug # 13. 'Sign up' form opened on the Trading Platform instead of 'Login' form", '', '', '', '23/01/24', 'failed']

2024-01-26 15:04:24.976000   1. Run pretest =>

2024-01-26 15:04:24.976012   row_loc = 
['Bid:11.01.06.00_03-fr.gb.NoAuth', 'Ubuntu 22.04', 'Chrome', '11.01.06.00', '_03', 'fr', 'gb', 'FCA', 'NoAuth', '', 'Education', 'Investmate app', '', '', '', '13', "Bug # 13. 'Sign up' form opened on the Trading Platform instead of 'Login' form", '', '', '', '23/01/24', 'failed']

2024-01-26 15:04:24.976027   => 1. Pretest finished

2024-01-26 15:04:24.976091   2. Run run_pytest with Bid = Bid:11.01.06.00_03-fr.gb.NoAuth from row =>

2024-01-26 15:04:24.976103   2.2. Run poetry run pytest ... in subprocess =>

2024-01-26 15:04:24.976114   Run command: 
poetry run pytest --retest=True --browser_name=Chrome --lang=fr --country=gb --role=NoAuth -m test_03 -v \tests/US_11_Education/US_11-01-06_investmate_app/us_11-01-06_investmate_app_test.py

2024-01-26 15:05:18.069096   => 2.2. pytest ... as subprocess finished

2024-01-26 15:05:18.069148   => 2. Autotest with Bid = Bid:11.01.06.00_03-fr.gb.NoAuth from row finished

2024-01-26 15:05:18.069221   3. Run check_results =>
2024-01-26 15:05:18.069243   test_results: 
============================= test session starts ==============================
platform linux -- Python 3.11.7, pytest-7.4.4, pluggy-1.3.0 -- /home/runner/.cache/pypoetry/virtualenvs/testcapitalcompyse-cIj6ROMf-py3.11/bin/python
cachedir: .pytest_cache
metadata: {'Python': '3.11.7', 'Platform': 'Linux-6.2.0-1018-azure-x86_64-with-glibc2.35', 'Packages': {'pytest': '7.4.4', 'pluggy': '1.3.0'}, 'Plugins': {'metadata': '3.0.0', 'timeout': '2.2.0', 'html': '4.1.1', 'xdist': '3.5.0', 'allure-pytest': '2.13.2'}, 'CI': 'true', 'JAVA_HOME': '/usr/lib/jvm/temurin-11-jdk-amd64'}
rootdir: /home/runner/work/SeleniumCapital/SeleniumCapital
configfile: pytest.ini
plugins: metadata-3.0.0, timeout-2.2.0, html-4.1.1, xdist-3.5.0, allure-pytest-2.13.2
collecting ... collected 5 items / 4 deselected / 1 selected

tests/US_11_Education/US_11-01-06_investmate_app/us_11-01-06_investmate_app_test.py::TestInvestmateApp::test_03_button_explore_web_platform[Chrome--ae-NoAuth-aqa.tomelo.an@gmail.com-iT9Vgqi6d$fiZ*Z] FAILED [100%]

=================================== FAILURES ===================================
_ TestInvestmateApp.test_03_button_explore_web_platform[Chrome--ae-NoAuth-aqa.tomelo.an@gmail.com-iT9Vgqi6d$fiZ*Z] _

self = <us_11-01-06_investmate_app_test.TestInvestmateApp object at 0x7f3fd05ed350>
worker_id = 'master'
d = <selenium.webdriver.chrome.webdriver.WebDriver (session="85a8955a2c4f88896571179ce4528385")>
cur_language = 'fr', cur_country = 'gb', cur_role = 'NoAuth'
cur_login = 'aqa.tomelo.an@gmail.com', cur_password = 'iT9Vgqi6d$fiZ*Z'

    @allure.step("Start test of button [Explore Web Platform] in Block 'capital.com'")
    @pytest.mark.test_03
    def test_03_button_explore_web_platform(
            self, worker_id, d, cur_language, cur_country, cur_role, cur_login, cur_password):
        """
        Check: Button [Explore Web Platform] in Block 'capital.com'
        Language: All. License: All.
        """
        bid = build_dynamic_arg_v4(
            d, worker_id, cur_language, cur_country, cur_role,
            "11.01.06", "Education > Menu item [Investmate app]",
            ".00_03", "Testing button [Explore Web Platform] in block 'capital.com'")
    
        Common().skip_if_eng_lang_and_fca_license(cur_language, cur_country)
    
        menu_link = self.us_link.get_us_link(d, cur_language, cur_country, cur_role, cur_login, cur_password)
    
        test_element = ButtonExploreWebPlatform(d, menu_link)
        test_element.arrange_(menu_link)
    
        if not test_element.element_click():
            pytest.fail("Testing element is not clicked")
    
        test_element = AssertClass(d, menu_link, bid)
    
        match cur_role:
            case "NoReg":
                test_element.assert_signup_form_on_the_trading_platform(d)
            case "NoAuth":
>               test_element.assert_login_form_on_the_trading_platform(d)

tests/US_11_Education/US_11-01-06_investmate_app/us_11-01-06_investmate_app_test.py:121: 
_ _ _ _ _ _ _ _ _ _ _ _ _ _ _ _ _ _ _ _ _ _ _ _ _ _ _ _ _ _ _ _ _ _ _ _ _ _ _ _ 
pages/Elements/AssertClass.py:171: in assert_login_form_on_the_trading_platform
    self.page_trading.should_be_login_form_on_the_trading_platform()
_ _ _ _ _ _ _ _ _ _ _ _ _ _ _ _ _ _ _ _ _ _ _ _ _ _ _ _ _ _ _ _ _ _ _ _ _ _ _ _ 

self = <pages.Capital.Trading_platform.trading_platform.TradingPlatform object at 0x7f3fd0610ed0>

    @allure.step("Check that form [Login] is opened on the Trading Platform page")
    # @profile(precision=3)
    def should_be_login_form_on_the_trading_platform(self):
        """
        Check there are an elements to on 'Log in' page on the Trading Platform
        """
        print(f"{datetime.now()}   Start method Check that [Log in] page opened on the Trading Platform =>")
        print(self.browser.current_url)
        if self.current_page_url_contain_the(tp_data["LOGIN_URL"]):
            print(f"{datetime.now()}   => 'Log in' page opened on the Trading Platform")
    
            print(f"{datetime.now()}   LOGIN_FRAME =>")
            # assert self.element_is_visible(TPSignupFormLocators.LOGIN_FRAME, 30), \
            assert self.element_is_visible(TPSignupFormLocators.LOGIN_FRAME, 15), \
                f"{datetime.now()}   The layout of the 'Login' page has changed"
    
            print(f"{datetime.now()}   INPUT_EMAIL =>")
            assert self.element_is_visible(TPSignupFormLocators.USERNAME), \
                f"{datetime.now()}   Problem with 'Username (email)' field"
    
            print(f"{datetime.now()}   INPUT_PASS =>")
            assert self.element_is_visible(TPSignupFormLocators.PASSWORD), \
                f"{datetime.now()}   Problem with 'Password' field"
    
            print(f"{datetime.now()}   BUTTON_CONTINUE =>")
            assert self.element_is_visible(TPSignupFormLocators.BUTTON_CONTINUE), \
                f"{datetime.now()}   Problem with 'Continue' button"
            self.open_page()
        elif self.current_page_url_contain_the(tp_data["SIGNUP_URL"]):
            print(f"{datetime.now()}   => 'Sign up' page opened on the Trading Platform")
            print(f"{datetime.now()}   SIGNUP_FRAME =>")
            if self.element_is_visible(TPSignupFormLocators.SIGNUP_FRAME):
                print(f"{datetime.now()}   => SIGNUP_FRAME is visible")
            else:
                print(f"{datetime.now()}   => SIGNUP_FRAME is not visible")
            print(f"{datetime.now()}   => 'Login' page on the Trading Platform is not opened")
    
            # new bug re-test checking =====
            print(f'\nBug: {self.bid}')
            retest_table_fill(self.bid, '13', self.link)
            # ==============================
>           assert False, "Bug # 13. 'Sign up' form opened on the Trading Platform instead of 'Login' form"
E           AssertionError: Bug # 13. 'Sign up' form opened on the Trading Platform instead of 'Login' form

pages/Capital/Trading_platform/trading_platform.py:256: AssertionError
---------------------------- Captured stdout setup -----------------------------

2024-01-26 15:04:34.942405   *** autouse fixture Chrome ***

{'width': 1280, 'height': 720}
Current test language - fr
Current country of trading - gb



Current test role - NoAuth
Current login - aqa.tomelo.an@gmail.com
Current login - iT9Vgqi6d$fiZ*Z
----------------------------- Captured stdout call -----------------------------
{'width': 1280, 'height': 720}

2024-01-26 15:04:35.824145   worker_id = master

2024-01-26 15:04:35.824169   0. Allure grouping v4


2024-01-26 15:04:35.824891   START PRECONDITIONS =>

2024-01-26 15:04:37.246779   Load page https://capital.com

2024-01-26 15:04:37.246832   {'width': 1280, 'height': 720}

2024-01-26 15:04:37.248728   Set windows position at (0, 0) =>

2024-01-26 15:04:37.356221   Set resolution 1280 * 720 =>

2024-01-26 15:04:37.460253   => Resolution seted {'width': 1280, 'height': 720}

2024-01-26 15:04:42.512074   Капчи нет. Тестим дальше

2024-01-26 15:04:42.512177   Prev. Role: ?

2024-01-26 15:04:42.512191   Run preconditions: set "NoAuth" Role =>
2024-01-26 15:04:43.196452   Load page https://capital.com

2024-01-26 15:04:43.374162   => All cookies are deleted
2024-01-26 15:04:44.129330   Load page https://capital.com

2024-01-26 15:04:44.129563   Step 'Click button [Accept all cookies]'
2024-01-26 15:04:49.176735   Is Visible Button [Accept all cookies]? =>
2024-01-26 15:04:49.199777   => Button [Accept all cookies] is visible
2024-01-26 15:04:50.199909   Is clickable Button [Accept all cookies] =>
2024-01-26 15:04:50.241941   => Button [Accept all cookies] is clickable
2024-01-26 15:04:50.241977   Click Button [Accept all cookies] =>
2024-01-26 15:04:50.319969   => Button [Accept all cookies] is clicked
2024-01-26 15:04:50.320012   => Accepted All Cookies

2024-01-26 15:04:50.820422   Start Autorization

2024-01-26 15:04:50.820551   2. Act
2024-01-26 15:04:50.820572   Start Click button [Log in] =>
2024-01-26 15:04:50.833080   BUTTON_LOGIN scroll =>
2024-01-26 15:04:50.843112   Is BUTTON_LOGIN clickable? =>
2024-01-26 15:04:50.861455   => BUTTON_LOGIN is clickable
2024-01-26 15:04:50.861489   BUTTON_LOGIN click =>
2024-01-26 15:04:50.917729   => BUTTON_LOGIN is clicked!
2024-01-26 15:04:50.917839   => 'Login' form is opened
2024-01-26 15:04:51.569453   => "login" and "password" are inputted
2024-01-26 15:04:51.569494   Click [Continue] button on [Login] form =>
2024-01-26 15:04:51.682183   => [Continue] button on [Login] form is clicked
2024-01-26 15:04:54.383155   Start check that the Trading platform page is loaded and LOGO is present on it =>
2024-01-26 15:04:54.383191   Set timeout = 30
2024-01-26 15:04:54.383207   Wait until load page with special title =>
2024-01-26 15:04:54.385738   => Page with title "Trading Platform | Capital.com" is loaded
2024-01-26 15:04:54.385761   Is present LOGO on this page? =>
2024-01-26 15:04:55.786090   => LOGO is visible on this page
2024-01-26 15:04:55.786201   -> "Capital.com" logo is present on trading platform page

2024-01-26 15:04:56.951231   Start DeAuthorisation
2024-01-26 15:04:56.951391   1. BUTTON_MY_ACCOUNT is present? =>
2024-01-26 15:04:57.024879   => BUTTON_MY_ACCOUNT is present on this page
2024-01-26 15:04:58.307746   => Move to BUTTON_MY_ACCOUNT
2024-01-26 15:04:58.307788   2. BUTTON_MY_ACCOUNT is clickable? =>
2024-01-26 15:04:58.328750   => BUTTON_MY_ACCOUNT is clickable
2024-01-26 15:04:58.328785   BUTTON_MY_ACCOUNT Click =>
2024-01-26 15:04:59.210557   => User panel [My account] is opened

2024-01-26 15:04:59.210762   Start Click [Logout] button:
2024-01-26 15:04:59.210778   BUTTON_LOGOUT is present? =>
2024-01-26 15:04:59.218500   => BUTTON_LOGOUT is present
2024-01-26 15:04:59.218523   Is visible BUTTON_LOGOUT? =>
2024-01-26 15:04:59.233653   BUTTON_LOGOUT is clickable? =>
2024-01-26 15:04:59.248015   BUTTON_LOGOUT click =>
2024-01-26 15:04:59.302920   => BUTTON_LOGOUT is clicked

2024-01-26 15:04:59.303069   Current role: NoAuth

2024-01-26 15:04:59.303093   Prev language: ?

2024-01-26 15:04:59.303107   Run preconditions: set "fr" language =>


2024-01-26 15:04:59.343117   => Language and Country menu is present


2024-01-26 15:04:59.361354   => Language and Country menu is visible


2024-01-26 15:05:01.140733   => Focus is moved on Language and Country menu 

2024-01-26 15:05:02.829123   => Current language: fr

2024-01-26 15:05:02.829165   Prev country: ?

2024-01-26 15:05:02.829176   Run preconditions: set "gb" country =>


2024-01-26 15:05:02.835028   => Language and Country menu is present


2024-01-26 15:05:02.858497   => Language and Country menu is visible


2024-01-26 15:05:04.641834   => Focus is moved on Language and Country menu 

2024-01-26 15:05:07.964131   => Current country: gb

2024-01-26 15:05:07.964176   => THE END PRECONDITIONS
2024-01-26 15:05:08.477668   => Education menu is present
2024-01-26 15:05:08.494133   => Education menu is visible
2024-01-26 15:05:09.775686   => Education menu focus moved


2024-01-26 15:05:11.519180   => 'Investmate App' menu click

2024-01-26 15:05:11.527387   1. Arrange
2024-01-26 15:05:11.554947   Is visible BUTTON_EXPLORE_WEB_PLATFORM? =>
2024-01-26 15:05:11.581420   => BUTTON_EXPLORE_WEB_PLATFORM is visible on the page!

2024-01-26 15:05:11.581665   2. Act
2024-01-26 15:05:11.592339   1 checking element(s) with current CSS locator is(are) present(s) on this page
2024-01-26 15:05:13.196777   => BUTTON_EXPLORE_WEB_PLATFORM IS CLICKED

2024-01-26 15:05:13.197052   3. Assert_v0
2024-01-26 15:05:13.197163   Start method Check that [Log in] page opened on the Trading Platform =>
https://capital.com/trading/platform/
2024-01-26 15:05:13.207839   => 'Sign up' page opened on the Trading Platform
2024-01-26 15:05:13.207874   SIGNUP_FRAME =>
2024-01-26 15:05:15.234051   => SIGNUP_FRAME is visible
2024-01-26 15:05:15.234110   => 'Login' page on the Trading Platform is not opened

Bug: Bid:11.01.06.00_03-fr.gb.NoAuth

2024-01-26 15:05:15.234140   Проверка бага в таблице ретеста  =>

2024-01-26 15:05:15.241989   4. Fixing one row check results into Google Sheet Bugs Report =>
1 cells updated.
2024-01-26 15:05:15.864957   => 4. One row check results into Google Sheet Bugs Report fixed

2024-01-26 15:05:16.319290   4. Fixing one row check results into Google Sheet Bugs Report =>
1 cells updated.
2024-01-26 15:05:16.509127   => 4. One row check results into Google Sheet Bugs Report fixed

2024-01-26 15:05:16.509210   Bug: Bid:11.01.06.00_03-fr.gb.NoAuth уже существует, но тип бага изменился с 23/01/24 на 13

2024-01-26 15:05:16.509656   Bug: Bid:11.01.06.00_03-fr.gb.NoAuth-13 уже существует

2024-01-26 15:05:16.509815   4. Fixing one row check results into Google Sheet Bugs Report =>
1 cells updated.
2024-01-26 15:05:17.022201   => 4. One row check results into Google Sheet Bugs Report fixed
--------------------------- Captured stdout teardown ---------------------------

2024-01-26 15:05:17.316209   *** end fixture Browser = teardown ***

=============================== warnings summary ===============================
../../../.cache/pypoetry/virtualenvs/testcapitalcompyse-cIj6ROMf-py3.11/lib/python3.11/site-packages/thop/profile.py:1
  /home/runner/.cache/pypoetry/virtualenvs/testcapitalcompyse-cIj6ROMf-py3.11/lib/python3.11/site-packages/thop/profile.py:1: DeprecationWarning: The distutils package is deprecated and slated for removal in Python 3.12. Use setuptools or check PEP 632 for potential alternatives
    from distutils.version import LooseVersion

../../../.cache/pypoetry/virtualenvs/testcapitalcompyse-cIj6ROMf-py3.11/lib/python3.11/site-packages/ultralytics/data/explorer/utils.py:8
  /home/runner/.cache/pypoetry/virtualenvs/testcapitalcompyse-cIj6ROMf-py3.11/lib/python3.11/site-packages/ultralytics/data/explorer/utils.py:8: DeprecationWarning: 
  Pyarrow will become a required dependency of pandas in the next major release of pandas (pandas 3.0),
  (to allow more performant data types, such as the Arrow string type, and better interoperability with other libraries)
  but was not found to be installed on your system.
  If this would cause problems for you,
  please provide us feedback at https://github.com/pandas-dev/pandas/issues/54466
          
    import pandas as pd

tests/US_11_Education/US_11-01-06_investmate_app/us_11-01-06_investmate_app_test.py::TestInvestmateApp::test_03_button_explore_web_platform[Chrome--ae-NoAuth-aqa.tomelo.an@gmail.com-iT9Vgqi6d$fiZ*Z]
  /home/runner/.cache/pypoetry/virtualenvs/testcapitalcompyse-cIj6ROMf-py3.11/lib/python3.11/site-packages/pytest_html/plugin.py:133: DeprecationWarning: The 'report.extra' attribute is deprecated and will be removed in a future release, use 'report.extras' instead.
    warnings.warn(

-- Docs: https://docs.pytest.org/en/stable/how-to/capture-warnings.html
- Generated html report: file:///home/runner/work/SeleniumCapital/SeleniumCapital/report/report.html -
=========================== short test summary info ============================
FAILED tests/US_11_Education/US_11-01-06_investmate_app/us_11-01-06_investmate_app_test.py::TestInvestmateApp::test_03_button_explore_web_platform[Chrome--ae-NoAuth-aqa.tomelo.an@gmail.com-iT9Vgqi6d$fiZ*Z] - AssertionError: Bug # 13. 'Sign up' form opened on the Trading Platform instead of 'Login' form
================= 1 failed, 4 deselected, 3 warnings in 51.70s =================

2024-01-26 15:05:18.069805   => Текущий тест: 1 failed

2024-01-26 15:05:18.070984   => 3. check_results finished

2024-01-26 15:05:18.071132   4. Fixing one row check results into Google Sheet Bugs Report =>
1 cells updated.
2024-01-26 15:05:18.400461   => 4. One row check results into Google Sheet Bugs Report fixed
