


2024-01-26 15:13:46.201522   0. Get Values row =>
2024-01-26 15:13:46.201568   Row # = 563
2024-01-26 15:13:46.201582   Row Values = 
['Bid:11.01.03.00_01-de.gb.NoAuth', 'Ubuntu 22.04', 'Chrome', '11.01.03.00', '_01', 'de', 'gb', 'FCA', 'NoAuth', '', 'Education', 'CFD trading guide', 'On Main banner click Button [Start Trading]', 'On Main banner click Button [Start Trading]', '', '05', "Bug # 05. Opened a 'Sign up' form instead of a 'Login'", '', '', '', '23/01/24', 'failed']

2024-01-26 15:13:46.201744   1. Run pretest =>

2024-01-26 15:13:46.201766   row_loc = 
['Bid:11.01.03.00_01-de.gb.NoAuth', 'Ubuntu 22.04', 'Chrome', '11.01.03.00', '_01', 'de', 'gb', 'FCA', 'NoAuth', '', 'Education', 'CFD trading guide', 'On Main banner click Button [Start Trading]', 'On Main banner click Button [Start Trading]', '', '05', "Bug # 05. Opened a 'Sign up' form instead of a 'Login'", '', '', '', '23/01/24', 'failed']

2024-01-26 15:13:46.201788   => 1. Pretest finished

2024-01-26 15:13:46.201890   2. Run run_pytest with Bid = Bid:11.01.03.00_01-de.gb.NoAuth from row =>

2024-01-26 15:13:46.201914   2.2. Run poetry run pytest ... in subprocess =>

2024-01-26 15:13:46.201933   Run command: 
poetry run pytest --retest=True --browser_name=Chrome --lang=de --country=gb --role=NoAuth -m test_01 -v \tests/US_11_Education/US_11-01-03_cfd_trading_guide/us_11-01-03-00_cfd_trading_guide_test.py

2024-01-26 15:14:37.749335   => 2.2. pytest ... as subprocess finished

2024-01-26 15:14:37.749436   => 2. Autotest with Bid = Bid:11.01.03.00_01-de.gb.NoAuth from row finished

2024-01-26 15:14:37.749535   3. Run check_results =>
2024-01-26 15:14:37.749577   test_results: 
============================= test session starts ==============================
platform linux -- Python 3.11.7, pytest-7.4.4, pluggy-1.3.0 -- /home/runner/.cache/pypoetry/virtualenvs/testcapitalcompyse-cIj6ROMf-py3.11/bin/python
cachedir: .pytest_cache
metadata: {'Python': '3.11.7', 'Platform': 'Linux-6.2.0-1018-azure-x86_64-with-glibc2.35', 'Packages': {'pytest': '7.4.4', 'pluggy': '1.3.0'}, 'Plugins': {'metadata': '3.0.0', 'timeout': '2.2.0', 'html': '4.1.1', 'xdist': '3.5.0', 'allure-pytest': '2.13.2'}, 'CI': 'true', 'JAVA_HOME': '/usr/lib/jvm/temurin-11-jdk-amd64'}
rootdir: /home/runner/work/SeleniumCapital/SeleniumCapital
configfile: pytest.ini
plugins: metadata-3.0.0, timeout-2.2.0, html-4.1.1, xdist-3.5.0, allure-pytest-2.13.2
collecting ... collected 5 items / 4 deselected / 1 selected

tests/US_11_Education/US_11-01-03_cfd_trading_guide/us_11-01-03-00_cfd_trading_guide_test.py::TestCFDTradingGuide::test_01_main_banner_start_trading_button[Chrome--ae-NoAuth-aqa.tomelo.an@gmail.com-iT9Vgqi6d$fiZ*Z] FAILED [100%]

=================================== FAILURES ===================================
_ TestCFDTradingGuide.test_01_main_banner_start_trading_button[Chrome--ae-NoAuth-aqa.tomelo.an@gmail.com-iT9Vgqi6d$fiZ*Z] _

self = <us_11-01-03-00_cfd_trading_guide_test.TestCFDTradingGuide object at 0x7f0096a89fd0>
worker_id = 'master'
d = <selenium.webdriver.chrome.webdriver.WebDriver (session="66517411ad74f3ee4147890a88763a9d")>
cur_language = 'de', cur_country = 'gb', cur_role = 'NoAuth'
cur_login = 'aqa.tomelo.an@gmail.com', cur_password = 'iT9Vgqi6d$fiZ*Z'

    @allure.step("Start test of button [Start trading] on Main banner")
    @pytest.mark.test_01
    def test_01_main_banner_start_trading_button(
            self, worker_id, d, cur_language, cur_country, cur_role, cur_login, cur_password):
        """
        Check: Button [Start Trading] on Main banner
        Language: All. License: All.
        """
        global cur_page_url
        bid = build_dynamic_arg_v4(
            d, worker_id, cur_language, cur_country, cur_role,
            "11.01.03", "Education > Menu item [CFD trading guide]",
            ".00_01", "Testing button [Start Trading] on Main banner")
    
        Common().skip_if_eng_lang_and_fca_license(cur_language, cur_country)
    
        Common().check_language_in_list_and_skip_if_not_present(
            cur_language, ["", "de", "es", "fr", "nl", "pl", "ro", "ru", "zh"])
    
        page_conditions = Conditions(d, "")
        main_page_link = page_conditions.preconditions(
            d, CapitalComPageSrc.URL, "", cur_language, cur_country, cur_role, cur_login, cur_password)
    
        page_menu = MenuSection(d, main_page_link)
        cur_page_url = page_menu.open_education_cfd_trading_menu(d, cur_language, cur_country, main_page_link)
    
        test_element = MainBannerStartTrading(d, cur_page_url, bid)
>       test_element.full_test_with_tpi(d, cur_language, cur_country, cur_role, cur_page_url)

tests/US_11_Education/US_11-01-03_cfd_trading_guide/us_11-01-03-00_cfd_trading_guide_test.py:55: 
_ _ _ _ _ _ _ _ _ _ _ _ _ _ _ _ _ _ _ _ _ _ _ _ _ _ _ _ _ _ _ _ _ _ _ _ _ _ _ _ 
pages/Elements/ButtonStartTradingMainBanner.py:28: in full_test_with_tpi
    test_element.assert_login(d, cur_language, cur_item_link)
_ _ _ _ _ _ _ _ _ _ _ _ _ _ _ _ _ _ _ _ _ _ _ _ _ _ _ _ _ _ _ _ _ _ _ _ _ _ _ _ 

self = <pages.Elements.AssertClass.AssertClass object at 0x7f0096a9e810>
d = <selenium.webdriver.chrome.webdriver.WebDriver (session="66517411ad74f3ee4147890a88763a9d")>
cur_language = 'de', cur_link = 'https://capital.com/de/was-ist-cfd-handel'

    @allure.step('Checking that "Login" form or page opened')
    def assert_login(self, d, cur_language, cur_link):
        """Method Assert Login form or page"""
        print(f"\n{datetime.now()}   3. Assert_Login_v0")
        self.page_signup_login = SignupLogin(d, cur_link)
        if self.page_signup_login.should_be_login_form():
            self.page_signup_login.close_login_form()
            del self.page_signup_login
        elif self.page_signup_login.should_be_login_page():
            self.page_signup_login.close_login_page()
            del self.page_signup_login
        elif self.page_signup_login.should_be_trading_platform_login_form(cur_language):
            self.page_signup_login.close_trading_platform_login_form()
            del self.page_signup_login
        elif self.page_signup_login.should_be_signup_form(cur_language):
            del self.page_signup_login
            print(f'\nBug: {self.bid}')
            retest_table_fill(self.bid, '05', self.link)
>           assert False, "Bug # 05. Opened a 'Sign up' form instead of a 'Login'"
E           AssertionError: Bug # 05. Opened a 'Sign up' form instead of a 'Login'

pages/Elements/AssertClass.py:69: AssertionError
---------------------------- Captured stdout setup -----------------------------

2024-01-26 15:13:47.063010   *** autouse fixture Chrome ***

{'width': 1280, 'height': 720}
Current test language - de
Current country of trading - gb



Current test role - NoAuth
Current login - aqa.tomelo.an@gmail.com
Current login - iT9Vgqi6d$fiZ*Z
----------------------------- Captured stdout call -----------------------------
{'width': 1280, 'height': 720}

2024-01-26 15:13:48.036949   worker_id = master

2024-01-26 15:13:48.036975   0. Allure grouping v4


2024-01-26 15:13:48.037271   START PRECONDITIONS =>

2024-01-26 15:13:49.497899   Load page https://capital.com

2024-01-26 15:13:49.497947   {'width': 1280, 'height': 720}

2024-01-26 15:13:49.510268   Set windows position at (0, 0) =>

2024-01-26 15:13:49.616880   Set resolution 1280 * 720 =>

2024-01-26 15:13:49.722550   => Resolution seted {'width': 1280, 'height': 720}

2024-01-26 15:13:54.774737   Капчи нет. Тестим дальше

2024-01-26 15:13:54.774853   Prev. Role: ?

2024-01-26 15:13:54.774871   Run preconditions: set "NoAuth" Role =>
2024-01-26 15:13:55.858626   Load page https://capital.com

2024-01-26 15:13:56.179181   => All cookies are deleted
2024-01-26 15:13:57.194676   Load page https://capital.com

2024-01-26 15:13:57.194919   Step 'Click button [Accept all cookies]'
2024-01-26 15:14:02.245751   Is Visible Button [Accept all cookies]? =>
2024-01-26 15:14:02.278577   => Button [Accept all cookies] is visible
2024-01-26 15:14:03.278697   Is clickable Button [Accept all cookies] =>
2024-01-26 15:14:03.306500   => Button [Accept all cookies] is clickable
2024-01-26 15:14:03.306537   Click Button [Accept all cookies] =>
2024-01-26 15:14:03.370650   => Button [Accept all cookies] is clicked
2024-01-26 15:14:03.370694   => Accepted All Cookies

2024-01-26 15:14:03.871022   Start Autorization

2024-01-26 15:14:03.871131   2. Act
2024-01-26 15:14:03.871144   Start Click button [Log in] =>
2024-01-26 15:14:03.879698   BUTTON_LOGIN scroll =>
2024-01-26 15:14:03.886084   Is BUTTON_LOGIN clickable? =>
2024-01-26 15:14:03.896686   => BUTTON_LOGIN is clickable
2024-01-26 15:14:03.896707   BUTTON_LOGIN click =>
2024-01-26 15:14:03.962660   => BUTTON_LOGIN is clicked!
2024-01-26 15:14:03.962746   => 'Login' form is opened
2024-01-26 15:14:04.558236   => "login" and "password" are inputted
2024-01-26 15:14:04.558278   Click [Continue] button on [Login] form =>
2024-01-26 15:14:04.644571   => [Continue] button on [Login] form is clicked
2024-01-26 15:14:07.424725   Start check that the Trading platform page is loaded and LOGO is present on it =>
2024-01-26 15:14:07.424759   Set timeout = 30
2024-01-26 15:14:07.424775   Wait until load page with special title =>
2024-01-26 15:14:07.427347   => Page with title "Trading Platform | Capital.com" is loaded
2024-01-26 15:14:07.427371   Is present LOGO on this page? =>
2024-01-26 15:14:08.854698   => LOGO is visible on this page
2024-01-26 15:14:08.854805   -> "Capital.com" logo is present on trading platform page

2024-01-26 15:14:09.870964   Start DeAuthorisation
2024-01-26 15:14:09.871099   1. BUTTON_MY_ACCOUNT is present? =>
2024-01-26 15:14:09.940099   => BUTTON_MY_ACCOUNT is present on this page
2024-01-26 15:14:11.218077   => Move to BUTTON_MY_ACCOUNT
2024-01-26 15:14:11.218118   2. BUTTON_MY_ACCOUNT is clickable? =>
2024-01-26 15:14:11.238673   => BUTTON_MY_ACCOUNT is clickable
2024-01-26 15:14:11.238710   BUTTON_MY_ACCOUNT Click =>
2024-01-26 15:14:12.095823   => User panel [My account] is opened

2024-01-26 15:14:12.096017   Start Click [Logout] button:
2024-01-26 15:14:12.096032   BUTTON_LOGOUT is present? =>
2024-01-26 15:14:12.108069   => BUTTON_LOGOUT is present
2024-01-26 15:14:12.108120   Is visible BUTTON_LOGOUT? =>
2024-01-26 15:14:12.130069   BUTTON_LOGOUT is clickable? =>
2024-01-26 15:14:12.146679   BUTTON_LOGOUT click =>
2024-01-26 15:14:12.231818   => BUTTON_LOGOUT is clicked

2024-01-26 15:14:12.231936   Current role: NoAuth

2024-01-26 15:14:12.231955   Prev language: ?

2024-01-26 15:14:12.231966   Run preconditions: set "de" language =>


2024-01-26 15:14:12.262594   => Language and Country menu is present


2024-01-26 15:14:12.278584   => Language and Country menu is visible


2024-01-26 15:14:14.053078   => Focus is moved on Language and Country menu 

2024-01-26 15:14:15.874471   => Current language: de

2024-01-26 15:14:15.874506   Prev country: ?

2024-01-26 15:14:15.874516   Run preconditions: set "gb" country =>


2024-01-26 15:14:15.910651   => Language and Country menu is present


2024-01-26 15:14:15.928433   => Language and Country menu is visible


2024-01-26 15:14:17.701257   => Focus is moved on Language and Country menu 

2024-01-26 15:14:19.858214   => Current country: gb

2024-01-26 15:14:19.858256   => THE END PRECONDITIONS

2024-01-26 15:14:19.858466   START Open "Education" menu, "CFD trading guide" submenu =>

2024-01-26 15:14:19.858487   1. Cur URL = https://capital.com/de?country=gb

2024-01-26 15:14:19.862324   2. Link = https://capital.com/de
2024-01-26 15:14:20.369690   Load page https://capital.com/de
2024-01-26 15:14:20.879974   => Education menu is present
2024-01-26 15:14:20.904805   => Education menu is visible
2024-01-26 15:14:22.183399   => Education menu focus moved

2024-01-26 15:14:24.084873   3. Cur URL = https://capital.com/de/was-ist-cfd-handel

2024-01-26 15:14:24.094149   1. Arrange_v0
2024-01-26 15:14:24.155465   BUTTON_START_TRADING scroll =>
2024-01-26 15:14:24.159481   BUTTON_START_TRADING is visible? =>
2024-01-26 15:14:24.194473   => BUTTON_START_TRADING is visible on the page!

2024-01-26 15:14:24.194636   2. Act_v0
2024-01-26 15:14:24.194650   Start Click button [Start Trading] =>
2024-01-26 15:14:24.200416   BUTTON_START_TRADING is clickable? =>
2024-01-26 15:14:24.212136   BUTTON_START_TRADING click =>
2024-01-26 15:14:24.264142   => BUTTON_START_TRADING clicked

2024-01-26 15:14:24.264418   3. Assert_Login_v0
2024-01-26 15:14:24.264508   Check that 'Login' form is opened
2024-01-26 15:14:29.801438   'Login' form not opened
2024-01-26 15:14:29.804824   'Login' page not opened
2024-01-26 15:14:35.351940   'Login' form on trading platform not opened
2024-01-26 15:14:35.352126   Start step Check that [Sign up] form is opened
2024-01-26 15:14:35.366945   'Sign up' form opened
2024-01-26 15:14:35.366976   Assert SIGNUP_HEADER =>
2024-01-26 15:14:35.380396   Assert SIGNUP_REF_LOGIN =>
2024-01-26 15:14:35.394873   Assert SIGNUP_PRIVACY_POLICY_ALL_2 =>
2024-01-26 15:14:35.408937   => SIGNUP_PRIVACY_POLICY_ALL
2024-01-26 15:14:35.408966   => 'Signup' form is checked

Bug: Bid:11.01.03.00_01-de.gb.NoAuth

2024-01-26 15:14:35.409028   Проверка бага в таблице ретеста  =>

2024-01-26 15:14:35.414879   4. Fixing one row check results into Google Sheet Bugs Report =>
1 cells updated.
2024-01-26 15:14:35.948571   => 4. One row check results into Google Sheet Bugs Report fixed

2024-01-26 15:14:36.505826   4. Fixing one row check results into Google Sheet Bugs Report =>
1 cells updated.
2024-01-26 15:14:36.830441   => 4. One row check results into Google Sheet Bugs Report fixed

2024-01-26 15:14:36.830535   Bug: Bid:11.01.03.00_01-de.gb.NoAuth уже существует, но тип бага изменился с 23/01/24 на 05

2024-01-26 15:14:36.831121   Bug: Bid:11.01.03.00_01-de.gb.NoAuth-05 уже существует

2024-01-26 15:14:36.831331   4. Fixing one row check results into Google Sheet Bugs Report =>
1 cells updated.
2024-01-26 15:14:37.321836   => 4. One row check results into Google Sheet Bugs Report fixed
------------------------------ Captured log call -------------------------------
2024-01-26 15:14:29 ERROR Elements not present after 0.5 seconds on page: https://capital.com/de/was-ist-cfd-handel
2024-01-26 15:14:29 ERROR 
Traceback (most recent call last):
  File "/home/runner/work/SeleniumCapital/SeleniumCapital/pages/base_page.py", line 82, in inner_function
    return func(*args, **kwargs)
           ^^^^^^^^^^^^^^^^^^^^^
  File "/home/runner/work/SeleniumCapital/SeleniumCapital/pages/base_page.py", line 293, in element_is_visible
    return Wait(self.browser, timeout).until(
           ^^^^^^^^^^^^^^^^^^^^^^^^^^^^^^^^^^
  File "/home/runner/.cache/pypoetry/virtualenvs/testcapitalcompyse-cIj6ROMf-py3.11/lib/python3.11/site-packages/selenium/webdriver/support/wait.py", line 105, in until
    raise TimeoutException(message, screen, stacktrace)
selenium.common.exceptions.TimeoutException: Message: 
Stacktrace:
#0 0x55c4069a5f83 <unknown>
#1 0x55c40665ecf7 <unknown>
#2 0x55c4066ae99e <unknown>
#3 0x55c4066aeaa1 <unknown>
#4 0x55c4066f9d64 <unknown>
#5 0x55c4066d80dd <unknown>
#6 0x55c4066f7006 <unknown>
#7 0x55c4066d7e53 <unknown>
#8 0x55c40669fdd4 <unknown>
#9 0x55c4066a11de <unknown>
#10 0x55c40696a531 <unknown>
#11 0x55c40696e455 <unknown>
#12 0x55c406956f55 <unknown>
#13 0x55c40696f0ef <unknown>
#14 0x55c40693a99f <unknown>
#15 0x55c406993008 <unknown>
#16 0x55c4069931d7 <unknown>
#17 0x55c4069a5124 <unknown>
#18 0x7f4d24694ac3 <unknown>

2024-01-26 15:14:35 ERROR Elements not present after 0.5 seconds on page: https://capital.com/de/was-ist-cfd-handel
2024-01-26 15:14:35 ERROR 
Traceback (most recent call last):
  File "/home/runner/work/SeleniumCapital/SeleniumCapital/pages/base_page.py", line 82, in inner_function
    return func(*args, **kwargs)
           ^^^^^^^^^^^^^^^^^^^^^
  File "/home/runner/work/SeleniumCapital/SeleniumCapital/pages/base_page.py", line 293, in element_is_visible
    return Wait(self.browser, timeout).until(
           ^^^^^^^^^^^^^^^^^^^^^^^^^^^^^^^^^^
  File "/home/runner/.cache/pypoetry/virtualenvs/testcapitalcompyse-cIj6ROMf-py3.11/lib/python3.11/site-packages/selenium/webdriver/support/wait.py", line 105, in until
    raise TimeoutException(message, screen, stacktrace)
selenium.common.exceptions.TimeoutException: Message: 
Stacktrace:
#0 0x55c4069a5f83 <unknown>
#1 0x55c40665ecf7 <unknown>
#2 0x55c4066ae99e <unknown>
#3 0x55c4066aeaa1 <unknown>
#4 0x55c4066f9d64 <unknown>
#5 0x55c4066d80dd <unknown>
#6 0x55c4066f7006 <unknown>
#7 0x55c4066d7e53 <unknown>
#8 0x55c40669fdd4 <unknown>
#9 0x55c4066a11de <unknown>
#10 0x55c40696a531 <unknown>
#11 0x55c40696e455 <unknown>
#12 0x55c406956f55 <unknown>
#13 0x55c40696f0ef <unknown>
#14 0x55c40693a99f <unknown>
#15 0x55c406993008 <unknown>
#16 0x55c4069931d7 <unknown>
#17 0x55c4069a5124 <unknown>
#18 0x7f4d24694ac3 <unknown>
--------------------------- Captured stdout teardown ---------------------------

2024-01-26 15:14:37.652692   *** end fixture Browser = teardown ***

=============================== warnings summary ===============================
tests/US_11_Education/US_11-01-03_cfd_trading_guide/us_11-01-03-00_cfd_trading_guide_test.py::TestCFDTradingGuide::test_01_main_banner_start_trading_button[Chrome--ae-NoAuth-aqa.tomelo.an@gmail.com-iT9Vgqi6d$fiZ*Z]
  /home/runner/.cache/pypoetry/virtualenvs/testcapitalcompyse-cIj6ROMf-py3.11/lib/python3.11/site-packages/pytest_html/plugin.py:133: DeprecationWarning: The 'report.extra' attribute is deprecated and will be removed in a future release, use 'report.extras' instead.
    warnings.warn(

-- Docs: https://docs.pytest.org/en/stable/how-to/capture-warnings.html
- Generated html report: file:///home/runner/work/SeleniumCapital/SeleniumCapital/report/report.html -
=========================== short test summary info ============================
FAILED tests/US_11_Education/US_11-01-03_cfd_trading_guide/us_11-01-03-00_cfd_trading_guide_test.py::TestCFDTradingGuide::test_01_main_banner_start_trading_button[Chrome--ae-NoAuth-aqa.tomelo.an@gmail.com-iT9Vgqi6d$fiZ*Z] - AssertionError: Bug # 05. Opened a 'Sign up' form instead of a 'Login'
================= 1 failed, 4 deselected, 1 warning in 50.74s ==================

2024-01-26 15:14:37.750519   => Текущий тест: 1 failed

2024-01-26 15:14:37.752557   => 3. check_results finished

2024-01-26 15:14:37.752764   4. Fixing one row check results into Google Sheet Bugs Report =>
1 cells updated.
2024-01-26 15:14:37.935738   => 4. One row check results into Google Sheet Bugs Report fixed
