


2024-01-26 15:50:31.137090   0. Get Values row =>
2024-01-26 15:50:31.137119   Row # = 1179
2024-01-26 15:50:31.137129   Row Values = 
['Bid:11.02.02.01_10-it.gb.Auth', 'Ubuntu 22.04', 'Chrome', '11.02.02.01', '_10', 'it', 'gb', 'FCA', 'Auth', 'https://capital.com/it/fare-trading-canopy-growth', 'Education', 'Shares trading / child', '', '', '', '11', 'Bug # 11. Trading platform is opened in not DEMO mode', '', '', '', '16/01/24', 'failed']

2024-01-26 15:50:31.137210   1. Run pretest =>

2024-01-26 15:50:31.137223   row_loc = 
['Bid:11.02.02.01_10-it.gb.Auth', 'Ubuntu 22.04', 'Chrome', '11.02.02.01', '_10', 'it', 'gb', 'FCA', 'Auth', 'https://capital.com/it/fare-trading-canopy-growth', 'Education', 'Shares trading / child', '', '', '', '11', 'Bug # 11. Trading platform is opened in not DEMO mode', '', '', '', '16/01/24', 'failed']

2024-01-26 15:50:31.137238   => 1. Pretest finished

2024-01-26 15:50:31.137301   2. Run run_pytest with Bid = Bid:11.02.02.01_10-it.gb.Auth from row =>

2024-01-26 15:50:31.137314   2.2. Run poetry run pytest ... in subprocess =>

2024-01-26 15:50:31.137325   Run command: 
poetry run pytest --retest=True --browser_name=Chrome --lang=it --country=gb --role=Auth --tpi_link=https://capital.com/it/fare-trading-canopy-growth -m test_10 -v \tests/US_11_Education/US_11-02-02_Shares_trading/US_11-02-02-01_Shares_trading_test.py

2024-01-26 15:51:39.136901   => 2.2. pytest ... as subprocess finished

2024-01-26 15:51:39.136978   => 2. Autotest with Bid = Bid:11.02.02.01_10-it.gb.Auth from row finished

2024-01-26 15:51:39.137059   3. Run check_results =>
2024-01-26 15:51:39.137090   test_results: 
============================= test session starts ==============================
platform linux -- Python 3.11.7, pytest-7.4.4, pluggy-1.3.0 -- /home/runner/.cache/pypoetry/virtualenvs/testcapitalcompyse-cIj6ROMf-py3.11/bin/python
cachedir: .pytest_cache
metadata: {'Python': '3.11.7', 'Platform': 'Linux-6.2.0-1018-azure-x86_64-with-glibc2.35', 'Packages': {'pytest': '7.4.4', 'pluggy': '1.3.0'}, 'Plugins': {'metadata': '3.0.0', 'timeout': '2.2.0', 'html': '4.1.1', 'xdist': '3.5.0', 'allure-pytest': '2.13.2'}, 'CI': 'true', 'JAVA_HOME': '/usr/lib/jvm/temurin-11-jdk-amd64'}
rootdir: /home/runner/work/SeleniumCapital/SeleniumCapital
configfile: pytest.ini
plugins: metadata-3.0.0, timeout-2.2.0, html-4.1.1, xdist-3.5.0, allure-pytest-2.13.2
collecting ... collected 10 items / 9 deselected / 1 selected

tests/US_11_Education/US_11-02-02_Shares_trading/US_11-02-02-01_Shares_trading_test.py::TestSharesTradingItems::test_10_block_vert_banner_button[https://capital.com/it/fare-trading-canopy-growth-Chrome--ae-Auth-aqa.tomelo.an@gmail.com-iT9Vgqi6d$fiZ*Z] FAILED [100%]

=================================== FAILURES ===================================
_ TestSharesTradingItems.test_10_block_vert_banner_button[https://capital.com/it/fare-trading-canopy-growth-Chrome--ae-Auth-aqa.tomelo.an@gmail.com-iT9Vgqi6d$fiZ*Z] _

self = <US_11-02-02-01_Shares_trading_test.TestSharesTradingItems object at 0x7f74f0aa1d90>
worker_id = 'master'
d = <selenium.webdriver.chrome.webdriver.WebDriver (session="f5395a14a497ad575a6c43a1950cba88")>
cur_language = 'it', cur_country = 'gb', cur_role = 'Auth'
cur_login = 'aqa.tomelo.an@gmail.com', cur_password = 'iT9Vgqi6d$fiZ*Z'
cur_item_link = 'https://capital.com/it/fare-trading-canopy-growth'

    @allure.step("Start test of button in block [Vertical banner]")
    # @pytest.mark.skip(reason="Skipped for debugging")
    @pytest.mark.test_10
    def test_10_block_vert_banner_button(
            self, worker_id, d, cur_language, cur_country, cur_role, cur_login, cur_password,
            cur_item_link):
        """
                Check the [Button] on the Vertical side banner at the bottom of the page.
                For "Authorized user" role:
                The trading platform page is opened depend on the banner [type-id]:
                        Live mode if the banner in the Live mode banners list
                        Demo mode if the banner in the Demo mode banners list
                """
    
        bid = build_dynamic_arg_v4(
            d, worker_id, cur_language, cur_country, cur_role,
            "11.02.02", "Education > Menu item [Shares trading]",
            ".01_10", "Testing button in block [Vertical banner]")
    
        check_language(cur_language)
        if cur_language in ["", "ar", "cn"]:
            Common().skip_test_for_language(cur_language)
    
        page_conditions = Conditions(d, "")
        page_conditions.preconditions(
            d, CapitalComPageSrc.URL, "", cur_language, cur_country, cur_role, cur_login, cur_password)
    
        # банеры должны открываться в Demo mode for US_00
        banner00_ver_tpd = []
        # банеры должны открываться в Live mode for US_00
        banner00_ver_tp = []
        # банеры должны открываться в Demo mode for US_01
        banner01_ver_tpd = ['251', '253', '380', '168', '222', '393']
        # банеры должны открываться в Live mode for US_01
        banner01_ver_tp = ['198', '293', '381', '391', '426']
    
        test_element = ButtonOnVerticalBanner(d, cur_item_link, bid)
>       test_element.full_test_with_tpi(
            d, cur_language, cur_country, cur_role, cur_item_link,
            banner00_ver_tpd, banner00_ver_tp, banner01_ver_tpd, banner01_ver_tp)

tests/US_11_Education/US_11-02-02_Shares_trading/US_11-02-02-01_Shares_trading_test.py:331: 
_ _ _ _ _ _ _ _ _ _ _ _ _ _ _ _ _ _ _ _ _ _ _ _ _ _ _ _ _ _ _ _ _ _ _ _ _ _ _ _ 
pages/Elements/ButtonOnVerticalBanner.py:48: in full_test_with_tpi
    test_element.assert_trading_platform_v4(d, link, tpd)
pages/Elements/AssertClass.py:127: in assert_trading_platform_v4
    self.page_trading.should_be_trading_platform_page_v4(d, cur_link, tpd, tpi, trade_instrument)
pages/Capital/Trading_platform/trading_platform.py:101: in should_be_trading_platform_page_v4
    self.should_be_platform_demo_mode(d, cur_link)
_ _ _ _ _ _ _ _ _ _ _ _ _ _ _ _ _ _ _ _ _ _ _ _ _ _ _ _ _ _ _ _ _ _ _ _ _ _ _ _ 

self = <pages.Capital.Trading_platform.trading_platform.TradingPlatform object at 0x7f74f0ac97d0>
d = <selenium.webdriver.chrome.webdriver.WebDriver (session="f5395a14a497ad575a6c43a1950cba88")>
cur_link = 'https://capital.com/it/fare-trading-canopy-growth'

    @allure.step("Check if the trading platform opened in DEMO mode")
    def should_be_platform_demo_mode(self, d, cur_link):
        """Check that Trading platform opened in Demo mode"""
        print(f"{datetime.now()}   Checking that the Trading platform opened in DEMO mode =>")
        # if not self.element_is_visible(TopBarLocators.MODE_DEMO, 30):
        if not self.element_is_visible(TopBarLocators.MODE_DEMO, 15):
            # проверка бага для ретеста
            print(f'\nBug: {self.bid}')
            retest_table_fill(self.bid, '11', self.link)
>           assert False, "Bug # 11. Trading platform is opened in not DEMO mode"
E           AssertionError: Bug # 11. Trading platform is opened in not DEMO mode

pages/Capital/Trading_platform/trading_platform.py:170: AssertionError
---------------------------- Captured stdout setup -----------------------------

2024-01-26 15:50:31.982925   *** autouse fixture Chrome ***

{'width': 1280, 'height': 720}
Current test language - it
Current country of trading - gb



Current test role - Auth
Current login - aqa.tomelo.an@gmail.com
Current login - iT9Vgqi6d$fiZ*Z
----------------------------- Captured stdout call -----------------------------
{'width': 1280, 'height': 720}

2024-01-26 15:50:32.896850   worker_id = master

2024-01-26 15:50:32.896866   0. Allure grouping v4


2024-01-26 15:50:32.897058   START PRECONDITIONS =>

2024-01-26 15:50:34.376417   Load page https://capital.com

2024-01-26 15:50:34.376463   {'width': 1280, 'height': 720}

2024-01-26 15:50:34.380096   Set windows position at (0, 0) =>

2024-01-26 15:50:34.534889   Set resolution 1280 * 720 =>

2024-01-26 15:50:34.641319   => Resolution seted {'width': 1280, 'height': 720}

2024-01-26 15:50:39.664438   Капчи нет. Тестим дальше

2024-01-26 15:50:39.664535   Prev. Role: ?

2024-01-26 15:50:39.664548   Run preconditions: set "Auth" Role =>
2024-01-26 15:50:40.315120   Load page https://capital.com

2024-01-26 15:50:40.521478   => All cookies are deleted
2024-01-26 15:50:41.305930   Load page https://capital.com

2024-01-26 15:50:41.306140   Step 'Click button [Accept all cookies]'
2024-01-26 15:50:46.322090   Is Visible Button [Accept all cookies]? =>
2024-01-26 15:50:46.348554   => Button [Accept all cookies] is visible
2024-01-26 15:50:47.348682   Is clickable Button [Accept all cookies] =>
2024-01-26 15:50:47.382996   => Button [Accept all cookies] is clickable
2024-01-26 15:50:47.383030   Click Button [Accept all cookies] =>
2024-01-26 15:50:47.485285   => Button [Accept all cookies] is clicked
2024-01-26 15:50:47.485330   => Accepted All Cookies

2024-01-26 15:50:47.985762   Start Autorization

2024-01-26 15:50:47.985940   2. Act
2024-01-26 15:50:47.985962   Start Click button [Log in] =>
2024-01-26 15:50:48.012178   BUTTON_LOGIN scroll =>
2024-01-26 15:50:48.018289   Is BUTTON_LOGIN clickable? =>
2024-01-26 15:50:48.033070   => BUTTON_LOGIN is clickable
2024-01-26 15:50:48.033105   BUTTON_LOGIN click =>
2024-01-26 15:50:48.072837   => BUTTON_LOGIN is clicked!
2024-01-26 15:50:48.072923   => 'Login' form is opened
2024-01-26 15:50:48.520952   => "login" and "password" are inputted
2024-01-26 15:50:48.520998   Click [Continue] button on [Login] form =>
2024-01-26 15:50:48.608179   => [Continue] button on [Login] form is clicked
2024-01-26 15:50:51.720525   Start check that the Trading platform page is loaded and LOGO is present on it =>
2024-01-26 15:50:51.720559   Set timeout = 30
2024-01-26 15:50:51.720574   Wait until load page with special title =>
2024-01-26 15:50:51.723223   => Page with title "Trading Platform | Capital.com" is loaded
2024-01-26 15:50:51.723250   Is present LOGO on this page? =>
2024-01-26 15:50:53.062169   => LOGO is visible on this page
2024-01-26 15:50:53.062298   -> "Capital.com" logo is present on trading platform page

2024-01-26 15:50:54.270182   Current role: Auth

2024-01-26 15:50:54.270228   Prev language: ?

2024-01-26 15:50:54.270244   Run preconditions: set "it" language =>


2024-01-26 15:50:54.302999   => Language and Country menu is present


2024-01-26 15:50:54.323268   => Language and Country menu is visible


2024-01-26 15:50:56.098268   => Focus is moved on Language and Country menu 

2024-01-26 15:50:59.802233   => Current language: it

2024-01-26 15:50:59.802284   Prev country: ?

2024-01-26 15:50:59.802300   Run preconditions: set "gb" country =>


2024-01-26 15:50:59.819757   => Language and Country menu is present


2024-01-26 15:50:59.839136   => Language and Country menu is visible


2024-01-26 15:51:01.632995   => Focus is moved on Language and Country menu 

2024-01-26 15:51:04.421964   => Current country: gb

2024-01-26 15:51:04.421999   => THE END PRECONDITIONS

2024-01-26 15:51:04.422035   1. Arrange
2024-01-26 15:51:05.974577   Load page https://capital.com/it/fare-trading-canopy-growth
2024-01-26 15:51:05.974625   BUTTON_ON_VER_BANNER is visible? =>
2024-01-26 15:51:06.025500   => BUTTON_ON_VER_BANNER is visible on the page!
2024-01-26 15:51:06.025757   Start Checking that form [Sign up] popped up on the page =>
2024-01-26 15:51:11.548146   '[Sign up]' form was not popped up

2024-01-26 15:51:11.548311   2. Act
2024-01-26 15:51:11.548325   BUTTON_ON_VER_BANNER is present? =>
2024-01-26 15:51:11.556431   => BUTTON_ON_VER_BANNER is present on the page!
2024-01-26 15:51:11.556464   BUTTON_ON_VER_BANNER scroll =>
2024-01-26 15:51:17.197169   => BUTTON_ON_VER_BANNER clicked!
2024-01-26 15:51:17.197283   For Vertical banner [type-id=253] Trading platform should be open in Demo Mode =>

2024-01-26 15:51:17.197495   3. Assert_v4
2024-01-26 15:51:17.197683   Checking that the trading platform page has opened (v4) =>
2024-01-26 15:51:19.548799   => Current page title: Trading Platform | Capital.com
2024-01-26 15:51:19.548975   Checking that the Trading platform LOGO is present on the page =>
2024-01-26 15:51:20.672735   Checking that the Trading platform opened in DEMO mode =>

Bug: Bid:11.02.02.01_10-it.gb.Auth

2024-01-26 15:51:37.269419   Проверка бага в таблице ретеста  =>

2024-01-26 15:51:37.275148   4. Fixing one row check results into Google Sheet Bugs Report =>
1 cells updated.
2024-01-26 15:51:37.686163   => 4. One row check results into Google Sheet Bugs Report fixed

2024-01-26 15:51:38.219045   4. Fixing one row check results into Google Sheet Bugs Report =>
1 cells updated.
2024-01-26 15:51:38.395679   => 4. One row check results into Google Sheet Bugs Report fixed

2024-01-26 15:51:38.395749   Bug: Bid:11.02.02.01_10-it.gb.Auth уже существует, но тип бага изменился с 16/01/24 на 11

2024-01-26 15:51:38.396178   Bug: Bid:11.02.02.01_10-it.gb.Auth-11 уже существует

2024-01-26 15:51:38.396335   4. Fixing one row check results into Google Sheet Bugs Report =>
1 cells updated.
2024-01-26 15:51:38.698649   => 4. One row check results into Google Sheet Bugs Report fixed
------------------------------ Captured log call -------------------------------
2024-01-26 15:51:11 ERROR Elements not present after 0.5 seconds on page: https://capital.com/it/fare-trading-canopy-growth
2024-01-26 15:51:11 ERROR 
Traceback (most recent call last):
  File "/home/runner/work/SeleniumCapital/SeleniumCapital/pages/base_page.py", line 82, in inner_function
    return func(*args, **kwargs)
           ^^^^^^^^^^^^^^^^^^^^^
  File "/home/runner/work/SeleniumCapital/SeleniumCapital/pages/base_page.py", line 293, in element_is_visible
    return Wait(self.browser, timeout).until(
           ^^^^^^^^^^^^^^^^^^^^^^^^^^^^^^^^^^
  File "/home/runner/.cache/pypoetry/virtualenvs/testcapitalcompyse-cIj6ROMf-py3.11/lib/python3.11/site-packages/selenium/webdriver/support/wait.py", line 105, in until
    raise TimeoutException(message, screen, stacktrace)
selenium.common.exceptions.TimeoutException: Message: 
Stacktrace:
#0 0x5558c9658f83 <unknown>
#1 0x5558c9311cf7 <unknown>
#2 0x5558c936199e <unknown>
#3 0x5558c9361aa1 <unknown>
#4 0x5558c93acd64 <unknown>
#5 0x5558c938b0dd <unknown>
#6 0x5558c93aa006 <unknown>
#7 0x5558c938ae53 <unknown>
#8 0x5558c9352dd4 <unknown>
#9 0x5558c93541de <unknown>
#10 0x5558c961d531 <unknown>
#11 0x5558c9621455 <unknown>
#12 0x5558c9609f55 <unknown>
#13 0x5558c96220ef <unknown>
#14 0x5558c95ed99f <unknown>
#15 0x5558c9646008 <unknown>
#16 0x5558c96461d7 <unknown>
#17 0x5558c9658124 <unknown>
#18 0x7fc7e0c94ac3 <unknown>

2024-01-26 15:51:37 ERROR Elements not present after 0.5 seconds on page: https://capital.com/trading/platform/
2024-01-26 15:51:37 ERROR 
Traceback (most recent call last):
  File "/home/runner/work/SeleniumCapital/SeleniumCapital/pages/base_page.py", line 82, in inner_function
    return func(*args, **kwargs)
           ^^^^^^^^^^^^^^^^^^^^^
  File "/home/runner/work/SeleniumCapital/SeleniumCapital/pages/base_page.py", line 293, in element_is_visible
    return Wait(self.browser, timeout).until(
           ^^^^^^^^^^^^^^^^^^^^^^^^^^^^^^^^^^
  File "/home/runner/.cache/pypoetry/virtualenvs/testcapitalcompyse-cIj6ROMf-py3.11/lib/python3.11/site-packages/selenium/webdriver/support/wait.py", line 105, in until
    raise TimeoutException(message, screen, stacktrace)
selenium.common.exceptions.TimeoutException: Message: 
Stacktrace:
#0 0x5558c9658f83 <unknown>
#1 0x5558c9311cf7 <unknown>
#2 0x5558c936199e <unknown>
#3 0x5558c9361aa1 <unknown>
#4 0x5558c93acd64 <unknown>
#5 0x5558c938b0dd <unknown>
#6 0x5558c93aa006 <unknown>
#7 0x5558c938ae53 <unknown>
#8 0x5558c9352dd4 <unknown>
#9 0x5558c93541de <unknown>
#10 0x5558c961d531 <unknown>
#11 0x5558c9621455 <unknown>
#12 0x5558c9609f55 <unknown>
#13 0x5558c96220ef <unknown>
#14 0x5558c95ed99f <unknown>
#15 0x5558c9646008 <unknown>
#16 0x5558c96461d7 <unknown>
#17 0x5558c9658124 <unknown>
#18 0x7fc7e0c94ac3 <unknown>
--------------------------- Captured stdout teardown ---------------------------

2024-01-26 15:51:39.053114   *** end fixture Browser = teardown ***

=============================== warnings summary ===============================
tests/US_11_Education/US_11-02-02_Shares_trading/US_11-02-02-01_Shares_trading_test.py::TestSharesTradingItems::test_10_block_vert_banner_button[https://capital.com/it/fare-trading-canopy-growth-Chrome--ae-Auth-aqa.tomelo.an@gmail.com-iT9Vgqi6d$fiZ*Z]
  /home/runner/.cache/pypoetry/virtualenvs/testcapitalcompyse-cIj6ROMf-py3.11/lib/python3.11/site-packages/pytest_html/plugin.py:133: DeprecationWarning: The 'report.extra' attribute is deprecated and will be removed in a future release, use 'report.extras' instead.
    warnings.warn(

-- Docs: https://docs.pytest.org/en/stable/how-to/capture-warnings.html
- Generated html report: file:///home/runner/work/SeleniumCapital/SeleniumCapital/report/report.html -
=========================== short test summary info ============================
FAILED tests/US_11_Education/US_11-02-02_Shares_trading/US_11-02-02-01_Shares_trading_test.py::TestSharesTradingItems::test_10_block_vert_banner_button[https://capital.com/it/fare-trading-canopy-growth-Chrome--ae-Auth-aqa.tomelo.an@gmail.com-iT9Vgqi6d$fiZ*Z] - AssertionError: Bug # 11. Trading platform is opened in not DEMO mode
============ 1 failed, 9 deselected, 1 warning in 67.25s (0:01:07) =============

2024-01-26 15:51:39.137749   => Текущий тест: 1 failed

2024-01-26 15:51:39.139340   => 3. check_results finished

2024-01-26 15:51:39.139530   4. Fixing one row check results into Google Sheet Bugs Report =>
1 cells updated.
2024-01-26 15:51:39.416212   => 4. One row check results into Google Sheet Bugs Report fixed
