


2024-01-26 15:45:48.453357   0. Get Values row =>
2024-01-26 15:45:48.453427   Row # = 1162
2024-01-26 15:45:48.453445   Row Values = 
['Bid:11.03.01.01_02-it.gb.NoAuth', 'Ubuntu 22.04', 'Chrome', '11.03.01.01', '_02', 'it', 'gb', 'FCA', 'NoAuth', 'https://capital.com/it/macd', 'Education', 'Trading strategies guide L1', 'Click Main banner > Button [Try demo]', 'Click Main banner > Button [Try demo]', '', '05', "Bug # 05. Opened a 'Sign up' form instead of a 'Login'", '', '', '', '16/01/24', 'failed']

2024-01-26 15:45:48.453597   1. Run pretest =>

2024-01-26 15:45:48.453640   row_loc = 
['Bid:11.03.01.01_02-it.gb.NoAuth', 'Ubuntu 22.04', 'Chrome', '11.03.01.01', '_02', 'it', 'gb', 'FCA', 'NoAuth', 'https://capital.com/it/macd', 'Education', 'Trading strategies guide L1', 'Click Main banner > Button [Try demo]', 'Click Main banner > Button [Try demo]', '', '05', "Bug # 05. Opened a 'Sign up' form instead of a 'Login'", '', '', '', '16/01/24', 'failed']

2024-01-26 15:45:48.453665   => 1. Pretest finished

2024-01-26 15:45:48.453789   2. Run run_pytest with Bid = Bid:11.03.01.01_02-it.gb.NoAuth from row =>

2024-01-26 15:45:48.453811   2.2. Run poetry run pytest ... in subprocess =>

2024-01-26 15:45:48.453831   Run command: 
poetry run pytest --retest=True --browser_name=Chrome --lang=it --country=gb --role=NoAuth --tpi_link=https://capital.com/it/macd -m test_02 -v \tests/US_11_Education/US_11-03-01_trading_strategies_guide/US_11-03-01-01_trading_strategies_guide_test.py

2024-01-26 15:46:38.229323   => 2.2. pytest ... as subprocess finished

2024-01-26 15:46:38.229375   => 2. Autotest with Bid = Bid:11.03.01.01_02-it.gb.NoAuth from row finished

2024-01-26 15:46:38.229444   3. Run check_results =>
2024-01-26 15:46:38.229465   test_results: 
============================= test session starts ==============================
platform linux -- Python 3.11.7, pytest-7.4.4, pluggy-1.3.0 -- /home/runner/.cache/pypoetry/virtualenvs/testcapitalcompyse-cIj6ROMf-py3.11/bin/python
cachedir: .pytest_cache
metadata: {'Python': '3.11.7', 'Platform': 'Linux-6.2.0-1018-azure-x86_64-with-glibc2.35', 'Packages': {'pytest': '7.4.4', 'pluggy': '1.3.0'}, 'Plugins': {'metadata': '3.0.0', 'timeout': '2.2.0', 'html': '4.1.1', 'xdist': '3.5.0', 'allure-pytest': '2.13.2'}, 'CI': 'true', 'JAVA_HOME': '/usr/lib/jvm/temurin-11-jdk-amd64'}
rootdir: /home/runner/work/SeleniumCapital/SeleniumCapital
configfile: pytest.ini
plugins: metadata-3.0.0, timeout-2.2.0, html-4.1.1, xdist-3.5.0, allure-pytest-2.13.2
collecting ... collected 10 items / 9 deselected / 1 selected

tests/US_11_Education/US_11-03-01_trading_strategies_guide/US_11-03-01-01_trading_strategies_guide_test.py::TestTradingStrategiesGuides::test_02_main_banner_try_demo_button[https://capital.com/it/macd-Chrome--ae-NoAuth-aqa.tomelo.an@gmail.com-iT9Vgqi6d$fiZ*Z] FAILED [100%]

=================================== FAILURES ===================================
_ TestTradingStrategiesGuides.test_02_main_banner_try_demo_button[https://capital.com/it/macd-Chrome--ae-NoAuth-aqa.tomelo.an@gmail.com-iT9Vgqi6d$fiZ*Z] _

self = <US_11-03-01-01_trading_strategies_guide_test.TestTradingStrategiesGuides object at 0x7f5ca7265910>
worker_id = 'master'
d = <selenium.webdriver.chrome.webdriver.WebDriver (session="f8f6f30a7ec8faa1c6416f7532090bdd")>
cur_language = 'it', cur_country = 'gb', cur_role = 'NoAuth'
cur_login = 'aqa.tomelo.an@gmail.com', cur_password = 'iT9Vgqi6d$fiZ*Z'
cur_item_link = 'https://capital.com/it/macd'

    @allure.step("Start test_11.03.01.01_02 of button [Try demo] on Main banner")
    @pytest.mark.test_02
    def test_02_main_banner_try_demo_button(
            self, worker_id, d, cur_language, cur_country, cur_role, cur_login, cur_password, cur_item_link):
        """
        Check: Button [Try demo] on Main banner
        Language: All. License: All.
        """
        bid = build_dynamic_arg_v4(
            d, worker_id, cur_language, cur_country, cur_role,
            "11.03.01", "Education > Menu item [Trading Strategies Guides]",
            ".01_02", "Testing button [Try demo] on Main banner")
    
        Common().check_language_in_list_and_skip_if_not_present(cur_language, ["", "de", "es", "it", "ru", "zh"])
    
        page_conditions = Conditions(d, "")
        page_conditions.preconditions(
            d, CapitalComPageSrc.URL, "", cur_language, cur_country, cur_role, cur_login, cur_password)
    
        test_element = MainBannerTryDemo(d, cur_item_link, bid)
>       test_element.full_test_with_tpi(d, cur_language, cur_country, cur_role, cur_item_link)

tests/US_11_Education/US_11-03-01_trading_strategies_guide/US_11-03-01-01_trading_strategies_guide_test.py:76: 
_ _ _ _ _ _ _ _ _ _ _ _ _ _ _ _ _ _ _ _ _ _ _ _ _ _ _ _ _ _ _ _ _ _ _ _ _ _ _ _ 
pages/Elements/ButtonTryDemoMainBanner.py:28: in full_test_with_tpi
    test_element.assert_login(d, cur_language, cur_item_link)
_ _ _ _ _ _ _ _ _ _ _ _ _ _ _ _ _ _ _ _ _ _ _ _ _ _ _ _ _ _ _ _ _ _ _ _ _ _ _ _ 

self = <pages.Elements.AssertClass.AssertClass object at 0x7f5ca7252a90>
d = <selenium.webdriver.chrome.webdriver.WebDriver (session="f8f6f30a7ec8faa1c6416f7532090bdd")>
cur_language = 'it', cur_link = 'https://capital.com/it/macd'

    @allure.step('Checking that "Login" form or page opened')
    def assert_login(self, d, cur_language, cur_link):
        """Method Assert Login form or page"""
        print(f"\n{datetime.now()}   3. Assert_Login_v0")
        self.page_signup_login = SignupLogin(d, cur_link)
        if self.page_signup_login.should_be_login_form():
            self.page_signup_login.close_login_form()
            del self.page_signup_login
        elif self.page_signup_login.should_be_login_page():
            self.page_signup_login.close_login_page()
            del self.page_signup_login
        elif self.page_signup_login.should_be_trading_platform_login_form(cur_language):
            self.page_signup_login.close_trading_platform_login_form()
            del self.page_signup_login
        elif self.page_signup_login.should_be_signup_form(cur_language):
            del self.page_signup_login
            print(f'\nBug: {self.bid}')
            retest_table_fill(self.bid, '05', self.link)
>           assert False, "Bug # 05. Opened a 'Sign up' form instead of a 'Login'"
E           AssertionError: Bug # 05. Opened a 'Sign up' form instead of a 'Login'

pages/Elements/AssertClass.py:69: AssertionError
---------------------------- Captured stdout setup -----------------------------

2024-01-26 15:45:49.389956   *** autouse fixture Chrome ***

{'width': 1280, 'height': 720}
Current test language - it
Current country of trading - gb



Current test role - NoAuth
Current login - aqa.tomelo.an@gmail.com
Current login - iT9Vgqi6d$fiZ*Z
----------------------------- Captured stdout call -----------------------------
{'width': 1280, 'height': 720}

2024-01-26 15:45:50.367625   worker_id = master

2024-01-26 15:45:50.367643   0. Allure grouping v4


2024-01-26 15:45:50.367832   START PRECONDITIONS =>

2024-01-26 15:45:52.025972   Load page https://capital.com

2024-01-26 15:45:52.026020   {'width': 1280, 'height': 720}

2024-01-26 15:45:52.029409   Set windows position at (0, 0) =>

2024-01-26 15:45:52.135830   Set resolution 1280 * 720 =>

2024-01-26 15:45:52.242667   => Resolution seted {'width': 1280, 'height': 720}

2024-01-26 15:45:57.286003   Капчи нет. Тестим дальше

2024-01-26 15:45:57.286097   Prev. Role: ?

2024-01-26 15:45:57.286109   Run preconditions: set "NoAuth" Role =>
2024-01-26 15:45:58.188004   Load page https://capital.com

2024-01-26 15:45:58.399770   => All cookies are deleted
2024-01-26 15:45:59.411375   Load page https://capital.com

2024-01-26 15:45:59.411628   Step 'Click button [Accept all cookies]'
2024-01-26 15:46:04.431190   Is Visible Button [Accept all cookies]? =>
2024-01-26 15:46:04.451057   => Button [Accept all cookies] is visible
2024-01-26 15:46:05.451178   Is clickable Button [Accept all cookies] =>
2024-01-26 15:46:05.476485   => Button [Accept all cookies] is clickable
2024-01-26 15:46:05.476526   Click Button [Accept all cookies] =>
2024-01-26 15:46:05.534583   => Button [Accept all cookies] is clicked
2024-01-26 15:46:05.534629   => Accepted All Cookies

2024-01-26 15:46:06.034977   Start Autorization

2024-01-26 15:46:06.035086   2. Act
2024-01-26 15:46:06.035099   Start Click button [Log in] =>
2024-01-26 15:46:06.045279   BUTTON_LOGIN scroll =>
2024-01-26 15:46:06.049373   Is BUTTON_LOGIN clickable? =>
2024-01-26 15:46:06.064246   => BUTTON_LOGIN is clickable
2024-01-26 15:46:06.064287   BUTTON_LOGIN click =>
2024-01-26 15:46:06.114745   => BUTTON_LOGIN is clicked!
2024-01-26 15:46:06.114830   => 'Login' form is opened
2024-01-26 15:46:06.565051   => "login" and "password" are inputted
2024-01-26 15:46:06.565102   Click [Continue] button on [Login] form =>
2024-01-26 15:46:06.651902   => [Continue] button on [Login] form is clicked
2024-01-26 15:46:09.240612   Start check that the Trading platform page is loaded and LOGO is present on it =>
2024-01-26 15:46:09.240651   Set timeout = 30
2024-01-26 15:46:09.240667   Wait until load page with special title =>
2024-01-26 15:46:09.243700   => Page with title "Trading Platform | Capital.com" is loaded
2024-01-26 15:46:09.243734   Is present LOGO on this page? =>
2024-01-26 15:46:10.695980   => LOGO is visible on this page
2024-01-26 15:46:10.696060   -> "Capital.com" logo is present on trading platform page

2024-01-26 15:46:11.706359   Start DeAuthorisation
2024-01-26 15:46:11.706478   1. BUTTON_MY_ACCOUNT is present? =>
2024-01-26 15:46:11.769796   => BUTTON_MY_ACCOUNT is present on this page
2024-01-26 15:46:13.059274   => Move to BUTTON_MY_ACCOUNT
2024-01-26 15:46:13.059318   2. BUTTON_MY_ACCOUNT is clickable? =>
2024-01-26 15:46:13.082121   => BUTTON_MY_ACCOUNT is clickable
2024-01-26 15:46:13.082155   BUTTON_MY_ACCOUNT Click =>
2024-01-26 15:46:13.920587   => User panel [My account] is opened

2024-01-26 15:46:13.920810   Start Click [Logout] button:
2024-01-26 15:46:13.920831   BUTTON_LOGOUT is present? =>
2024-01-26 15:46:13.931319   => BUTTON_LOGOUT is present
2024-01-26 15:46:13.931358   Is visible BUTTON_LOGOUT? =>
2024-01-26 15:46:13.945509   BUTTON_LOGOUT is clickable? =>
2024-01-26 15:46:13.959584   BUTTON_LOGOUT click =>
2024-01-26 15:46:14.012521   => BUTTON_LOGOUT is clicked

2024-01-26 15:46:14.012662   Current role: NoAuth

2024-01-26 15:46:14.012684   Prev language: ?

2024-01-26 15:46:14.012699   Run preconditions: set "it" language =>


2024-01-26 15:46:14.036109   => Language and Country menu is present


2024-01-26 15:46:14.051438   => Language and Country menu is visible


2024-01-26 15:46:15.825908   => Focus is moved on Language and Country menu 

2024-01-26 15:46:19.414876   => Current language: it

2024-01-26 15:46:19.414918   Prev country: ?

2024-01-26 15:46:19.414928   Run preconditions: set "gb" country =>


2024-01-26 15:46:19.443091   => Language and Country menu is present


2024-01-26 15:46:19.458033   => Language and Country menu is visible


2024-01-26 15:46:21.225745   => Focus is moved on Language and Country menu 

2024-01-26 15:46:23.863314   => Current country: gb

2024-01-26 15:46:23.863361   => THE END PRECONDITIONS

2024-01-26 15:46:23.863410   1. Arrange_v0
2024-01-26 15:46:24.906190   Load page https://capital.com/it/macd
2024-01-26 15:46:24.906239   BUTTON_TRY_DEMO is visible? =>
2024-01-26 15:46:24.943935   => BUTTON_TRY_DEMO is visible on the page!

2024-01-26 15:46:24.944109   2. Act_v0
2024-01-26 15:46:24.944123   BUTTON_TRY_DEMO is present? =>
2024-01-26 15:46:24.951841   => BUTTON_TRY_DEMO is present on the page!
2024-01-26 15:46:24.951876   BUTTON_TRY_DEMO scroll =>
2024-01-26 15:46:25.003873   => BUTTON_TRY_DEMO clicked!

2024-01-26 15:46:25.004152   3. Assert_Login_v0
2024-01-26 15:46:25.004228   Check that 'Login' form is opened
2024-01-26 15:46:30.563790   'Login' form not opened
2024-01-26 15:46:30.567045   'Login' page not opened
2024-01-26 15:46:36.129966   'Login' form on trading platform not opened
2024-01-26 15:46:36.130151   Start step Check that [Sign up] form is opened
2024-01-26 15:46:36.146390   'Sign up' form opened
2024-01-26 15:46:36.146422   Assert SIGNUP_HEADER =>
2024-01-26 15:46:36.163736   Assert SIGNUP_REF_LOGIN =>
2024-01-26 15:46:36.179190   Assert SIGNUP_PRIVACY_POLICY_ALL_2 =>
2024-01-26 15:46:36.194557   => SIGNUP_PRIVACY_POLICY_ALL
2024-01-26 15:46:36.194606   => 'Signup' form is checked

Bug: Bid:11.03.01.01_02-it.gb.NoAuth

2024-01-26 15:46:36.194671   Проверка бага в таблице ретеста  =>

2024-01-26 15:46:36.203338   4. Fixing one row check results into Google Sheet Bugs Report =>
1 cells updated.
2024-01-26 15:46:36.742207   => 4. One row check results into Google Sheet Bugs Report fixed

2024-01-26 15:46:37.292684   4. Fixing one row check results into Google Sheet Bugs Report =>
1 cells updated.
2024-01-26 15:46:37.467958   => 4. One row check results into Google Sheet Bugs Report fixed

2024-01-26 15:46:37.468030   Bug: Bid:11.03.01.01_02-it.gb.NoAuth уже существует, но тип бага изменился с 16/01/24 на 05

2024-01-26 15:46:37.468467   Bug: Bid:11.03.01.01_02-it.gb.NoAuth-05 уже существует

2024-01-26 15:46:37.468671   4. Fixing one row check results into Google Sheet Bugs Report =>
1 cells updated.
2024-01-26 15:46:37.776112   => 4. One row check results into Google Sheet Bugs Report fixed
------------------------------ Captured log call -------------------------------
2024-01-26 15:46:30 ERROR Elements not present after 0.5 seconds on page: https://capital.com/it/macd
2024-01-26 15:46:30 ERROR 
Traceback (most recent call last):
  File "/home/runner/work/SeleniumCapital/SeleniumCapital/pages/base_page.py", line 82, in inner_function
    return func(*args, **kwargs)
           ^^^^^^^^^^^^^^^^^^^^^
  File "/home/runner/work/SeleniumCapital/SeleniumCapital/pages/base_page.py", line 293, in element_is_visible
    return Wait(self.browser, timeout).until(
           ^^^^^^^^^^^^^^^^^^^^^^^^^^^^^^^^^^
  File "/home/runner/.cache/pypoetry/virtualenvs/testcapitalcompyse-cIj6ROMf-py3.11/lib/python3.11/site-packages/selenium/webdriver/support/wait.py", line 105, in until
    raise TimeoutException(message, screen, stacktrace)
selenium.common.exceptions.TimeoutException: Message: 
Stacktrace:
#0 0x55b90e5f5f83 <unknown>
#1 0x55b90e2aecf7 <unknown>
#2 0x55b90e2fe99e <unknown>
#3 0x55b90e2feaa1 <unknown>
#4 0x55b90e349d64 <unknown>
#5 0x55b90e3280dd <unknown>
#6 0x55b90e347006 <unknown>
#7 0x55b90e327e53 <unknown>
#8 0x55b90e2efdd4 <unknown>
#9 0x55b90e2f11de <unknown>
#10 0x55b90e5ba531 <unknown>
#11 0x55b90e5be455 <unknown>
#12 0x55b90e5a6f55 <unknown>
#13 0x55b90e5bf0ef <unknown>
#14 0x55b90e58a99f <unknown>
#15 0x55b90e5e3008 <unknown>
#16 0x55b90e5e31d7 <unknown>
#17 0x55b90e5f5124 <unknown>
#18 0x7f15c4094ac3 <unknown>

2024-01-26 15:46:36 ERROR Elements not present after 0.5 seconds on page: https://capital.com/it/macd
2024-01-26 15:46:36 ERROR 
Traceback (most recent call last):
  File "/home/runner/work/SeleniumCapital/SeleniumCapital/pages/base_page.py", line 82, in inner_function
    return func(*args, **kwargs)
           ^^^^^^^^^^^^^^^^^^^^^
  File "/home/runner/work/SeleniumCapital/SeleniumCapital/pages/base_page.py", line 293, in element_is_visible
    return Wait(self.browser, timeout).until(
           ^^^^^^^^^^^^^^^^^^^^^^^^^^^^^^^^^^
  File "/home/runner/.cache/pypoetry/virtualenvs/testcapitalcompyse-cIj6ROMf-py3.11/lib/python3.11/site-packages/selenium/webdriver/support/wait.py", line 105, in until
    raise TimeoutException(message, screen, stacktrace)
selenium.common.exceptions.TimeoutException: Message: 
Stacktrace:
#0 0x55b90e5f5f83 <unknown>
#1 0x55b90e2aecf7 <unknown>
#2 0x55b90e2fe99e <unknown>
#3 0x55b90e2feaa1 <unknown>
#4 0x55b90e349d64 <unknown>
#5 0x55b90e3280dd <unknown>
#6 0x55b90e347006 <unknown>
#7 0x55b90e327e53 <unknown>
#8 0x55b90e2efdd4 <unknown>
#9 0x55b90e2f11de <unknown>
#10 0x55b90e5ba531 <unknown>
#11 0x55b90e5be455 <unknown>
#12 0x55b90e5a6f55 <unknown>
#13 0x55b90e5bf0ef <unknown>
#14 0x55b90e58a99f <unknown>
#15 0x55b90e5e3008 <unknown>
#16 0x55b90e5e31d7 <unknown>
#17 0x55b90e5f5124 <unknown>
#18 0x7f15c4094ac3 <unknown>
--------------------------- Captured stdout teardown ---------------------------

2024-01-26 15:46:38.118965   *** end fixture Browser = teardown ***

=============================== warnings summary ===============================
tests/US_11_Education/US_11-03-01_trading_strategies_guide/US_11-03-01-01_trading_strategies_guide_test.py::TestTradingStrategiesGuides::test_02_main_banner_try_demo_button[https://capital.com/it/macd-Chrome--ae-NoAuth-aqa.tomelo.an@gmail.com-iT9Vgqi6d$fiZ*Z]
  /home/runner/.cache/pypoetry/virtualenvs/testcapitalcompyse-cIj6ROMf-py3.11/lib/python3.11/site-packages/pytest_html/plugin.py:133: DeprecationWarning: The 'report.extra' attribute is deprecated and will be removed in a future release, use 'report.extras' instead.
    warnings.warn(

-- Docs: https://docs.pytest.org/en/stable/how-to/capture-warnings.html
- Generated html report: file:///home/runner/work/SeleniumCapital/SeleniumCapital/report/report.html -
=========================== short test summary info ============================
FAILED tests/US_11_Education/US_11-03-01_trading_strategies_guide/US_11-03-01-01_trading_strategies_guide_test.py::TestTradingStrategiesGuides::test_02_main_banner_try_demo_button[https://capital.com/it/macd-Chrome--ae-NoAuth-aqa.tomelo.an@gmail.com-iT9Vgqi6d$fiZ*Z] - AssertionError: Bug # 05. Opened a 'Sign up' form instead of a 'Login'
================= 1 failed, 9 deselected, 1 warning in 48.90s ==================

2024-01-26 15:46:38.230032   => Текущий тест: 1 failed

2024-01-26 15:46:38.231204   => 3. check_results finished

2024-01-26 15:46:38.231368   4. Fixing one row check results into Google Sheet Bugs Report =>
1 cells updated.
2024-01-26 15:46:38.398009   => 4. One row check results into Google Sheet Bugs Report fixed
