


2024-01-26 15:03:06.368144   0. Get Values row =>
2024-01-26 15:03:06.368176   Row # = 138
2024-01-26 15:03:06.368186   Row Values = 
['Bid:11.02.02.00_02-ro.gb.NoAuth', 'Ubuntu 22.04', 'Chrome', '11.02.02.00', '_02', 'ro', 'gb', 'FCA', 'NoAuth', '', 'Education', 'Shares trading', 'Click Main banner > Button [Try demo]', 'Click Main banner > Button [Try demo]', '', '05', "Bug # 05. Opened a 'Sign up' form instead of a 'Login'", '', '', '', '25/01/24']

2024-01-26 15:03:06.368271   1. Run pretest =>

2024-01-26 15:03:06.368284   row_loc = 
['Bid:11.02.02.00_02-ro.gb.NoAuth', 'Ubuntu 22.04', 'Chrome', '11.02.02.00', '_02', 'ro', 'gb', 'FCA', 'NoAuth', '', 'Education', 'Shares trading', 'Click Main banner > Button [Try demo]', 'Click Main banner > Button [Try demo]', '', '05', "Bug # 05. Opened a 'Sign up' form instead of a 'Login'", '', '', '', '25/01/24']

2024-01-26 15:03:06.368298   => 1. Pretest finished

2024-01-26 15:03:06.368364   2. Run run_pytest with Bid = Bid:11.02.02.00_02-ro.gb.NoAuth from row =>

2024-01-26 15:03:06.368377   2.2. Run poetry run pytest ... in subprocess =>

2024-01-26 15:03:06.368389   Run command: 
poetry run pytest --retest=True --browser_name=Chrome --lang=ro --country=gb --role=NoAuth -m test_02 -v \tests/US_11_Education/US_11-02-02_Shares_trading/US_11-02-02-00_Shares_trading_test.py

2024-01-26 15:03:58.086357   => 2.2. pytest ... as subprocess finished

2024-01-26 15:03:58.086413   => 2. Autotest with Bid = Bid:11.02.02.00_02-ro.gb.NoAuth from row finished

2024-01-26 15:03:58.086483   3. Run check_results =>
2024-01-26 15:03:58.086505   test_results: 
============================= test session starts ==============================
platform linux -- Python 3.11.7, pytest-7.4.4, pluggy-1.3.0 -- /home/runner/.cache/pypoetry/virtualenvs/testcapitalcompyse-cIj6ROMf-py3.11/bin/python
cachedir: .pytest_cache
metadata: {'Python': '3.11.7', 'Platform': 'Linux-6.2.0-1018-azure-x86_64-with-glibc2.35', 'Packages': {'pytest': '7.4.4', 'pluggy': '1.3.0'}, 'Plugins': {'metadata': '3.0.0', 'timeout': '2.2.0', 'html': '4.1.1', 'xdist': '3.5.0', 'allure-pytest': '2.13.2'}, 'CI': 'true', 'JAVA_HOME': '/usr/lib/jvm/temurin-11-jdk-amd64'}
rootdir: /home/runner/work/SeleniumCapital/SeleniumCapital
configfile: pytest.ini
plugins: metadata-3.0.0, timeout-2.2.0, html-4.1.1, xdist-3.5.0, allure-pytest-2.13.2
collecting ... collected 7 items / 6 deselected / 1 selected

tests/US_11_Education/US_11-02-02_Shares_trading/US_11-02-02-00_Shares_trading_test.py::TestSharesTrading::test_02_main_banner_try_demo_button[Chrome--ae-NoAuth-aqa.tomelo.an@gmail.com-iT9Vgqi6d$fiZ*Z] FAILED [100%]

=================================== FAILURES ===================================
_ TestSharesTrading.test_02_main_banner_try_demo_button[Chrome--ae-NoAuth-aqa.tomelo.an@gmail.com-iT9Vgqi6d$fiZ*Z] _

self = <US_11-02-02-00_Shares_trading_test.TestSharesTrading object at 0x7f097b129910>
worker_id = 'master'
d = <selenium.webdriver.chrome.webdriver.WebDriver (session="82eb809f5747ddccbcd0b7da0b1a67ca")>
cur_language = 'ro', cur_country = 'gb', cur_role = 'NoAuth'
cur_login = 'aqa.tomelo.an@gmail.com', cur_password = 'iT9Vgqi6d$fiZ*Z'

    @allure.step("Start test of button [Try demo] on Main banner")
    # @pytest.mark.skip(reason="Skipped for debugging")
    @pytest.mark.test_02
    def test_02_main_banner_try_demo_button(
            self, worker_id, d, cur_language, cur_country, cur_role, cur_login, cur_password):
        """
        Check: Button [Try demo] on Main banner
        Language: All (Except: EL, HU, NL). License: All.
        """
        bid = build_dynamic_arg_v4(
            d, worker_id, cur_language, cur_country, cur_role,
            "11.02.02", "Education > Menu item [Shares trading]",
            ".00_02", "Testing button [Try demo] on Main banner")
    
        Common().skip_if_eng_lang_and_fca_license(cur_language, cur_country)
    
        check_language(cur_language)
    
        page_conditions = Conditions(d, "")
        main_page_link = page_conditions.preconditions(
            d, CapitalComPageSrc.URL, "", cur_language, cur_country, cur_role, cur_login, cur_password)
    
        page_menu = MenuSection(d, main_page_link)
        cur_menu_link = page_menu.open_education_shares_trading_menu(d, cur_language, cur_country, main_page_link)
    
        test_element = MainBannerTryDemo(d, cur_menu_link, bid)
>       test_element.full_test_with_tpi(d, cur_language, cur_country, cur_role, cur_menu_link)

tests/US_11_Education/US_11-02-02_Shares_trading/US_11-02-02-00_Shares_trading_test.py:106: 
_ _ _ _ _ _ _ _ _ _ _ _ _ _ _ _ _ _ _ _ _ _ _ _ _ _ _ _ _ _ _ _ _ _ _ _ _ _ _ _ 
pages/Elements/ButtonTryDemoMainBanner.py:28: in full_test_with_tpi
    test_element.assert_login(d, cur_language, cur_item_link)
_ _ _ _ _ _ _ _ _ _ _ _ _ _ _ _ _ _ _ _ _ _ _ _ _ _ _ _ _ _ _ _ _ _ _ _ _ _ _ _ 

self = <pages.Elements.AssertClass.AssertClass object at 0x7f097b0f2750>
d = <selenium.webdriver.chrome.webdriver.WebDriver (session="82eb809f5747ddccbcd0b7da0b1a67ca")>
cur_language = 'ro', cur_link = 'https://capital.com/ro/trade-stocks'

    @allure.step('Checking that "Login" form or page opened')
    def assert_login(self, d, cur_language, cur_link):
        """Method Assert Login form or page"""
        print(f"\n{datetime.now()}   3. Assert_Login_v0")
        self.page_signup_login = SignupLogin(d, cur_link)
        if self.page_signup_login.should_be_login_form():
            self.page_signup_login.close_login_form()
            del self.page_signup_login
        elif self.page_signup_login.should_be_login_page():
            self.page_signup_login.close_login_page()
            del self.page_signup_login
        elif self.page_signup_login.should_be_trading_platform_login_form(cur_language):
            self.page_signup_login.close_trading_platform_login_form()
            del self.page_signup_login
        elif self.page_signup_login.should_be_signup_form(cur_language):
            del self.page_signup_login
            print(f'\nBug: {self.bid}')
            retest_table_fill(self.bid, '05', self.link)
>           assert False, "Bug # 05. Opened a 'Sign up' form instead of a 'Login'"
E           AssertionError: Bug # 05. Opened a 'Sign up' form instead of a 'Login'

pages/Elements/AssertClass.py:69: AssertionError
---------------------------- Captured stdout setup -----------------------------

2024-01-26 15:03:07.188423   *** autouse fixture Chrome ***

{'width': 1280, 'height': 720}
Current test language - ro
Current country of trading - gb



Current test role - NoAuth
Current login - aqa.tomelo.an@gmail.com
Current login - iT9Vgqi6d$fiZ*Z
----------------------------- Captured stdout call -----------------------------
{'width': 1280, 'height': 720}

2024-01-26 15:03:08.172457   worker_id = master

2024-01-26 15:03:08.172482   0. Allure grouping v4


2024-01-26 15:03:08.172777   START PRECONDITIONS =>

2024-01-26 15:03:09.769441   Load page https://capital.com

2024-01-26 15:03:09.769492   {'width': 1280, 'height': 720}

2024-01-26 15:03:09.773646   Set windows position at (0, 0) =>

2024-01-26 15:03:09.880116   Set resolution 1280 * 720 =>

2024-01-26 15:03:09.990023   => Resolution seted {'width': 1280, 'height': 720}

2024-01-26 15:03:15.000498   Капчи нет. Тестим дальше

2024-01-26 15:03:15.000593   Prev. Role: ?

2024-01-26 15:03:15.000607   Run preconditions: set "NoAuth" Role =>
2024-01-26 15:03:15.741515   Load page https://capital.com

2024-01-26 15:03:15.947272   => All cookies are deleted
2024-01-26 15:03:16.704327   Load page https://capital.com

2024-01-26 15:03:16.704525   Step 'Click button [Accept all cookies]'
2024-01-26 15:03:21.752860   Is Visible Button [Accept all cookies]? =>
2024-01-26 15:03:21.783646   => Button [Accept all cookies] is visible
2024-01-26 15:03:22.783773   Is clickable Button [Accept all cookies] =>
2024-01-26 15:03:22.815470   => Button [Accept all cookies] is clickable
2024-01-26 15:03:22.815510   Click Button [Accept all cookies] =>
2024-01-26 15:03:22.902048   => Button [Accept all cookies] is clicked
2024-01-26 15:03:22.902093   => Accepted All Cookies

2024-01-26 15:03:23.402429   Start Autorization

2024-01-26 15:03:23.402529   2. Act
2024-01-26 15:03:23.402542   Start Click button [Log in] =>
2024-01-26 15:03:23.419389   BUTTON_LOGIN scroll =>
2024-01-26 15:03:23.423520   Is BUTTON_LOGIN clickable? =>
2024-01-26 15:03:23.437925   => BUTTON_LOGIN is clickable
2024-01-26 15:03:23.437958   BUTTON_LOGIN click =>
2024-01-26 15:03:23.499065   => BUTTON_LOGIN is clicked!
2024-01-26 15:03:23.499176   => 'Login' form is opened
2024-01-26 15:03:23.974780   => "login" and "password" are inputted
2024-01-26 15:03:23.974834   Click [Continue] button on [Login] form =>
2024-01-26 15:03:24.085067   => [Continue] button on [Login] form is clicked
2024-01-26 15:03:27.053096   Start check that the Trading platform page is loaded and LOGO is present on it =>
2024-01-26 15:03:27.053135   Set timeout = 30
2024-01-26 15:03:27.053156   Wait until load page with special title =>
2024-01-26 15:03:27.060065   => Page with title "Trading Platform | Capital.com" is loaded
2024-01-26 15:03:27.060106   Is present LOGO on this page? =>
2024-01-26 15:03:28.466804   => LOGO is visible on this page
2024-01-26 15:03:28.466906   -> "Capital.com" logo is present on trading platform page

2024-01-26 15:03:29.641712   Start DeAuthorisation
2024-01-26 15:03:29.641868   1. BUTTON_MY_ACCOUNT is present? =>
2024-01-26 15:03:29.686761   => BUTTON_MY_ACCOUNT is present on this page
2024-01-26 15:03:31.009223   => Move to BUTTON_MY_ACCOUNT
2024-01-26 15:03:31.009270   2. BUTTON_MY_ACCOUNT is clickable? =>
2024-01-26 15:03:31.031190   => BUTTON_MY_ACCOUNT is clickable
2024-01-26 15:03:31.031229   BUTTON_MY_ACCOUNT Click =>
2024-01-26 15:03:31.866591   => User panel [My account] is opened

2024-01-26 15:03:31.866788   Start Click [Logout] button:
2024-01-26 15:03:31.866803   BUTTON_LOGOUT is present? =>
2024-01-26 15:03:31.878179   => BUTTON_LOGOUT is present
2024-01-26 15:03:31.878212   Is visible BUTTON_LOGOUT? =>
2024-01-26 15:03:31.890004   BUTTON_LOGOUT is clickable? =>
2024-01-26 15:03:31.903895   BUTTON_LOGOUT click =>
2024-01-26 15:03:31.961898   => BUTTON_LOGOUT is clicked

2024-01-26 15:03:31.962031   Current role: NoAuth

2024-01-26 15:03:31.962048   Prev language: ?

2024-01-26 15:03:31.962061   Run preconditions: set "ro" language =>


2024-01-26 15:03:31.987546   => Language and Country menu is present


2024-01-26 15:03:32.014886   => Language and Country menu is visible


2024-01-26 15:03:33.794929   => Focus is moved on Language and Country menu 

2024-01-26 15:03:35.420615   => Current language: ro

2024-01-26 15:03:35.420657   Prev country: ?

2024-01-26 15:03:35.420667   Run preconditions: set "gb" country =>


2024-01-26 15:03:35.449328   => Language and Country menu is present


2024-01-26 15:03:35.470505   => Language and Country menu is visible


2024-01-26 15:03:37.244715   => Focus is moved on Language and Country menu 

2024-01-26 15:03:39.437775   => Current country: gb

2024-01-26 15:03:39.437808   => THE END PRECONDITIONS

2024-01-26 15:03:39.437839   1. Cur URL = https://capital.com/ro?country=gb

2024-01-26 15:03:39.448146   2. Link = https://capital.com/ro
2024-01-26 15:03:40.465329   Load page https://capital.com/ro
2024-01-26 15:03:40.977925   => Education menu is present
2024-01-26 15:03:40.994808   => Education menu is visible
2024-01-26 15:03:42.278083   => Education menu focus moved


2024-01-26 15:03:44.631312   => Shares trading sub-menu clicked

2024-01-26 15:03:44.634884   1. Arrange_v0
2024-01-26 15:03:44.638254   BUTTON_TRY_DEMO is visible? =>
2024-01-26 15:03:44.678836   => BUTTON_TRY_DEMO is visible on the page!

2024-01-26 15:03:44.679015   2. Act_v0
2024-01-26 15:03:44.679029   BUTTON_TRY_DEMO is present? =>
2024-01-26 15:03:44.686941   => BUTTON_TRY_DEMO is present on the page!
2024-01-26 15:03:44.686964   BUTTON_TRY_DEMO scroll =>
2024-01-26 15:03:44.743822   => BUTTON_TRY_DEMO clicked!

2024-01-26 15:03:44.744048   3. Assert_Login_v0
2024-01-26 15:03:44.744120   Check that 'Login' form is opened
2024-01-26 15:03:50.295040   'Login' form not opened
2024-01-26 15:03:50.297872   'Login' page not opened
2024-01-26 15:03:55.832775   'Login' form on trading platform not opened
2024-01-26 15:03:55.832950   Start step Check that [Sign up] form is opened
2024-01-26 15:03:55.847006   'Sign up' form opened
2024-01-26 15:03:55.847029   Assert SIGNUP_HEADER =>
2024-01-26 15:03:55.860651   Assert SIGNUP_REF_LOGIN =>
2024-01-26 15:03:55.873539   Assert SIGNUP_PRIVACY_POLICY_ALL_2 =>
2024-01-26 15:03:55.888856   => SIGNUP_PRIVACY_POLICY_ALL
2024-01-26 15:03:55.888889   => 'Signup' form is checked

Bug: Bid:11.02.02.00_02-ro.gb.NoAuth

2024-01-26 15:03:55.888953   Проверка бага в таблице ретеста  =>

2024-01-26 15:03:55.894655   4. Fixing one row check results into Google Sheet Bugs Report =>
1 cells updated.
2024-01-26 15:03:56.433092   => 4. One row check results into Google Sheet Bugs Report fixed

2024-01-26 15:03:57.011206   4. Fixing one row check results into Google Sheet Bugs Report =>
1 cells updated.
2024-01-26 15:03:57.379250   => 4. One row check results into Google Sheet Bugs Report fixed

2024-01-26 15:03:57.379319   Bug: Bid:11.02.02.00_02-ro.gb.NoAuth уже существует, но тип бага изменился с 25/01/24 на 05

2024-01-26 15:03:57.379711   Bug: Bid:11.02.02.00_02-ro.gb.NoAuth-05 уже существует

2024-01-26 15:03:57.379853   4. Fixing one row check results into Google Sheet Bugs Report =>
1 cells updated.
2024-01-26 15:03:57.722000   => 4. One row check results into Google Sheet Bugs Report fixed
------------------------------ Captured log call -------------------------------
2024-01-26 15:03:50 ERROR Elements not present after 0.5 seconds on page: https://capital.com/ro/trade-stocks
2024-01-26 15:03:50 ERROR 
Traceback (most recent call last):
  File "/home/runner/work/SeleniumCapital/SeleniumCapital/pages/base_page.py", line 82, in inner_function
    return func(*args, **kwargs)
           ^^^^^^^^^^^^^^^^^^^^^
  File "/home/runner/work/SeleniumCapital/SeleniumCapital/pages/base_page.py", line 293, in element_is_visible
    return Wait(self.browser, timeout).until(
           ^^^^^^^^^^^^^^^^^^^^^^^^^^^^^^^^^^
  File "/home/runner/.cache/pypoetry/virtualenvs/testcapitalcompyse-cIj6ROMf-py3.11/lib/python3.11/site-packages/selenium/webdriver/support/wait.py", line 105, in until
    raise TimeoutException(message, screen, stacktrace)
selenium.common.exceptions.TimeoutException: Message: 
Stacktrace:
#0 0x55d389c5af83 <unknown>
#1 0x55d389913cf7 <unknown>
#2 0x55d38996399e <unknown>
#3 0x55d389963aa1 <unknown>
#4 0x55d3899aed64 <unknown>
#5 0x55d38998d0dd <unknown>
#6 0x55d3899ac006 <unknown>
#7 0x55d38998ce53 <unknown>
#8 0x55d389954dd4 <unknown>
#9 0x55d3899561de <unknown>
#10 0x55d389c1f531 <unknown>
#11 0x55d389c23455 <unknown>
#12 0x55d389c0bf55 <unknown>
#13 0x55d389c240ef <unknown>
#14 0x55d389bef99f <unknown>
#15 0x55d389c48008 <unknown>
#16 0x55d389c481d7 <unknown>
#17 0x55d389c5a124 <unknown>
#18 0x7efdf0e94ac3 <unknown>

2024-01-26 15:03:55 ERROR Elements not present after 0.5 seconds on page: https://capital.com/ro/trade-stocks
2024-01-26 15:03:55 ERROR 
Traceback (most recent call last):
  File "/home/runner/work/SeleniumCapital/SeleniumCapital/pages/base_page.py", line 82, in inner_function
    return func(*args, **kwargs)
           ^^^^^^^^^^^^^^^^^^^^^
  File "/home/runner/work/SeleniumCapital/SeleniumCapital/pages/base_page.py", line 293, in element_is_visible
    return Wait(self.browser, timeout).until(
           ^^^^^^^^^^^^^^^^^^^^^^^^^^^^^^^^^^
  File "/home/runner/.cache/pypoetry/virtualenvs/testcapitalcompyse-cIj6ROMf-py3.11/lib/python3.11/site-packages/selenium/webdriver/support/wait.py", line 105, in until
    raise TimeoutException(message, screen, stacktrace)
selenium.common.exceptions.TimeoutException: Message: 
Stacktrace:
#0 0x55d389c5af83 <unknown>
#1 0x55d389913cf7 <unknown>
#2 0x55d38996399e <unknown>
#3 0x55d389963aa1 <unknown>
#4 0x55d3899aed64 <unknown>
#5 0x55d38998d0dd <unknown>
#6 0x55d3899ac006 <unknown>
#7 0x55d38998ce53 <unknown>
#8 0x55d389954dd4 <unknown>
#9 0x55d3899561de <unknown>
#10 0x55d389c1f531 <unknown>
#11 0x55d389c23455 <unknown>
#12 0x55d389c0bf55 <unknown>
#13 0x55d389c240ef <unknown>
#14 0x55d389bef99f <unknown>
#15 0x55d389c48008 <unknown>
#16 0x55d389c481d7 <unknown>
#17 0x55d389c5a124 <unknown>
#18 0x7efdf0e94ac3 <unknown>
--------------------------- Captured stdout teardown ---------------------------

2024-01-26 15:03:58.004544   *** end fixture Browser = teardown ***

=============================== warnings summary ===============================
tests/US_11_Education/US_11-02-02_Shares_trading/US_11-02-02-00_Shares_trading_test.py::TestSharesTrading::test_02_main_banner_try_demo_button[Chrome--ae-NoAuth-aqa.tomelo.an@gmail.com-iT9Vgqi6d$fiZ*Z]
  /home/runner/.cache/pypoetry/virtualenvs/testcapitalcompyse-cIj6ROMf-py3.11/lib/python3.11/site-packages/pytest_html/plugin.py:133: DeprecationWarning: The 'report.extra' attribute is deprecated and will be removed in a future release, use 'report.extras' instead.
    warnings.warn(

-- Docs: https://docs.pytest.org/en/stable/how-to/capture-warnings.html
- Generated html report: file:///home/runner/work/SeleniumCapital/SeleniumCapital/report/report.html -
=========================== short test summary info ============================
FAILED tests/US_11_Education/US_11-02-02_Shares_trading/US_11-02-02-00_Shares_trading_test.py::TestSharesTrading::test_02_main_banner_try_demo_button[Chrome--ae-NoAuth-aqa.tomelo.an@gmail.com-iT9Vgqi6d$fiZ*Z] - AssertionError: Bug # 05. Opened a 'Sign up' form instead of a 'Login'
================= 1 failed, 6 deselected, 1 warning in 50.97s ==================

2024-01-26 15:03:58.087054   => Текущий тест: 1 failed

2024-01-26 15:03:58.088477   => 3. check_results finished

2024-01-26 15:03:58.088646   4. Fixing one row check results into Google Sheet Bugs Report =>
1 cells updated.
2024-01-26 15:03:58.271535   => 4. One row check results into Google Sheet Bugs Report fixed
