2024-01-26 15:59:01 ERROR Elements not present after 0.5 seconds on page: https://capital.com/es/operar-cobre
2024-01-26 15:59:01 ERROR 
Traceback (most recent call last):
  File "/home/runner/work/SeleniumCapital/SeleniumCapital/pages/base_page.py", line 82, in inner_function
    return func(*args, **kwargs)
           ^^^^^^^^^^^^^^^^^^^^^
  File "/home/runner/work/SeleniumCapital/SeleniumCapital/pages/base_page.py", line 293, in element_is_visible
    return Wait(self.browser, timeout).until(
           ^^^^^^^^^^^^^^^^^^^^^^^^^^^^^^^^^^
  File "/home/runner/.cache/pypoetry/virtualenvs/testcapitalcompyse-cIj6ROMf-py3.11/lib/python3.11/site-packages/selenium/webdriver/support/wait.py", line 105, in until
    raise TimeoutException(message, screen, stacktrace)
selenium.common.exceptions.TimeoutException: Message: 
Stacktrace:
#0 0x564884db7f83 <unknown>
#1 0x564884a70cf7 <unknown>
#2 0x564884ac099e <unknown>
#3 0x564884ac0aa1 <unknown>
#4 0x564884b0bd64 <unknown>
#5 0x564884aea0dd <unknown>
#6 0x564884b09006 <unknown>
#7 0x564884ae9e53 <unknown>
#8 0x564884ab1dd4 <unknown>
#9 0x564884ab31de <unknown>
#10 0x564884d7c531 <unknown>
#11 0x564884d80455 <unknown>
#12 0x564884d68f55 <unknown>
#13 0x564884d810ef <unknown>
#14 0x564884d4c99f <unknown>
#15 0x564884da5008 <unknown>
#16 0x564884da51d7 <unknown>
#17 0x564884db7124 <unknown>
#18 0x7f0fdec94ac3 <unknown>

2024-01-26 15:59:09 ERROR Elements not present after 0.5 seconds on page: https://capital.com/trading/signup
2024-01-26 15:59:09 ERROR 
Traceback (most recent call last):
  File "/home/runner/work/SeleniumCapital/SeleniumCapital/pages/base_page.py", line 82, in inner_function
    return func(*args, **kwargs)
           ^^^^^^^^^^^^^^^^^^^^^
  File "/home/runner/work/SeleniumCapital/SeleniumCapital/pages/base_page.py", line 293, in element_is_visible
    return Wait(self.browser, timeout).until(
           ^^^^^^^^^^^^^^^^^^^^^^^^^^^^^^^^^^
  File "/home/runner/.cache/pypoetry/virtualenvs/testcapitalcompyse-cIj6ROMf-py3.11/lib/python3.11/site-packages/selenium/webdriver/support/wait.py", line 105, in until
    raise TimeoutException(message, screen, stacktrace)
selenium.common.exceptions.TimeoutException: Message: 
Stacktrace:
#0 0x564884db7f83 <unknown>
#1 0x564884a70cf7 <unknown>
#2 0x564884ac099e <unknown>
#3 0x564884ac0aa1 <unknown>
#4 0x564884b0bd64 <unknown>
#5 0x564884aea0dd <unknown>
#6 0x564884b09006 <unknown>
#7 0x564884ae9e53 <unknown>
#8 0x564884ab1dd4 <unknown>
#9 0x564884ab31de <unknown>
#10 0x564884d7c531 <unknown>
#11 0x564884d80455 <unknown>
#12 0x564884d68f55 <unknown>
#13 0x564884d810ef <unknown>
#14 0x564884d4c99f <unknown>
#15 0x564884da5008 <unknown>
#16 0x564884da51d7 <unknown>
#17 0x564884db7124 <unknown>
#18 0x7f0fdec94ac3 <unknown>

2024-01-26 15:59:14 ERROR Elements not present after 0.5 seconds on page: https://capital.com/trading/signup
2024-01-26 15:59:14 ERROR 
Traceback (most recent call last):
  File "/home/runner/work/SeleniumCapital/SeleniumCapital/pages/base_page.py", line 82, in inner_function
    return func(*args, **kwargs)
           ^^^^^^^^^^^^^^^^^^^^^
  File "/home/runner/work/SeleniumCapital/SeleniumCapital/pages/base_page.py", line 293, in element_is_visible
    return Wait(self.browser, timeout).until(
           ^^^^^^^^^^^^^^^^^^^^^^^^^^^^^^^^^^
  File "/home/runner/.cache/pypoetry/virtualenvs/testcapitalcompyse-cIj6ROMf-py3.11/lib/python3.11/site-packages/selenium/webdriver/support/wait.py", line 105, in until
    raise TimeoutException(message, screen, stacktrace)
selenium.common.exceptions.TimeoutException: Message: 
Stacktrace:
#0 0x564884db7f83 <unknown>
#1 0x564884a70cf7 <unknown>
#2 0x564884ac099e <unknown>
#3 0x564884ac0aa1 <unknown>
#4 0x564884b0bd64 <unknown>
#5 0x564884aea0dd <unknown>
#6 0x564884b09006 <unknown>
#7 0x564884ae9e53 <unknown>
#8 0x564884ab1dd4 <unknown>
#9 0x564884ab31de <unknown>
#10 0x564884d7c531 <unknown>
#11 0x564884d80455 <unknown>
#12 0x564884d68f55 <unknown>
#13 0x564884d810ef <unknown>
#14 0x564884d4c99f <unknown>
#15 0x564884da5008 <unknown>
#16 0x564884da51d7 <unknown>
#17 0x564884db7124 <unknown>
#18 0x7f0fdec94ac3 <unknown>

2024-01-26 15:59:20 ERROR Elements not present after 0.5 seconds on page: https://capital.com/trading/signup
2024-01-26 15:59:20 ERROR 
Traceback (most recent call last):
  File "/home/runner/work/SeleniumCapital/SeleniumCapital/pages/base_page.py", line 82, in inner_function
    return func(*args, **kwargs)
           ^^^^^^^^^^^^^^^^^^^^^
  File "/home/runner/work/SeleniumCapital/SeleniumCapital/pages/base_page.py", line 293, in element_is_visible
    return Wait(self.browser, timeout).until(
           ^^^^^^^^^^^^^^^^^^^^^^^^^^^^^^^^^^
  File "/home/runner/.cache/pypoetry/virtualenvs/testcapitalcompyse-cIj6ROMf-py3.11/lib/python3.11/site-packages/selenium/webdriver/support/wait.py", line 105, in until
    raise TimeoutException(message, screen, stacktrace)
selenium.common.exceptions.TimeoutException: Message: 
Stacktrace:
#0 0x564884db7f83 <unknown>
#1 0x564884a70cf7 <unknown>
#2 0x564884ac099e <unknown>
#3 0x564884ac0aa1 <unknown>
#4 0x564884b0bd64 <unknown>
#5 0x564884aea0dd <unknown>
#6 0x564884b09006 <unknown>
#7 0x564884ae9e53 <unknown>
#8 0x564884ab1dd4 <unknown>
#9 0x564884ab31de <unknown>
#10 0x564884d7c531 <unknown>
#11 0x564884d80455 <unknown>
#12 0x564884d68f55 <unknown>
#13 0x564884d810ef <unknown>
#14 0x564884d4c99f <unknown>
#15 0x564884da5008 <unknown>
#16 0x564884da51d7 <unknown>
#17 0x564884db7124 <unknown>
#18 0x7f0fdec94ac3 <unknown>

2024-01-26 15:59:26 ERROR Elements not present after 0.5 seconds on page: https://capital.com/trading/signup
2024-01-26 15:59:26 ERROR 
Traceback (most recent call last):
  File "/home/runner/work/SeleniumCapital/SeleniumCapital/pages/base_page.py", line 82, in inner_function
    return func(*args, **kwargs)
           ^^^^^^^^^^^^^^^^^^^^^
  File "/home/runner/work/SeleniumCapital/SeleniumCapital/pages/base_page.py", line 293, in element_is_visible
    return Wait(self.browser, timeout).until(
           ^^^^^^^^^^^^^^^^^^^^^^^^^^^^^^^^^^
  File "/home/runner/.cache/pypoetry/virtualenvs/testcapitalcompyse-cIj6ROMf-py3.11/lib/python3.11/site-packages/selenium/webdriver/support/wait.py", line 105, in until
    raise TimeoutException(message, screen, stacktrace)
selenium.common.exceptions.TimeoutException: Message: 
Stacktrace:
#0 0x564884db7f83 <unknown>
#1 0x564884a70cf7 <unknown>
#2 0x564884ac099e <unknown>
#3 0x564884ac0aa1 <unknown>
#4 0x564884b0bd64 <unknown>
#5 0x564884aea0dd <unknown>
#6 0x564884b09006 <unknown>
#7 0x564884ae9e53 <unknown>
#8 0x564884ab1dd4 <unknown>
#9 0x564884ab31de <unknown>
#10 0x564884d7c531 <unknown>
#11 0x564884d80455 <unknown>
#12 0x564884d68f55 <unknown>
#13 0x564884d810ef <unknown>
#14 0x564884d4c99f <unknown>
#15 0x564884da5008 <unknown>
#16 0x564884da51d7 <unknown>
#17 0x564884db7124 <unknown>
#18 0x7f0fdec94ac3 <unknown>