


2024-01-26 15:56:41.837985   0. Get Values row =>
2024-01-26 15:56:41.838024   Row # = 1359
2024-01-26 15:56:41.838034   Row Values = 
['Bid:11.03.07.00_01-es.gb.NoAuth', 'Ubuntu 22.04', 'Chrome', '11.03.07.00', '_01', 'es', 'gb', 'FCA', 'NoAuth', '', 'Education', 'What is a margin?', 'On Main banner click Button [Start Trading]', 'On Main banner click Button [Start Trading]', '', '05', "Bug # 05. Opened a 'Sign up' form instead of a 'Login'", '', '', '', '15/01/24', 'failed']

2024-01-26 15:56:41.838128   1. Run pretest =>

2024-01-26 15:56:41.838141   row_loc = 
['Bid:11.03.07.00_01-es.gb.NoAuth', 'Ubuntu 22.04', 'Chrome', '11.03.07.00', '_01', 'es', 'gb', 'FCA', 'NoAuth', '', 'Education', 'What is a margin?', 'On Main banner click Button [Start Trading]', 'On Main banner click Button [Start Trading]', '', '05', "Bug # 05. Opened a 'Sign up' form instead of a 'Login'", '', '', '', '15/01/24', 'failed']

2024-01-26 15:56:41.838157   => 1. Pretest finished

2024-01-26 15:56:41.838225   2. Run run_pytest with Bid = Bid:11.03.07.00_01-es.gb.NoAuth from row =>

2024-01-26 15:56:41.838238   2.2. Run poetry run pytest ... in subprocess =>

2024-01-26 15:56:41.838250   Run command: 
poetry run pytest --retest=True --browser_name=Chrome --lang=es --country=gb --role=NoAuth -m test_01 -v \tests/US_11_Education/US_11-03-07_What_is_a_margin/US_11-03-07_What_is_a_margin_test.py

2024-01-26 15:57:32.992326   => 2.2. pytest ... as subprocess finished

2024-01-26 15:57:32.992370   => 2. Autotest with Bid = Bid:11.03.07.00_01-es.gb.NoAuth from row finished

2024-01-26 15:57:32.992438   3. Run check_results =>
2024-01-26 15:57:32.992460   test_results: 
============================= test session starts ==============================
platform linux -- Python 3.11.7, pytest-7.4.4, pluggy-1.3.0 -- /home/runner/.cache/pypoetry/virtualenvs/testcapitalcompyse-cIj6ROMf-py3.11/bin/python
cachedir: .pytest_cache
metadata: {'Python': '3.11.7', 'Platform': 'Linux-6.2.0-1018-azure-x86_64-with-glibc2.35', 'Packages': {'pytest': '7.4.4', 'pluggy': '1.3.0'}, 'Plugins': {'metadata': '3.0.0', 'timeout': '2.2.0', 'html': '4.1.1', 'xdist': '3.5.0', 'allure-pytest': '2.13.2'}, 'CI': 'true', 'JAVA_HOME': '/usr/lib/jvm/temurin-11-jdk-amd64'}
rootdir: /home/runner/work/SeleniumCapital/SeleniumCapital
configfile: pytest.ini
plugins: metadata-3.0.0, timeout-2.2.0, html-4.1.1, xdist-3.5.0, allure-pytest-2.13.2
collecting ... collected 6 items / 5 deselected / 1 selected

tests/US_11_Education/US_11-03-07_What_is_a_margin/US_11-03-07_What_is_a_margin_test.py::TestWhatIsMargin::test_01_main_banner_start_trading_button[Chrome--ae-NoAuth-aqa.tomelo.an@gmail.com-iT9Vgqi6d$fiZ*Z] FAILED [100%]

=================================== FAILURES ===================================
_ TestWhatIsMargin.test_01_main_banner_start_trading_button[Chrome--ae-NoAuth-aqa.tomelo.an@gmail.com-iT9Vgqi6d$fiZ*Z] _

self = <US_11-03-07_What_is_a_margin_test.TestWhatIsMargin object at 0x7fd78ec7c250>
worker_id = 'master'
d = <selenium.webdriver.chrome.webdriver.WebDriver (session="e3e35b9bf84472972ac84bede86916b0")>
cur_language = 'es', cur_country = 'gb', cur_role = 'NoAuth'
cur_login = 'aqa.tomelo.an@gmail.com', cur_password = 'iT9Vgqi6d$fiZ*Z'

    @allure.step("Start test of button [Start trading] on Main banner")
    @pytest.mark.test_01
    def test_01_main_banner_start_trading_button(
            self, worker_id, d, cur_language, cur_country, cur_role, cur_login, cur_password):
        """
        Check: Button [Start Trading] on Main banner
        Language: All. License: All.
        """
        bid = build_dynamic_arg_v4(
            d, worker_id, cur_language, cur_country, cur_role,
            "11.03.07", "Education > Menu item [What is a margin?]",
            ".00_01", "Testing button [Start Trading] on Main banner")
    
        Common().skip_if_eng_lang_and_fca_license(cur_language, cur_country)
    
        link = self.us_link.get_us_link(d, cur_language, cur_country, cur_role, cur_login, cur_password)
    
        test_element = MainBannerStartTrading(d, link)
        test_element.arrange_(d, link)
    
        if not test_element.element_click():
            pytest.fail("Testing element is not clicked")
    
        test_element = AssertClass(d, link, bid)
        match cur_role:
            case "NoReg":
                test_element.assert_signup(d, cur_language, link)
            case "NoAuth":
>               test_element.assert_login(d, cur_language, link)

tests/US_11_Education/US_11-03-07_What_is_a_margin/US_11-03-07_What_is_a_margin_test.py:70: 
_ _ _ _ _ _ _ _ _ _ _ _ _ _ _ _ _ _ _ _ _ _ _ _ _ _ _ _ _ _ _ _ _ _ _ _ _ _ _ _ 

self = <pages.Elements.AssertClass.AssertClass object at 0x7fd78e742990>
d = <selenium.webdriver.chrome.webdriver.WebDriver (session="e3e35b9bf84472972ac84bede86916b0")>
cur_language = 'es', cur_link = 'https://capital.com/es/margin-trading'

    @allure.step('Checking that "Login" form or page opened')
    def assert_login(self, d, cur_language, cur_link):
        """Method Assert Login form or page"""
        print(f"\n{datetime.now()}   3. Assert_Login_v0")
        self.page_signup_login = SignupLogin(d, cur_link)
        if self.page_signup_login.should_be_login_form():
            self.page_signup_login.close_login_form()
            del self.page_signup_login
        elif self.page_signup_login.should_be_login_page():
            self.page_signup_login.close_login_page()
            del self.page_signup_login
        elif self.page_signup_login.should_be_trading_platform_login_form(cur_language):
            self.page_signup_login.close_trading_platform_login_form()
            del self.page_signup_login
        elif self.page_signup_login.should_be_signup_form(cur_language):
            del self.page_signup_login
            print(f'\nBug: {self.bid}')
            retest_table_fill(self.bid, '05', self.link)
>           assert False, "Bug # 05. Opened a 'Sign up' form instead of a 'Login'"
E           AssertionError: Bug # 05. Opened a 'Sign up' form instead of a 'Login'

pages/Elements/AssertClass.py:69: AssertionError
---------------------------- Captured stdout setup -----------------------------

2024-01-26 15:56:42.726032   *** autouse fixture Chrome ***

{'width': 1280, 'height': 720}
Current test language - es
Current country of trading - gb



Current test role - NoAuth
Current login - aqa.tomelo.an@gmail.com
Current login - iT9Vgqi6d$fiZ*Z
----------------------------- Captured stdout call -----------------------------
{'width': 1280, 'height': 720}

2024-01-26 15:56:43.675700   worker_id = master

2024-01-26 15:56:43.675716   0. Allure grouping v4


2024-01-26 15:56:43.675907   START PRECONDITIONS =>

2024-01-26 15:56:45.343178   Load page https://capital.com

2024-01-26 15:56:45.343226   {'width': 1280, 'height': 720}

2024-01-26 15:56:45.345127   Set windows position at (0, 0) =>

2024-01-26 15:56:45.451116   Set resolution 1280 * 720 =>

2024-01-26 15:56:45.557234   => Resolution seted {'width': 1280, 'height': 720}

2024-01-26 15:56:50.573453   Капчи нет. Тестим дальше

2024-01-26 15:56:50.573542   Prev. Role: ?

2024-01-26 15:56:50.573554   Run preconditions: set "NoAuth" Role =>
2024-01-26 15:56:51.352751   Load page https://capital.com

2024-01-26 15:56:51.510516   => All cookies are deleted
2024-01-26 15:56:52.344334   Load page https://capital.com

2024-01-26 15:56:52.344523   Step 'Click button [Accept all cookies]'
2024-01-26 15:56:57.391617   Is Visible Button [Accept all cookies]? =>
2024-01-26 15:56:57.414897   => Button [Accept all cookies] is visible
2024-01-26 15:56:58.415010   Is clickable Button [Accept all cookies] =>
2024-01-26 15:56:58.437460   => Button [Accept all cookies] is clickable
2024-01-26 15:56:58.437493   Click Button [Accept all cookies] =>
2024-01-26 15:56:58.494016   => Button [Accept all cookies] is clicked
2024-01-26 15:56:58.494060   => Accepted All Cookies

2024-01-26 15:56:58.994397   Start Autorization

2024-01-26 15:56:58.994562   2. Act
2024-01-26 15:56:58.994586   Start Click button [Log in] =>
2024-01-26 15:56:59.007807   BUTTON_LOGIN scroll =>
2024-01-26 15:56:59.014766   Is BUTTON_LOGIN clickable? =>
2024-01-26 15:56:59.035549   => BUTTON_LOGIN is clickable
2024-01-26 15:56:59.035585   BUTTON_LOGIN click =>
2024-01-26 15:56:59.133592   => BUTTON_LOGIN is clicked!
2024-01-26 15:56:59.136695   => 'Login' form is opened
2024-01-26 15:56:59.694155   => "login" and "password" are inputted
2024-01-26 15:56:59.694199   Click [Continue] button on [Login] form =>
2024-01-26 15:56:59.788871   => [Continue] button on [Login] form is clicked
2024-01-26 15:57:02.497329   Start check that the Trading platform page is loaded and LOGO is present on it =>
2024-01-26 15:57:02.497362   Set timeout = 30
2024-01-26 15:57:02.497378   Wait until load page with special title =>
2024-01-26 15:57:02.499917   => Page with title "Trading Platform | Capital.com" is loaded
2024-01-26 15:57:02.499939   Is present LOGO on this page? =>
2024-01-26 15:57:03.855737   => LOGO is visible on this page
2024-01-26 15:57:03.855844   -> "Capital.com" logo is present on trading platform page

2024-01-26 15:57:05.030316   Start DeAuthorisation
2024-01-26 15:57:05.030441   1. BUTTON_MY_ACCOUNT is present? =>
2024-01-26 15:57:05.050238   => BUTTON_MY_ACCOUNT is present on this page
2024-01-26 15:57:06.347988   => Move to BUTTON_MY_ACCOUNT
2024-01-26 15:57:06.348032   2. BUTTON_MY_ACCOUNT is clickable? =>
2024-01-26 15:57:06.367116   => BUTTON_MY_ACCOUNT is clickable
2024-01-26 15:57:06.367147   BUTTON_MY_ACCOUNT Click =>
2024-01-26 15:57:07.183173   => User panel [My account] is opened

2024-01-26 15:57:07.183418   Start Click [Logout] button:
2024-01-26 15:57:07.183437   BUTTON_LOGOUT is present? =>
2024-01-26 15:57:07.191223   => BUTTON_LOGOUT is present
2024-01-26 15:57:07.191246   Is visible BUTTON_LOGOUT? =>
2024-01-26 15:57:07.205182   BUTTON_LOGOUT is clickable? =>
2024-01-26 15:57:07.217924   BUTTON_LOGOUT click =>
2024-01-26 15:57:07.264856   => BUTTON_LOGOUT is clicked

2024-01-26 15:57:07.265008   Current role: NoAuth

2024-01-26 15:57:07.265031   Prev language: ?

2024-01-26 15:57:07.265045   Run preconditions: set "es" language =>


2024-01-26 15:57:07.294497   => Language and Country menu is present


2024-01-26 15:57:07.307455   => Language and Country menu is visible


2024-01-26 15:57:09.082029   => Focus is moved on Language and Country menu 

2024-01-26 15:57:10.787112   => Current language: es

2024-01-26 15:57:10.787150   Prev country: ?

2024-01-26 15:57:10.787159   Run preconditions: set "gb" country =>


2024-01-26 15:57:10.793779   => Language and Country menu is present


2024-01-26 15:57:10.835764   => Language and Country menu is visible


2024-01-26 15:57:12.616410   => Focus is moved on Language and Country menu 

2024-01-26 15:57:14.709362   => Current country: gb

2024-01-26 15:57:14.709394   => THE END PRECONDITIONS
2024-01-26 15:57:15.222421   => Education menu is present
2024-01-26 15:57:15.239664   => Education menu is visible
2024-01-26 15:57:16.513691   => Education menu focus moved


2024-01-26 15:57:19.534623   => 'What is a margin?' menu click

2024-01-26 15:57:19.538043   1. Arrange_v0
2024-01-26 15:57:19.550529   BUTTON_START_TRADING scroll =>
2024-01-26 15:57:19.586904   BUTTON_START_TRADING is visible? =>
2024-01-26 15:57:19.606920   => BUTTON_START_TRADING is visible on the page!

2024-01-26 15:57:19.607091   2. Act_v0
2024-01-26 15:57:19.607108   Start Click button [Start Trading] =>
2024-01-26 15:57:19.615140   BUTTON_START_TRADING is clickable? =>
2024-01-26 15:57:19.630492   BUTTON_START_TRADING click =>
2024-01-26 15:57:19.695746   => BUTTON_START_TRADING clicked

2024-01-26 15:57:19.696042   3. Assert_Login_v0
2024-01-26 15:57:19.696151   Check that 'Login' form is opened
2024-01-26 15:57:25.241715   'Login' form not opened
2024-01-26 15:57:25.245101   'Login' page not opened
2024-01-26 15:57:30.797894   'Login' form on trading platform not opened
2024-01-26 15:57:30.798100   Start step Check that [Sign up] form is opened
2024-01-26 15:57:30.815327   'Sign up' form opened
2024-01-26 15:57:30.815356   Assert SIGNUP_HEADER =>
2024-01-26 15:57:30.828325   Assert SIGNUP_REF_LOGIN =>
2024-01-26 15:57:30.841021   Assert SIGNUP_PRIVACY_POLICY_ALL_2 =>
2024-01-26 15:57:30.853945   => SIGNUP_PRIVACY_POLICY_ALL
2024-01-26 15:57:30.853966   => 'Signup' form is checked

Bug: Bid:11.03.07.00_01-es.gb.NoAuth

2024-01-26 15:57:30.854022   Проверка бага в таблице ретеста  =>

2024-01-26 15:57:30.859456   4. Fixing one row check results into Google Sheet Bugs Report =>
1 cells updated.
2024-01-26 15:57:31.397331   => 4. One row check results into Google Sheet Bugs Report fixed

2024-01-26 15:57:31.777372   4. Fixing one row check results into Google Sheet Bugs Report =>
1 cells updated.
2024-01-26 15:57:31.985986   => 4. One row check results into Google Sheet Bugs Report fixed

2024-01-26 15:57:31.986050   Bug: Bid:11.03.07.00_01-es.gb.NoAuth уже существует, но тип бага изменился с 15/01/24 на 05

2024-01-26 15:57:31.986460   Bug: Bid:11.03.07.00_01-es.gb.NoAuth-05 уже существует

2024-01-26 15:57:31.986599   4. Fixing one row check results into Google Sheet Bugs Report =>
1 cells updated.
2024-01-26 15:57:32.431263   => 4. One row check results into Google Sheet Bugs Report fixed
------------------------------ Captured log call -------------------------------
2024-01-26 15:57:25 ERROR Elements not present after 0.5 seconds on page: https://capital.com/es/margin-trading
2024-01-26 15:57:25 ERROR 
Traceback (most recent call last):
  File "/home/runner/work/SeleniumCapital/SeleniumCapital/pages/base_page.py", line 82, in inner_function
    return func(*args, **kwargs)
           ^^^^^^^^^^^^^^^^^^^^^
  File "/home/runner/work/SeleniumCapital/SeleniumCapital/pages/base_page.py", line 293, in element_is_visible
    return Wait(self.browser, timeout).until(
           ^^^^^^^^^^^^^^^^^^^^^^^^^^^^^^^^^^
  File "/home/runner/.cache/pypoetry/virtualenvs/testcapitalcompyse-cIj6ROMf-py3.11/lib/python3.11/site-packages/selenium/webdriver/support/wait.py", line 105, in until
    raise TimeoutException(message, screen, stacktrace)
selenium.common.exceptions.TimeoutException: Message: 
Stacktrace:
#0 0x5653f7b4bf83 <unknown>
#1 0x5653f7804cf7 <unknown>
#2 0x5653f785499e <unknown>
#3 0x5653f7854aa1 <unknown>
#4 0x5653f789fd64 <unknown>
#5 0x5653f787e0dd <unknown>
#6 0x5653f789d006 <unknown>
#7 0x5653f787de53 <unknown>
#8 0x5653f7845dd4 <unknown>
#9 0x5653f78471de <unknown>
#10 0x5653f7b10531 <unknown>
#11 0x5653f7b14455 <unknown>
#12 0x5653f7afcf55 <unknown>
#13 0x5653f7b150ef <unknown>
#14 0x5653f7ae099f <unknown>
#15 0x5653f7b39008 <unknown>
#16 0x5653f7b391d7 <unknown>
#17 0x5653f7b4b124 <unknown>
#18 0x7f5790894ac3 <unknown>

2024-01-26 15:57:30 ERROR Elements not present after 0.5 seconds on page: https://capital.com/es/margin-trading
2024-01-26 15:57:30 ERROR 
Traceback (most recent call last):
  File "/home/runner/work/SeleniumCapital/SeleniumCapital/pages/base_page.py", line 82, in inner_function
    return func(*args, **kwargs)
           ^^^^^^^^^^^^^^^^^^^^^
  File "/home/runner/work/SeleniumCapital/SeleniumCapital/pages/base_page.py", line 293, in element_is_visible
    return Wait(self.browser, timeout).until(
           ^^^^^^^^^^^^^^^^^^^^^^^^^^^^^^^^^^
  File "/home/runner/.cache/pypoetry/virtualenvs/testcapitalcompyse-cIj6ROMf-py3.11/lib/python3.11/site-packages/selenium/webdriver/support/wait.py", line 105, in until
    raise TimeoutException(message, screen, stacktrace)
selenium.common.exceptions.TimeoutException: Message: 
Stacktrace:
#0 0x5653f7b4bf83 <unknown>
#1 0x5653f7804cf7 <unknown>
#2 0x5653f785499e <unknown>
#3 0x5653f7854aa1 <unknown>
#4 0x5653f789fd64 <unknown>
#5 0x5653f787e0dd <unknown>
#6 0x5653f789d006 <unknown>
#7 0x5653f787de53 <unknown>
#8 0x5653f7845dd4 <unknown>
#9 0x5653f78471de <unknown>
#10 0x5653f7b10531 <unknown>
#11 0x5653f7b14455 <unknown>
#12 0x5653f7afcf55 <unknown>
#13 0x5653f7b150ef <unknown>
#14 0x5653f7ae099f <unknown>
#15 0x5653f7b39008 <unknown>
#16 0x5653f7b391d7 <unknown>
#17 0x5653f7b4b124 <unknown>
#18 0x7f5790894ac3 <unknown>
--------------------------- Captured stdout teardown ---------------------------

2024-01-26 15:57:32.879183   *** end fixture Browser = teardown ***

=============================== warnings summary ===============================
tests/US_11_Education/US_11-03-07_What_is_a_margin/US_11-03-07_What_is_a_margin_test.py::TestWhatIsMargin::test_01_main_banner_start_trading_button[Chrome--ae-NoAuth-aqa.tomelo.an@gmail.com-iT9Vgqi6d$fiZ*Z]
  /home/runner/.cache/pypoetry/virtualenvs/testcapitalcompyse-cIj6ROMf-py3.11/lib/python3.11/site-packages/pytest_html/plugin.py:133: DeprecationWarning: The 'report.extra' attribute is deprecated and will be removed in a future release, use 'report.extras' instead.
    warnings.warn(

-- Docs: https://docs.pytest.org/en/stable/how-to/capture-warnings.html
- Generated html report: file:///home/runner/work/SeleniumCapital/SeleniumCapital/report/report.html -
=========================== short test summary info ============================
FAILED tests/US_11_Education/US_11-03-07_What_is_a_margin/US_11-03-07_What_is_a_margin_test.py::TestWhatIsMargin::test_01_main_banner_start_trading_button[Chrome--ae-NoAuth-aqa.tomelo.an@gmail.com-iT9Vgqi6d$fiZ*Z] - AssertionError: Bug # 05. Opened a 'Sign up' form instead of a 'Login'
================= 1 failed, 5 deselected, 1 warning in 50.31s ==================

2024-01-26 15:57:32.992860   => Текущий тест: 1 failed

2024-01-26 15:57:32.993902   => 3. check_results finished

2024-01-26 15:57:32.994097   4. Fixing one row check results into Google Sheet Bugs Report =>
1 cells updated.
2024-01-26 15:57:33.184567   => 4. One row check results into Google Sheet Bugs Report fixed
