2024-01-26 15:22:47 ERROR Elements not present after 0.5 seconds on page: https://capital.com/de/trade-platinum
2024-01-26 15:22:47 ERROR 
Traceback (most recent call last):
  File "/home/runner/work/SeleniumCapital/SeleniumCapital/pages/base_page.py", line 82, in inner_function
    return func(*args, **kwargs)
           ^^^^^^^^^^^^^^^^^^^^^
  File "/home/runner/work/SeleniumCapital/SeleniumCapital/pages/base_page.py", line 293, in element_is_visible
    return Wait(self.browser, timeout).until(
           ^^^^^^^^^^^^^^^^^^^^^^^^^^^^^^^^^^
  File "/home/runner/.cache/pypoetry/virtualenvs/testcapitalcompyse-cIj6ROMf-py3.11/lib/python3.11/site-packages/selenium/webdriver/support/wait.py", line 105, in until
    raise TimeoutException(message, screen, stacktrace)
selenium.common.exceptions.TimeoutException: Message: 
Stacktrace:
#0 0x55d341974f83 <unknown>
#1 0x55d34162dcf7 <unknown>
#2 0x55d34167d99e <unknown>
#3 0x55d34167daa1 <unknown>
#4 0x55d3416c8d64 <unknown>
#5 0x55d3416a70dd <unknown>
#6 0x55d3416c6006 <unknown>
#7 0x55d3416a6e53 <unknown>
#8 0x55d34166edd4 <unknown>
#9 0x55d3416701de <unknown>
#10 0x55d341939531 <unknown>
#11 0x55d34193d455 <unknown>
#12 0x55d341925f55 <unknown>
#13 0x55d34193e0ef <unknown>
#14 0x55d34190999f <unknown>
#15 0x55d341962008 <unknown>
#16 0x55d3419621d7 <unknown>
#17 0x55d341974124 <unknown>
#18 0x7fd1d3694ac3 <unknown>

2024-01-26 15:22:54 ERROR Elements not present after 0.5 seconds on page: https://capital.com/trading/signup
2024-01-26 15:22:54 ERROR 
Traceback (most recent call last):
  File "/home/runner/work/SeleniumCapital/SeleniumCapital/pages/base_page.py", line 82, in inner_function
    return func(*args, **kwargs)
           ^^^^^^^^^^^^^^^^^^^^^
  File "/home/runner/work/SeleniumCapital/SeleniumCapital/pages/base_page.py", line 293, in element_is_visible
    return Wait(self.browser, timeout).until(
           ^^^^^^^^^^^^^^^^^^^^^^^^^^^^^^^^^^
  File "/home/runner/.cache/pypoetry/virtualenvs/testcapitalcompyse-cIj6ROMf-py3.11/lib/python3.11/site-packages/selenium/webdriver/support/wait.py", line 105, in until
    raise TimeoutException(message, screen, stacktrace)
selenium.common.exceptions.TimeoutException: Message: 
Stacktrace:
#0 0x55d341974f83 <unknown>
#1 0x55d34162dcf7 <unknown>
#2 0x55d34167d99e <unknown>
#3 0x55d34167daa1 <unknown>
#4 0x55d3416c8d64 <unknown>
#5 0x55d3416a70dd <unknown>
#6 0x55d3416c6006 <unknown>
#7 0x55d3416a6e53 <unknown>
#8 0x55d34166edd4 <unknown>
#9 0x55d3416701de <unknown>
#10 0x55d341939531 <unknown>
#11 0x55d34193d455 <unknown>
#12 0x55d341925f55 <unknown>
#13 0x55d34193e0ef <unknown>
#14 0x55d34190999f <unknown>
#15 0x55d341962008 <unknown>
#16 0x55d3419621d7 <unknown>
#17 0x55d341974124 <unknown>
#18 0x7fd1d3694ac3 <unknown>

2024-01-26 15:22:59 ERROR Elements not present after 0.5 seconds on page: https://capital.com/trading/signup
2024-01-26 15:22:59 ERROR 
Traceback (most recent call last):
  File "/home/runner/work/SeleniumCapital/SeleniumCapital/pages/base_page.py", line 82, in inner_function
    return func(*args, **kwargs)
           ^^^^^^^^^^^^^^^^^^^^^
  File "/home/runner/work/SeleniumCapital/SeleniumCapital/pages/base_page.py", line 293, in element_is_visible
    return Wait(self.browser, timeout).until(
           ^^^^^^^^^^^^^^^^^^^^^^^^^^^^^^^^^^
  File "/home/runner/.cache/pypoetry/virtualenvs/testcapitalcompyse-cIj6ROMf-py3.11/lib/python3.11/site-packages/selenium/webdriver/support/wait.py", line 105, in until
    raise TimeoutException(message, screen, stacktrace)
selenium.common.exceptions.TimeoutException: Message: 
Stacktrace:
#0 0x55d341974f83 <unknown>
#1 0x55d34162dcf7 <unknown>
#2 0x55d34167d99e <unknown>
#3 0x55d34167daa1 <unknown>
#4 0x55d3416c8d64 <unknown>
#5 0x55d3416a70dd <unknown>
#6 0x55d3416c6006 <unknown>
#7 0x55d3416a6e53 <unknown>
#8 0x55d34166edd4 <unknown>
#9 0x55d3416701de <unknown>
#10 0x55d341939531 <unknown>
#11 0x55d34193d455 <unknown>
#12 0x55d341925f55 <unknown>
#13 0x55d34193e0ef <unknown>
#14 0x55d34190999f <unknown>
#15 0x55d341962008 <unknown>
#16 0x55d3419621d7 <unknown>
#17 0x55d341974124 <unknown>
#18 0x7fd1d3694ac3 <unknown>

2024-01-26 15:23:05 ERROR Elements not present after 0.5 seconds on page: https://capital.com/trading/signup
2024-01-26 15:23:05 ERROR 
Traceback (most recent call last):
  File "/home/runner/work/SeleniumCapital/SeleniumCapital/pages/base_page.py", line 82, in inner_function
    return func(*args, **kwargs)
           ^^^^^^^^^^^^^^^^^^^^^
  File "/home/runner/work/SeleniumCapital/SeleniumCapital/pages/base_page.py", line 293, in element_is_visible
    return Wait(self.browser, timeout).until(
           ^^^^^^^^^^^^^^^^^^^^^^^^^^^^^^^^^^
  File "/home/runner/.cache/pypoetry/virtualenvs/testcapitalcompyse-cIj6ROMf-py3.11/lib/python3.11/site-packages/selenium/webdriver/support/wait.py", line 105, in until
    raise TimeoutException(message, screen, stacktrace)
selenium.common.exceptions.TimeoutException: Message: 
Stacktrace:
#0 0x55d341974f83 <unknown>
#1 0x55d34162dcf7 <unknown>
#2 0x55d34167d99e <unknown>
#3 0x55d34167daa1 <unknown>
#4 0x55d3416c8d64 <unknown>
#5 0x55d3416a70dd <unknown>
#6 0x55d3416c6006 <unknown>
#7 0x55d3416a6e53 <unknown>
#8 0x55d34166edd4 <unknown>
#9 0x55d3416701de <unknown>
#10 0x55d341939531 <unknown>
#11 0x55d34193d455 <unknown>
#12 0x55d341925f55 <unknown>
#13 0x55d34193e0ef <unknown>
#14 0x55d34190999f <unknown>
#15 0x55d341962008 <unknown>
#16 0x55d3419621d7 <unknown>
#17 0x55d341974124 <unknown>
#18 0x7fd1d3694ac3 <unknown>

2024-01-26 15:23:11 ERROR Elements not present after 0.5 seconds on page: https://capital.com/trading/signup
2024-01-26 15:23:11 ERROR 
Traceback (most recent call last):
  File "/home/runner/work/SeleniumCapital/SeleniumCapital/pages/base_page.py", line 82, in inner_function
    return func(*args, **kwargs)
           ^^^^^^^^^^^^^^^^^^^^^
  File "/home/runner/work/SeleniumCapital/SeleniumCapital/pages/base_page.py", line 293, in element_is_visible
    return Wait(self.browser, timeout).until(
           ^^^^^^^^^^^^^^^^^^^^^^^^^^^^^^^^^^
  File "/home/runner/.cache/pypoetry/virtualenvs/testcapitalcompyse-cIj6ROMf-py3.11/lib/python3.11/site-packages/selenium/webdriver/support/wait.py", line 105, in until
    raise TimeoutException(message, screen, stacktrace)
selenium.common.exceptions.TimeoutException: Message: 
Stacktrace:
#0 0x55d341974f83 <unknown>
#1 0x55d34162dcf7 <unknown>
#2 0x55d34167d99e <unknown>
#3 0x55d34167daa1 <unknown>
#4 0x55d3416c8d64 <unknown>
#5 0x55d3416a70dd <unknown>
#6 0x55d3416c6006 <unknown>
#7 0x55d3416a6e53 <unknown>
#8 0x55d34166edd4 <unknown>
#9 0x55d3416701de <unknown>
#10 0x55d341939531 <unknown>
#11 0x55d34193d455 <unknown>
#12 0x55d341925f55 <unknown>
#13 0x55d34193e0ef <unknown>
#14 0x55d34190999f <unknown>
#15 0x55d341962008 <unknown>
#16 0x55d3419621d7 <unknown>
#17 0x55d341974124 <unknown>
#18 0x7fd1d3694ac3 <unknown>