


2024-01-26 15:10:34.079015   0. Get Values row =>
2024-01-26 15:10:34.079041   Row # = 238
2024-01-26 15:10:34.079050   Row Values = 
['Bid:11.02.04.00_01-fr.gb.NoAuth', 'Ubuntu 22.04', 'Chrome', '11.02.04.00', '_01', 'fr', 'gb', 'FCA', 'NoAuth', '', 'Education', 'Forex trading', 'On Main banner click Button [Start Trading]', 'On Main banner click Button [Start Trading]', '', '05', "Bug # 05. Opened a 'Sign up' form instead of a 'Login'", '', '', '', '23/01/24', 'failed']

2024-01-26 15:10:34.079129   1. Run pretest =>

2024-01-26 15:10:34.079142   row_loc = 
['Bid:11.02.04.00_01-fr.gb.NoAuth', 'Ubuntu 22.04', 'Chrome', '11.02.04.00', '_01', 'fr', 'gb', 'FCA', 'NoAuth', '', 'Education', 'Forex trading', 'On Main banner click Button [Start Trading]', 'On Main banner click Button [Start Trading]', '', '05', "Bug # 05. Opened a 'Sign up' form instead of a 'Login'", '', '', '', '23/01/24', 'failed']

2024-01-26 15:10:34.079156   => 1. Pretest finished

2024-01-26 15:10:34.079223   2. Run run_pytest with Bid = Bid:11.02.04.00_01-fr.gb.NoAuth from row =>

2024-01-26 15:10:34.079236   2.2. Run poetry run pytest ... in subprocess =>

2024-01-26 15:10:34.079247   Run command: 
poetry run pytest --retest=True --browser_name=Chrome --lang=fr --country=gb --role=NoAuth -m test_01 -v \tests/US_11_Education/US_11-02-04_Forex_trading/US_11-02-04-00_Forex_trading_test.py

2024-01-26 15:11:25.890597   => 2.2. pytest ... as subprocess finished

2024-01-26 15:11:25.890668   => 2. Autotest with Bid = Bid:11.02.04.00_01-fr.gb.NoAuth from row finished

2024-01-26 15:11:25.890747   3. Run check_results =>
2024-01-26 15:11:25.890774   test_results: 
============================= test session starts ==============================
platform linux -- Python 3.11.7, pytest-7.4.4, pluggy-1.3.0 -- /home/runner/.cache/pypoetry/virtualenvs/testcapitalcompyse-cIj6ROMf-py3.11/bin/python
cachedir: .pytest_cache
metadata: {'Python': '3.11.7', 'Platform': 'Linux-6.2.0-1018-azure-x86_64-with-glibc2.35', 'Packages': {'pytest': '7.4.4', 'pluggy': '1.3.0'}, 'Plugins': {'metadata': '3.0.0', 'timeout': '2.2.0', 'html': '4.1.1', 'xdist': '3.5.0', 'allure-pytest': '2.13.2'}, 'CI': 'true', 'JAVA_HOME': '/usr/lib/jvm/temurin-11-jdk-amd64'}
rootdir: /home/runner/work/SeleniumCapital/SeleniumCapital
configfile: pytest.ini
plugins: metadata-3.0.0, timeout-2.2.0, html-4.1.1, xdist-3.5.0, allure-pytest-2.13.2
collecting ... collected 7 items / 6 deselected / 1 selected

tests/US_11_Education/US_11-02-04_Forex_trading/US_11-02-04-00_Forex_trading_test.py::TestForexTradingMainPage::test_01_main_banner_start_trading_button[Chrome--ae-NoAuth-aqa.tomelo.an@gmail.com-iT9Vgqi6d$fiZ*Z] FAILED [100%]

=================================== FAILURES ===================================
_ TestForexTradingMainPage.test_01_main_banner_start_trading_button[Chrome--ae-NoAuth-aqa.tomelo.an@gmail.com-iT9Vgqi6d$fiZ*Z] _

self = <US_11-02-04-00_Forex_trading_test.TestForexTradingMainPage object at 0x7f019136cf50>
worker_id = 'master'
d = <selenium.webdriver.chrome.webdriver.WebDriver (session="56b3b2266e6450f77f4471e660ca5820")>
cur_language = 'fr', cur_country = 'gb', cur_role = 'NoAuth'
cur_login = 'aqa.tomelo.an@gmail.com', cur_password = 'iT9Vgqi6d$fiZ*Z'

    @allure.step("Start test of button [Start trading] on Main banner")
    @pytest.mark.test_01
    def test_01_main_banner_start_trading_button(self, worker_id, d,
                                                 cur_language, cur_country, cur_role, cur_login, cur_password):
        """
        Check: Button [Start Trading] on Main banner
        Language: All. License: All.
        """
        global cur_page_url
    
        bid = build_dynamic_arg_v4(
            d, worker_id, cur_language, cur_country, cur_role,
            "11.02.04", "Education > Menu item [Forex trading]",
            ".00_01", "Testing button [Start Trading] on Main banner")
    
        Common().skip_if_eng_lang_and_fca_license(cur_language, cur_country)
    
        Common().check_language_in_list_and_skip_if_not_present(
            cur_language, ["", "ar", "de", "es", "fr", "it", "cn", "ru", "zh"])
    
        page_conditions = Conditions(d, "")
        main_page_link = page_conditions.preconditions(
            d, CapitalComPageSrc.URL, "", cur_language, cur_country, cur_role, cur_login, cur_password)
    
        page_menu = MenuSection(d, main_page_link)
        cur_page_url = page_menu.open_education_forex_trading_menu(d, cur_language, cur_country, main_page_link)
    
        test_element = MainBannerStartTrading(d, cur_page_url, bid)
>       test_element.full_test_with_tpi(d, cur_language, cur_country, cur_role, cur_page_url)

tests/US_11_Education/US_11-02-04_Forex_trading/US_11-02-04-00_Forex_trading_test.py:60: 
_ _ _ _ _ _ _ _ _ _ _ _ _ _ _ _ _ _ _ _ _ _ _ _ _ _ _ _ _ _ _ _ _ _ _ _ _ _ _ _ 
pages/Elements/ButtonStartTradingMainBanner.py:28: in full_test_with_tpi
    test_element.assert_login(d, cur_language, cur_item_link)
_ _ _ _ _ _ _ _ _ _ _ _ _ _ _ _ _ _ _ _ _ _ _ _ _ _ _ _ _ _ _ _ _ _ _ _ _ _ _ _ 

self = <pages.Elements.AssertClass.AssertClass object at 0x7f0191273450>
d = <selenium.webdriver.chrome.webdriver.WebDriver (session="56b3b2266e6450f77f4471e660ca5820")>
cur_language = 'fr', cur_link = 'https://capital.com/fr/trade-forex'

    @allure.step('Checking that "Login" form or page opened')
    def assert_login(self, d, cur_language, cur_link):
        """Method Assert Login form or page"""
        print(f"\n{datetime.now()}   3. Assert_Login_v0")
        self.page_signup_login = SignupLogin(d, cur_link)
        if self.page_signup_login.should_be_login_form():
            self.page_signup_login.close_login_form()
            del self.page_signup_login
        elif self.page_signup_login.should_be_login_page():
            self.page_signup_login.close_login_page()
            del self.page_signup_login
        elif self.page_signup_login.should_be_trading_platform_login_form(cur_language):
            self.page_signup_login.close_trading_platform_login_form()
            del self.page_signup_login
        elif self.page_signup_login.should_be_signup_form(cur_language):
            del self.page_signup_login
            print(f'\nBug: {self.bid}')
            retest_table_fill(self.bid, '05', self.link)
>           assert False, "Bug # 05. Opened a 'Sign up' form instead of a 'Login'"
E           AssertionError: Bug # 05. Opened a 'Sign up' form instead of a 'Login'

pages/Elements/AssertClass.py:69: AssertionError
---------------------------- Captured stdout setup -----------------------------

2024-01-26 15:10:34.912427   *** autouse fixture Chrome ***

{'width': 1280, 'height': 720}
Current test language - fr
Current country of trading - gb



Current test role - NoAuth
Current login - aqa.tomelo.an@gmail.com
Current login - iT9Vgqi6d$fiZ*Z
----------------------------- Captured stdout call -----------------------------
{'width': 1280, 'height': 720}

2024-01-26 15:10:35.808837   worker_id = master

2024-01-26 15:10:35.808855   0. Allure grouping v4


2024-01-26 15:10:35.809102   START PRECONDITIONS =>

2024-01-26 15:10:37.666098   Load page https://capital.com

2024-01-26 15:10:37.666145   {'width': 1280, 'height': 720}

2024-01-26 15:10:37.671006   Set windows position at (0, 0) =>

2024-01-26 15:10:37.822428   Set resolution 1280 * 720 =>

2024-01-26 15:10:37.928738   => Resolution seted {'width': 1280, 'height': 720}

2024-01-26 15:10:42.964798   Капчи нет. Тестим дальше

2024-01-26 15:10:42.964886   Prev. Role: ?

2024-01-26 15:10:42.964899   Run preconditions: set "NoAuth" Role =>
2024-01-26 15:10:43.736098   Load page https://capital.com

2024-01-26 15:10:43.893380   => All cookies are deleted
2024-01-26 15:10:44.818917   Load page https://capital.com

2024-01-26 15:10:44.819179   Step 'Click button [Accept all cookies]'
2024-01-26 15:10:49.978876   Is Visible Button [Accept all cookies]? =>
2024-01-26 15:10:50.016880   => Button [Accept all cookies] is visible
2024-01-26 15:10:51.017011   Is clickable Button [Accept all cookies] =>
2024-01-26 15:10:51.051390   => Button [Accept all cookies] is clickable
2024-01-26 15:10:51.051434   Click Button [Accept all cookies] =>
2024-01-26 15:10:51.136269   => Button [Accept all cookies] is clicked
2024-01-26 15:10:51.136322   => Accepted All Cookies

2024-01-26 15:10:51.636696   Start Autorization

2024-01-26 15:10:51.636820   2. Act
2024-01-26 15:10:51.636838   Start Click button [Log in] =>
2024-01-26 15:10:51.650033   BUTTON_LOGIN scroll =>
2024-01-26 15:10:51.663267   Is BUTTON_LOGIN clickable? =>
2024-01-26 15:10:51.711350   => BUTTON_LOGIN is clickable
2024-01-26 15:10:51.711396   BUTTON_LOGIN click =>
2024-01-26 15:10:51.786937   => BUTTON_LOGIN is clicked!
2024-01-26 15:10:51.787052   => 'Login' form is opened
2024-01-26 15:10:52.488975   => "login" and "password" are inputted
2024-01-26 15:10:52.489031   Click [Continue] button on [Login] form =>
2024-01-26 15:10:52.578123   => [Continue] button on [Login] form is clicked
2024-01-26 15:10:55.178383   Start check that the Trading platform page is loaded and LOGO is present on it =>
2024-01-26 15:10:55.178424   Set timeout = 30
2024-01-26 15:10:55.178447   Wait until load page with special title =>
2024-01-26 15:10:55.181501   => Page with title "Trading Platform | Capital.com" is loaded
2024-01-26 15:10:55.181523   Is present LOGO on this page? =>
2024-01-26 15:10:56.472767   => LOGO is visible on this page
2024-01-26 15:10:56.472859   -> "Capital.com" logo is present on trading platform page

2024-01-26 15:10:57.649505   Start DeAuthorisation
2024-01-26 15:10:57.649642   1. BUTTON_MY_ACCOUNT is present? =>
2024-01-26 15:10:57.718705   => BUTTON_MY_ACCOUNT is present on this page
2024-01-26 15:10:58.991825   => Move to BUTTON_MY_ACCOUNT
2024-01-26 15:10:58.991861   2. BUTTON_MY_ACCOUNT is clickable? =>
2024-01-26 15:10:59.016048   => BUTTON_MY_ACCOUNT is clickable
2024-01-26 15:10:59.016081   BUTTON_MY_ACCOUNT Click =>
2024-01-26 15:10:59.850409   => User panel [My account] is opened

2024-01-26 15:10:59.850616   Start Click [Logout] button:
2024-01-26 15:10:59.850633   BUTTON_LOGOUT is present? =>
2024-01-26 15:10:59.869829   => BUTTON_LOGOUT is present
2024-01-26 15:10:59.869864   Is visible BUTTON_LOGOUT? =>
2024-01-26 15:10:59.887019   BUTTON_LOGOUT is clickable? =>
2024-01-26 15:10:59.912476   BUTTON_LOGOUT click =>
2024-01-26 15:10:59.990118   => BUTTON_LOGOUT is clicked

2024-01-26 15:10:59.990259   Current role: NoAuth

2024-01-26 15:10:59.990281   Prev language: ?

2024-01-26 15:10:59.990295   Run preconditions: set "fr" language =>


2024-01-26 15:11:00.034297   => Language and Country menu is present


2024-01-26 15:11:00.047578   => Language and Country menu is visible


2024-01-26 15:11:01.827032   => Focus is moved on Language and Country menu 

2024-01-26 15:11:03.903626   => Current language: fr

2024-01-26 15:11:03.903661   Prev country: ?

2024-01-26 15:11:03.903671   Run preconditions: set "gb" country =>


2024-01-26 15:11:03.938110   => Language and Country menu is present


2024-01-26 15:11:03.958747   => Language and Country menu is visible


2024-01-26 15:11:05.743554   => Focus is moved on Language and Country menu 

2024-01-26 15:11:08.076603   => Current country: gb

2024-01-26 15:11:08.076654   => THE END PRECONDITIONS

2024-01-26 15:11:08.076884   1. Cur URL = https://capital.com/fr?country=gb

2024-01-26 15:11:08.080603   2. Link = https://capital.com/fr
2024-01-26 15:11:08.758372   Load page https://capital.com/fr
2024-01-26 15:11:09.276286   => Education menu is present
2024-01-26 15:11:09.294170   => Education menu is visible
2024-01-26 15:11:10.575775   => Education menu focus moved


2024-01-26 15:11:12.384892   => Forex trading sub-menu clicked

2024-01-26 15:11:12.391047   3. Cur URL = https://capital.com/fr/trade-forex

2024-01-26 15:11:12.397732   1. Arrange_v0
2024-01-26 15:11:12.464946   BUTTON_START_TRADING scroll =>
2024-01-26 15:11:12.468449   BUTTON_START_TRADING is visible? =>
2024-01-26 15:11:12.504858   => BUTTON_START_TRADING is visible on the page!

2024-01-26 15:11:12.505068   2. Act_v0
2024-01-26 15:11:12.505090   Start Click button [Start Trading] =>
2024-01-26 15:11:12.511570   BUTTON_START_TRADING is clickable? =>
2024-01-26 15:11:12.523229   BUTTON_START_TRADING click =>
2024-01-26 15:11:12.581843   => BUTTON_START_TRADING clicked

2024-01-26 15:11:12.582126   3. Assert_Login_v0
2024-01-26 15:11:12.582224   Check that 'Login' form is opened
2024-01-26 15:11:18.119004   'Login' form not opened
2024-01-26 15:11:18.122018   'Login' page not opened
2024-01-26 15:11:23.651365   'Login' form on trading platform not opened
2024-01-26 15:11:23.651552   Start step Check that [Sign up] form is opened
2024-01-26 15:11:23.666059   'Sign up' form opened
2024-01-26 15:11:23.666086   Assert SIGNUP_HEADER =>
2024-01-26 15:11:23.679371   Assert SIGNUP_REF_LOGIN =>
2024-01-26 15:11:23.694688   Assert SIGNUP_PRIVACY_POLICY_ALL_2 =>
2024-01-26 15:11:23.707835   => SIGNUP_PRIVACY_POLICY_ALL
2024-01-26 15:11:23.707857   => 'Signup' form is checked

Bug: Bid:11.02.04.00_01-fr.gb.NoAuth

2024-01-26 15:11:23.707919   Проверка бага в таблице ретеста  =>

2024-01-26 15:11:23.713453   4. Fixing one row check results into Google Sheet Bugs Report =>
1 cells updated.
2024-01-26 15:11:24.259605   => 4. One row check results into Google Sheet Bugs Report fixed

2024-01-26 15:11:24.809130   4. Fixing one row check results into Google Sheet Bugs Report =>
1 cells updated.
2024-01-26 15:11:25.023430   => 4. One row check results into Google Sheet Bugs Report fixed

2024-01-26 15:11:25.023507   Bug: Bid:11.02.04.00_01-fr.gb.NoAuth уже существует, но тип бага изменился с 23/01/24 на 05

2024-01-26 15:11:25.023916   Bug: Bid:11.02.04.00_01-fr.gb.NoAuth-05 уже существует

2024-01-26 15:11:25.024058   4. Fixing one row check results into Google Sheet Bugs Report =>
1 cells updated.
2024-01-26 15:11:25.489782   => 4. One row check results into Google Sheet Bugs Report fixed
------------------------------ Captured log call -------------------------------
2024-01-26 15:11:18 ERROR Elements not present after 0.5 seconds on page: https://capital.com/fr/trade-forex
2024-01-26 15:11:18 ERROR 
Traceback (most recent call last):
  File "/home/runner/work/SeleniumCapital/SeleniumCapital/pages/base_page.py", line 82, in inner_function
    return func(*args, **kwargs)
           ^^^^^^^^^^^^^^^^^^^^^
  File "/home/runner/work/SeleniumCapital/SeleniumCapital/pages/base_page.py", line 293, in element_is_visible
    return Wait(self.browser, timeout).until(
           ^^^^^^^^^^^^^^^^^^^^^^^^^^^^^^^^^^
  File "/home/runner/.cache/pypoetry/virtualenvs/testcapitalcompyse-cIj6ROMf-py3.11/lib/python3.11/site-packages/selenium/webdriver/support/wait.py", line 105, in until
    raise TimeoutException(message, screen, stacktrace)
selenium.common.exceptions.TimeoutException: Message: 
Stacktrace:
#0 0x5588a6672f83 <unknown>
#1 0x5588a632bcf7 <unknown>
#2 0x5588a637b99e <unknown>
#3 0x5588a637baa1 <unknown>
#4 0x5588a63c6d64 <unknown>
#5 0x5588a63a50dd <unknown>
#6 0x5588a63c4006 <unknown>
#7 0x5588a63a4e53 <unknown>
#8 0x5588a636cdd4 <unknown>
#9 0x5588a636e1de <unknown>
#10 0x5588a6637531 <unknown>
#11 0x5588a663b455 <unknown>
#12 0x5588a6623f55 <unknown>
#13 0x5588a663c0ef <unknown>
#14 0x5588a660799f <unknown>
#15 0x5588a6660008 <unknown>
#16 0x5588a66601d7 <unknown>
#17 0x5588a6672124 <unknown>
#18 0x7f0c3ae94ac3 <unknown>

2024-01-26 15:11:23 ERROR Elements not present after 0.5 seconds on page: https://capital.com/fr/trade-forex
2024-01-26 15:11:23 ERROR 
Traceback (most recent call last):
  File "/home/runner/work/SeleniumCapital/SeleniumCapital/pages/base_page.py", line 82, in inner_function
    return func(*args, **kwargs)
           ^^^^^^^^^^^^^^^^^^^^^
  File "/home/runner/work/SeleniumCapital/SeleniumCapital/pages/base_page.py", line 293, in element_is_visible
    return Wait(self.browser, timeout).until(
           ^^^^^^^^^^^^^^^^^^^^^^^^^^^^^^^^^^
  File "/home/runner/.cache/pypoetry/virtualenvs/testcapitalcompyse-cIj6ROMf-py3.11/lib/python3.11/site-packages/selenium/webdriver/support/wait.py", line 105, in until
    raise TimeoutException(message, screen, stacktrace)
selenium.common.exceptions.TimeoutException: Message: 
Stacktrace:
#0 0x5588a6672f83 <unknown>
#1 0x5588a632bcf7 <unknown>
#2 0x5588a637b99e <unknown>
#3 0x5588a637baa1 <unknown>
#4 0x5588a63c6d64 <unknown>
#5 0x5588a63a50dd <unknown>
#6 0x5588a63c4006 <unknown>
#7 0x5588a63a4e53 <unknown>
#8 0x5588a636cdd4 <unknown>
#9 0x5588a636e1de <unknown>
#10 0x5588a6637531 <unknown>
#11 0x5588a663b455 <unknown>
#12 0x5588a6623f55 <unknown>
#13 0x5588a663c0ef <unknown>
#14 0x5588a660799f <unknown>
#15 0x5588a6660008 <unknown>
#16 0x5588a66601d7 <unknown>
#17 0x5588a6672124 <unknown>
#18 0x7f0c3ae94ac3 <unknown>
--------------------------- Captured stdout teardown ---------------------------

2024-01-26 15:11:25.807907   *** end fixture Browser = teardown ***

=============================== warnings summary ===============================
tests/US_11_Education/US_11-02-04_Forex_trading/US_11-02-04-00_Forex_trading_test.py::TestForexTradingMainPage::test_01_main_banner_start_trading_button[Chrome--ae-NoAuth-aqa.tomelo.an@gmail.com-iT9Vgqi6d$fiZ*Z]
  /home/runner/.cache/pypoetry/virtualenvs/testcapitalcompyse-cIj6ROMf-py3.11/lib/python3.11/site-packages/pytest_html/plugin.py:133: DeprecationWarning: The 'report.extra' attribute is deprecated and will be removed in a future release, use 'report.extras' instead.
    warnings.warn(

-- Docs: https://docs.pytest.org/en/stable/how-to/capture-warnings.html
- Generated html report: file:///home/runner/work/SeleniumCapital/SeleniumCapital/report/report.html -
=========================== short test summary info ============================
FAILED tests/US_11_Education/US_11-02-04_Forex_trading/US_11-02-04-00_Forex_trading_test.py::TestForexTradingMainPage::test_01_main_banner_start_trading_button[Chrome--ae-NoAuth-aqa.tomelo.an@gmail.com-iT9Vgqi6d$fiZ*Z] - AssertionError: Bug # 05. Opened a 'Sign up' form instead of a 'Login'
================= 1 failed, 6 deselected, 1 warning in 51.04s ==================

2024-01-26 15:11:25.891349   => Текущий тест: 1 failed

2024-01-26 15:11:25.892707   => 3. check_results finished

2024-01-26 15:11:25.892883   4. Fixing one row check results into Google Sheet Bugs Report =>
1 cells updated.
2024-01-26 15:11:26.079367   => 4. One row check results into Google Sheet Bugs Report fixed
