


2024-01-26 15:08:40.637020   0. Get Values row =>
2024-01-26 15:08:40.637049   Row # = 283
2024-01-26 15:08:40.637059   Row Values = 
['Bid:11.01.03.00_01-fr.gb.NoAuth', 'Ubuntu 22.04', 'Chrome', '11.01.03.00', '_01', 'fr', 'gb', 'FCA', 'NoAuth', '', 'Education', 'CFD trading guide', 'On Main banner click Button [Start Trading]', 'On Main banner click Button [Start Trading]', '', '05', "Bug # 05. Opened a 'Sign up' form instead of a 'Login'", '', '', '', '23/01/24', 'failed']

2024-01-26 15:08:40.637148   1. Run pretest =>

2024-01-26 15:08:40.637161   row_loc = 
['Bid:11.01.03.00_01-fr.gb.NoAuth', 'Ubuntu 22.04', 'Chrome', '11.01.03.00', '_01', 'fr', 'gb', 'FCA', 'NoAuth', '', 'Education', 'CFD trading guide', 'On Main banner click Button [Start Trading]', 'On Main banner click Button [Start Trading]', '', '05', "Bug # 05. Opened a 'Sign up' form instead of a 'Login'", '', '', '', '23/01/24', 'failed']

2024-01-26 15:08:40.637176   => 1. Pretest finished

2024-01-26 15:08:40.637241   2. Run run_pytest with Bid = Bid:11.01.03.00_01-fr.gb.NoAuth from row =>

2024-01-26 15:08:40.637253   2.2. Run poetry run pytest ... in subprocess =>

2024-01-26 15:08:40.637265   Run command: 
poetry run pytest --retest=True --browser_name=Chrome --lang=fr --country=gb --role=NoAuth -m test_01 -v \tests/US_11_Education/US_11-01-03_cfd_trading_guide/us_11-01-03-00_cfd_trading_guide_test.py

2024-01-26 15:09:31.854454   => 2.2. pytest ... as subprocess finished

2024-01-26 15:09:31.854496   => 2. Autotest with Bid = Bid:11.01.03.00_01-fr.gb.NoAuth from row finished

2024-01-26 15:09:31.854573   3. Run check_results =>
2024-01-26 15:09:31.854598   test_results: 
============================= test session starts ==============================
platform linux -- Python 3.11.7, pytest-7.4.4, pluggy-1.3.0 -- /home/runner/.cache/pypoetry/virtualenvs/testcapitalcompyse-cIj6ROMf-py3.11/bin/python
cachedir: .pytest_cache
metadata: {'Python': '3.11.7', 'Platform': 'Linux-6.2.0-1018-azure-x86_64-with-glibc2.35', 'Packages': {'pytest': '7.4.4', 'pluggy': '1.3.0'}, 'Plugins': {'metadata': '3.0.0', 'timeout': '2.2.0', 'html': '4.1.1', 'xdist': '3.5.0', 'allure-pytest': '2.13.2'}, 'CI': 'true', 'JAVA_HOME': '/usr/lib/jvm/temurin-11-jdk-amd64'}
rootdir: /home/runner/work/SeleniumCapital/SeleniumCapital
configfile: pytest.ini
plugins: metadata-3.0.0, timeout-2.2.0, html-4.1.1, xdist-3.5.0, allure-pytest-2.13.2
collecting ... collected 5 items / 4 deselected / 1 selected

tests/US_11_Education/US_11-01-03_cfd_trading_guide/us_11-01-03-00_cfd_trading_guide_test.py::TestCFDTradingGuide::test_01_main_banner_start_trading_button[Chrome--ae-NoAuth-aqa.tomelo.an@gmail.com-iT9Vgqi6d$fiZ*Z] FAILED [100%]

=================================== FAILURES ===================================
_ TestCFDTradingGuide.test_01_main_banner_start_trading_button[Chrome--ae-NoAuth-aqa.tomelo.an@gmail.com-iT9Vgqi6d$fiZ*Z] _

self = <us_11-01-03-00_cfd_trading_guide_test.TestCFDTradingGuide object at 0x7fdd1b86e810>
worker_id = 'master'
d = <selenium.webdriver.chrome.webdriver.WebDriver (session="5ed96f5537d515203fa6ff2b571e07ed")>
cur_language = 'fr', cur_country = 'gb', cur_role = 'NoAuth'
cur_login = 'aqa.tomelo.an@gmail.com', cur_password = 'iT9Vgqi6d$fiZ*Z'

    @allure.step("Start test of button [Start trading] on Main banner")
    @pytest.mark.test_01
    def test_01_main_banner_start_trading_button(
            self, worker_id, d, cur_language, cur_country, cur_role, cur_login, cur_password):
        """
        Check: Button [Start Trading] on Main banner
        Language: All. License: All.
        """
        global cur_page_url
        bid = build_dynamic_arg_v4(
            d, worker_id, cur_language, cur_country, cur_role,
            "11.01.03", "Education > Menu item [CFD trading guide]",
            ".00_01", "Testing button [Start Trading] on Main banner")
    
        Common().skip_if_eng_lang_and_fca_license(cur_language, cur_country)
    
        Common().check_language_in_list_and_skip_if_not_present(
            cur_language, ["", "de", "es", "fr", "nl", "pl", "ro", "ru", "zh"])
    
        page_conditions = Conditions(d, "")
        main_page_link = page_conditions.preconditions(
            d, CapitalComPageSrc.URL, "", cur_language, cur_country, cur_role, cur_login, cur_password)
    
        page_menu = MenuSection(d, main_page_link)
        cur_page_url = page_menu.open_education_cfd_trading_menu(d, cur_language, cur_country, main_page_link)
    
        test_element = MainBannerStartTrading(d, cur_page_url, bid)
>       test_element.full_test_with_tpi(d, cur_language, cur_country, cur_role, cur_page_url)

tests/US_11_Education/US_11-01-03_cfd_trading_guide/us_11-01-03-00_cfd_trading_guide_test.py:55: 
_ _ _ _ _ _ _ _ _ _ _ _ _ _ _ _ _ _ _ _ _ _ _ _ _ _ _ _ _ _ _ _ _ _ _ _ _ _ _ _ 
pages/Elements/ButtonStartTradingMainBanner.py:28: in full_test_with_tpi
    test_element.assert_login(d, cur_language, cur_item_link)
_ _ _ _ _ _ _ _ _ _ _ _ _ _ _ _ _ _ _ _ _ _ _ _ _ _ _ _ _ _ _ _ _ _ _ _ _ _ _ _ 

self = <pages.Elements.AssertClass.AssertClass object at 0x7fdd1b71bb90>
d = <selenium.webdriver.chrome.webdriver.WebDriver (session="5ed96f5537d515203fa6ff2b571e07ed")>
cur_language = 'fr'
cur_link = 'https://capital.com/fr/quest-ce-que-le-trading-de-cfd'

    @allure.step('Checking that "Login" form or page opened')
    def assert_login(self, d, cur_language, cur_link):
        """Method Assert Login form or page"""
        print(f"\n{datetime.now()}   3. Assert_Login_v0")
        self.page_signup_login = SignupLogin(d, cur_link)
        if self.page_signup_login.should_be_login_form():
            self.page_signup_login.close_login_form()
            del self.page_signup_login
        elif self.page_signup_login.should_be_login_page():
            self.page_signup_login.close_login_page()
            del self.page_signup_login
        elif self.page_signup_login.should_be_trading_platform_login_form(cur_language):
            self.page_signup_login.close_trading_platform_login_form()
            del self.page_signup_login
        elif self.page_signup_login.should_be_signup_form(cur_language):
            del self.page_signup_login
            print(f'\nBug: {self.bid}')
            retest_table_fill(self.bid, '05', self.link)
>           assert False, "Bug # 05. Opened a 'Sign up' form instead of a 'Login'"
E           AssertionError: Bug # 05. Opened a 'Sign up' form instead of a 'Login'

pages/Elements/AssertClass.py:69: AssertionError
---------------------------- Captured stdout setup -----------------------------

2024-01-26 15:08:41.516419   *** autouse fixture Chrome ***

{'width': 1280, 'height': 720}
Current test language - fr
Current country of trading - gb



Current test role - NoAuth
Current login - aqa.tomelo.an@gmail.com
Current login - iT9Vgqi6d$fiZ*Z
----------------------------- Captured stdout call -----------------------------
{'width': 1280, 'height': 720}

2024-01-26 15:08:42.421924   worker_id = master

2024-01-26 15:08:42.421942   0. Allure grouping v4


2024-01-26 15:08:42.422134   START PRECONDITIONS =>

2024-01-26 15:08:44.075316   Load page https://capital.com

2024-01-26 15:08:44.075363   {'width': 1280, 'height': 720}

2024-01-26 15:08:44.078316   Set windows position at (0, 0) =>

2024-01-26 15:08:44.190799   Set resolution 1280 * 720 =>

2024-01-26 15:08:44.299386   => Resolution seted {'width': 1280, 'height': 720}

2024-01-26 15:08:49.354171   Капчи нет. Тестим дальше

2024-01-26 15:08:49.354269   Prev. Role: ?

2024-01-26 15:08:49.354281   Run preconditions: set "NoAuth" Role =>
2024-01-26 15:08:50.020155   Load page https://capital.com

2024-01-26 15:08:50.286043   => All cookies are deleted
2024-01-26 15:08:51.089450   Load page https://capital.com

2024-01-26 15:08:51.089675   Step 'Click button [Accept all cookies]'
2024-01-26 15:08:56.116477   Is Visible Button [Accept all cookies]? =>
2024-01-26 15:08:56.161982   => Button [Accept all cookies] is visible
2024-01-26 15:08:57.162108   Is clickable Button [Accept all cookies] =>
2024-01-26 15:08:57.185445   => Button [Accept all cookies] is clickable
2024-01-26 15:08:57.185482   Click Button [Accept all cookies] =>
2024-01-26 15:08:57.250134   => Button [Accept all cookies] is clicked
2024-01-26 15:08:57.250177   => Accepted All Cookies

2024-01-26 15:08:57.750620   Start Autorization

2024-01-26 15:08:57.750773   2. Act
2024-01-26 15:08:57.750797   Start Click button [Log in] =>
2024-01-26 15:08:57.767420   BUTTON_LOGIN scroll =>
2024-01-26 15:08:57.773201   Is BUTTON_LOGIN clickable? =>
2024-01-26 15:08:57.806939   => BUTTON_LOGIN is clickable
2024-01-26 15:08:57.806973   BUTTON_LOGIN click =>
2024-01-26 15:08:57.888502   => BUTTON_LOGIN is clicked!
2024-01-26 15:08:57.888619   => 'Login' form is opened
2024-01-26 15:08:58.418601   => "login" and "password" are inputted
2024-01-26 15:08:58.418656   Click [Continue] button on [Login] form =>
2024-01-26 15:08:58.510381   => [Continue] button on [Login] form is clicked
2024-01-26 15:09:01.650457   Start check that the Trading platform page is loaded and LOGO is present on it =>
2024-01-26 15:09:01.650516   Set timeout = 30
2024-01-26 15:09:01.650539   Wait until load page with special title =>
2024-01-26 15:09:01.655491   => Page with title "Trading Platform | Capital.com" is loaded
2024-01-26 15:09:01.655525   Is present LOGO on this page? =>
2024-01-26 15:09:02.466602   => LOGO is visible on this page
2024-01-26 15:09:02.466713   -> "Capital.com" logo is present on trading platform page

2024-01-26 15:09:03.670719   Start DeAuthorisation
2024-01-26 15:09:03.670815   1. BUTTON_MY_ACCOUNT is present? =>
2024-01-26 15:09:03.706951   => BUTTON_MY_ACCOUNT is present on this page
2024-01-26 15:09:04.979650   => Move to BUTTON_MY_ACCOUNT
2024-01-26 15:09:04.979692   2. BUTTON_MY_ACCOUNT is clickable? =>
2024-01-26 15:09:05.003251   => BUTTON_MY_ACCOUNT is clickable
2024-01-26 15:09:05.003291   BUTTON_MY_ACCOUNT Click =>
2024-01-26 15:09:05.838540   => User panel [My account] is opened

2024-01-26 15:09:05.838798   Start Click [Logout] button:
2024-01-26 15:09:05.838817   BUTTON_LOGOUT is present? =>
2024-01-26 15:09:05.852504   => BUTTON_LOGOUT is present
2024-01-26 15:09:05.852546   Is visible BUTTON_LOGOUT? =>
2024-01-26 15:09:05.870307   BUTTON_LOGOUT is clickable? =>
2024-01-26 15:09:05.890773   BUTTON_LOGOUT click =>
2024-01-26 15:09:05.964469   => BUTTON_LOGOUT is clicked

2024-01-26 15:09:05.964616   Current role: NoAuth

2024-01-26 15:09:05.964640   Prev language: ?

2024-01-26 15:09:05.964655   Run preconditions: set "fr" language =>


2024-01-26 15:09:05.996888   => Language and Country menu is present


2024-01-26 15:09:06.011520   => Language and Country menu is visible


2024-01-26 15:09:07.781091   => Focus is moved on Language and Country menu 

2024-01-26 15:09:09.435050   => Current language: fr

2024-01-26 15:09:09.435088   Prev country: ?

2024-01-26 15:09:09.435097   Run preconditions: set "gb" country =>


2024-01-26 15:09:09.441005   => Language and Country menu is present


2024-01-26 15:09:09.470684   => Language and Country menu is visible


2024-01-26 15:09:11.248737   => Focus is moved on Language and Country menu 

2024-01-26 15:09:13.502252   => Current country: gb

2024-01-26 15:09:13.502291   => THE END PRECONDITIONS

2024-01-26 15:09:13.502455   START Open "Education" menu, "CFD trading guide" submenu =>

2024-01-26 15:09:13.502470   1. Cur URL = https://capital.com/fr?country=gb

2024-01-26 15:09:13.526083   2. Link = https://capital.com/fr
2024-01-26 15:09:14.068678   Load page https://capital.com/fr
2024-01-26 15:09:14.584051   => Education menu is present
2024-01-26 15:09:14.603921   => Education menu is visible
2024-01-26 15:09:15.878823   => Education menu focus moved

2024-01-26 15:09:18.375264   3. Cur URL = https://capital.com/fr/quest-ce-que-le-trading-de-cfd

2024-01-26 15:09:18.388743   1. Arrange_v0
2024-01-26 15:09:18.424432   BUTTON_START_TRADING scroll =>
2024-01-26 15:09:18.431286   BUTTON_START_TRADING is visible? =>
2024-01-26 15:09:18.467635   => BUTTON_START_TRADING is visible on the page!

2024-01-26 15:09:18.467805   2. Act_v0
2024-01-26 15:09:18.467820   Start Click button [Start Trading] =>
2024-01-26 15:09:18.475068   BUTTON_START_TRADING is clickable? =>
2024-01-26 15:09:18.488047   BUTTON_START_TRADING click =>
2024-01-26 15:09:18.542212   => BUTTON_START_TRADING clicked

2024-01-26 15:09:18.542512   3. Assert_Login_v0
2024-01-26 15:09:18.542646   Check that 'Login' form is opened
2024-01-26 15:09:24.068726   'Login' form not opened
2024-01-26 15:09:24.071566   'Login' page not opened
2024-01-26 15:09:29.605520   'Login' form on trading platform not opened
2024-01-26 15:09:29.605785   Start step Check that [Sign up] form is opened
2024-01-26 15:09:29.624074   'Sign up' form opened
2024-01-26 15:09:29.624118   Assert SIGNUP_HEADER =>
2024-01-26 15:09:29.641095   Assert SIGNUP_REF_LOGIN =>
2024-01-26 15:09:29.659290   Assert SIGNUP_PRIVACY_POLICY_ALL_2 =>
2024-01-26 15:09:29.678925   => SIGNUP_PRIVACY_POLICY_ALL
2024-01-26 15:09:29.678959   => 'Signup' form is checked

Bug: Bid:11.01.03.00_01-fr.gb.NoAuth

2024-01-26 15:09:29.679029   Проверка бага в таблице ретеста  =>

2024-01-26 15:09:29.685007   4. Fixing one row check results into Google Sheet Bugs Report =>
1 cells updated.
2024-01-26 15:09:30.212062   => 4. One row check results into Google Sheet Bugs Report fixed

2024-01-26 15:09:30.627051   4. Fixing one row check results into Google Sheet Bugs Report =>
1 cells updated.
2024-01-26 15:09:30.817219   => 4. One row check results into Google Sheet Bugs Report fixed

2024-01-26 15:09:30.817300   Bug: Bid:11.01.03.00_01-fr.gb.NoAuth уже существует, но тип бага изменился с 23/01/24 на 05

2024-01-26 15:09:30.817786   Bug: Bid:11.01.03.00_01-fr.gb.NoAuth-05 уже существует

2024-01-26 15:09:30.817966   4. Fixing one row check results into Google Sheet Bugs Report =>
1 cells updated.
2024-01-26 15:09:31.481677   => 4. One row check results into Google Sheet Bugs Report fixed
------------------------------ Captured log call -------------------------------
2024-01-26 15:09:24 ERROR Elements not present after 0.5 seconds on page: https://capital.com/fr/quest-ce-que-le-trading-de-cfd
2024-01-26 15:09:24 ERROR 
Traceback (most recent call last):
  File "/home/runner/work/SeleniumCapital/SeleniumCapital/pages/base_page.py", line 82, in inner_function
    return func(*args, **kwargs)
           ^^^^^^^^^^^^^^^^^^^^^
  File "/home/runner/work/SeleniumCapital/SeleniumCapital/pages/base_page.py", line 293, in element_is_visible
    return Wait(self.browser, timeout).until(
           ^^^^^^^^^^^^^^^^^^^^^^^^^^^^^^^^^^
  File "/home/runner/.cache/pypoetry/virtualenvs/testcapitalcompyse-cIj6ROMf-py3.11/lib/python3.11/site-packages/selenium/webdriver/support/wait.py", line 105, in until
    raise TimeoutException(message, screen, stacktrace)
selenium.common.exceptions.TimeoutException: Message: 
Stacktrace:
#0 0x563bbf0b9f83 <unknown>
#1 0x563bbed72cf7 <unknown>
#2 0x563bbedc299e <unknown>
#3 0x563bbedc2aa1 <unknown>
#4 0x563bbee0dd64 <unknown>
#5 0x563bbedec0dd <unknown>
#6 0x563bbee0b006 <unknown>
#7 0x563bbedebe53 <unknown>
#8 0x563bbedb3dd4 <unknown>
#9 0x563bbedb51de <unknown>
#10 0x563bbf07e531 <unknown>
#11 0x563bbf082455 <unknown>
#12 0x563bbf06af55 <unknown>
#13 0x563bbf0830ef <unknown>
#14 0x563bbf04e99f <unknown>
#15 0x563bbf0a7008 <unknown>
#16 0x563bbf0a71d7 <unknown>
#17 0x563bbf0b9124 <unknown>
#18 0x7f7f86094ac3 <unknown>

2024-01-26 15:09:29 ERROR Elements not present after 0.5 seconds on page: https://capital.com/fr/quest-ce-que-le-trading-de-cfd
2024-01-26 15:09:29 ERROR 
Traceback (most recent call last):
  File "/home/runner/work/SeleniumCapital/SeleniumCapital/pages/base_page.py", line 82, in inner_function
    return func(*args, **kwargs)
           ^^^^^^^^^^^^^^^^^^^^^
  File "/home/runner/work/SeleniumCapital/SeleniumCapital/pages/base_page.py", line 293, in element_is_visible
    return Wait(self.browser, timeout).until(
           ^^^^^^^^^^^^^^^^^^^^^^^^^^^^^^^^^^
  File "/home/runner/.cache/pypoetry/virtualenvs/testcapitalcompyse-cIj6ROMf-py3.11/lib/python3.11/site-packages/selenium/webdriver/support/wait.py", line 105, in until
    raise TimeoutException(message, screen, stacktrace)
selenium.common.exceptions.TimeoutException: Message: 
Stacktrace:
#0 0x563bbf0b9f83 <unknown>
#1 0x563bbed72cf7 <unknown>
#2 0x563bbedc299e <unknown>
#3 0x563bbedc2aa1 <unknown>
#4 0x563bbee0dd64 <unknown>
#5 0x563bbedec0dd <unknown>
#6 0x563bbee0b006 <unknown>
#7 0x563bbedebe53 <unknown>
#8 0x563bbedb3dd4 <unknown>
#9 0x563bbedb51de <unknown>
#10 0x563bbf07e531 <unknown>
#11 0x563bbf082455 <unknown>
#12 0x563bbf06af55 <unknown>
#13 0x563bbf0830ef <unknown>
#14 0x563bbf04e99f <unknown>
#15 0x563bbf0a7008 <unknown>
#16 0x563bbf0a71d7 <unknown>
#17 0x563bbf0b9124 <unknown>
#18 0x7f7f86094ac3 <unknown>
--------------------------- Captured stdout teardown ---------------------------

2024-01-26 15:09:31.760781   *** end fixture Browser = teardown ***

=============================== warnings summary ===============================
tests/US_11_Education/US_11-01-03_cfd_trading_guide/us_11-01-03-00_cfd_trading_guide_test.py::TestCFDTradingGuide::test_01_main_banner_start_trading_button[Chrome--ae-NoAuth-aqa.tomelo.an@gmail.com-iT9Vgqi6d$fiZ*Z]
  /home/runner/.cache/pypoetry/virtualenvs/testcapitalcompyse-cIj6ROMf-py3.11/lib/python3.11/site-packages/pytest_html/plugin.py:133: DeprecationWarning: The 'report.extra' attribute is deprecated and will be removed in a future release, use 'report.extras' instead.
    warnings.warn(

-- Docs: https://docs.pytest.org/en/stable/how-to/capture-warnings.html
- Generated html report: file:///home/runner/work/SeleniumCapital/SeleniumCapital/report/report.html -
=========================== short test summary info ============================
FAILED tests/US_11_Education/US_11-01-03_cfd_trading_guide/us_11-01-03-00_cfd_trading_guide_test.py::TestCFDTradingGuide::test_01_main_banner_start_trading_button[Chrome--ae-NoAuth-aqa.tomelo.an@gmail.com-iT9Vgqi6d$fiZ*Z] - AssertionError: Bug # 05. Opened a 'Sign up' form instead of a 'Login'
================= 1 failed, 4 deselected, 1 warning in 50.40s ==================

2024-01-26 15:09:31.855087   => Текущий тест: 1 failed

2024-01-26 15:09:31.856193   => 3. check_results finished

2024-01-26 15:09:31.856335   4. Fixing one row check results into Google Sheet Bugs Report =>
1 cells updated.
2024-01-26 15:09:32.046149   => 4. One row check results into Google Sheet Bugs Report fixed
