2024-01-26 15:50:23 ERROR Elements not present after 0.5 seconds on page: https://capital.com/it/fare-trading-canopy-growth
2024-01-26 15:50:23 ERROR 
Traceback (most recent call last):
  File "/home/runner/work/SeleniumCapital/SeleniumCapital/pages/base_page.py", line 82, in inner_function
    return func(*args, **kwargs)
           ^^^^^^^^^^^^^^^^^^^^^
  File "/home/runner/work/SeleniumCapital/SeleniumCapital/pages/base_page.py", line 293, in element_is_visible
    return Wait(self.browser, timeout).until(
           ^^^^^^^^^^^^^^^^^^^^^^^^^^^^^^^^^^
  File "/home/runner/.cache/pypoetry/virtualenvs/testcapitalcompyse-cIj6ROMf-py3.11/lib/python3.11/site-packages/selenium/webdriver/support/wait.py", line 105, in until
    raise TimeoutException(message, screen, stacktrace)
selenium.common.exceptions.TimeoutException: Message: 
Stacktrace:
#0 0x55d0e9696f83 <unknown>
#1 0x55d0e934fcf7 <unknown>
#2 0x55d0e939f99e <unknown>
#3 0x55d0e939faa1 <unknown>
#4 0x55d0e93ead64 <unknown>
#5 0x55d0e93c90dd <unknown>
#6 0x55d0e93e8006 <unknown>
#7 0x55d0e93c8e53 <unknown>
#8 0x55d0e9390dd4 <unknown>
#9 0x55d0e93921de <unknown>
#10 0x55d0e965b531 <unknown>
#11 0x55d0e965f455 <unknown>
#12 0x55d0e9647f55 <unknown>
#13 0x55d0e96600ef <unknown>
#14 0x55d0e962b99f <unknown>
#15 0x55d0e9684008 <unknown>
#16 0x55d0e96841d7 <unknown>
#17 0x55d0e9696124 <unknown>
#18 0x7ff2f1894ac3 <unknown>

2024-01-26 15:50:28 ERROR Elements not present after 0.5 seconds on page: https://capital.com/it/fare-trading-canopy-growth
2024-01-26 15:50:28 ERROR 
Traceback (most recent call last):
  File "/home/runner/work/SeleniumCapital/SeleniumCapital/pages/base_page.py", line 82, in inner_function
    return func(*args, **kwargs)
           ^^^^^^^^^^^^^^^^^^^^^
  File "/home/runner/work/SeleniumCapital/SeleniumCapital/pages/base_page.py", line 293, in element_is_visible
    return Wait(self.browser, timeout).until(
           ^^^^^^^^^^^^^^^^^^^^^^^^^^^^^^^^^^
  File "/home/runner/.cache/pypoetry/virtualenvs/testcapitalcompyse-cIj6ROMf-py3.11/lib/python3.11/site-packages/selenium/webdriver/support/wait.py", line 105, in until
    raise TimeoutException(message, screen, stacktrace)
selenium.common.exceptions.TimeoutException: Message: 
Stacktrace:
#0 0x55d0e9696f83 <unknown>
#1 0x55d0e934fcf7 <unknown>
#2 0x55d0e939f99e <unknown>
#3 0x55d0e939faa1 <unknown>
#4 0x55d0e93ead64 <unknown>
#5 0x55d0e93c90dd <unknown>
#6 0x55d0e93e8006 <unknown>
#7 0x55d0e93c8e53 <unknown>
#8 0x55d0e9390dd4 <unknown>
#9 0x55d0e93921de <unknown>
#10 0x55d0e965b531 <unknown>
#11 0x55d0e965f455 <unknown>
#12 0x55d0e9647f55 <unknown>
#13 0x55d0e96600ef <unknown>
#14 0x55d0e962b99f <unknown>
#15 0x55d0e9684008 <unknown>
#16 0x55d0e96841d7 <unknown>
#17 0x55d0e9696124 <unknown>
#18 0x7ff2f1894ac3 <unknown>