2024-01-26 15:55:30 ERROR Elements not present after 0.5 seconds on page: https://capital.com/trading/signup
2024-01-26 15:55:30 ERROR 
Traceback (most recent call last):
  File "/home/runner/work/SeleniumCapital/SeleniumCapital/pages/base_page.py", line 82, in inner_function
    return func(*args, **kwargs)
           ^^^^^^^^^^^^^^^^^^^^^
  File "/home/runner/work/SeleniumCapital/SeleniumCapital/pages/base_page.py", line 293, in element_is_visible
    return Wait(self.browser, timeout).until(
           ^^^^^^^^^^^^^^^^^^^^^^^^^^^^^^^^^^
  File "/home/runner/.cache/pypoetry/virtualenvs/testcapitalcompyse-cIj6ROMf-py3.11/lib/python3.11/site-packages/selenium/webdriver/support/wait.py", line 105, in until
    raise TimeoutException(message, screen, stacktrace)
selenium.common.exceptions.TimeoutException: Message: 
Stacktrace:
#0 0x5577ca77bf83 <unknown>
#1 0x5577ca434cf7 <unknown>
#2 0x5577ca48499e <unknown>
#3 0x5577ca484aa1 <unknown>
#4 0x5577ca4cfd64 <unknown>
#5 0x5577ca4ae0dd <unknown>
#6 0x5577ca4cd006 <unknown>
#7 0x5577ca4ade53 <unknown>
#8 0x5577ca475dd4 <unknown>
#9 0x5577ca4771de <unknown>
#10 0x5577ca740531 <unknown>
#11 0x5577ca744455 <unknown>
#12 0x5577ca72cf55 <unknown>
#13 0x5577ca7450ef <unknown>
#14 0x5577ca71099f <unknown>
#15 0x5577ca769008 <unknown>
#16 0x5577ca7691d7 <unknown>
#17 0x5577ca77b124 <unknown>
#18 0x7fcecb094ac3 <unknown>

2024-01-26 15:55:35 ERROR Elements not present after 0.5 seconds on page: https://capital.com/trading/signup
2024-01-26 15:55:35 ERROR 
Traceback (most recent call last):
  File "/home/runner/work/SeleniumCapital/SeleniumCapital/pages/base_page.py", line 82, in inner_function
    return func(*args, **kwargs)
           ^^^^^^^^^^^^^^^^^^^^^
  File "/home/runner/work/SeleniumCapital/SeleniumCapital/pages/base_page.py", line 293, in element_is_visible
    return Wait(self.browser, timeout).until(
           ^^^^^^^^^^^^^^^^^^^^^^^^^^^^^^^^^^
  File "/home/runner/.cache/pypoetry/virtualenvs/testcapitalcompyse-cIj6ROMf-py3.11/lib/python3.11/site-packages/selenium/webdriver/support/wait.py", line 105, in until
    raise TimeoutException(message, screen, stacktrace)
selenium.common.exceptions.TimeoutException: Message: 
Stacktrace:
#0 0x5577ca77bf83 <unknown>
#1 0x5577ca434cf7 <unknown>
#2 0x5577ca48499e <unknown>
#3 0x5577ca484aa1 <unknown>
#4 0x5577ca4cfd64 <unknown>
#5 0x5577ca4ae0dd <unknown>
#6 0x5577ca4cd006 <unknown>
#7 0x5577ca4ade53 <unknown>
#8 0x5577ca475dd4 <unknown>
#9 0x5577ca4771de <unknown>
#10 0x5577ca740531 <unknown>
#11 0x5577ca744455 <unknown>
#12 0x5577ca72cf55 <unknown>
#13 0x5577ca7450ef <unknown>
#14 0x5577ca71099f <unknown>
#15 0x5577ca769008 <unknown>
#16 0x5577ca7691d7 <unknown>
#17 0x5577ca77b124 <unknown>
#18 0x7fcecb094ac3 <unknown>

2024-01-26 15:55:41 ERROR Elements not present after 0.5 seconds on page: https://capital.com/trading/signup
2024-01-26 15:55:41 ERROR 
Traceback (most recent call last):
  File "/home/runner/work/SeleniumCapital/SeleniumCapital/pages/base_page.py", line 82, in inner_function
    return func(*args, **kwargs)
           ^^^^^^^^^^^^^^^^^^^^^
  File "/home/runner/work/SeleniumCapital/SeleniumCapital/pages/base_page.py", line 293, in element_is_visible
    return Wait(self.browser, timeout).until(
           ^^^^^^^^^^^^^^^^^^^^^^^^^^^^^^^^^^
  File "/home/runner/.cache/pypoetry/virtualenvs/testcapitalcompyse-cIj6ROMf-py3.11/lib/python3.11/site-packages/selenium/webdriver/support/wait.py", line 105, in until
    raise TimeoutException(message, screen, stacktrace)
selenium.common.exceptions.TimeoutException: Message: 
Stacktrace:
#0 0x5577ca77bf83 <unknown>
#1 0x5577ca434cf7 <unknown>
#2 0x5577ca48499e <unknown>
#3 0x5577ca484aa1 <unknown>
#4 0x5577ca4cfd64 <unknown>
#5 0x5577ca4ae0dd <unknown>
#6 0x5577ca4cd006 <unknown>
#7 0x5577ca4ade53 <unknown>
#8 0x5577ca475dd4 <unknown>
#9 0x5577ca4771de <unknown>
#10 0x5577ca740531 <unknown>
#11 0x5577ca744455 <unknown>
#12 0x5577ca72cf55 <unknown>
#13 0x5577ca7450ef <unknown>
#14 0x5577ca71099f <unknown>
#15 0x5577ca769008 <unknown>
#16 0x5577ca7691d7 <unknown>
#17 0x5577ca77b124 <unknown>
#18 0x7fcecb094ac3 <unknown>

2024-01-26 15:55:47 ERROR Elements not present after 0.5 seconds on page: https://capital.com/trading/signup
2024-01-26 15:55:47 ERROR 
Traceback (most recent call last):
  File "/home/runner/work/SeleniumCapital/SeleniumCapital/pages/base_page.py", line 82, in inner_function
    return func(*args, **kwargs)
           ^^^^^^^^^^^^^^^^^^^^^
  File "/home/runner/work/SeleniumCapital/SeleniumCapital/pages/base_page.py", line 293, in element_is_visible
    return Wait(self.browser, timeout).until(
           ^^^^^^^^^^^^^^^^^^^^^^^^^^^^^^^^^^
  File "/home/runner/.cache/pypoetry/virtualenvs/testcapitalcompyse-cIj6ROMf-py3.11/lib/python3.11/site-packages/selenium/webdriver/support/wait.py", line 105, in until
    raise TimeoutException(message, screen, stacktrace)
selenium.common.exceptions.TimeoutException: Message: 
Stacktrace:
#0 0x5577ca77bf83 <unknown>
#1 0x5577ca434cf7 <unknown>
#2 0x5577ca48499e <unknown>
#3 0x5577ca484aa1 <unknown>
#4 0x5577ca4cfd64 <unknown>
#5 0x5577ca4ae0dd <unknown>
#6 0x5577ca4cd006 <unknown>
#7 0x5577ca4ade53 <unknown>
#8 0x5577ca475dd4 <unknown>
#9 0x5577ca4771de <unknown>
#10 0x5577ca740531 <unknown>
#11 0x5577ca744455 <unknown>
#12 0x5577ca72cf55 <unknown>
#13 0x5577ca7450ef <unknown>
#14 0x5577ca71099f <unknown>
#15 0x5577ca769008 <unknown>
#16 0x5577ca7691d7 <unknown>
#17 0x5577ca77b124 <unknown>
#18 0x7fcecb094ac3 <unknown>