2024-01-26 15:48:37 ERROR Elements not present after 0.5 seconds on page: https://capital.com/it/fare-trading-canopy-growth
2024-01-26 15:48:37 ERROR 
Traceback (most recent call last):
  File "/home/runner/work/SeleniumCapital/SeleniumCapital/pages/base_page.py", line 82, in inner_function
    return func(*args, **kwargs)
           ^^^^^^^^^^^^^^^^^^^^^
  File "/home/runner/work/SeleniumCapital/SeleniumCapital/pages/base_page.py", line 293, in element_is_visible
    return Wait(self.browser, timeout).until(
           ^^^^^^^^^^^^^^^^^^^^^^^^^^^^^^^^^^
  File "/home/runner/.cache/pypoetry/virtualenvs/testcapitalcompyse-cIj6ROMf-py3.11/lib/python3.11/site-packages/selenium/webdriver/support/wait.py", line 105, in until
    raise TimeoutException(message, screen, stacktrace)
selenium.common.exceptions.TimeoutException: Message: 
Stacktrace:
#0 0x556179b10f83 <unknown>
#1 0x5561797c9cf7 <unknown>
#2 0x55617981999e <unknown>
#3 0x556179819aa1 <unknown>
#4 0x556179864d64 <unknown>
#5 0x5561798430dd <unknown>
#6 0x556179862006 <unknown>
#7 0x556179842e53 <unknown>
#8 0x55617980add4 <unknown>
#9 0x55617980c1de <unknown>
#10 0x556179ad5531 <unknown>
#11 0x556179ad9455 <unknown>
#12 0x556179ac1f55 <unknown>
#13 0x556179ada0ef <unknown>
#14 0x556179aa599f <unknown>
#15 0x556179afe008 <unknown>
#16 0x556179afe1d7 <unknown>
#17 0x556179b10124 <unknown>
#18 0x7f7f1ae94ac3 <unknown>

2024-01-26 15:48:46 ERROR Elements not present after 0.5 seconds on page: https://capital.com/trading/signup
2024-01-26 15:48:46 ERROR 
Traceback (most recent call last):
  File "/home/runner/work/SeleniumCapital/SeleniumCapital/pages/base_page.py", line 82, in inner_function
    return func(*args, **kwargs)
           ^^^^^^^^^^^^^^^^^^^^^
  File "/home/runner/work/SeleniumCapital/SeleniumCapital/pages/base_page.py", line 293, in element_is_visible
    return Wait(self.browser, timeout).until(
           ^^^^^^^^^^^^^^^^^^^^^^^^^^^^^^^^^^
  File "/home/runner/.cache/pypoetry/virtualenvs/testcapitalcompyse-cIj6ROMf-py3.11/lib/python3.11/site-packages/selenium/webdriver/support/wait.py", line 105, in until
    raise TimeoutException(message, screen, stacktrace)
selenium.common.exceptions.TimeoutException: Message: 
Stacktrace:
#0 0x556179b10f83 <unknown>
#1 0x5561797c9cf7 <unknown>
#2 0x55617981999e <unknown>
#3 0x556179819aa1 <unknown>
#4 0x556179864d64 <unknown>
#5 0x5561798430dd <unknown>
#6 0x556179862006 <unknown>
#7 0x556179842e53 <unknown>
#8 0x55617980add4 <unknown>
#9 0x55617980c1de <unknown>
#10 0x556179ad5531 <unknown>
#11 0x556179ad9455 <unknown>
#12 0x556179ac1f55 <unknown>
#13 0x556179ada0ef <unknown>
#14 0x556179aa599f <unknown>
#15 0x556179afe008 <unknown>
#16 0x556179afe1d7 <unknown>
#17 0x556179b10124 <unknown>
#18 0x7f7f1ae94ac3 <unknown>

2024-01-26 15:48:51 ERROR Elements not present after 0.5 seconds on page: https://capital.com/trading/signup
2024-01-26 15:48:51 ERROR 
Traceback (most recent call last):
  File "/home/runner/work/SeleniumCapital/SeleniumCapital/pages/base_page.py", line 82, in inner_function
    return func(*args, **kwargs)
           ^^^^^^^^^^^^^^^^^^^^^
  File "/home/runner/work/SeleniumCapital/SeleniumCapital/pages/base_page.py", line 293, in element_is_visible
    return Wait(self.browser, timeout).until(
           ^^^^^^^^^^^^^^^^^^^^^^^^^^^^^^^^^^
  File "/home/runner/.cache/pypoetry/virtualenvs/testcapitalcompyse-cIj6ROMf-py3.11/lib/python3.11/site-packages/selenium/webdriver/support/wait.py", line 105, in until
    raise TimeoutException(message, screen, stacktrace)
selenium.common.exceptions.TimeoutException: Message: 
Stacktrace:
#0 0x556179b10f83 <unknown>
#1 0x5561797c9cf7 <unknown>
#2 0x55617981999e <unknown>
#3 0x556179819aa1 <unknown>
#4 0x556179864d64 <unknown>
#5 0x5561798430dd <unknown>
#6 0x556179862006 <unknown>
#7 0x556179842e53 <unknown>
#8 0x55617980add4 <unknown>
#9 0x55617980c1de <unknown>
#10 0x556179ad5531 <unknown>
#11 0x556179ad9455 <unknown>
#12 0x556179ac1f55 <unknown>
#13 0x556179ada0ef <unknown>
#14 0x556179aa599f <unknown>
#15 0x556179afe008 <unknown>
#16 0x556179afe1d7 <unknown>
#17 0x556179b10124 <unknown>
#18 0x7f7f1ae94ac3 <unknown>

2024-01-26 15:48:57 ERROR Elements not present after 0.5 seconds on page: https://capital.com/trading/signup
2024-01-26 15:48:57 ERROR 
Traceback (most recent call last):
  File "/home/runner/work/SeleniumCapital/SeleniumCapital/pages/base_page.py", line 82, in inner_function
    return func(*args, **kwargs)
           ^^^^^^^^^^^^^^^^^^^^^
  File "/home/runner/work/SeleniumCapital/SeleniumCapital/pages/base_page.py", line 293, in element_is_visible
    return Wait(self.browser, timeout).until(
           ^^^^^^^^^^^^^^^^^^^^^^^^^^^^^^^^^^
  File "/home/runner/.cache/pypoetry/virtualenvs/testcapitalcompyse-cIj6ROMf-py3.11/lib/python3.11/site-packages/selenium/webdriver/support/wait.py", line 105, in until
    raise TimeoutException(message, screen, stacktrace)
selenium.common.exceptions.TimeoutException: Message: 
Stacktrace:
#0 0x556179b10f83 <unknown>
#1 0x5561797c9cf7 <unknown>
#2 0x55617981999e <unknown>
#3 0x556179819aa1 <unknown>
#4 0x556179864d64 <unknown>
#5 0x5561798430dd <unknown>
#6 0x556179862006 <unknown>
#7 0x556179842e53 <unknown>
#8 0x55617980add4 <unknown>
#9 0x55617980c1de <unknown>
#10 0x556179ad5531 <unknown>
#11 0x556179ad9455 <unknown>
#12 0x556179ac1f55 <unknown>
#13 0x556179ada0ef <unknown>
#14 0x556179aa599f <unknown>
#15 0x556179afe008 <unknown>
#16 0x556179afe1d7 <unknown>
#17 0x556179b10124 <unknown>
#18 0x7f7f1ae94ac3 <unknown>

2024-01-26 15:49:03 ERROR Elements not present after 0.5 seconds on page: https://capital.com/trading/signup
2024-01-26 15:49:03 ERROR 
Traceback (most recent call last):
  File "/home/runner/work/SeleniumCapital/SeleniumCapital/pages/base_page.py", line 82, in inner_function
    return func(*args, **kwargs)
           ^^^^^^^^^^^^^^^^^^^^^
  File "/home/runner/work/SeleniumCapital/SeleniumCapital/pages/base_page.py", line 293, in element_is_visible
    return Wait(self.browser, timeout).until(
           ^^^^^^^^^^^^^^^^^^^^^^^^^^^^^^^^^^
  File "/home/runner/.cache/pypoetry/virtualenvs/testcapitalcompyse-cIj6ROMf-py3.11/lib/python3.11/site-packages/selenium/webdriver/support/wait.py", line 105, in until
    raise TimeoutException(message, screen, stacktrace)
selenium.common.exceptions.TimeoutException: Message: 
Stacktrace:
#0 0x556179b10f83 <unknown>
#1 0x5561797c9cf7 <unknown>
#2 0x55617981999e <unknown>
#3 0x556179819aa1 <unknown>
#4 0x556179864d64 <unknown>
#5 0x5561798430dd <unknown>
#6 0x556179862006 <unknown>
#7 0x556179842e53 <unknown>
#8 0x55617980add4 <unknown>
#9 0x55617980c1de <unknown>
#10 0x556179ad5531 <unknown>
#11 0x556179ad9455 <unknown>
#12 0x556179ac1f55 <unknown>
#13 0x556179ada0ef <unknown>
#14 0x556179aa599f <unknown>
#15 0x556179afe008 <unknown>
#16 0x556179afe1d7 <unknown>
#17 0x556179b10124 <unknown>
#18 0x7f7f1ae94ac3 <unknown>