2024-01-26 15:34:00 ERROR Elements not present after 0.5 seconds on page: https://capital.com/de/trade-netflix
2024-01-26 15:34:00 ERROR 
Traceback (most recent call last):
  File "/home/runner/work/SeleniumCapital/SeleniumCapital/pages/base_page.py", line 82, in inner_function
    return func(*args, **kwargs)
           ^^^^^^^^^^^^^^^^^^^^^
  File "/home/runner/work/SeleniumCapital/SeleniumCapital/pages/base_page.py", line 293, in element_is_visible
    return Wait(self.browser, timeout).until(
           ^^^^^^^^^^^^^^^^^^^^^^^^^^^^^^^^^^
  File "/home/runner/.cache/pypoetry/virtualenvs/testcapitalcompyse-cIj6ROMf-py3.11/lib/python3.11/site-packages/selenium/webdriver/support/wait.py", line 105, in until
    raise TimeoutException(message, screen, stacktrace)
selenium.common.exceptions.TimeoutException: Message: 
Stacktrace:
#0 0x557709675f83 <unknown>
#1 0x55770932ecf7 <unknown>
#2 0x55770937e99e <unknown>
#3 0x55770937eaa1 <unknown>
#4 0x5577093c9d64 <unknown>
#5 0x5577093a80dd <unknown>
#6 0x5577093c7006 <unknown>
#7 0x5577093a7e53 <unknown>
#8 0x55770936fdd4 <unknown>
#9 0x5577093711de <unknown>
#10 0x55770963a531 <unknown>
#11 0x55770963e455 <unknown>
#12 0x557709626f55 <unknown>
#13 0x55770963f0ef <unknown>
#14 0x55770960a99f <unknown>
#15 0x557709663008 <unknown>
#16 0x5577096631d7 <unknown>
#17 0x557709675124 <unknown>
#18 0x7fae6f094ac3 <unknown>

2024-01-26 15:34:06 ERROR Elements not present after 0.5 seconds on page: https://capital.com/trading/signup
2024-01-26 15:34:06 ERROR 
Traceback (most recent call last):
  File "/home/runner/work/SeleniumCapital/SeleniumCapital/pages/base_page.py", line 82, in inner_function
    return func(*args, **kwargs)
           ^^^^^^^^^^^^^^^^^^^^^
  File "/home/runner/work/SeleniumCapital/SeleniumCapital/pages/base_page.py", line 293, in element_is_visible
    return Wait(self.browser, timeout).until(
           ^^^^^^^^^^^^^^^^^^^^^^^^^^^^^^^^^^
  File "/home/runner/.cache/pypoetry/virtualenvs/testcapitalcompyse-cIj6ROMf-py3.11/lib/python3.11/site-packages/selenium/webdriver/support/wait.py", line 105, in until
    raise TimeoutException(message, screen, stacktrace)
selenium.common.exceptions.TimeoutException: Message: 
Stacktrace:
#0 0x557709675f83 <unknown>
#1 0x55770932ecf7 <unknown>
#2 0x55770937e99e <unknown>
#3 0x55770937eaa1 <unknown>
#4 0x5577093c9d64 <unknown>
#5 0x5577093a80dd <unknown>
#6 0x5577093c7006 <unknown>
#7 0x5577093a7e53 <unknown>
#8 0x55770936fdd4 <unknown>
#9 0x5577093711de <unknown>
#10 0x55770963a531 <unknown>
#11 0x55770963e455 <unknown>
#12 0x557709626f55 <unknown>
#13 0x55770963f0ef <unknown>
#14 0x55770960a99f <unknown>
#15 0x557709663008 <unknown>
#16 0x5577096631d7 <unknown>
#17 0x557709675124 <unknown>
#18 0x7fae6f094ac3 <unknown>

2024-01-26 15:34:12 ERROR Elements not present after 0.5 seconds on page: https://capital.com/trading/signup
2024-01-26 15:34:12 ERROR 
Traceback (most recent call last):
  File "/home/runner/work/SeleniumCapital/SeleniumCapital/pages/base_page.py", line 82, in inner_function
    return func(*args, **kwargs)
           ^^^^^^^^^^^^^^^^^^^^^
  File "/home/runner/work/SeleniumCapital/SeleniumCapital/pages/base_page.py", line 293, in element_is_visible
    return Wait(self.browser, timeout).until(
           ^^^^^^^^^^^^^^^^^^^^^^^^^^^^^^^^^^
  File "/home/runner/.cache/pypoetry/virtualenvs/testcapitalcompyse-cIj6ROMf-py3.11/lib/python3.11/site-packages/selenium/webdriver/support/wait.py", line 105, in until
    raise TimeoutException(message, screen, stacktrace)
selenium.common.exceptions.TimeoutException: Message: 
Stacktrace:
#0 0x557709675f83 <unknown>
#1 0x55770932ecf7 <unknown>
#2 0x55770937e99e <unknown>
#3 0x55770937eaa1 <unknown>
#4 0x5577093c9d64 <unknown>
#5 0x5577093a80dd <unknown>
#6 0x5577093c7006 <unknown>
#7 0x5577093a7e53 <unknown>
#8 0x55770936fdd4 <unknown>
#9 0x5577093711de <unknown>
#10 0x55770963a531 <unknown>
#11 0x55770963e455 <unknown>
#12 0x557709626f55 <unknown>
#13 0x55770963f0ef <unknown>
#14 0x55770960a99f <unknown>
#15 0x557709663008 <unknown>
#16 0x5577096631d7 <unknown>
#17 0x557709675124 <unknown>
#18 0x7fae6f094ac3 <unknown>

2024-01-26 15:34:18 ERROR Elements not present after 0.5 seconds on page: https://capital.com/trading/signup
2024-01-26 15:34:18 ERROR 
Traceback (most recent call last):
  File "/home/runner/work/SeleniumCapital/SeleniumCapital/pages/base_page.py", line 82, in inner_function
    return func(*args, **kwargs)
           ^^^^^^^^^^^^^^^^^^^^^
  File "/home/runner/work/SeleniumCapital/SeleniumCapital/pages/base_page.py", line 293, in element_is_visible
    return Wait(self.browser, timeout).until(
           ^^^^^^^^^^^^^^^^^^^^^^^^^^^^^^^^^^
  File "/home/runner/.cache/pypoetry/virtualenvs/testcapitalcompyse-cIj6ROMf-py3.11/lib/python3.11/site-packages/selenium/webdriver/support/wait.py", line 105, in until
    raise TimeoutException(message, screen, stacktrace)
selenium.common.exceptions.TimeoutException: Message: 
Stacktrace:
#0 0x557709675f83 <unknown>
#1 0x55770932ecf7 <unknown>
#2 0x55770937e99e <unknown>
#3 0x55770937eaa1 <unknown>
#4 0x5577093c9d64 <unknown>
#5 0x5577093a80dd <unknown>
#6 0x5577093c7006 <unknown>
#7 0x5577093a7e53 <unknown>
#8 0x55770936fdd4 <unknown>
#9 0x5577093711de <unknown>
#10 0x55770963a531 <unknown>
#11 0x55770963e455 <unknown>
#12 0x557709626f55 <unknown>
#13 0x55770963f0ef <unknown>
#14 0x55770960a99f <unknown>
#15 0x557709663008 <unknown>
#16 0x5577096631d7 <unknown>
#17 0x557709675124 <unknown>
#18 0x7fae6f094ac3 <unknown>

2024-01-26 15:34:24 ERROR Elements not present after 0.5 seconds on page: https://capital.com/trading/signup
2024-01-26 15:34:24 ERROR 
Traceback (most recent call last):
  File "/home/runner/work/SeleniumCapital/SeleniumCapital/pages/base_page.py", line 82, in inner_function
    return func(*args, **kwargs)
           ^^^^^^^^^^^^^^^^^^^^^
  File "/home/runner/work/SeleniumCapital/SeleniumCapital/pages/base_page.py", line 293, in element_is_visible
    return Wait(self.browser, timeout).until(
           ^^^^^^^^^^^^^^^^^^^^^^^^^^^^^^^^^^
  File "/home/runner/.cache/pypoetry/virtualenvs/testcapitalcompyse-cIj6ROMf-py3.11/lib/python3.11/site-packages/selenium/webdriver/support/wait.py", line 105, in until
    raise TimeoutException(message, screen, stacktrace)
selenium.common.exceptions.TimeoutException: Message: 
Stacktrace:
#0 0x557709675f83 <unknown>
#1 0x55770932ecf7 <unknown>
#2 0x55770937e99e <unknown>
#3 0x55770937eaa1 <unknown>
#4 0x5577093c9d64 <unknown>
#5 0x5577093a80dd <unknown>
#6 0x5577093c7006 <unknown>
#7 0x5577093a7e53 <unknown>
#8 0x55770936fdd4 <unknown>
#9 0x5577093711de <unknown>
#10 0x55770963a531 <unknown>
#11 0x55770963e455 <unknown>
#12 0x557709626f55 <unknown>
#13 0x55770963f0ef <unknown>
#14 0x55770960a99f <unknown>
#15 0x557709663008 <unknown>
#16 0x5577096631d7 <unknown>
#17 0x557709675124 <unknown>
#18 0x7fae6f094ac3 <unknown>