


2024-01-26 15:32:25.773587   0. Get Values row =>
2024-01-26 15:32:25.773642   Row # = 961
2024-01-26 15:32:25.773653   Row Values = 
['Bid:11.03.01.01_02-en.gb.NoAuth', 'Ubuntu 22.04', 'Chrome', '11.03.01.01', '_02', 'en', 'gb', 'FCA', 'NoAuth', 'https://capital.com/average-true-range', 'Education', 'Trading strategies guide L1', 'Click Main banner > Button [Try demo]', 'Click Main banner > Button [Try demo]', '', '05', "Bug # 05. Opened a 'Sign up' form instead of a 'Login'", '', '', '', '19/01/24', 'failed']

2024-01-26 15:32:25.773745   1. Run pretest =>

2024-01-26 15:32:25.773758   row_loc = 
['Bid:11.03.01.01_02-en.gb.NoAuth', 'Ubuntu 22.04', 'Chrome', '11.03.01.01', '_02', 'en', 'gb', 'FCA', 'NoAuth', 'https://capital.com/average-true-range', 'Education', 'Trading strategies guide L1', 'Click Main banner > Button [Try demo]', 'Click Main banner > Button [Try demo]', '', '05', "Bug # 05. Opened a 'Sign up' form instead of a 'Login'", '', '', '', '19/01/24', 'failed']

2024-01-26 15:32:25.773773   => 1. Pretest finished

2024-01-26 15:32:25.773840   2. Run run_pytest with Bid = Bid:11.03.01.01_02-en.gb.NoAuth from row =>

2024-01-26 15:32:25.773853   2.2. Run poetry run pytest ... in subprocess =>

2024-01-26 15:32:25.773864   Run command: 
poetry run pytest --retest=True --browser_name=Chrome --lang= --country=gb --role=NoAuth --tpi_link=https://capital.com/average-true-range -m test_02 -v \tests/US_11_Education/US_11-03-01_trading_strategies_guide/US_11-03-01-01_trading_strategies_guide_test.py

2024-01-26 15:33:13.425298   => 2.2. pytest ... as subprocess finished

2024-01-26 15:33:13.425350   => 2. Autotest with Bid = Bid:11.03.01.01_02-en.gb.NoAuth from row finished

2024-01-26 15:33:13.425423   3. Run check_results =>
2024-01-26 15:33:13.425449   test_results: 
============================= test session starts ==============================
platform linux -- Python 3.11.7, pytest-7.4.4, pluggy-1.3.0 -- /home/runner/.cache/pypoetry/virtualenvs/testcapitalcompyse-cIj6ROMf-py3.11/bin/python
cachedir: .pytest_cache
metadata: {'Python': '3.11.7', 'Platform': 'Linux-6.2.0-1018-azure-x86_64-with-glibc2.35', 'Packages': {'pytest': '7.4.4', 'pluggy': '1.3.0'}, 'Plugins': {'metadata': '3.0.0', 'timeout': '2.2.0', 'html': '4.1.1', 'xdist': '3.5.0', 'allure-pytest': '2.13.2'}, 'CI': 'true', 'JAVA_HOME': '/usr/lib/jvm/temurin-11-jdk-amd64'}
rootdir: /home/runner/work/SeleniumCapital/SeleniumCapital
configfile: pytest.ini
plugins: metadata-3.0.0, timeout-2.2.0, html-4.1.1, xdist-3.5.0, allure-pytest-2.13.2
collecting ... collected 10 items / 9 deselected / 1 selected

tests/US_11_Education/US_11-03-01_trading_strategies_guide/US_11-03-01-01_trading_strategies_guide_test.py::TestTradingStrategiesGuides::test_02_main_banner_try_demo_button[https://capital.com/average-true-range-Chrome--ae-NoAuth-aqa.tomelo.an@gmail.com-iT9Vgqi6d$fiZ*Z] FAILED [100%]

=================================== FAILURES ===================================
_ TestTradingStrategiesGuides.test_02_main_banner_try_demo_button[https://capital.com/average-true-range-Chrome--ae-NoAuth-aqa.tomelo.an@gmail.com-iT9Vgqi6d$fiZ*Z] _

self = <US_11-03-01-01_trading_strategies_guide_test.TestTradingStrategiesGuides object at 0x7ff9d2690c10>
worker_id = 'master'
d = <selenium.webdriver.chrome.webdriver.WebDriver (session="f8a6459a41407242659804d9ae80f738")>
cur_language = '', cur_country = 'gb', cur_role = 'NoAuth'
cur_login = 'aqa.tomelo.an@gmail.com', cur_password = 'iT9Vgqi6d$fiZ*Z'
cur_item_link = 'https://capital.com/average-true-range'

    @allure.step("Start test_11.03.01.01_02 of button [Try demo] on Main banner")
    @pytest.mark.test_02
    def test_02_main_banner_try_demo_button(
            self, worker_id, d, cur_language, cur_country, cur_role, cur_login, cur_password, cur_item_link):
        """
        Check: Button [Try demo] on Main banner
        Language: All. License: All.
        """
        bid = build_dynamic_arg_v4(
            d, worker_id, cur_language, cur_country, cur_role,
            "11.03.01", "Education > Menu item [Trading Strategies Guides]",
            ".01_02", "Testing button [Try demo] on Main banner")
    
        Common().check_language_in_list_and_skip_if_not_present(cur_language, ["", "de", "es", "it", "ru", "zh"])
    
        page_conditions = Conditions(d, "")
        page_conditions.preconditions(
            d, CapitalComPageSrc.URL, "", cur_language, cur_country, cur_role, cur_login, cur_password)
    
        test_element = MainBannerTryDemo(d, cur_item_link, bid)
>       test_element.full_test_with_tpi(d, cur_language, cur_country, cur_role, cur_item_link)

tests/US_11_Education/US_11-03-01_trading_strategies_guide/US_11-03-01-01_trading_strategies_guide_test.py:76: 
_ _ _ _ _ _ _ _ _ _ _ _ _ _ _ _ _ _ _ _ _ _ _ _ _ _ _ _ _ _ _ _ _ _ _ _ _ _ _ _ 
pages/Elements/ButtonTryDemoMainBanner.py:28: in full_test_with_tpi
    test_element.assert_login(d, cur_language, cur_item_link)
_ _ _ _ _ _ _ _ _ _ _ _ _ _ _ _ _ _ _ _ _ _ _ _ _ _ _ _ _ _ _ _ _ _ _ _ _ _ _ _ 

self = <pages.Elements.AssertClass.AssertClass object at 0x7ff9d26b3610>
d = <selenium.webdriver.chrome.webdriver.WebDriver (session="f8a6459a41407242659804d9ae80f738")>
cur_language = '', cur_link = 'https://capital.com/average-true-range'

    @allure.step('Checking that "Login" form or page opened')
    def assert_login(self, d, cur_language, cur_link):
        """Method Assert Login form or page"""
        print(f"\n{datetime.now()}   3. Assert_Login_v0")
        self.page_signup_login = SignupLogin(d, cur_link)
        if self.page_signup_login.should_be_login_form():
            self.page_signup_login.close_login_form()
            del self.page_signup_login
        elif self.page_signup_login.should_be_login_page():
            self.page_signup_login.close_login_page()
            del self.page_signup_login
        elif self.page_signup_login.should_be_trading_platform_login_form(cur_language):
            self.page_signup_login.close_trading_platform_login_form()
            del self.page_signup_login
        elif self.page_signup_login.should_be_signup_form(cur_language):
            del self.page_signup_login
            print(f'\nBug: {self.bid}')
            retest_table_fill(self.bid, '05', self.link)
>           assert False, "Bug # 05. Opened a 'Sign up' form instead of a 'Login'"
E           AssertionError: Bug # 05. Opened a 'Sign up' form instead of a 'Login'

pages/Elements/AssertClass.py:69: AssertionError
---------------------------- Captured stdout setup -----------------------------

2024-01-26 15:32:26.583627   *** autouse fixture Chrome ***

{'width': 1280, 'height': 720}
Current test language - 
Current country of trading - gb



Current test role - NoAuth
Current login - aqa.tomelo.an@gmail.com
Current login - iT9Vgqi6d$fiZ*Z
----------------------------- Captured stdout call -----------------------------
{'width': 1280, 'height': 720}

2024-01-26 15:32:27.484913   worker_id = master

2024-01-26 15:32:27.484928   0. Allure grouping v4


2024-01-26 15:32:27.485174   START PRECONDITIONS =>

2024-01-26 15:32:29.183479   Load page https://capital.com

2024-01-26 15:32:29.183527   {'width': 1280, 'height': 720}

2024-01-26 15:32:29.185300   Set windows position at (0, 0) =>

2024-01-26 15:32:29.293118   Set resolution 1280 * 720 =>

2024-01-26 15:32:29.413828   => Resolution seted {'width': 1280, 'height': 720}

2024-01-26 15:32:34.434698   Капчи нет. Тестим дальше

2024-01-26 15:32:34.434792   Prev. Role: ?

2024-01-26 15:32:34.434805   Run preconditions: set "NoAuth" Role =>
2024-01-26 15:32:35.132504   Load page https://capital.com

2024-01-26 15:32:35.332008   => All cookies are deleted
2024-01-26 15:32:36.168637   Load page https://capital.com

2024-01-26 15:32:36.168831   Step 'Click button [Accept all cookies]'
2024-01-26 15:32:41.180423   Is Visible Button [Accept all cookies]? =>
2024-01-26 15:32:41.200118   => Button [Accept all cookies] is visible
2024-01-26 15:32:42.200455   Is clickable Button [Accept all cookies] =>
2024-01-26 15:32:42.241762   => Button [Accept all cookies] is clickable
2024-01-26 15:32:42.241799   Click Button [Accept all cookies] =>
2024-01-26 15:32:42.297486   => Button [Accept all cookies] is clicked
2024-01-26 15:32:42.297534   => Accepted All Cookies

2024-01-26 15:32:42.797960   Start Autorization

2024-01-26 15:32:42.798094   2. Act
2024-01-26 15:32:42.798114   Start Click button [Log in] =>
2024-01-26 15:32:42.821197   BUTTON_LOGIN scroll =>
2024-01-26 15:32:42.832808   Is BUTTON_LOGIN clickable? =>
2024-01-26 15:32:42.847746   => BUTTON_LOGIN is clickable
2024-01-26 15:32:42.847782   BUTTON_LOGIN click =>
2024-01-26 15:32:42.931836   => BUTTON_LOGIN is clicked!
2024-01-26 15:32:42.931953   => 'Login' form is opened
2024-01-26 15:32:43.517094   => "login" and "password" are inputted
2024-01-26 15:32:43.517178   Click [Continue] button on [Login] form =>
2024-01-26 15:32:43.601114   => [Continue] button on [Login] form is clicked
2024-01-26 15:32:46.209724   Start check that the Trading platform page is loaded and LOGO is present on it =>
2024-01-26 15:32:46.209756   Set timeout = 30
2024-01-26 15:32:46.209771   Wait until load page with special title =>
2024-01-26 15:32:46.214385   => Page with title "Trading Platform | Capital.com" is loaded
2024-01-26 15:32:46.214413   Is present LOGO on this page? =>
2024-01-26 15:32:47.817797   => LOGO is visible on this page
2024-01-26 15:32:47.817881   -> "Capital.com" logo is present on trading platform page

2024-01-26 15:32:48.976162   Start DeAuthorisation
2024-01-26 15:32:48.976289   1. BUTTON_MY_ACCOUNT is present? =>
2024-01-26 15:32:48.990637   => BUTTON_MY_ACCOUNT is present on this page
2024-01-26 15:32:50.290374   => Move to BUTTON_MY_ACCOUNT
2024-01-26 15:32:50.290418   2. BUTTON_MY_ACCOUNT is clickable? =>
2024-01-26 15:32:50.314786   => BUTTON_MY_ACCOUNT is clickable
2024-01-26 15:32:50.314823   BUTTON_MY_ACCOUNT Click =>
2024-01-26 15:32:51.140898   => User panel [My account] is opened

2024-01-26 15:32:51.141118   Start Click [Logout] button:
2024-01-26 15:32:51.141139   BUTTON_LOGOUT is present? =>
2024-01-26 15:32:51.149234   => BUTTON_LOGOUT is present
2024-01-26 15:32:51.149256   Is visible BUTTON_LOGOUT? =>
2024-01-26 15:32:51.164757   BUTTON_LOGOUT is clickable? =>
2024-01-26 15:32:51.177295   BUTTON_LOGOUT click =>
2024-01-26 15:32:51.230341   => BUTTON_LOGOUT is clicked

2024-01-26 15:32:51.230478   Current role: NoAuth

2024-01-26 15:32:51.230495   Prev language: ?

2024-01-26 15:32:51.230508   Run preconditions: set "en" language =>


2024-01-26 15:32:51.255694   => Language and Country menu is present


2024-01-26 15:32:51.268284   => Language and Country menu is visible


2024-01-26 15:32:53.043806   => Focus is moved on Language and Country menu 

2024-01-26 15:32:54.765768   => Current language: en

2024-01-26 15:32:54.765807   Prev country: ?

2024-01-26 15:32:54.765816   Run preconditions: set "gb" country =>


2024-01-26 15:32:54.777578   => Language and Country menu is present


2024-01-26 15:32:54.796423   => Language and Country menu is visible


2024-01-26 15:32:56.574084   => Focus is moved on Language and Country menu 

2024-01-26 15:32:59.478166   => Current country: gb

2024-01-26 15:32:59.478219   => THE END PRECONDITIONS

2024-01-26 15:32:59.478271   1. Arrange_v0
2024-01-26 15:33:00.352158   Load page https://capital.com/average-true-range
2024-01-26 15:33:00.352231   BUTTON_TRY_DEMO is visible? =>
2024-01-26 15:33:00.373209   => BUTTON_TRY_DEMO is visible on the page!

2024-01-26 15:33:00.373375   2. Act_v0
2024-01-26 15:33:00.373391   BUTTON_TRY_DEMO is present? =>
2024-01-26 15:33:00.383131   => BUTTON_TRY_DEMO is present on the page!
2024-01-26 15:33:00.383155   BUTTON_TRY_DEMO scroll =>
2024-01-26 15:33:00.448340   => BUTTON_TRY_DEMO clicked!

2024-01-26 15:33:00.448546   3. Assert_Login_v0
2024-01-26 15:33:00.448621   Check that 'Login' form is opened
2024-01-26 15:33:05.985505   'Login' form not opened
2024-01-26 15:33:05.988335   'Login' page not opened
2024-01-26 15:33:11.538710   'Login' form on trading platform not opened
2024-01-26 15:33:11.538886   Start step Check that [Sign up] form is opened
2024-01-26 15:33:11.553323   'Sign up' form opened
2024-01-26 15:33:11.553345   Assert SIGNUP_HEADER =>
2024-01-26 15:33:11.567648   Assert SIGNUP_REF_LOGIN =>
2024-01-26 15:33:11.581183   Assert SIGNUP_PRIVACY_POLICY_ALL_2 =>
2024-01-26 15:33:11.594091   => SIGNUP_PRIVACY_POLICY_ALL
2024-01-26 15:33:11.594116   => 'Signup' form is checked

Bug: Bid:11.03.01.01_02-en.gb.NoAuth

2024-01-26 15:33:11.594172   Проверка бага в таблице ретеста  =>

2024-01-26 15:33:11.599706   4. Fixing one row check results into Google Sheet Bugs Report =>
1 cells updated.
2024-01-26 15:33:12.008008   => 4. One row check results into Google Sheet Bugs Report fixed

2024-01-26 15:33:12.414430   4. Fixing one row check results into Google Sheet Bugs Report =>
1 cells updated.
2024-01-26 15:33:12.745782   => 4. One row check results into Google Sheet Bugs Report fixed

2024-01-26 15:33:12.745856   Bug: Bid:11.03.01.01_02-en.gb.NoAuth уже существует, но тип бага изменился с 19/01/24 на 05

2024-01-26 15:33:12.746255   Bug: Bid:11.03.01.01_02-en.gb.NoAuth-05 уже существует

2024-01-26 15:33:12.746397   4. Fixing one row check results into Google Sheet Bugs Report =>
1 cells updated.
2024-01-26 15:33:13.058259   => 4. One row check results into Google Sheet Bugs Report fixed
------------------------------ Captured log call -------------------------------
2024-01-26 15:33:05 ERROR Elements not present after 0.5 seconds on page: https://capital.com/average-true-range
2024-01-26 15:33:05 ERROR 
Traceback (most recent call last):
  File "/home/runner/work/SeleniumCapital/SeleniumCapital/pages/base_page.py", line 82, in inner_function
    return func(*args, **kwargs)
           ^^^^^^^^^^^^^^^^^^^^^
  File "/home/runner/work/SeleniumCapital/SeleniumCapital/pages/base_page.py", line 293, in element_is_visible
    return Wait(self.browser, timeout).until(
           ^^^^^^^^^^^^^^^^^^^^^^^^^^^^^^^^^^
  File "/home/runner/.cache/pypoetry/virtualenvs/testcapitalcompyse-cIj6ROMf-py3.11/lib/python3.11/site-packages/selenium/webdriver/support/wait.py", line 105, in until
    raise TimeoutException(message, screen, stacktrace)
selenium.common.exceptions.TimeoutException: Message: 
Stacktrace:
#0 0x5579d6f98f83 <unknown>
#1 0x5579d6c51cf7 <unknown>
#2 0x5579d6ca199e <unknown>
#3 0x5579d6ca1aa1 <unknown>
#4 0x5579d6cecd64 <unknown>
#5 0x5579d6ccb0dd <unknown>
#6 0x5579d6cea006 <unknown>
#7 0x5579d6ccae53 <unknown>
#8 0x5579d6c92dd4 <unknown>
#9 0x5579d6c941de <unknown>
#10 0x5579d6f5d531 <unknown>
#11 0x5579d6f61455 <unknown>
#12 0x5579d6f49f55 <unknown>
#13 0x5579d6f620ef <unknown>
#14 0x5579d6f2d99f <unknown>
#15 0x5579d6f86008 <unknown>
#16 0x5579d6f861d7 <unknown>
#17 0x5579d6f98124 <unknown>
#18 0x7f34daa94ac3 <unknown>

2024-01-26 15:33:11 ERROR Elements not present after 0.5 seconds on page: https://capital.com/average-true-range
2024-01-26 15:33:11 ERROR 
Traceback (most recent call last):
  File "/home/runner/work/SeleniumCapital/SeleniumCapital/pages/base_page.py", line 82, in inner_function
    return func(*args, **kwargs)
           ^^^^^^^^^^^^^^^^^^^^^
  File "/home/runner/work/SeleniumCapital/SeleniumCapital/pages/base_page.py", line 293, in element_is_visible
    return Wait(self.browser, timeout).until(
           ^^^^^^^^^^^^^^^^^^^^^^^^^^^^^^^^^^
  File "/home/runner/.cache/pypoetry/virtualenvs/testcapitalcompyse-cIj6ROMf-py3.11/lib/python3.11/site-packages/selenium/webdriver/support/wait.py", line 105, in until
    raise TimeoutException(message, screen, stacktrace)
selenium.common.exceptions.TimeoutException: Message: 
Stacktrace:
#0 0x5579d6f98f83 <unknown>
#1 0x5579d6c51cf7 <unknown>
#2 0x5579d6ca199e <unknown>
#3 0x5579d6ca1aa1 <unknown>
#4 0x5579d6cecd64 <unknown>
#5 0x5579d6ccb0dd <unknown>
#6 0x5579d6cea006 <unknown>
#7 0x5579d6ccae53 <unknown>
#8 0x5579d6c92dd4 <unknown>
#9 0x5579d6c941de <unknown>
#10 0x5579d6f5d531 <unknown>
#11 0x5579d6f61455 <unknown>
#12 0x5579d6f49f55 <unknown>
#13 0x5579d6f620ef <unknown>
#14 0x5579d6f2d99f <unknown>
#15 0x5579d6f86008 <unknown>
#16 0x5579d6f861d7 <unknown>
#17 0x5579d6f98124 <unknown>
#18 0x7f34daa94ac3 <unknown>
--------------------------- Captured stdout teardown ---------------------------

2024-01-26 15:33:13.349028   *** end fixture Browser = teardown ***

=============================== warnings summary ===============================
tests/US_11_Education/US_11-03-01_trading_strategies_guide/US_11-03-01-01_trading_strategies_guide_test.py::TestTradingStrategiesGuides::test_02_main_banner_try_demo_button[https://capital.com/average-true-range-Chrome--ae-NoAuth-aqa.tomelo.an@gmail.com-iT9Vgqi6d$fiZ*Z]
  /home/runner/.cache/pypoetry/virtualenvs/testcapitalcompyse-cIj6ROMf-py3.11/lib/python3.11/site-packages/pytest_html/plugin.py:133: DeprecationWarning: The 'report.extra' attribute is deprecated and will be removed in a future release, use 'report.extras' instead.
    warnings.warn(

-- Docs: https://docs.pytest.org/en/stable/how-to/capture-warnings.html
- Generated html report: file:///home/runner/work/SeleniumCapital/SeleniumCapital/report/report.html -
=========================== short test summary info ============================
FAILED tests/US_11_Education/US_11-03-01_trading_strategies_guide/US_11-03-01-01_trading_strategies_guide_test.py::TestTradingStrategiesGuides::test_02_main_banner_try_demo_button[https://capital.com/average-true-range-Chrome--ae-NoAuth-aqa.tomelo.an@gmail.com-iT9Vgqi6d$fiZ*Z] - AssertionError: Bug # 05. Opened a 'Sign up' form instead of a 'Login'
================= 1 failed, 9 deselected, 1 warning in 46.91s ==================

2024-01-26 15:33:13.426001   => Текущий тест: 1 failed

2024-01-26 15:33:13.427236   => 3. check_results finished

2024-01-26 15:33:13.427375   4. Fixing one row check results into Google Sheet Bugs Report =>
1 cells updated.
2024-01-26 15:33:13.629091   => 4. One row check results into Google Sheet Bugs Report fixed
