


2024-01-26 15:12:54.005150   0. Get Values row =>
2024-01-26 15:12:54.005177   Row # = 562
2024-01-26 15:12:54.005187   Row Values = 
['Bid:11.01.03.00_02-de.gb.NoAuth', 'Ubuntu 22.04', 'Chrome', '11.01.03.00', '_02', 'de', 'gb', 'FCA', 'NoAuth', '', 'Education', 'CFD trading guide', 'Click Main banner > Button [Try demo]', 'Click Main banner > Button [Try demo]', '', '05', "Bug # 05. Opened a 'Sign up' form instead of a 'Login'", '', '', '', '23/01/24', 'failed']

2024-01-26 15:12:54.005266   1. Run pretest =>

2024-01-26 15:12:54.005278   row_loc = 
['Bid:11.01.03.00_02-de.gb.NoAuth', 'Ubuntu 22.04', 'Chrome', '11.01.03.00', '_02', 'de', 'gb', 'FCA', 'NoAuth', '', 'Education', 'CFD trading guide', 'Click Main banner > Button [Try demo]', 'Click Main banner > Button [Try demo]', '', '05', "Bug # 05. Opened a 'Sign up' form instead of a 'Login'", '', '', '', '23/01/24', 'failed']

2024-01-26 15:12:54.005293   => 1. Pretest finished

2024-01-26 15:12:54.005355   2. Run run_pytest with Bid = Bid:11.01.03.00_02-de.gb.NoAuth from row =>

2024-01-26 15:12:54.005367   2.2. Run poetry run pytest ... in subprocess =>

2024-01-26 15:12:54.005379   Run command: 
poetry run pytest --retest=True --browser_name=Chrome --lang=de --country=gb --role=NoAuth -m test_02 -v \tests/US_11_Education/US_11-01-03_cfd_trading_guide/us_11-01-03-00_cfd_trading_guide_test.py

2024-01-26 15:13:46.007304   => 2.2. pytest ... as subprocess finished

2024-01-26 15:13:46.007365   => 2. Autotest with Bid = Bid:11.01.03.00_02-de.gb.NoAuth from row finished

2024-01-26 15:13:46.007434   3. Run check_results =>
2024-01-26 15:13:46.007455   test_results: 
============================= test session starts ==============================
platform linux -- Python 3.11.7, pytest-7.4.4, pluggy-1.3.0 -- /home/runner/.cache/pypoetry/virtualenvs/testcapitalcompyse-cIj6ROMf-py3.11/bin/python
cachedir: .pytest_cache
metadata: {'Python': '3.11.7', 'Platform': 'Linux-6.2.0-1018-azure-x86_64-with-glibc2.35', 'Packages': {'pytest': '7.4.4', 'pluggy': '1.3.0'}, 'Plugins': {'metadata': '3.0.0', 'timeout': '2.2.0', 'html': '4.1.1', 'xdist': '3.5.0', 'allure-pytest': '2.13.2'}, 'CI': 'true', 'JAVA_HOME': '/usr/lib/jvm/temurin-11-jdk-amd64'}
rootdir: /home/runner/work/SeleniumCapital/SeleniumCapital
configfile: pytest.ini
plugins: metadata-3.0.0, timeout-2.2.0, html-4.1.1, xdist-3.5.0, allure-pytest-2.13.2
collecting ... collected 5 items / 4 deselected / 1 selected

tests/US_11_Education/US_11-01-03_cfd_trading_guide/us_11-01-03-00_cfd_trading_guide_test.py::TestCFDTradingGuide::test_02_main_banner_try_demo_button[Chrome--ae-NoAuth-aqa.tomelo.an@gmail.com-iT9Vgqi6d$fiZ*Z] FAILED [100%]

=================================== FAILURES ===================================
_ TestCFDTradingGuide.test_02_main_banner_try_demo_button[Chrome--ae-NoAuth-aqa.tomelo.an@gmail.com-iT9Vgqi6d$fiZ*Z] _

self = <us_11-01-03-00_cfd_trading_guide_test.TestCFDTradingGuide object at 0x7f67242aa650>
worker_id = 'master'
d = <selenium.webdriver.chrome.webdriver.WebDriver (session="aef37a425b0dcf590d5198c20a91def8")>
cur_language = 'de', cur_country = 'gb', cur_role = 'NoAuth'
cur_login = 'aqa.tomelo.an@gmail.com', cur_password = 'iT9Vgqi6d$fiZ*Z'

    @allure.step("Start test of button [Try demo] on Main banner")
    @pytest.mark.test_02
    def test_02_main_banner_try_demo_button(
            self, worker_id, d, cur_language, cur_country, cur_role, cur_login, cur_password):
        """
        Check: Button [Try demo] on Main banner
        Language: All. License: All.
        """
        global cur_page_url
    
        bid = build_dynamic_arg_v4(
            d, worker_id, cur_language, cur_country, cur_role,
            "11.01.03", "Education > Menu item [CFD trading guide]",
            ".00_02", "Testing button [Try demo] on Main banner")
    
        Common().skip_if_eng_lang_and_fca_license(cur_language, cur_country)
    
        Common().check_language_in_list_and_skip_if_not_present(cur_language, ["", "de", "es", "fr", "nl", "pl", "ro", "ru", "zh"])
    
        page_conditions = Conditions(d, "")
        main_page_link = page_conditions.preconditions(
            d, CapitalComPageSrc.URL, "", cur_language, cur_country, cur_role, cur_login, cur_password)
    
        page_menu = MenuSection(d, main_page_link)
        cur_page_url = page_menu.open_education_cfd_trading_menu(d, cur_language, cur_country, main_page_link)
    
        test_element = MainBannerTryDemo(d, cur_page_url, bid)
>       test_element.full_test_with_tpi(d, cur_language, cur_country, cur_role, cur_page_url)

tests/US_11_Education/US_11-01-03_cfd_trading_guide/us_11-01-03-00_cfd_trading_guide_test.py:84: 
_ _ _ _ _ _ _ _ _ _ _ _ _ _ _ _ _ _ _ _ _ _ _ _ _ _ _ _ _ _ _ _ _ _ _ _ _ _ _ _ 
pages/Elements/ButtonTryDemoMainBanner.py:28: in full_test_with_tpi
    test_element.assert_login(d, cur_language, cur_item_link)
_ _ _ _ _ _ _ _ _ _ _ _ _ _ _ _ _ _ _ _ _ _ _ _ _ _ _ _ _ _ _ _ _ _ _ _ _ _ _ _ 

self = <pages.Elements.AssertClass.AssertClass object at 0x7f6724297910>
d = <selenium.webdriver.chrome.webdriver.WebDriver (session="aef37a425b0dcf590d5198c20a91def8")>
cur_language = 'de', cur_link = 'https://capital.com/de/was-ist-cfd-handel'

    @allure.step('Checking that "Login" form or page opened')
    def assert_login(self, d, cur_language, cur_link):
        """Method Assert Login form or page"""
        print(f"\n{datetime.now()}   3. Assert_Login_v0")
        self.page_signup_login = SignupLogin(d, cur_link)
        if self.page_signup_login.should_be_login_form():
            self.page_signup_login.close_login_form()
            del self.page_signup_login
        elif self.page_signup_login.should_be_login_page():
            self.page_signup_login.close_login_page()
            del self.page_signup_login
        elif self.page_signup_login.should_be_trading_platform_login_form(cur_language):
            self.page_signup_login.close_trading_platform_login_form()
            del self.page_signup_login
        elif self.page_signup_login.should_be_signup_form(cur_language):
            del self.page_signup_login
            print(f'\nBug: {self.bid}')
            retest_table_fill(self.bid, '05', self.link)
>           assert False, "Bug # 05. Opened a 'Sign up' form instead of a 'Login'"
E           AssertionError: Bug # 05. Opened a 'Sign up' form instead of a 'Login'

pages/Elements/AssertClass.py:69: AssertionError
---------------------------- Captured stdout setup -----------------------------

2024-01-26 15:12:54.798869   *** autouse fixture Chrome ***

{'width': 1280, 'height': 720}
Current test language - de
Current country of trading - gb



Current test role - NoAuth
Current login - aqa.tomelo.an@gmail.com
Current login - iT9Vgqi6d$fiZ*Z
----------------------------- Captured stdout call -----------------------------
{'width': 1280, 'height': 720}

2024-01-26 15:12:55.671236   worker_id = master

2024-01-26 15:12:55.671254   0. Allure grouping v4


2024-01-26 15:12:55.671445   START PRECONDITIONS =>

2024-01-26 15:12:57.096954   Load page https://capital.com

2024-01-26 15:12:57.096999   {'width': 1280, 'height': 720}

2024-01-26 15:12:57.098985   Set windows position at (0, 0) =>

2024-01-26 15:12:57.206396   Set resolution 1280 * 720 =>

2024-01-26 15:12:57.311786   => Resolution seted {'width': 1280, 'height': 720}

2024-01-26 15:13:02.326799   Капчи нет. Тестим дальше

2024-01-26 15:13:02.326884   Prev. Role: ?

2024-01-26 15:13:02.326896   Run preconditions: set "NoAuth" Role =>
2024-01-26 15:13:02.948738   Load page https://capital.com

2024-01-26 15:13:03.171302   => All cookies are deleted
2024-01-26 15:13:03.910211   Load page https://capital.com

2024-01-26 15:13:03.910455   Step 'Click button [Accept all cookies]'
2024-01-26 15:13:08.971913   Is Visible Button [Accept all cookies]? =>
2024-01-26 15:13:08.991918   => Button [Accept all cookies] is visible
2024-01-26 15:13:09.992033   Is clickable Button [Accept all cookies] =>
2024-01-26 15:13:10.024969   => Button [Accept all cookies] is clickable
2024-01-26 15:13:10.025006   Click Button [Accept all cookies] =>
2024-01-26 15:13:10.128224   => Button [Accept all cookies] is clicked
2024-01-26 15:13:10.128262   => Accepted All Cookies

2024-01-26 15:13:10.628606   Start Autorization

2024-01-26 15:13:10.628717   2. Act
2024-01-26 15:13:10.628730   Start Click button [Log in] =>
2024-01-26 15:13:10.643700   BUTTON_LOGIN scroll =>
2024-01-26 15:13:10.648651   Is BUTTON_LOGIN clickable? =>
2024-01-26 15:13:10.671471   => BUTTON_LOGIN is clickable
2024-01-26 15:13:10.671503   BUTTON_LOGIN click =>
2024-01-26 15:13:10.748287   => BUTTON_LOGIN is clicked!
2024-01-26 15:13:10.748402   => 'Login' form is opened
2024-01-26 15:13:11.281827   => "login" and "password" are inputted
2024-01-26 15:13:11.281880   Click [Continue] button on [Login] form =>
2024-01-26 15:13:11.390447   => [Continue] button on [Login] form is clicked
2024-01-26 15:13:14.371243   Start check that the Trading platform page is loaded and LOGO is present on it =>
2024-01-26 15:13:14.371279   Set timeout = 30
2024-01-26 15:13:14.371294   Wait until load page with special title =>
2024-01-26 15:13:14.374104   => Page with title "Trading Platform | Capital.com" is loaded
2024-01-26 15:13:14.374126   Is present LOGO on this page? =>
2024-01-26 15:13:15.953579   => LOGO is visible on this page
2024-01-26 15:13:15.953709   -> "Capital.com" logo is present on trading platform page

2024-01-26 15:13:17.174460   Start DeAuthorisation
2024-01-26 15:13:17.174577   1. BUTTON_MY_ACCOUNT is present? =>
2024-01-26 15:13:17.197134   => BUTTON_MY_ACCOUNT is present on this page
2024-01-26 15:13:18.538687   => Move to BUTTON_MY_ACCOUNT
2024-01-26 15:13:18.538722   2. BUTTON_MY_ACCOUNT is clickable? =>
2024-01-26 15:13:18.559256   => BUTTON_MY_ACCOUNT is clickable
2024-01-26 15:13:18.559288   BUTTON_MY_ACCOUNT Click =>
2024-01-26 15:13:19.392246   => User panel [My account] is opened

2024-01-26 15:13:19.392453   Start Click [Logout] button:
2024-01-26 15:13:19.392468   BUTTON_LOGOUT is present? =>
2024-01-26 15:13:19.404115   => BUTTON_LOGOUT is present
2024-01-26 15:13:19.404156   Is visible BUTTON_LOGOUT? =>
2024-01-26 15:13:19.421648   BUTTON_LOGOUT is clickable? =>
2024-01-26 15:13:19.437957   BUTTON_LOGOUT click =>
2024-01-26 15:13:19.490302   => BUTTON_LOGOUT is clicked

2024-01-26 15:13:19.490434   Current role: NoAuth

2024-01-26 15:13:19.490450   Prev language: ?

2024-01-26 15:13:19.490462   Run preconditions: set "de" language =>


2024-01-26 15:13:19.517182   => Language and Country menu is present


2024-01-26 15:13:19.530533   => Language and Country menu is visible


2024-01-26 15:13:21.324906   => Focus is moved on Language and Country menu 

2024-01-26 15:13:23.028759   => Current language: de

2024-01-26 15:13:23.028796   Prev country: ?

2024-01-26 15:13:23.028806   Run preconditions: set "gb" country =>


2024-01-26 15:13:23.065260   => Language and Country menu is present


2024-01-26 15:13:23.092466   => Language and Country menu is visible


2024-01-26 15:13:24.870654   => Focus is moved on Language and Country menu 

2024-01-26 15:13:27.278891   => Current country: gb

2024-01-26 15:13:27.278928   => THE END PRECONDITIONS

2024-01-26 15:13:27.279081   START Open "Education" menu, "CFD trading guide" submenu =>

2024-01-26 15:13:27.279095   1. Cur URL = https://capital.com/de?country=gb

2024-01-26 15:13:27.281474   2. Link = https://capital.com/de
2024-01-26 15:13:28.645535   Load page https://capital.com/de
2024-01-26 15:13:29.165401   => Education menu is present
2024-01-26 15:13:29.196901   => Education menu is visible
2024-01-26 15:13:30.469764   => Education menu focus moved

2024-01-26 15:13:32.743989   3. Cur URL = https://capital.com/de/was-ist-cfd-handel

2024-01-26 15:13:32.752775   1. Arrange_v0
2024-01-26 15:13:32.757077   BUTTON_TRY_DEMO is visible? =>
2024-01-26 15:13:32.810183   => BUTTON_TRY_DEMO is visible on the page!

2024-01-26 15:13:32.810341   2. Act_v0
2024-01-26 15:13:32.810355   BUTTON_TRY_DEMO is present? =>
2024-01-26 15:13:32.818957   => BUTTON_TRY_DEMO is present on the page!
2024-01-26 15:13:32.818994   BUTTON_TRY_DEMO scroll =>
2024-01-26 15:13:32.926188   => BUTTON_TRY_DEMO clicked!

2024-01-26 15:13:32.926461   3. Assert_Login_v0
2024-01-26 15:13:32.926555   Check that 'Login' form is opened
2024-01-26 15:13:38.475333   'Login' form not opened
2024-01-26 15:13:38.478483   'Login' page not opened
2024-01-26 15:13:44.013509   'Login' form on trading platform not opened
2024-01-26 15:13:44.013714   Start step Check that [Sign up] form is opened
2024-01-26 15:13:44.029817   'Sign up' form opened
2024-01-26 15:13:44.029855   Assert SIGNUP_HEADER =>
2024-01-26 15:13:44.054676   Assert SIGNUP_REF_LOGIN =>
2024-01-26 15:13:44.071334   Assert SIGNUP_PRIVACY_POLICY_ALL_2 =>
2024-01-26 15:13:44.085374   => SIGNUP_PRIVACY_POLICY_ALL
2024-01-26 15:13:44.085403   => 'Signup' form is checked

Bug: Bid:11.01.03.00_02-de.gb.NoAuth

2024-01-26 15:13:44.085467   Проверка бага в таблице ретеста  =>

2024-01-26 15:13:44.091405   4. Fixing one row check results into Google Sheet Bugs Report =>
1 cells updated.
2024-01-26 15:13:44.500277   => 4. One row check results into Google Sheet Bugs Report fixed

2024-01-26 15:13:44.905367   4. Fixing one row check results into Google Sheet Bugs Report =>
1 cells updated.
2024-01-26 15:13:45.097127   => 4. One row check results into Google Sheet Bugs Report fixed

2024-01-26 15:13:45.097225   Bug: Bid:11.01.03.00_02-de.gb.NoAuth уже существует, но тип бага изменился с 23/01/24 на 05

2024-01-26 15:13:45.098197   Bug: Bid:11.01.03.00_02-de.gb.NoAuth-05 уже существует

2024-01-26 15:13:45.098405   4. Fixing one row check results into Google Sheet Bugs Report =>
1 cells updated.
2024-01-26 15:13:45.579160   => 4. One row check results into Google Sheet Bugs Report fixed
------------------------------ Captured log call -------------------------------
2024-01-26 15:13:38 ERROR Elements not present after 0.5 seconds on page: https://capital.com/de/was-ist-cfd-handel
2024-01-26 15:13:38 ERROR 
Traceback (most recent call last):
  File "/home/runner/work/SeleniumCapital/SeleniumCapital/pages/base_page.py", line 82, in inner_function
    return func(*args, **kwargs)
           ^^^^^^^^^^^^^^^^^^^^^
  File "/home/runner/work/SeleniumCapital/SeleniumCapital/pages/base_page.py", line 293, in element_is_visible
    return Wait(self.browser, timeout).until(
           ^^^^^^^^^^^^^^^^^^^^^^^^^^^^^^^^^^
  File "/home/runner/.cache/pypoetry/virtualenvs/testcapitalcompyse-cIj6ROMf-py3.11/lib/python3.11/site-packages/selenium/webdriver/support/wait.py", line 105, in until
    raise TimeoutException(message, screen, stacktrace)
selenium.common.exceptions.TimeoutException: Message: 
Stacktrace:
#0 0x55ba627ddf83 <unknown>
#1 0x55ba62496cf7 <unknown>
#2 0x55ba624e699e <unknown>
#3 0x55ba624e6aa1 <unknown>
#4 0x55ba62531d64 <unknown>
#5 0x55ba625100dd <unknown>
#6 0x55ba6252f006 <unknown>
#7 0x55ba6250fe53 <unknown>
#8 0x55ba624d7dd4 <unknown>
#9 0x55ba624d91de <unknown>
#10 0x55ba627a2531 <unknown>
#11 0x55ba627a6455 <unknown>
#12 0x55ba6278ef55 <unknown>
#13 0x55ba627a70ef <unknown>
#14 0x55ba6277299f <unknown>
#15 0x55ba627cb008 <unknown>
#16 0x55ba627cb1d7 <unknown>
#17 0x55ba627dd124 <unknown>
#18 0x7f0698894ac3 <unknown>

2024-01-26 15:13:44 ERROR Elements not present after 0.5 seconds on page: https://capital.com/de/was-ist-cfd-handel
2024-01-26 15:13:44 ERROR 
Traceback (most recent call last):
  File "/home/runner/work/SeleniumCapital/SeleniumCapital/pages/base_page.py", line 82, in inner_function
    return func(*args, **kwargs)
           ^^^^^^^^^^^^^^^^^^^^^
  File "/home/runner/work/SeleniumCapital/SeleniumCapital/pages/base_page.py", line 293, in element_is_visible
    return Wait(self.browser, timeout).until(
           ^^^^^^^^^^^^^^^^^^^^^^^^^^^^^^^^^^
  File "/home/runner/.cache/pypoetry/virtualenvs/testcapitalcompyse-cIj6ROMf-py3.11/lib/python3.11/site-packages/selenium/webdriver/support/wait.py", line 105, in until
    raise TimeoutException(message, screen, stacktrace)
selenium.common.exceptions.TimeoutException: Message: 
Stacktrace:
#0 0x55ba627ddf83 <unknown>
#1 0x55ba62496cf7 <unknown>
#2 0x55ba624e699e <unknown>
#3 0x55ba624e6aa1 <unknown>
#4 0x55ba62531d64 <unknown>
#5 0x55ba625100dd <unknown>
#6 0x55ba6252f006 <unknown>
#7 0x55ba6250fe53 <unknown>
#8 0x55ba624d7dd4 <unknown>
#9 0x55ba624d91de <unknown>
#10 0x55ba627a2531 <unknown>
#11 0x55ba627a6455 <unknown>
#12 0x55ba6278ef55 <unknown>
#13 0x55ba627a70ef <unknown>
#14 0x55ba6277299f <unknown>
#15 0x55ba627cb008 <unknown>
#16 0x55ba627cb1d7 <unknown>
#17 0x55ba627dd124 <unknown>
#18 0x7f0698894ac3 <unknown>
--------------------------- Captured stdout teardown ---------------------------

2024-01-26 15:13:45.904566   *** end fixture Browser = teardown ***

=============================== warnings summary ===============================
tests/US_11_Education/US_11-01-03_cfd_trading_guide/us_11-01-03-00_cfd_trading_guide_test.py::TestCFDTradingGuide::test_02_main_banner_try_demo_button[Chrome--ae-NoAuth-aqa.tomelo.an@gmail.com-iT9Vgqi6d$fiZ*Z]
  /home/runner/.cache/pypoetry/virtualenvs/testcapitalcompyse-cIj6ROMf-py3.11/lib/python3.11/site-packages/pytest_html/plugin.py:133: DeprecationWarning: The 'report.extra' attribute is deprecated and will be removed in a future release, use 'report.extras' instead.
    warnings.warn(

-- Docs: https://docs.pytest.org/en/stable/how-to/capture-warnings.html
- Generated html report: file:///home/runner/work/SeleniumCapital/SeleniumCapital/report/report.html -
=========================== short test summary info ============================
FAILED tests/US_11_Education/US_11-01-03_cfd_trading_guide/us_11-01-03-00_cfd_trading_guide_test.py::TestCFDTradingGuide::test_02_main_banner_try_demo_button[Chrome--ae-NoAuth-aqa.tomelo.an@gmail.com-iT9Vgqi6d$fiZ*Z] - AssertionError: Bug # 05. Opened a 'Sign up' form instead of a 'Login'
================= 1 failed, 4 deselected, 1 warning in 51.25s ==================

2024-01-26 15:13:46.008011   => Текущий тест: 1 failed

2024-01-26 15:13:46.009240   => 3. check_results finished

2024-01-26 15:13:46.009388   4. Fixing one row check results into Google Sheet Bugs Report =>
1 cells updated.
2024-01-26 15:13:46.183940   => 4. One row check results into Google Sheet Bugs Report fixed
