2024-01-26 16:02:02 ERROR Elements not present after 0.5 seconds on page: https://capital.com/es/operar-cobre
2024-01-26 16:02:02 ERROR 
Traceback (most recent call last):
  File "/home/runner/work/SeleniumCapital/SeleniumCapital/pages/base_page.py", line 82, in inner_function
    return func(*args, **kwargs)
           ^^^^^^^^^^^^^^^^^^^^^
  File "/home/runner/work/SeleniumCapital/SeleniumCapital/pages/base_page.py", line 293, in element_is_visible
    return Wait(self.browser, timeout).until(
           ^^^^^^^^^^^^^^^^^^^^^^^^^^^^^^^^^^
  File "/home/runner/.cache/pypoetry/virtualenvs/testcapitalcompyse-cIj6ROMf-py3.11/lib/python3.11/site-packages/selenium/webdriver/support/wait.py", line 105, in until
    raise TimeoutException(message, screen, stacktrace)
selenium.common.exceptions.TimeoutException: Message: 
Stacktrace:
#0 0x55a375db4f83 <unknown>
#1 0x55a375a6dcf7 <unknown>
#2 0x55a375abd99e <unknown>
#3 0x55a375abdaa1 <unknown>
#4 0x55a375b08d64 <unknown>
#5 0x55a375ae70dd <unknown>
#6 0x55a375b06006 <unknown>
#7 0x55a375ae6e53 <unknown>
#8 0x55a375aaedd4 <unknown>
#9 0x55a375ab01de <unknown>
#10 0x55a375d79531 <unknown>
#11 0x55a375d7d455 <unknown>
#12 0x55a375d65f55 <unknown>
#13 0x55a375d7e0ef <unknown>
#14 0x55a375d4999f <unknown>
#15 0x55a375da2008 <unknown>
#16 0x55a375da21d7 <unknown>
#17 0x55a375db4124 <unknown>
#18 0x7f6c53e94ac3 <unknown>

2024-01-26 16:02:08 ERROR Elements not present after 0.5 seconds on page: https://capital.com/es/operar-cobre
2024-01-26 16:02:08 ERROR 
Traceback (most recent call last):
  File "/home/runner/work/SeleniumCapital/SeleniumCapital/pages/base_page.py", line 82, in inner_function
    return func(*args, **kwargs)
           ^^^^^^^^^^^^^^^^^^^^^
  File "/home/runner/work/SeleniumCapital/SeleniumCapital/pages/base_page.py", line 293, in element_is_visible
    return Wait(self.browser, timeout).until(
           ^^^^^^^^^^^^^^^^^^^^^^^^^^^^^^^^^^
  File "/home/runner/.cache/pypoetry/virtualenvs/testcapitalcompyse-cIj6ROMf-py3.11/lib/python3.11/site-packages/selenium/webdriver/support/wait.py", line 105, in until
    raise TimeoutException(message, screen, stacktrace)
selenium.common.exceptions.TimeoutException: Message: 
Stacktrace:
#0 0x55a375db4f83 <unknown>
#1 0x55a375a6dcf7 <unknown>
#2 0x55a375abd99e <unknown>
#3 0x55a375abdaa1 <unknown>
#4 0x55a375b08d64 <unknown>
#5 0x55a375ae70dd <unknown>
#6 0x55a375b06006 <unknown>
#7 0x55a375ae6e53 <unknown>
#8 0x55a375aaedd4 <unknown>
#9 0x55a375ab01de <unknown>
#10 0x55a375d79531 <unknown>
#11 0x55a375d7d455 <unknown>
#12 0x55a375d65f55 <unknown>
#13 0x55a375d7e0ef <unknown>
#14 0x55a375d4999f <unknown>
#15 0x55a375da2008 <unknown>
#16 0x55a375da21d7 <unknown>
#17 0x55a375db4124 <unknown>
#18 0x7f6c53e94ac3 <unknown>