2024-01-26 15:39:56 ERROR Elements not present after 0.5 seconds on page: https://capital.com/de/aktienhandel
2024-01-26 15:39:56 ERROR 
Traceback (most recent call last):
  File "/home/runner/work/SeleniumCapital/SeleniumCapital/pages/base_page.py", line 82, in inner_function
    return func(*args, **kwargs)
           ^^^^^^^^^^^^^^^^^^^^^
  File "/home/runner/work/SeleniumCapital/SeleniumCapital/pages/base_page.py", line 293, in element_is_visible
    return Wait(self.browser, timeout).until(
           ^^^^^^^^^^^^^^^^^^^^^^^^^^^^^^^^^^
  File "/home/runner/.cache/pypoetry/virtualenvs/testcapitalcompyse-cIj6ROMf-py3.11/lib/python3.11/site-packages/selenium/webdriver/support/wait.py", line 105, in until
    raise TimeoutException(message, screen, stacktrace)
selenium.common.exceptions.TimeoutException: Message: 
Stacktrace:
#0 0x560ac1ccff83 <unknown>
#1 0x560ac1988cf7 <unknown>
#2 0x560ac19d899e <unknown>
#3 0x560ac19d8aa1 <unknown>
#4 0x560ac1a23d64 <unknown>
#5 0x560ac1a020dd <unknown>
#6 0x560ac1a21006 <unknown>
#7 0x560ac1a01e53 <unknown>
#8 0x560ac19c9dd4 <unknown>
#9 0x560ac19cb1de <unknown>
#10 0x560ac1c94531 <unknown>
#11 0x560ac1c98455 <unknown>
#12 0x560ac1c80f55 <unknown>
#13 0x560ac1c990ef <unknown>
#14 0x560ac1c6499f <unknown>
#15 0x560ac1cbd008 <unknown>
#16 0x560ac1cbd1d7 <unknown>
#17 0x560ac1ccf124 <unknown>
#18 0x7fe567694ac3 <unknown>

2024-01-26 15:40:04 ERROR Elements not present after 0.5 seconds on page: https://capital.com/trading/signup
2024-01-26 15:40:04 ERROR 
Traceback (most recent call last):
  File "/home/runner/work/SeleniumCapital/SeleniumCapital/pages/base_page.py", line 82, in inner_function
    return func(*args, **kwargs)
           ^^^^^^^^^^^^^^^^^^^^^
  File "/home/runner/work/SeleniumCapital/SeleniumCapital/pages/base_page.py", line 293, in element_is_visible
    return Wait(self.browser, timeout).until(
           ^^^^^^^^^^^^^^^^^^^^^^^^^^^^^^^^^^
  File "/home/runner/.cache/pypoetry/virtualenvs/testcapitalcompyse-cIj6ROMf-py3.11/lib/python3.11/site-packages/selenium/webdriver/support/wait.py", line 105, in until
    raise TimeoutException(message, screen, stacktrace)
selenium.common.exceptions.TimeoutException: Message: 
Stacktrace:
#0 0x560ac1ccff83 <unknown>
#1 0x560ac1988cf7 <unknown>
#2 0x560ac19d899e <unknown>
#3 0x560ac19d8aa1 <unknown>
#4 0x560ac1a23d64 <unknown>
#5 0x560ac1a020dd <unknown>
#6 0x560ac1a21006 <unknown>
#7 0x560ac1a01e53 <unknown>
#8 0x560ac19c9dd4 <unknown>
#9 0x560ac19cb1de <unknown>
#10 0x560ac1c94531 <unknown>
#11 0x560ac1c98455 <unknown>
#12 0x560ac1c80f55 <unknown>
#13 0x560ac1c990ef <unknown>
#14 0x560ac1c6499f <unknown>
#15 0x560ac1cbd008 <unknown>
#16 0x560ac1cbd1d7 <unknown>
#17 0x560ac1ccf124 <unknown>
#18 0x7fe567694ac3 <unknown>

2024-01-26 15:40:09 ERROR Elements not present after 0.5 seconds on page: https://capital.com/trading/signup
2024-01-26 15:40:09 ERROR 
Traceback (most recent call last):
  File "/home/runner/work/SeleniumCapital/SeleniumCapital/pages/base_page.py", line 82, in inner_function
    return func(*args, **kwargs)
           ^^^^^^^^^^^^^^^^^^^^^
  File "/home/runner/work/SeleniumCapital/SeleniumCapital/pages/base_page.py", line 293, in element_is_visible
    return Wait(self.browser, timeout).until(
           ^^^^^^^^^^^^^^^^^^^^^^^^^^^^^^^^^^
  File "/home/runner/.cache/pypoetry/virtualenvs/testcapitalcompyse-cIj6ROMf-py3.11/lib/python3.11/site-packages/selenium/webdriver/support/wait.py", line 105, in until
    raise TimeoutException(message, screen, stacktrace)
selenium.common.exceptions.TimeoutException: Message: 
Stacktrace:
#0 0x560ac1ccff83 <unknown>
#1 0x560ac1988cf7 <unknown>
#2 0x560ac19d899e <unknown>
#3 0x560ac19d8aa1 <unknown>
#4 0x560ac1a23d64 <unknown>
#5 0x560ac1a020dd <unknown>
#6 0x560ac1a21006 <unknown>
#7 0x560ac1a01e53 <unknown>
#8 0x560ac19c9dd4 <unknown>
#9 0x560ac19cb1de <unknown>
#10 0x560ac1c94531 <unknown>
#11 0x560ac1c98455 <unknown>
#12 0x560ac1c80f55 <unknown>
#13 0x560ac1c990ef <unknown>
#14 0x560ac1c6499f <unknown>
#15 0x560ac1cbd008 <unknown>
#16 0x560ac1cbd1d7 <unknown>
#17 0x560ac1ccf124 <unknown>
#18 0x7fe567694ac3 <unknown>

2024-01-26 15:40:15 ERROR Elements not present after 0.5 seconds on page: https://capital.com/trading/signup
2024-01-26 15:40:15 ERROR 
Traceback (most recent call last):
  File "/home/runner/work/SeleniumCapital/SeleniumCapital/pages/base_page.py", line 82, in inner_function
    return func(*args, **kwargs)
           ^^^^^^^^^^^^^^^^^^^^^
  File "/home/runner/work/SeleniumCapital/SeleniumCapital/pages/base_page.py", line 293, in element_is_visible
    return Wait(self.browser, timeout).until(
           ^^^^^^^^^^^^^^^^^^^^^^^^^^^^^^^^^^
  File "/home/runner/.cache/pypoetry/virtualenvs/testcapitalcompyse-cIj6ROMf-py3.11/lib/python3.11/site-packages/selenium/webdriver/support/wait.py", line 105, in until
    raise TimeoutException(message, screen, stacktrace)
selenium.common.exceptions.TimeoutException: Message: 
Stacktrace:
#0 0x560ac1ccff83 <unknown>
#1 0x560ac1988cf7 <unknown>
#2 0x560ac19d899e <unknown>
#3 0x560ac19d8aa1 <unknown>
#4 0x560ac1a23d64 <unknown>
#5 0x560ac1a020dd <unknown>
#6 0x560ac1a21006 <unknown>
#7 0x560ac1a01e53 <unknown>
#8 0x560ac19c9dd4 <unknown>
#9 0x560ac19cb1de <unknown>
#10 0x560ac1c94531 <unknown>
#11 0x560ac1c98455 <unknown>
#12 0x560ac1c80f55 <unknown>
#13 0x560ac1c990ef <unknown>
#14 0x560ac1c6499f <unknown>
#15 0x560ac1cbd008 <unknown>
#16 0x560ac1cbd1d7 <unknown>
#17 0x560ac1ccf124 <unknown>
#18 0x7fe567694ac3 <unknown>

2024-01-26 15:40:21 ERROR Elements not present after 0.5 seconds on page: https://capital.com/trading/signup
2024-01-26 15:40:21 ERROR 
Traceback (most recent call last):
  File "/home/runner/work/SeleniumCapital/SeleniumCapital/pages/base_page.py", line 82, in inner_function
    return func(*args, **kwargs)
           ^^^^^^^^^^^^^^^^^^^^^
  File "/home/runner/work/SeleniumCapital/SeleniumCapital/pages/base_page.py", line 293, in element_is_visible
    return Wait(self.browser, timeout).until(
           ^^^^^^^^^^^^^^^^^^^^^^^^^^^^^^^^^^
  File "/home/runner/.cache/pypoetry/virtualenvs/testcapitalcompyse-cIj6ROMf-py3.11/lib/python3.11/site-packages/selenium/webdriver/support/wait.py", line 105, in until
    raise TimeoutException(message, screen, stacktrace)
selenium.common.exceptions.TimeoutException: Message: 
Stacktrace:
#0 0x560ac1ccff83 <unknown>
#1 0x560ac1988cf7 <unknown>
#2 0x560ac19d899e <unknown>
#3 0x560ac19d8aa1 <unknown>
#4 0x560ac1a23d64 <unknown>
#5 0x560ac1a020dd <unknown>
#6 0x560ac1a21006 <unknown>
#7 0x560ac1a01e53 <unknown>
#8 0x560ac19c9dd4 <unknown>
#9 0x560ac19cb1de <unknown>
#10 0x560ac1c94531 <unknown>
#11 0x560ac1c98455 <unknown>
#12 0x560ac1c80f55 <unknown>
#13 0x560ac1c990ef <unknown>
#14 0x560ac1c6499f <unknown>
#15 0x560ac1cbd008 <unknown>
#16 0x560ac1cbd1d7 <unknown>
#17 0x560ac1ccf124 <unknown>
#18 0x7fe567694ac3 <unknown>