


2024-01-26 15:15:19.857862   0. Get Values row =>
2024-01-26 15:15:19.857894   Row # = 484
2024-01-26 15:15:19.857904   Row Values = 
['Bid:11.02.07.00_02-de.gb.NoAuth', 'Ubuntu 22.04', 'Chrome', '11.02.07.00', '_02', 'de', 'gb', 'FCA', 'NoAuth', '', 'Education', 'ETF trading', 'Click Main banner > Button [Try demo]', 'Click Main banner > Button [Try demo]', '', '05', "Bug # 05. Opened a 'Sign up' form instead of a 'Login'", '', '', '', '23/01/24', 'failed']

2024-01-26 15:15:19.857988   1. Run pretest =>

2024-01-26 15:15:19.858001   row_loc = 
['Bid:11.02.07.00_02-de.gb.NoAuth', 'Ubuntu 22.04', 'Chrome', '11.02.07.00', '_02', 'de', 'gb', 'FCA', 'NoAuth', '', 'Education', 'ETF trading', 'Click Main banner > Button [Try demo]', 'Click Main banner > Button [Try demo]', '', '05', "Bug # 05. Opened a 'Sign up' form instead of a 'Login'", '', '', '', '23/01/24', 'failed']

2024-01-26 15:15:19.858017   => 1. Pretest finished

2024-01-26 15:15:19.858084   2. Run run_pytest with Bid = Bid:11.02.07.00_02-de.gb.NoAuth from row =>

2024-01-26 15:15:19.858097   2.2. Run poetry run pytest ... in subprocess =>

2024-01-26 15:15:19.858109   Run command: 
poetry run pytest --retest=True --browser_name=Chrome --lang=de --country=gb --role=NoAuth -m test_02 -v \tests/US_11_Education/US_11-02-07_ETF_trading/us_11-02-07_etf_trading_test.py

2024-01-26 15:16:10.923159   => 2.2. pytest ... as subprocess finished

2024-01-26 15:16:10.923213   => 2. Autotest with Bid = Bid:11.02.07.00_02-de.gb.NoAuth from row finished

2024-01-26 15:16:10.923295   3. Run check_results =>
2024-01-26 15:16:10.923329   test_results: 
============================= test session starts ==============================
platform linux -- Python 3.11.7, pytest-7.4.4, pluggy-1.3.0 -- /home/runner/.cache/pypoetry/virtualenvs/testcapitalcompyse-cIj6ROMf-py3.11/bin/python
cachedir: .pytest_cache
metadata: {'Python': '3.11.7', 'Platform': 'Linux-6.2.0-1018-azure-x86_64-with-glibc2.35', 'Packages': {'pytest': '7.4.4', 'pluggy': '1.3.0'}, 'Plugins': {'metadata': '3.0.0', 'timeout': '2.2.0', 'html': '4.1.1', 'xdist': '3.5.0', 'allure-pytest': '2.13.2'}, 'CI': 'true', 'JAVA_HOME': '/usr/lib/jvm/temurin-11-jdk-amd64'}
rootdir: /home/runner/work/SeleniumCapital/SeleniumCapital
configfile: pytest.ini
plugins: metadata-3.0.0, timeout-2.2.0, html-4.1.1, xdist-3.5.0, allure-pytest-2.13.2
collecting ... collected 4 items / 3 deselected / 1 selected

tests/US_11_Education/US_11-02-07_ETF_trading/us_11-02-07_etf_trading_test.py::TestETFTrading::test_02_main_banner_try_demo_button[Chrome--ae-NoAuth-aqa.tomelo.an@gmail.com-iT9Vgqi6d$fiZ*Z] FAILED [100%]

=================================== FAILURES ===================================
_ TestETFTrading.test_02_main_banner_try_demo_button[Chrome--ae-NoAuth-aqa.tomelo.an@gmail.com-iT9Vgqi6d$fiZ*Z] _

self = <us_11-02-07_etf_trading_test.TestETFTrading object at 0x7f168cb4b150>
worker_id = 'master'
d = <selenium.webdriver.chrome.webdriver.WebDriver (session="497c4479b4e44b37f74e110477d3a556")>
cur_language = 'de', cur_country = 'gb', cur_role = 'NoAuth'
cur_login = 'aqa.tomelo.an@gmail.com', cur_password = 'iT9Vgqi6d$fiZ*Z'

    @allure.step("Start test of button [Try demo] on Main banner")
    @pytest.mark.test_02
    def test_02_main_banner_try_demo_button(
            self, worker_id, d, cur_language, cur_country, cur_role, cur_login, cur_password):
        """
        Check: Button [Try demo] on Main banner
        Language: All. License: All. Role: All.
        """
        bid = build_dynamic_arg_v4(
            d, worker_id, cur_language, cur_country, cur_role,
            "11.02.07", "Education > Menu item [ETF trading]",
            ".00_02", "Testing button [Try demo] on Main banner")
    
        Common().skip_if_eng_lang_and_fca_license(cur_language, cur_country)
    
        check_language(cur_language, ["", "ar", "de", "es", "it", "ru", "cn"])
    
        page_conditions = Conditions(d, "")
        link = page_conditions.preconditions(
            d, CapitalComPageSrc.URL, "", cur_language, cur_country, cur_role, cur_login, cur_password)
    
        page_menu = MenuSection(d, link)
        page_menu.menu_education_move_focus(d, cur_language, cur_country)
        cur_page_url = page_menu.sub_menu_etf_trading_move_focus_click(d, cur_language)
    
        test_element = MainBannerTryDemo(d, cur_page_url, bid)
>       test_element.full_test_with_tpi(d, cur_language, cur_country, cur_role, cur_page_url)

tests/US_11_Education/US_11-02-07_ETF_trading/us_11-02-07_etf_trading_test.py:89: 
_ _ _ _ _ _ _ _ _ _ _ _ _ _ _ _ _ _ _ _ _ _ _ _ _ _ _ _ _ _ _ _ _ _ _ _ _ _ _ _ 
pages/Elements/ButtonTryDemoMainBanner.py:28: in full_test_with_tpi
    test_element.assert_login(d, cur_language, cur_item_link)
_ _ _ _ _ _ _ _ _ _ _ _ _ _ _ _ _ _ _ _ _ _ _ _ _ _ _ _ _ _ _ _ _ _ _ _ _ _ _ _ 

self = <pages.Elements.AssertClass.AssertClass object at 0x7f168cb22610>
d = <selenium.webdriver.chrome.webdriver.WebDriver (session="497c4479b4e44b37f74e110477d3a556")>
cur_language = 'de', cur_link = 'https://capital.com/de/trade-etfs'

    @allure.step('Checking that "Login" form or page opened')
    def assert_login(self, d, cur_language, cur_link):
        """Method Assert Login form or page"""
        print(f"\n{datetime.now()}   3. Assert_Login_v0")
        self.page_signup_login = SignupLogin(d, cur_link)
        if self.page_signup_login.should_be_login_form():
            self.page_signup_login.close_login_form()
            del self.page_signup_login
        elif self.page_signup_login.should_be_login_page():
            self.page_signup_login.close_login_page()
            del self.page_signup_login
        elif self.page_signup_login.should_be_trading_platform_login_form(cur_language):
            self.page_signup_login.close_trading_platform_login_form()
            del self.page_signup_login
        elif self.page_signup_login.should_be_signup_form(cur_language):
            del self.page_signup_login
            print(f'\nBug: {self.bid}')
            retest_table_fill(self.bid, '05', self.link)
>           assert False, "Bug # 05. Opened a 'Sign up' form instead of a 'Login'"
E           AssertionError: Bug # 05. Opened a 'Sign up' form instead of a 'Login'

pages/Elements/AssertClass.py:69: AssertionError
---------------------------- Captured stdout setup -----------------------------

2024-01-26 15:15:20.746000   *** autouse fixture Chrome ***

{'width': 1280, 'height': 720}
Current test language - de
Current country of trading - gb



Current test role - NoAuth
Current login - aqa.tomelo.an@gmail.com
Current login - iT9Vgqi6d$fiZ*Z
----------------------------- Captured stdout call -----------------------------
{'width': 1280, 'height': 720}

2024-01-26 15:15:21.748891   worker_id = master

2024-01-26 15:15:21.748909   0. Allure grouping v4


2024-01-26 15:15:21.749163   START PRECONDITIONS =>

2024-01-26 15:15:23.366475   Load page https://capital.com

2024-01-26 15:15:23.366520   {'width': 1280, 'height': 720}

2024-01-26 15:15:23.369513   Set windows position at (0, 0) =>

2024-01-26 15:15:23.475233   Set resolution 1280 * 720 =>

2024-01-26 15:15:23.584145   => Resolution seted {'width': 1280, 'height': 720}

2024-01-26 15:15:28.626461   Капчи нет. Тестим дальше

2024-01-26 15:15:28.626562   Prev. Role: ?

2024-01-26 15:15:28.626576   Run preconditions: set "NoAuth" Role =>
2024-01-26 15:15:29.266396   Load page https://capital.com

2024-01-26 15:15:29.692680   => All cookies are deleted
2024-01-26 15:15:30.477707   Load page https://capital.com

2024-01-26 15:15:30.477956   Step 'Click button [Accept all cookies]'
2024-01-26 15:15:35.518678   Is Visible Button [Accept all cookies]? =>
2024-01-26 15:15:35.539412   => Button [Accept all cookies] is visible
2024-01-26 15:15:36.539536   Is clickable Button [Accept all cookies] =>
2024-01-26 15:15:36.605402   => Button [Accept all cookies] is clickable
2024-01-26 15:15:36.605453   Click Button [Accept all cookies] =>
2024-01-26 15:15:36.740546   => Button [Accept all cookies] is clicked
2024-01-26 15:15:36.740592   => Accepted All Cookies

2024-01-26 15:15:37.240937   Start Autorization

2024-01-26 15:15:37.241044   2. Act
2024-01-26 15:15:37.241058   Start Click button [Log in] =>
2024-01-26 15:15:37.251758   BUTTON_LOGIN scroll =>
2024-01-26 15:15:37.257577   Is BUTTON_LOGIN clickable? =>
2024-01-26 15:15:37.274386   => BUTTON_LOGIN is clickable
2024-01-26 15:15:37.274425   BUTTON_LOGIN click =>
2024-01-26 15:15:37.318646   => BUTTON_LOGIN is clicked!
2024-01-26 15:15:37.318730   => 'Login' form is opened
2024-01-26 15:15:37.906734   => "login" and "password" are inputted
2024-01-26 15:15:37.906777   Click [Continue] button on [Login] form =>
2024-01-26 15:15:38.001245   => [Continue] button on [Login] form is clicked
2024-01-26 15:15:40.813988   Start check that the Trading platform page is loaded and LOGO is present on it =>
2024-01-26 15:15:40.814023   Set timeout = 30
2024-01-26 15:15:40.814039   Wait until load page with special title =>
2024-01-26 15:15:40.816668   => Page with title "Trading Platform | Capital.com" is loaded
2024-01-26 15:15:40.816691   Is present LOGO on this page? =>
2024-01-26 15:15:42.379924   => LOGO is visible on this page
2024-01-26 15:15:42.380017   -> "Capital.com" logo is present on trading platform page

2024-01-26 15:15:43.569989   Start DeAuthorisation
2024-01-26 15:15:43.570169   1. BUTTON_MY_ACCOUNT is present? =>
2024-01-26 15:15:43.605709   => BUTTON_MY_ACCOUNT is present on this page
2024-01-26 15:15:44.880830   => Move to BUTTON_MY_ACCOUNT
2024-01-26 15:15:44.880886   2. BUTTON_MY_ACCOUNT is clickable? =>
2024-01-26 15:15:44.906458   => BUTTON_MY_ACCOUNT is clickable
2024-01-26 15:15:44.906508   BUTTON_MY_ACCOUNT Click =>
2024-01-26 15:15:45.756577   => User panel [My account] is opened

2024-01-26 15:15:45.756817   Start Click [Logout] button:
2024-01-26 15:15:45.756834   BUTTON_LOGOUT is present? =>
2024-01-26 15:15:45.767841   => BUTTON_LOGOUT is present
2024-01-26 15:15:45.767886   Is visible BUTTON_LOGOUT? =>
2024-01-26 15:15:45.784661   BUTTON_LOGOUT is clickable? =>
2024-01-26 15:15:45.799711   BUTTON_LOGOUT click =>
2024-01-26 15:15:45.844181   => BUTTON_LOGOUT is clicked

2024-01-26 15:15:45.844311   Current role: NoAuth

2024-01-26 15:15:45.844327   Prev language: ?

2024-01-26 15:15:45.844338   Run preconditions: set "de" language =>


2024-01-26 15:15:45.902108   => Language and Country menu is present


2024-01-26 15:15:45.924403   => Language and Country menu is visible


2024-01-26 15:15:47.716371   => Focus is moved on Language and Country menu 

2024-01-26 15:15:49.690039   => Current language: de

2024-01-26 15:15:49.690078   Prev country: ?

2024-01-26 15:15:49.690088   Run preconditions: set "gb" country =>


2024-01-26 15:15:49.721549   => Language and Country menu is present


2024-01-26 15:15:49.738781   => Language and Country menu is visible


2024-01-26 15:15:51.515720   => Focus is moved on Language and Country menu 

2024-01-26 15:15:53.702649   => Current country: gb

2024-01-26 15:15:53.702693   => THE END PRECONDITIONS
2024-01-26 15:15:54.218120   => Education menu is present
2024-01-26 15:15:54.235784   => Education menu is visible
2024-01-26 15:15:55.515221   => Education menu focus moved

2024-01-26 15:15:57.337891   1. Arrange_v0
2024-01-26 15:15:57.341218   BUTTON_TRY_DEMO is visible? =>
2024-01-26 15:15:57.378949   => BUTTON_TRY_DEMO is visible on the page!

2024-01-26 15:15:57.379126   2. Act_v0
2024-01-26 15:15:57.379140   BUTTON_TRY_DEMO is present? =>
2024-01-26 15:15:57.388348   => BUTTON_TRY_DEMO is present on the page!
2024-01-26 15:15:57.388386   BUTTON_TRY_DEMO scroll =>
2024-01-26 15:15:57.428667   => BUTTON_TRY_DEMO clicked!

2024-01-26 15:15:57.428936   3. Assert_Login_v0
2024-01-26 15:15:57.429041   Check that 'Login' form is opened
2024-01-26 15:16:02.967138   'Login' form not opened
2024-01-26 15:16:02.969961   'Login' page not opened
2024-01-26 15:16:08.493532   'Login' form on trading platform not opened
2024-01-26 15:16:08.493772   Start step Check that [Sign up] form is opened
2024-01-26 15:16:08.512037   'Sign up' form opened
2024-01-26 15:16:08.512081   Assert SIGNUP_HEADER =>
2024-01-26 15:16:08.527955   Assert SIGNUP_REF_LOGIN =>
2024-01-26 15:16:08.546225   Assert SIGNUP_PRIVACY_POLICY_ALL_2 =>
2024-01-26 15:16:08.563143   => SIGNUP_PRIVACY_POLICY_ALL
2024-01-26 15:16:08.563182   => 'Signup' form is checked

Bug: Bid:11.02.07.00_02-de.gb.NoAuth

2024-01-26 15:16:08.563250   Проверка бага в таблице ретеста  =>

2024-01-26 15:16:08.570143   4. Fixing one row check results into Google Sheet Bugs Report =>
1 cells updated.
2024-01-26 15:16:09.176138   => 4. One row check results into Google Sheet Bugs Report fixed

2024-01-26 15:16:09.762853   4. Fixing one row check results into Google Sheet Bugs Report =>
1 cells updated.
2024-01-26 15:16:10.031467   => 4. One row check results into Google Sheet Bugs Report fixed

2024-01-26 15:16:10.031540   Bug: Bid:11.02.07.00_02-de.gb.NoAuth уже существует, но тип бага изменился с 23/01/24 на 05

2024-01-26 15:16:10.031965   Bug: Bid:11.02.07.00_02-de.gb.NoAuth-05 уже существует

2024-01-26 15:16:10.032116   4. Fixing one row check results into Google Sheet Bugs Report =>
1 cells updated.
2024-01-26 15:16:10.414349   => 4. One row check results into Google Sheet Bugs Report fixed
------------------------------ Captured log call -------------------------------
2024-01-26 15:16:02 ERROR Elements not present after 0.5 seconds on page: https://capital.com/de/trade-etfs
2024-01-26 15:16:02 ERROR 
Traceback (most recent call last):
  File "/home/runner/work/SeleniumCapital/SeleniumCapital/pages/base_page.py", line 82, in inner_function
    return func(*args, **kwargs)
           ^^^^^^^^^^^^^^^^^^^^^
  File "/home/runner/work/SeleniumCapital/SeleniumCapital/pages/base_page.py", line 293, in element_is_visible
    return Wait(self.browser, timeout).until(
           ^^^^^^^^^^^^^^^^^^^^^^^^^^^^^^^^^^
  File "/home/runner/.cache/pypoetry/virtualenvs/testcapitalcompyse-cIj6ROMf-py3.11/lib/python3.11/site-packages/selenium/webdriver/support/wait.py", line 105, in until
    raise TimeoutException(message, screen, stacktrace)
selenium.common.exceptions.TimeoutException: Message: 
Stacktrace:
#0 0x5592b4d04f83 <unknown>
#1 0x5592b49bdcf7 <unknown>
#2 0x5592b4a0d99e <unknown>
#3 0x5592b4a0daa1 <unknown>
#4 0x5592b4a58d64 <unknown>
#5 0x5592b4a370dd <unknown>
#6 0x5592b4a56006 <unknown>
#7 0x5592b4a36e53 <unknown>
#8 0x5592b49fedd4 <unknown>
#9 0x5592b4a001de <unknown>
#10 0x5592b4cc9531 <unknown>
#11 0x5592b4ccd455 <unknown>
#12 0x5592b4cb5f55 <unknown>
#13 0x5592b4cce0ef <unknown>
#14 0x5592b4c9999f <unknown>
#15 0x5592b4cf2008 <unknown>
#16 0x5592b4cf21d7 <unknown>
#17 0x5592b4d04124 <unknown>
#18 0x7fd75bc94ac3 <unknown>

2024-01-26 15:16:08 ERROR Elements not present after 0.5 seconds on page: https://capital.com/de/trade-etfs
2024-01-26 15:16:08 ERROR 
Traceback (most recent call last):
  File "/home/runner/work/SeleniumCapital/SeleniumCapital/pages/base_page.py", line 82, in inner_function
    return func(*args, **kwargs)
           ^^^^^^^^^^^^^^^^^^^^^
  File "/home/runner/work/SeleniumCapital/SeleniumCapital/pages/base_page.py", line 293, in element_is_visible
    return Wait(self.browser, timeout).until(
           ^^^^^^^^^^^^^^^^^^^^^^^^^^^^^^^^^^
  File "/home/runner/.cache/pypoetry/virtualenvs/testcapitalcompyse-cIj6ROMf-py3.11/lib/python3.11/site-packages/selenium/webdriver/support/wait.py", line 105, in until
    raise TimeoutException(message, screen, stacktrace)
selenium.common.exceptions.TimeoutException: Message: 
Stacktrace:
#0 0x5592b4d04f83 <unknown>
#1 0x5592b49bdcf7 <unknown>
#2 0x5592b4a0d99e <unknown>
#3 0x5592b4a0daa1 <unknown>
#4 0x5592b4a58d64 <unknown>
#5 0x5592b4a370dd <unknown>
#6 0x5592b4a56006 <unknown>
#7 0x5592b4a36e53 <unknown>
#8 0x5592b49fedd4 <unknown>
#9 0x5592b4a001de <unknown>
#10 0x5592b4cc9531 <unknown>
#11 0x5592b4ccd455 <unknown>
#12 0x5592b4cb5f55 <unknown>
#13 0x5592b4cce0ef <unknown>
#14 0x5592b4c9999f <unknown>
#15 0x5592b4cf2008 <unknown>
#16 0x5592b4cf21d7 <unknown>
#17 0x5592b4d04124 <unknown>
#18 0x7fd75bc94ac3 <unknown>
--------------------------- Captured stdout teardown ---------------------------

2024-01-26 15:16:10.777325   *** end fixture Browser = teardown ***

=============================== warnings summary ===============================
tests/US_11_Education/US_11-02-07_ETF_trading/us_11-02-07_etf_trading_test.py::TestETFTrading::test_02_main_banner_try_demo_button[Chrome--ae-NoAuth-aqa.tomelo.an@gmail.com-iT9Vgqi6d$fiZ*Z]
  /home/runner/.cache/pypoetry/virtualenvs/testcapitalcompyse-cIj6ROMf-py3.11/lib/python3.11/site-packages/pytest_html/plugin.py:133: DeprecationWarning: The 'report.extra' attribute is deprecated and will be removed in a future release, use 'report.extras' instead.
    warnings.warn(

-- Docs: https://docs.pytest.org/en/stable/how-to/capture-warnings.html
- Generated html report: file:///home/runner/work/SeleniumCapital/SeleniumCapital/report/report.html -
=========================== short test summary info ============================
FAILED tests/US_11_Education/US_11-02-07_ETF_trading/us_11-02-07_etf_trading_test.py::TestETFTrading::test_02_main_banner_try_demo_button[Chrome--ae-NoAuth-aqa.tomelo.an@gmail.com-iT9Vgqi6d$fiZ*Z] - AssertionError: Bug # 05. Opened a 'Sign up' form instead of a 'Login'
================= 1 failed, 3 deselected, 1 warning in 50.19s ==================

2024-01-26 15:16:10.923827   => Текущий тест: 1 failed

2024-01-26 15:16:10.925124   => 3. check_results finished

2024-01-26 15:16:10.925269   4. Fixing one row check results into Google Sheet Bugs Report =>
1 cells updated.
2024-01-26 15:16:11.100239   => 4. One row check results into Google Sheet Bugs Report fixed
