


2024-01-26 15:20:22.737877   0. Get Values row =>
2024-01-26 15:20:22.737904   Row # = 500
2024-01-26 15:20:22.737914   Row Values = 
['Bid:11.02.04.00_02-de.gb.NoAuth', 'Ubuntu 22.04', 'Chrome', '11.02.04.00', '_02', 'de', 'gb', 'FCA', 'NoAuth', '', 'Education', 'Forex trading', 'Click Main banner > Button [Try demo]', 'Click Main banner > Button [Try demo]', '', '05', "Bug # 05. Opened a 'Sign up' form instead of a 'Login'", '', '', '', '23/01/24', 'failed']

2024-01-26 15:20:22.737996   1. Run pretest =>

2024-01-26 15:20:22.738009   row_loc = 
['Bid:11.02.04.00_02-de.gb.NoAuth', 'Ubuntu 22.04', 'Chrome', '11.02.04.00', '_02', 'de', 'gb', 'FCA', 'NoAuth', '', 'Education', 'Forex trading', 'Click Main banner > Button [Try demo]', 'Click Main banner > Button [Try demo]', '', '05', "Bug # 05. Opened a 'Sign up' form instead of a 'Login'", '', '', '', '23/01/24', 'failed']

2024-01-26 15:20:22.738023   => 1. Pretest finished

2024-01-26 15:20:22.738086   2. Run run_pytest with Bid = Bid:11.02.04.00_02-de.gb.NoAuth from row =>

2024-01-26 15:20:22.738099   2.2. Run poetry run pytest ... in subprocess =>

2024-01-26 15:20:22.738110   Run command: 
poetry run pytest --retest=True --browser_name=Chrome --lang=de --country=gb --role=NoAuth -m test_02 -v \tests/US_11_Education/US_11-02-04_Forex_trading/US_11-02-04-00_Forex_trading_test.py

2024-01-26 15:21:16.402678   => 2.2. pytest ... as subprocess finished

2024-01-26 15:21:16.402757   => 2. Autotest with Bid = Bid:11.02.04.00_02-de.gb.NoAuth from row finished

2024-01-26 15:21:16.402830   3. Run check_results =>
2024-01-26 15:21:16.402851   test_results: 
============================= test session starts ==============================
platform linux -- Python 3.11.7, pytest-7.4.4, pluggy-1.3.0 -- /home/runner/.cache/pypoetry/virtualenvs/testcapitalcompyse-cIj6ROMf-py3.11/bin/python
cachedir: .pytest_cache
metadata: {'Python': '3.11.7', 'Platform': 'Linux-6.2.0-1018-azure-x86_64-with-glibc2.35', 'Packages': {'pytest': '7.4.4', 'pluggy': '1.3.0'}, 'Plugins': {'metadata': '3.0.0', 'timeout': '2.2.0', 'html': '4.1.1', 'xdist': '3.5.0', 'allure-pytest': '2.13.2'}, 'CI': 'true', 'JAVA_HOME': '/usr/lib/jvm/temurin-11-jdk-amd64'}
rootdir: /home/runner/work/SeleniumCapital/SeleniumCapital
configfile: pytest.ini
plugins: metadata-3.0.0, timeout-2.2.0, html-4.1.1, xdist-3.5.0, allure-pytest-2.13.2
collecting ... collected 7 items / 6 deselected / 1 selected

tests/US_11_Education/US_11-02-04_Forex_trading/US_11-02-04-00_Forex_trading_test.py::TestForexTradingMainPage::test_02_main_banner_try_demo_button[Chrome--ae-NoAuth-aqa.tomelo.an@gmail.com-iT9Vgqi6d$fiZ*Z] FAILED [100%]

=================================== FAILURES ===================================
_ TestForexTradingMainPage.test_02_main_banner_try_demo_button[Chrome--ae-NoAuth-aqa.tomelo.an@gmail.com-iT9Vgqi6d$fiZ*Z] _

self = <US_11-02-04-00_Forex_trading_test.TestForexTradingMainPage object at 0x7f180ad81bd0>
worker_id = 'master'
d = <selenium.webdriver.chrome.webdriver.WebDriver (session="c62e0c09a512c0e0623c2867c1630c6b")>
cur_language = 'de', cur_country = 'gb', cur_role = 'NoAuth'
cur_login = 'aqa.tomelo.an@gmail.com', cur_password = 'iT9Vgqi6d$fiZ*Z'

    @allure.step("Start test of button [Try demo] on Main banner")
    @pytest.mark.test_02
    def test_02_main_banner_try_demo_button(self, worker_id, d,
                                            cur_language, cur_country, cur_role, cur_login, cur_password):
        """
        Check: Button [Try demo] on Main banner
        Language: All. License: All.
        """
        global cur_page_url
    
        bid = build_dynamic_arg_v4(
            d, worker_id, cur_language, cur_country, cur_role,
            "11.02.04", "Education > Menu item [Forex trading]",
            ".00_02", "Testing button [Try demo] on Main banner")
    
        Common().skip_if_eng_lang_and_fca_license(cur_language, cur_country)
    
        Common().check_language_in_list_and_skip_if_not_present(
            cur_language, ["", "ar", "de", "es", "fr", "it", "cn", "ru", "zh"])
    
        page_conditions = Conditions(d, "")
        main_page_link = page_conditions.preconditions(
            d, CapitalComPageSrc.URL, "", cur_language, cur_country, cur_role, cur_login, cur_password)
    
        page_menu = MenuSection(d, main_page_link)
        cur_page_url = page_menu.open_education_forex_trading_menu(d, cur_language, cur_country, main_page_link)
    
        test_element = MainBannerTryDemo(d, cur_page_url, bid)
>       test_element.full_test_with_tpi(d, cur_language, cur_country, cur_role, cur_page_url)

tests/US_11_Education/US_11-02-04_Forex_trading/US_11-02-04-00_Forex_trading_test.py:90: 
_ _ _ _ _ _ _ _ _ _ _ _ _ _ _ _ _ _ _ _ _ _ _ _ _ _ _ _ _ _ _ _ _ _ _ _ _ _ _ _ 
pages/Elements/ButtonTryDemoMainBanner.py:28: in full_test_with_tpi
    test_element.assert_login(d, cur_language, cur_item_link)
_ _ _ _ _ _ _ _ _ _ _ _ _ _ _ _ _ _ _ _ _ _ _ _ _ _ _ _ _ _ _ _ _ _ _ _ _ _ _ _ 

self = <pages.Elements.AssertClass.AssertClass object at 0x7f180a86f850>
d = <selenium.webdriver.chrome.webdriver.WebDriver (session="c62e0c09a512c0e0623c2867c1630c6b")>
cur_language = 'de', cur_link = 'https://capital.com/de/waehrungshandel'

    @allure.step('Checking that "Login" form or page opened')
    def assert_login(self, d, cur_language, cur_link):
        """Method Assert Login form or page"""
        print(f"\n{datetime.now()}   3. Assert_Login_v0")
        self.page_signup_login = SignupLogin(d, cur_link)
        if self.page_signup_login.should_be_login_form():
            self.page_signup_login.close_login_form()
            del self.page_signup_login
        elif self.page_signup_login.should_be_login_page():
            self.page_signup_login.close_login_page()
            del self.page_signup_login
        elif self.page_signup_login.should_be_trading_platform_login_form(cur_language):
            self.page_signup_login.close_trading_platform_login_form()
            del self.page_signup_login
        elif self.page_signup_login.should_be_signup_form(cur_language):
            del self.page_signup_login
            print(f'\nBug: {self.bid}')
            retest_table_fill(self.bid, '05', self.link)
>           assert False, "Bug # 05. Opened a 'Sign up' form instead of a 'Login'"
E           AssertionError: Bug # 05. Opened a 'Sign up' form instead of a 'Login'

pages/Elements/AssertClass.py:69: AssertionError
---------------------------- Captured stdout setup -----------------------------

2024-01-26 15:20:23.534006   *** autouse fixture Chrome ***

{'width': 1280, 'height': 720}
Current test language - de
Current country of trading - gb



Current test role - NoAuth
Current login - aqa.tomelo.an@gmail.com
Current login - iT9Vgqi6d$fiZ*Z
----------------------------- Captured stdout call -----------------------------
{'width': 1280, 'height': 720}

2024-01-26 15:20:24.441358   worker_id = master

2024-01-26 15:20:24.441376   0. Allure grouping v4


2024-01-26 15:20:24.441563   START PRECONDITIONS =>

2024-01-26 15:20:25.832066   Load page https://capital.com

2024-01-26 15:20:25.832116   {'width': 1280, 'height': 720}

2024-01-26 15:20:25.855058   Set windows position at (0, 0) =>

2024-01-26 15:20:26.007244   Set resolution 1280 * 720 =>

2024-01-26 15:20:26.113034   => Resolution seted {'width': 1280, 'height': 720}

2024-01-26 15:20:31.153969   Капчи нет. Тестим дальше

2024-01-26 15:20:31.154067   Prev. Role: ?

2024-01-26 15:20:31.154080   Run preconditions: set "NoAuth" Role =>
2024-01-26 15:20:31.939509   Load page https://capital.com

2024-01-26 15:20:32.110837   => All cookies are deleted
2024-01-26 15:20:32.892985   Load page https://capital.com

2024-01-26 15:20:32.893226   Step 'Click button [Accept all cookies]'
2024-01-26 15:20:37.897132   Is Visible Button [Accept all cookies]? =>
2024-01-26 15:20:37.937790   => Button [Accept all cookies] is visible
2024-01-26 15:20:38.937938   Is clickable Button [Accept all cookies] =>
2024-01-26 15:20:38.962787   => Button [Accept all cookies] is clickable
2024-01-26 15:20:38.962820   Click Button [Accept all cookies] =>
2024-01-26 15:20:39.028388   => Button [Accept all cookies] is clicked
2024-01-26 15:20:39.028434   => Accepted All Cookies

2024-01-26 15:20:39.528818   Start Autorization

2024-01-26 15:20:39.528950   2. Act
2024-01-26 15:20:39.528968   Start Click button [Log in] =>
2024-01-26 15:20:39.538773   BUTTON_LOGIN scroll =>
2024-01-26 15:20:39.542622   Is BUTTON_LOGIN clickable? =>
2024-01-26 15:20:39.557007   => BUTTON_LOGIN is clickable
2024-01-26 15:20:39.557033   BUTTON_LOGIN click =>
2024-01-26 15:20:39.604526   => BUTTON_LOGIN is clicked!
2024-01-26 15:20:39.604612   => 'Login' form is opened
2024-01-26 15:20:40.315079   => "login" and "password" are inputted
2024-01-26 15:20:40.315128   Click [Continue] button on [Login] form =>
2024-01-26 15:20:40.432397   => [Continue] button on [Login] form is clicked
2024-01-26 15:20:43.602024   Start check that the Trading platform page is loaded and LOGO is present on it =>
2024-01-26 15:20:43.602067   Set timeout = 30
2024-01-26 15:20:43.602087   Wait until load page with special title =>
2024-01-26 15:20:43.604876   => Page with title "Trading Platform | Capital.com" is loaded
2024-01-26 15:20:43.604896   Is present LOGO on this page? =>
2024-01-26 15:20:45.208857   => LOGO is visible on this page
2024-01-26 15:20:45.208956   -> "Capital.com" logo is present on trading platform page

2024-01-26 15:20:46.548438   Start DeAuthorisation
2024-01-26 15:20:46.548560   1. BUTTON_MY_ACCOUNT is present? =>
2024-01-26 15:20:46.576161   => BUTTON_MY_ACCOUNT is present on this page
2024-01-26 15:20:47.852035   => Move to BUTTON_MY_ACCOUNT
2024-01-26 15:20:47.852083   2. BUTTON_MY_ACCOUNT is clickable? =>
2024-01-26 15:20:47.872115   => BUTTON_MY_ACCOUNT is clickable
2024-01-26 15:20:47.872152   BUTTON_MY_ACCOUNT Click =>
2024-01-26 15:20:48.715063   => User panel [My account] is opened

2024-01-26 15:20:48.715287   Start Click [Logout] button:
2024-01-26 15:20:48.715305   BUTTON_LOGOUT is present? =>
2024-01-26 15:20:48.726463   => BUTTON_LOGOUT is present
2024-01-26 15:20:48.726500   Is visible BUTTON_LOGOUT? =>
2024-01-26 15:20:48.742860   BUTTON_LOGOUT is clickable? =>
2024-01-26 15:20:48.760611   BUTTON_LOGOUT click =>
2024-01-26 15:20:48.872226   => BUTTON_LOGOUT is clicked

2024-01-26 15:20:48.872380   Current role: NoAuth

2024-01-26 15:20:48.872405   Prev language: ?

2024-01-26 15:20:48.872421   Run preconditions: set "de" language =>


2024-01-26 15:20:48.919360   => Language and Country menu is present


2024-01-26 15:20:50.138211   => Language and Country menu is visible


2024-01-26 15:20:51.919318   => Focus is moved on Language and Country menu 

2024-01-26 15:20:53.662199   => Current language: de

2024-01-26 15:20:53.662240   Prev country: ?

2024-01-26 15:20:53.662249   Run preconditions: set "gb" country =>


2024-01-26 15:20:53.688605   => Language and Country menu is present


2024-01-26 15:20:53.704408   => Language and Country menu is visible


2024-01-26 15:20:55.489827   => Focus is moved on Language and Country menu 

2024-01-26 15:20:57.629863   => Current country: gb

2024-01-26 15:20:57.629907   => THE END PRECONDITIONS

2024-01-26 15:20:57.630070   1. Cur URL = https://capital.com/de?country=gb

2024-01-26 15:20:57.656916   2. Link = https://capital.com/de
2024-01-26 15:20:58.860249   Load page https://capital.com/de
2024-01-26 15:20:59.371972   => Education menu is present
2024-01-26 15:20:59.388878   => Education menu is visible
2024-01-26 15:21:00.668188   => Education menu focus moved


2024-01-26 15:21:02.737490   => Forex trading sub-menu clicked

2024-01-26 15:21:02.741414   3. Cur URL = https://capital.com/de/waehrungshandel

2024-01-26 15:21:02.830012   1. Arrange_v0
2024-01-26 15:21:02.837931   BUTTON_TRY_DEMO is visible? =>
2024-01-26 15:21:02.857846   => BUTTON_TRY_DEMO is visible on the page!

2024-01-26 15:21:02.858009   2. Act_v0
2024-01-26 15:21:02.858024   BUTTON_TRY_DEMO is present? =>
2024-01-26 15:21:02.870203   => BUTTON_TRY_DEMO is present on the page!
2024-01-26 15:21:02.870229   BUTTON_TRY_DEMO scroll =>
2024-01-26 15:21:02.911895   => BUTTON_TRY_DEMO clicked!

2024-01-26 15:21:02.912152   3. Assert_Login_v0
2024-01-26 15:21:02.912241   Check that 'Login' form is opened
2024-01-26 15:21:08.474732   'Login' form not opened
2024-01-26 15:21:08.479044   'Login' page not opened
2024-01-26 15:21:14.013040   'Login' form on trading platform not opened
2024-01-26 15:21:14.013223   Start step Check that [Sign up] form is opened
2024-01-26 15:21:14.039147   'Sign up' form opened
2024-01-26 15:21:14.039187   Assert SIGNUP_HEADER =>
2024-01-26 15:21:14.057192   Assert SIGNUP_REF_LOGIN =>
2024-01-26 15:21:14.075851   Assert SIGNUP_PRIVACY_POLICY_ALL_2 =>
2024-01-26 15:21:14.093565   => SIGNUP_PRIVACY_POLICY_ALL
2024-01-26 15:21:14.093601   => 'Signup' form is checked

Bug: Bid:11.02.04.00_02-de.gb.NoAuth

2024-01-26 15:21:14.093703   Проверка бага в таблице ретеста  =>

2024-01-26 15:21:14.100790   4. Fixing one row check results into Google Sheet Bugs Report =>
1 cells updated.
2024-01-26 15:21:14.531810   => 4. One row check results into Google Sheet Bugs Report fixed

2024-01-26 15:21:14.945315   4. Fixing one row check results into Google Sheet Bugs Report =>
1 cells updated.
2024-01-26 15:21:15.282534   => 4. One row check results into Google Sheet Bugs Report fixed

2024-01-26 15:21:15.282603   Bug: Bid:11.02.04.00_02-de.gb.NoAuth уже существует, но тип бага изменился с 23/01/24 на 05

2024-01-26 15:21:15.282982   Bug: Bid:11.02.04.00_02-de.gb.NoAuth-05 уже существует

2024-01-26 15:21:15.283131   4. Fixing one row check results into Google Sheet Bugs Report =>
1 cells updated.
2024-01-26 15:21:15.976202   => 4. One row check results into Google Sheet Bugs Report fixed
------------------------------ Captured log call -------------------------------
2024-01-26 15:21:08 ERROR Elements not present after 0.5 seconds on page: https://capital.com/de/waehrungshandel
2024-01-26 15:21:08 ERROR 
Traceback (most recent call last):
  File "/home/runner/work/SeleniumCapital/SeleniumCapital/pages/base_page.py", line 82, in inner_function
    return func(*args, **kwargs)
           ^^^^^^^^^^^^^^^^^^^^^
  File "/home/runner/work/SeleniumCapital/SeleniumCapital/pages/base_page.py", line 293, in element_is_visible
    return Wait(self.browser, timeout).until(
           ^^^^^^^^^^^^^^^^^^^^^^^^^^^^^^^^^^
  File "/home/runner/.cache/pypoetry/virtualenvs/testcapitalcompyse-cIj6ROMf-py3.11/lib/python3.11/site-packages/selenium/webdriver/support/wait.py", line 105, in until
    raise TimeoutException(message, screen, stacktrace)
selenium.common.exceptions.TimeoutException: Message: 
Stacktrace:
#0 0x560a82b60f83 <unknown>
#1 0x560a82819cf7 <unknown>
#2 0x560a8286999e <unknown>
#3 0x560a82869aa1 <unknown>
#4 0x560a828b4d64 <unknown>
#5 0x560a828930dd <unknown>
#6 0x560a828b2006 <unknown>
#7 0x560a82892e53 <unknown>
#8 0x560a8285add4 <unknown>
#9 0x560a8285c1de <unknown>
#10 0x560a82b25531 <unknown>
#11 0x560a82b29455 <unknown>
#12 0x560a82b11f55 <unknown>
#13 0x560a82b2a0ef <unknown>
#14 0x560a82af599f <unknown>
#15 0x560a82b4e008 <unknown>
#16 0x560a82b4e1d7 <unknown>
#17 0x560a82b60124 <unknown>
#18 0x7f5e4e494ac3 <unknown>

2024-01-26 15:21:14 ERROR Elements not present after 0.5 seconds on page: https://capital.com/de/waehrungshandel
2024-01-26 15:21:14 ERROR 
Traceback (most recent call last):
  File "/home/runner/work/SeleniumCapital/SeleniumCapital/pages/base_page.py", line 82, in inner_function
    return func(*args, **kwargs)
           ^^^^^^^^^^^^^^^^^^^^^
  File "/home/runner/work/SeleniumCapital/SeleniumCapital/pages/base_page.py", line 293, in element_is_visible
    return Wait(self.browser, timeout).until(
           ^^^^^^^^^^^^^^^^^^^^^^^^^^^^^^^^^^
  File "/home/runner/.cache/pypoetry/virtualenvs/testcapitalcompyse-cIj6ROMf-py3.11/lib/python3.11/site-packages/selenium/webdriver/support/wait.py", line 105, in until
    raise TimeoutException(message, screen, stacktrace)
selenium.common.exceptions.TimeoutException: Message: 
Stacktrace:
#0 0x560a82b60f83 <unknown>
#1 0x560a82819cf7 <unknown>
#2 0x560a8286999e <unknown>
#3 0x560a82869aa1 <unknown>
#4 0x560a828b4d64 <unknown>
#5 0x560a828930dd <unknown>
#6 0x560a828b2006 <unknown>
#7 0x560a82892e53 <unknown>
#8 0x560a8285add4 <unknown>
#9 0x560a8285c1de <unknown>
#10 0x560a82b25531 <unknown>
#11 0x560a82b29455 <unknown>
#12 0x560a82b11f55 <unknown>
#13 0x560a82b2a0ef <unknown>
#14 0x560a82af599f <unknown>
#15 0x560a82b4e008 <unknown>
#16 0x560a82b4e1d7 <unknown>
#17 0x560a82b60124 <unknown>
#18 0x7f5e4e494ac3 <unknown>
--------------------------- Captured stdout teardown ---------------------------

2024-01-26 15:21:16.324540   *** end fixture Browser = teardown ***

=============================== warnings summary ===============================
tests/US_11_Education/US_11-02-04_Forex_trading/US_11-02-04-00_Forex_trading_test.py::TestForexTradingMainPage::test_02_main_banner_try_demo_button[Chrome--ae-NoAuth-aqa.tomelo.an@gmail.com-iT9Vgqi6d$fiZ*Z]
  /home/runner/.cache/pypoetry/virtualenvs/testcapitalcompyse-cIj6ROMf-py3.11/lib/python3.11/site-packages/pytest_html/plugin.py:133: DeprecationWarning: The 'report.extra' attribute is deprecated and will be removed in a future release, use 'report.extras' instead.
    warnings.warn(

-- Docs: https://docs.pytest.org/en/stable/how-to/capture-warnings.html
- Generated html report: file:///home/runner/work/SeleniumCapital/SeleniumCapital/report/report.html -
=========================== short test summary info ============================
FAILED tests/US_11_Education/US_11-02-04_Forex_trading/US_11-02-04-00_Forex_trading_test.py::TestForexTradingMainPage::test_02_main_banner_try_demo_button[Chrome--ae-NoAuth-aqa.tomelo.an@gmail.com-iT9Vgqi6d$fiZ*Z] - AssertionError: Bug # 05. Opened a 'Sign up' form instead of a 'Login'
================= 1 failed, 6 deselected, 1 warning in 52.93s ==================

2024-01-26 15:21:16.403615   => Текущий тест: 1 failed

2024-01-26 15:21:16.405137   => 3. check_results finished

2024-01-26 15:21:16.405309   4. Fixing one row check results into Google Sheet Bugs Report =>
1 cells updated.
2024-01-26 15:21:16.587072   => 4. One row check results into Google Sheet Bugs Report fixed
