2024-01-26 16:00:09 ERROR Elements not present after 0.5 seconds on page: https://capital.com/es/operar-cobre
2024-01-26 16:00:09 ERROR 
Traceback (most recent call last):
  File "/home/runner/work/SeleniumCapital/SeleniumCapital/pages/base_page.py", line 82, in inner_function
    return func(*args, **kwargs)
           ^^^^^^^^^^^^^^^^^^^^^
  File "/home/runner/work/SeleniumCapital/SeleniumCapital/pages/base_page.py", line 293, in element_is_visible
    return Wait(self.browser, timeout).until(
           ^^^^^^^^^^^^^^^^^^^^^^^^^^^^^^^^^^
  File "/home/runner/.cache/pypoetry/virtualenvs/testcapitalcompyse-cIj6ROMf-py3.11/lib/python3.11/site-packages/selenium/webdriver/support/wait.py", line 105, in until
    raise TimeoutException(message, screen, stacktrace)
selenium.common.exceptions.TimeoutException: Message: 
Stacktrace:
#0 0x5646a3955f83 <unknown>
#1 0x5646a360ecf7 <unknown>
#2 0x5646a365e99e <unknown>
#3 0x5646a365eaa1 <unknown>
#4 0x5646a36a9d64 <unknown>
#5 0x5646a36880dd <unknown>
#6 0x5646a36a7006 <unknown>
#7 0x5646a3687e53 <unknown>
#8 0x5646a364fdd4 <unknown>
#9 0x5646a36511de <unknown>
#10 0x5646a391a531 <unknown>
#11 0x5646a391e455 <unknown>
#12 0x5646a3906f55 <unknown>
#13 0x5646a391f0ef <unknown>
#14 0x5646a38ea99f <unknown>
#15 0x5646a3943008 <unknown>
#16 0x5646a39431d7 <unknown>
#17 0x5646a3955124 <unknown>
#18 0x7ff4b0894ac3 <unknown>

2024-01-26 16:00:16 ERROR Elements not present after 0.5 seconds on page: https://capital.com/trading/signup
2024-01-26 16:00:16 ERROR 
Traceback (most recent call last):
  File "/home/runner/work/SeleniumCapital/SeleniumCapital/pages/base_page.py", line 82, in inner_function
    return func(*args, **kwargs)
           ^^^^^^^^^^^^^^^^^^^^^
  File "/home/runner/work/SeleniumCapital/SeleniumCapital/pages/base_page.py", line 293, in element_is_visible
    return Wait(self.browser, timeout).until(
           ^^^^^^^^^^^^^^^^^^^^^^^^^^^^^^^^^^
  File "/home/runner/.cache/pypoetry/virtualenvs/testcapitalcompyse-cIj6ROMf-py3.11/lib/python3.11/site-packages/selenium/webdriver/support/wait.py", line 105, in until
    raise TimeoutException(message, screen, stacktrace)
selenium.common.exceptions.TimeoutException: Message: 
Stacktrace:
#0 0x5646a3955f83 <unknown>
#1 0x5646a360ecf7 <unknown>
#2 0x5646a365e99e <unknown>
#3 0x5646a365eaa1 <unknown>
#4 0x5646a36a9d64 <unknown>
#5 0x5646a36880dd <unknown>
#6 0x5646a36a7006 <unknown>
#7 0x5646a3687e53 <unknown>
#8 0x5646a364fdd4 <unknown>
#9 0x5646a36511de <unknown>
#10 0x5646a391a531 <unknown>
#11 0x5646a391e455 <unknown>
#12 0x5646a3906f55 <unknown>
#13 0x5646a391f0ef <unknown>
#14 0x5646a38ea99f <unknown>
#15 0x5646a3943008 <unknown>
#16 0x5646a39431d7 <unknown>
#17 0x5646a3955124 <unknown>
#18 0x7ff4b0894ac3 <unknown>

2024-01-26 16:00:21 ERROR Elements not present after 0.5 seconds on page: https://capital.com/trading/signup
2024-01-26 16:00:21 ERROR 
Traceback (most recent call last):
  File "/home/runner/work/SeleniumCapital/SeleniumCapital/pages/base_page.py", line 82, in inner_function
    return func(*args, **kwargs)
           ^^^^^^^^^^^^^^^^^^^^^
  File "/home/runner/work/SeleniumCapital/SeleniumCapital/pages/base_page.py", line 293, in element_is_visible
    return Wait(self.browser, timeout).until(
           ^^^^^^^^^^^^^^^^^^^^^^^^^^^^^^^^^^
  File "/home/runner/.cache/pypoetry/virtualenvs/testcapitalcompyse-cIj6ROMf-py3.11/lib/python3.11/site-packages/selenium/webdriver/support/wait.py", line 105, in until
    raise TimeoutException(message, screen, stacktrace)
selenium.common.exceptions.TimeoutException: Message: 
Stacktrace:
#0 0x5646a3955f83 <unknown>
#1 0x5646a360ecf7 <unknown>
#2 0x5646a365e99e <unknown>
#3 0x5646a365eaa1 <unknown>
#4 0x5646a36a9d64 <unknown>
#5 0x5646a36880dd <unknown>
#6 0x5646a36a7006 <unknown>
#7 0x5646a3687e53 <unknown>
#8 0x5646a364fdd4 <unknown>
#9 0x5646a36511de <unknown>
#10 0x5646a391a531 <unknown>
#11 0x5646a391e455 <unknown>
#12 0x5646a3906f55 <unknown>
#13 0x5646a391f0ef <unknown>
#14 0x5646a38ea99f <unknown>
#15 0x5646a3943008 <unknown>
#16 0x5646a39431d7 <unknown>
#17 0x5646a3955124 <unknown>
#18 0x7ff4b0894ac3 <unknown>

2024-01-26 16:00:27 ERROR Elements not present after 0.5 seconds on page: https://capital.com/trading/signup
2024-01-26 16:00:27 ERROR 
Traceback (most recent call last):
  File "/home/runner/work/SeleniumCapital/SeleniumCapital/pages/base_page.py", line 82, in inner_function
    return func(*args, **kwargs)
           ^^^^^^^^^^^^^^^^^^^^^
  File "/home/runner/work/SeleniumCapital/SeleniumCapital/pages/base_page.py", line 293, in element_is_visible
    return Wait(self.browser, timeout).until(
           ^^^^^^^^^^^^^^^^^^^^^^^^^^^^^^^^^^
  File "/home/runner/.cache/pypoetry/virtualenvs/testcapitalcompyse-cIj6ROMf-py3.11/lib/python3.11/site-packages/selenium/webdriver/support/wait.py", line 105, in until
    raise TimeoutException(message, screen, stacktrace)
selenium.common.exceptions.TimeoutException: Message: 
Stacktrace:
#0 0x5646a3955f83 <unknown>
#1 0x5646a360ecf7 <unknown>
#2 0x5646a365e99e <unknown>
#3 0x5646a365eaa1 <unknown>
#4 0x5646a36a9d64 <unknown>
#5 0x5646a36880dd <unknown>
#6 0x5646a36a7006 <unknown>
#7 0x5646a3687e53 <unknown>
#8 0x5646a364fdd4 <unknown>
#9 0x5646a36511de <unknown>
#10 0x5646a391a531 <unknown>
#11 0x5646a391e455 <unknown>
#12 0x5646a3906f55 <unknown>
#13 0x5646a391f0ef <unknown>
#14 0x5646a38ea99f <unknown>
#15 0x5646a3943008 <unknown>
#16 0x5646a39431d7 <unknown>
#17 0x5646a3955124 <unknown>
#18 0x7ff4b0894ac3 <unknown>

2024-01-26 16:00:33 ERROR Could not find elements on page: https://capital.com/trading/signup
2024-01-26 16:00:33 ERROR no such element: Unable to locate element: {"method":"css selector","selector":"#testwrap > div.signup-form"}
  (Session info: chrome=120.0.6099.224); For documentation on this error, please visit: https://www.selenium.dev/documentation/webdriver/troubleshooting/errors#no-such-element-exception
Traceback (most recent call last):
  File "/home/runner/work/SeleniumCapital/SeleniumCapital/pages/base_page.py", line 82, in inner_function
    return func(*args, **kwargs)
           ^^^^^^^^^^^^^^^^^^^^^
  File "/home/runner/work/SeleniumCapital/SeleniumCapital/pages/base_page.py", line 211, in element_is_present
    return self.browser.find_element(method, locator)
           ^^^^^^^^^^^^^^^^^^^^^^^^^^^^^^^^^^^^^^^^^^
  File "/home/runner/.cache/pypoetry/virtualenvs/testcapitalcompyse-cIj6ROMf-py3.11/lib/python3.11/site-packages/selenium/webdriver/remote/webdriver.py", line 742, in find_element
    return self.execute(Command.FIND_ELEMENT, {"using": by, "value": value})["value"]
           ^^^^^^^^^^^^^^^^^^^^^^^^^^^^^^^^^^^^^^^^^^^^^^^^^^^^^^^^^^^^^^^^^
  File "/home/runner/.cache/pypoetry/virtualenvs/testcapitalcompyse-cIj6ROMf-py3.11/lib/python3.11/site-packages/selenium/webdriver/remote/webdriver.py", line 348, in execute
    self.error_handler.check_response(response)
  File "/home/runner/.cache/pypoetry/virtualenvs/testcapitalcompyse-cIj6ROMf-py3.11/lib/python3.11/site-packages/selenium/webdriver/remote/errorhandler.py", line 229, in check_response
    raise exception_class(message, screen, stacktrace)
selenium.common.exceptions.NoSuchElementException: Message: no such element: Unable to locate element: {"method":"css selector","selector":"#testwrap > div.signup-form"}
  (Session info: chrome=120.0.6099.224); For documentation on this error, please visit: https://www.selenium.dev/documentation/webdriver/troubleshooting/errors#no-such-element-exception
Stacktrace:
#0 0x5646a3955f83 <unknown>
#1 0x5646a360ecf7 <unknown>
#2 0x5646a365e99e <unknown>
#3 0x5646a365eaa1 <unknown>
#4 0x5646a36a9d64 <unknown>
#5 0x5646a36880dd <unknown>
#6 0x5646a36a7006 <unknown>
#7 0x5646a3687e53 <unknown>
#8 0x5646a364fdd4 <unknown>
#9 0x5646a36511de <unknown>
#10 0x5646a391a531 <unknown>
#11 0x5646a391e455 <unknown>
#12 0x5646a3906f55 <unknown>
#13 0x5646a391f0ef <unknown>
#14 0x5646a38ea99f <unknown>
#15 0x5646a3943008 <unknown>
#16 0x5646a39431d7 <unknown>
#17 0x5646a3955124 <unknown>
#18 0x7ff4b0894ac3 <unknown>