2023-11-28 14:44:15 ERROR Unable to initialize WebDriver
2023-11-28 14:44:15 ERROR 
Traceback (most recent call last):
  File "/home/runner/work/SeleniumCapital/SeleniumCapital/pages/base_page.py", line 82, in inner_function
    return func(*args, **kwargs)
           ^^^^^^^^^^^^^^^^^^^^^
  File "/home/runner/work/SeleniumCapital/SeleniumCapital/pages/base_page.py", line 390, in element_is_visible
    return Wait(self.browser, timeout).until(
           ^^^^^^^^^^^^^^^^^^^^^^^^^^^^^^^^^^
  File "/home/runner/.cache/pypoetry/virtualenvs/testcapitalcom-cIj6ROMf-py3.11/lib/python3.11/site-packages/selenium/webdriver/support/wait.py", line 101, in until
    raise TimeoutException(message, screen, stacktrace)
selenium.common.exceptions.TimeoutException: Message: 
Stacktrace:
#0 0x55641e34d5e3 <unknown>
#1 0x55641e0100b7 <unknown>
#2 0x55641e05df53 <unknown>
#3 0x55641e05e051 <unknown>
#4 0x55641e0a39c4 <unknown>
#5 0x55641e084f1d <unknown>
#6 0x55641e0a0b3d <unknown>
#7 0x55641e084cc3 <unknown>
#8 0x55641e0500e4 <unknown>
#9 0x55641e0510ae <unknown>
#10 0x55641e313ce1 <unknown>
#11 0x55641e317b7e <unknown>
#12 0x55641e3014b5 <unknown>
#13 0x55641e3187d6 <unknown>
#14 0x55641e2e4dbf <unknown>
#15 0x55641e33b748 <unknown>
#16 0x55641e33b917 <unknown>
#17 0x55641e34c773 <unknown>
#18 0x7fb2f2294ac3 <unknown>

2023-11-28 14:44:32 ERROR Unable to initialize WebDriver
2023-11-28 14:44:32 ERROR 
Traceback (most recent call last):
  File "/home/runner/work/SeleniumCapital/SeleniumCapital/pages/base_page.py", line 82, in inner_function
    return func(*args, **kwargs)
           ^^^^^^^^^^^^^^^^^^^^^
  File "/home/runner/work/SeleniumCapital/SeleniumCapital/pages/base_page.py", line 390, in element_is_visible
    return Wait(self.browser, timeout).until(
           ^^^^^^^^^^^^^^^^^^^^^^^^^^^^^^^^^^
  File "/home/runner/.cache/pypoetry/virtualenvs/testcapitalcom-cIj6ROMf-py3.11/lib/python3.11/site-packages/selenium/webdriver/support/wait.py", line 101, in until
    raise TimeoutException(message, screen, stacktrace)
selenium.common.exceptions.TimeoutException: Message: 
Stacktrace:
#0 0x55641e34d5e3 <unknown>
#1 0x55641e0100b7 <unknown>
#2 0x55641e05df53 <unknown>
#3 0x55641e05e051 <unknown>
#4 0x55641e0a39c4 <unknown>
#5 0x55641e084f1d <unknown>
#6 0x55641e0a0b3d <unknown>
#7 0x55641e084cc3 <unknown>
#8 0x55641e0500e4 <unknown>
#9 0x55641e0510ae <unknown>
#10 0x55641e313ce1 <unknown>
#11 0x55641e317b7e <unknown>
#12 0x55641e3014b5 <unknown>
#13 0x55641e3187d6 <unknown>
#14 0x55641e2e4dbf <unknown>
#15 0x55641e33b748 <unknown>
#16 0x55641e33b917 <unknown>
#17 0x55641e34c773 <unknown>
#18 0x7fb2f2294ac3 <unknown>

2023-11-28 14:44:36 ERROR Unable to initialize WebDriver
2023-11-28 14:44:36 ERROR 
Traceback (most recent call last):
  File "/home/runner/work/SeleniumCapital/SeleniumCapital/pages/base_page.py", line 82, in inner_function
    return func(*args, **kwargs)
           ^^^^^^^^^^^^^^^^^^^^^
  File "/home/runner/work/SeleniumCapital/SeleniumCapital/pages/base_page.py", line 390, in element_is_visible
    return Wait(self.browser, timeout).until(
           ^^^^^^^^^^^^^^^^^^^^^^^^^^^^^^^^^^
  File "/home/runner/.cache/pypoetry/virtualenvs/testcapitalcom-cIj6ROMf-py3.11/lib/python3.11/site-packages/selenium/webdriver/support/wait.py", line 101, in until
    raise TimeoutException(message, screen, stacktrace)
selenium.common.exceptions.TimeoutException: Message: 

2023-11-28 14:44:46 ERROR Unable to initialize WebDriver
2023-11-28 14:44:46 ERROR 
Traceback (most recent call last):
  File "/home/runner/work/SeleniumCapital/SeleniumCapital/pages/base_page.py", line 82, in inner_function
    return func(*args, **kwargs)
           ^^^^^^^^^^^^^^^^^^^^^
  File "/home/runner/work/SeleniumCapital/SeleniumCapital/pages/base_page.py", line 390, in element_is_visible
    return Wait(self.browser, timeout).until(
           ^^^^^^^^^^^^^^^^^^^^^^^^^^^^^^^^^^
  File "/home/runner/.cache/pypoetry/virtualenvs/testcapitalcom-cIj6ROMf-py3.11/lib/python3.11/site-packages/selenium/webdriver/support/wait.py", line 101, in until
    raise TimeoutException(message, screen, stacktrace)
selenium.common.exceptions.TimeoutException: Message: 
Stacktrace:
#0 0x55641e34d5e3 <unknown>
#1 0x55641e0100b7 <unknown>
#2 0x55641e05df53 <unknown>
#3 0x55641e05e051 <unknown>
#4 0x55641e0a39c4 <unknown>
#5 0x55641e084f1d <unknown>
#6 0x55641e0a0b3d <unknown>
#7 0x55641e084cc3 <unknown>
#8 0x55641e0500e4 <unknown>
#9 0x55641e0510ae <unknown>
#10 0x55641e313ce1 <unknown>
#11 0x55641e317b7e <unknown>
#12 0x55641e3014b5 <unknown>
#13 0x55641e3187d6 <unknown>
#14 0x55641e2e4dbf <unknown>
#15 0x55641e33b748 <unknown>
#16 0x55641e33b917 <unknown>
#17 0x55641e34c773 <unknown>
#18 0x7fb2f2294ac3 <unknown>

2023-11-28 14:44:51 ERROR Unable to initialize WebDriver
2023-11-28 14:44:51 ERROR 
Traceback (most recent call last):
  File "/home/runner/work/SeleniumCapital/SeleniumCapital/pages/base_page.py", line 82, in inner_function
    return func(*args, **kwargs)
           ^^^^^^^^^^^^^^^^^^^^^
  File "/home/runner/work/SeleniumCapital/SeleniumCapital/pages/base_page.py", line 390, in element_is_visible
    return Wait(self.browser, timeout).until(
           ^^^^^^^^^^^^^^^^^^^^^^^^^^^^^^^^^^
  File "/home/runner/.cache/pypoetry/virtualenvs/testcapitalcom-cIj6ROMf-py3.11/lib/python3.11/site-packages/selenium/webdriver/support/wait.py", line 101, in until
    raise TimeoutException(message, screen, stacktrace)
selenium.common.exceptions.TimeoutException: Message: 
Stacktrace:
#0 0x55641e34d5e3 <unknown>
#1 0x55641e0100b7 <unknown>
#2 0x55641e05df53 <unknown>
#3 0x55641e05e051 <unknown>
#4 0x55641e0a39c4 <unknown>
#5 0x55641e084f1d <unknown>
#6 0x55641e0a0b3d <unknown>
#7 0x55641e084cc3 <unknown>
#8 0x55641e0500e4 <unknown>
#9 0x55641e0510ae <unknown>
#10 0x55641e313ce1 <unknown>
#11 0x55641e317b7e <unknown>
#12 0x55641e3014b5 <unknown>
#13 0x55641e3187d6 <unknown>
#14 0x55641e2e4dbf <unknown>
#15 0x55641e33b748 <unknown>
#16 0x55641e33b917 <unknown>
#17 0x55641e34c773 <unknown>
#18 0x7fb2f2294ac3 <unknown>