


2024-01-26 15:26:11.024335   0. Get Values row =>
2024-01-26 15:26:11.024364   Row # = 639
2024-01-26 15:26:11.024373   Row Values = 
['Bid:11.02.02.00_10-es.gb.NoAuth', 'Ubuntu 22.04', 'Chrome', '11.02.02.00', '_10', 'es', 'gb', 'FCA', 'NoAuth', '', 'Education', 'Shares trading', '', '', '', '06', "Bug # 06. Opened a 'Sign up' page instead of a 'Login'", '', '', '', '22/01/24', 'failed']

2024-01-26 15:26:11.024457   1. Run pretest =>

2024-01-26 15:26:11.024469   row_loc = 
['Bid:11.02.02.00_10-es.gb.NoAuth', 'Ubuntu 22.04', 'Chrome', '11.02.02.00', '_10', 'es', 'gb', 'FCA', 'NoAuth', '', 'Education', 'Shares trading', '', '', '', '06', "Bug # 06. Opened a 'Sign up' page instead of a 'Login'", '', '', '', '22/01/24', 'failed']

2024-01-26 15:26:11.024483   => 1. Pretest finished

2024-01-26 15:26:11.024547   2. Run run_pytest with Bid = Bid:11.02.02.00_10-es.gb.NoAuth from row =>

2024-01-26 15:26:11.024558   2.2. Run poetry run pytest ... in subprocess =>

2024-01-26 15:26:11.024570   Run command: 
poetry run pytest --retest=True --browser_name=Chrome --lang=es --country=gb --role=NoAuth -m test_10 -v \tests/US_11_Education/US_11-02-02_Shares_trading/US_11-02-02-00_Shares_trading_test.py

2024-01-26 15:27:22.904989   => 2.2. pytest ... as subprocess finished

2024-01-26 15:27:22.905032   => 2. Autotest with Bid = Bid:11.02.02.00_10-es.gb.NoAuth from row finished

2024-01-26 15:27:22.905112   3. Run check_results =>
2024-01-26 15:27:22.905139   test_results: 
============================= test session starts ==============================
platform linux -- Python 3.11.7, pytest-7.4.4, pluggy-1.3.0 -- /home/runner/.cache/pypoetry/virtualenvs/testcapitalcompyse-cIj6ROMf-py3.11/bin/python
cachedir: .pytest_cache
metadata: {'Python': '3.11.7', 'Platform': 'Linux-6.2.0-1018-azure-x86_64-with-glibc2.35', 'Packages': {'pytest': '7.4.4', 'pluggy': '1.3.0'}, 'Plugins': {'metadata': '3.0.0', 'timeout': '2.2.0', 'html': '4.1.1', 'xdist': '3.5.0', 'allure-pytest': '2.13.2'}, 'CI': 'true', 'JAVA_HOME': '/usr/lib/jvm/temurin-11-jdk-amd64'}
rootdir: /home/runner/work/SeleniumCapital/SeleniumCapital
configfile: pytest.ini
plugins: metadata-3.0.0, timeout-2.2.0, html-4.1.1, xdist-3.5.0, allure-pytest-2.13.2
collecting ... collected 7 items / 6 deselected / 1 selected

tests/US_11_Education/US_11-02-02_Shares_trading/US_11-02-02-00_Shares_trading_test.py::TestSharesTrading::test_10_block_vert_banner_button[Chrome--ae-NoAuth-aqa.tomelo.an@gmail.com-iT9Vgqi6d$fiZ*Z] FAILED [100%]

=================================== FAILURES ===================================
_ TestSharesTrading.test_10_block_vert_banner_button[Chrome--ae-NoAuth-aqa.tomelo.an@gmail.com-iT9Vgqi6d$fiZ*Z] _

self = <US_11-02-02-00_Shares_trading_test.TestSharesTrading object at 0x7fe04ce8ae10>
worker_id = 'master'
d = <selenium.webdriver.chrome.webdriver.WebDriver (session="d7591c15f62faeb09ba9dc410f892a9e")>
cur_language = 'es', cur_country = 'gb', cur_role = 'NoAuth'
cur_login = 'aqa.tomelo.an@gmail.com', cur_password = 'iT9Vgqi6d$fiZ*Z'

    @allure.step("Start test of button in block [Vertical banner]")
    # @pytest.mark.skip(reason="Skipped for debugging")
    @pytest.mark.test_10
    def test_10_block_vert_banner_button(
            self, worker_id, d, cur_language, cur_country, cur_role, cur_login, cur_password):
        """
                Check the [Button] on the Vertical side banner at the bottom of the page.
                For "Authorized user" role:
                The trading platform page is opened depend on the banner [type-id]:
                        Live mode if the banner in the Live mode banners list
                        Demo mode if the banner in the Demo mode banners list
                """
    
        bid = build_dynamic_arg_v4(
            d, worker_id, cur_language, cur_country, cur_role,
            "11.02.02", "Education > Menu item [Shares trading]",
            ".00_10", "Testing button in block [Vertical banner]")
    
        Common().skip_if_eng_lang_and_fca_license(cur_language, cur_country)
    
        check_language(cur_language)
        if cur_language in ["", "ar", "it", "cn"]:
            Common().skip_test_for_language(cur_language)
    
        # test_element.arrange_0()
        page_conditions = Conditions(d, "")
        main_page_link = page_conditions.preconditions(
            d, CapitalComPageSrc.URL, "", cur_language, cur_country, cur_role, cur_login, cur_password)
    
        # банеры должны открываться в Demo mode for US_00
        banner00_ver_tpd = ['505', '221', '389']
        # банеры должны открываться в Live mode for US_00
        banner00_ver_tp = ['166', '196', '292', '377', '388', '425']
        # банеры должны открываться в Demo mode for US_01
        banner01_ver_tpd = []
        # банеры должны открываться в Live mode for US_01
        banner01_ver_tp = []
    
        page_menu = MenuSection(d, main_page_link)
        cur_menu_link = page_menu.open_education_shares_trading_menu(d, cur_language, cur_country, main_page_link)
    
        test_element = ButtonOnVerticalBanner(d, cur_menu_link, bid)
>       test_element.full_test_with_tpi(d, cur_language, cur_country, cur_role, cur_menu_link, banner00_ver_tpd,
                                        banner00_ver_tp, banner01_ver_tpd, banner01_ver_tp)

tests/US_11_Education/US_11-02-02_Shares_trading/US_11-02-02-00_Shares_trading_test.py:251: 
_ _ _ _ _ _ _ _ _ _ _ _ _ _ _ _ _ _ _ _ _ _ _ _ _ _ _ _ _ _ _ _ _ _ _ _ _ _ _ _ 
pages/Elements/ButtonOnVerticalBanner.py:40: in full_test_with_tpi
    test_element.assert_login(d, cur_language, link)
_ _ _ _ _ _ _ _ _ _ _ _ _ _ _ _ _ _ _ _ _ _ _ _ _ _ _ _ _ _ _ _ _ _ _ _ _ _ _ _ 

self = <pages.Elements.AssertClass.AssertClass object at 0x7fe04d679d50>
d = <selenium.webdriver.chrome.webdriver.WebDriver (session="d7591c15f62faeb09ba9dc410f892a9e")>
cur_language = 'es', cur_link = 'https://capital.com/es/trade-stocks'

    @allure.step('Checking that "Login" form or page opened')
    def assert_login(self, d, cur_language, cur_link):
        """Method Assert Login form or page"""
        print(f"\n{datetime.now()}   3. Assert_Login_v0")
        self.page_signup_login = SignupLogin(d, cur_link)
        if self.page_signup_login.should_be_login_form():
            self.page_signup_login.close_login_form()
            del self.page_signup_login
        elif self.page_signup_login.should_be_login_page():
            self.page_signup_login.close_login_page()
            del self.page_signup_login
        elif self.page_signup_login.should_be_trading_platform_login_form(cur_language):
            self.page_signup_login.close_trading_platform_login_form()
            del self.page_signup_login
        elif self.page_signup_login.should_be_signup_form(cur_language):
            del self.page_signup_login
            print(f'\nBug: {self.bid}')
            retest_table_fill(self.bid, '05', self.link)
            assert False, "Bug # 05. Opened a 'Sign up' form instead of a 'Login'"
            # pytest.fail("Bug # 05. Opened a 'Sign up' form instead of a 'Login'", False)
        elif self.page_signup_login.should_be_signup_page(cur_language):
            del self.page_signup_login
            print(f'\nBug: {self.bid}')
            retest_table_fill(self.bid, '06', self.link)
>           assert False, "Bug # 06. Opened a 'Sign up' page instead of a 'Login'"
E           AssertionError: Bug # 06. Opened a 'Sign up' page instead of a 'Login'

pages/Elements/AssertClass.py:75: AssertionError
---------------------------- Captured stdout setup -----------------------------

2024-01-26 15:26:11.931950   *** autouse fixture Chrome ***

{'width': 1280, 'height': 720}
Current test language - es
Current country of trading - gb



Current test role - NoAuth
Current login - aqa.tomelo.an@gmail.com
Current login - iT9Vgqi6d$fiZ*Z
----------------------------- Captured stdout call -----------------------------
{'width': 1280, 'height': 720}

2024-01-26 15:26:12.979226   worker_id = master

2024-01-26 15:26:12.979244   0. Allure grouping v4


2024-01-26 15:26:12.979435   START PRECONDITIONS =>

2024-01-26 15:26:14.611133   Load page https://capital.com

2024-01-26 15:26:14.611191   {'width': 1280, 'height': 720}

2024-01-26 15:26:14.615527   Set windows position at (0, 0) =>

2024-01-26 15:26:14.723580   Set resolution 1280 * 720 =>

2024-01-26 15:26:14.845746   => Resolution seted {'width': 1280, 'height': 720}

2024-01-26 15:26:19.893422   Капчи нет. Тестим дальше

2024-01-26 15:26:19.893529   Prev. Role: ?

2024-01-26 15:26:19.893541   Run preconditions: set "NoAuth" Role =>
2024-01-26 15:26:20.750940   Load page https://capital.com

2024-01-26 15:26:20.972341   => All cookies are deleted
2024-01-26 15:26:21.961321   Load page https://capital.com

2024-01-26 15:26:21.961566   Step 'Click button [Accept all cookies]'
2024-01-26 15:26:27.007051   Is Visible Button [Accept all cookies]? =>
2024-01-26 15:26:27.025667   => Button [Accept all cookies] is visible
2024-01-26 15:26:28.025789   Is clickable Button [Accept all cookies] =>
2024-01-26 15:26:28.047464   => Button [Accept all cookies] is clickable
2024-01-26 15:26:28.047497   Click Button [Accept all cookies] =>
2024-01-26 15:26:28.101706   => Button [Accept all cookies] is clicked
2024-01-26 15:26:28.101758   => Accepted All Cookies

2024-01-26 15:26:28.602216   Start Autorization

2024-01-26 15:26:28.602369   2. Act
2024-01-26 15:26:28.602389   Start Click button [Log in] =>
2024-01-26 15:26:28.615164   BUTTON_LOGIN scroll =>
2024-01-26 15:26:28.621591   Is BUTTON_LOGIN clickable? =>
2024-01-26 15:26:28.632743   => BUTTON_LOGIN is clickable
2024-01-26 15:26:28.632766   BUTTON_LOGIN click =>
2024-01-26 15:26:28.674496   => BUTTON_LOGIN is clicked!
2024-01-26 15:26:28.674581   => 'Login' form is opened
2024-01-26 15:26:29.175278   => "login" and "password" are inputted
2024-01-26 15:26:29.175321   Click [Continue] button on [Login] form =>
2024-01-26 15:26:29.311167   => [Continue] button on [Login] form is clicked
2024-01-26 15:26:31.899847   Start check that the Trading platform page is loaded and LOGO is present on it =>
2024-01-26 15:26:31.899880   Set timeout = 30
2024-01-26 15:26:31.899896   Wait until load page with special title =>
2024-01-26 15:26:31.904246   => Page with title "Trading Platform | Capital.com" is loaded
2024-01-26 15:26:31.904283   Is present LOGO on this page? =>
2024-01-26 15:26:33.303076   => LOGO is visible on this page
2024-01-26 15:26:33.303194   -> "Capital.com" logo is present on trading platform page

2024-01-26 15:26:34.433586   Start DeAuthorisation
2024-01-26 15:26:34.433721   1. BUTTON_MY_ACCOUNT is present? =>
2024-01-26 15:26:34.453083   => BUTTON_MY_ACCOUNT is present on this page
2024-01-26 15:26:35.787191   => Move to BUTTON_MY_ACCOUNT
2024-01-26 15:26:35.787235   2. BUTTON_MY_ACCOUNT is clickable? =>
2024-01-26 15:26:35.807888   => BUTTON_MY_ACCOUNT is clickable
2024-01-26 15:26:35.807915   BUTTON_MY_ACCOUNT Click =>
2024-01-26 15:26:36.658069   => User panel [My account] is opened

2024-01-26 15:26:36.658324   Start Click [Logout] button:
2024-01-26 15:26:36.658343   BUTTON_LOGOUT is present? =>
2024-01-26 15:26:36.667441   => BUTTON_LOGOUT is present
2024-01-26 15:26:36.667470   Is visible BUTTON_LOGOUT? =>
2024-01-26 15:26:36.683429   BUTTON_LOGOUT is clickable? =>
2024-01-26 15:26:36.698794   BUTTON_LOGOUT click =>
2024-01-26 15:26:36.783390   => BUTTON_LOGOUT is clicked

2024-01-26 15:26:36.783544   Current role: NoAuth

2024-01-26 15:26:36.783573   Prev language: ?

2024-01-26 15:26:36.783588   Run preconditions: set "es" language =>


2024-01-26 15:26:36.827900   => Language and Country menu is present


2024-01-26 15:26:36.844985   => Language and Country menu is visible


2024-01-26 15:26:38.643590   => Focus is moved on Language and Country menu 

2024-01-26 15:26:40.348787   => Current language: es

2024-01-26 15:26:40.348826   Prev country: ?

2024-01-26 15:26:40.348836   Run preconditions: set "gb" country =>


2024-01-26 15:26:40.356991   => Language and Country menu is present


2024-01-26 15:26:40.370997   => Language and Country menu is visible


2024-01-26 15:26:42.137960   => Focus is moved on Language and Country menu 

2024-01-26 15:26:44.379456   => Current country: gb

2024-01-26 15:26:44.379492   => THE END PRECONDITIONS

2024-01-26 15:26:44.379525   1. Cur URL = https://capital.com/es?country=gb

2024-01-26 15:26:44.381890   2. Link = https://capital.com/es
2024-01-26 15:26:44.958438   Load page https://capital.com/es
2024-01-26 15:26:45.472410   => Education menu is present
2024-01-26 15:26:45.489788   => Education menu is visible
2024-01-26 15:26:46.769820   => Education menu focus moved


2024-01-26 15:26:48.397806   => Shares trading sub-menu clicked

2024-01-26 15:26:48.402947   1. Arrange
2024-01-26 15:26:48.414491   BUTTON_ON_VER_BANNER is visible? =>
2024-01-26 15:26:48.437192   => BUTTON_ON_VER_BANNER is visible on the page!
2024-01-26 15:26:48.437363   Start Checking that form [Sign up] popped up on the page =>
2024-01-26 15:26:53.982208   '[Sign up]' form was not popped up

2024-01-26 15:26:53.982368   2. Act
2024-01-26 15:26:53.982383   BUTTON_ON_VER_BANNER is present? =>
2024-01-26 15:26:53.990259   => BUTTON_ON_VER_BANNER is present on the page!
2024-01-26 15:26:53.990282   BUTTON_ON_VER_BANNER scroll =>
2024-01-26 15:26:54.908799   => BUTTON_ON_VER_BANNER clicked!

2024-01-26 15:26:54.909108   3. Assert_Login_v0
2024-01-26 15:26:54.909222   Check that 'Login' form is opened
2024-01-26 15:27:01.918085   'Login' form not opened
2024-01-26 15:27:01.923829   'Login' page not opened
2024-01-26 15:27:07.450673   'Login' form on trading platform not opened
2024-01-26 15:27:07.450857   Start step Check that [Sign up] form is opened
2024-01-26 15:27:12.969589   'Sign up' form not opened
2024-01-26 15:27:12.969798   Start method Check that [Sign up] page opened =>
2024-01-26 15:27:13.975043   'Sign up' page opened
2024-01-26 15:27:13.975081   Assert SIGNUP_SIGNUP_FRAME =>
2024-01-26 15:27:13.985235   Assert SIGNUP_REF_LOGIN =>
2024-01-26 15:27:14.013697   Assert SIGNUP_PRIVACY_POLICY_ALL_1 =>
2024-01-26 15:27:19.548948   Assert SIGNUP_PRIVACY_POLICY_ALL_2 =>
2024-01-26 15:27:19.564739   => SIGNUP_PRIVACY_POLICY_ALL
2024-01-26 15:27:19.564765   => 'Signup' page is checked

Bug: Bid:11.02.02.00_10-es.gb.NoAuth

2024-01-26 15:27:20.564964   Проверка бага в таблице ретеста  =>

2024-01-26 15:27:20.571038   4. Fixing one row check results into Google Sheet Bugs Report =>
1 cells updated.
2024-01-26 15:27:20.987613   => 4. One row check results into Google Sheet Bugs Report fixed

2024-01-26 15:27:21.562062   4. Fixing one row check results into Google Sheet Bugs Report =>
1 cells updated.
2024-01-26 15:27:21.878630   => 4. One row check results into Google Sheet Bugs Report fixed

2024-01-26 15:27:21.878721   Bug: Bid:11.02.02.00_10-es.gb.NoAuth уже существует, но тип бага изменился с 22/01/24 на 06

2024-01-26 15:27:21.879451   Bug: Bid:11.02.02.00_10-es.gb.NoAuth-06 уже существует

2024-01-26 15:27:21.879667   4. Fixing one row check results into Google Sheet Bugs Report =>
1 cells updated.
2024-01-26 15:27:22.215389   => 4. One row check results into Google Sheet Bugs Report fixed
------------------------------ Captured log call -------------------------------
2024-01-26 15:26:53 ERROR Elements not present after 0.5 seconds on page: https://capital.com/es/trade-stocks
2024-01-26 15:26:53 ERROR 
Traceback (most recent call last):
  File "/home/runner/work/SeleniumCapital/SeleniumCapital/pages/base_page.py", line 82, in inner_function
    return func(*args, **kwargs)
           ^^^^^^^^^^^^^^^^^^^^^
  File "/home/runner/work/SeleniumCapital/SeleniumCapital/pages/base_page.py", line 293, in element_is_visible
    return Wait(self.browser, timeout).until(
           ^^^^^^^^^^^^^^^^^^^^^^^^^^^^^^^^^^
  File "/home/runner/.cache/pypoetry/virtualenvs/testcapitalcompyse-cIj6ROMf-py3.11/lib/python3.11/site-packages/selenium/webdriver/support/wait.py", line 105, in until
    raise TimeoutException(message, screen, stacktrace)
selenium.common.exceptions.TimeoutException: Message: 
Stacktrace:
#0 0x55b0dfcb6f83 <unknown>
#1 0x55b0df96fcf7 <unknown>
#2 0x55b0df9bf99e <unknown>
#3 0x55b0df9bfaa1 <unknown>
#4 0x55b0dfa0ad64 <unknown>
#5 0x55b0df9e90dd <unknown>
#6 0x55b0dfa08006 <unknown>
#7 0x55b0df9e8e53 <unknown>
#8 0x55b0df9b0dd4 <unknown>
#9 0x55b0df9b21de <unknown>
#10 0x55b0dfc7b531 <unknown>
#11 0x55b0dfc7f455 <unknown>
#12 0x55b0dfc67f55 <unknown>
#13 0x55b0dfc800ef <unknown>
#14 0x55b0dfc4b99f <unknown>
#15 0x55b0dfca4008 <unknown>
#16 0x55b0dfca41d7 <unknown>
#17 0x55b0dfcb6124 <unknown>
#18 0x7f5142894ac3 <unknown>

2024-01-26 15:27:01 ERROR Elements not present after 0.5 seconds on page: https://capital.com/trading/signup
2024-01-26 15:27:01 ERROR 
Traceback (most recent call last):
  File "/home/runner/work/SeleniumCapital/SeleniumCapital/pages/base_page.py", line 82, in inner_function
    return func(*args, **kwargs)
           ^^^^^^^^^^^^^^^^^^^^^
  File "/home/runner/work/SeleniumCapital/SeleniumCapital/pages/base_page.py", line 293, in element_is_visible
    return Wait(self.browser, timeout).until(
           ^^^^^^^^^^^^^^^^^^^^^^^^^^^^^^^^^^
  File "/home/runner/.cache/pypoetry/virtualenvs/testcapitalcompyse-cIj6ROMf-py3.11/lib/python3.11/site-packages/selenium/webdriver/support/wait.py", line 105, in until
    raise TimeoutException(message, screen, stacktrace)
selenium.common.exceptions.TimeoutException: Message: 
Stacktrace:
#0 0x55b0dfcb6f83 <unknown>
#1 0x55b0df96fcf7 <unknown>
#2 0x55b0df9bf99e <unknown>
#3 0x55b0df9bfaa1 <unknown>
#4 0x55b0dfa0ad64 <unknown>
#5 0x55b0df9e90dd <unknown>
#6 0x55b0dfa08006 <unknown>
#7 0x55b0df9e8e53 <unknown>
#8 0x55b0df9b0dd4 <unknown>
#9 0x55b0df9b21de <unknown>
#10 0x55b0dfc7b531 <unknown>
#11 0x55b0dfc7f455 <unknown>
#12 0x55b0dfc67f55 <unknown>
#13 0x55b0dfc800ef <unknown>
#14 0x55b0dfc4b99f <unknown>
#15 0x55b0dfca4008 <unknown>
#16 0x55b0dfca41d7 <unknown>
#17 0x55b0dfcb6124 <unknown>
#18 0x7f5142894ac3 <unknown>

2024-01-26 15:27:07 ERROR Elements not present after 0.5 seconds on page: https://capital.com/trading/signup
2024-01-26 15:27:07 ERROR 
Traceback (most recent call last):
  File "/home/runner/work/SeleniumCapital/SeleniumCapital/pages/base_page.py", line 82, in inner_function
    return func(*args, **kwargs)
           ^^^^^^^^^^^^^^^^^^^^^
  File "/home/runner/work/SeleniumCapital/SeleniumCapital/pages/base_page.py", line 293, in element_is_visible
    return Wait(self.browser, timeout).until(
           ^^^^^^^^^^^^^^^^^^^^^^^^^^^^^^^^^^
  File "/home/runner/.cache/pypoetry/virtualenvs/testcapitalcompyse-cIj6ROMf-py3.11/lib/python3.11/site-packages/selenium/webdriver/support/wait.py", line 105, in until
    raise TimeoutException(message, screen, stacktrace)
selenium.common.exceptions.TimeoutException: Message: 
Stacktrace:
#0 0x55b0dfcb6f83 <unknown>
#1 0x55b0df96fcf7 <unknown>
#2 0x55b0df9bf99e <unknown>
#3 0x55b0df9bfaa1 <unknown>
#4 0x55b0dfa0ad64 <unknown>
#5 0x55b0df9e90dd <unknown>
#6 0x55b0dfa08006 <unknown>
#7 0x55b0df9e8e53 <unknown>
#8 0x55b0df9b0dd4 <unknown>
#9 0x55b0df9b21de <unknown>
#10 0x55b0dfc7b531 <unknown>
#11 0x55b0dfc7f455 <unknown>
#12 0x55b0dfc67f55 <unknown>
#13 0x55b0dfc800ef <unknown>
#14 0x55b0dfc4b99f <unknown>
#15 0x55b0dfca4008 <unknown>
#16 0x55b0dfca41d7 <unknown>
#17 0x55b0dfcb6124 <unknown>
#18 0x7f5142894ac3 <unknown>

2024-01-26 15:27:12 ERROR Elements not present after 0.5 seconds on page: https://capital.com/trading/signup
2024-01-26 15:27:12 ERROR 
Traceback (most recent call last):
  File "/home/runner/work/SeleniumCapital/SeleniumCapital/pages/base_page.py", line 82, in inner_function
    return func(*args, **kwargs)
           ^^^^^^^^^^^^^^^^^^^^^
  File "/home/runner/work/SeleniumCapital/SeleniumCapital/pages/base_page.py", line 293, in element_is_visible
    return Wait(self.browser, timeout).until(
           ^^^^^^^^^^^^^^^^^^^^^^^^^^^^^^^^^^
  File "/home/runner/.cache/pypoetry/virtualenvs/testcapitalcompyse-cIj6ROMf-py3.11/lib/python3.11/site-packages/selenium/webdriver/support/wait.py", line 105, in until
    raise TimeoutException(message, screen, stacktrace)
selenium.common.exceptions.TimeoutException: Message: 
Stacktrace:
#0 0x55b0dfcb6f83 <unknown>
#1 0x55b0df96fcf7 <unknown>
#2 0x55b0df9bf99e <unknown>
#3 0x55b0df9bfaa1 <unknown>
#4 0x55b0dfa0ad64 <unknown>
#5 0x55b0df9e90dd <unknown>
#6 0x55b0dfa08006 <unknown>
#7 0x55b0df9e8e53 <unknown>
#8 0x55b0df9b0dd4 <unknown>
#9 0x55b0df9b21de <unknown>
#10 0x55b0dfc7b531 <unknown>
#11 0x55b0dfc7f455 <unknown>
#12 0x55b0dfc67f55 <unknown>
#13 0x55b0dfc800ef <unknown>
#14 0x55b0dfc4b99f <unknown>
#15 0x55b0dfca4008 <unknown>
#16 0x55b0dfca41d7 <unknown>
#17 0x55b0dfcb6124 <unknown>
#18 0x7f5142894ac3 <unknown>

2024-01-26 15:27:19 ERROR Elements not present after 0.5 seconds on page: https://capital.com/trading/signup
2024-01-26 15:27:19 ERROR 
Traceback (most recent call last):
  File "/home/runner/work/SeleniumCapital/SeleniumCapital/pages/base_page.py", line 82, in inner_function
    return func(*args, **kwargs)
           ^^^^^^^^^^^^^^^^^^^^^
  File "/home/runner/work/SeleniumCapital/SeleniumCapital/pages/base_page.py", line 293, in element_is_visible
    return Wait(self.browser, timeout).until(
           ^^^^^^^^^^^^^^^^^^^^^^^^^^^^^^^^^^
  File "/home/runner/.cache/pypoetry/virtualenvs/testcapitalcompyse-cIj6ROMf-py3.11/lib/python3.11/site-packages/selenium/webdriver/support/wait.py", line 105, in until
    raise TimeoutException(message, screen, stacktrace)
selenium.common.exceptions.TimeoutException: Message: 
Stacktrace:
#0 0x55b0dfcb6f83 <unknown>
#1 0x55b0df96fcf7 <unknown>
#2 0x55b0df9bf99e <unknown>
#3 0x55b0df9bfaa1 <unknown>
#4 0x55b0dfa0ad64 <unknown>
#5 0x55b0df9e90dd <unknown>
#6 0x55b0dfa08006 <unknown>
#7 0x55b0df9e8e53 <unknown>
#8 0x55b0df9b0dd4 <unknown>
#9 0x55b0df9b21de <unknown>
#10 0x55b0dfc7b531 <unknown>
#11 0x55b0dfc7f455 <unknown>
#12 0x55b0dfc67f55 <unknown>
#13 0x55b0dfc800ef <unknown>
#14 0x55b0dfc4b99f <unknown>
#15 0x55b0dfca4008 <unknown>
#16 0x55b0dfca41d7 <unknown>
#17 0x55b0dfcb6124 <unknown>
#18 0x7f5142894ac3 <unknown>
--------------------------- Captured stdout teardown ---------------------------

2024-01-26 15:27:22.825044   *** end fixture Browser = teardown ***

=============================== warnings summary ===============================
tests/US_11_Education/US_11-02-02_Shares_trading/US_11-02-02-00_Shares_trading_test.py::TestSharesTrading::test_10_block_vert_banner_button[Chrome--ae-NoAuth-aqa.tomelo.an@gmail.com-iT9Vgqi6d$fiZ*Z]
  /home/runner/.cache/pypoetry/virtualenvs/testcapitalcompyse-cIj6ROMf-py3.11/lib/python3.11/site-packages/pytest_html/plugin.py:133: DeprecationWarning: The 'report.extra' attribute is deprecated and will be removed in a future release, use 'report.extras' instead.
    warnings.warn(

-- Docs: https://docs.pytest.org/en/stable/how-to/capture-warnings.html
- Generated html report: file:///home/runner/work/SeleniumCapital/SeleniumCapital/report/report.html -
=========================== short test summary info ============================
FAILED tests/US_11_Education/US_11-02-02_Shares_trading/US_11-02-02-00_Shares_trading_test.py::TestSharesTrading::test_10_block_vert_banner_button[Chrome--ae-NoAuth-aqa.tomelo.an@gmail.com-iT9Vgqi6d$fiZ*Z] - AssertionError: Bug # 06. Opened a 'Sign up' page instead of a 'Login'
============ 1 failed, 6 deselected, 1 warning in 71.09s (0:01:11) =============

2024-01-26 15:27:22.905684   => Текущий тест: 1 failed

2024-01-26 15:27:22.906997   => 3. check_results finished

2024-01-26 15:27:22.907134   4. Fixing one row check results into Google Sheet Bugs Report =>
1 cells updated.
2024-01-26 15:27:23.092461   => 4. One row check results into Google Sheet Bugs Report fixed
