


2024-01-26 15:20:26.819534   0. Get Values row =>
2024-01-26 15:20:26.819563   Row # = 628
2024-01-26 15:20:26.819573   Row Values = 
['Bid:11.02.04.00_02-es.gb.NoAuth', 'Ubuntu 22.04', 'Chrome', '11.02.04.00', '_02', 'es', 'gb', 'FCA', 'NoAuth', '', 'Education', 'Forex trading', 'Click Main banner > Button [Try demo]', 'Click Main banner > Button [Try demo]', '', '05', "Bug # 05. Opened a 'Sign up' form instead of a 'Login'", '', '', '', '22/01/24', 'failed']

2024-01-26 15:20:26.819657   1. Run pretest =>

2024-01-26 15:20:26.819670   row_loc = 
['Bid:11.02.04.00_02-es.gb.NoAuth', 'Ubuntu 22.04', 'Chrome', '11.02.04.00', '_02', 'es', 'gb', 'FCA', 'NoAuth', '', 'Education', 'Forex trading', 'Click Main banner > Button [Try demo]', 'Click Main banner > Button [Try demo]', '', '05', "Bug # 05. Opened a 'Sign up' form instead of a 'Login'", '', '', '', '22/01/24', 'failed']

2024-01-26 15:20:26.819685   => 1. Pretest finished

2024-01-26 15:20:26.819751   2. Run run_pytest with Bid = Bid:11.02.04.00_02-es.gb.NoAuth from row =>

2024-01-26 15:20:26.819763   2.2. Run poetry run pytest ... in subprocess =>

2024-01-26 15:20:26.819774   Run command: 
poetry run pytest --retest=True --browser_name=Chrome --lang=es --country=gb --role=NoAuth -m test_02 -v \tests/US_11_Education/US_11-02-04_Forex_trading/US_11-02-04-00_Forex_trading_test.py

2024-01-26 15:21:18.372951   => 2.2. pytest ... as subprocess finished

2024-01-26 15:21:18.373001   => 2. Autotest with Bid = Bid:11.02.04.00_02-es.gb.NoAuth from row finished

2024-01-26 15:21:18.373093   3. Run check_results =>
2024-01-26 15:21:18.373131   test_results: 
============================= test session starts ==============================
platform linux -- Python 3.11.7, pytest-7.4.4, pluggy-1.3.0 -- /home/runner/.cache/pypoetry/virtualenvs/testcapitalcompyse-cIj6ROMf-py3.11/bin/python
cachedir: .pytest_cache
metadata: {'Python': '3.11.7', 'Platform': 'Linux-6.2.0-1018-azure-x86_64-with-glibc2.35', 'Packages': {'pytest': '7.4.4', 'pluggy': '1.3.0'}, 'Plugins': {'metadata': '3.0.0', 'timeout': '2.2.0', 'html': '4.1.1', 'xdist': '3.5.0', 'allure-pytest': '2.13.2'}, 'CI': 'true', 'JAVA_HOME': '/usr/lib/jvm/temurin-11-jdk-amd64'}
rootdir: /home/runner/work/SeleniumCapital/SeleniumCapital
configfile: pytest.ini
plugins: metadata-3.0.0, timeout-2.2.0, html-4.1.1, xdist-3.5.0, allure-pytest-2.13.2
collecting ... collected 7 items / 6 deselected / 1 selected

tests/US_11_Education/US_11-02-04_Forex_trading/US_11-02-04-00_Forex_trading_test.py::TestForexTradingMainPage::test_02_main_banner_try_demo_button[Chrome--ae-NoAuth-aqa.tomelo.an@gmail.com-iT9Vgqi6d$fiZ*Z] FAILED [100%]

=================================== FAILURES ===================================
_ TestForexTradingMainPage.test_02_main_banner_try_demo_button[Chrome--ae-NoAuth-aqa.tomelo.an@gmail.com-iT9Vgqi6d$fiZ*Z] _

self = <US_11-02-04-00_Forex_trading_test.TestForexTradingMainPage object at 0x7fa0ad327a10>
worker_id = 'master'
d = <selenium.webdriver.chrome.webdriver.WebDriver (session="fe90e725941dab14a5421d99c39427bf")>
cur_language = 'es', cur_country = 'gb', cur_role = 'NoAuth'
cur_login = 'aqa.tomelo.an@gmail.com', cur_password = 'iT9Vgqi6d$fiZ*Z'

    @allure.step("Start test of button [Try demo] on Main banner")
    @pytest.mark.test_02
    def test_02_main_banner_try_demo_button(self, worker_id, d,
                                            cur_language, cur_country, cur_role, cur_login, cur_password):
        """
        Check: Button [Try demo] on Main banner
        Language: All. License: All.
        """
        global cur_page_url
    
        bid = build_dynamic_arg_v4(
            d, worker_id, cur_language, cur_country, cur_role,
            "11.02.04", "Education > Menu item [Forex trading]",
            ".00_02", "Testing button [Try demo] on Main banner")
    
        Common().skip_if_eng_lang_and_fca_license(cur_language, cur_country)
    
        Common().check_language_in_list_and_skip_if_not_present(
            cur_language, ["", "ar", "de", "es", "fr", "it", "cn", "ru", "zh"])
    
        page_conditions = Conditions(d, "")
        main_page_link = page_conditions.preconditions(
            d, CapitalComPageSrc.URL, "", cur_language, cur_country, cur_role, cur_login, cur_password)
    
        page_menu = MenuSection(d, main_page_link)
        cur_page_url = page_menu.open_education_forex_trading_menu(d, cur_language, cur_country, main_page_link)
    
        test_element = MainBannerTryDemo(d, cur_page_url, bid)
>       test_element.full_test_with_tpi(d, cur_language, cur_country, cur_role, cur_page_url)

tests/US_11_Education/US_11-02-04_Forex_trading/US_11-02-04-00_Forex_trading_test.py:90: 
_ _ _ _ _ _ _ _ _ _ _ _ _ _ _ _ _ _ _ _ _ _ _ _ _ _ _ _ _ _ _ _ _ _ _ _ _ _ _ _ 
pages/Elements/ButtonTryDemoMainBanner.py:28: in full_test_with_tpi
    test_element.assert_login(d, cur_language, cur_item_link)
_ _ _ _ _ _ _ _ _ _ _ _ _ _ _ _ _ _ _ _ _ _ _ _ _ _ _ _ _ _ _ _ _ _ _ _ _ _ _ _ 

self = <pages.Elements.AssertClass.AssertClass object at 0x7fa0ad1545d0>
d = <selenium.webdriver.chrome.webdriver.WebDriver (session="fe90e725941dab14a5421d99c39427bf")>
cur_language = 'es', cur_link = 'https://capital.com/es/trade-forex'

    @allure.step('Checking that "Login" form or page opened')
    def assert_login(self, d, cur_language, cur_link):
        """Method Assert Login form or page"""
        print(f"\n{datetime.now()}   3. Assert_Login_v0")
        self.page_signup_login = SignupLogin(d, cur_link)
        if self.page_signup_login.should_be_login_form():
            self.page_signup_login.close_login_form()
            del self.page_signup_login
        elif self.page_signup_login.should_be_login_page():
            self.page_signup_login.close_login_page()
            del self.page_signup_login
        elif self.page_signup_login.should_be_trading_platform_login_form(cur_language):
            self.page_signup_login.close_trading_platform_login_form()
            del self.page_signup_login
        elif self.page_signup_login.should_be_signup_form(cur_language):
            del self.page_signup_login
            print(f'\nBug: {self.bid}')
            retest_table_fill(self.bid, '05', self.link)
>           assert False, "Bug # 05. Opened a 'Sign up' form instead of a 'Login'"
E           AssertionError: Bug # 05. Opened a 'Sign up' form instead of a 'Login'

pages/Elements/AssertClass.py:69: AssertionError
---------------------------- Captured stdout setup -----------------------------

2024-01-26 15:20:27.652873   *** autouse fixture Chrome ***

{'width': 1280, 'height': 720}
Current test language - es
Current country of trading - gb



Current test role - NoAuth
Current login - aqa.tomelo.an@gmail.com
Current login - iT9Vgqi6d$fiZ*Z
----------------------------- Captured stdout call -----------------------------
{'width': 1280, 'height': 720}

2024-01-26 15:20:28.557994   worker_id = master

2024-01-26 15:20:28.558010   0. Allure grouping v4


2024-01-26 15:20:28.558199   START PRECONDITIONS =>

2024-01-26 15:20:30.081018   Load page https://capital.com

2024-01-26 15:20:30.081068   {'width': 1280, 'height': 720}

2024-01-26 15:20:30.084017   Set windows position at (0, 0) =>

2024-01-26 15:20:30.242358   Set resolution 1280 * 720 =>

2024-01-26 15:20:30.370893   => Resolution seted {'width': 1280, 'height': 720}

2024-01-26 15:20:35.381230   Капчи нет. Тестим дальше

2024-01-26 15:20:35.381327   Prev. Role: ?

2024-01-26 15:20:35.381340   Run preconditions: set "NoAuth" Role =>
2024-01-26 15:20:36.261961   Load page https://capital.com

2024-01-26 15:20:36.490802   => All cookies are deleted
2024-01-26 15:20:37.305312   Load page https://capital.com

2024-01-26 15:20:37.305512   Step 'Click button [Accept all cookies]'
2024-01-26 15:20:42.341333   Is Visible Button [Accept all cookies]? =>
2024-01-26 15:20:42.363060   => Button [Accept all cookies] is visible
2024-01-26 15:20:43.363181   Is clickable Button [Accept all cookies] =>
2024-01-26 15:20:43.392201   => Button [Accept all cookies] is clickable
2024-01-26 15:20:43.392239   Click Button [Accept all cookies] =>
2024-01-26 15:20:43.456431   => Button [Accept all cookies] is clicked
2024-01-26 15:20:43.456477   => Accepted All Cookies

2024-01-26 15:20:43.956835   Start Autorization

2024-01-26 15:20:43.956960   2. Act
2024-01-26 15:20:43.956976   Start Click button [Log in] =>
2024-01-26 15:20:43.970179   BUTTON_LOGIN scroll =>
2024-01-26 15:20:43.974396   Is BUTTON_LOGIN clickable? =>
2024-01-26 15:20:43.991553   => BUTTON_LOGIN is clickable
2024-01-26 15:20:43.991584   BUTTON_LOGIN click =>
2024-01-26 15:20:44.044528   => BUTTON_LOGIN is clicked!
2024-01-26 15:20:44.044613   => 'Login' form is opened
2024-01-26 15:20:44.558976   => "login" and "password" are inputted
2024-01-26 15:20:44.559016   Click [Continue] button on [Login] form =>
2024-01-26 15:20:44.667151   => [Continue] button on [Login] form is clicked
2024-01-26 15:20:47.306412   Start check that the Trading platform page is loaded and LOGO is present on it =>
2024-01-26 15:20:47.306448   Set timeout = 30
2024-01-26 15:20:47.306465   Wait until load page with special title =>
2024-01-26 15:20:47.309433   => Page with title "Trading Platform | Capital.com" is loaded
2024-01-26 15:20:47.309456   Is present LOGO on this page? =>
2024-01-26 15:20:48.642684   => LOGO is visible on this page
2024-01-26 15:20:48.642769   -> "Capital.com" logo is present on trading platform page

2024-01-26 15:20:49.892198   Start DeAuthorisation
2024-01-26 15:20:49.892314   1. BUTTON_MY_ACCOUNT is present? =>
2024-01-26 15:20:49.908373   => BUTTON_MY_ACCOUNT is present on this page
2024-01-26 15:20:51.202193   => Move to BUTTON_MY_ACCOUNT
2024-01-26 15:20:51.202238   2. BUTTON_MY_ACCOUNT is clickable? =>
2024-01-26 15:20:51.223835   => BUTTON_MY_ACCOUNT is clickable
2024-01-26 15:20:51.223875   BUTTON_MY_ACCOUNT Click =>
2024-01-26 15:20:52.063335   => User panel [My account] is opened

2024-01-26 15:20:52.063522   Start Click [Logout] button:
2024-01-26 15:20:52.063537   BUTTON_LOGOUT is present? =>
2024-01-26 15:20:52.074607   => BUTTON_LOGOUT is present
2024-01-26 15:20:52.074640   Is visible BUTTON_LOGOUT? =>
2024-01-26 15:20:52.089539   BUTTON_LOGOUT is clickable? =>
2024-01-26 15:20:52.109624   BUTTON_LOGOUT click =>
2024-01-26 15:20:52.164999   => BUTTON_LOGOUT is clicked

2024-01-26 15:20:52.165147   Current role: NoAuth

2024-01-26 15:20:52.165168   Prev language: ?

2024-01-26 15:20:52.165181   Run preconditions: set "es" language =>


2024-01-26 15:20:52.194919   => Language and Country menu is present


2024-01-26 15:20:52.208727   => Language and Country menu is visible


2024-01-26 15:20:54.045904   => Focus is moved on Language and Country menu 

2024-01-26 15:20:55.756203   => Current language: es

2024-01-26 15:20:55.756248   Prev country: ?

2024-01-26 15:20:55.756257   Run preconditions: set "gb" country =>


2024-01-26 15:20:55.762407   => Language and Country menu is present


2024-01-26 15:20:55.779034   => Language and Country menu is visible


2024-01-26 15:20:57.553434   => Focus is moved on Language and Country menu 

2024-01-26 15:20:59.845536   => Current country: gb

2024-01-26 15:20:59.845575   => THE END PRECONDITIONS

2024-01-26 15:20:59.845755   1. Cur URL = https://capital.com/es?country=gb

2024-01-26 15:20:59.851574   2. Link = https://capital.com/es
2024-01-26 15:21:01.006622   Load page https://capital.com/es
2024-01-26 15:21:01.519949   => Education menu is present
2024-01-26 15:21:01.535957   => Education menu is visible
2024-01-26 15:21:02.802598   => Education menu focus moved


2024-01-26 15:21:04.726370   => Forex trading sub-menu clicked

2024-01-26 15:21:04.757035   3. Cur URL = https://capital.com/es/trade-forex

2024-01-26 15:21:04.761972   1. Arrange_v0
2024-01-26 15:21:04.764650   BUTTON_TRY_DEMO is visible? =>
2024-01-26 15:21:04.787810   => BUTTON_TRY_DEMO is visible on the page!

2024-01-26 15:21:04.787970   2. Act_v0
2024-01-26 15:21:04.787985   BUTTON_TRY_DEMO is present? =>
2024-01-26 15:21:04.795283   => BUTTON_TRY_DEMO is present on the page!
2024-01-26 15:21:04.795304   BUTTON_TRY_DEMO scroll =>
2024-01-26 15:21:04.876473   => BUTTON_TRY_DEMO clicked!

2024-01-26 15:21:04.876684   3. Assert_Login_v0
2024-01-26 15:21:04.876755   Check that 'Login' form is opened
2024-01-26 15:21:10.430815   'Login' form not opened
2024-01-26 15:21:10.436983   'Login' page not opened
2024-01-26 15:21:15.983151   'Login' form on trading platform not opened
2024-01-26 15:21:15.983367   Start step Check that [Sign up] form is opened
2024-01-26 15:21:15.999930   'Sign up' form opened
2024-01-26 15:21:15.999957   Assert SIGNUP_HEADER =>
2024-01-26 15:21:16.015956   Assert SIGNUP_REF_LOGIN =>
2024-01-26 15:21:16.030263   Assert SIGNUP_PRIVACY_POLICY_ALL_2 =>
2024-01-26 15:21:16.048020   => SIGNUP_PRIVACY_POLICY_ALL
2024-01-26 15:21:16.048057   => 'Signup' form is checked

Bug: Bid:11.02.04.00_02-es.gb.NoAuth

2024-01-26 15:21:16.048150   Проверка бага в таблице ретеста  =>

2024-01-26 15:21:16.055623   4. Fixing one row check results into Google Sheet Bugs Report =>
1 cells updated.
2024-01-26 15:21:16.632292   => 4. One row check results into Google Sheet Bugs Report fixed

2024-01-26 15:21:17.272939   4. Fixing one row check results into Google Sheet Bugs Report =>
1 cells updated.
2024-01-26 15:21:17.608477   => 4. One row check results into Google Sheet Bugs Report fixed

2024-01-26 15:21:17.608549   Bug: Bid:11.02.04.00_02-es.gb.NoAuth уже существует, но тип бага изменился с 22/01/24 на 05

2024-01-26 15:21:17.608983   Bug: Bid:11.02.04.00_02-es.gb.NoAuth-05 уже существует

2024-01-26 15:21:17.609144   4. Fixing one row check results into Google Sheet Bugs Report =>
1 cells updated.
2024-01-26 15:21:17.926743   => 4. One row check results into Google Sheet Bugs Report fixed
------------------------------ Captured log call -------------------------------
2024-01-26 15:21:10 ERROR Elements not present after 0.5 seconds on page: https://capital.com/es/trade-forex
2024-01-26 15:21:10 ERROR 
Traceback (most recent call last):
  File "/home/runner/work/SeleniumCapital/SeleniumCapital/pages/base_page.py", line 82, in inner_function
    return func(*args, **kwargs)
           ^^^^^^^^^^^^^^^^^^^^^
  File "/home/runner/work/SeleniumCapital/SeleniumCapital/pages/base_page.py", line 293, in element_is_visible
    return Wait(self.browser, timeout).until(
           ^^^^^^^^^^^^^^^^^^^^^^^^^^^^^^^^^^
  File "/home/runner/.cache/pypoetry/virtualenvs/testcapitalcompyse-cIj6ROMf-py3.11/lib/python3.11/site-packages/selenium/webdriver/support/wait.py", line 105, in until
    raise TimeoutException(message, screen, stacktrace)
selenium.common.exceptions.TimeoutException: Message: 
Stacktrace:
#0 0x562043001f83 <unknown>
#1 0x562042cbacf7 <unknown>
#2 0x562042d0a99e <unknown>
#3 0x562042d0aaa1 <unknown>
#4 0x562042d55d64 <unknown>
#5 0x562042d340dd <unknown>
#6 0x562042d53006 <unknown>
#7 0x562042d33e53 <unknown>
#8 0x562042cfbdd4 <unknown>
#9 0x562042cfd1de <unknown>
#10 0x562042fc6531 <unknown>
#11 0x562042fca455 <unknown>
#12 0x562042fb2f55 <unknown>
#13 0x562042fcb0ef <unknown>
#14 0x562042f9699f <unknown>
#15 0x562042fef008 <unknown>
#16 0x562042fef1d7 <unknown>
#17 0x562043001124 <unknown>
#18 0x7f3fa0694ac3 <unknown>

2024-01-26 15:21:15 ERROR Elements not present after 0.5 seconds on page: https://capital.com/es/trade-forex
2024-01-26 15:21:15 ERROR 
Traceback (most recent call last):
  File "/home/runner/work/SeleniumCapital/SeleniumCapital/pages/base_page.py", line 82, in inner_function
    return func(*args, **kwargs)
           ^^^^^^^^^^^^^^^^^^^^^
  File "/home/runner/work/SeleniumCapital/SeleniumCapital/pages/base_page.py", line 293, in element_is_visible
    return Wait(self.browser, timeout).until(
           ^^^^^^^^^^^^^^^^^^^^^^^^^^^^^^^^^^
  File "/home/runner/.cache/pypoetry/virtualenvs/testcapitalcompyse-cIj6ROMf-py3.11/lib/python3.11/site-packages/selenium/webdriver/support/wait.py", line 105, in until
    raise TimeoutException(message, screen, stacktrace)
selenium.common.exceptions.TimeoutException: Message: 
Stacktrace:
#0 0x562043001f83 <unknown>
#1 0x562042cbacf7 <unknown>
#2 0x562042d0a99e <unknown>
#3 0x562042d0aaa1 <unknown>
#4 0x562042d55d64 <unknown>
#5 0x562042d340dd <unknown>
#6 0x562042d53006 <unknown>
#7 0x562042d33e53 <unknown>
#8 0x562042cfbdd4 <unknown>
#9 0x562042cfd1de <unknown>
#10 0x562042fc6531 <unknown>
#11 0x562042fca455 <unknown>
#12 0x562042fb2f55 <unknown>
#13 0x562042fcb0ef <unknown>
#14 0x562042f9699f <unknown>
#15 0x562042fef008 <unknown>
#16 0x562042fef1d7 <unknown>
#17 0x562043001124 <unknown>
#18 0x7f3fa0694ac3 <unknown>
--------------------------- Captured stdout teardown ---------------------------

2024-01-26 15:21:18.256626   *** end fixture Browser = teardown ***

=============================== warnings summary ===============================
tests/US_11_Education/US_11-02-04_Forex_trading/US_11-02-04-00_Forex_trading_test.py::TestForexTradingMainPage::test_02_main_banner_try_demo_button[Chrome--ae-NoAuth-aqa.tomelo.an@gmail.com-iT9Vgqi6d$fiZ*Z]
  /home/runner/.cache/pypoetry/virtualenvs/testcapitalcompyse-cIj6ROMf-py3.11/lib/python3.11/site-packages/pytest_html/plugin.py:133: DeprecationWarning: The 'report.extra' attribute is deprecated and will be removed in a future release, use 'report.extras' instead.
    warnings.warn(

-- Docs: https://docs.pytest.org/en/stable/how-to/capture-warnings.html
- Generated html report: file:///home/runner/work/SeleniumCapital/SeleniumCapital/report/report.html -
=========================== short test summary info ============================
FAILED tests/US_11_Education/US_11-02-04_Forex_trading/US_11-02-04-00_Forex_trading_test.py::TestForexTradingMainPage::test_02_main_banner_try_demo_button[Chrome--ae-NoAuth-aqa.tomelo.an@gmail.com-iT9Vgqi6d$fiZ*Z] - AssertionError: Bug # 05. Opened a 'Sign up' form instead of a 'Login'
================= 1 failed, 6 deselected, 1 warning in 50.76s ==================

2024-01-26 15:21:18.373928   => Текущий тест: 1 failed

2024-01-26 15:21:18.376141   => 3. check_results finished

2024-01-26 15:21:18.376351   4. Fixing one row check results into Google Sheet Bugs Report =>
1 cells updated.
2024-01-26 15:21:18.563122   => 4. One row check results into Google Sheet Bugs Report fixed
