


2024-01-26 15:01:14.058208   0. Get Values row =>
2024-01-26 15:01:14.058235   Row # = 136
2024-01-26 15:01:14.058245   Row Values = 
['Bid:11.02.02.00_10-ro.gb.NoAuth', 'Ubuntu 22.04', 'Chrome', '11.02.02.00', '_10', 'ro', 'gb', 'FCA', 'NoAuth', '', 'Education', 'Shares trading', '', '', '', '05', "Bug # 05. Opened a 'Sign up' form instead of a 'Login'", '', '', '', '25/01/24']

2024-01-26 15:01:14.058330   1. Run pretest =>

2024-01-26 15:01:14.058343   row_loc = 
['Bid:11.02.02.00_10-ro.gb.NoAuth', 'Ubuntu 22.04', 'Chrome', '11.02.02.00', '_10', 'ro', 'gb', 'FCA', 'NoAuth', '', 'Education', 'Shares trading', '', '', '', '05', "Bug # 05. Opened a 'Sign up' form instead of a 'Login'", '', '', '', '25/01/24']

2024-01-26 15:01:14.058357   => 1. Pretest finished

2024-01-26 15:01:14.058422   2. Run run_pytest with Bid = Bid:11.02.02.00_10-ro.gb.NoAuth from row =>

2024-01-26 15:01:14.058435   2.2. Run poetry run pytest ... in subprocess =>

2024-01-26 15:01:14.058446   Run command: 
poetry run pytest --retest=True --browser_name=Chrome --lang=ro --country=gb --role=NoAuth -m test_10 -v \tests/US_11_Education/US_11-02-02_Shares_trading/US_11-02-02-00_Shares_trading_test.py

2024-01-26 15:02:09.408829   => 2.2. pytest ... as subprocess finished

2024-01-26 15:02:09.408879   => 2. Autotest with Bid = Bid:11.02.02.00_10-ro.gb.NoAuth from row finished

2024-01-26 15:02:09.408953   3. Run check_results =>
2024-01-26 15:02:09.408981   test_results: 
============================= test session starts ==============================
platform linux -- Python 3.11.7, pytest-7.4.4, pluggy-1.3.0 -- /home/runner/.cache/pypoetry/virtualenvs/testcapitalcompyse-cIj6ROMf-py3.11/bin/python
cachedir: .pytest_cache
metadata: {'Python': '3.11.7', 'Platform': 'Linux-6.2.0-1018-azure-x86_64-with-glibc2.35', 'Packages': {'pytest': '7.4.4', 'pluggy': '1.3.0'}, 'Plugins': {'metadata': '3.0.0', 'timeout': '2.2.0', 'html': '4.1.1', 'xdist': '3.5.0', 'allure-pytest': '2.13.2'}, 'CI': 'true', 'JAVA_HOME': '/usr/lib/jvm/temurin-11-jdk-amd64'}
rootdir: /home/runner/work/SeleniumCapital/SeleniumCapital
configfile: pytest.ini
plugins: metadata-3.0.0, timeout-2.2.0, html-4.1.1, xdist-3.5.0, allure-pytest-2.13.2
collecting ... collected 7 items / 6 deselected / 1 selected

tests/US_11_Education/US_11-02-02_Shares_trading/US_11-02-02-00_Shares_trading_test.py::TestSharesTrading::test_10_block_vert_banner_button[Chrome--ae-NoAuth-aqa.tomelo.an@gmail.com-iT9Vgqi6d$fiZ*Z] FAILED [100%]

=================================== FAILURES ===================================
_ TestSharesTrading.test_10_block_vert_banner_button[Chrome--ae-NoAuth-aqa.tomelo.an@gmail.com-iT9Vgqi6d$fiZ*Z] _

self = <US_11-02-02-00_Shares_trading_test.TestSharesTrading object at 0x7fe9d3a8c150>
worker_id = 'master'
d = <selenium.webdriver.chrome.webdriver.WebDriver (session="5130dbefca3136b6bcd3684fca4535a7")>
cur_language = 'ro', cur_country = 'gb', cur_role = 'NoAuth'
cur_login = 'aqa.tomelo.an@gmail.com', cur_password = 'iT9Vgqi6d$fiZ*Z'

    @allure.step("Start test of button in block [Vertical banner]")
    # @pytest.mark.skip(reason="Skipped for debugging")
    @pytest.mark.test_10
    def test_10_block_vert_banner_button(
            self, worker_id, d, cur_language, cur_country, cur_role, cur_login, cur_password):
        """
                Check the [Button] on the Vertical side banner at the bottom of the page.
                For "Authorized user" role:
                The trading platform page is opened depend on the banner [type-id]:
                        Live mode if the banner in the Live mode banners list
                        Demo mode if the banner in the Demo mode banners list
                """
    
        bid = build_dynamic_arg_v4(
            d, worker_id, cur_language, cur_country, cur_role,
            "11.02.02", "Education > Menu item [Shares trading]",
            ".00_10", "Testing button in block [Vertical banner]")
    
        Common().skip_if_eng_lang_and_fca_license(cur_language, cur_country)
    
        check_language(cur_language)
        if cur_language in ["", "ar", "it", "cn"]:
            Common().skip_test_for_language(cur_language)
    
        # test_element.arrange_0()
        page_conditions = Conditions(d, "")
        main_page_link = page_conditions.preconditions(
            d, CapitalComPageSrc.URL, "", cur_language, cur_country, cur_role, cur_login, cur_password)
    
        # банеры должны открываться в Demo mode for US_00
        banner00_ver_tpd = ['505', '221', '389']
        # банеры должны открываться в Live mode for US_00
        banner00_ver_tp = ['166', '196', '292', '377', '388', '425']
        # банеры должны открываться в Demo mode for US_01
        banner01_ver_tpd = []
        # банеры должны открываться в Live mode for US_01
        banner01_ver_tp = []
    
        page_menu = MenuSection(d, main_page_link)
        cur_menu_link = page_menu.open_education_shares_trading_menu(d, cur_language, cur_country, main_page_link)
    
        test_element = ButtonOnVerticalBanner(d, cur_menu_link, bid)
>       test_element.full_test_with_tpi(d, cur_language, cur_country, cur_role, cur_menu_link, banner00_ver_tpd,
                                        banner00_ver_tp, banner01_ver_tpd, banner01_ver_tp)

tests/US_11_Education/US_11-02-02_Shares_trading/US_11-02-02-00_Shares_trading_test.py:251: 
_ _ _ _ _ _ _ _ _ _ _ _ _ _ _ _ _ _ _ _ _ _ _ _ _ _ _ _ _ _ _ _ _ _ _ _ _ _ _ _ 
pages/Elements/ButtonOnVerticalBanner.py:40: in full_test_with_tpi
    test_element.assert_login(d, cur_language, link)
_ _ _ _ _ _ _ _ _ _ _ _ _ _ _ _ _ _ _ _ _ _ _ _ _ _ _ _ _ _ _ _ _ _ _ _ _ _ _ _ 

self = <pages.Elements.AssertClass.AssertClass object at 0x7fe9d3a9b290>
d = <selenium.webdriver.chrome.webdriver.WebDriver (session="5130dbefca3136b6bcd3684fca4535a7")>
cur_language = 'ro', cur_link = 'https://capital.com/ro/trade-stocks'

    @allure.step('Checking that "Login" form or page opened')
    def assert_login(self, d, cur_language, cur_link):
        """Method Assert Login form or page"""
        print(f"\n{datetime.now()}   3. Assert_Login_v0")
        self.page_signup_login = SignupLogin(d, cur_link)
        if self.page_signup_login.should_be_login_form():
            self.page_signup_login.close_login_form()
            del self.page_signup_login
        elif self.page_signup_login.should_be_login_page():
            self.page_signup_login.close_login_page()
            del self.page_signup_login
        elif self.page_signup_login.should_be_trading_platform_login_form(cur_language):
            self.page_signup_login.close_trading_platform_login_form()
            del self.page_signup_login
        elif self.page_signup_login.should_be_signup_form(cur_language):
            del self.page_signup_login
            print(f'\nBug: {self.bid}')
            retest_table_fill(self.bid, '05', self.link)
>           assert False, "Bug # 05. Opened a 'Sign up' form instead of a 'Login'"
E           AssertionError: Bug # 05. Opened a 'Sign up' form instead of a 'Login'

pages/Elements/AssertClass.py:69: AssertionError
---------------------------- Captured stdout setup -----------------------------

2024-01-26 15:01:14.837239   *** autouse fixture Chrome ***

{'width': 1280, 'height': 720}
Current test language - ro
Current country of trading - gb



Current test role - NoAuth
Current login - aqa.tomelo.an@gmail.com
Current login - iT9Vgqi6d$fiZ*Z
----------------------------- Captured stdout call -----------------------------
{'width': 1280, 'height': 720}

2024-01-26 15:01:15.716357   worker_id = master

2024-01-26 15:01:15.716379   0. Allure grouping v4


2024-01-26 15:01:15.716657   START PRECONDITIONS =>

2024-01-26 15:01:17.220360   Load page https://capital.com

2024-01-26 15:01:17.220410   {'width': 1280, 'height': 720}

2024-01-26 15:01:17.221984   Set windows position at (0, 0) =>

2024-01-26 15:01:17.327776   Set resolution 1280 * 720 =>

2024-01-26 15:01:17.435842   => Resolution seted {'width': 1280, 'height': 720}

2024-01-26 15:01:22.458588   Капчи нет. Тестим дальше

2024-01-26 15:01:22.458680   Prev. Role: ?

2024-01-26 15:01:22.458693   Run preconditions: set "NoAuth" Role =>
2024-01-26 15:01:23.237360   Load page https://capital.com

2024-01-26 15:01:23.353867   => All cookies are deleted
2024-01-26 15:01:24.307283   Load page https://capital.com

2024-01-26 15:01:24.307540   Step 'Click button [Accept all cookies]'
2024-01-26 15:01:29.320336   Is Visible Button [Accept all cookies]? =>
2024-01-26 15:01:29.338480   => Button [Accept all cookies] is visible
2024-01-26 15:01:30.338591   Is clickable Button [Accept all cookies] =>
2024-01-26 15:01:30.385513   => Button [Accept all cookies] is clickable
2024-01-26 15:01:30.385557   Click Button [Accept all cookies] =>
2024-01-26 15:01:30.452989   => Button [Accept all cookies] is clicked
2024-01-26 15:01:30.453023   => Accepted All Cookies

2024-01-26 15:01:30.953373   Start Autorization

2024-01-26 15:01:30.953503   2. Act
2024-01-26 15:01:30.953520   Start Click button [Log in] =>
2024-01-26 15:01:30.964994   BUTTON_LOGIN scroll =>
2024-01-26 15:01:30.968766   Is BUTTON_LOGIN clickable? =>
2024-01-26 15:01:30.988971   => BUTTON_LOGIN is clickable
2024-01-26 15:01:30.988999   BUTTON_LOGIN click =>
2024-01-26 15:01:31.027319   => BUTTON_LOGIN is clicked!
2024-01-26 15:01:31.027402   => 'Login' form is opened
2024-01-26 15:01:31.510060   => "login" and "password" are inputted
2024-01-26 15:01:31.510109   Click [Continue] button on [Login] form =>
2024-01-26 15:01:31.592088   => [Continue] button on [Login] form is clicked
2024-01-26 15:01:34.035754   Start check that the Trading platform page is loaded and LOGO is present on it =>
2024-01-26 15:01:34.035787   Set timeout = 30
2024-01-26 15:01:34.035802   Wait until load page with special title =>
2024-01-26 15:01:34.038341   => Page with title "Trading Platform | Capital.com" is loaded
2024-01-26 15:01:34.038363   Is present LOGO on this page? =>
2024-01-26 15:01:35.415847   => LOGO is visible on this page
2024-01-26 15:01:35.415931   -> "Capital.com" logo is present on trading platform page

2024-01-26 15:01:36.472333   Start DeAuthorisation
2024-01-26 15:01:36.472458   1. BUTTON_MY_ACCOUNT is present? =>
2024-01-26 15:01:36.483998   => BUTTON_MY_ACCOUNT is present on this page
2024-01-26 15:01:37.783674   => Move to BUTTON_MY_ACCOUNT
2024-01-26 15:01:37.783719   2. BUTTON_MY_ACCOUNT is clickable? =>
2024-01-26 15:01:37.803920   => BUTTON_MY_ACCOUNT is clickable
2024-01-26 15:01:37.803953   BUTTON_MY_ACCOUNT Click =>
2024-01-26 15:01:38.636315   => User panel [My account] is opened

2024-01-26 15:01:38.636529   Start Click [Logout] button:
2024-01-26 15:01:38.636547   BUTTON_LOGOUT is present? =>
2024-01-26 15:01:38.643886   => BUTTON_LOGOUT is present
2024-01-26 15:01:38.643908   Is visible BUTTON_LOGOUT? =>
2024-01-26 15:01:38.657969   BUTTON_LOGOUT is clickable? =>
2024-01-26 15:01:38.670057   BUTTON_LOGOUT click =>
2024-01-26 15:01:38.716732   => BUTTON_LOGOUT is clicked

2024-01-26 15:01:38.716857   Current role: NoAuth

2024-01-26 15:01:38.716876   Prev language: ?

2024-01-26 15:01:38.716885   Run preconditions: set "ro" language =>


2024-01-26 15:01:38.741761   => Language and Country menu is present


2024-01-26 15:01:38.754704   => Language and Country menu is visible


2024-01-26 15:01:40.532163   => Focus is moved on Language and Country menu 

2024-01-26 15:01:42.137381   => Current language: ro

2024-01-26 15:01:42.137418   Prev country: ?

2024-01-26 15:01:42.137428   Run preconditions: set "gb" country =>


2024-01-26 15:01:42.143467   => Language and Country menu is present


2024-01-26 15:01:42.175703   => Language and Country menu is visible


2024-01-26 15:01:43.948336   => Focus is moved on Language and Country menu 

2024-01-26 15:01:46.050970   => Current country: gb

2024-01-26 15:01:46.051007   => THE END PRECONDITIONS

2024-01-26 15:01:46.051041   1. Cur URL = https://capital.com/ro?country=gb

2024-01-26 15:01:46.053747   2. Link = https://capital.com/ro
2024-01-26 15:01:46.640474   Load page https://capital.com/ro
2024-01-26 15:01:47.150729   => Education menu is present
2024-01-26 15:01:47.164446   => Education menu is visible
2024-01-26 15:01:48.429346   => Education menu focus moved


2024-01-26 15:01:50.366570   => Shares trading sub-menu clicked

2024-01-26 15:01:50.371805   1. Arrange
2024-01-26 15:01:50.375751   BUTTON_ON_VER_BANNER is visible? =>
2024-01-26 15:01:50.408105   => BUTTON_ON_VER_BANNER is visible on the page!
2024-01-26 15:01:50.408285   Start Checking that form [Sign up] popped up on the page =>
2024-01-26 15:01:55.919232   '[Sign up]' form was not popped up

2024-01-26 15:01:55.919401   2. Act
2024-01-26 15:01:55.919415   BUTTON_ON_VER_BANNER is present? =>
2024-01-26 15:01:55.927205   => BUTTON_ON_VER_BANNER is present on the page!
2024-01-26 15:01:55.927227   BUTTON_ON_VER_BANNER scroll =>
2024-01-26 15:01:56.034212   => BUTTON_ON_VER_BANNER clicked!

2024-01-26 15:01:56.034435   3. Assert_Login_v0
2024-01-26 15:01:56.034505   Check that 'Login' form is opened
2024-01-26 15:02:01.573060   'Login' form not opened
2024-01-26 15:02:01.575916   'Login' page not opened
2024-01-26 15:02:07.123576   'Login' form on trading platform not opened
2024-01-26 15:02:07.123765   Start step Check that [Sign up] form is opened
2024-01-26 15:02:07.135953   'Sign up' form opened
2024-01-26 15:02:07.135980   Assert SIGNUP_HEADER =>
2024-01-26 15:02:07.153298   Assert SIGNUP_REF_LOGIN =>
2024-01-26 15:02:07.167180   Assert SIGNUP_PRIVACY_POLICY_ALL_2 =>
2024-01-26 15:02:07.181023   => SIGNUP_PRIVACY_POLICY_ALL
2024-01-26 15:02:07.181061   => 'Signup' form is checked

Bug: Bid:11.02.02.00_10-ro.gb.NoAuth

2024-01-26 15:02:07.181123   Проверка бага в таблице ретеста  =>

2024-01-26 15:02:07.186682   4. Fixing one row check results into Google Sheet Bugs Report =>
1 cells updated.
2024-01-26 15:02:07.595132   => 4. One row check results into Google Sheet Bugs Report fixed

2024-01-26 15:02:08.174129   4. Fixing one row check results into Google Sheet Bugs Report =>
1 cells updated.
2024-01-26 15:02:08.513534   => 4. One row check results into Google Sheet Bugs Report fixed

2024-01-26 15:02:08.513626   Bug: Bid:11.02.02.00_10-ro.gb.NoAuth уже существует, но тип бага изменился с 25/01/24 на 05

2024-01-26 15:02:08.514047   Bug: Bid:11.02.02.00_10-ro.gb.NoAuth-05 уже существует

2024-01-26 15:02:08.514201   4. Fixing one row check results into Google Sheet Bugs Report =>
1 cells updated.
2024-01-26 15:02:08.970248   => 4. One row check results into Google Sheet Bugs Report fixed
------------------------------ Captured log call -------------------------------
2024-01-26 15:01:55 ERROR Elements not present after 0.5 seconds on page: https://capital.com/ro/trade-stocks
2024-01-26 15:01:55 ERROR 
Traceback (most recent call last):
  File "/home/runner/work/SeleniumCapital/SeleniumCapital/pages/base_page.py", line 82, in inner_function
    return func(*args, **kwargs)
           ^^^^^^^^^^^^^^^^^^^^^
  File "/home/runner/work/SeleniumCapital/SeleniumCapital/pages/base_page.py", line 293, in element_is_visible
    return Wait(self.browser, timeout).until(
           ^^^^^^^^^^^^^^^^^^^^^^^^^^^^^^^^^^
  File "/home/runner/.cache/pypoetry/virtualenvs/testcapitalcompyse-cIj6ROMf-py3.11/lib/python3.11/site-packages/selenium/webdriver/support/wait.py", line 105, in until
    raise TimeoutException(message, screen, stacktrace)
selenium.common.exceptions.TimeoutException: Message: 
Stacktrace:
#0 0x5631ff6a9f83 <unknown>
#1 0x5631ff362cf7 <unknown>
#2 0x5631ff3b299e <unknown>
#3 0x5631ff3b2aa1 <unknown>
#4 0x5631ff3fdd64 <unknown>
#5 0x5631ff3dc0dd <unknown>
#6 0x5631ff3fb006 <unknown>
#7 0x5631ff3dbe53 <unknown>
#8 0x5631ff3a3dd4 <unknown>
#9 0x5631ff3a51de <unknown>
#10 0x5631ff66e531 <unknown>
#11 0x5631ff672455 <unknown>
#12 0x5631ff65af55 <unknown>
#13 0x5631ff6730ef <unknown>
#14 0x5631ff63e99f <unknown>
#15 0x5631ff697008 <unknown>
#16 0x5631ff6971d7 <unknown>
#17 0x5631ff6a9124 <unknown>
#18 0x7fc939694ac3 <unknown>

2024-01-26 15:02:01 ERROR Elements not present after 0.5 seconds on page: https://capital.com/ro/trade-stocks
2024-01-26 15:02:01 ERROR 
Traceback (most recent call last):
  File "/home/runner/work/SeleniumCapital/SeleniumCapital/pages/base_page.py", line 82, in inner_function
    return func(*args, **kwargs)
           ^^^^^^^^^^^^^^^^^^^^^
  File "/home/runner/work/SeleniumCapital/SeleniumCapital/pages/base_page.py", line 293, in element_is_visible
    return Wait(self.browser, timeout).until(
           ^^^^^^^^^^^^^^^^^^^^^^^^^^^^^^^^^^
  File "/home/runner/.cache/pypoetry/virtualenvs/testcapitalcompyse-cIj6ROMf-py3.11/lib/python3.11/site-packages/selenium/webdriver/support/wait.py", line 105, in until
    raise TimeoutException(message, screen, stacktrace)
selenium.common.exceptions.TimeoutException: Message: 
Stacktrace:
#0 0x5631ff6a9f83 <unknown>
#1 0x5631ff362cf7 <unknown>
#2 0x5631ff3b299e <unknown>
#3 0x5631ff3b2aa1 <unknown>
#4 0x5631ff3fdd64 <unknown>
#5 0x5631ff3dc0dd <unknown>
#6 0x5631ff3fb006 <unknown>
#7 0x5631ff3dbe53 <unknown>
#8 0x5631ff3a3dd4 <unknown>
#9 0x5631ff3a51de <unknown>
#10 0x5631ff66e531 <unknown>
#11 0x5631ff672455 <unknown>
#12 0x5631ff65af55 <unknown>
#13 0x5631ff6730ef <unknown>
#14 0x5631ff63e99f <unknown>
#15 0x5631ff697008 <unknown>
#16 0x5631ff6971d7 <unknown>
#17 0x5631ff6a9124 <unknown>
#18 0x7fc939694ac3 <unknown>

2024-01-26 15:02:07 ERROR Elements not present after 0.5 seconds on page: https://capital.com/ro/trade-stocks
2024-01-26 15:02:07 ERROR 
Traceback (most recent call last):
  File "/home/runner/work/SeleniumCapital/SeleniumCapital/pages/base_page.py", line 82, in inner_function
    return func(*args, **kwargs)
           ^^^^^^^^^^^^^^^^^^^^^
  File "/home/runner/work/SeleniumCapital/SeleniumCapital/pages/base_page.py", line 293, in element_is_visible
    return Wait(self.browser, timeout).until(
           ^^^^^^^^^^^^^^^^^^^^^^^^^^^^^^^^^^
  File "/home/runner/.cache/pypoetry/virtualenvs/testcapitalcompyse-cIj6ROMf-py3.11/lib/python3.11/site-packages/selenium/webdriver/support/wait.py", line 105, in until
    raise TimeoutException(message, screen, stacktrace)
selenium.common.exceptions.TimeoutException: Message: 
Stacktrace:
#0 0x5631ff6a9f83 <unknown>
#1 0x5631ff362cf7 <unknown>
#2 0x5631ff3b299e <unknown>
#3 0x5631ff3b2aa1 <unknown>
#4 0x5631ff3fdd64 <unknown>
#5 0x5631ff3dc0dd <unknown>
#6 0x5631ff3fb006 <unknown>
#7 0x5631ff3dbe53 <unknown>
#8 0x5631ff3a3dd4 <unknown>
#9 0x5631ff3a51de <unknown>
#10 0x5631ff66e531 <unknown>
#11 0x5631ff672455 <unknown>
#12 0x5631ff65af55 <unknown>
#13 0x5631ff6730ef <unknown>
#14 0x5631ff63e99f <unknown>
#15 0x5631ff697008 <unknown>
#16 0x5631ff6971d7 <unknown>
#17 0x5631ff6a9124 <unknown>
#18 0x7fc939694ac3 <unknown>
--------------------------- Captured stdout teardown ---------------------------

2024-01-26 15:02:09.327544   *** end fixture Browser = teardown ***

=============================== warnings summary ===============================
tests/US_11_Education/US_11-02-02_Shares_trading/US_11-02-02-00_Shares_trading_test.py::TestSharesTrading::test_10_block_vert_banner_button[Chrome--ae-NoAuth-aqa.tomelo.an@gmail.com-iT9Vgqi6d$fiZ*Z]
  /home/runner/.cache/pypoetry/virtualenvs/testcapitalcompyse-cIj6ROMf-py3.11/lib/python3.11/site-packages/pytest_html/plugin.py:133: DeprecationWarning: The 'report.extra' attribute is deprecated and will be removed in a future release, use 'report.extras' instead.
    warnings.warn(

-- Docs: https://docs.pytest.org/en/stable/how-to/capture-warnings.html
- Generated html report: file:///home/runner/work/SeleniumCapital/SeleniumCapital/report/report.html -
=========================== short test summary info ============================
FAILED tests/US_11_Education/US_11-02-02_Shares_trading/US_11-02-02-00_Shares_trading_test.py::TestSharesTrading::test_10_block_vert_banner_button[Chrome--ae-NoAuth-aqa.tomelo.an@gmail.com-iT9Vgqi6d$fiZ*Z] - AssertionError: Bug # 05. Opened a 'Sign up' form instead of a 'Login'
================= 1 failed, 6 deselected, 1 warning in 54.63s ==================

2024-01-26 15:02:09.409573   => Текущий тест: 1 failed

2024-01-26 15:02:09.410960   => 3. check_results finished

2024-01-26 15:02:09.411116   4. Fixing one row check results into Google Sheet Bugs Report =>
1 cells updated.
2024-01-26 15:02:09.590485   => 4. One row check results into Google Sheet Bugs Report fixed
