


2024-01-26 16:03:47.872098   0. Get Values row =>
2024-01-26 16:03:47.872132   Row # = 1376
2024-01-26 16:03:47.872146   Row Values = 
['Bid:11.02.02.01_02-es.gb.NoAuth', 'Ubuntu 22.04', 'Chrome', '11.02.02.01', '_02', 'es', 'gb', 'FCA', 'NoAuth', 'https://capital.com/es/opera-google', 'Education', 'Shares trading / child', 'Click Main banner > Button [Try demo]', 'Click Main banner > Button [Try demo]', '', '05', "Bug # 05. Opened a 'Sign up' form instead of a 'Login'", '', '', '', '15/01/24', 'failed']

2024-01-26 16:03:47.872269   1. Run pretest =>

2024-01-26 16:03:47.872286   row_loc = 
['Bid:11.02.02.01_02-es.gb.NoAuth', 'Ubuntu 22.04', 'Chrome', '11.02.02.01', '_02', 'es', 'gb', 'FCA', 'NoAuth', 'https://capital.com/es/opera-google', 'Education', 'Shares trading / child', 'Click Main banner > Button [Try demo]', 'Click Main banner > Button [Try demo]', '', '05', "Bug # 05. Opened a 'Sign up' form instead of a 'Login'", '', '', '', '15/01/24', 'failed']

2024-01-26 16:03:47.872307   => 1. Pretest finished

2024-01-26 16:03:47.872394   2. Run run_pytest with Bid = Bid:11.02.02.01_02-es.gb.NoAuth from row =>

2024-01-26 16:03:47.872412   2.2. Run poetry run pytest ... in subprocess =>

2024-01-26 16:03:47.872428   Run command: 
poetry run pytest --retest=True --browser_name=Chrome --lang=es --country=gb --role=NoAuth --tpi_link=https://capital.com/es/opera-google -m test_02 -v \tests/US_11_Education/US_11-02-02_Shares_trading/US_11-02-02-01_Shares_trading_test.py

2024-01-26 16:04:35.386885   => 2.2. pytest ... as subprocess finished

2024-01-26 16:04:35.386925   => 2. Autotest with Bid = Bid:11.02.02.01_02-es.gb.NoAuth from row finished

2024-01-26 16:04:35.386997   3. Run check_results =>
2024-01-26 16:04:35.387026   test_results: 
============================= test session starts ==============================
platform linux -- Python 3.11.7, pytest-7.4.4, pluggy-1.3.0 -- /home/runner/.cache/pypoetry/virtualenvs/testcapitalcompyse-cIj6ROMf-py3.11/bin/python
cachedir: .pytest_cache
metadata: {'Python': '3.11.7', 'Platform': 'Linux-6.2.0-1018-azure-x86_64-with-glibc2.35', 'Packages': {'pytest': '7.4.4', 'pluggy': '1.3.0'}, 'Plugins': {'metadata': '3.0.0', 'timeout': '2.2.0', 'html': '4.1.1', 'xdist': '3.5.0', 'allure-pytest': '2.13.2'}, 'CI': 'true', 'JAVA_HOME': '/usr/lib/jvm/temurin-11-jdk-amd64'}
rootdir: /home/runner/work/SeleniumCapital/SeleniumCapital
configfile: pytest.ini
plugins: metadata-3.0.0, timeout-2.2.0, html-4.1.1, xdist-3.5.0, allure-pytest-2.13.2
collecting ... collected 10 items / 9 deselected / 1 selected

tests/US_11_Education/US_11-02-02_Shares_trading/US_11-02-02-01_Shares_trading_test.py::TestSharesTradingItems::test_02_main_banner_try_demo_button[https://capital.com/es/opera-google-Chrome--ae-NoAuth-aqa.tomelo.an@gmail.com-iT9Vgqi6d$fiZ*Z] FAILED [100%]

=================================== FAILURES ===================================
_ TestSharesTradingItems.test_02_main_banner_try_demo_button[https://capital.com/es/opera-google-Chrome--ae-NoAuth-aqa.tomelo.an@gmail.com-iT9Vgqi6d$fiZ*Z] _

self = <US_11-02-02-01_Shares_trading_test.TestSharesTradingItems object at 0x7f8b27390490>
worker_id = 'master'
d = <selenium.webdriver.chrome.webdriver.WebDriver (session="8012ae9b5e93ac35734b40232fe99841")>
cur_language = 'es', cur_country = 'gb', cur_role = 'NoAuth'
cur_login = 'aqa.tomelo.an@gmail.com', cur_password = 'iT9Vgqi6d$fiZ*Z'
cur_item_link = 'https://capital.com/es/opera-google'

    @allure.step("Start test of button [Try demo] on Main banner")
    # @pytest.mark.skip(reason="Skipped for debugging")
    @pytest.mark.test_02
    def test_02_main_banner_try_demo_button(
            self, worker_id, d, cur_language, cur_country, cur_role, cur_login, cur_password,
            cur_item_link):
        """
        Check: Button [Try demo] on Main banner
        Language: All (Except: EL, HU, NL). License: All.
        """
        bid = build_dynamic_arg_v4(
            d, worker_id, cur_language, cur_country, cur_role,
            "11.02.02", "Education > Menu item [Shares trading]",
            ".01_02", "Testing button [Try demo] on Main banner")
    
        check_language(cur_language)
    
        page_conditions = Conditions(d, "")
        page_conditions.preconditions(
            d, CapitalComPageSrc.URL, "", cur_language, cur_country, cur_role, cur_login, cur_password)
    
        test_element = MainBannerTryDemo(d, cur_item_link, bid)
>       test_element.full_test_with_tpi(d, cur_language, cur_country, cur_role, cur_item_link)

tests/US_11_Education/US_11-02-02_Shares_trading/US_11-02-02-01_Shares_trading_test.py:98: 
_ _ _ _ _ _ _ _ _ _ _ _ _ _ _ _ _ _ _ _ _ _ _ _ _ _ _ _ _ _ _ _ _ _ _ _ _ _ _ _ 
pages/Elements/ButtonTryDemoMainBanner.py:28: in full_test_with_tpi
    test_element.assert_login(d, cur_language, cur_item_link)
_ _ _ _ _ _ _ _ _ _ _ _ _ _ _ _ _ _ _ _ _ _ _ _ _ _ _ _ _ _ _ _ _ _ _ _ _ _ _ _ 

self = <pages.Elements.AssertClass.AssertClass object at 0x7f8b27b68f10>
d = <selenium.webdriver.chrome.webdriver.WebDriver (session="8012ae9b5e93ac35734b40232fe99841")>
cur_language = 'es', cur_link = 'https://capital.com/es/opera-google'

    @allure.step('Checking that "Login" form or page opened')
    def assert_login(self, d, cur_language, cur_link):
        """Method Assert Login form or page"""
        print(f"\n{datetime.now()}   3. Assert_Login_v0")
        self.page_signup_login = SignupLogin(d, cur_link)
        if self.page_signup_login.should_be_login_form():
            self.page_signup_login.close_login_form()
            del self.page_signup_login
        elif self.page_signup_login.should_be_login_page():
            self.page_signup_login.close_login_page()
            del self.page_signup_login
        elif self.page_signup_login.should_be_trading_platform_login_form(cur_language):
            self.page_signup_login.close_trading_platform_login_form()
            del self.page_signup_login
        elif self.page_signup_login.should_be_signup_form(cur_language):
            del self.page_signup_login
            print(f'\nBug: {self.bid}')
            retest_table_fill(self.bid, '05', self.link)
>           assert False, "Bug # 05. Opened a 'Sign up' form instead of a 'Login'"
E           AssertionError: Bug # 05. Opened a 'Sign up' form instead of a 'Login'

pages/Elements/AssertClass.py:69: AssertionError
---------------------------- Captured stdout setup -----------------------------

2024-01-26 16:03:48.699127   *** autouse fixture Chrome ***

{'width': 1280, 'height': 720}
Current test language - es
Current country of trading - gb



Current test role - NoAuth
Current login - aqa.tomelo.an@gmail.com
Current login - iT9Vgqi6d$fiZ*Z
----------------------------- Captured stdout call -----------------------------
{'width': 1280, 'height': 720}

2024-01-26 16:03:49.667759   worker_id = master

2024-01-26 16:03:49.667776   0. Allure grouping v4


2024-01-26 16:03:49.667985   START PRECONDITIONS =>

2024-01-26 16:03:51.439541   Load page https://capital.com

2024-01-26 16:03:51.439587   {'width': 1280, 'height': 720}

2024-01-26 16:03:51.441710   Set windows position at (0, 0) =>

2024-01-26 16:03:51.552694   Set resolution 1280 * 720 =>

2024-01-26 16:03:51.664411   => Resolution seted {'width': 1280, 'height': 720}

2024-01-26 16:03:56.683225   Капчи нет. Тестим дальше

2024-01-26 16:03:56.683317   Prev. Role: ?

2024-01-26 16:03:56.683329   Run preconditions: set "NoAuth" Role =>
2024-01-26 16:03:57.354730   Load page https://capital.com

2024-01-26 16:03:57.532032   => All cookies are deleted
2024-01-26 16:03:58.326711   Load page https://capital.com

2024-01-26 16:03:58.326895   Step 'Click button [Accept all cookies]'
2024-01-26 16:04:03.335442   Is Visible Button [Accept all cookies]? =>
2024-01-26 16:04:03.358307   => Button [Accept all cookies] is visible
2024-01-26 16:04:04.358422   Is clickable Button [Accept all cookies] =>
2024-01-26 16:04:04.386971   => Button [Accept all cookies] is clickable
2024-01-26 16:04:04.387010   Click Button [Accept all cookies] =>
2024-01-26 16:04:04.444162   => Button [Accept all cookies] is clicked
2024-01-26 16:04:04.444206   => Accepted All Cookies

2024-01-26 16:04:04.944825   Start Autorization

2024-01-26 16:04:04.945070   2. Act
2024-01-26 16:04:04.945094   Start Click button [Log in] =>
2024-01-26 16:04:04.958724   BUTTON_LOGIN scroll =>
2024-01-26 16:04:04.966777   Is BUTTON_LOGIN clickable? =>
2024-01-26 16:04:04.993695   => BUTTON_LOGIN is clickable
2024-01-26 16:04:04.993729   BUTTON_LOGIN click =>
2024-01-26 16:04:05.077506   => BUTTON_LOGIN is clicked!
2024-01-26 16:04:05.077628   => 'Login' form is opened
2024-01-26 16:04:05.670080   => "login" and "password" are inputted
2024-01-26 16:04:05.670152   Click [Continue] button on [Login] form =>
2024-01-26 16:04:05.751115   => [Continue] button on [Login] form is clicked
2024-01-26 16:04:08.226261   Start check that the Trading platform page is loaded and LOGO is present on it =>
2024-01-26 16:04:08.226291   Set timeout = 30
2024-01-26 16:04:08.226307   Wait until load page with special title =>
2024-01-26 16:04:08.229905   => Page with title "Trading Platform | Capital.com" is loaded
2024-01-26 16:04:08.229930   Is present LOGO on this page? =>
2024-01-26 16:04:09.752801   => LOGO is visible on this page
2024-01-26 16:04:09.752888   -> "Capital.com" logo is present on trading platform page

2024-01-26 16:04:10.705434   Start DeAuthorisation
2024-01-26 16:04:10.705592   1. BUTTON_MY_ACCOUNT is present? =>
2024-01-26 16:04:10.724142   => BUTTON_MY_ACCOUNT is present on this page
2024-01-26 16:04:12.081335   => Move to BUTTON_MY_ACCOUNT
2024-01-26 16:04:12.081377   2. BUTTON_MY_ACCOUNT is clickable? =>
2024-01-26 16:04:12.100753   => BUTTON_MY_ACCOUNT is clickable
2024-01-26 16:04:12.100785   BUTTON_MY_ACCOUNT Click =>
2024-01-26 16:04:12.946477   => User panel [My account] is opened

2024-01-26 16:04:12.946703   Start Click [Logout] button:
2024-01-26 16:04:12.946721   BUTTON_LOGOUT is present? =>
2024-01-26 16:04:12.954254   => BUTTON_LOGOUT is present
2024-01-26 16:04:12.954279   Is visible BUTTON_LOGOUT? =>
2024-01-26 16:04:12.965038   BUTTON_LOGOUT is clickable? =>
2024-01-26 16:04:12.974982   BUTTON_LOGOUT click =>
2024-01-26 16:04:13.023337   => BUTTON_LOGOUT is clicked

2024-01-26 16:04:13.023466   Current role: NoAuth

2024-01-26 16:04:13.023483   Prev language: ?

2024-01-26 16:04:13.023495   Run preconditions: set "es" language =>


2024-01-26 16:04:13.050803   => Language and Country menu is present


2024-01-26 16:04:13.064039   => Language and Country menu is visible


2024-01-26 16:04:14.849679   => Focus is moved on Language and Country menu 

2024-01-26 16:04:16.457372   => Current language: es

2024-01-26 16:04:16.457407   Prev country: ?

2024-01-26 16:04:16.457417   Run preconditions: set "gb" country =>


2024-01-26 16:04:16.490754   => Language and Country menu is present


2024-01-26 16:04:16.510500   => Language and Country menu is visible


2024-01-26 16:04:18.282627   => Focus is moved on Language and Country menu 

2024-01-26 16:04:20.652474   => Current country: gb

2024-01-26 16:04:20.652514   => THE END PRECONDITIONS

2024-01-26 16:04:20.652549   1. Arrange_v0
2024-01-26 16:04:22.036418   Load page https://capital.com/es/opera-google
2024-01-26 16:04:22.036471   BUTTON_TRY_DEMO is visible? =>
2024-01-26 16:04:22.074409   => BUTTON_TRY_DEMO is visible on the page!

2024-01-26 16:04:22.074572   2. Act_v0
2024-01-26 16:04:22.074586   BUTTON_TRY_DEMO is present? =>
2024-01-26 16:04:22.087099   => BUTTON_TRY_DEMO is present on the page!
2024-01-26 16:04:22.087136   BUTTON_TRY_DEMO scroll =>
2024-01-26 16:04:22.153033   => BUTTON_TRY_DEMO clicked!

2024-01-26 16:04:22.153306   3. Assert_Login_v0
2024-01-26 16:04:22.153400   Check that 'Login' form is opened
2024-01-26 16:04:27.687027   'Login' form not opened
2024-01-26 16:04:27.689889   'Login' page not opened
2024-01-26 16:04:33.225993   'Login' form on trading platform not opened
2024-01-26 16:04:33.226167   Start step Check that [Sign up] form is opened
2024-01-26 16:04:33.241203   'Sign up' form opened
2024-01-26 16:04:33.241235   Assert SIGNUP_HEADER =>
2024-01-26 16:04:33.255989   Assert SIGNUP_REF_LOGIN =>
2024-01-26 16:04:33.268998   Assert SIGNUP_PRIVACY_POLICY_ALL_2 =>
2024-01-26 16:04:33.282176   => SIGNUP_PRIVACY_POLICY_ALL
2024-01-26 16:04:33.282201   => 'Signup' form is checked

Bug: Bid:11.02.02.01_02-es.gb.NoAuth

2024-01-26 16:04:33.282259   Проверка бага в таблице ретеста  =>

2024-01-26 16:04:33.287746   4. Fixing one row check results into Google Sheet Bugs Report =>
1 cells updated.
2024-01-26 16:04:33.789256   => 4. One row check results into Google Sheet Bugs Report fixed

2024-01-26 16:04:34.169952   4. Fixing one row check results into Google Sheet Bugs Report =>
1 cells updated.
2024-01-26 16:04:34.481318   => 4. One row check results into Google Sheet Bugs Report fixed

2024-01-26 16:04:34.481403   Bug: Bid:11.02.02.01_02-es.gb.NoAuth уже существует, но тип бага изменился с 15/01/24 на 05

2024-01-26 16:04:34.481853   Bug: Bid:11.02.02.01_02-es.gb.NoAuth-05 уже существует

2024-01-26 16:04:34.482030   4. Fixing one row check results into Google Sheet Bugs Report =>
1 cells updated.
2024-01-26 16:04:34.930454   => 4. One row check results into Google Sheet Bugs Report fixed
------------------------------ Captured log call -------------------------------
2024-01-26 16:04:27 ERROR Elements not present after 0.5 seconds on page: https://capital.com/es/opera-google
2024-01-26 16:04:27 ERROR 
Traceback (most recent call last):
  File "/home/runner/work/SeleniumCapital/SeleniumCapital/pages/base_page.py", line 82, in inner_function
    return func(*args, **kwargs)
           ^^^^^^^^^^^^^^^^^^^^^
  File "/home/runner/work/SeleniumCapital/SeleniumCapital/pages/base_page.py", line 293, in element_is_visible
    return Wait(self.browser, timeout).until(
           ^^^^^^^^^^^^^^^^^^^^^^^^^^^^^^^^^^
  File "/home/runner/.cache/pypoetry/virtualenvs/testcapitalcompyse-cIj6ROMf-py3.11/lib/python3.11/site-packages/selenium/webdriver/support/wait.py", line 105, in until
    raise TimeoutException(message, screen, stacktrace)
selenium.common.exceptions.TimeoutException: Message: 
Stacktrace:
#0 0x55c314274f83 <unknown>
#1 0x55c313f2dcf7 <unknown>
#2 0x55c313f7d99e <unknown>
#3 0x55c313f7daa1 <unknown>
#4 0x55c313fc8d64 <unknown>
#5 0x55c313fa70dd <unknown>
#6 0x55c313fc6006 <unknown>
#7 0x55c313fa6e53 <unknown>
#8 0x55c313f6edd4 <unknown>
#9 0x55c313f701de <unknown>
#10 0x55c314239531 <unknown>
#11 0x55c31423d455 <unknown>
#12 0x55c314225f55 <unknown>
#13 0x55c31423e0ef <unknown>
#14 0x55c31420999f <unknown>
#15 0x55c314262008 <unknown>
#16 0x55c3142621d7 <unknown>
#17 0x55c314274124 <unknown>
#18 0x7fb99f294ac3 <unknown>

2024-01-26 16:04:33 ERROR Elements not present after 0.5 seconds on page: https://capital.com/es/opera-google
2024-01-26 16:04:33 ERROR 
Traceback (most recent call last):
  File "/home/runner/work/SeleniumCapital/SeleniumCapital/pages/base_page.py", line 82, in inner_function
    return func(*args, **kwargs)
           ^^^^^^^^^^^^^^^^^^^^^
  File "/home/runner/work/SeleniumCapital/SeleniumCapital/pages/base_page.py", line 293, in element_is_visible
    return Wait(self.browser, timeout).until(
           ^^^^^^^^^^^^^^^^^^^^^^^^^^^^^^^^^^
  File "/home/runner/.cache/pypoetry/virtualenvs/testcapitalcompyse-cIj6ROMf-py3.11/lib/python3.11/site-packages/selenium/webdriver/support/wait.py", line 105, in until
    raise TimeoutException(message, screen, stacktrace)
selenium.common.exceptions.TimeoutException: Message: 
Stacktrace:
#0 0x55c314274f83 <unknown>
#1 0x55c313f2dcf7 <unknown>
#2 0x55c313f7d99e <unknown>
#3 0x55c313f7daa1 <unknown>
#4 0x55c313fc8d64 <unknown>
#5 0x55c313fa70dd <unknown>
#6 0x55c313fc6006 <unknown>
#7 0x55c313fa6e53 <unknown>
#8 0x55c313f6edd4 <unknown>
#9 0x55c313f701de <unknown>
#10 0x55c314239531 <unknown>
#11 0x55c31423d455 <unknown>
#12 0x55c314225f55 <unknown>
#13 0x55c31423e0ef <unknown>
#14 0x55c31420999f <unknown>
#15 0x55c314262008 <unknown>
#16 0x55c3142621d7 <unknown>
#17 0x55c314274124 <unknown>
#18 0x7fb99f294ac3 <unknown>
--------------------------- Captured stdout teardown ---------------------------

2024-01-26 16:04:35.275843   *** end fixture Browser = teardown ***

=============================== warnings summary ===============================
tests/US_11_Education/US_11-02-02_Shares_trading/US_11-02-02-01_Shares_trading_test.py::TestSharesTradingItems::test_02_main_banner_try_demo_button[https://capital.com/es/opera-google-Chrome--ae-NoAuth-aqa.tomelo.an@gmail.com-iT9Vgqi6d$fiZ*Z]
  /home/runner/.cache/pypoetry/virtualenvs/testcapitalcompyse-cIj6ROMf-py3.11/lib/python3.11/site-packages/pytest_html/plugin.py:133: DeprecationWarning: The 'report.extra' attribute is deprecated and will be removed in a future release, use 'report.extras' instead.
    warnings.warn(

-- Docs: https://docs.pytest.org/en/stable/how-to/capture-warnings.html
- Generated html report: file:///home/runner/work/SeleniumCapital/SeleniumCapital/report/report.html -
=========================== short test summary info ============================
FAILED tests/US_11_Education/US_11-02-02_Shares_trading/US_11-02-02-01_Shares_trading_test.py::TestSharesTradingItems::test_02_main_banner_try_demo_button[https://capital.com/es/opera-google-Chrome--ae-NoAuth-aqa.tomelo.an@gmail.com-iT9Vgqi6d$fiZ*Z] - AssertionError: Bug # 05. Opened a 'Sign up' form instead of a 'Login'
================= 1 failed, 9 deselected, 1 warning in 46.75s ==================

2024-01-26 16:04:35.387706   => Текущий тест: 1 failed

2024-01-26 16:04:35.389553   => 3. check_results finished

2024-01-26 16:04:35.389768   4. Fixing one row check results into Google Sheet Bugs Report =>
1 cells updated.
2024-01-26 16:04:35.559676   => 4. One row check results into Google Sheet Bugs Report fixed
