


2024-01-26 15:15:18.493678   0. Get Values row =>
2024-01-26 15:15:18.493710   Row # = 622
2024-01-26 15:15:18.493719   Row Values = 
['Bid:11.03.01.00_02-es.gb.NoAuth', 'Ubuntu 22.04', 'Chrome', '11.03.01.00', '_02', 'es', 'gb', 'FCA', 'NoAuth', '', 'Education', 'Trading strategies guide', 'Click Main banner > Button [Try demo]', 'Click Main banner > Button [Try demo]', '', '05', "Bug # 05. Opened a 'Sign up' form instead of a 'Login'", '', '', '', '22/01/24', 'failed']

2024-01-26 15:15:18.493804   1. Run pretest =>

2024-01-26 15:15:18.493817   row_loc = 
['Bid:11.03.01.00_02-es.gb.NoAuth', 'Ubuntu 22.04', 'Chrome', '11.03.01.00', '_02', 'es', 'gb', 'FCA', 'NoAuth', '', 'Education', 'Trading strategies guide', 'Click Main banner > Button [Try demo]', 'Click Main banner > Button [Try demo]', '', '05', "Bug # 05. Opened a 'Sign up' form instead of a 'Login'", '', '', '', '22/01/24', 'failed']

2024-01-26 15:15:18.493831   => 1. Pretest finished

2024-01-26 15:15:18.493894   2. Run run_pytest with Bid = Bid:11.03.01.00_02-es.gb.NoAuth from row =>

2024-01-26 15:15:18.493906   2.2. Run poetry run pytest ... in subprocess =>

2024-01-26 15:15:18.493917   Run command: 
poetry run pytest --retest=True --browser_name=Chrome --lang=es --country=gb --role=NoAuth -m test_02 -v \tests/US_11_Education/US_11-03-01_trading_strategies_guide/US_11-03-01-00_trading_strategies_guide_test.py

2024-01-26 15:16:08.886967   => 2.2. pytest ... as subprocess finished

2024-01-26 15:16:08.887006   => 2. Autotest with Bid = Bid:11.03.01.00_02-es.gb.NoAuth from row finished

2024-01-26 15:16:08.887082   3. Run check_results =>
2024-01-26 15:16:08.887104   test_results: 
============================= test session starts ==============================
platform linux -- Python 3.11.7, pytest-7.4.4, pluggy-1.3.0 -- /home/runner/.cache/pypoetry/virtualenvs/testcapitalcompyse-cIj6ROMf-py3.11/bin/python
cachedir: .pytest_cache
metadata: {'Python': '3.11.7', 'Platform': 'Linux-6.2.0-1018-azure-x86_64-with-glibc2.35', 'Packages': {'pytest': '7.4.4', 'pluggy': '1.3.0'}, 'Plugins': {'metadata': '3.0.0', 'timeout': '2.2.0', 'html': '4.1.1', 'xdist': '3.5.0', 'allure-pytest': '2.13.2'}, 'CI': 'true', 'JAVA_HOME': '/usr/lib/jvm/temurin-11-jdk-amd64'}
rootdir: /home/runner/work/SeleniumCapital/SeleniumCapital
configfile: pytest.ini
plugins: metadata-3.0.0, timeout-2.2.0, html-4.1.1, xdist-3.5.0, allure-pytest-2.13.2
collecting ... collected 5 items / 4 deselected / 1 selected

tests/US_11_Education/US_11-03-01_trading_strategies_guide/US_11-03-01-00_trading_strategies_guide_test.py::TestTradingStrategiesGuides::test_02_main_banner_try_demo_button[Chrome--ae-NoAuth-aqa.tomelo.an@gmail.com-iT9Vgqi6d$fiZ*Z] FAILED [100%]

=================================== FAILURES ===================================
_ TestTradingStrategiesGuides.test_02_main_banner_try_demo_button[Chrome--ae-NoAuth-aqa.tomelo.an@gmail.com-iT9Vgqi6d$fiZ*Z] _

self = <US_11-03-01-00_trading_strategies_guide_test.TestTradingStrategiesGuides object at 0x7f43e3e0e750>
worker_id = 'master'
d = <selenium.webdriver.chrome.webdriver.WebDriver (session="e043212edc644dadafd66d73f6d769a0")>
cur_language = 'es', cur_country = 'gb', cur_role = 'NoAuth'
cur_login = 'aqa.tomelo.an@gmail.com', cur_password = 'iT9Vgqi6d$fiZ*Z'

    @allure.step("Start test_11.03.01_02 of button [Try demo] on Main banner")
    @pytest.mark.test_02
    def test_02_main_banner_try_demo_button(
            self, worker_id, d, cur_language, cur_country, cur_role, cur_login, cur_password):
        """
        Check: Button [Try demo] on Main banner
        Language: All. License: All.
        """
        bid = build_dynamic_arg_v4(
            d, worker_id, cur_language, cur_country, cur_role,
            "11.03.01", "Education > Menu item [Trading Strategies Guides]",
            ".00_02", "Testing button [Try demo] on Main banner")
    
        Common().skip_if_eng_lang_and_fca_license(cur_language, cur_country)
    
        Common().check_language_in_list_and_skip_if_not_present(cur_language, ["", "de", "es", "it", "cn", "ru", "zh"])
    
        page_conditions = Conditions(d, "")
        link = page_conditions.preconditions(
            d, CapitalComPageSrc.URL, "", cur_language, cur_country, cur_role, cur_login, cur_password)
    
        page_menu = MenuSection(d, link)
        page_menu.menu_education_move_focus(d, cur_language, cur_country)
        cur_page_url = page_menu.sub_menu_trading_strategies_guide_move_focus_click(d, cur_language)
    
        test_element = MainBannerTryDemo(d, cur_page_url, bid)
>       test_element.full_test_with_tpi(d, cur_language, cur_country, cur_role, cur_page_url)

tests/US_11_Education/US_11-03-01_trading_strategies_guide/US_11-03-01-00_trading_strategies_guide_test.py:81: 
_ _ _ _ _ _ _ _ _ _ _ _ _ _ _ _ _ _ _ _ _ _ _ _ _ _ _ _ _ _ _ _ _ _ _ _ _ _ _ _ 
pages/Elements/ButtonTryDemoMainBanner.py:28: in full_test_with_tpi
    test_element.assert_login(d, cur_language, cur_item_link)
_ _ _ _ _ _ _ _ _ _ _ _ _ _ _ _ _ _ _ _ _ _ _ _ _ _ _ _ _ _ _ _ _ _ _ _ _ _ _ _ 

self = <pages.Elements.AssertClass.AssertClass object at 0x7f43e3b55cd0>
d = <selenium.webdriver.chrome.webdriver.WebDriver (session="e043212edc644dadafd66d73f6d769a0")>
cur_language = 'es', cur_link = 'https://capital.com/es/guia-de-estrategias'

    @allure.step('Checking that "Login" form or page opened')
    def assert_login(self, d, cur_language, cur_link):
        """Method Assert Login form or page"""
        print(f"\n{datetime.now()}   3. Assert_Login_v0")
        self.page_signup_login = SignupLogin(d, cur_link)
        if self.page_signup_login.should_be_login_form():
            self.page_signup_login.close_login_form()
            del self.page_signup_login
        elif self.page_signup_login.should_be_login_page():
            self.page_signup_login.close_login_page()
            del self.page_signup_login
        elif self.page_signup_login.should_be_trading_platform_login_form(cur_language):
            self.page_signup_login.close_trading_platform_login_form()
            del self.page_signup_login
        elif self.page_signup_login.should_be_signup_form(cur_language):
            del self.page_signup_login
            print(f'\nBug: {self.bid}')
            retest_table_fill(self.bid, '05', self.link)
>           assert False, "Bug # 05. Opened a 'Sign up' form instead of a 'Login'"
E           AssertionError: Bug # 05. Opened a 'Sign up' form instead of a 'Login'

pages/Elements/AssertClass.py:69: AssertionError
---------------------------- Captured stdout setup -----------------------------

2024-01-26 15:15:19.339102   *** autouse fixture Chrome ***

{'width': 1280, 'height': 720}
Current test language - es
Current country of trading - gb



Current test role - NoAuth
Current login - aqa.tomelo.an@gmail.com
Current login - iT9Vgqi6d$fiZ*Z
----------------------------- Captured stdout call -----------------------------
{'width': 1280, 'height': 720}

2024-01-26 15:15:20.317114   worker_id = master

2024-01-26 15:15:20.317130   0. Allure grouping v4


2024-01-26 15:15:20.317319   START PRECONDITIONS =>

2024-01-26 15:15:21.864843   Load page https://capital.com

2024-01-26 15:15:21.864893   {'width': 1280, 'height': 720}

2024-01-26 15:15:21.866871   Set windows position at (0, 0) =>

2024-01-26 15:15:22.011304   Set resolution 1280 * 720 =>

2024-01-26 15:15:22.116896   => Resolution seted {'width': 1280, 'height': 720}

2024-01-26 15:15:27.150888   Капчи нет. Тестим дальше

2024-01-26 15:15:27.150986   Prev. Role: ?

2024-01-26 15:15:27.150999   Run preconditions: set "NoAuth" Role =>
2024-01-26 15:15:28.253351   Load page https://capital.com

2024-01-26 15:15:28.461482   => All cookies are deleted
2024-01-26 15:15:29.323921   Load page https://capital.com

2024-01-26 15:15:29.324186   Step 'Click button [Accept all cookies]'
2024-01-26 15:15:34.351274   Is Visible Button [Accept all cookies]? =>
2024-01-26 15:15:34.373519   => Button [Accept all cookies] is visible
2024-01-26 15:15:35.373643   Is clickable Button [Accept all cookies] =>
2024-01-26 15:15:35.403291   => Button [Accept all cookies] is clickable
2024-01-26 15:15:35.403334   Click Button [Accept all cookies] =>
2024-01-26 15:15:35.468920   => Button [Accept all cookies] is clicked
2024-01-26 15:15:35.468969   => Accepted All Cookies

2024-01-26 15:15:35.969336   Start Autorization

2024-01-26 15:15:35.969460   2. Act
2024-01-26 15:15:35.969476   Start Click button [Log in] =>
2024-01-26 15:15:35.983254   BUTTON_LOGIN scroll =>
2024-01-26 15:15:35.987289   Is BUTTON_LOGIN clickable? =>
2024-01-26 15:15:36.009923   => BUTTON_LOGIN is clickable
2024-01-26 15:15:36.009967   BUTTON_LOGIN click =>
2024-01-26 15:15:36.056422   => BUTTON_LOGIN is clicked!
2024-01-26 15:15:36.056510   => 'Login' form is opened
2024-01-26 15:15:36.569979   => "login" and "password" are inputted
2024-01-26 15:15:36.570030   Click [Continue] button on [Login] form =>
2024-01-26 15:15:36.731830   => [Continue] button on [Login] form is clicked
2024-01-26 15:15:39.418143   Start check that the Trading platform page is loaded and LOGO is present on it =>
2024-01-26 15:15:39.418180   Set timeout = 30
2024-01-26 15:15:39.418197   Wait until load page with special title =>
2024-01-26 15:15:39.422674   => Page with title "Trading Platform | Capital.com" is loaded
2024-01-26 15:15:39.422712   Is present LOGO on this page? =>
2024-01-26 15:15:40.962596   => LOGO is visible on this page
2024-01-26 15:15:40.962685   -> "Capital.com" logo is present on trading platform page

2024-01-26 15:15:42.047962   Start DeAuthorisation
2024-01-26 15:15:42.048094   1. BUTTON_MY_ACCOUNT is present? =>
2024-01-26 15:15:42.067226   => BUTTON_MY_ACCOUNT is present on this page
2024-01-26 15:15:43.414981   => Move to BUTTON_MY_ACCOUNT
2024-01-26 15:15:43.415029   2. BUTTON_MY_ACCOUNT is clickable? =>
2024-01-26 15:15:43.443165   => BUTTON_MY_ACCOUNT is clickable
2024-01-26 15:15:43.443211   BUTTON_MY_ACCOUNT Click =>
2024-01-26 15:15:44.288402   => User panel [My account] is opened

2024-01-26 15:15:44.288608   Start Click [Logout] button:
2024-01-26 15:15:44.288622   BUTTON_LOGOUT is present? =>
2024-01-26 15:15:44.300033   => BUTTON_LOGOUT is present
2024-01-26 15:15:44.300074   Is visible BUTTON_LOGOUT? =>
2024-01-26 15:15:44.315158   BUTTON_LOGOUT is clickable? =>
2024-01-26 15:15:44.325741   BUTTON_LOGOUT click =>
2024-01-26 15:15:44.404019   => BUTTON_LOGOUT is clicked

2024-01-26 15:15:44.404149   Current role: NoAuth

2024-01-26 15:15:44.404171   Prev language: ?

2024-01-26 15:15:44.404180   Run preconditions: set "es" language =>


2024-01-26 15:15:44.435001   => Language and Country menu is present


2024-01-26 15:15:44.451680   => Language and Country menu is visible


2024-01-26 15:15:46.232228   => Focus is moved on Language and Country menu 

2024-01-26 15:15:48.003189   => Current language: es

2024-01-26 15:15:48.003235   Prev country: ?

2024-01-26 15:15:48.003246   Run preconditions: set "gb" country =>


2024-01-26 15:15:48.035500   => Language and Country menu is present


2024-01-26 15:15:48.049947   => Language and Country menu is visible


2024-01-26 15:15:49.832722   => Focus is moved on Language and Country menu 

2024-01-26 15:15:52.091700   => Current country: gb

2024-01-26 15:15:52.091756   => THE END PRECONDITIONS
2024-01-26 15:15:52.607231   => Education menu is present
2024-01-26 15:15:52.626122   => Education menu is visible
2024-01-26 15:15:53.898642   => Education menu focus moved

2024-01-26 15:15:55.575384   1. Arrange_v0
2024-01-26 15:15:55.580684   BUTTON_TRY_DEMO is visible? =>
2024-01-26 15:15:55.598391   => BUTTON_TRY_DEMO is visible on the page!

2024-01-26 15:15:55.598601   2. Act_v0
2024-01-26 15:15:55.598620   BUTTON_TRY_DEMO is present? =>
2024-01-26 15:15:55.606427   => BUTTON_TRY_DEMO is present on the page!
2024-01-26 15:15:55.606459   BUTTON_TRY_DEMO scroll =>
2024-01-26 15:15:55.655640   => BUTTON_TRY_DEMO clicked!

2024-01-26 15:15:55.655885   3. Assert_Login_v0
2024-01-26 15:15:55.655973   Check that 'Login' form is opened
2024-01-26 15:16:01.193011   'Login' form not opened
2024-01-26 15:16:01.196469   'Login' page not opened
2024-01-26 15:16:06.719043   'Login' form on trading platform not opened
2024-01-26 15:16:06.719231   Start step Check that [Sign up] form is opened
2024-01-26 15:16:06.735353   'Sign up' form opened
2024-01-26 15:16:06.735395   Assert SIGNUP_HEADER =>
2024-01-26 15:16:06.751165   Assert SIGNUP_REF_LOGIN =>
2024-01-26 15:16:06.765778   Assert SIGNUP_PRIVACY_POLICY_ALL_2 =>
2024-01-26 15:16:06.780020   => SIGNUP_PRIVACY_POLICY_ALL
2024-01-26 15:16:06.780075   => 'Signup' form is checked

Bug: Bid:11.03.01.00_02-es.gb.NoAuth

2024-01-26 15:16:06.780167   Проверка бага в таблице ретеста  =>

2024-01-26 15:16:06.788734   4. Fixing one row check results into Google Sheet Bugs Report =>
1 cells updated.
2024-01-26 15:16:07.208866   => 4. One row check results into Google Sheet Bugs Report fixed

2024-01-26 15:16:07.776719   4. Fixing one row check results into Google Sheet Bugs Report =>
1 cells updated.
2024-01-26 15:16:07.969734   => 4. One row check results into Google Sheet Bugs Report fixed

2024-01-26 15:16:07.969810   Bug: Bid:11.03.01.00_02-es.gb.NoAuth уже существует, но тип бага изменился с 22/01/24 на 05

2024-01-26 15:16:07.970246   Bug: Bid:11.03.01.00_02-es.gb.NoAuth-05 уже существует

2024-01-26 15:16:07.970395   4. Fixing one row check results into Google Sheet Bugs Report =>
1 cells updated.
2024-01-26 15:16:08.436890   => 4. One row check results into Google Sheet Bugs Report fixed
------------------------------ Captured log call -------------------------------
2024-01-26 15:16:01 ERROR Elements not present after 0.5 seconds on page: https://capital.com/es/guia-de-estrategias
2024-01-26 15:16:01 ERROR 
Traceback (most recent call last):
  File "/home/runner/work/SeleniumCapital/SeleniumCapital/pages/base_page.py", line 82, in inner_function
    return func(*args, **kwargs)
           ^^^^^^^^^^^^^^^^^^^^^
  File "/home/runner/work/SeleniumCapital/SeleniumCapital/pages/base_page.py", line 293, in element_is_visible
    return Wait(self.browser, timeout).until(
           ^^^^^^^^^^^^^^^^^^^^^^^^^^^^^^^^^^
  File "/home/runner/.cache/pypoetry/virtualenvs/testcapitalcompyse-cIj6ROMf-py3.11/lib/python3.11/site-packages/selenium/webdriver/support/wait.py", line 105, in until
    raise TimeoutException(message, screen, stacktrace)
selenium.common.exceptions.TimeoutException: Message: 
Stacktrace:
#0 0x556d42c02f83 <unknown>
#1 0x556d428bbcf7 <unknown>
#2 0x556d4290b99e <unknown>
#3 0x556d4290baa1 <unknown>
#4 0x556d42956d64 <unknown>
#5 0x556d429350dd <unknown>
#6 0x556d42954006 <unknown>
#7 0x556d42934e53 <unknown>
#8 0x556d428fcdd4 <unknown>
#9 0x556d428fe1de <unknown>
#10 0x556d42bc7531 <unknown>
#11 0x556d42bcb455 <unknown>
#12 0x556d42bb3f55 <unknown>
#13 0x556d42bcc0ef <unknown>
#14 0x556d42b9799f <unknown>
#15 0x556d42bf0008 <unknown>
#16 0x556d42bf01d7 <unknown>
#17 0x556d42c02124 <unknown>
#18 0x7f6041294ac3 <unknown>

2024-01-26 15:16:06 ERROR Elements not present after 0.5 seconds on page: https://capital.com/es/guia-de-estrategias
2024-01-26 15:16:06 ERROR 
Traceback (most recent call last):
  File "/home/runner/work/SeleniumCapital/SeleniumCapital/pages/base_page.py", line 82, in inner_function
    return func(*args, **kwargs)
           ^^^^^^^^^^^^^^^^^^^^^
  File "/home/runner/work/SeleniumCapital/SeleniumCapital/pages/base_page.py", line 293, in element_is_visible
    return Wait(self.browser, timeout).until(
           ^^^^^^^^^^^^^^^^^^^^^^^^^^^^^^^^^^
  File "/home/runner/.cache/pypoetry/virtualenvs/testcapitalcompyse-cIj6ROMf-py3.11/lib/python3.11/site-packages/selenium/webdriver/support/wait.py", line 105, in until
    raise TimeoutException(message, screen, stacktrace)
selenium.common.exceptions.TimeoutException: Message: 
Stacktrace:
#0 0x556d42c02f83 <unknown>
#1 0x556d428bbcf7 <unknown>
#2 0x556d4290b99e <unknown>
#3 0x556d4290baa1 <unknown>
#4 0x556d42956d64 <unknown>
#5 0x556d429350dd <unknown>
#6 0x556d42954006 <unknown>
#7 0x556d42934e53 <unknown>
#8 0x556d428fcdd4 <unknown>
#9 0x556d428fe1de <unknown>
#10 0x556d42bc7531 <unknown>
#11 0x556d42bcb455 <unknown>
#12 0x556d42bb3f55 <unknown>
#13 0x556d42bcc0ef <unknown>
#14 0x556d42b9799f <unknown>
#15 0x556d42bf0008 <unknown>
#16 0x556d42bf01d7 <unknown>
#17 0x556d42c02124 <unknown>
#18 0x7f6041294ac3 <unknown>
--------------------------- Captured stdout teardown ---------------------------

2024-01-26 15:16:08.782992   *** end fixture Browser = teardown ***

=============================== warnings summary ===============================
tests/US_11_Education/US_11-03-01_trading_strategies_guide/US_11-03-01-00_trading_strategies_guide_test.py::TestTradingStrategiesGuides::test_02_main_banner_try_demo_button[Chrome--ae-NoAuth-aqa.tomelo.an@gmail.com-iT9Vgqi6d$fiZ*Z]
  /home/runner/.cache/pypoetry/virtualenvs/testcapitalcompyse-cIj6ROMf-py3.11/lib/python3.11/site-packages/pytest_html/plugin.py:133: DeprecationWarning: The 'report.extra' attribute is deprecated and will be removed in a future release, use 'report.extras' instead.
    warnings.warn(

-- Docs: https://docs.pytest.org/en/stable/how-to/capture-warnings.html
- Generated html report: file:///home/runner/work/SeleniumCapital/SeleniumCapital/report/report.html -
=========================== short test summary info ============================
FAILED tests/US_11_Education/US_11-03-01_trading_strategies_guide/US_11-03-01-00_trading_strategies_guide_test.py::TestTradingStrategiesGuides::test_02_main_banner_try_demo_button[Chrome--ae-NoAuth-aqa.tomelo.an@gmail.com-iT9Vgqi6d$fiZ*Z] - AssertionError: Bug # 05. Opened a 'Sign up' form instead of a 'Login'
================= 1 failed, 4 deselected, 1 warning in 49.60s ==================

2024-01-26 15:16:08.887648   => Текущий тест: 1 failed

2024-01-26 15:16:08.888822   => 3. check_results finished

2024-01-26 15:16:08.889011   4. Fixing one row check results into Google Sheet Bugs Report =>
1 cells updated.
2024-01-26 15:16:09.066633   => 4. One row check results into Google Sheet Bugs Report fixed
