


2024-01-26 16:09:41.375787   0. Get Values row =>
2024-01-26 16:09:41.375816   Row # = 1412
2024-01-26 16:09:41.375825   Row Values = 
['Bid:11.03.07.00_01-cn.gb.NoAuth', 'Server 2022', 'Chrome', '11.03.07.00', '_01', 'cn', 'gb', 'FCA', 'NoAuth', '', 'Education', 'What is a margin?', 'On Main banner click Button [Start Trading]', 'On Main banner click Button [Start Trading]', '', '05', "Bug # 05. Opened a 'Sign up' form instead of a 'Login'", '', '', '', '14/01/24', 'failed']

2024-01-26 16:09:41.375945   1. Run pretest =>

2024-01-26 16:09:41.375967   row_loc = 
['Bid:11.03.07.00_01-cn.gb.NoAuth', 'Server 2022', 'Chrome', '11.03.07.00', '_01', 'cn', 'gb', 'FCA', 'NoAuth', '', 'Education', 'What is a margin?', 'On Main banner click Button [Start Trading]', 'On Main banner click Button [Start Trading]', '', '05', "Bug # 05. Opened a 'Sign up' form instead of a 'Login'", '', '', '', '14/01/24', 'failed']

2024-01-26 16:09:41.375988   => 1. Pretest finished

2024-01-26 16:09:41.376079   2. Run run_pytest with Bid = Bid:11.03.07.00_01-cn.gb.NoAuth from row =>

2024-01-26 16:09:41.376094   2.2. Run poetry run pytest ... in subprocess =>

2024-01-26 16:09:41.376106   Run command: 
poetry run pytest --retest=True --browser_name=Chrome --lang=cn --country=gb --role=NoAuth -m test_01 -v \tests/US_11_Education/US_11-03-07_What_is_a_margin/US_11-03-07_What_is_a_margin_test.py

2024-01-26 16:10:31.632434   => 2.2. pytest ... as subprocess finished

2024-01-26 16:10:31.632482   => 2. Autotest with Bid = Bid:11.03.07.00_01-cn.gb.NoAuth from row finished

2024-01-26 16:10:31.632557   3. Run check_results =>
2024-01-26 16:10:31.632582   test_results: 
============================= test session starts ==============================
platform linux -- Python 3.11.7, pytest-7.4.4, pluggy-1.3.0 -- /home/runner/.cache/pypoetry/virtualenvs/testcapitalcompyse-cIj6ROMf-py3.11/bin/python
cachedir: .pytest_cache
metadata: {'Python': '3.11.7', 'Platform': 'Linux-6.2.0-1018-azure-x86_64-with-glibc2.35', 'Packages': {'pytest': '7.4.4', 'pluggy': '1.3.0'}, 'Plugins': {'metadata': '3.0.0', 'timeout': '2.2.0', 'html': '4.1.1', 'xdist': '3.5.0', 'allure-pytest': '2.13.2'}, 'CI': 'true', 'JAVA_HOME': '/usr/lib/jvm/temurin-11-jdk-amd64'}
rootdir: /home/runner/work/SeleniumCapital/SeleniumCapital
configfile: pytest.ini
plugins: metadata-3.0.0, timeout-2.2.0, html-4.1.1, xdist-3.5.0, allure-pytest-2.13.2
collecting ... collected 6 items / 5 deselected / 1 selected

tests/US_11_Education/US_11-03-07_What_is_a_margin/US_11-03-07_What_is_a_margin_test.py::TestWhatIsMargin::test_01_main_banner_start_trading_button[Chrome--ae-NoAuth-aqa.tomelo.an@gmail.com-iT9Vgqi6d$fiZ*Z] FAILED [100%]

=================================== FAILURES ===================================
_ TestWhatIsMargin.test_01_main_banner_start_trading_button[Chrome--ae-NoAuth-aqa.tomelo.an@gmail.com-iT9Vgqi6d$fiZ*Z] _

self = <US_11-03-07_What_is_a_margin_test.TestWhatIsMargin object at 0x7f2bdd6c1a10>
worker_id = 'master'
d = <selenium.webdriver.chrome.webdriver.WebDriver (session="1e66143a39ac308a59b6ccc5b9dffee9")>
cur_language = 'cn', cur_country = 'gb', cur_role = 'NoAuth'
cur_login = 'aqa.tomelo.an@gmail.com', cur_password = 'iT9Vgqi6d$fiZ*Z'

    @allure.step("Start test of button [Start trading] on Main banner")
    @pytest.mark.test_01
    def test_01_main_banner_start_trading_button(
            self, worker_id, d, cur_language, cur_country, cur_role, cur_login, cur_password):
        """
        Check: Button [Start Trading] on Main banner
        Language: All. License: All.
        """
        bid = build_dynamic_arg_v4(
            d, worker_id, cur_language, cur_country, cur_role,
            "11.03.07", "Education > Menu item [What is a margin?]",
            ".00_01", "Testing button [Start Trading] on Main banner")
    
        Common().skip_if_eng_lang_and_fca_license(cur_language, cur_country)
    
        link = self.us_link.get_us_link(d, cur_language, cur_country, cur_role, cur_login, cur_password)
    
        test_element = MainBannerStartTrading(d, link)
        test_element.arrange_(d, link)
    
        if not test_element.element_click():
            pytest.fail("Testing element is not clicked")
    
        test_element = AssertClass(d, link, bid)
        match cur_role:
            case "NoReg":
                test_element.assert_signup(d, cur_language, link)
            case "NoAuth":
>               test_element.assert_login(d, cur_language, link)

tests/US_11_Education/US_11-03-07_What_is_a_margin/US_11-03-07_What_is_a_margin_test.py:70: 
_ _ _ _ _ _ _ _ _ _ _ _ _ _ _ _ _ _ _ _ _ _ _ _ _ _ _ _ _ _ _ _ _ _ _ _ _ _ _ _ 

self = <pages.Elements.AssertClass.AssertClass object at 0x7f2bdd5970d0>
d = <selenium.webdriver.chrome.webdriver.WebDriver (session="1e66143a39ac308a59b6ccc5b9dffee9")>
cur_language = 'cn', cur_link = 'https://capital.com/cn/margin-trading'

    @allure.step('Checking that "Login" form or page opened')
    def assert_login(self, d, cur_language, cur_link):
        """Method Assert Login form or page"""
        print(f"\n{datetime.now()}   3. Assert_Login_v0")
        self.page_signup_login = SignupLogin(d, cur_link)
        if self.page_signup_login.should_be_login_form():
            self.page_signup_login.close_login_form()
            del self.page_signup_login
        elif self.page_signup_login.should_be_login_page():
            self.page_signup_login.close_login_page()
            del self.page_signup_login
        elif self.page_signup_login.should_be_trading_platform_login_form(cur_language):
            self.page_signup_login.close_trading_platform_login_form()
            del self.page_signup_login
        elif self.page_signup_login.should_be_signup_form(cur_language):
            del self.page_signup_login
            print(f'\nBug: {self.bid}')
            retest_table_fill(self.bid, '05', self.link)
>           assert False, "Bug # 05. Opened a 'Sign up' form instead of a 'Login'"
E           AssertionError: Bug # 05. Opened a 'Sign up' form instead of a 'Login'

pages/Elements/AssertClass.py:69: AssertionError
---------------------------- Captured stdout setup -----------------------------

2024-01-26 16:09:42.374774   *** autouse fixture Chrome ***

{'width': 1280, 'height': 720}
Current test language - cn
Current country of trading - gb



Current test role - NoAuth
Current login - aqa.tomelo.an@gmail.com
Current login - iT9Vgqi6d$fiZ*Z
----------------------------- Captured stdout call -----------------------------
{'width': 1280, 'height': 720}

2024-01-26 16:09:43.345071   worker_id = master

2024-01-26 16:09:43.345089   0. Allure grouping v4


2024-01-26 16:09:43.345280   START PRECONDITIONS =>

2024-01-26 16:09:44.875291   Load page https://capital.com

2024-01-26 16:09:44.875338   {'width': 1280, 'height': 720}

2024-01-26 16:09:44.878498   Set windows position at (0, 0) =>

2024-01-26 16:09:45.041303   Set resolution 1280 * 720 =>

2024-01-26 16:09:45.149580   => Resolution seted {'width': 1280, 'height': 720}

2024-01-26 16:09:50.202320   Капчи нет. Тестим дальше

2024-01-26 16:09:50.202417   Prev. Role: ?

2024-01-26 16:09:50.202429   Run preconditions: set "NoAuth" Role =>
2024-01-26 16:09:51.023127   Load page https://capital.com

2024-01-26 16:09:51.220412   => All cookies are deleted
2024-01-26 16:09:52.087314   Load page https://capital.com

2024-01-26 16:09:52.087505   Step 'Click button [Accept all cookies]'
2024-01-26 16:09:57.120272   Is Visible Button [Accept all cookies]? =>
2024-01-26 16:09:57.144982   => Button [Accept all cookies] is visible
2024-01-26 16:09:58.145112   Is clickable Button [Accept all cookies] =>
2024-01-26 16:09:58.179394   => Button [Accept all cookies] is clickable
2024-01-26 16:09:58.179429   Click Button [Accept all cookies] =>
2024-01-26 16:09:58.256914   => Button [Accept all cookies] is clicked
2024-01-26 16:09:58.256965   => Accepted All Cookies

2024-01-26 16:09:58.757390   Start Autorization

2024-01-26 16:09:58.757517   2. Act
2024-01-26 16:09:58.757536   Start Click button [Log in] =>
2024-01-26 16:09:58.773419   BUTTON_LOGIN scroll =>
2024-01-26 16:09:58.779265   Is BUTTON_LOGIN clickable? =>
2024-01-26 16:09:58.809940   => BUTTON_LOGIN is clickable
2024-01-26 16:09:58.809979   BUTTON_LOGIN click =>
2024-01-26 16:09:58.907144   => BUTTON_LOGIN is clicked!
2024-01-26 16:09:58.907238   => 'Login' form is opened
2024-01-26 16:09:59.477972   => "login" and "password" are inputted
2024-01-26 16:09:59.478016   Click [Continue] button on [Login] form =>
2024-01-26 16:09:59.562359   => [Continue] button on [Login] form is clicked
2024-01-26 16:10:02.164694   Start check that the Trading platform page is loaded and LOGO is present on it =>
2024-01-26 16:10:02.164729   Set timeout = 30
2024-01-26 16:10:02.164745   Wait until load page with special title =>
2024-01-26 16:10:02.167828   => Page with title "Trading Platform | Capital.com" is loaded
2024-01-26 16:10:02.167853   Is present LOGO on this page? =>
2024-01-26 16:10:03.549356   => LOGO is visible on this page
2024-01-26 16:10:03.549454   -> "Capital.com" logo is present on trading platform page

2024-01-26 16:10:04.631588   Start DeAuthorisation
2024-01-26 16:10:04.631705   1. BUTTON_MY_ACCOUNT is present? =>
2024-01-26 16:10:04.646817   => BUTTON_MY_ACCOUNT is present on this page
2024-01-26 16:10:05.949053   => Move to BUTTON_MY_ACCOUNT
2024-01-26 16:10:05.949098   2. BUTTON_MY_ACCOUNT is clickable? =>
2024-01-26 16:10:05.966920   => BUTTON_MY_ACCOUNT is clickable
2024-01-26 16:10:05.966947   BUTTON_MY_ACCOUNT Click =>
2024-01-26 16:10:06.787262   => User panel [My account] is opened

2024-01-26 16:10:06.787451   Start Click [Logout] button:
2024-01-26 16:10:06.787466   BUTTON_LOGOUT is present? =>
2024-01-26 16:10:06.794938   => BUTTON_LOGOUT is present
2024-01-26 16:10:06.794959   Is visible BUTTON_LOGOUT? =>
2024-01-26 16:10:06.806347   BUTTON_LOGOUT is clickable? =>
2024-01-26 16:10:06.818970   BUTTON_LOGOUT click =>
2024-01-26 16:10:06.864927   => BUTTON_LOGOUT is clicked

2024-01-26 16:10:06.865037   Current role: NoAuth

2024-01-26 16:10:06.865050   Prev language: ?

2024-01-26 16:10:06.865059   Run preconditions: set "cn" language =>


2024-01-26 16:10:06.889182   => Language and Country menu is present


2024-01-26 16:10:06.902155   => Language and Country menu is visible


2024-01-26 16:10:08.685422   => Focus is moved on Language and Country menu 

2024-01-26 16:10:10.321552   => Current language: cn

2024-01-26 16:10:10.321587   Prev country: ?

2024-01-26 16:10:10.321597   Run preconditions: set "gb" country =>


2024-01-26 16:10:10.341794   => Language and Country menu is present


2024-01-26 16:10:10.357927   => Language and Country menu is visible


2024-01-26 16:10:12.134145   => Focus is moved on Language and Country menu 

2024-01-26 16:10:14.245474   => Current country: gb

2024-01-26 16:10:14.245509   => THE END PRECONDITIONS
2024-01-26 16:10:14.757432   => Education menu is present
2024-01-26 16:10:14.774102   => Education menu is visible
2024-01-26 16:10:16.048785   => Education menu focus moved


2024-01-26 16:10:18.175881   => 'What is a margin?' menu click

2024-01-26 16:10:18.182622   1. Arrange_v0
2024-01-26 16:10:18.198131   BUTTON_START_TRADING scroll =>
2024-01-26 16:10:18.221725   BUTTON_START_TRADING is visible? =>
2024-01-26 16:10:18.239998   => BUTTON_START_TRADING is visible on the page!

2024-01-26 16:10:18.240201   2. Act_v0
2024-01-26 16:10:18.240222   Start Click button [Start Trading] =>
2024-01-26 16:10:18.251785   BUTTON_START_TRADING is clickable? =>
2024-01-26 16:10:18.264806   BUTTON_START_TRADING click =>
2024-01-26 16:10:18.319661   => BUTTON_START_TRADING clicked

2024-01-26 16:10:18.319914   3. Assert_Login_v0
2024-01-26 16:10:18.320004   Check that 'Login' form is opened
2024-01-26 16:10:23.891360   'Login' form not opened
2024-01-26 16:10:23.894507   'Login' page not opened
2024-01-26 16:10:29.445475   'Login' form on trading platform not opened
2024-01-26 16:10:29.445724   Start step Check that [Sign up] form is opened
2024-01-26 16:10:29.462627   'Sign up' form opened
2024-01-26 16:10:29.462665   Assert SIGNUP_HEADER =>
2024-01-26 16:10:29.476159   Assert SIGNUP_REF_LOGIN =>
2024-01-26 16:10:29.489916   Assert SIGNUP_PRIVACY_POLICY_ALL_2 =>
2024-01-26 16:10:29.503272   => SIGNUP_PRIVACY_POLICY_ALL
2024-01-26 16:10:29.503302   => 'Signup' form is checked

Bug: Bid:11.03.07.00_01-cn.gb.NoAuth

2024-01-26 16:10:29.503359   Проверка бага в таблице ретеста  =>

2024-01-26 16:10:29.509685   4. Fixing one row check results into Google Sheet Bugs Report =>
1 cells updated.
2024-01-26 16:10:30.061435   => 4. One row check results into Google Sheet Bugs Report fixed

2024-01-26 16:10:30.455582   4. Fixing one row check results into Google Sheet Bugs Report =>
1 cells updated.
2024-01-26 16:10:30.781455   => 4. One row check results into Google Sheet Bugs Report fixed

2024-01-26 16:10:30.781528   Bug: Bid:11.03.07.00_01-cn.gb.NoAuth уже существует, но тип бага изменился с 14/01/24 на 05

2024-01-26 16:10:30.781979   Bug: Bid:11.03.07.00_01-cn.gb.NoAuth-05 уже существует

2024-01-26 16:10:30.782119   4. Fixing one row check results into Google Sheet Bugs Report =>
1 cells updated.
2024-01-26 16:10:31.249979   => 4. One row check results into Google Sheet Bugs Report fixed
------------------------------ Captured log call -------------------------------
2024-01-26 16:10:23 ERROR Elements not present after 0.5 seconds on page: https://capital.com/cn/margin-trading
2024-01-26 16:10:23 ERROR 
Traceback (most recent call last):
  File "/home/runner/work/SeleniumCapital/SeleniumCapital/pages/base_page.py", line 82, in inner_function
    return func(*args, **kwargs)
           ^^^^^^^^^^^^^^^^^^^^^
  File "/home/runner/work/SeleniumCapital/SeleniumCapital/pages/base_page.py", line 293, in element_is_visible
    return Wait(self.browser, timeout).until(
           ^^^^^^^^^^^^^^^^^^^^^^^^^^^^^^^^^^
  File "/home/runner/.cache/pypoetry/virtualenvs/testcapitalcompyse-cIj6ROMf-py3.11/lib/python3.11/site-packages/selenium/webdriver/support/wait.py", line 105, in until
    raise TimeoutException(message, screen, stacktrace)
selenium.common.exceptions.TimeoutException: Message: 
Stacktrace:
#0 0x55c1f20a3f83 <unknown>
#1 0x55c1f1d5ccf7 <unknown>
#2 0x55c1f1dac99e <unknown>
#3 0x55c1f1dacaa1 <unknown>
#4 0x55c1f1df7d64 <unknown>
#5 0x55c1f1dd60dd <unknown>
#6 0x55c1f1df5006 <unknown>
#7 0x55c1f1dd5e53 <unknown>
#8 0x55c1f1d9ddd4 <unknown>
#9 0x55c1f1d9f1de <unknown>
#10 0x55c1f2068531 <unknown>
#11 0x55c1f206c455 <unknown>
#12 0x55c1f2054f55 <unknown>
#13 0x55c1f206d0ef <unknown>
#14 0x55c1f203899f <unknown>
#15 0x55c1f2091008 <unknown>
#16 0x55c1f20911d7 <unknown>
#17 0x55c1f20a3124 <unknown>
#18 0x7f9624294ac3 <unknown>

2024-01-26 16:10:29 ERROR Elements not present after 0.5 seconds on page: https://capital.com/cn/margin-trading
2024-01-26 16:10:29 ERROR 
Traceback (most recent call last):
  File "/home/runner/work/SeleniumCapital/SeleniumCapital/pages/base_page.py", line 82, in inner_function
    return func(*args, **kwargs)
           ^^^^^^^^^^^^^^^^^^^^^
  File "/home/runner/work/SeleniumCapital/SeleniumCapital/pages/base_page.py", line 293, in element_is_visible
    return Wait(self.browser, timeout).until(
           ^^^^^^^^^^^^^^^^^^^^^^^^^^^^^^^^^^
  File "/home/runner/.cache/pypoetry/virtualenvs/testcapitalcompyse-cIj6ROMf-py3.11/lib/python3.11/site-packages/selenium/webdriver/support/wait.py", line 105, in until
    raise TimeoutException(message, screen, stacktrace)
selenium.common.exceptions.TimeoutException: Message: 
Stacktrace:
#0 0x55c1f20a3f83 <unknown>
#1 0x55c1f1d5ccf7 <unknown>
#2 0x55c1f1dac99e <unknown>
#3 0x55c1f1dacaa1 <unknown>
#4 0x55c1f1df7d64 <unknown>
#5 0x55c1f1dd60dd <unknown>
#6 0x55c1f1df5006 <unknown>
#7 0x55c1f1dd5e53 <unknown>
#8 0x55c1f1d9ddd4 <unknown>
#9 0x55c1f1d9f1de <unknown>
#10 0x55c1f2068531 <unknown>
#11 0x55c1f206c455 <unknown>
#12 0x55c1f2054f55 <unknown>
#13 0x55c1f206d0ef <unknown>
#14 0x55c1f203899f <unknown>
#15 0x55c1f2091008 <unknown>
#16 0x55c1f20911d7 <unknown>
#17 0x55c1f20a3124 <unknown>
#18 0x7f9624294ac3 <unknown>
--------------------------- Captured stdout teardown ---------------------------

2024-01-26 16:10:31.551946   *** end fixture Browser = teardown ***

=============================== warnings summary ===============================
tests/US_11_Education/US_11-03-07_What_is_a_margin/US_11-03-07_What_is_a_margin_test.py::TestWhatIsMargin::test_01_main_banner_start_trading_button[Chrome--ae-NoAuth-aqa.tomelo.an@gmail.com-iT9Vgqi6d$fiZ*Z]
  /home/runner/.cache/pypoetry/virtualenvs/testcapitalcompyse-cIj6ROMf-py3.11/lib/python3.11/site-packages/pytest_html/plugin.py:133: DeprecationWarning: The 'report.extra' attribute is deprecated and will be removed in a future release, use 'report.extras' instead.
    warnings.warn(

-- Docs: https://docs.pytest.org/en/stable/how-to/capture-warnings.html
- Generated html report: file:///home/runner/work/SeleniumCapital/SeleniumCapital/report/report.html -
=========================== short test summary info ============================
FAILED tests/US_11_Education/US_11-03-07_What_is_a_margin/US_11-03-07_What_is_a_margin_test.py::TestWhatIsMargin::test_01_main_banner_start_trading_button[Chrome--ae-NoAuth-aqa.tomelo.an@gmail.com-iT9Vgqi6d$fiZ*Z] - AssertionError: Bug # 05. Opened a 'Sign up' form instead of a 'Login'
================= 1 failed, 5 deselected, 1 warning in 49.34s ==================

2024-01-26 16:10:31.633251   => Текущий тест: 1 failed

2024-01-26 16:10:31.634498   => 3. check_results finished

2024-01-26 16:10:31.634650   4. Fixing one row check results into Google Sheet Bugs Report =>
1 cells updated.
2024-01-26 16:10:31.831419   => 4. One row check results into Google Sheet Bugs Report fixed
