2024-01-26 14:57:44 ERROR Elements not present after 0.5 seconds on page: https://capital.com/
2024-01-26 14:57:44 ERROR 
Traceback (most recent call last):
  File "/home/runner/work/SeleniumCapital/SeleniumCapital/pages/base_page.py", line 82, in inner_function
    return func(*args, **kwargs)
           ^^^^^^^^^^^^^^^^^^^^^
  File "/home/runner/work/SeleniumCapital/SeleniumCapital/pages/base_page.py", line 293, in element_is_visible
    return Wait(self.browser, timeout).until(
           ^^^^^^^^^^^^^^^^^^^^^^^^^^^^^^^^^^
  File "/home/runner/.cache/pypoetry/virtualenvs/testcapitalcompyse-cIj6ROMf-py3.11/lib/python3.11/site-packages/selenium/webdriver/support/wait.py", line 105, in until
    raise TimeoutException(message, screen, stacktrace)
selenium.common.exceptions.TimeoutException: Message: 

2024-01-26 14:58:02 ERROR Elements not present after 0.5 seconds on page: https://capital.com/ro/tranzactionati-nio
2024-01-26 14:58:02 ERROR 
Traceback (most recent call last):
  File "/home/runner/work/SeleniumCapital/SeleniumCapital/pages/base_page.py", line 82, in inner_function
    return func(*args, **kwargs)
           ^^^^^^^^^^^^^^^^^^^^^
  File "/home/runner/work/SeleniumCapital/SeleniumCapital/pages/base_page.py", line 293, in element_is_visible
    return Wait(self.browser, timeout).until(
           ^^^^^^^^^^^^^^^^^^^^^^^^^^^^^^^^^^
  File "/home/runner/.cache/pypoetry/virtualenvs/testcapitalcompyse-cIj6ROMf-py3.11/lib/python3.11/site-packages/selenium/webdriver/support/wait.py", line 105, in until
    raise TimeoutException(message, screen, stacktrace)
selenium.common.exceptions.TimeoutException: Message: 
Stacktrace:
#0 0x555891791f83 <unknown>
#1 0x55589144acf7 <unknown>
#2 0x55589149a99e <unknown>
#3 0x55589149aaa1 <unknown>
#4 0x5558914e5d64 <unknown>
#5 0x5558914c40dd <unknown>
#6 0x5558914e3006 <unknown>
#7 0x5558914c3e53 <unknown>
#8 0x55589148bdd4 <unknown>
#9 0x55589148d1de <unknown>
#10 0x555891756531 <unknown>
#11 0x55589175a455 <unknown>
#12 0x555891742f55 <unknown>
#13 0x55589175b0ef <unknown>
#14 0x55589172699f <unknown>
#15 0x55589177f008 <unknown>
#16 0x55589177f1d7 <unknown>
#17 0x555891791124 <unknown>
#18 0x7f8081294ac3 <unknown>

2024-01-26 14:58:08 ERROR Elements not present after 0.5 seconds on page: https://capital.com/ro/tranzactionati-nio
2024-01-26 14:58:08 ERROR 
Traceback (most recent call last):
  File "/home/runner/work/SeleniumCapital/SeleniumCapital/pages/base_page.py", line 82, in inner_function
    return func(*args, **kwargs)
           ^^^^^^^^^^^^^^^^^^^^^
  File "/home/runner/work/SeleniumCapital/SeleniumCapital/pages/base_page.py", line 293, in element_is_visible
    return Wait(self.browser, timeout).until(
           ^^^^^^^^^^^^^^^^^^^^^^^^^^^^^^^^^^
  File "/home/runner/.cache/pypoetry/virtualenvs/testcapitalcompyse-cIj6ROMf-py3.11/lib/python3.11/site-packages/selenium/webdriver/support/wait.py", line 105, in until
    raise TimeoutException(message, screen, stacktrace)
selenium.common.exceptions.TimeoutException: Message: 
Stacktrace:
#0 0x555891791f83 <unknown>
#1 0x55589144acf7 <unknown>
#2 0x55589149a99e <unknown>
#3 0x55589149aaa1 <unknown>
#4 0x5558914e5d64 <unknown>
#5 0x5558914c40dd <unknown>
#6 0x5558914e3006 <unknown>
#7 0x5558914c3e53 <unknown>
#8 0x55589148bdd4 <unknown>
#9 0x55589148d1de <unknown>
#10 0x555891756531 <unknown>
#11 0x55589175a455 <unknown>
#12 0x555891742f55 <unknown>
#13 0x55589175b0ef <unknown>
#14 0x55589172699f <unknown>
#15 0x55589177f008 <unknown>
#16 0x55589177f1d7 <unknown>
#17 0x555891791124 <unknown>
#18 0x7f8081294ac3 <unknown>

2024-01-26 14:58:13 ERROR Elements not present after 0.5 seconds on page: https://capital.com/ro/tranzactionati-nio
2024-01-26 14:58:13 ERROR 
Traceback (most recent call last):
  File "/home/runner/work/SeleniumCapital/SeleniumCapital/pages/base_page.py", line 82, in inner_function
    return func(*args, **kwargs)
           ^^^^^^^^^^^^^^^^^^^^^
  File "/home/runner/work/SeleniumCapital/SeleniumCapital/pages/base_page.py", line 293, in element_is_visible
    return Wait(self.browser, timeout).until(
           ^^^^^^^^^^^^^^^^^^^^^^^^^^^^^^^^^^
  File "/home/runner/.cache/pypoetry/virtualenvs/testcapitalcompyse-cIj6ROMf-py3.11/lib/python3.11/site-packages/selenium/webdriver/support/wait.py", line 105, in until
    raise TimeoutException(message, screen, stacktrace)
selenium.common.exceptions.TimeoutException: Message: 
Stacktrace:
#0 0x555891791f83 <unknown>
#1 0x55589144acf7 <unknown>
#2 0x55589149a99e <unknown>
#3 0x55589149aaa1 <unknown>
#4 0x5558914e5d64 <unknown>
#5 0x5558914c40dd <unknown>
#6 0x5558914e3006 <unknown>
#7 0x5558914c3e53 <unknown>
#8 0x55589148bdd4 <unknown>
#9 0x55589148d1de <unknown>
#10 0x555891756531 <unknown>
#11 0x55589175a455 <unknown>
#12 0x555891742f55 <unknown>
#13 0x55589175b0ef <unknown>
#14 0x55589172699f <unknown>
#15 0x55589177f008 <unknown>
#16 0x55589177f1d7 <unknown>
#17 0x555891791124 <unknown>
#18 0x7f8081294ac3 <unknown>