


2024-01-26 15:30:16.931955   0. Get Values row =>
2024-01-26 15:30:16.931987   Row # = 643
2024-01-26 15:30:16.932003   Row Values = 
['Bid:11.01.03.00_02-es.gb.NoAuth', 'Ubuntu 22.04', 'Chrome', '11.01.03.00', '_02', 'es', 'gb', 'FCA', 'NoAuth', '', 'Education', 'CFD trading guide', 'Click Main banner > Button [Try demo]', 'Click Main banner > Button [Try demo]', '', '05', "Bug # 05. Opened a 'Sign up' form instead of a 'Login'", '', '', '', '22/01/24', 'failed']

2024-01-26 15:30:16.932100   1. Run pretest =>

2024-01-26 15:30:16.932119   row_loc = 
['Bid:11.01.03.00_02-es.gb.NoAuth', 'Ubuntu 22.04', 'Chrome', '11.01.03.00', '_02', 'es', 'gb', 'FCA', 'NoAuth', '', 'Education', 'CFD trading guide', 'Click Main banner > Button [Try demo]', 'Click Main banner > Button [Try demo]', '', '05', "Bug # 05. Opened a 'Sign up' form instead of a 'Login'", '', '', '', '22/01/24', 'failed']

2024-01-26 15:30:16.932141   => 1. Pretest finished

2024-01-26 15:30:16.932229   2. Run run_pytest with Bid = Bid:11.01.03.00_02-es.gb.NoAuth from row =>

2024-01-26 15:30:16.932246   2.2. Run poetry run pytest ... in subprocess =>

2024-01-26 15:30:16.932262   Run command: 
poetry run pytest --retest=True --browser_name=Chrome --lang=es --country=gb --role=NoAuth -m test_02 -v \tests/US_11_Education/US_11-01-03_cfd_trading_guide/us_11-01-03-00_cfd_trading_guide_test.py

2024-01-26 15:31:08.358887   => 2.2. pytest ... as subprocess finished

2024-01-26 15:31:08.358931   => 2. Autotest with Bid = Bid:11.01.03.00_02-es.gb.NoAuth from row finished

2024-01-26 15:31:08.358995   3. Run check_results =>
2024-01-26 15:31:08.359017   test_results: 
============================= test session starts ==============================
platform linux -- Python 3.11.7, pytest-7.4.4, pluggy-1.3.0 -- /home/runner/.cache/pypoetry/virtualenvs/testcapitalcompyse-cIj6ROMf-py3.11/bin/python
cachedir: .pytest_cache
metadata: {'Python': '3.11.7', 'Platform': 'Linux-6.2.0-1018-azure-x86_64-with-glibc2.35', 'Packages': {'pytest': '7.4.4', 'pluggy': '1.3.0'}, 'Plugins': {'metadata': '3.0.0', 'timeout': '2.2.0', 'html': '4.1.1', 'xdist': '3.5.0', 'allure-pytest': '2.13.2'}, 'CI': 'true', 'JAVA_HOME': '/usr/lib/jvm/temurin-11-jdk-amd64'}
rootdir: /home/runner/work/SeleniumCapital/SeleniumCapital
configfile: pytest.ini
plugins: metadata-3.0.0, timeout-2.2.0, html-4.1.1, xdist-3.5.0, allure-pytest-2.13.2
collecting ... collected 5 items / 4 deselected / 1 selected

tests/US_11_Education/US_11-01-03_cfd_trading_guide/us_11-01-03-00_cfd_trading_guide_test.py::TestCFDTradingGuide::test_02_main_banner_try_demo_button[Chrome--ae-NoAuth-aqa.tomelo.an@gmail.com-iT9Vgqi6d$fiZ*Z] FAILED [100%]

=================================== FAILURES ===================================
_ TestCFDTradingGuide.test_02_main_banner_try_demo_button[Chrome--ae-NoAuth-aqa.tomelo.an@gmail.com-iT9Vgqi6d$fiZ*Z] _

self = <us_11-01-03-00_cfd_trading_guide_test.TestCFDTradingGuide object at 0x7fb0ae4470d0>
worker_id = 'master'
d = <selenium.webdriver.chrome.webdriver.WebDriver (session="2e79718b77be577066eb23d6f0e69a83")>
cur_language = 'es', cur_country = 'gb', cur_role = 'NoAuth'
cur_login = 'aqa.tomelo.an@gmail.com', cur_password = 'iT9Vgqi6d$fiZ*Z'

    @allure.step("Start test of button [Try demo] on Main banner")
    @pytest.mark.test_02
    def test_02_main_banner_try_demo_button(
            self, worker_id, d, cur_language, cur_country, cur_role, cur_login, cur_password):
        """
        Check: Button [Try demo] on Main banner
        Language: All. License: All.
        """
        global cur_page_url
    
        bid = build_dynamic_arg_v4(
            d, worker_id, cur_language, cur_country, cur_role,
            "11.01.03", "Education > Menu item [CFD trading guide]",
            ".00_02", "Testing button [Try demo] on Main banner")
    
        Common().skip_if_eng_lang_and_fca_license(cur_language, cur_country)
    
        Common().check_language_in_list_and_skip_if_not_present(cur_language, ["", "de", "es", "fr", "nl", "pl", "ro", "ru", "zh"])
    
        page_conditions = Conditions(d, "")
        main_page_link = page_conditions.preconditions(
            d, CapitalComPageSrc.URL, "", cur_language, cur_country, cur_role, cur_login, cur_password)
    
        page_menu = MenuSection(d, main_page_link)
        cur_page_url = page_menu.open_education_cfd_trading_menu(d, cur_language, cur_country, main_page_link)
    
        test_element = MainBannerTryDemo(d, cur_page_url, bid)
>       test_element.full_test_with_tpi(d, cur_language, cur_country, cur_role, cur_page_url)

tests/US_11_Education/US_11-01-03_cfd_trading_guide/us_11-01-03-00_cfd_trading_guide_test.py:84: 
_ _ _ _ _ _ _ _ _ _ _ _ _ _ _ _ _ _ _ _ _ _ _ _ _ _ _ _ _ _ _ _ _ _ _ _ _ _ _ _ 
pages/Elements/ButtonTryDemoMainBanner.py:28: in full_test_with_tpi
    test_element.assert_login(d, cur_language, cur_item_link)
_ _ _ _ _ _ _ _ _ _ _ _ _ _ _ _ _ _ _ _ _ _ _ _ _ _ _ _ _ _ _ _ _ _ _ _ _ _ _ _ 

self = <pages.Elements.AssertClass.AssertClass object at 0x7fb0ae35da10>
d = <selenium.webdriver.chrome.webdriver.WebDriver (session="2e79718b77be577066eb23d6f0e69a83")>
cur_language = 'es', cur_link = 'https://capital.com/es/what-is-cfd-trading'

    @allure.step('Checking that "Login" form or page opened')
    def assert_login(self, d, cur_language, cur_link):
        """Method Assert Login form or page"""
        print(f"\n{datetime.now()}   3. Assert_Login_v0")
        self.page_signup_login = SignupLogin(d, cur_link)
        if self.page_signup_login.should_be_login_form():
            self.page_signup_login.close_login_form()
            del self.page_signup_login
        elif self.page_signup_login.should_be_login_page():
            self.page_signup_login.close_login_page()
            del self.page_signup_login
        elif self.page_signup_login.should_be_trading_platform_login_form(cur_language):
            self.page_signup_login.close_trading_platform_login_form()
            del self.page_signup_login
        elif self.page_signup_login.should_be_signup_form(cur_language):
            del self.page_signup_login
            print(f'\nBug: {self.bid}')
            retest_table_fill(self.bid, '05', self.link)
>           assert False, "Bug # 05. Opened a 'Sign up' form instead of a 'Login'"
E           AssertionError: Bug # 05. Opened a 'Sign up' form instead of a 'Login'

pages/Elements/AssertClass.py:69: AssertionError
---------------------------- Captured stdout setup -----------------------------

2024-01-26 15:30:17.731941   *** autouse fixture Chrome ***

{'width': 1280, 'height': 720}
Current test language - es
Current country of trading - gb



Current test role - NoAuth
Current login - aqa.tomelo.an@gmail.com
Current login - iT9Vgqi6d$fiZ*Z
----------------------------- Captured stdout call -----------------------------
{'width': 1280, 'height': 720}

2024-01-26 15:30:18.625205   worker_id = master

2024-01-26 15:30:18.625230   0. Allure grouping v4


2024-01-26 15:30:18.625477   START PRECONDITIONS =>

2024-01-26 15:30:20.240832   Load page https://capital.com

2024-01-26 15:30:20.240880   {'width': 1280, 'height': 720}

2024-01-26 15:30:20.245203   Set windows position at (0, 0) =>

2024-01-26 15:30:20.353412   Set resolution 1280 * 720 =>

2024-01-26 15:30:20.456115   => Resolution seted {'width': 1280, 'height': 720}

2024-01-26 15:30:25.496346   Капчи нет. Тестим дальше

2024-01-26 15:30:25.496433   Prev. Role: ?

2024-01-26 15:30:25.496445   Run preconditions: set "NoAuth" Role =>
2024-01-26 15:30:26.250725   Load page https://capital.com

2024-01-26 15:30:26.403172   => All cookies are deleted
2024-01-26 15:30:27.310773   Load page https://capital.com

2024-01-26 15:30:27.311010   Step 'Click button [Accept all cookies]'
2024-01-26 15:30:32.430049   Is Visible Button [Accept all cookies]? =>
2024-01-26 15:30:32.450874   => Button [Accept all cookies] is visible
2024-01-26 15:30:33.450998   Is clickable Button [Accept all cookies] =>
2024-01-26 15:30:33.599612   => Button [Accept all cookies] is clickable
2024-01-26 15:30:33.599655   Click Button [Accept all cookies] =>
2024-01-26 15:30:33.688715   => Button [Accept all cookies] is clicked
2024-01-26 15:30:33.688750   => Accepted All Cookies

2024-01-26 15:30:34.189176   Start Autorization

2024-01-26 15:30:34.189317   2. Act
2024-01-26 15:30:34.189337   Start Click button [Log in] =>
2024-01-26 15:30:34.207446   BUTTON_LOGIN scroll =>
2024-01-26 15:30:34.216250   Is BUTTON_LOGIN clickable? =>
2024-01-26 15:30:34.238023   => BUTTON_LOGIN is clickable
2024-01-26 15:30:34.238066   BUTTON_LOGIN click =>
2024-01-26 15:30:34.302429   => BUTTON_LOGIN is clicked!
2024-01-26 15:30:34.302539   => 'Login' form is opened
2024-01-26 15:30:34.879504   => "login" and "password" are inputted
2024-01-26 15:30:34.879556   Click [Continue] button on [Login] form =>
2024-01-26 15:30:34.962448   => [Continue] button on [Login] form is clicked
2024-01-26 15:30:37.962978   Start check that the Trading platform page is loaded and LOGO is present on it =>
2024-01-26 15:30:37.963014   Set timeout = 30
2024-01-26 15:30:37.963028   Wait until load page with special title =>
2024-01-26 15:30:37.965514   => Page with title "Trading Platform | Capital.com" is loaded
2024-01-26 15:30:37.965534   Is present LOGO on this page? =>
2024-01-26 15:30:39.489756   => LOGO is visible on this page
2024-01-26 15:30:39.489838   -> "Capital.com" logo is present on trading platform page

2024-01-26 15:30:40.631974   Start DeAuthorisation
2024-01-26 15:30:40.632155   1. BUTTON_MY_ACCOUNT is present? =>
2024-01-26 15:30:40.666555   => BUTTON_MY_ACCOUNT is present on this page
2024-01-26 15:30:42.012669   => Move to BUTTON_MY_ACCOUNT
2024-01-26 15:30:42.012709   2. BUTTON_MY_ACCOUNT is clickable? =>
2024-01-26 15:30:42.049293   => BUTTON_MY_ACCOUNT is clickable
2024-01-26 15:30:42.049333   BUTTON_MY_ACCOUNT Click =>
2024-01-26 15:30:42.889861   => User panel [My account] is opened

2024-01-26 15:30:42.890061   Start Click [Logout] button:
2024-01-26 15:30:42.890075   BUTTON_LOGOUT is present? =>
2024-01-26 15:30:42.903112   => BUTTON_LOGOUT is present
2024-01-26 15:30:42.903152   Is visible BUTTON_LOGOUT? =>
2024-01-26 15:30:42.919961   BUTTON_LOGOUT is clickable? =>
2024-01-26 15:30:42.933177   BUTTON_LOGOUT click =>
2024-01-26 15:30:42.992477   => BUTTON_LOGOUT is clicked

2024-01-26 15:30:42.992609   Current role: NoAuth

2024-01-26 15:30:42.992627   Prev language: ?

2024-01-26 15:30:42.992640   Run preconditions: set "es" language =>


2024-01-26 15:30:43.019293   => Language and Country menu is present


2024-01-26 15:30:43.032538   => Language and Country menu is visible


2024-01-26 15:30:44.815650   => Focus is moved on Language and Country menu 

2024-01-26 15:30:46.623007   => Current language: es

2024-01-26 15:30:46.623043   Prev country: ?

2024-01-26 15:30:46.623053   Run preconditions: set "gb" country =>


2024-01-26 15:30:46.635484   => Language and Country menu is present


2024-01-26 15:30:46.672281   => Language and Country menu is visible


2024-01-26 15:30:48.445694   => Focus is moved on Language and Country menu 

2024-01-26 15:30:50.635691   => Current country: gb

2024-01-26 15:30:50.635742   => THE END PRECONDITIONS

2024-01-26 15:30:50.635964   START Open "Education" menu, "CFD trading guide" submenu =>

2024-01-26 15:30:50.635982   1. Cur URL = https://capital.com/es?country=gb

2024-01-26 15:30:50.638878   2. Link = https://capital.com/es
2024-01-26 15:30:51.150160   Load page https://capital.com/es
2024-01-26 15:30:51.663185   => Education menu is present
2024-01-26 15:30:51.684445   => Education menu is visible
2024-01-26 15:30:52.963441   => Education menu focus moved

2024-01-26 15:30:55.121320   3. Cur URL = https://capital.com/es/what-is-cfd-trading

2024-01-26 15:30:55.129153   1. Arrange_v0
2024-01-26 15:30:55.131575   BUTTON_TRY_DEMO is visible? =>
2024-01-26 15:30:55.148405   => BUTTON_TRY_DEMO is visible on the page!

2024-01-26 15:30:55.148554   2. Act_v0
2024-01-26 15:30:55.148567   BUTTON_TRY_DEMO is present? =>
2024-01-26 15:30:55.155899   => BUTTON_TRY_DEMO is present on the page!
2024-01-26 15:30:55.155920   BUTTON_TRY_DEMO scroll =>
2024-01-26 15:30:55.210726   => BUTTON_TRY_DEMO clicked!

2024-01-26 15:30:55.210976   3. Assert_Login_v0
2024-01-26 15:30:55.211048   Check that 'Login' form is opened
2024-01-26 15:31:00.764870   'Login' form not opened
2024-01-26 15:31:00.768074   'Login' page not opened
2024-01-26 15:31:06.282048   'Login' form on trading platform not opened
2024-01-26 15:31:06.282224   Start step Check that [Sign up] form is opened
2024-01-26 15:31:06.296081   'Sign up' form opened
2024-01-26 15:31:06.296103   Assert SIGNUP_HEADER =>
2024-01-26 15:31:06.308966   Assert SIGNUP_REF_LOGIN =>
2024-01-26 15:31:06.322145   Assert SIGNUP_PRIVACY_POLICY_ALL_2 =>
2024-01-26 15:31:06.335507   => SIGNUP_PRIVACY_POLICY_ALL
2024-01-26 15:31:06.335529   => 'Signup' form is checked

Bug: Bid:11.01.03.00_02-es.gb.NoAuth

2024-01-26 15:31:06.335580   Проверка бага в таблице ретеста  =>

2024-01-26 15:31:06.341370   4. Fixing one row check results into Google Sheet Bugs Report =>
1 cells updated.
2024-01-26 15:31:06.754922   => 4. One row check results into Google Sheet Bugs Report fixed

2024-01-26 15:31:07.352563   4. Fixing one row check results into Google Sheet Bugs Report =>
1 cells updated.
2024-01-26 15:31:07.685433   => 4. One row check results into Google Sheet Bugs Report fixed

2024-01-26 15:31:07.685511   Bug: Bid:11.01.03.00_02-es.gb.NoAuth уже существует, но тип бага изменился с 22/01/24 на 05

2024-01-26 15:31:07.685966   Bug: Bid:11.01.03.00_02-es.gb.NoAuth-05 уже существует

2024-01-26 15:31:07.686108   4. Fixing one row check results into Google Sheet Bugs Report =>
1 cells updated.
2024-01-26 15:31:08.003591   => 4. One row check results into Google Sheet Bugs Report fixed
------------------------------ Captured log call -------------------------------
2024-01-26 15:31:00 ERROR Elements not present after 0.5 seconds on page: https://capital.com/es/what-is-cfd-trading
2024-01-26 15:31:00 ERROR 
Traceback (most recent call last):
  File "/home/runner/work/SeleniumCapital/SeleniumCapital/pages/base_page.py", line 82, in inner_function
    return func(*args, **kwargs)
           ^^^^^^^^^^^^^^^^^^^^^
  File "/home/runner/work/SeleniumCapital/SeleniumCapital/pages/base_page.py", line 293, in element_is_visible
    return Wait(self.browser, timeout).until(
           ^^^^^^^^^^^^^^^^^^^^^^^^^^^^^^^^^^
  File "/home/runner/.cache/pypoetry/virtualenvs/testcapitalcompyse-cIj6ROMf-py3.11/lib/python3.11/site-packages/selenium/webdriver/support/wait.py", line 105, in until
    raise TimeoutException(message, screen, stacktrace)
selenium.common.exceptions.TimeoutException: Message: 
Stacktrace:
#0 0x55a8dcbf8f83 <unknown>
#1 0x55a8dc8b1cf7 <unknown>
#2 0x55a8dc90199e <unknown>
#3 0x55a8dc901aa1 <unknown>
#4 0x55a8dc94cd64 <unknown>
#5 0x55a8dc92b0dd <unknown>
#6 0x55a8dc94a006 <unknown>
#7 0x55a8dc92ae53 <unknown>
#8 0x55a8dc8f2dd4 <unknown>
#9 0x55a8dc8f41de <unknown>
#10 0x55a8dcbbd531 <unknown>
#11 0x55a8dcbc1455 <unknown>
#12 0x55a8dcba9f55 <unknown>
#13 0x55a8dcbc20ef <unknown>
#14 0x55a8dcb8d99f <unknown>
#15 0x55a8dcbe6008 <unknown>
#16 0x55a8dcbe61d7 <unknown>
#17 0x55a8dcbf8124 <unknown>
#18 0x7f1b4f094ac3 <unknown>

2024-01-26 15:31:06 ERROR Elements not present after 0.5 seconds on page: https://capital.com/es/what-is-cfd-trading
2024-01-26 15:31:06 ERROR 
Traceback (most recent call last):
  File "/home/runner/work/SeleniumCapital/SeleniumCapital/pages/base_page.py", line 82, in inner_function
    return func(*args, **kwargs)
           ^^^^^^^^^^^^^^^^^^^^^
  File "/home/runner/work/SeleniumCapital/SeleniumCapital/pages/base_page.py", line 293, in element_is_visible
    return Wait(self.browser, timeout).until(
           ^^^^^^^^^^^^^^^^^^^^^^^^^^^^^^^^^^
  File "/home/runner/.cache/pypoetry/virtualenvs/testcapitalcompyse-cIj6ROMf-py3.11/lib/python3.11/site-packages/selenium/webdriver/support/wait.py", line 105, in until
    raise TimeoutException(message, screen, stacktrace)
selenium.common.exceptions.TimeoutException: Message: 
Stacktrace:
#0 0x55a8dcbf8f83 <unknown>
#1 0x55a8dc8b1cf7 <unknown>
#2 0x55a8dc90199e <unknown>
#3 0x55a8dc901aa1 <unknown>
#4 0x55a8dc94cd64 <unknown>
#5 0x55a8dc92b0dd <unknown>
#6 0x55a8dc94a006 <unknown>
#7 0x55a8dc92ae53 <unknown>
#8 0x55a8dc8f2dd4 <unknown>
#9 0x55a8dc8f41de <unknown>
#10 0x55a8dcbbd531 <unknown>
#11 0x55a8dcbc1455 <unknown>
#12 0x55a8dcba9f55 <unknown>
#13 0x55a8dcbc20ef <unknown>
#14 0x55a8dcb8d99f <unknown>
#15 0x55a8dcbe6008 <unknown>
#16 0x55a8dcbe61d7 <unknown>
#17 0x55a8dcbf8124 <unknown>
#18 0x7f1b4f094ac3 <unknown>
--------------------------- Captured stdout teardown ---------------------------

2024-01-26 15:31:08.283071   *** end fixture Browser = teardown ***

=============================== warnings summary ===============================
tests/US_11_Education/US_11-01-03_cfd_trading_guide/us_11-01-03-00_cfd_trading_guide_test.py::TestCFDTradingGuide::test_02_main_banner_try_demo_button[Chrome--ae-NoAuth-aqa.tomelo.an@gmail.com-iT9Vgqi6d$fiZ*Z]
  /home/runner/.cache/pypoetry/virtualenvs/testcapitalcompyse-cIj6ROMf-py3.11/lib/python3.11/site-packages/pytest_html/plugin.py:133: DeprecationWarning: The 'report.extra' attribute is deprecated and will be removed in a future release, use 'report.extras' instead.
    warnings.warn(

-- Docs: https://docs.pytest.org/en/stable/how-to/capture-warnings.html
- Generated html report: file:///home/runner/work/SeleniumCapital/SeleniumCapital/report/report.html -
=========================== short test summary info ============================
FAILED tests/US_11_Education/US_11-01-03_cfd_trading_guide/us_11-01-03-00_cfd_trading_guide_test.py::TestCFDTradingGuide::test_02_main_banner_try_demo_button[Chrome--ae-NoAuth-aqa.tomelo.an@gmail.com-iT9Vgqi6d$fiZ*Z] - AssertionError: Bug # 05. Opened a 'Sign up' form instead of a 'Login'
================= 1 failed, 4 deselected, 1 warning in 50.69s ==================

2024-01-26 15:31:08.359491   => Текущий тест: 1 failed

2024-01-26 15:31:08.360573   => 3. check_results finished

2024-01-26 15:31:08.360708   4. Fixing one row check results into Google Sheet Bugs Report =>
1 cells updated.
2024-01-26 15:31:08.538028   => 4. One row check results into Google Sheet Bugs Report fixed
