2024-01-26 15:35:10 ERROR Elements not present after 0.5 seconds on page: https://capital.com/de/trade-netflix
2024-01-26 15:35:10 ERROR 
Traceback (most recent call last):
  File "/home/runner/work/SeleniumCapital/SeleniumCapital/pages/base_page.py", line 82, in inner_function
    return func(*args, **kwargs)
           ^^^^^^^^^^^^^^^^^^^^^
  File "/home/runner/work/SeleniumCapital/SeleniumCapital/pages/base_page.py", line 293, in element_is_visible
    return Wait(self.browser, timeout).until(
           ^^^^^^^^^^^^^^^^^^^^^^^^^^^^^^^^^^
  File "/home/runner/.cache/pypoetry/virtualenvs/testcapitalcompyse-cIj6ROMf-py3.11/lib/python3.11/site-packages/selenium/webdriver/support/wait.py", line 105, in until
    raise TimeoutException(message, screen, stacktrace)
selenium.common.exceptions.TimeoutException: Message: 
Stacktrace:
#0 0x55e5c08dbf83 <unknown>
#1 0x55e5c0594cf7 <unknown>
#2 0x55e5c05e499e <unknown>
#3 0x55e5c05e4aa1 <unknown>
#4 0x55e5c062fd64 <unknown>
#5 0x55e5c060e0dd <unknown>
#6 0x55e5c062d006 <unknown>
#7 0x55e5c060de53 <unknown>
#8 0x55e5c05d5dd4 <unknown>
#9 0x55e5c05d71de <unknown>
#10 0x55e5c08a0531 <unknown>
#11 0x55e5c08a4455 <unknown>
#12 0x55e5c088cf55 <unknown>
#13 0x55e5c08a50ef <unknown>
#14 0x55e5c087099f <unknown>
#15 0x55e5c08c9008 <unknown>
#16 0x55e5c08c91d7 <unknown>
#17 0x55e5c08db124 <unknown>
#18 0x7fd82f294ac3 <unknown>

2024-01-26 15:35:18 ERROR Elements not present after 0.5 seconds on page: https://capital.com/trading/signup
2024-01-26 15:35:18 ERROR 
Traceback (most recent call last):
  File "/home/runner/work/SeleniumCapital/SeleniumCapital/pages/base_page.py", line 82, in inner_function
    return func(*args, **kwargs)
           ^^^^^^^^^^^^^^^^^^^^^
  File "/home/runner/work/SeleniumCapital/SeleniumCapital/pages/base_page.py", line 293, in element_is_visible
    return Wait(self.browser, timeout).until(
           ^^^^^^^^^^^^^^^^^^^^^^^^^^^^^^^^^^
  File "/home/runner/.cache/pypoetry/virtualenvs/testcapitalcompyse-cIj6ROMf-py3.11/lib/python3.11/site-packages/selenium/webdriver/support/wait.py", line 105, in until
    raise TimeoutException(message, screen, stacktrace)
selenium.common.exceptions.TimeoutException: Message: 
Stacktrace:
#0 0x55e5c08dbf83 <unknown>
#1 0x55e5c0594cf7 <unknown>
#2 0x55e5c05e499e <unknown>
#3 0x55e5c05e4aa1 <unknown>
#4 0x55e5c062fd64 <unknown>
#5 0x55e5c060e0dd <unknown>
#6 0x55e5c062d006 <unknown>
#7 0x55e5c060de53 <unknown>
#8 0x55e5c05d5dd4 <unknown>
#9 0x55e5c05d71de <unknown>
#10 0x55e5c08a0531 <unknown>
#11 0x55e5c08a4455 <unknown>
#12 0x55e5c088cf55 <unknown>
#13 0x55e5c08a50ef <unknown>
#14 0x55e5c087099f <unknown>
#15 0x55e5c08c9008 <unknown>
#16 0x55e5c08c91d7 <unknown>
#17 0x55e5c08db124 <unknown>
#18 0x7fd82f294ac3 <unknown>

2024-01-26 15:35:24 ERROR Elements not present after 0.5 seconds on page: https://capital.com/trading/signup
2024-01-26 15:35:24 ERROR 
Traceback (most recent call last):
  File "/home/runner/work/SeleniumCapital/SeleniumCapital/pages/base_page.py", line 82, in inner_function
    return func(*args, **kwargs)
           ^^^^^^^^^^^^^^^^^^^^^
  File "/home/runner/work/SeleniumCapital/SeleniumCapital/pages/base_page.py", line 293, in element_is_visible
    return Wait(self.browser, timeout).until(
           ^^^^^^^^^^^^^^^^^^^^^^^^^^^^^^^^^^
  File "/home/runner/.cache/pypoetry/virtualenvs/testcapitalcompyse-cIj6ROMf-py3.11/lib/python3.11/site-packages/selenium/webdriver/support/wait.py", line 105, in until
    raise TimeoutException(message, screen, stacktrace)
selenium.common.exceptions.TimeoutException: Message: 
Stacktrace:
#0 0x55e5c08dbf83 <unknown>
#1 0x55e5c0594cf7 <unknown>
#2 0x55e5c05e499e <unknown>
#3 0x55e5c05e4aa1 <unknown>
#4 0x55e5c062fd64 <unknown>
#5 0x55e5c060e0dd <unknown>
#6 0x55e5c062d006 <unknown>
#7 0x55e5c060de53 <unknown>
#8 0x55e5c05d5dd4 <unknown>
#9 0x55e5c05d71de <unknown>
#10 0x55e5c08a0531 <unknown>
#11 0x55e5c08a4455 <unknown>
#12 0x55e5c088cf55 <unknown>
#13 0x55e5c08a50ef <unknown>
#14 0x55e5c087099f <unknown>
#15 0x55e5c08c9008 <unknown>
#16 0x55e5c08c91d7 <unknown>
#17 0x55e5c08db124 <unknown>
#18 0x7fd82f294ac3 <unknown>

2024-01-26 15:35:29 ERROR Elements not present after 0.5 seconds on page: https://capital.com/trading/signup
2024-01-26 15:35:29 ERROR 
Traceback (most recent call last):
  File "/home/runner/work/SeleniumCapital/SeleniumCapital/pages/base_page.py", line 82, in inner_function
    return func(*args, **kwargs)
           ^^^^^^^^^^^^^^^^^^^^^
  File "/home/runner/work/SeleniumCapital/SeleniumCapital/pages/base_page.py", line 293, in element_is_visible
    return Wait(self.browser, timeout).until(
           ^^^^^^^^^^^^^^^^^^^^^^^^^^^^^^^^^^
  File "/home/runner/.cache/pypoetry/virtualenvs/testcapitalcompyse-cIj6ROMf-py3.11/lib/python3.11/site-packages/selenium/webdriver/support/wait.py", line 105, in until
    raise TimeoutException(message, screen, stacktrace)
selenium.common.exceptions.TimeoutException: Message: 
Stacktrace:
#0 0x55e5c08dbf83 <unknown>
#1 0x55e5c0594cf7 <unknown>
#2 0x55e5c05e499e <unknown>
#3 0x55e5c05e4aa1 <unknown>
#4 0x55e5c062fd64 <unknown>
#5 0x55e5c060e0dd <unknown>
#6 0x55e5c062d006 <unknown>
#7 0x55e5c060de53 <unknown>
#8 0x55e5c05d5dd4 <unknown>
#9 0x55e5c05d71de <unknown>
#10 0x55e5c08a0531 <unknown>
#11 0x55e5c08a4455 <unknown>
#12 0x55e5c088cf55 <unknown>
#13 0x55e5c08a50ef <unknown>
#14 0x55e5c087099f <unknown>
#15 0x55e5c08c9008 <unknown>
#16 0x55e5c08c91d7 <unknown>
#17 0x55e5c08db124 <unknown>
#18 0x7fd82f294ac3 <unknown>

2024-01-26 15:35:36 ERROR Elements not present after 0.5 seconds on page: https://capital.com/trading/signup
2024-01-26 15:35:36 ERROR 
Traceback (most recent call last):
  File "/home/runner/work/SeleniumCapital/SeleniumCapital/pages/base_page.py", line 82, in inner_function
    return func(*args, **kwargs)
           ^^^^^^^^^^^^^^^^^^^^^
  File "/home/runner/work/SeleniumCapital/SeleniumCapital/pages/base_page.py", line 293, in element_is_visible
    return Wait(self.browser, timeout).until(
           ^^^^^^^^^^^^^^^^^^^^^^^^^^^^^^^^^^
  File "/home/runner/.cache/pypoetry/virtualenvs/testcapitalcompyse-cIj6ROMf-py3.11/lib/python3.11/site-packages/selenium/webdriver/support/wait.py", line 105, in until
    raise TimeoutException(message, screen, stacktrace)
selenium.common.exceptions.TimeoutException: Message: 
Stacktrace:
#0 0x55e5c08dbf83 <unknown>
#1 0x55e5c0594cf7 <unknown>
#2 0x55e5c05e499e <unknown>
#3 0x55e5c05e4aa1 <unknown>
#4 0x55e5c062fd64 <unknown>
#5 0x55e5c060e0dd <unknown>
#6 0x55e5c062d006 <unknown>
#7 0x55e5c060de53 <unknown>
#8 0x55e5c05d5dd4 <unknown>
#9 0x55e5c05d71de <unknown>
#10 0x55e5c08a0531 <unknown>
#11 0x55e5c08a4455 <unknown>
#12 0x55e5c088cf55 <unknown>
#13 0x55e5c08a50ef <unknown>
#14 0x55e5c087099f <unknown>
#15 0x55e5c08c9008 <unknown>
#16 0x55e5c08c91d7 <unknown>
#17 0x55e5c08db124 <unknown>
#18 0x7fd82f294ac3 <unknown>