


2024-01-26 14:53:08.239450   0. Get Values row =>
2024-01-26 14:53:08.239479   Row # = 258
2024-01-26 14:53:08.239489   Row Values = 
['Bid:11.02.02.01_10-fr.gb.NoAuth', 'Ubuntu 22.04', 'Chrome', '11.02.02.01', '_10', 'fr', 'gb', 'FCA', 'NoAuth', 'https://capital.com/fr/trading-apple', 'Education', 'Shares trading / child', '', '', '', '06', "Bug # 06. Opened a 'Sign up' page instead of a 'Login'", '', '', '', '23/01/24', 'failed']

2024-01-26 14:53:08.239572   1. Run pretest =>

2024-01-26 14:53:08.239585   row_loc = 
['Bid:11.02.02.01_10-fr.gb.NoAuth', 'Ubuntu 22.04', 'Chrome', '11.02.02.01', '_10', 'fr', 'gb', 'FCA', 'NoAuth', 'https://capital.com/fr/trading-apple', 'Education', 'Shares trading / child', '', '', '', '06', "Bug # 06. Opened a 'Sign up' page instead of a 'Login'", '', '', '', '23/01/24', 'failed']

2024-01-26 14:53:08.239601   => 1. Pretest finished

2024-01-26 14:53:08.239665   2. Run run_pytest with Bid = Bid:11.02.02.01_10-fr.gb.NoAuth from row =>

2024-01-26 14:53:08.239677   2.2. Run poetry run pytest ... in subprocess =>

2024-01-26 14:53:08.239689   Run command: 
poetry run pytest --retest=True --browser_name=Chrome --lang=fr --country=gb --role=NoAuth --tpi_link=https://capital.com/fr/trading-apple -m test_10 -v \tests/US_11_Education/US_11-02-02_Shares_trading/US_11-02-02-01_Shares_trading_test.py

2024-01-26 14:54:19.990887   => 2.2. pytest ... as subprocess finished

2024-01-26 14:54:19.990957   => 2. Autotest with Bid = Bid:11.02.02.01_10-fr.gb.NoAuth from row finished

2024-01-26 14:54:19.991028   3. Run check_results =>
2024-01-26 14:54:19.991055   test_results: 
============================= test session starts ==============================
platform linux -- Python 3.11.7, pytest-7.4.4, pluggy-1.3.0 -- /home/runner/.cache/pypoetry/virtualenvs/testcapitalcompyse-cIj6ROMf-py3.11/bin/python
cachedir: .pytest_cache
metadata: {'Python': '3.11.7', 'Platform': 'Linux-6.2.0-1018-azure-x86_64-with-glibc2.35', 'Packages': {'pytest': '7.4.4', 'pluggy': '1.3.0'}, 'Plugins': {'metadata': '3.0.0', 'timeout': '2.2.0', 'html': '4.1.1', 'xdist': '3.5.0', 'allure-pytest': '2.13.2'}, 'CI': 'true', 'JAVA_HOME': '/usr/lib/jvm/temurin-11-jdk-amd64'}
rootdir: /home/runner/work/SeleniumCapital/SeleniumCapital
configfile: pytest.ini
plugins: metadata-3.0.0, timeout-2.2.0, html-4.1.1, xdist-3.5.0, allure-pytest-2.13.2
collecting ... collected 10 items / 9 deselected / 1 selected

tests/US_11_Education/US_11-02-02_Shares_trading/US_11-02-02-01_Shares_trading_test.py::TestSharesTradingItems::test_10_block_vert_banner_button[https://capital.com/fr/trading-apple-Chrome--ae-NoAuth-aqa.tomelo.an@gmail.com-iT9Vgqi6d$fiZ*Z] FAILED [100%]

=================================== FAILURES ===================================
_ TestSharesTradingItems.test_10_block_vert_banner_button[https://capital.com/fr/trading-apple-Chrome--ae-NoAuth-aqa.tomelo.an@gmail.com-iT9Vgqi6d$fiZ*Z] _

self = <US_11-02-02-01_Shares_trading_test.TestSharesTradingItems object at 0x7f8f9e566050>
worker_id = 'master'
d = <selenium.webdriver.chrome.webdriver.WebDriver (session="d223bea744a6b1e2f444d5de60614076")>
cur_language = 'fr', cur_country = 'gb', cur_role = 'NoAuth'
cur_login = 'aqa.tomelo.an@gmail.com', cur_password = 'iT9Vgqi6d$fiZ*Z'
cur_item_link = 'https://capital.com/fr/trading-apple'

    @allure.step("Start test of button in block [Vertical banner]")
    # @pytest.mark.skip(reason="Skipped for debugging")
    @pytest.mark.test_10
    def test_10_block_vert_banner_button(
            self, worker_id, d, cur_language, cur_country, cur_role, cur_login, cur_password,
            cur_item_link):
        """
                Check the [Button] on the Vertical side banner at the bottom of the page.
                For "Authorized user" role:
                The trading platform page is opened depend on the banner [type-id]:
                        Live mode if the banner in the Live mode banners list
                        Demo mode if the banner in the Demo mode banners list
                """
    
        bid = build_dynamic_arg_v4(
            d, worker_id, cur_language, cur_country, cur_role,
            "11.02.02", "Education > Menu item [Shares trading]",
            ".01_10", "Testing button in block [Vertical banner]")
    
        check_language(cur_language)
        if cur_language in ["", "ar", "cn"]:
            Common().skip_test_for_language(cur_language)
    
        page_conditions = Conditions(d, "")
        page_conditions.preconditions(
            d, CapitalComPageSrc.URL, "", cur_language, cur_country, cur_role, cur_login, cur_password)
    
        # банеры должны открываться в Demo mode for US_00
        banner00_ver_tpd = []
        # банеры должны открываться в Live mode for US_00
        banner00_ver_tp = []
        # банеры должны открываться в Demo mode for US_01
        banner01_ver_tpd = ['251', '253', '380', '168', '222', '393']
        # банеры должны открываться в Live mode for US_01
        banner01_ver_tp = ['198', '293', '381', '391', '426']
    
        test_element = ButtonOnVerticalBanner(d, cur_item_link, bid)
>       test_element.full_test_with_tpi(
            d, cur_language, cur_country, cur_role, cur_item_link,
            banner00_ver_tpd, banner00_ver_tp, banner01_ver_tpd, banner01_ver_tp)

tests/US_11_Education/US_11-02-02_Shares_trading/US_11-02-02-01_Shares_trading_test.py:331: 
_ _ _ _ _ _ _ _ _ _ _ _ _ _ _ _ _ _ _ _ _ _ _ _ _ _ _ _ _ _ _ _ _ _ _ _ _ _ _ _ 
pages/Elements/ButtonOnVerticalBanner.py:40: in full_test_with_tpi
    test_element.assert_login(d, cur_language, link)
_ _ _ _ _ _ _ _ _ _ _ _ _ _ _ _ _ _ _ _ _ _ _ _ _ _ _ _ _ _ _ _ _ _ _ _ _ _ _ _ 

self = <pages.Elements.AssertClass.AssertClass object at 0x7f8f9ef155d0>
d = <selenium.webdriver.chrome.webdriver.WebDriver (session="d223bea744a6b1e2f444d5de60614076")>
cur_language = 'fr', cur_link = 'https://capital.com/fr/trading-apple'

    @allure.step('Checking that "Login" form or page opened')
    def assert_login(self, d, cur_language, cur_link):
        """Method Assert Login form or page"""
        print(f"\n{datetime.now()}   3. Assert_Login_v0")
        self.page_signup_login = SignupLogin(d, cur_link)
        if self.page_signup_login.should_be_login_form():
            self.page_signup_login.close_login_form()
            del self.page_signup_login
        elif self.page_signup_login.should_be_login_page():
            self.page_signup_login.close_login_page()
            del self.page_signup_login
        elif self.page_signup_login.should_be_trading_platform_login_form(cur_language):
            self.page_signup_login.close_trading_platform_login_form()
            del self.page_signup_login
        elif self.page_signup_login.should_be_signup_form(cur_language):
            del self.page_signup_login
            print(f'\nBug: {self.bid}')
            retest_table_fill(self.bid, '05', self.link)
            assert False, "Bug # 05. Opened a 'Sign up' form instead of a 'Login'"
            # pytest.fail("Bug # 05. Opened a 'Sign up' form instead of a 'Login'", False)
        elif self.page_signup_login.should_be_signup_page(cur_language):
            del self.page_signup_login
            print(f'\nBug: {self.bid}')
            retest_table_fill(self.bid, '06', self.link)
>           assert False, "Bug # 06. Opened a 'Sign up' page instead of a 'Login'"
E           AssertionError: Bug # 06. Opened a 'Sign up' page instead of a 'Login'

pages/Elements/AssertClass.py:75: AssertionError
---------------------------- Captured stdout setup -----------------------------

2024-01-26 14:53:09.057976   *** autouse fixture Chrome ***

{'width': 1280, 'height': 720}
Current test language - fr
Current country of trading - gb



Current test role - NoAuth
Current login - aqa.tomelo.an@gmail.com
Current login - iT9Vgqi6d$fiZ*Z
----------------------------- Captured stdout call -----------------------------
{'width': 1280, 'height': 720}

2024-01-26 14:53:09.968121   worker_id = master

2024-01-26 14:53:09.968146   0. Allure grouping v4


2024-01-26 14:53:09.968426   START PRECONDITIONS =>

2024-01-26 14:53:11.581992   Load page https://capital.com

2024-01-26 14:53:11.582037   {'width': 1280, 'height': 720}

2024-01-26 14:53:11.587911   Set windows position at (0, 0) =>

2024-01-26 14:53:11.694651   Set resolution 1280 * 720 =>

2024-01-26 14:53:11.804230   => Resolution seted {'width': 1280, 'height': 720}

2024-01-26 14:53:16.859480   Капчи нет. Тестим дальше

2024-01-26 14:53:16.859591   Prev. Role: ?

2024-01-26 14:53:16.859605   Run preconditions: set "NoAuth" Role =>
2024-01-26 14:53:17.512570   Load page https://capital.com

2024-01-26 14:53:17.724998   => All cookies are deleted
2024-01-26 14:53:18.564680   Load page https://capital.com

2024-01-26 14:53:18.564927   Step 'Click button [Accept all cookies]'
2024-01-26 14:53:23.593474   Is Visible Button [Accept all cookies]? =>
2024-01-26 14:53:23.613656   => Button [Accept all cookies] is visible
2024-01-26 14:53:24.613792   Is clickable Button [Accept all cookies] =>
2024-01-26 14:53:24.646781   => Button [Accept all cookies] is clickable
2024-01-26 14:53:24.646819   Click Button [Accept all cookies] =>
2024-01-26 14:53:24.731075   => Button [Accept all cookies] is clicked
2024-01-26 14:53:24.731120   => Accepted All Cookies

2024-01-26 14:53:25.231563   Start Autorization

2024-01-26 14:53:25.231707   2. Act
2024-01-26 14:53:25.231728   Start Click button [Log in] =>
2024-01-26 14:53:25.240663   BUTTON_LOGIN scroll =>
2024-01-26 14:53:25.244375   Is BUTTON_LOGIN clickable? =>
2024-01-26 14:53:25.256670   => BUTTON_LOGIN is clickable
2024-01-26 14:53:25.256694   BUTTON_LOGIN click =>
2024-01-26 14:53:25.302634   => BUTTON_LOGIN is clicked!
2024-01-26 14:53:25.302717   => 'Login' form is opened
2024-01-26 14:53:26.131477   => "login" and "password" are inputted
2024-01-26 14:53:26.131520   Click [Continue] button on [Login] form =>
2024-01-26 14:53:26.207840   => [Continue] button on [Login] form is clicked
2024-01-26 14:53:29.145710   Start check that the Trading platform page is loaded and LOGO is present on it =>
2024-01-26 14:53:29.145750   Set timeout = 30
2024-01-26 14:53:29.145766   Wait until load page with special title =>
2024-01-26 14:53:29.149732   => Page with title "Trading Platform | Capital.com" is loaded
2024-01-26 14:53:29.149760   Is present LOGO on this page? =>
2024-01-26 14:53:30.861983   => LOGO is visible on this page
2024-01-26 14:53:30.862068   -> "Capital.com" logo is present on trading platform page

2024-01-26 14:53:31.846432   Start DeAuthorisation
2024-01-26 14:53:31.846575   1. BUTTON_MY_ACCOUNT is present? =>
2024-01-26 14:53:31.927658   => BUTTON_MY_ACCOUNT is present on this page
2024-01-26 14:53:33.201825   => Move to BUTTON_MY_ACCOUNT
2024-01-26 14:53:33.201874   2. BUTTON_MY_ACCOUNT is clickable? =>
2024-01-26 14:53:33.223918   => BUTTON_MY_ACCOUNT is clickable
2024-01-26 14:53:33.223950   BUTTON_MY_ACCOUNT Click =>
2024-01-26 14:53:34.097151   => User panel [My account] is opened

2024-01-26 14:53:34.097391   Start Click [Logout] button:
2024-01-26 14:53:34.097415   BUTTON_LOGOUT is present? =>
2024-01-26 14:53:34.108206   => BUTTON_LOGOUT is present
2024-01-26 14:53:34.108245   Is visible BUTTON_LOGOUT? =>
2024-01-26 14:53:34.128159   BUTTON_LOGOUT is clickable? =>
2024-01-26 14:53:34.146373   BUTTON_LOGOUT click =>
2024-01-26 14:53:34.213019   => BUTTON_LOGOUT is clicked

2024-01-26 14:53:34.213159   Current role: NoAuth

2024-01-26 14:53:34.213178   Prev language: ?

2024-01-26 14:53:34.213191   Run preconditions: set "fr" language =>


2024-01-26 14:53:34.276048   => Language and Country menu is present


2024-01-26 14:53:35.504947   => Language and Country menu is visible


2024-01-26 14:53:37.284862   => Focus is moved on Language and Country menu 

2024-01-26 14:53:38.990810   => Current language: fr

2024-01-26 14:53:38.990863   Prev country: ?

2024-01-26 14:53:38.990877   Run preconditions: set "gb" country =>


2024-01-26 14:53:39.006177   => Language and Country menu is present


2024-01-26 14:53:39.039520   => Language and Country menu is visible


2024-01-26 14:53:40.819155   => Focus is moved on Language and Country menu 

2024-01-26 14:53:43.077772   => Current country: gb

2024-01-26 14:53:43.077813   => THE END PRECONDITIONS

2024-01-26 14:53:43.077848   1. Arrange
2024-01-26 14:53:44.082159   Load page https://capital.com/fr/trading-apple
2024-01-26 14:53:44.082210   BUTTON_ON_VER_BANNER is visible? =>
2024-01-26 14:53:44.150554   => BUTTON_ON_VER_BANNER is visible on the page!
2024-01-26 14:53:44.150743   Start Checking that form [Sign up] popped up on the page =>
2024-01-26 14:53:49.734720   '[Sign up]' form was not popped up

2024-01-26 14:53:49.734890   2. Act
2024-01-26 14:53:49.734904   BUTTON_ON_VER_BANNER is present? =>
2024-01-26 14:53:49.742905   => BUTTON_ON_VER_BANNER is present on the page!
2024-01-26 14:53:49.742927   BUTTON_ON_VER_BANNER scroll =>
2024-01-26 14:53:51.323285   => BUTTON_ON_VER_BANNER clicked!

2024-01-26 14:53:51.323569   3. Assert_Login_v0
2024-01-26 14:53:51.323674   Check that 'Login' form is opened
2024-01-26 14:53:58.668085   'Login' form not opened
2024-01-26 14:53:58.673323   'Login' page not opened
2024-01-26 14:54:04.200152   'Login' form on trading platform not opened
2024-01-26 14:54:04.200334   Start step Check that [Sign up] form is opened
2024-01-26 14:54:09.722636   'Sign up' form not opened
2024-01-26 14:54:09.722825   Start method Check that [Sign up] page opened =>
2024-01-26 14:54:10.726994   'Sign up' page opened
2024-01-26 14:54:10.727028   Assert SIGNUP_SIGNUP_FRAME =>
2024-01-26 14:54:10.735593   Assert SIGNUP_REF_LOGIN =>
2024-01-26 14:54:10.752912   Assert SIGNUP_PRIVACY_POLICY_ALL_1 =>
2024-01-26 14:54:16.270569   Assert SIGNUP_PRIVACY_POLICY_ALL_2 =>
2024-01-26 14:54:16.285783   => SIGNUP_PRIVACY_POLICY_ALL
2024-01-26 14:54:16.285806   => 'Signup' page is checked

Bug: Bid:11.02.02.01_10-fr.gb.NoAuth

2024-01-26 14:54:17.286014   Проверка бага в таблице ретеста  =>

2024-01-26 14:54:17.291926   4. Fixing one row check results into Google Sheet Bugs Report =>
1 cells updated.
2024-01-26 14:54:18.020931   => 4. One row check results into Google Sheet Bugs Report fixed

2024-01-26 14:54:18.548014   4. Fixing one row check results into Google Sheet Bugs Report =>
1 cells updated.
2024-01-26 14:54:18.885099   => 4. One row check results into Google Sheet Bugs Report fixed

2024-01-26 14:54:18.885168   Bug: Bid:11.02.02.01_10-fr.gb.NoAuth уже существует, но тип бага изменился с 23/01/24 на 06

2024-01-26 14:54:18.885545   Bug: Bid:11.02.02.01_10-fr.gb.NoAuth-06 уже существует

2024-01-26 14:54:18.885721   4. Fixing one row check results into Google Sheet Bugs Report =>
1 cells updated.
2024-01-26 14:54:19.343904   => 4. One row check results into Google Sheet Bugs Report fixed
------------------------------ Captured log call -------------------------------
2024-01-26 14:53:49 ERROR Elements not present after 0.5 seconds on page: https://capital.com/fr/trading-apple
2024-01-26 14:53:49 ERROR 
Traceback (most recent call last):
  File "/home/runner/work/SeleniumCapital/SeleniumCapital/pages/base_page.py", line 82, in inner_function
    return func(*args, **kwargs)
           ^^^^^^^^^^^^^^^^^^^^^
  File "/home/runner/work/SeleniumCapital/SeleniumCapital/pages/base_page.py", line 293, in element_is_visible
    return Wait(self.browser, timeout).until(
           ^^^^^^^^^^^^^^^^^^^^^^^^^^^^^^^^^^
  File "/home/runner/.cache/pypoetry/virtualenvs/testcapitalcompyse-cIj6ROMf-py3.11/lib/python3.11/site-packages/selenium/webdriver/support/wait.py", line 105, in until
    raise TimeoutException(message, screen, stacktrace)
selenium.common.exceptions.TimeoutException: Message: 
Stacktrace:
#0 0x561639793f83 <unknown>
#1 0x56163944ccf7 <unknown>
#2 0x56163949c99e <unknown>
#3 0x56163949caa1 <unknown>
#4 0x5616394e7d64 <unknown>
#5 0x5616394c60dd <unknown>
#6 0x5616394e5006 <unknown>
#7 0x5616394c5e53 <unknown>
#8 0x56163948ddd4 <unknown>
#9 0x56163948f1de <unknown>
#10 0x561639758531 <unknown>
#11 0x56163975c455 <unknown>
#12 0x561639744f55 <unknown>
#13 0x56163975d0ef <unknown>
#14 0x56163972899f <unknown>
#15 0x561639781008 <unknown>
#16 0x5616397811d7 <unknown>
#17 0x561639793124 <unknown>
#18 0x7f680ec94ac3 <unknown>

2024-01-26 14:53:58 ERROR Elements not present after 0.5 seconds on page: https://capital.com/trading/signup
2024-01-26 14:53:58 ERROR 
Traceback (most recent call last):
  File "/home/runner/work/SeleniumCapital/SeleniumCapital/pages/base_page.py", line 82, in inner_function
    return func(*args, **kwargs)
           ^^^^^^^^^^^^^^^^^^^^^
  File "/home/runner/work/SeleniumCapital/SeleniumCapital/pages/base_page.py", line 293, in element_is_visible
    return Wait(self.browser, timeout).until(
           ^^^^^^^^^^^^^^^^^^^^^^^^^^^^^^^^^^
  File "/home/runner/.cache/pypoetry/virtualenvs/testcapitalcompyse-cIj6ROMf-py3.11/lib/python3.11/site-packages/selenium/webdriver/support/wait.py", line 105, in until
    raise TimeoutException(message, screen, stacktrace)
selenium.common.exceptions.TimeoutException: Message: 
Stacktrace:
#0 0x561639793f83 <unknown>
#1 0x56163944ccf7 <unknown>
#2 0x56163949c99e <unknown>
#3 0x56163949caa1 <unknown>
#4 0x5616394e7d64 <unknown>
#5 0x5616394c60dd <unknown>
#6 0x5616394e5006 <unknown>
#7 0x5616394c5e53 <unknown>
#8 0x56163948ddd4 <unknown>
#9 0x56163948f1de <unknown>
#10 0x561639758531 <unknown>
#11 0x56163975c455 <unknown>
#12 0x561639744f55 <unknown>
#13 0x56163975d0ef <unknown>
#14 0x56163972899f <unknown>
#15 0x561639781008 <unknown>
#16 0x5616397811d7 <unknown>
#17 0x561639793124 <unknown>
#18 0x7f680ec94ac3 <unknown>

2024-01-26 14:54:04 ERROR Elements not present after 0.5 seconds on page: https://capital.com/trading/signup
2024-01-26 14:54:04 ERROR 
Traceback (most recent call last):
  File "/home/runner/work/SeleniumCapital/SeleniumCapital/pages/base_page.py", line 82, in inner_function
    return func(*args, **kwargs)
           ^^^^^^^^^^^^^^^^^^^^^
  File "/home/runner/work/SeleniumCapital/SeleniumCapital/pages/base_page.py", line 293, in element_is_visible
    return Wait(self.browser, timeout).until(
           ^^^^^^^^^^^^^^^^^^^^^^^^^^^^^^^^^^
  File "/home/runner/.cache/pypoetry/virtualenvs/testcapitalcompyse-cIj6ROMf-py3.11/lib/python3.11/site-packages/selenium/webdriver/support/wait.py", line 105, in until
    raise TimeoutException(message, screen, stacktrace)
selenium.common.exceptions.TimeoutException: Message: 
Stacktrace:
#0 0x561639793f83 <unknown>
#1 0x56163944ccf7 <unknown>
#2 0x56163949c99e <unknown>
#3 0x56163949caa1 <unknown>
#4 0x5616394e7d64 <unknown>
#5 0x5616394c60dd <unknown>
#6 0x5616394e5006 <unknown>
#7 0x5616394c5e53 <unknown>
#8 0x56163948ddd4 <unknown>
#9 0x56163948f1de <unknown>
#10 0x561639758531 <unknown>
#11 0x56163975c455 <unknown>
#12 0x561639744f55 <unknown>
#13 0x56163975d0ef <unknown>
#14 0x56163972899f <unknown>
#15 0x561639781008 <unknown>
#16 0x5616397811d7 <unknown>
#17 0x561639793124 <unknown>
#18 0x7f680ec94ac3 <unknown>

2024-01-26 14:54:09 ERROR Elements not present after 0.5 seconds on page: https://capital.com/trading/signup
2024-01-26 14:54:09 ERROR 
Traceback (most recent call last):
  File "/home/runner/work/SeleniumCapital/SeleniumCapital/pages/base_page.py", line 82, in inner_function
    return func(*args, **kwargs)
           ^^^^^^^^^^^^^^^^^^^^^
  File "/home/runner/work/SeleniumCapital/SeleniumCapital/pages/base_page.py", line 293, in element_is_visible
    return Wait(self.browser, timeout).until(
           ^^^^^^^^^^^^^^^^^^^^^^^^^^^^^^^^^^
  File "/home/runner/.cache/pypoetry/virtualenvs/testcapitalcompyse-cIj6ROMf-py3.11/lib/python3.11/site-packages/selenium/webdriver/support/wait.py", line 105, in until
    raise TimeoutException(message, screen, stacktrace)
selenium.common.exceptions.TimeoutException: Message: 
Stacktrace:
#0 0x561639793f83 <unknown>
#1 0x56163944ccf7 <unknown>
#2 0x56163949c99e <unknown>
#3 0x56163949caa1 <unknown>
#4 0x5616394e7d64 <unknown>
#5 0x5616394c60dd <unknown>
#6 0x5616394e5006 <unknown>
#7 0x5616394c5e53 <unknown>
#8 0x56163948ddd4 <unknown>
#9 0x56163948f1de <unknown>
#10 0x561639758531 <unknown>
#11 0x56163975c455 <unknown>
#12 0x561639744f55 <unknown>
#13 0x56163975d0ef <unknown>
#14 0x56163972899f <unknown>
#15 0x561639781008 <unknown>
#16 0x5616397811d7 <unknown>
#17 0x561639793124 <unknown>
#18 0x7f680ec94ac3 <unknown>

2024-01-26 14:54:16 ERROR Elements not present after 0.5 seconds on page: https://capital.com/trading/signup
2024-01-26 14:54:16 ERROR 
Traceback (most recent call last):
  File "/home/runner/work/SeleniumCapital/SeleniumCapital/pages/base_page.py", line 82, in inner_function
    return func(*args, **kwargs)
           ^^^^^^^^^^^^^^^^^^^^^
  File "/home/runner/work/SeleniumCapital/SeleniumCapital/pages/base_page.py", line 293, in element_is_visible
    return Wait(self.browser, timeout).until(
           ^^^^^^^^^^^^^^^^^^^^^^^^^^^^^^^^^^
  File "/home/runner/.cache/pypoetry/virtualenvs/testcapitalcompyse-cIj6ROMf-py3.11/lib/python3.11/site-packages/selenium/webdriver/support/wait.py", line 105, in until
    raise TimeoutException(message, screen, stacktrace)
selenium.common.exceptions.TimeoutException: Message: 
Stacktrace:
#0 0x561639793f83 <unknown>
#1 0x56163944ccf7 <unknown>
#2 0x56163949c99e <unknown>
#3 0x56163949caa1 <unknown>
#4 0x5616394e7d64 <unknown>
#5 0x5616394c60dd <unknown>
#6 0x5616394e5006 <unknown>
#7 0x5616394c5e53 <unknown>
#8 0x56163948ddd4 <unknown>
#9 0x56163948f1de <unknown>
#10 0x561639758531 <unknown>
#11 0x56163975c455 <unknown>
#12 0x561639744f55 <unknown>
#13 0x56163975d0ef <unknown>
#14 0x56163972899f <unknown>
#15 0x561639781008 <unknown>
#16 0x5616397811d7 <unknown>
#17 0x561639793124 <unknown>
#18 0x7f680ec94ac3 <unknown>
--------------------------- Captured stdout teardown ---------------------------

2024-01-26 14:54:19.909837   *** end fixture Browser = teardown ***

=============================== warnings summary ===============================
tests/US_11_Education/US_11-02-02_Shares_trading/US_11-02-02-01_Shares_trading_test.py::TestSharesTradingItems::test_10_block_vert_banner_button[https://capital.com/fr/trading-apple-Chrome--ae-NoAuth-aqa.tomelo.an@gmail.com-iT9Vgqi6d$fiZ*Z]
  /home/runner/.cache/pypoetry/virtualenvs/testcapitalcompyse-cIj6ROMf-py3.11/lib/python3.11/site-packages/pytest_html/plugin.py:133: DeprecationWarning: The 'report.extra' attribute is deprecated and will be removed in a future release, use 'report.extras' instead.
    warnings.warn(

-- Docs: https://docs.pytest.org/en/stable/how-to/capture-warnings.html
- Generated html report: file:///home/runner/work/SeleniumCapital/SeleniumCapital/report/report.html -
=========================== short test summary info ============================
FAILED tests/US_11_Education/US_11-02-02_Shares_trading/US_11-02-02-01_Shares_trading_test.py::TestSharesTradingItems::test_10_block_vert_banner_button[https://capital.com/fr/trading-apple-Chrome--ae-NoAuth-aqa.tomelo.an@gmail.com-iT9Vgqi6d$fiZ*Z] - AssertionError: Bug # 06. Opened a 'Sign up' page instead of a 'Login'
============ 1 failed, 9 deselected, 1 warning in 71.01s (0:01:11) =============

2024-01-26 14:54:19.991589   => Текущий тест: 1 failed

2024-01-26 14:54:19.992939   => 3. check_results finished

2024-01-26 14:54:19.993086   4. Fixing one row check results into Google Sheet Bugs Report =>
1 cells updated.
2024-01-26 14:54:20.316832   => 4. One row check results into Google Sheet Bugs Report fixed
