


2024-01-26 14:49:46.851164   0. Get Values row =>
2024-01-26 14:49:46.851195   Row # = 108
2024-01-26 14:49:46.851205   Row Values = 
['Bid:11.02.03.01_02-ro.gb.NoAuth', 'Ubuntu 22.04', 'Chrome', '11.02.03.01', '_02', 'ro', 'gb', 'FCA', 'NoAuth', 'https://capital.com/ro/trade-platinum', 'Education', 'Commodities trading L1', 'Click Main banner > Button [Try demo]', 'Click Main banner > Button [Try demo]', '', '05', "Bug # 05. Opened a 'Sign up' form instead of a 'Login'", '', '', '', '25/01/24']

2024-01-26 14:49:46.851294   1. Run pretest =>

2024-01-26 14:49:46.851307   row_loc = 
['Bid:11.02.03.01_02-ro.gb.NoAuth', 'Ubuntu 22.04', 'Chrome', '11.02.03.01', '_02', 'ro', 'gb', 'FCA', 'NoAuth', 'https://capital.com/ro/trade-platinum', 'Education', 'Commodities trading L1', 'Click Main banner > Button [Try demo]', 'Click Main banner > Button [Try demo]', '', '05', "Bug # 05. Opened a 'Sign up' form instead of a 'Login'", '', '', '', '25/01/24']

2024-01-26 14:49:46.851323   => 1. Pretest finished

2024-01-26 14:49:46.851391   2. Run run_pytest with Bid = Bid:11.02.03.01_02-ro.gb.NoAuth from row =>

2024-01-26 14:49:46.851404   2.2. Run poetry run pytest ... in subprocess =>

2024-01-26 14:49:46.851416   Run command: 
poetry run pytest --retest=True --browser_name=Chrome --lang=ro --country=gb --role=NoAuth --tpi_link=https://capital.com/ro/trade-platinum -m test_02 -v \tests/US_11_Education/US_11-02-03_Commodities_trading/us_11-02-03-01_Commodities_trading_test.py

2024-01-26 14:50:35.662222   => 2.2. pytest ... as subprocess finished

2024-01-26 14:50:35.662273   => 2. Autotest with Bid = Bid:11.02.03.01_02-ro.gb.NoAuth from row finished

2024-01-26 14:50:35.662349   3. Run check_results =>
2024-01-26 14:50:35.662371   test_results: 
============================= test session starts ==============================
platform linux -- Python 3.11.7, pytest-7.4.4, pluggy-1.3.0 -- /home/runner/.cache/pypoetry/virtualenvs/testcapitalcompyse-cIj6ROMf-py3.11/bin/python
cachedir: .pytest_cache
metadata: {'Python': '3.11.7', 'Platform': 'Linux-6.2.0-1018-azure-x86_64-with-glibc2.35', 'Packages': {'pytest': '7.4.4', 'pluggy': '1.3.0'}, 'Plugins': {'metadata': '3.0.0', 'timeout': '2.2.0', 'html': '4.1.1', 'xdist': '3.5.0', 'allure-pytest': '2.13.2'}, 'CI': 'true', 'JAVA_HOME': '/usr/lib/jvm/temurin-11-jdk-amd64'}
rootdir: /home/runner/work/SeleniumCapital/SeleniumCapital
configfile: pytest.ini
plugins: metadata-3.0.0, timeout-2.2.0, html-4.1.1, xdist-3.5.0, allure-pytest-2.13.2
collecting ... collected 10 items / 9 deselected / 1 selected

tests/US_11_Education/US_11-02-03_Commodities_trading/us_11-02-03-01_Commodities_trading_test.py::TestCommoditiesTrading::test_02_main_banner_try_demo_button[https://capital.com/ro/trade-platinum-Chrome--ae-NoAuth-aqa.tomelo.an@gmail.com-iT9Vgqi6d$fiZ*Z] FAILED [100%]

=================================== FAILURES ===================================
_ TestCommoditiesTrading.test_02_main_banner_try_demo_button[https://capital.com/ro/trade-platinum-Chrome--ae-NoAuth-aqa.tomelo.an@gmail.com-iT9Vgqi6d$fiZ*Z] _

self = <us_11-02-03-01_Commodities_trading_test.TestCommoditiesTrading object at 0x7f422df90950>
worker_id = 'master'
d = <selenium.webdriver.chrome.webdriver.WebDriver (session="24480c098da953d108b328be912d999f")>
cur_language = 'ro', cur_country = 'gb', cur_role = 'NoAuth'
cur_login = 'aqa.tomelo.an@gmail.com', cur_password = 'iT9Vgqi6d$fiZ*Z'
cur_item_link = 'https://capital.com/ro/trade-platinum'

    @allure.step("Start test of button [Try demo] on Main banner")
    @pytest.mark.test_02
    def test_02_main_banner_try_demo_button(
            self, worker_id, d, cur_language, cur_country, cur_role, cur_login, cur_password, cur_item_link):
        """
        Check: Button [Try demo] on Main banner
        Language: All. License: All.
        """
        bid = build_dynamic_arg_v4(
            d, worker_id, cur_language, cur_country, cur_role,
            "11.02.03", "Education > Menu item [Commodities trading]",
            ".01_02", "Testing button [Try demo] on Main banner")
    
        check_language(cur_language)
    
        page_conditions = Conditions(d, "")
        page_conditions.preconditions(
            d, CapitalComPageSrc.URL, "", cur_language, cur_country, cur_role, cur_login, cur_password)
    
        test_element = MainBannerTryDemo(d, cur_item_link, bid)
>       test_element.full_test_with_tpi(d, cur_language, cur_country, cur_role, cur_item_link)

tests/US_11_Education/US_11-02-03_Commodities_trading/us_11-02-03-01_Commodities_trading_test.py:99: 
_ _ _ _ _ _ _ _ _ _ _ _ _ _ _ _ _ _ _ _ _ _ _ _ _ _ _ _ _ _ _ _ _ _ _ _ _ _ _ _ 
pages/Elements/ButtonTryDemoMainBanner.py:28: in full_test_with_tpi
    test_element.assert_login(d, cur_language, cur_item_link)
_ _ _ _ _ _ _ _ _ _ _ _ _ _ _ _ _ _ _ _ _ _ _ _ _ _ _ _ _ _ _ _ _ _ _ _ _ _ _ _ 

self = <pages.Elements.AssertClass.AssertClass object at 0x7f422e1fbc90>
d = <selenium.webdriver.chrome.webdriver.WebDriver (session="24480c098da953d108b328be912d999f")>
cur_language = 'ro', cur_link = 'https://capital.com/ro/trade-platinum'

    @allure.step('Checking that "Login" form or page opened')
    def assert_login(self, d, cur_language, cur_link):
        """Method Assert Login form or page"""
        print(f"\n{datetime.now()}   3. Assert_Login_v0")
        self.page_signup_login = SignupLogin(d, cur_link)
        if self.page_signup_login.should_be_login_form():
            self.page_signup_login.close_login_form()
            del self.page_signup_login
        elif self.page_signup_login.should_be_login_page():
            self.page_signup_login.close_login_page()
            del self.page_signup_login
        elif self.page_signup_login.should_be_trading_platform_login_form(cur_language):
            self.page_signup_login.close_trading_platform_login_form()
            del self.page_signup_login
        elif self.page_signup_login.should_be_signup_form(cur_language):
            del self.page_signup_login
            print(f'\nBug: {self.bid}')
            retest_table_fill(self.bid, '05', self.link)
>           assert False, "Bug # 05. Opened a 'Sign up' form instead of a 'Login'"
E           AssertionError: Bug # 05. Opened a 'Sign up' form instead of a 'Login'

pages/Elements/AssertClass.py:69: AssertionError
---------------------------- Captured stdout setup -----------------------------

2024-01-26 14:49:47.678390   *** autouse fixture Chrome ***

{'width': 1280, 'height': 720}
Current test language - ro
Current country of trading - gb



Current test role - NoAuth
Current login - aqa.tomelo.an@gmail.com
Current login - iT9Vgqi6d$fiZ*Z
----------------------------- Captured stdout call -----------------------------
{'width': 1280, 'height': 720}

2024-01-26 14:49:48.574293   worker_id = master

2024-01-26 14:49:48.574310   0. Allure grouping v4


2024-01-26 14:49:48.574496   START PRECONDITIONS =>

2024-01-26 14:49:50.165103   Load page https://capital.com

2024-01-26 14:49:50.165150   {'width': 1280, 'height': 720}

2024-01-26 14:49:50.170942   Set windows position at (0, 0) =>

2024-01-26 14:49:50.317202   Set resolution 1280 * 720 =>

2024-01-26 14:49:50.422683   => Resolution seted {'width': 1280, 'height': 720}

2024-01-26 14:49:55.461544   Капчи нет. Тестим дальше

2024-01-26 14:49:55.461667   Prev. Role: ?

2024-01-26 14:49:55.461685   Run preconditions: set "NoAuth" Role =>
2024-01-26 14:49:56.180640   Load page https://capital.com

2024-01-26 14:49:56.338185   => All cookies are deleted
2024-01-26 14:49:57.170141   Load page https://capital.com

2024-01-26 14:49:57.170372   Step 'Click button [Accept all cookies]'
2024-01-26 14:50:02.222231   Is Visible Button [Accept all cookies]? =>
2024-01-26 14:50:02.248452   => Button [Accept all cookies] is visible
2024-01-26 14:50:03.248579   Is clickable Button [Accept all cookies] =>
2024-01-26 14:50:03.277282   => Button [Accept all cookies] is clickable
2024-01-26 14:50:03.277315   Click Button [Accept all cookies] =>
2024-01-26 14:50:03.378636   => Button [Accept all cookies] is clicked
2024-01-26 14:50:03.378677   => Accepted All Cookies

2024-01-26 14:50:03.879000   Start Autorization

2024-01-26 14:50:03.879102   2. Act
2024-01-26 14:50:03.879115   Start Click button [Log in] =>
2024-01-26 14:50:03.887681   BUTTON_LOGIN scroll =>
2024-01-26 14:50:03.893924   Is BUTTON_LOGIN clickable? =>
2024-01-26 14:50:03.904933   => BUTTON_LOGIN is clickable
2024-01-26 14:50:03.904956   BUTTON_LOGIN click =>
2024-01-26 14:50:03.950686   => BUTTON_LOGIN is clicked!
2024-01-26 14:50:03.950767   => 'Login' form is opened
2024-01-26 14:50:04.521741   => "login" and "password" are inputted
2024-01-26 14:50:04.521789   Click [Continue] button on [Login] form =>
2024-01-26 14:50:04.644090   => [Continue] button on [Login] form is clicked
2024-01-26 14:50:07.861318   Start check that the Trading platform page is loaded and LOGO is present on it =>
2024-01-26 14:50:07.861354   Set timeout = 30
2024-01-26 14:50:07.861370   Wait until load page with special title =>
2024-01-26 14:50:07.864085   => Page with title "Trading Platform | Capital.com" is loaded
2024-01-26 14:50:07.864107   Is present LOGO on this page? =>
2024-01-26 14:50:09.079716   => LOGO is visible on this page
2024-01-26 14:50:09.079805   -> "Capital.com" logo is present on trading platform page

2024-01-26 14:50:10.303282   Start DeAuthorisation
2024-01-26 14:50:10.303401   1. BUTTON_MY_ACCOUNT is present? =>
2024-01-26 14:50:10.384441   => BUTTON_MY_ACCOUNT is present on this page
2024-01-26 14:50:11.659630   => Move to BUTTON_MY_ACCOUNT
2024-01-26 14:50:11.659674   2. BUTTON_MY_ACCOUNT is clickable? =>
2024-01-26 14:50:11.682512   => BUTTON_MY_ACCOUNT is clickable
2024-01-26 14:50:11.682559   BUTTON_MY_ACCOUNT Click =>
2024-01-26 14:50:12.543592   => User panel [My account] is opened

2024-01-26 14:50:12.543797   Start Click [Logout] button:
2024-01-26 14:50:12.543813   BUTTON_LOGOUT is present? =>
2024-01-26 14:50:12.551518   => BUTTON_LOGOUT is present
2024-01-26 14:50:12.551543   Is visible BUTTON_LOGOUT? =>
2024-01-26 14:50:12.566314   BUTTON_LOGOUT is clickable? =>
2024-01-26 14:50:12.579272   BUTTON_LOGOUT click =>
2024-01-26 14:50:12.635743   => BUTTON_LOGOUT is clicked

2024-01-26 14:50:12.635896   Current role: NoAuth

2024-01-26 14:50:12.635920   Prev language: ?

2024-01-26 14:50:12.635936   Run preconditions: set "ro" language =>


2024-01-26 14:50:12.684143   => Language and Country menu is present


2024-01-26 14:50:12.703493   => Language and Country menu is visible


2024-01-26 14:50:14.476652   => Focus is moved on Language and Country menu 

2024-01-26 14:50:16.283636   => Current language: ro

2024-01-26 14:50:16.283686   Prev country: ?

2024-01-26 14:50:16.283700   Run preconditions: set "gb" country =>


2024-01-26 14:50:16.295806   => Language and Country menu is present


2024-01-26 14:50:16.335401   => Language and Country menu is visible


2024-01-26 14:50:18.109753   => Focus is moved on Language and Country menu 

2024-01-26 14:50:20.710899   => Current country: gb

2024-01-26 14:50:20.710940   => THE END PRECONDITIONS

2024-01-26 14:50:20.710994   1. Arrange_v0
2024-01-26 14:50:22.149142   Load page https://capital.com/ro/trade-platinum
2024-01-26 14:50:22.149188   BUTTON_TRY_DEMO is visible? =>
2024-01-26 14:50:22.176348   => BUTTON_TRY_DEMO is visible on the page!

2024-01-26 14:50:22.176529   2. Act_v0
2024-01-26 14:50:22.176545   BUTTON_TRY_DEMO is present? =>
2024-01-26 14:50:22.184486   => BUTTON_TRY_DEMO is present on the page!
2024-01-26 14:50:22.184514   BUTTON_TRY_DEMO scroll =>
2024-01-26 14:50:22.262764   => BUTTON_TRY_DEMO clicked!

2024-01-26 14:50:22.262986   3. Assert_Login_v0
2024-01-26 14:50:22.263060   Check that 'Login' form is opened
2024-01-26 14:50:27.816902   'Login' form not opened
2024-01-26 14:50:27.820027   'Login' page not opened
2024-01-26 14:50:33.342776   'Login' form on trading platform not opened
2024-01-26 14:50:33.342964   Start step Check that [Sign up] form is opened
2024-01-26 14:50:33.357979   'Sign up' form opened
2024-01-26 14:50:33.358017   Assert SIGNUP_HEADER =>
2024-01-26 14:50:33.371578   Assert SIGNUP_REF_LOGIN =>
2024-01-26 14:50:33.385294   Assert SIGNUP_PRIVACY_POLICY_ALL_2 =>
2024-01-26 14:50:33.399016   => SIGNUP_PRIVACY_POLICY_ALL
2024-01-26 14:50:33.399049   => 'Signup' form is checked

Bug: Bid:11.02.03.01_02-ro.gb.NoAuth

2024-01-26 14:50:33.399113   Проверка бага в таблице ретеста  =>

2024-01-26 14:50:33.405152   4. Fixing one row check results into Google Sheet Bugs Report =>
1 cells updated.
2024-01-26 14:50:33.938401   => 4. One row check results into Google Sheet Bugs Report fixed

2024-01-26 14:50:34.477078   4. Fixing one row check results into Google Sheet Bugs Report =>
1 cells updated.
2024-01-26 14:50:34.803144   => 4. One row check results into Google Sheet Bugs Report fixed

2024-01-26 14:50:34.803215   Bug: Bid:11.02.03.01_02-ro.gb.NoAuth уже существует, но тип бага изменился с 25/01/24 на 05

2024-01-26 14:50:34.803614   Bug: Bid:11.02.03.01_02-ro.gb.NoAuth-05 уже существует

2024-01-26 14:50:34.803773   4. Fixing one row check results into Google Sheet Bugs Report =>
1 cells updated.
2024-01-26 14:50:35.277063   => 4. One row check results into Google Sheet Bugs Report fixed
------------------------------ Captured log call -------------------------------
2024-01-26 14:50:27 ERROR Elements not present after 0.5 seconds on page: https://capital.com/ro/trade-platinum
2024-01-26 14:50:27 ERROR 
Traceback (most recent call last):
  File "/home/runner/work/SeleniumCapital/SeleniumCapital/pages/base_page.py", line 82, in inner_function
    return func(*args, **kwargs)
           ^^^^^^^^^^^^^^^^^^^^^
  File "/home/runner/work/SeleniumCapital/SeleniumCapital/pages/base_page.py", line 293, in element_is_visible
    return Wait(self.browser, timeout).until(
           ^^^^^^^^^^^^^^^^^^^^^^^^^^^^^^^^^^
  File "/home/runner/.cache/pypoetry/virtualenvs/testcapitalcompyse-cIj6ROMf-py3.11/lib/python3.11/site-packages/selenium/webdriver/support/wait.py", line 105, in until
    raise TimeoutException(message, screen, stacktrace)
selenium.common.exceptions.TimeoutException: Message: 
Stacktrace:
#0 0x55671a5abf83 <unknown>
#1 0x55671a264cf7 <unknown>
#2 0x55671a2b499e <unknown>
#3 0x55671a2b4aa1 <unknown>
#4 0x55671a2ffd64 <unknown>
#5 0x55671a2de0dd <unknown>
#6 0x55671a2fd006 <unknown>
#7 0x55671a2dde53 <unknown>
#8 0x55671a2a5dd4 <unknown>
#9 0x55671a2a71de <unknown>
#10 0x55671a570531 <unknown>
#11 0x55671a574455 <unknown>
#12 0x55671a55cf55 <unknown>
#13 0x55671a5750ef <unknown>
#14 0x55671a54099f <unknown>
#15 0x55671a599008 <unknown>
#16 0x55671a5991d7 <unknown>
#17 0x55671a5ab124 <unknown>
#18 0x7f6b8e294ac3 <unknown>

2024-01-26 14:50:33 ERROR Elements not present after 0.5 seconds on page: https://capital.com/ro/trade-platinum
2024-01-26 14:50:33 ERROR 
Traceback (most recent call last):
  File "/home/runner/work/SeleniumCapital/SeleniumCapital/pages/base_page.py", line 82, in inner_function
    return func(*args, **kwargs)
           ^^^^^^^^^^^^^^^^^^^^^
  File "/home/runner/work/SeleniumCapital/SeleniumCapital/pages/base_page.py", line 293, in element_is_visible
    return Wait(self.browser, timeout).until(
           ^^^^^^^^^^^^^^^^^^^^^^^^^^^^^^^^^^
  File "/home/runner/.cache/pypoetry/virtualenvs/testcapitalcompyse-cIj6ROMf-py3.11/lib/python3.11/site-packages/selenium/webdriver/support/wait.py", line 105, in until
    raise TimeoutException(message, screen, stacktrace)
selenium.common.exceptions.TimeoutException: Message: 
Stacktrace:
#0 0x55671a5abf83 <unknown>
#1 0x55671a264cf7 <unknown>
#2 0x55671a2b499e <unknown>
#3 0x55671a2b4aa1 <unknown>
#4 0x55671a2ffd64 <unknown>
#5 0x55671a2de0dd <unknown>
#6 0x55671a2fd006 <unknown>
#7 0x55671a2dde53 <unknown>
#8 0x55671a2a5dd4 <unknown>
#9 0x55671a2a71de <unknown>
#10 0x55671a570531 <unknown>
#11 0x55671a574455 <unknown>
#12 0x55671a55cf55 <unknown>
#13 0x55671a5750ef <unknown>
#14 0x55671a54099f <unknown>
#15 0x55671a599008 <unknown>
#16 0x55671a5991d7 <unknown>
#17 0x55671a5ab124 <unknown>
#18 0x7f6b8e294ac3 <unknown>
--------------------------- Captured stdout teardown ---------------------------

2024-01-26 14:50:35.574765   *** end fixture Browser = teardown ***

=============================== warnings summary ===============================
tests/US_11_Education/US_11-02-03_Commodities_trading/us_11-02-03-01_Commodities_trading_test.py::TestCommoditiesTrading::test_02_main_banner_try_demo_button[https://capital.com/ro/trade-platinum-Chrome--ae-NoAuth-aqa.tomelo.an@gmail.com-iT9Vgqi6d$fiZ*Z]
  /home/runner/.cache/pypoetry/virtualenvs/testcapitalcompyse-cIj6ROMf-py3.11/lib/python3.11/site-packages/pytest_html/plugin.py:133: DeprecationWarning: The 'report.extra' attribute is deprecated and will be removed in a future release, use 'report.extras' instead.
    warnings.warn(

-- Docs: https://docs.pytest.org/en/stable/how-to/capture-warnings.html
- Generated html report: file:///home/runner/work/SeleniumCapital/SeleniumCapital/report/report.html -
=========================== short test summary info ============================
FAILED tests/US_11_Education/US_11-02-03_Commodities_trading/us_11-02-03-01_Commodities_trading_test.py::TestCommoditiesTrading::test_02_main_banner_try_demo_button[https://capital.com/ro/trade-platinum-Chrome--ae-NoAuth-aqa.tomelo.an@gmail.com-iT9Vgqi6d$fiZ*Z] - AssertionError: Bug # 05. Opened a 'Sign up' form instead of a 'Login'
================= 1 failed, 9 deselected, 1 warning in 48.05s ==================

2024-01-26 14:50:35.662780   => Текущий тест: 1 failed

2024-01-26 14:50:35.663779   => 3. check_results finished

2024-01-26 14:50:35.663926   4. Fixing one row check results into Google Sheet Bugs Report =>
1 cells updated.
2024-01-26 14:50:35.918352   => 4. One row check results into Google Sheet Bugs Report fixed
