


2024-01-26 15:38:04.509900   0. Get Values row =>
2024-01-26 15:38:04.509934   Row # = 543
2024-01-26 15:38:04.509944   Row Values = 
['Bid:11.02.02.01_10-de.gb.Auth', 'Ubuntu 22.04', 'Chrome', '11.02.02.01', '_10', 'de', 'gb', 'FCA', 'Auth', 'https://capital.com/de/trade-netflix', 'Education', 'Shares trading / child', '', '', '', '11', 'Bug # 11. Trading platform is opened in not DEMO mode', '', '', '', '23/01/24', 'failed']

2024-01-26 15:38:04.510041   1. Run pretest =>

2024-01-26 15:38:04.510055   row_loc = 
['Bid:11.02.02.01_10-de.gb.Auth', 'Ubuntu 22.04', 'Chrome', '11.02.02.01', '_10', 'de', 'gb', 'FCA', 'Auth', 'https://capital.com/de/trade-netflix', 'Education', 'Shares trading / child', '', '', '', '11', 'Bug # 11. Trading platform is opened in not DEMO mode', '', '', '', '23/01/24', 'failed']

2024-01-26 15:38:04.510070   => 1. Pretest finished

2024-01-26 15:38:04.510138   2. Run run_pytest with Bid = Bid:11.02.02.01_10-de.gb.Auth from row =>

2024-01-26 15:38:04.510150   2.2. Run poetry run pytest ... in subprocess =>

2024-01-26 15:38:04.510162   Run command: 
poetry run pytest --retest=True --browser_name=Chrome --lang=de --country=gb --role=Auth --tpi_link=https://capital.com/de/trade-netflix -m test_10 -v \tests/US_11_Education/US_11-02-02_Shares_trading/US_11-02-02-01_Shares_trading_test.py

2024-01-26 15:39:12.093288   => 2.2. pytest ... as subprocess finished

2024-01-26 15:39:12.093340   => 2. Autotest with Bid = Bid:11.02.02.01_10-de.gb.Auth from row finished

2024-01-26 15:39:12.093433   3. Run check_results =>
2024-01-26 15:39:12.093472   test_results: 
============================= test session starts ==============================
platform linux -- Python 3.11.7, pytest-7.4.4, pluggy-1.3.0 -- /home/runner/.cache/pypoetry/virtualenvs/testcapitalcompyse-cIj6ROMf-py3.11/bin/python
cachedir: .pytest_cache
metadata: {'Python': '3.11.7', 'Platform': 'Linux-6.2.0-1018-azure-x86_64-with-glibc2.35', 'Packages': {'pytest': '7.4.4', 'pluggy': '1.3.0'}, 'Plugins': {'metadata': '3.0.0', 'timeout': '2.2.0', 'html': '4.1.1', 'xdist': '3.5.0', 'allure-pytest': '2.13.2'}, 'CI': 'true', 'JAVA_HOME': '/usr/lib/jvm/temurin-11-jdk-amd64'}
rootdir: /home/runner/work/SeleniumCapital/SeleniumCapital
configfile: pytest.ini
plugins: metadata-3.0.0, timeout-2.2.0, html-4.1.1, xdist-3.5.0, allure-pytest-2.13.2
collecting ... collected 10 items / 9 deselected / 1 selected

tests/US_11_Education/US_11-02-02_Shares_trading/US_11-02-02-01_Shares_trading_test.py::TestSharesTradingItems::test_10_block_vert_banner_button[https://capital.com/de/trade-netflix-Chrome--ae-Auth-aqa.tomelo.an@gmail.com-iT9Vgqi6d$fiZ*Z] FAILED [100%]

=================================== FAILURES ===================================
_ TestSharesTradingItems.test_10_block_vert_banner_button[https://capital.com/de/trade-netflix-Chrome--ae-Auth-aqa.tomelo.an@gmail.com-iT9Vgqi6d$fiZ*Z] _

self = <US_11-02-02-01_Shares_trading_test.TestSharesTradingItems object at 0x7ffb0e09ac10>
worker_id = 'master'
d = <selenium.webdriver.chrome.webdriver.WebDriver (session="a2a2131550e686a2d80f61e254d7a114")>
cur_language = 'de', cur_country = 'gb', cur_role = 'Auth'
cur_login = 'aqa.tomelo.an@gmail.com', cur_password = 'iT9Vgqi6d$fiZ*Z'
cur_item_link = 'https://capital.com/de/trade-netflix'

    @allure.step("Start test of button in block [Vertical banner]")
    # @pytest.mark.skip(reason="Skipped for debugging")
    @pytest.mark.test_10
    def test_10_block_vert_banner_button(
            self, worker_id, d, cur_language, cur_country, cur_role, cur_login, cur_password,
            cur_item_link):
        """
                Check the [Button] on the Vertical side banner at the bottom of the page.
                For "Authorized user" role:
                The trading platform page is opened depend on the banner [type-id]:
                        Live mode if the banner in the Live mode banners list
                        Demo mode if the banner in the Demo mode banners list
                """
    
        bid = build_dynamic_arg_v4(
            d, worker_id, cur_language, cur_country, cur_role,
            "11.02.02", "Education > Menu item [Shares trading]",
            ".01_10", "Testing button in block [Vertical banner]")
    
        check_language(cur_language)
        if cur_language in ["", "ar", "cn"]:
            Common().skip_test_for_language(cur_language)
    
        page_conditions = Conditions(d, "")
        page_conditions.preconditions(
            d, CapitalComPageSrc.URL, "", cur_language, cur_country, cur_role, cur_login, cur_password)
    
        # банеры должны открываться в Demo mode for US_00
        banner00_ver_tpd = []
        # банеры должны открываться в Live mode for US_00
        banner00_ver_tp = []
        # банеры должны открываться в Demo mode for US_01
        banner01_ver_tpd = ['251', '253', '380', '168', '222', '393']
        # банеры должны открываться в Live mode for US_01
        banner01_ver_tp = ['198', '293', '381', '391', '426']
    
        test_element = ButtonOnVerticalBanner(d, cur_item_link, bid)
>       test_element.full_test_with_tpi(
            d, cur_language, cur_country, cur_role, cur_item_link,
            banner00_ver_tpd, banner00_ver_tp, banner01_ver_tpd, banner01_ver_tp)

tests/US_11_Education/US_11-02-02_Shares_trading/US_11-02-02-01_Shares_trading_test.py:331: 
_ _ _ _ _ _ _ _ _ _ _ _ _ _ _ _ _ _ _ _ _ _ _ _ _ _ _ _ _ _ _ _ _ _ _ _ _ _ _ _ 
pages/Elements/ButtonOnVerticalBanner.py:48: in full_test_with_tpi
    test_element.assert_trading_platform_v4(d, link, tpd)
pages/Elements/AssertClass.py:127: in assert_trading_platform_v4
    self.page_trading.should_be_trading_platform_page_v4(d, cur_link, tpd, tpi, trade_instrument)
pages/Capital/Trading_platform/trading_platform.py:101: in should_be_trading_platform_page_v4
    self.should_be_platform_demo_mode(d, cur_link)
_ _ _ _ _ _ _ _ _ _ _ _ _ _ _ _ _ _ _ _ _ _ _ _ _ _ _ _ _ _ _ _ _ _ _ _ _ _ _ _ 

self = <pages.Capital.Trading_platform.trading_platform.TradingPlatform object at 0x7ffb0e192f90>
d = <selenium.webdriver.chrome.webdriver.WebDriver (session="a2a2131550e686a2d80f61e254d7a114")>
cur_link = 'https://capital.com/de/trade-netflix'

    @allure.step("Check if the trading platform opened in DEMO mode")
    def should_be_platform_demo_mode(self, d, cur_link):
        """Check that Trading platform opened in Demo mode"""
        print(f"{datetime.now()}   Checking that the Trading platform opened in DEMO mode =>")
        # if not self.element_is_visible(TopBarLocators.MODE_DEMO, 30):
        if not self.element_is_visible(TopBarLocators.MODE_DEMO, 15):
            # проверка бага для ретеста
            print(f'\nBug: {self.bid}')
            retest_table_fill(self.bid, '11', self.link)
>           assert False, "Bug # 11. Trading platform is opened in not DEMO mode"
E           AssertionError: Bug # 11. Trading platform is opened in not DEMO mode

pages/Capital/Trading_platform/trading_platform.py:170: AssertionError
---------------------------- Captured stdout setup -----------------------------

2024-01-26 15:38:05.400244   *** autouse fixture Chrome ***

{'width': 1280, 'height': 720}
Current test language - de
Current country of trading - gb



Current test role - Auth
Current login - aqa.tomelo.an@gmail.com
Current login - iT9Vgqi6d$fiZ*Z
----------------------------- Captured stdout call -----------------------------
{'width': 1280, 'height': 720}

2024-01-26 15:38:06.320359   worker_id = master

2024-01-26 15:38:06.320376   0. Allure grouping v4


2024-01-26 15:38:06.320562   START PRECONDITIONS =>

2024-01-26 15:38:07.934522   Load page https://capital.com

2024-01-26 15:38:07.934571   {'width': 1280, 'height': 720}

2024-01-26 15:38:07.936364   Set windows position at (0, 0) =>

2024-01-26 15:38:08.045120   Set resolution 1280 * 720 =>

2024-01-26 15:38:08.151643   => Resolution seted {'width': 1280, 'height': 720}

2024-01-26 15:38:13.182102   Капчи нет. Тестим дальше

2024-01-26 15:38:13.182198   Prev. Role: ?

2024-01-26 15:38:13.182210   Run preconditions: set "Auth" Role =>
2024-01-26 15:38:13.847029   Load page https://capital.com

2024-01-26 15:38:14.067006   => All cookies are deleted
2024-01-26 15:38:14.847498   Load page https://capital.com

2024-01-26 15:38:14.847696   Step 'Click button [Accept all cookies]'
2024-01-26 15:38:19.861670   Is Visible Button [Accept all cookies]? =>
2024-01-26 15:38:19.883564   => Button [Accept all cookies] is visible
2024-01-26 15:38:20.883677   Is clickable Button [Accept all cookies] =>
2024-01-26 15:38:20.912455   => Button [Accept all cookies] is clickable
2024-01-26 15:38:20.912498   Click Button [Accept all cookies] =>
2024-01-26 15:38:20.972154   => Button [Accept all cookies] is clicked
2024-01-26 15:38:20.972198   => Accepted All Cookies

2024-01-26 15:38:21.472620   Start Autorization

2024-01-26 15:38:21.472794   2. Act
2024-01-26 15:38:21.472819   Start Click button [Log in] =>
2024-01-26 15:38:21.486788   BUTTON_LOGIN scroll =>
2024-01-26 15:38:21.494699   Is BUTTON_LOGIN clickable? =>
2024-01-26 15:38:21.510790   => BUTTON_LOGIN is clickable
2024-01-26 15:38:21.510833   BUTTON_LOGIN click =>
2024-01-26 15:38:21.553552   => BUTTON_LOGIN is clicked!
2024-01-26 15:38:21.553668   => 'Login' form is opened
2024-01-26 15:38:22.267394   => "login" and "password" are inputted
2024-01-26 15:38:22.267448   Click [Continue] button on [Login] form =>
2024-01-26 15:38:22.432525   => [Continue] button on [Login] form is clicked
2024-01-26 15:38:26.353069   Start check that the Trading platform page is loaded and LOGO is present on it =>
2024-01-26 15:38:26.353103   Set timeout = 30
2024-01-26 15:38:26.353119   Wait until load page with special title =>
2024-01-26 15:38:26.355720   => Page with title "Trading Platform | Capital.com" is loaded
2024-01-26 15:38:26.355748   Is present LOGO on this page? =>
2024-01-26 15:38:27.740625   => LOGO is visible on this page
2024-01-26 15:38:27.740713   -> "Capital.com" logo is present on trading platform page

2024-01-26 15:38:28.677365   Current role: Auth

2024-01-26 15:38:28.677419   Prev language: ?

2024-01-26 15:38:28.677434   Run preconditions: set "de" language =>


2024-01-26 15:38:28.690819   => Language and Country menu is present


2024-01-26 15:38:28.779516   => Language and Country menu is visible


2024-01-26 15:38:30.561589   => Focus is moved on Language and Country menu 

2024-01-26 15:38:32.354221   => Current language: de

2024-01-26 15:38:32.354259   Prev country: ?

2024-01-26 15:38:32.354276   Run preconditions: set "gb" country =>


2024-01-26 15:38:32.397581   => Language and Country menu is present


2024-01-26 15:38:32.418307   => Language and Country menu is visible


2024-01-26 15:38:34.195056   => Focus is moved on Language and Country menu 

2024-01-26 15:38:36.599666   => Current country: gb

2024-01-26 15:38:36.599710   => THE END PRECONDITIONS

2024-01-26 15:38:36.599758   1. Arrange
2024-01-26 15:38:38.883857   Load page https://capital.com/de/trade-netflix
2024-01-26 15:38:38.883905   BUTTON_ON_VER_BANNER is visible? =>
2024-01-26 15:38:38.901366   => BUTTON_ON_VER_BANNER is visible on the page!
2024-01-26 15:38:38.901632   Start Checking that form [Sign up] popped up on the page =>
2024-01-26 15:38:44.449261   '[Sign up]' form was not popped up

2024-01-26 15:38:44.449431   2. Act
2024-01-26 15:38:44.449445   BUTTON_ON_VER_BANNER is present? =>
2024-01-26 15:38:44.460717   => BUTTON_ON_VER_BANNER is present on the page!
2024-01-26 15:38:44.460762   BUTTON_ON_VER_BANNER scroll =>
2024-01-26 15:38:48.992521   => BUTTON_ON_VER_BANNER clicked!
2024-01-26 15:38:48.992634   For Vertical banner [type-id=168] Trading platform should be open in Demo Mode =>

2024-01-26 15:38:48.992849   3. Assert_v4
2024-01-26 15:38:48.992994   Checking that the trading platform page has opened (v4) =>
2024-01-26 15:38:51.845149   => Current page title: Trading Platform | Capital.com
2024-01-26 15:38:51.845331   Checking that the Trading platform LOGO is present on the page =>
2024-01-26 15:38:53.187881   Checking that the Trading platform opened in DEMO mode =>

Bug: Bid:11.02.02.01_10-de.gb.Auth

2024-01-26 15:39:09.873126   Проверка бага в таблице ретеста  =>

2024-01-26 15:39:09.878697   4. Fixing one row check results into Google Sheet Bugs Report =>
1 cells updated.
2024-01-26 15:39:10.489888   => 4. One row check results into Google Sheet Bugs Report fixed

2024-01-26 15:39:10.880250   4. Fixing one row check results into Google Sheet Bugs Report =>
1 cells updated.
2024-01-26 15:39:11.077179   => 4. One row check results into Google Sheet Bugs Report fixed

2024-01-26 15:39:11.077256   Bug: Bid:11.02.02.01_10-de.gb.Auth уже существует, но тип бага изменился с 23/01/24 на 11

2024-01-26 15:39:11.077742   Bug: Bid:11.02.02.01_10-de.gb.Auth-11 уже существует

2024-01-26 15:39:11.077893   4. Fixing one row check results into Google Sheet Bugs Report =>
1 cells updated.
2024-01-26 15:39:11.557786   => 4. One row check results into Google Sheet Bugs Report fixed
------------------------------ Captured log call -------------------------------
2024-01-26 15:38:44 ERROR Elements not present after 0.5 seconds on page: https://capital.com/de/trade-netflix
2024-01-26 15:38:44 ERROR 
Traceback (most recent call last):
  File "/home/runner/work/SeleniumCapital/SeleniumCapital/pages/base_page.py", line 82, in inner_function
    return func(*args, **kwargs)
           ^^^^^^^^^^^^^^^^^^^^^
  File "/home/runner/work/SeleniumCapital/SeleniumCapital/pages/base_page.py", line 293, in element_is_visible
    return Wait(self.browser, timeout).until(
           ^^^^^^^^^^^^^^^^^^^^^^^^^^^^^^^^^^
  File "/home/runner/.cache/pypoetry/virtualenvs/testcapitalcompyse-cIj6ROMf-py3.11/lib/python3.11/site-packages/selenium/webdriver/support/wait.py", line 105, in until
    raise TimeoutException(message, screen, stacktrace)
selenium.common.exceptions.TimeoutException: Message: 
Stacktrace:
#0 0x562460e3bf83 <unknown>
#1 0x562460af4cf7 <unknown>
#2 0x562460b4499e <unknown>
#3 0x562460b44aa1 <unknown>
#4 0x562460b8fd64 <unknown>
#5 0x562460b6e0dd <unknown>
#6 0x562460b8d006 <unknown>
#7 0x562460b6de53 <unknown>
#8 0x562460b35dd4 <unknown>
#9 0x562460b371de <unknown>
#10 0x562460e00531 <unknown>
#11 0x562460e04455 <unknown>
#12 0x562460decf55 <unknown>
#13 0x562460e050ef <unknown>
#14 0x562460dd099f <unknown>
#15 0x562460e29008 <unknown>
#16 0x562460e291d7 <unknown>
#17 0x562460e3b124 <unknown>
#18 0x7fb1c4e94ac3 <unknown>

2024-01-26 15:39:09 ERROR Elements not present after 0.5 seconds on page: https://capital.com/trading/platform/
2024-01-26 15:39:09 ERROR 
Traceback (most recent call last):
  File "/home/runner/work/SeleniumCapital/SeleniumCapital/pages/base_page.py", line 82, in inner_function
    return func(*args, **kwargs)
           ^^^^^^^^^^^^^^^^^^^^^
  File "/home/runner/work/SeleniumCapital/SeleniumCapital/pages/base_page.py", line 293, in element_is_visible
    return Wait(self.browser, timeout).until(
           ^^^^^^^^^^^^^^^^^^^^^^^^^^^^^^^^^^
  File "/home/runner/.cache/pypoetry/virtualenvs/testcapitalcompyse-cIj6ROMf-py3.11/lib/python3.11/site-packages/selenium/webdriver/support/wait.py", line 105, in until
    raise TimeoutException(message, screen, stacktrace)
selenium.common.exceptions.TimeoutException: Message: 
Stacktrace:
#0 0x562460e3bf83 <unknown>
#1 0x562460af4cf7 <unknown>
#2 0x562460b4499e <unknown>
#3 0x562460b44aa1 <unknown>
#4 0x562460b8fd64 <unknown>
#5 0x562460b6e0dd <unknown>
#6 0x562460b8d006 <unknown>
#7 0x562460b6de53 <unknown>
#8 0x562460b35dd4 <unknown>
#9 0x562460b371de <unknown>
#10 0x562460e00531 <unknown>
#11 0x562460e04455 <unknown>
#12 0x562460decf55 <unknown>
#13 0x562460e050ef <unknown>
#14 0x562460dd099f <unknown>
#15 0x562460e29008 <unknown>
#16 0x562460e291d7 <unknown>
#17 0x562460e3b124 <unknown>
#18 0x7fb1c4e94ac3 <unknown>
--------------------------- Captured stdout teardown ---------------------------

2024-01-26 15:39:11.957122   *** end fixture Browser = teardown ***

=============================== warnings summary ===============================
tests/US_11_Education/US_11-02-02_Shares_trading/US_11-02-02-01_Shares_trading_test.py::TestSharesTradingItems::test_10_block_vert_banner_button[https://capital.com/de/trade-netflix-Chrome--ae-Auth-aqa.tomelo.an@gmail.com-iT9Vgqi6d$fiZ*Z]
  /home/runner/.cache/pypoetry/virtualenvs/testcapitalcompyse-cIj6ROMf-py3.11/lib/python3.11/site-packages/pytest_html/plugin.py:133: DeprecationWarning: The 'report.extra' attribute is deprecated and will be removed in a future release, use 'report.extras' instead.
    warnings.warn(

-- Docs: https://docs.pytest.org/en/stable/how-to/capture-warnings.html
- Generated html report: file:///home/runner/work/SeleniumCapital/SeleniumCapital/report/report.html -
=========================== short test summary info ============================
FAILED tests/US_11_Education/US_11-02-02_Shares_trading/US_11-02-02-01_Shares_trading_test.py::TestSharesTradingItems::test_10_block_vert_banner_button[https://capital.com/de/trade-netflix-Chrome--ae-Auth-aqa.tomelo.an@gmail.com-iT9Vgqi6d$fiZ*Z] - AssertionError: Bug # 11. Trading platform is opened in not DEMO mode
============ 1 failed, 9 deselected, 1 warning in 66.72s (0:01:06) =============

2024-01-26 15:39:12.094232   => Текущий тест: 1 failed

2024-01-26 15:39:12.096024   => 3. check_results finished

2024-01-26 15:39:12.096287   4. Fixing one row check results into Google Sheet Bugs Report =>
1 cells updated.
2024-01-26 15:39:12.423956   => 4. One row check results into Google Sheet Bugs Report fixed
