


2024-01-26 15:01:20.585199   0. Get Values row =>
2024-01-26 15:01:20.585227   Row # = 267
2024-01-26 15:01:20.585237   Row Values = 
['Bid:11.02.02.00_01-fr.gb.NoAuth', 'Ubuntu 22.04', 'Chrome', '11.02.02.00', '_01', 'fr', 'gb', 'FCA', 'NoAuth', '', 'Education', 'Shares trading', 'On Main banner click Button [Start Trading]', 'On Main banner click Button [Start Trading]', '', '05', "Bug # 05. Opened a 'Sign up' form instead of a 'Login'", '', '', '', '23/01/24', 'failed']

2024-01-26 15:01:20.585318   1. Run pretest =>

2024-01-26 15:01:20.585331   row_loc = 
['Bid:11.02.02.00_01-fr.gb.NoAuth', 'Ubuntu 22.04', 'Chrome', '11.02.02.00', '_01', 'fr', 'gb', 'FCA', 'NoAuth', '', 'Education', 'Shares trading', 'On Main banner click Button [Start Trading]', 'On Main banner click Button [Start Trading]', '', '05', "Bug # 05. Opened a 'Sign up' form instead of a 'Login'", '', '', '', '23/01/24', 'failed']

2024-01-26 15:01:20.585345   => 1. Pretest finished

2024-01-26 15:01:20.585409   2. Run run_pytest with Bid = Bid:11.02.02.00_01-fr.gb.NoAuth from row =>

2024-01-26 15:01:20.585421   2.2. Run poetry run pytest ... in subprocess =>

2024-01-26 15:01:20.585432   Run command: 
poetry run pytest --retest=True --browser_name=Chrome --lang=fr --country=gb --role=NoAuth -m test_01 -v \tests/US_11_Education/US_11-02-02_Shares_trading/US_11-02-02-00_Shares_trading_test.py

2024-01-26 15:02:09.314654   => 2.2. pytest ... as subprocess finished

2024-01-26 15:02:09.314726   => 2. Autotest with Bid = Bid:11.02.02.00_01-fr.gb.NoAuth from row finished

2024-01-26 15:02:09.314810   3. Run check_results =>
2024-01-26 15:02:09.314833   test_results: 
============================= test session starts ==============================
platform linux -- Python 3.11.7, pytest-7.4.4, pluggy-1.3.0 -- /home/runner/.cache/pypoetry/virtualenvs/testcapitalcompyse-cIj6ROMf-py3.11/bin/python
cachedir: .pytest_cache
metadata: {'Python': '3.11.7', 'Platform': 'Linux-6.2.0-1018-azure-x86_64-with-glibc2.35', 'Packages': {'pytest': '7.4.4', 'pluggy': '1.3.0'}, 'Plugins': {'metadata': '3.0.0', 'timeout': '2.2.0', 'html': '4.1.1', 'xdist': '3.5.0', 'allure-pytest': '2.13.2'}, 'CI': 'true', 'JAVA_HOME': '/usr/lib/jvm/temurin-11-jdk-amd64'}
rootdir: /home/runner/work/SeleniumCapital/SeleniumCapital
configfile: pytest.ini
plugins: metadata-3.0.0, timeout-2.2.0, html-4.1.1, xdist-3.5.0, allure-pytest-2.13.2
collecting ... collected 7 items / 6 deselected / 1 selected

tests/US_11_Education/US_11-02-02_Shares_trading/US_11-02-02-00_Shares_trading_test.py::TestSharesTrading::test_01_main_banner_start_trading_button[Chrome--ae-NoAuth-aqa.tomelo.an@gmail.com-iT9Vgqi6d$fiZ*Z] FAILED [100%]

=================================== FAILURES ===================================
_ TestSharesTrading.test_01_main_banner_start_trading_button[Chrome--ae-NoAuth-aqa.tomelo.an@gmail.com-iT9Vgqi6d$fiZ*Z] _

self = <US_11-02-02-00_Shares_trading_test.TestSharesTrading object at 0x7fd16f94e910>
worker_id = 'master'
d = <selenium.webdriver.chrome.webdriver.WebDriver (session="955c9ee8fe853426af4b04a96e9829dc")>
cur_language = 'fr', cur_country = 'gb', cur_role = 'NoAuth'
cur_login = 'aqa.tomelo.an@gmail.com', cur_password = 'iT9Vgqi6d$fiZ*Z'

    @allure.step("Start test of button [Start trading] on Main banner")
    # @pytest.mark.skip(reason="Skipped for debugging")
    @pytest.mark.test_01
    def test_01_main_banner_start_trading_button(
            self, worker_id, d, cur_language, cur_country, cur_role, cur_login, cur_password):
        """
        Check: Button [Start Trading] on Main banner
        Language: All (Except: EL, HU, NL). License: All.
        """
        bid = build_dynamic_arg_v4(
            d, worker_id, cur_language, cur_country, cur_role,
            "11.02.02", "Education > Menu item [Shares trading]",
            ".00_01", "Testing button [Start Trading] on Main banner")
    
        Common().skip_if_eng_lang_and_fca_license(cur_language, cur_country)
    
        check_language(cur_language)
    
        page_conditions = Conditions(d, "")
        page_conditions.arrange_0()
>       main_page_link = page_conditions.preconditions(
            d, CapitalComPageSrc.URL, "", cur_language, cur_country, cur_role, cur_login, cur_password)

tests/US_11_Education/US_11-02-02_Shares_trading/US_11-02-02-00_Shares_trading_test.py:71: 
_ _ _ _ _ _ _ _ _ _ _ _ _ _ _ _ _ _ _ _ _ _ _ _ _ _ _ _ _ _ _ _ _ _ _ _ _ _ _ _ 
pages/conditions.py:92: in preconditions
    self.button_accept_all_cookies_click()
pages/base_page.py:82: in inner_function
    return func(*args, **kwargs)
_ _ _ _ _ _ _ _ _ _ _ _ _ _ _ _ _ _ _ _ _ _ _ _ _ _ _ _ _ _ _ _ _ _ _ _ _ _ _ _ 

self = <pages.conditions.Conditions object at 0x7fd16f2138d0>

    @allure.step("Start Accepting all cookies")
    @HandleExcElementsDecorator()
    def button_accept_all_cookies_click(self):
        time_out = 30
        print(f"\n{datetime.now()}   Step 'Click button [Accept all cookies]'")
    
        self.is_captcha()
    
        print(f"{datetime.now()}   Is Visible Button [Accept all cookies]? =>")
        button = self.element_is_visible(OnTrustLocators.BUTTON_ACCEPT_ALL_COOKIE, time_out)
        if not button:
            print(f"{datetime.now()}   => Button [Accept all cookies] is not visible after {time_out} sec.")
>           assert False, f"Button [Accept all cookies] is not visible after {time_out} sec."
E           AssertionError: Button [Accept all cookies] is not visible after 30 sec.

pages/base_page.py:158: AssertionError
---------------------------- Captured stdout setup -----------------------------

2024-01-26 15:01:21.461503   *** autouse fixture Chrome ***

{'width': 1280, 'height': 720}
Current test language - fr
Current country of trading - gb



Current test role - NoAuth
Current login - aqa.tomelo.an@gmail.com
Current login - iT9Vgqi6d$fiZ*Z
----------------------------- Captured stdout call -----------------------------
{'width': 1280, 'height': 720}

2024-01-26 15:01:22.399211   worker_id = master

2024-01-26 15:01:22.399230   0. Allure grouping v4

2024-01-26 15:01:22.399433   0. Arrange_0
2024-01-26 15:01:23.749527   Load page https://capital.com


2024-01-26 15:01:23.749942   START PRECONDITIONS =>

2024-01-26 15:01:24.260098   Load page https://capital.com

2024-01-26 15:01:24.260147   {'width': 1280, 'height': 720}

2024-01-26 15:01:24.262680   Set windows position at (0, 0) =>

2024-01-26 15:01:24.371143   Set resolution 1280 * 720 =>

2024-01-26 15:01:24.484975   => Resolution seted {'width': 1280, 'height': 720}

2024-01-26 15:01:29.524016   Капчи нет. Тестим дальше

2024-01-26 15:01:29.524112   Prev. Role: ?

2024-01-26 15:01:29.524125   Run preconditions: set "NoAuth" Role =>
2024-01-26 15:01:29.999271   Load page https://capital.com

2024-01-26 15:01:30.017782   => All cookies are deleted
2024-01-26 15:01:30.686969   Load page https://capital.com

2024-01-26 15:01:30.687228   Step 'Click button [Accept all cookies]'
2024-01-26 15:01:35.725474   Is Visible Button [Accept all cookies]? =>
2024-01-26 15:02:08.948338   => Button [Accept all cookies] is not visible after 30 sec.
------------------------------ Captured log call -------------------------------
2024-01-26 15:02:08 ERROR Elements not present after 0.5 seconds on page: https://capital.com/
2024-01-26 15:02:08 ERROR 
Traceback (most recent call last):
  File "/home/runner/work/SeleniumCapital/SeleniumCapital/pages/base_page.py", line 82, in inner_function
    return func(*args, **kwargs)
           ^^^^^^^^^^^^^^^^^^^^^
  File "/home/runner/work/SeleniumCapital/SeleniumCapital/pages/base_page.py", line 293, in element_is_visible
    return Wait(self.browser, timeout).until(
           ^^^^^^^^^^^^^^^^^^^^^^^^^^^^^^^^^^
  File "/home/runner/.cache/pypoetry/virtualenvs/testcapitalcompyse-cIj6ROMf-py3.11/lib/python3.11/site-packages/selenium/webdriver/support/wait.py", line 105, in until
    raise TimeoutException(message, screen, stacktrace)
selenium.common.exceptions.TimeoutException: Message: 
Stacktrace:
#0 0x55a740264f83 <unknown>
#1 0x55a73ff1dcf7 <unknown>
#2 0x55a73ff6d99e <unknown>
#3 0x55a73ff6daa1 <unknown>
#4 0x55a73ffb8d64 <unknown>
#5 0x55a73ff970dd <unknown>
#6 0x55a73ffb6006 <unknown>
#7 0x55a73ff96e53 <unknown>
#8 0x55a73ff5edd4 <unknown>
#9 0x55a73ff601de <unknown>
#10 0x55a740229531 <unknown>
#11 0x55a74022d455 <unknown>
#12 0x55a740215f55 <unknown>
#13 0x55a74022e0ef <unknown>
#14 0x55a7401f999f <unknown>
#15 0x55a740252008 <unknown>
#16 0x55a7402521d7 <unknown>
#17 0x55a740264124 <unknown>
#18 0x7f1752494ac3 <unknown>
--------------------------- Captured stdout teardown ---------------------------

2024-01-26 15:02:09.214319   *** end fixture Browser = teardown ***

=============================== warnings summary ===============================
tests/US_11_Education/US_11-02-02_Shares_trading/US_11-02-02-00_Shares_trading_test.py::TestSharesTrading::test_01_main_banner_start_trading_button[Chrome--ae-NoAuth-aqa.tomelo.an@gmail.com-iT9Vgqi6d$fiZ*Z]
  /home/runner/.cache/pypoetry/virtualenvs/testcapitalcompyse-cIj6ROMf-py3.11/lib/python3.11/site-packages/pytest_html/plugin.py:133: DeprecationWarning: The 'report.extra' attribute is deprecated and will be removed in a future release, use 'report.extras' instead.
    warnings.warn(

-- Docs: https://docs.pytest.org/en/stable/how-to/capture-warnings.html
- Generated html report: file:///home/runner/work/SeleniumCapital/SeleniumCapital/report/report.html -
=========================== short test summary info ============================
FAILED tests/US_11_Education/US_11-02-02_Shares_trading/US_11-02-02-00_Shares_trading_test.py::TestSharesTrading::test_01_main_banner_start_trading_button[Chrome--ae-NoAuth-aqa.tomelo.an@gmail.com-iT9Vgqi6d$fiZ*Z] - AssertionError: Button [Accept all cookies] is not visible after 30 sec.
================= 1 failed, 6 deselected, 1 warning in 47.90s ==================

2024-01-26 15:02:09.315183   => Текущий тест: 1 failed

2024-01-26 15:02:09.315781   => 3. check_results finished

2024-01-26 15:02:09.315941   4. Fixing one row check results into Google Sheet Bugs Report =>
1 cells updated.
2024-01-26 15:02:09.500297   => 4. One row check results into Google Sheet Bugs Report fixed
