


2024-01-26 15:43:38.141779   0. Get Values row =>
2024-01-26 15:43:38.141808   Row # = 1011
2024-01-26 15:43:38.141818   Row Values = 
['Bid:11.01.03.01_02-nl.gb.NoAuth', 'Ubuntu 22.04', 'Chrome', '11.01.03.01', '_02', 'nl', 'gb', 'FCA', 'NoAuth', 'https://capital.com/nl/how-beleggen-in-cfd', 'Education', 'CFD trading guide / child', 'Click Main banner > Button [Try demo]', 'Click Main banner > Button [Try demo]', '', '05', "Bug # 05. Opened a 'Sign up' form instead of a 'Login'", '', '', '', '17/01/24', 'failed']

2024-01-26 15:43:38.141902   1. Run pretest =>

2024-01-26 15:43:38.141914   row_loc = 
['Bid:11.01.03.01_02-nl.gb.NoAuth', 'Ubuntu 22.04', 'Chrome', '11.01.03.01', '_02', 'nl', 'gb', 'FCA', 'NoAuth', 'https://capital.com/nl/how-beleggen-in-cfd', 'Education', 'CFD trading guide / child', 'Click Main banner > Button [Try demo]', 'Click Main banner > Button [Try demo]', '', '05', "Bug # 05. Opened a 'Sign up' form instead of a 'Login'", '', '', '', '17/01/24', 'failed']

2024-01-26 15:43:38.141929   => 1. Pretest finished

2024-01-26 15:43:38.141994   2. Run run_pytest with Bid = Bid:11.01.03.01_02-nl.gb.NoAuth from row =>

2024-01-26 15:43:38.142006   2.2. Run poetry run pytest ... in subprocess =>

2024-01-26 15:43:38.142017   Run command: 
poetry run pytest --retest=True --browser_name=Chrome --lang=nl --country=gb --role=NoAuth --tpi_link=https://capital.com/nl/how-beleggen-in-cfd -m test_02 -v \tests/US_11_Education/US_11-01-03_cfd_trading_guide/us_11-01-03-01_cfd_trading_guide_test.py

2024-01-26 15:44:27.040656   => 2.2. pytest ... as subprocess finished

2024-01-26 15:44:27.040713   => 2. Autotest with Bid = Bid:11.01.03.01_02-nl.gb.NoAuth from row finished

2024-01-26 15:44:27.040785   3. Run check_results =>
2024-01-26 15:44:27.040806   test_results: 
============================= test session starts ==============================
platform linux -- Python 3.11.7, pytest-7.4.4, pluggy-1.3.0 -- /home/runner/.cache/pypoetry/virtualenvs/testcapitalcompyse-cIj6ROMf-py3.11/bin/python
cachedir: .pytest_cache
metadata: {'Python': '3.11.7', 'Platform': 'Linux-6.2.0-1018-azure-x86_64-with-glibc2.35', 'Packages': {'pytest': '7.4.4', 'pluggy': '1.3.0'}, 'Plugins': {'metadata': '3.0.0', 'timeout': '2.2.0', 'html': '4.1.1', 'xdist': '3.5.0', 'allure-pytest': '2.13.2'}, 'CI': 'true', 'JAVA_HOME': '/usr/lib/jvm/temurin-11-jdk-amd64'}
rootdir: /home/runner/work/SeleniumCapital/SeleniumCapital
configfile: pytest.ini
plugins: metadata-3.0.0, timeout-2.2.0, html-4.1.1, xdist-3.5.0, allure-pytest-2.13.2
collecting ... collected 5 items / 4 deselected / 1 selected

tests/US_11_Education/US_11-01-03_cfd_trading_guide/us_11-01-03-01_cfd_trading_guide_test.py::TestCFDTradingGuide::test_02_main_banner_try_demo_button[https://capital.com/nl/how-beleggen-in-cfd-Chrome--ae-NoAuth-aqa.tomelo.an@gmail.com-iT9Vgqi6d$fiZ*Z] FAILED [100%]

=================================== FAILURES ===================================
_ TestCFDTradingGuide.test_02_main_banner_try_demo_button[https://capital.com/nl/how-beleggen-in-cfd-Chrome--ae-NoAuth-aqa.tomelo.an@gmail.com-iT9Vgqi6d$fiZ*Z] _

self = <us_11-01-03-01_cfd_trading_guide_test.TestCFDTradingGuide object at 0x7f6295628510>
worker_id = 'master'
d = <selenium.webdriver.chrome.webdriver.WebDriver (session="3b944e6a72fe372d19f737fd9a4bcdbf")>
cur_language = 'nl', cur_country = 'gb', cur_role = 'NoAuth'
cur_login = 'aqa.tomelo.an@gmail.com', cur_password = 'iT9Vgqi6d$fiZ*Z'
cur_item_link = 'https://capital.com/nl/how-beleggen-in-cfd'

    @allure.step("Start test of button [Try demo] on Main banner")
    @pytest.mark.test_02
    def test_02_main_banner_try_demo_button(
            self, worker_id, d, cur_language, cur_country, cur_role, cur_login, cur_password, cur_item_link):
        """
        Check: Button [Try demo] on Main banner
        Language: All. License: All.
        """
        bid = build_dynamic_arg_v4(
            d, worker_id, cur_language, cur_country, cur_role,
            "11.01.03", "Education > Menu item [CFD trading guide]",
            ".01_02", "Testing button [Try demo] on Main banner")
    
        Common().check_language_in_list_and_skip_if_not_present(
            cur_language, ["", "de", "es", "fr", "nl", "pl", "ro", "ru", "zh"])
    
        page_conditions = Conditions(d, "")
        page_conditions.preconditions(
            d, CapitalComPageSrc.URL, "", cur_language, cur_country, cur_role, cur_login, cur_password)
    
        test_element = MainBannerTryDemo(d, cur_item_link, bid)
>       test_element.full_test_with_tpi(d, cur_language, cur_country, cur_role, cur_item_link)

tests/US_11_Education/US_11-01-03_cfd_trading_guide/us_11-01-03-01_cfd_trading_guide_test.py:94: 
_ _ _ _ _ _ _ _ _ _ _ _ _ _ _ _ _ _ _ _ _ _ _ _ _ _ _ _ _ _ _ _ _ _ _ _ _ _ _ _ 
pages/Elements/ButtonTryDemoMainBanner.py:28: in full_test_with_tpi
    test_element.assert_login(d, cur_language, cur_item_link)
_ _ _ _ _ _ _ _ _ _ _ _ _ _ _ _ _ _ _ _ _ _ _ _ _ _ _ _ _ _ _ _ _ _ _ _ _ _ _ _ 

self = <pages.Elements.AssertClass.AssertClass object at 0x7f62953ab290>
d = <selenium.webdriver.chrome.webdriver.WebDriver (session="3b944e6a72fe372d19f737fd9a4bcdbf")>
cur_language = 'nl', cur_link = 'https://capital.com/nl/how-beleggen-in-cfd'

    @allure.step('Checking that "Login" form or page opened')
    def assert_login(self, d, cur_language, cur_link):
        """Method Assert Login form or page"""
        print(f"\n{datetime.now()}   3. Assert_Login_v0")
        self.page_signup_login = SignupLogin(d, cur_link)
        if self.page_signup_login.should_be_login_form():
            self.page_signup_login.close_login_form()
            del self.page_signup_login
        elif self.page_signup_login.should_be_login_page():
            self.page_signup_login.close_login_page()
            del self.page_signup_login
        elif self.page_signup_login.should_be_trading_platform_login_form(cur_language):
            self.page_signup_login.close_trading_platform_login_form()
            del self.page_signup_login
        elif self.page_signup_login.should_be_signup_form(cur_language):
            del self.page_signup_login
            print(f'\nBug: {self.bid}')
            retest_table_fill(self.bid, '05', self.link)
>           assert False, "Bug # 05. Opened a 'Sign up' form instead of a 'Login'"
E           AssertionError: Bug # 05. Opened a 'Sign up' form instead of a 'Login'

pages/Elements/AssertClass.py:69: AssertionError
---------------------------- Captured stdout setup -----------------------------

2024-01-26 15:43:39.234302   *** autouse fixture Chrome ***

{'width': 1280, 'height': 720}
Current test language - nl
Current country of trading - gb



Current test role - NoAuth
Current login - aqa.tomelo.an@gmail.com
Current login - iT9Vgqi6d$fiZ*Z
----------------------------- Captured stdout call -----------------------------
{'width': 1280, 'height': 720}

2024-01-26 15:43:40.213785   worker_id = master

2024-01-26 15:43:40.213817   0. Allure grouping v4


2024-01-26 15:43:40.214162   START PRECONDITIONS =>

2024-01-26 15:43:41.903379   Load page https://capital.com

2024-01-26 15:43:41.903428   {'width': 1280, 'height': 720}

2024-01-26 15:43:41.905311   Set windows position at (0, 0) =>

2024-01-26 15:43:42.012024   Set resolution 1280 * 720 =>

2024-01-26 15:43:42.118223   => Resolution seted {'width': 1280, 'height': 720}

2024-01-26 15:43:47.169056   Капчи нет. Тестим дальше

2024-01-26 15:43:47.169177   Prev. Role: ?

2024-01-26 15:43:47.169202   Run preconditions: set "NoAuth" Role =>
2024-01-26 15:43:48.215518   Load page https://capital.com

2024-01-26 15:43:48.481586   => All cookies are deleted
2024-01-26 15:43:49.283582   Load page https://capital.com

2024-01-26 15:43:49.283780   Step 'Click button [Accept all cookies]'
2024-01-26 15:43:54.332173   Is Visible Button [Accept all cookies]? =>
2024-01-26 15:43:54.355871   => Button [Accept all cookies] is visible
2024-01-26 15:43:55.356005   Is clickable Button [Accept all cookies] =>
2024-01-26 15:43:55.401479   => Button [Accept all cookies] is clickable
2024-01-26 15:43:55.401523   Click Button [Accept all cookies] =>
2024-01-26 15:43:55.465125   => Button [Accept all cookies] is clicked
2024-01-26 15:43:55.465169   => Accepted All Cookies

2024-01-26 15:43:55.965517   Start Autorization

2024-01-26 15:43:55.965658   2. Act
2024-01-26 15:43:55.965677   Start Click button [Log in] =>
2024-01-26 15:43:55.975678   BUTTON_LOGIN scroll =>
2024-01-26 15:43:55.984443   Is BUTTON_LOGIN clickable? =>
2024-01-26 15:43:56.003581   => BUTTON_LOGIN is clickable
2024-01-26 15:43:56.003627   BUTTON_LOGIN click =>
2024-01-26 15:43:56.047864   => BUTTON_LOGIN is clicked!
2024-01-26 15:43:56.047948   => 'Login' form is opened
2024-01-26 15:43:56.707056   => "login" and "password" are inputted
2024-01-26 15:43:56.707108   Click [Continue] button on [Login] form =>
2024-01-26 15:43:56.826033   => [Continue] button on [Login] form is clicked
2024-01-26 15:44:00.140400   Start check that the Trading platform page is loaded and LOGO is present on it =>
2024-01-26 15:44:00.140434   Set timeout = 30
2024-01-26 15:44:00.140449   Wait until load page with special title =>
2024-01-26 15:44:00.143981   => Page with title "Trading Platform | Capital.com" is loaded
2024-01-26 15:44:00.144012   Is present LOGO on this page? =>
2024-01-26 15:44:01.601898   => LOGO is visible on this page
2024-01-26 15:44:01.601999   -> "Capital.com" logo is present on trading platform page

2024-01-26 15:44:02.634786   Start DeAuthorisation
2024-01-26 15:44:02.634911   1. BUTTON_MY_ACCOUNT is present? =>
2024-01-26 15:44:02.668114   => BUTTON_MY_ACCOUNT is present on this page
2024-01-26 15:44:04.030785   => Move to BUTTON_MY_ACCOUNT
2024-01-26 15:44:04.030831   2. BUTTON_MY_ACCOUNT is clickable? =>
2024-01-26 15:44:04.053945   => BUTTON_MY_ACCOUNT is clickable
2024-01-26 15:44:04.053990   BUTTON_MY_ACCOUNT Click =>
2024-01-26 15:44:04.907526   => User panel [My account] is opened

2024-01-26 15:44:04.907715   Start Click [Logout] button:
2024-01-26 15:44:04.907729   BUTTON_LOGOUT is present? =>
2024-01-26 15:44:04.920680   => BUTTON_LOGOUT is present
2024-01-26 15:44:04.920720   Is visible BUTTON_LOGOUT? =>
2024-01-26 15:44:04.935637   BUTTON_LOGOUT is clickable? =>
2024-01-26 15:44:04.950127   BUTTON_LOGOUT click =>
2024-01-26 15:44:05.007869   => BUTTON_LOGOUT is clicked

2024-01-26 15:44:05.008010   Current role: NoAuth

2024-01-26 15:44:05.008030   Prev language: ?

2024-01-26 15:44:05.008044   Run preconditions: set "nl" language =>


2024-01-26 15:44:05.043081   => Language and Country menu is present


2024-01-26 15:44:05.058383   => Language and Country menu is visible


2024-01-26 15:44:06.831190   => Focus is moved on Language and Country menu 

2024-01-26 15:44:08.498006   => Current language: nl

2024-01-26 15:44:08.498057   Prev country: ?

2024-01-26 15:44:08.498072   Run preconditions: set "gb" country =>


2024-01-26 15:44:08.591879   => Language and Country menu is present


2024-01-26 15:44:08.629434   => Language and Country menu is visible


2024-01-26 15:44:10.415753   => Focus is moved on Language and Country menu 

2024-01-26 15:44:12.691938   => Current country: gb

2024-01-26 15:44:12.691994   => THE END PRECONDITIONS

2024-01-26 15:44:12.692042   1. Arrange_v0
2024-01-26 15:44:13.368171   Load page https://capital.com/nl/how-beleggen-in-cfd
2024-01-26 15:44:13.368224   BUTTON_TRY_DEMO is visible? =>
2024-01-26 15:44:13.767886   => BUTTON_TRY_DEMO is visible on the page!

2024-01-26 15:44:13.768116   2. Act_v0
2024-01-26 15:44:13.768142   BUTTON_TRY_DEMO is present? =>
2024-01-26 15:44:13.782563   => BUTTON_TRY_DEMO is present on the page!
2024-01-26 15:44:13.782609   BUTTON_TRY_DEMO scroll =>
2024-01-26 15:44:13.845333   => BUTTON_TRY_DEMO clicked!

2024-01-26 15:44:13.845678   3. Assert_Login_v0
2024-01-26 15:44:13.845812   Check that 'Login' form is opened
2024-01-26 15:44:19.374041   'Login' form not opened
2024-01-26 15:44:19.378986   'Login' page not opened
2024-01-26 15:44:24.902223   'Login' form on trading platform not opened
2024-01-26 15:44:24.902414   Start step Check that [Sign up] form is opened
2024-01-26 15:44:24.917287   'Sign up' form opened
2024-01-26 15:44:24.917326   Assert SIGNUP_HEADER =>
2024-01-26 15:44:24.931429   Assert SIGNUP_REF_LOGIN =>
2024-01-26 15:44:24.948109   Assert SIGNUP_PRIVACY_POLICY_ALL_2 =>
2024-01-26 15:44:24.964123   => SIGNUP_PRIVACY_POLICY_ALL
2024-01-26 15:44:24.964163   => 'Signup' form is checked

Bug: Bid:11.01.03.01_02-nl.gb.NoAuth

2024-01-26 15:44:24.964232   Проверка бага в таблице ретеста  =>

2024-01-26 15:44:25.133563   4. Fixing one row check results into Google Sheet Bugs Report =>
1 cells updated.
2024-01-26 15:44:25.705888   => 4. One row check results into Google Sheet Bugs Report fixed

2024-01-26 15:44:26.131838   4. Fixing one row check results into Google Sheet Bugs Report =>
1 cells updated.
2024-01-26 15:44:26.333035   => 4. One row check results into Google Sheet Bugs Report fixed

2024-01-26 15:44:26.333132   Bug: Bid:11.01.03.01_02-nl.gb.NoAuth уже существует, но тип бага изменился с 17/01/24 на 05

2024-01-26 15:44:26.333769   Bug: Bid:11.01.03.01_02-nl.gb.NoAuth-05 уже существует

2024-01-26 15:44:26.333975   4. Fixing one row check results into Google Sheet Bugs Report =>
1 cells updated.
2024-01-26 15:44:26.642920   => 4. One row check results into Google Sheet Bugs Report fixed
------------------------------ Captured log call -------------------------------
2024-01-26 15:44:19 ERROR Elements not present after 0.5 seconds on page: https://capital.com/nl/how-beleggen-in-cfd
2024-01-26 15:44:19 ERROR 
Traceback (most recent call last):
  File "/home/runner/work/SeleniumCapital/SeleniumCapital/pages/base_page.py", line 82, in inner_function
    return func(*args, **kwargs)
           ^^^^^^^^^^^^^^^^^^^^^
  File "/home/runner/work/SeleniumCapital/SeleniumCapital/pages/base_page.py", line 293, in element_is_visible
    return Wait(self.browser, timeout).until(
           ^^^^^^^^^^^^^^^^^^^^^^^^^^^^^^^^^^
  File "/home/runner/.cache/pypoetry/virtualenvs/testcapitalcompyse-cIj6ROMf-py3.11/lib/python3.11/site-packages/selenium/webdriver/support/wait.py", line 105, in until
    raise TimeoutException(message, screen, stacktrace)
selenium.common.exceptions.TimeoutException: Message: 
Stacktrace:
#0 0x56458d155f83 <unknown>
#1 0x56458ce0ecf7 <unknown>
#2 0x56458ce5e99e <unknown>
#3 0x56458ce5eaa1 <unknown>
#4 0x56458cea9d64 <unknown>
#5 0x56458ce880dd <unknown>
#6 0x56458cea7006 <unknown>
#7 0x56458ce87e53 <unknown>
#8 0x56458ce4fdd4 <unknown>
#9 0x56458ce511de <unknown>
#10 0x56458d11a531 <unknown>
#11 0x56458d11e455 <unknown>
#12 0x56458d106f55 <unknown>
#13 0x56458d11f0ef <unknown>
#14 0x56458d0ea99f <unknown>
#15 0x56458d143008 <unknown>
#16 0x56458d1431d7 <unknown>
#17 0x56458d155124 <unknown>
#18 0x7fd126e94ac3 <unknown>

2024-01-26 15:44:24 ERROR Elements not present after 0.5 seconds on page: https://capital.com/nl/how-beleggen-in-cfd
2024-01-26 15:44:24 ERROR 
Traceback (most recent call last):
  File "/home/runner/work/SeleniumCapital/SeleniumCapital/pages/base_page.py", line 82, in inner_function
    return func(*args, **kwargs)
           ^^^^^^^^^^^^^^^^^^^^^
  File "/home/runner/work/SeleniumCapital/SeleniumCapital/pages/base_page.py", line 293, in element_is_visible
    return Wait(self.browser, timeout).until(
           ^^^^^^^^^^^^^^^^^^^^^^^^^^^^^^^^^^
  File "/home/runner/.cache/pypoetry/virtualenvs/testcapitalcompyse-cIj6ROMf-py3.11/lib/python3.11/site-packages/selenium/webdriver/support/wait.py", line 105, in until
    raise TimeoutException(message, screen, stacktrace)
selenium.common.exceptions.TimeoutException: Message: 
Stacktrace:
#0 0x56458d155f83 <unknown>
#1 0x56458ce0ecf7 <unknown>
#2 0x56458ce5e99e <unknown>
#3 0x56458ce5eaa1 <unknown>
#4 0x56458cea9d64 <unknown>
#5 0x56458ce880dd <unknown>
#6 0x56458cea7006 <unknown>
#7 0x56458ce87e53 <unknown>
#8 0x56458ce4fdd4 <unknown>
#9 0x56458ce511de <unknown>
#10 0x56458d11a531 <unknown>
#11 0x56458d11e455 <unknown>
#12 0x56458d106f55 <unknown>
#13 0x56458d11f0ef <unknown>
#14 0x56458d0ea99f <unknown>
#15 0x56458d143008 <unknown>
#16 0x56458d1431d7 <unknown>
#17 0x56458d155124 <unknown>
#18 0x7fd126e94ac3 <unknown>
--------------------------- Captured stdout teardown ---------------------------

2024-01-26 15:44:26.938729   *** end fixture Browser = teardown ***

=============================== warnings summary ===============================
tests/US_11_Education/US_11-01-03_cfd_trading_guide/us_11-01-03-01_cfd_trading_guide_test.py::TestCFDTradingGuide::test_02_main_banner_try_demo_button[https://capital.com/nl/how-beleggen-in-cfd-Chrome--ae-NoAuth-aqa.tomelo.an@gmail.com-iT9Vgqi6d$fiZ*Z]
  /home/runner/.cache/pypoetry/virtualenvs/testcapitalcompyse-cIj6ROMf-py3.11/lib/python3.11/site-packages/pytest_html/plugin.py:133: DeprecationWarning: The 'report.extra' attribute is deprecated and will be removed in a future release, use 'report.extras' instead.
    warnings.warn(

-- Docs: https://docs.pytest.org/en/stable/how-to/capture-warnings.html
- Generated html report: file:///home/runner/work/SeleniumCapital/SeleniumCapital/report/report.html -
=========================== short test summary info ============================
FAILED tests/US_11_Education/US_11-01-03_cfd_trading_guide/us_11-01-03-01_cfd_trading_guide_test.py::TestCFDTradingGuide::test_02_main_banner_try_demo_button[https://capital.com/nl/how-beleggen-in-cfd-Chrome--ae-NoAuth-aqa.tomelo.an@gmail.com-iT9Vgqi6d$fiZ*Z] - AssertionError: Bug # 05. Opened a 'Sign up' form instead of a 'Login'
================= 1 failed, 4 deselected, 1 warning in 47.96s ==================

2024-01-26 15:44:27.041201   => Текущий тест: 1 failed

2024-01-26 15:44:27.042281   => 3. check_results finished

2024-01-26 15:44:27.042440   4. Fixing one row check results into Google Sheet Bugs Report =>
1 cells updated.
2024-01-26 15:44:27.395276   => 4. One row check results into Google Sheet Bugs Report fixed
