


2024-01-26 15:33:13.644485   0. Get Values row =>
2024-01-26 15:33:13.644512   Row # = 962
2024-01-26 15:33:13.644522   Row Values = 
['Bid:11.03.01.01_01-en.gb.NoAuth', 'Ubuntu 22.04', 'Chrome', '11.03.01.01', '_01', 'en', 'gb', 'FCA', 'NoAuth', 'https://capital.com/average-true-range', 'Education', 'Trading strategies guide L1', 'On Main banner click Button [Start Trading]', 'On Main banner click Button [Start Trading]', '', '05', "Bug # 05. Opened a 'Sign up' form instead of a 'Login'", '', '', '', '19/01/24', 'failed']

2024-01-26 15:33:13.644602   1. Run pretest =>

2024-01-26 15:33:13.644614   row_loc = 
['Bid:11.03.01.01_01-en.gb.NoAuth', 'Ubuntu 22.04', 'Chrome', '11.03.01.01', '_01', 'en', 'gb', 'FCA', 'NoAuth', 'https://capital.com/average-true-range', 'Education', 'Trading strategies guide L1', 'On Main banner click Button [Start Trading]', 'On Main banner click Button [Start Trading]', '', '05', "Bug # 05. Opened a 'Sign up' form instead of a 'Login'", '', '', '', '19/01/24', 'failed']

2024-01-26 15:33:13.644628   => 1. Pretest finished

2024-01-26 15:33:13.644691   2. Run run_pytest with Bid = Bid:11.03.01.01_01-en.gb.NoAuth from row =>

2024-01-26 15:33:13.644703   2.2. Run poetry run pytest ... in subprocess =>

2024-01-26 15:33:13.644715   Run command: 
poetry run pytest --retest=True --browser_name=Chrome --lang= --country=gb --role=NoAuth --tpi_link=https://capital.com/average-true-range -m test_01 -v \tests/US_11_Education/US_11-03-01_trading_strategies_guide/US_11-03-01-01_trading_strategies_guide_test.py

2024-01-26 15:34:01.323190   => 2.2. pytest ... as subprocess finished

2024-01-26 15:34:01.323233   => 2. Autotest with Bid = Bid:11.03.01.01_01-en.gb.NoAuth from row finished

2024-01-26 15:34:01.323306   3. Run check_results =>
2024-01-26 15:34:01.323327   test_results: 
============================= test session starts ==============================
platform linux -- Python 3.11.7, pytest-7.4.4, pluggy-1.3.0 -- /home/runner/.cache/pypoetry/virtualenvs/testcapitalcompyse-cIj6ROMf-py3.11/bin/python
cachedir: .pytest_cache
metadata: {'Python': '3.11.7', 'Platform': 'Linux-6.2.0-1018-azure-x86_64-with-glibc2.35', 'Packages': {'pytest': '7.4.4', 'pluggy': '1.3.0'}, 'Plugins': {'metadata': '3.0.0', 'timeout': '2.2.0', 'html': '4.1.1', 'xdist': '3.5.0', 'allure-pytest': '2.13.2'}, 'CI': 'true', 'JAVA_HOME': '/usr/lib/jvm/temurin-11-jdk-amd64'}
rootdir: /home/runner/work/SeleniumCapital/SeleniumCapital
configfile: pytest.ini
plugins: metadata-3.0.0, timeout-2.2.0, html-4.1.1, xdist-3.5.0, allure-pytest-2.13.2
collecting ... collected 10 items / 9 deselected / 1 selected

tests/US_11_Education/US_11-03-01_trading_strategies_guide/US_11-03-01-01_trading_strategies_guide_test.py::TestTradingStrategiesGuides::test_01_main_banner_start_trading_button[https://capital.com/average-true-range-Chrome--ae-NoAuth-aqa.tomelo.an@gmail.com-iT9Vgqi6d$fiZ*Z] FAILED [100%]

=================================== FAILURES ===================================
_ TestTradingStrategiesGuides.test_01_main_banner_start_trading_button[https://capital.com/average-true-range-Chrome--ae-NoAuth-aqa.tomelo.an@gmail.com-iT9Vgqi6d$fiZ*Z] _

self = <US_11-03-01-01_trading_strategies_guide_test.TestTradingStrategiesGuides object at 0x7fa0a4590050>
worker_id = 'master'
d = <selenium.webdriver.chrome.webdriver.WebDriver (session="26f235269c683b49444a85b9e395b6ba")>
cur_language = '', cur_country = 'gb', cur_role = 'NoAuth'
cur_login = 'aqa.tomelo.an@gmail.com', cur_password = 'iT9Vgqi6d$fiZ*Z'
cur_item_link = 'https://capital.com/average-true-range'

    @allure.step("Start test_11.03.01.01_01 of button [Start Trading] on Main banner")
    @pytest.mark.test_01
    def test_01_main_banner_start_trading_button(
            self, worker_id, d, cur_language, cur_country, cur_role, cur_login, cur_password, cur_item_link):
        """
        Check: Button [Start Trading]
        Language: All. License: All.
        """
        bid = build_dynamic_arg_v4(
            d, worker_id, cur_language, cur_country, cur_role,
            "11.03.01", "Education > Menu item [Trading Strategies Guides]",
            ".01_01", "Testing button [Start Trading] on Main banner")
    
        Common().check_language_in_list_and_skip_if_not_present(cur_language, ["", "de", "es", "it", "zh", "ru"])
    
        page_conditions = Conditions(d, "")
        page_conditions.preconditions(
            d, CapitalComPageSrc.URL, "", cur_language, cur_country, cur_role, cur_login, cur_password)
    
        test_element = MainBannerStartTrading(d, cur_item_link, bid)
>       test_element.full_test_with_tpi(d, cur_language, cur_country, cur_role, cur_item_link)

tests/US_11_Education/US_11-03-01_trading_strategies_guide/US_11-03-01-01_trading_strategies_guide_test.py:54: 
_ _ _ _ _ _ _ _ _ _ _ _ _ _ _ _ _ _ _ _ _ _ _ _ _ _ _ _ _ _ _ _ _ _ _ _ _ _ _ _ 
pages/Elements/ButtonStartTradingMainBanner.py:28: in full_test_with_tpi
    test_element.assert_login(d, cur_language, cur_item_link)
_ _ _ _ _ _ _ _ _ _ _ _ _ _ _ _ _ _ _ _ _ _ _ _ _ _ _ _ _ _ _ _ _ _ _ _ _ _ _ _ 

self = <pages.Elements.AssertClass.AssertClass object at 0x7fa0a448fed0>
d = <selenium.webdriver.chrome.webdriver.WebDriver (session="26f235269c683b49444a85b9e395b6ba")>
cur_language = '', cur_link = 'https://capital.com/average-true-range'

    @allure.step('Checking that "Login" form or page opened')
    def assert_login(self, d, cur_language, cur_link):
        """Method Assert Login form or page"""
        print(f"\n{datetime.now()}   3. Assert_Login_v0")
        self.page_signup_login = SignupLogin(d, cur_link)
        if self.page_signup_login.should_be_login_form():
            self.page_signup_login.close_login_form()
            del self.page_signup_login
        elif self.page_signup_login.should_be_login_page():
            self.page_signup_login.close_login_page()
            del self.page_signup_login
        elif self.page_signup_login.should_be_trading_platform_login_form(cur_language):
            self.page_signup_login.close_trading_platform_login_form()
            del self.page_signup_login
        elif self.page_signup_login.should_be_signup_form(cur_language):
            del self.page_signup_login
            print(f'\nBug: {self.bid}')
            retest_table_fill(self.bid, '05', self.link)
>           assert False, "Bug # 05. Opened a 'Sign up' form instead of a 'Login'"
E           AssertionError: Bug # 05. Opened a 'Sign up' form instead of a 'Login'

pages/Elements/AssertClass.py:69: AssertionError
---------------------------- Captured stdout setup -----------------------------

2024-01-26 15:33:14.446923   *** autouse fixture Chrome ***

{'width': 1280, 'height': 720}
Current test language - 
Current country of trading - gb



Current test role - NoAuth
Current login - aqa.tomelo.an@gmail.com
Current login - iT9Vgqi6d$fiZ*Z
----------------------------- Captured stdout call -----------------------------
{'width': 1280, 'height': 720}

2024-01-26 15:33:15.329651   worker_id = master

2024-01-26 15:33:15.329671   0. Allure grouping v4


2024-01-26 15:33:15.329860   START PRECONDITIONS =>

2024-01-26 15:33:16.782413   Load page https://capital.com

2024-01-26 15:33:16.782457   {'width': 1280, 'height': 720}

2024-01-26 15:33:16.784699   Set windows position at (0, 0) =>

2024-01-26 15:33:16.943305   Set resolution 1280 * 720 =>

2024-01-26 15:33:17.051379   => Resolution seted {'width': 1280, 'height': 720}

2024-01-26 15:33:22.062904   Капчи нет. Тестим дальше

2024-01-26 15:33:22.062990   Prev. Role: ?

2024-01-26 15:33:22.063002   Run preconditions: set "NoAuth" Role =>
2024-01-26 15:33:22.926507   Load page https://capital.com

2024-01-26 15:33:23.163863   => All cookies are deleted
2024-01-26 15:33:23.957984   Load page https://capital.com

2024-01-26 15:33:23.958173   Step 'Click button [Accept all cookies]'
2024-01-26 15:33:28.978713   Is Visible Button [Accept all cookies]? =>
2024-01-26 15:33:29.014027   => Button [Accept all cookies] is visible
2024-01-26 15:33:30.014159   Is clickable Button [Accept all cookies] =>
2024-01-26 15:33:30.061045   => Button [Accept all cookies] is clickable
2024-01-26 15:33:30.061081   Click Button [Accept all cookies] =>
2024-01-26 15:33:30.179636   => Button [Accept all cookies] is clicked
2024-01-26 15:33:30.179677   => Accepted All Cookies

2024-01-26 15:33:30.680053   Start Autorization

2024-01-26 15:33:30.680184   2. Act
2024-01-26 15:33:30.680203   Start Click button [Log in] =>
2024-01-26 15:33:30.694694   BUTTON_LOGIN scroll =>
2024-01-26 15:33:30.698768   Is BUTTON_LOGIN clickable? =>
2024-01-26 15:33:30.714270   => BUTTON_LOGIN is clickable
2024-01-26 15:33:30.714296   BUTTON_LOGIN click =>
2024-01-26 15:33:30.756390   => BUTTON_LOGIN is clicked!
2024-01-26 15:33:30.756473   => 'Login' form is opened
2024-01-26 15:33:31.282615   => "login" and "password" are inputted
2024-01-26 15:33:31.282658   Click [Continue] button on [Login] form =>
2024-01-26 15:33:31.366421   => [Continue] button on [Login] form is clicked
2024-01-26 15:33:33.971402   Start check that the Trading platform page is loaded and LOGO is present on it =>
2024-01-26 15:33:33.971444   Set timeout = 30
2024-01-26 15:33:33.971465   Wait until load page with special title =>
2024-01-26 15:33:33.974184   => Page with title "Trading Platform | Capital.com" is loaded
2024-01-26 15:33:33.974215   Is present LOGO on this page? =>
2024-01-26 15:33:35.269878   => LOGO is visible on this page
2024-01-26 15:33:35.269959   -> "Capital.com" logo is present on trading platform page

2024-01-26 15:33:36.275827   Start DeAuthorisation
2024-01-26 15:33:36.275951   1. BUTTON_MY_ACCOUNT is present? =>
2024-01-26 15:33:36.359173   => BUTTON_MY_ACCOUNT is present on this page
2024-01-26 15:33:37.637776   => Move to BUTTON_MY_ACCOUNT
2024-01-26 15:33:37.637841   2. BUTTON_MY_ACCOUNT is clickable? =>
2024-01-26 15:33:37.664852   => BUTTON_MY_ACCOUNT is clickable
2024-01-26 15:33:37.664886   BUTTON_MY_ACCOUNT Click =>
2024-01-26 15:33:38.494597   => User panel [My account] is opened

2024-01-26 15:33:38.494785   Start Click [Logout] button:
2024-01-26 15:33:38.494799   BUTTON_LOGOUT is present? =>
2024-01-26 15:33:38.505499   => BUTTON_LOGOUT is present
2024-01-26 15:33:38.505523   Is visible BUTTON_LOGOUT? =>
2024-01-26 15:33:38.516398   BUTTON_LOGOUT is clickable? =>
2024-01-26 15:33:38.529864   BUTTON_LOGOUT click =>
2024-01-26 15:33:38.580700   => BUTTON_LOGOUT is clicked

2024-01-26 15:33:38.580834   Current role: NoAuth

2024-01-26 15:33:38.580855   Prev language: ?

2024-01-26 15:33:38.580870   Run preconditions: set "en" language =>


2024-01-26 15:33:38.622030   => Language and Country menu is present


2024-01-26 15:33:38.638462   => Language and Country menu is visible


2024-01-26 15:33:40.423441   => Focus is moved on Language and Country menu 

2024-01-26 15:33:41.972587   => Current language: en

2024-01-26 15:33:41.972626   Prev country: ?

2024-01-26 15:33:41.972636   Run preconditions: set "gb" country =>


2024-01-26 15:33:41.978245   => Language and Country menu is present


2024-01-26 15:33:42.011818   => Language and Country menu is visible


2024-01-26 15:33:43.790109   => Focus is moved on Language and Country menu 

2024-01-26 15:33:46.807790   => Current country: gb

2024-01-26 15:33:46.807842   => THE END PRECONDITIONS

2024-01-26 15:33:46.807894   1. Arrange_v0
2024-01-26 15:33:47.738687   Load page https://capital.com/average-true-range
2024-01-26 15:33:47.749317   BUTTON_START_TRADING scroll =>
2024-01-26 15:33:47.799504   BUTTON_START_TRADING is visible? =>
2024-01-26 15:33:47.820291   => BUTTON_START_TRADING is visible on the page!

2024-01-26 15:33:47.820447   2. Act_v0
2024-01-26 15:33:47.820462   Start Click button [Start Trading] =>
2024-01-26 15:33:47.825517   BUTTON_START_TRADING is clickable? =>
2024-01-26 15:33:47.837713   BUTTON_START_TRADING click =>
2024-01-26 15:33:47.896237   => BUTTON_START_TRADING clicked

2024-01-26 15:33:47.896478   3. Assert_Login_v0
2024-01-26 15:33:47.896567   Check that 'Login' form is opened
2024-01-26 15:33:53.450197   'Login' form not opened
2024-01-26 15:33:53.455794   'Login' page not opened
2024-01-26 15:33:58.981455   'Login' form on trading platform not opened
2024-01-26 15:33:58.981663   Start step Check that [Sign up] form is opened
2024-01-26 15:33:58.996560   'Sign up' form opened
2024-01-26 15:33:58.996589   Assert SIGNUP_HEADER =>
2024-01-26 15:33:59.009740   Assert SIGNUP_REF_LOGIN =>
2024-01-26 15:33:59.023908   Assert SIGNUP_PRIVACY_POLICY_ALL_2 =>
2024-01-26 15:33:59.037240   => SIGNUP_PRIVACY_POLICY_ALL
2024-01-26 15:33:59.037271   => 'Signup' form is checked

Bug: Bid:11.03.01.01_01-en.gb.NoAuth

2024-01-26 15:33:59.037333   Проверка бага в таблице ретеста  =>

2024-01-26 15:33:59.043062   4. Fixing one row check results into Google Sheet Bugs Report =>
1 cells updated.
2024-01-26 15:33:59.604138   => 4. One row check results into Google Sheet Bugs Report fixed

2024-01-26 15:34:00.014078   4. Fixing one row check results into Google Sheet Bugs Report =>
1 cells updated.
2024-01-26 15:34:00.342215   => 4. One row check results into Google Sheet Bugs Report fixed

2024-01-26 15:34:00.342305   Bug: Bid:11.03.01.01_01-en.gb.NoAuth уже существует, но тип бага изменился с 19/01/24 на 05

2024-01-26 15:34:00.342920   Bug: Bid:11.03.01.01_01-en.gb.NoAuth-05 уже существует

2024-01-26 15:34:00.343117   4. Fixing one row check results into Google Sheet Bugs Report =>
1 cells updated.
2024-01-26 15:34:00.835494   => 4. One row check results into Google Sheet Bugs Report fixed
------------------------------ Captured log call -------------------------------
2024-01-26 15:33:53 ERROR Elements not present after 0.5 seconds on page: https://capital.com/average-true-range
2024-01-26 15:33:53 ERROR 
Traceback (most recent call last):
  File "/home/runner/work/SeleniumCapital/SeleniumCapital/pages/base_page.py", line 82, in inner_function
    return func(*args, **kwargs)
           ^^^^^^^^^^^^^^^^^^^^^
  File "/home/runner/work/SeleniumCapital/SeleniumCapital/pages/base_page.py", line 293, in element_is_visible
    return Wait(self.browser, timeout).until(
           ^^^^^^^^^^^^^^^^^^^^^^^^^^^^^^^^^^
  File "/home/runner/.cache/pypoetry/virtualenvs/testcapitalcompyse-cIj6ROMf-py3.11/lib/python3.11/site-packages/selenium/webdriver/support/wait.py", line 105, in until
    raise TimeoutException(message, screen, stacktrace)
selenium.common.exceptions.TimeoutException: Message: 
Stacktrace:
#0 0x5590c57eaf83 <unknown>
#1 0x5590c54a3cf7 <unknown>
#2 0x5590c54f399e <unknown>
#3 0x5590c54f3aa1 <unknown>
#4 0x5590c553ed64 <unknown>
#5 0x5590c551d0dd <unknown>
#6 0x5590c553c006 <unknown>
#7 0x5590c551ce53 <unknown>
#8 0x5590c54e4dd4 <unknown>
#9 0x5590c54e61de <unknown>
#10 0x5590c57af531 <unknown>
#11 0x5590c57b3455 <unknown>
#12 0x5590c579bf55 <unknown>
#13 0x5590c57b40ef <unknown>
#14 0x5590c577f99f <unknown>
#15 0x5590c57d8008 <unknown>
#16 0x5590c57d81d7 <unknown>
#17 0x5590c57ea124 <unknown>
#18 0x7fd315e94ac3 <unknown>

2024-01-26 15:33:58 ERROR Elements not present after 0.5 seconds on page: https://capital.com/average-true-range
2024-01-26 15:33:58 ERROR 
Traceback (most recent call last):
  File "/home/runner/work/SeleniumCapital/SeleniumCapital/pages/base_page.py", line 82, in inner_function
    return func(*args, **kwargs)
           ^^^^^^^^^^^^^^^^^^^^^
  File "/home/runner/work/SeleniumCapital/SeleniumCapital/pages/base_page.py", line 293, in element_is_visible
    return Wait(self.browser, timeout).until(
           ^^^^^^^^^^^^^^^^^^^^^^^^^^^^^^^^^^
  File "/home/runner/.cache/pypoetry/virtualenvs/testcapitalcompyse-cIj6ROMf-py3.11/lib/python3.11/site-packages/selenium/webdriver/support/wait.py", line 105, in until
    raise TimeoutException(message, screen, stacktrace)
selenium.common.exceptions.TimeoutException: Message: 
Stacktrace:
#0 0x5590c57eaf83 <unknown>
#1 0x5590c54a3cf7 <unknown>
#2 0x5590c54f399e <unknown>
#3 0x5590c54f3aa1 <unknown>
#4 0x5590c553ed64 <unknown>
#5 0x5590c551d0dd <unknown>
#6 0x5590c553c006 <unknown>
#7 0x5590c551ce53 <unknown>
#8 0x5590c54e4dd4 <unknown>
#9 0x5590c54e61de <unknown>
#10 0x5590c57af531 <unknown>
#11 0x5590c57b3455 <unknown>
#12 0x5590c579bf55 <unknown>
#13 0x5590c57b40ef <unknown>
#14 0x5590c577f99f <unknown>
#15 0x5590c57d8008 <unknown>
#16 0x5590c57d81d7 <unknown>
#17 0x5590c57ea124 <unknown>
#18 0x7fd315e94ac3 <unknown>
--------------------------- Captured stdout teardown ---------------------------

2024-01-26 15:34:01.199556   *** end fixture Browser = teardown ***

=============================== warnings summary ===============================
tests/US_11_Education/US_11-03-01_trading_strategies_guide/US_11-03-01-01_trading_strategies_guide_test.py::TestTradingStrategiesGuides::test_01_main_banner_start_trading_button[https://capital.com/average-true-range-Chrome--ae-NoAuth-aqa.tomelo.an@gmail.com-iT9Vgqi6d$fiZ*Z]
  /home/runner/.cache/pypoetry/virtualenvs/testcapitalcompyse-cIj6ROMf-py3.11/lib/python3.11/site-packages/pytest_html/plugin.py:133: DeprecationWarning: The 'report.extra' attribute is deprecated and will be removed in a future release, use 'report.extras' instead.
    warnings.warn(

-- Docs: https://docs.pytest.org/en/stable/how-to/capture-warnings.html
- Generated html report: file:///home/runner/work/SeleniumCapital/SeleniumCapital/report/report.html -
=========================== short test summary info ============================
FAILED tests/US_11_Education/US_11-03-01_trading_strategies_guide/US_11-03-01-01_trading_strategies_guide_test.py::TestTradingStrategiesGuides::test_01_main_banner_start_trading_button[https://capital.com/average-true-range-Chrome--ae-NoAuth-aqa.tomelo.an@gmail.com-iT9Vgqi6d$fiZ*Z] - AssertionError: Bug # 05. Opened a 'Sign up' form instead of a 'Login'
================= 1 failed, 9 deselected, 1 warning in 46.91s ==================

2024-01-26 15:34:01.323767   => Текущий тест: 1 failed

2024-01-26 15:34:01.325736   => 3. check_results finished

2024-01-26 15:34:01.325949   4. Fixing one row check results into Google Sheet Bugs Report =>
1 cells updated.
2024-01-26 15:34:01.510134   => 4. One row check results into Google Sheet Bugs Report fixed
