


2024-01-26 16:08:03.217117   0. Get Values row =>
2024-01-26 16:08:03.217145   Row # = 1383
2024-01-26 16:08:03.217155   Row Values = 
['Bid:11.01.04.00_04-es.gb.Auth', 'Ubuntu 22.04', 'Chrome', '11.01.04.00', '_04', 'es', 'gb', 'FCA', 'Auth', '', 'Education', 'Spread betting guide', '', '', '', '12', 'Bug # 12. Trading platform is opened in not LIVE mode', '', '', '', '15/01/24', 'passed']

2024-01-26 16:08:03.217237   1. Run pretest =>

2024-01-26 16:08:03.217250   row_loc = 
['Bid:11.01.04.00_04-es.gb.Auth', 'Ubuntu 22.04', 'Chrome', '11.01.04.00', '_04', 'es', 'gb', 'FCA', 'Auth', '', 'Education', 'Spread betting guide', '', '', '', '12', 'Bug # 12. Trading platform is opened in not LIVE mode', '', '', '', '15/01/24', 'passed']

2024-01-26 16:08:03.217264   => 1. Pretest finished

2024-01-26 16:08:03.217330   2. Run run_pytest with Bid = Bid:11.01.04.00_04-es.gb.Auth from row =>

2024-01-26 16:08:03.217343   2.2. Run poetry run pytest ... in subprocess =>

2024-01-26 16:08:03.217354   Run command: 
poetry run pytest --retest=True --browser_name=Chrome --lang=es --country=gb --role=Auth -m test_04 -v \tests/US_11_Education/US_11-01-04_spread_betting_guide/us_11-01-04-00_spread_betting_guide_test.py

2024-01-26 16:08:35.761508   => 2.2. pytest ... as subprocess finished

2024-01-26 16:08:35.761554   => 2. Autotest with Bid = Bid:11.01.04.00_04-es.gb.Auth from row finished

2024-01-26 16:08:35.761668   3. Run check_results =>
2024-01-26 16:08:35.761702   test_results: 
============================= test session starts ==============================
platform linux -- Python 3.11.7, pytest-7.4.4, pluggy-1.3.0 -- /home/runner/.cache/pypoetry/virtualenvs/testcapitalcompyse-cIj6ROMf-py3.11/bin/python
cachedir: .pytest_cache
metadata: {'Python': '3.11.7', 'Platform': 'Linux-6.2.0-1018-azure-x86_64-with-glibc2.35', 'Packages': {'pytest': '7.4.4', 'pluggy': '1.3.0'}, 'Plugins': {'metadata': '3.0.0', 'timeout': '2.2.0', 'html': '4.1.1', 'xdist': '3.5.0', 'allure-pytest': '2.13.2'}, 'CI': 'true', 'JAVA_HOME': '/usr/lib/jvm/temurin-11-jdk-amd64'}
rootdir: /home/runner/work/SeleniumCapital/SeleniumCapital
configfile: pytest.ini
plugins: metadata-3.0.0, timeout-2.2.0, html-4.1.1, xdist-3.5.0, allure-pytest-2.13.2
collecting ... collected 7 items / 6 deselected / 1 selected

tests/US_11_Education/US_11-01-04_spread_betting_guide/us_11-01-04-00_spread_betting_guide_test.py::TestSpreadBettingGuidePretest::test_04_block_steps_trading_button_create_your_account[Chrome--ae-Auth-aqa.tomelo.an@gmail.com-iT9Vgqi6d$fiZ*Z] FAILED [100%]

=================================== FAILURES ===================================
_ TestSpreadBettingGuidePretest.test_04_block_steps_trading_button_create_your_account[Chrome--ae-Auth-aqa.tomelo.an@gmail.com-iT9Vgqi6d$fiZ*Z] _

self = <us_11-01-04-00_spread_betting_guide_test.TestSpreadBettingGuidePretest object at 0x7fc39655d690>
worker_id = 'master'
d = <selenium.webdriver.chrome.webdriver.WebDriver (session="0792ae2e118bd0e9764e4e5bebd7d6aa")>
cur_language = 'es', cur_country = 'gb', cur_role = 'Auth'
cur_login = 'aqa.tomelo.an@gmail.com', cur_password = 'iT9Vgqi6d$fiZ*Z'

    @allure.step("Start test of button [Create your account] in block [Steps trading]")
    @pytest.mark.test_04
    def test_04_block_steps_trading_button_create_your_account(
            self, worker_id, d, cur_language, cur_country, cur_role, cur_login, cur_password):
        """
        Check: Button [1. Create your account] in block [Steps trading]
        Language: EN, ES, CN. License: FCA.
        """
        bid = build_dynamic_arg_v4(
            d, worker_id, cur_language, cur_country, cur_role,
            "11.01.04", "Education > Menu item [Spread betting guide]",
            ".00_04", "Testing button [Create your account] in block [Steps trading]")
    
        Common().skip_if_eng_lang_and_fca_license(cur_language, cur_country)
    
        Common().check_language_in_list_and_skip_if_not_present(cur_language, ["", "es", "cn", "ru"])
        Common().check_country_in_list_and_skip_if_not_present(cur_country, ["gb"])
    
        page_conditions = Conditions(d, "")
        main_page_link = page_conditions.preconditions(
            d, CapitalComPageSrc.URL, "", cur_language, cur_country, cur_role, cur_login, cur_password)
    
        page_menu = MenuSection(d, main_page_link)
>       cur_item_link = page_menu.open_education_spread_betting_guide_menu(d, cur_language, main_page_link)
E       TypeError: MenuSection.open_education_spread_betting_guide_menu() missing 1 required positional argument: 'link'

tests/US_11_Education/US_11-01-04_spread_betting_guide/us_11-01-04-00_spread_betting_guide_test.py:138: TypeError
---------------------------- Captured stdout setup -----------------------------

2024-01-26 16:08:04.055150   *** autouse fixture Chrome ***

{'width': 1280, 'height': 720}
Current test language - es
Current country of trading - gb



Current test role - Auth
Current login - aqa.tomelo.an@gmail.com
Current login - iT9Vgqi6d$fiZ*Z
----------------------------- Captured stdout call -----------------------------
{'width': 1280, 'height': 720}

2024-01-26 16:08:04.967206   worker_id = master

2024-01-26 16:08:04.967223   0. Allure grouping v4


2024-01-26 16:08:04.967411   START PRECONDITIONS =>

2024-01-26 16:08:06.827305   Load page https://capital.com

2024-01-26 16:08:06.827355   {'width': 1280, 'height': 720}

2024-01-26 16:08:06.829001   Set windows position at (0, 0) =>

2024-01-26 16:08:06.935121   Set resolution 1280 * 720 =>

2024-01-26 16:08:07.044485   => Resolution seted {'width': 1280, 'height': 720}

2024-01-26 16:08:12.106871   Капчи нет. Тестим дальше

2024-01-26 16:08:12.106960   Prev. Role: ?

2024-01-26 16:08:12.106973   Run preconditions: set "Auth" Role =>
2024-01-26 16:08:12.806392   Load page https://capital.com

2024-01-26 16:08:12.989523   => All cookies are deleted
2024-01-26 16:08:13.790686   Load page https://capital.com

2024-01-26 16:08:13.790944   Step 'Click button [Accept all cookies]'
2024-01-26 16:08:18.794465   Is Visible Button [Accept all cookies]? =>
2024-01-26 16:08:18.823804   => Button [Accept all cookies] is visible
2024-01-26 16:08:19.823941   Is clickable Button [Accept all cookies] =>
2024-01-26 16:08:19.850494   => Button [Accept all cookies] is clickable
2024-01-26 16:08:19.850537   Click Button [Accept all cookies] =>
2024-01-26 16:08:19.913832   => Button [Accept all cookies] is clicked
2024-01-26 16:08:19.913878   => Accepted All Cookies

2024-01-26 16:08:20.414631   Start Autorization

2024-01-26 16:08:20.414830   2. Act
2024-01-26 16:08:20.414855   Start Click button [Log in] =>
2024-01-26 16:08:20.442743   BUTTON_LOGIN scroll =>
2024-01-26 16:08:20.448335   Is BUTTON_LOGIN clickable? =>
2024-01-26 16:08:20.480584   => BUTTON_LOGIN is clickable
2024-01-26 16:08:20.480623   BUTTON_LOGIN click =>
2024-01-26 16:08:20.580412   => BUTTON_LOGIN is clicked!
2024-01-26 16:08:20.580521   => 'Login' form is opened
2024-01-26 16:08:21.544976   => "login" and "password" are inputted
2024-01-26 16:08:21.545032   Click [Continue] button on [Login] form =>
2024-01-26 16:08:21.617717   => [Continue] button on [Login] form is clicked
2024-01-26 16:08:24.603726   Start check that the Trading platform page is loaded and LOGO is present on it =>
2024-01-26 16:08:24.603772   Set timeout = 30
2024-01-26 16:08:24.603792   Wait until load page with special title =>
2024-01-26 16:08:24.606682   => Page with title "Trading Platform | Capital.com" is loaded
2024-01-26 16:08:24.606704   Is present LOGO on this page? =>
2024-01-26 16:08:25.907857   => LOGO is visible on this page
2024-01-26 16:08:25.907938   -> "Capital.com" logo is present on trading platform page

2024-01-26 16:08:27.005928   Current role: Auth

2024-01-26 16:08:27.005979   Prev language: ?

2024-01-26 16:08:27.006044   Run preconditions: set "es" language =>


2024-01-26 16:08:27.023395   => Language and Country menu is present


2024-01-26 16:08:27.091360   => Language and Country menu is visible


2024-01-26 16:08:28.871435   => Focus is moved on Language and Country menu 

2024-01-26 16:08:30.899792   => Current language: es

2024-01-26 16:08:30.899841   Prev country: ?

2024-01-26 16:08:30.899856   Run preconditions: set "gb" country =>


2024-01-26 16:08:30.910733   => Language and Country menu is present


2024-01-26 16:08:30.926494   => Language and Country menu is visible


2024-01-26 16:08:32.720958   => Focus is moved on Language and Country menu 

2024-01-26 16:08:35.262036   => Current country: gb

2024-01-26 16:08:35.262084   => THE END PRECONDITIONS
--------------------------- Captured stdout teardown ---------------------------

2024-01-26 16:08:35.670770   *** end fixture Browser = teardown ***

=============================== warnings summary ===============================
tests/US_11_Education/US_11-01-04_spread_betting_guide/us_11-01-04-00_spread_betting_guide_test.py::TestSpreadBettingGuidePretest::test_04_block_steps_trading_button_create_your_account[Chrome--ae-Auth-aqa.tomelo.an@gmail.com-iT9Vgqi6d$fiZ*Z]
  /home/runner/.cache/pypoetry/virtualenvs/testcapitalcompyse-cIj6ROMf-py3.11/lib/python3.11/site-packages/pytest_html/plugin.py:133: DeprecationWarning: The 'report.extra' attribute is deprecated and will be removed in a future release, use 'report.extras' instead.
    warnings.warn(

-- Docs: https://docs.pytest.org/en/stable/how-to/capture-warnings.html
- Generated html report: file:///home/runner/work/SeleniumCapital/SeleniumCapital/report/report.html -
=========================== short test summary info ============================
FAILED tests/US_11_Education/US_11-01-04_spread_betting_guide/us_11-01-04-00_spread_betting_guide_test.py::TestSpreadBettingGuidePretest::test_04_block_steps_trading_button_create_your_account[Chrome--ae-Auth-aqa.tomelo.an@gmail.com-iT9Vgqi6d$fiZ*Z] - TypeError: MenuSection.open_education_spread_betting_guide_menu() missing 1 required positional argument: 'link'
================= 1 failed, 6 deselected, 1 warning in 31.77s ==================

2024-01-26 16:08:35.762138   => Текущий тест: 1 failed

2024-01-26 16:08:35.763195   => 3. check_results finished

2024-01-26 16:08:35.763406   4. Fixing one row check results into Google Sheet Bugs Report =>
1 cells updated.
2024-01-26 16:08:35.946814   => 4. One row check results into Google Sheet Bugs Report fixed
