2024-01-26 15:56:34 ERROR Elements not present after 0.5 seconds on page: https://capital.com/es/margin-trading
2024-01-26 15:56:34 ERROR 
Traceback (most recent call last):
  File "/home/runner/work/SeleniumCapital/SeleniumCapital/pages/base_page.py", line 82, in inner_function
    return func(*args, **kwargs)
           ^^^^^^^^^^^^^^^^^^^^^
  File "/home/runner/work/SeleniumCapital/SeleniumCapital/pages/base_page.py", line 293, in element_is_visible
    return Wait(self.browser, timeout).until(
           ^^^^^^^^^^^^^^^^^^^^^^^^^^^^^^^^^^
  File "/home/runner/.cache/pypoetry/virtualenvs/testcapitalcompyse-cIj6ROMf-py3.11/lib/python3.11/site-packages/selenium/webdriver/support/wait.py", line 105, in until
    raise TimeoutException(message, screen, stacktrace)
selenium.common.exceptions.TimeoutException: Message: 
Stacktrace:
#0 0x557f3a6bbf83 <unknown>
#1 0x557f3a374cf7 <unknown>
#2 0x557f3a3c499e <unknown>
#3 0x557f3a3c4aa1 <unknown>
#4 0x557f3a40fd64 <unknown>
#5 0x557f3a3ee0dd <unknown>
#6 0x557f3a40d006 <unknown>
#7 0x557f3a3ede53 <unknown>
#8 0x557f3a3b5dd4 <unknown>
#9 0x557f3a3b71de <unknown>
#10 0x557f3a680531 <unknown>
#11 0x557f3a684455 <unknown>
#12 0x557f3a66cf55 <unknown>
#13 0x557f3a6850ef <unknown>
#14 0x557f3a65099f <unknown>
#15 0x557f3a6a9008 <unknown>
#16 0x557f3a6a91d7 <unknown>
#17 0x557f3a6bb124 <unknown>
#18 0x7f5d25694ac3 <unknown>

2024-01-26 15:56:39 ERROR Elements not present after 0.5 seconds on page: https://capital.com/es/margin-trading
2024-01-26 15:56:39 ERROR 
Traceback (most recent call last):
  File "/home/runner/work/SeleniumCapital/SeleniumCapital/pages/base_page.py", line 82, in inner_function
    return func(*args, **kwargs)
           ^^^^^^^^^^^^^^^^^^^^^
  File "/home/runner/work/SeleniumCapital/SeleniumCapital/pages/base_page.py", line 293, in element_is_visible
    return Wait(self.browser, timeout).until(
           ^^^^^^^^^^^^^^^^^^^^^^^^^^^^^^^^^^
  File "/home/runner/.cache/pypoetry/virtualenvs/testcapitalcompyse-cIj6ROMf-py3.11/lib/python3.11/site-packages/selenium/webdriver/support/wait.py", line 105, in until
    raise TimeoutException(message, screen, stacktrace)
selenium.common.exceptions.TimeoutException: Message: 
Stacktrace:
#0 0x557f3a6bbf83 <unknown>
#1 0x557f3a374cf7 <unknown>
#2 0x557f3a3c499e <unknown>
#3 0x557f3a3c4aa1 <unknown>
#4 0x557f3a40fd64 <unknown>
#5 0x557f3a3ee0dd <unknown>
#6 0x557f3a40d006 <unknown>
#7 0x557f3a3ede53 <unknown>
#8 0x557f3a3b5dd4 <unknown>
#9 0x557f3a3b71de <unknown>
#10 0x557f3a680531 <unknown>
#11 0x557f3a684455 <unknown>
#12 0x557f3a66cf55 <unknown>
#13 0x557f3a6850ef <unknown>
#14 0x557f3a65099f <unknown>
#15 0x557f3a6a9008 <unknown>
#16 0x557f3a6a91d7 <unknown>
#17 0x557f3a6bb124 <unknown>
#18 0x7f5d25694ac3 <unknown>