


2024-01-26 15:50:50.424537   0. Get Values row =>
2024-01-26 15:50:50.424569   Row # = 1168
2024-01-26 15:50:50.424579   Row Values = 
['Bid:11.02.03.01_09-it.gb.NoAuth', 'Ubuntu 22.04', 'Chrome', '11.02.03.01', '_09', 'it', 'gb', 'FCA', 'NoAuth', 'https://capital.com/it/negozia-petrolio-brent', 'Education', 'Commodities trading L1', '', '', '', '06', "Bug # 06. Opened a 'Sign up' page instead of a 'Login'", '', '', '', '16/01/24', 'failed']

2024-01-26 15:50:50.424666   1. Run pretest =>

2024-01-26 15:50:50.424678   row_loc = 
['Bid:11.02.03.01_09-it.gb.NoAuth', 'Ubuntu 22.04', 'Chrome', '11.02.03.01', '_09', 'it', 'gb', 'FCA', 'NoAuth', 'https://capital.com/it/negozia-petrolio-brent', 'Education', 'Commodities trading L1', '', '', '', '06', "Bug # 06. Opened a 'Sign up' page instead of a 'Login'", '', '', '', '16/01/24', 'failed']

2024-01-26 15:50:50.424692   => 1. Pretest finished

2024-01-26 15:50:50.424758   2. Run run_pytest with Bid = Bid:11.02.03.01_09-it.gb.NoAuth from row =>

2024-01-26 15:50:50.424770   2.2. Run poetry run pytest ... in subprocess =>

2024-01-26 15:50:50.424782   Run command: 
poetry run pytest --retest=True --browser_name=Chrome --lang=it --country=gb --role=NoAuth --tpi_link=https://capital.com/it/negozia-petrolio-brent -m test_09 -v \tests/US_11_Education/US_11-02-03_Commodities_trading/us_11-02-03-01_Commodities_trading_test.py

2024-01-26 15:52:01.501721   => 2.2. pytest ... as subprocess finished

2024-01-26 15:52:01.501784   => 2. Autotest with Bid = Bid:11.02.03.01_09-it.gb.NoAuth from row finished

2024-01-26 15:52:01.501874   3. Run check_results =>
2024-01-26 15:52:01.501907   test_results: 
============================= test session starts ==============================
platform linux -- Python 3.11.7, pytest-7.4.4, pluggy-1.3.0 -- /home/runner/.cache/pypoetry/virtualenvs/testcapitalcompyse-cIj6ROMf-py3.11/bin/python
cachedir: .pytest_cache
metadata: {'Python': '3.11.7', 'Platform': 'Linux-6.2.0-1018-azure-x86_64-with-glibc2.35', 'Packages': {'pytest': '7.4.4', 'pluggy': '1.3.0'}, 'Plugins': {'metadata': '3.0.0', 'timeout': '2.2.0', 'html': '4.1.1', 'xdist': '3.5.0', 'allure-pytest': '2.13.2'}, 'CI': 'true', 'JAVA_HOME': '/usr/lib/jvm/temurin-11-jdk-amd64'}
rootdir: /home/runner/work/SeleniumCapital/SeleniumCapital
configfile: pytest.ini
plugins: metadata-3.0.0, timeout-2.2.0, html-4.1.1, xdist-3.5.0, allure-pytest-2.13.2
collecting ... collected 10 items / 9 deselected / 1 selected

tests/US_11_Education/US_11-02-03_Commodities_trading/us_11-02-03-01_Commodities_trading_test.py::TestCommoditiesTrading::test_09_block_hor_banner_button[https://capital.com/it/negozia-petrolio-brent-Chrome--ae-NoAuth-aqa.tomelo.an@gmail.com-iT9Vgqi6d$fiZ*Z] FAILED [100%]

=================================== FAILURES ===================================
_ TestCommoditiesTrading.test_09_block_hor_banner_button[https://capital.com/it/negozia-petrolio-brent-Chrome--ae-NoAuth-aqa.tomelo.an@gmail.com-iT9Vgqi6d$fiZ*Z] _

self = <us_11-02-03-01_Commodities_trading_test.TestCommoditiesTrading object at 0x7f742b5758d0>
worker_id = 'master'
d = <selenium.webdriver.chrome.webdriver.WebDriver (session="a6450b78fc724f8cb23bbd009a24901f")>
cur_language = 'it', cur_country = 'gb', cur_role = 'NoAuth'
cur_login = 'aqa.tomelo.an@gmail.com', cur_password = 'iT9Vgqi6d$fiZ*Z'
cur_item_link = 'https://capital.com/it/negozia-petrolio-brent'

    @allure.step("Start test of button [Create account] in block [Open a trading account in less than 3 minutes]")
    @pytest.mark.test_09
    def test_09_block_hor_banner_button(
            self, worker_id, d, cur_language, cur_country, cur_role, cur_login, cur_password, cur_item_link):
        """
        Check: Button [Create account] in block [Open a trading account in less than 3 minutes]
        Language: All. License: All.
        """
        bid = build_dynamic_arg_v4(
            d, worker_id, cur_language, cur_country, cur_role,
            "11.02.03", "Education > Menu item [Commodities trading]",
            ".01_09", "Testing buttons [Create account] in block [Open a trading account in less than 3 minutes]")
    
        check_language(cur_language)
        if cur_language in [""]:
            Common().skip_test_for_language(cur_language)
    
        page_conditions = Conditions(d, "")
        page_conditions.preconditions(
            d, CapitalComPageSrc.URL, "", cur_language, cur_country, cur_role, cur_login, cur_password)
    
        # банеры должны открываться в Demo mode for US_00
        banner00_hor_tpd = []
        # банеры должны открываться в Live mode for US_00
        banner00_hor_tp = []
        # банеры должны открываться в Demo mode for US_01
        banner01_hor_tpd = ['199', '294']
        # банеры должны открываться в Live mode for US_01
        banner01_hor_tp = ['169', '223', '254', '379', '392', '430', '429']
    
        test_element = ButtonOnHorizontalBanner(d, cur_item_link, bid)
>       test_element.full_test_with_tpi(d, cur_language, cur_country, cur_role, cur_item_link,
                                        banner00_hor_tpd, banner00_hor_tp, banner01_hor_tpd, banner01_hor_tp)

tests/US_11_Education/US_11-02-03_Commodities_trading/us_11-02-03-01_Commodities_trading_test.py:272: 
_ _ _ _ _ _ _ _ _ _ _ _ _ _ _ _ _ _ _ _ _ _ _ _ _ _ _ _ _ _ _ _ _ _ _ _ _ _ _ _ 
pages/Elements/ButtonOnHorizontalBanner.py:41: in full_test_with_tpi
    test_element.assert_login(d, cur_language, link)
_ _ _ _ _ _ _ _ _ _ _ _ _ _ _ _ _ _ _ _ _ _ _ _ _ _ _ _ _ _ _ _ _ _ _ _ _ _ _ _ 

self = <pages.Elements.AssertClass.AssertClass object at 0x7f742b7c0c10>
d = <selenium.webdriver.chrome.webdriver.WebDriver (session="a6450b78fc724f8cb23bbd009a24901f")>
cur_language = 'it', cur_link = 'https://capital.com/it/negozia-petrolio-brent'

    @allure.step('Checking that "Login" form or page opened')
    def assert_login(self, d, cur_language, cur_link):
        """Method Assert Login form or page"""
        print(f"\n{datetime.now()}   3. Assert_Login_v0")
        self.page_signup_login = SignupLogin(d, cur_link)
        if self.page_signup_login.should_be_login_form():
            self.page_signup_login.close_login_form()
            del self.page_signup_login
        elif self.page_signup_login.should_be_login_page():
            self.page_signup_login.close_login_page()
            del self.page_signup_login
        elif self.page_signup_login.should_be_trading_platform_login_form(cur_language):
            self.page_signup_login.close_trading_platform_login_form()
            del self.page_signup_login
        elif self.page_signup_login.should_be_signup_form(cur_language):
            del self.page_signup_login
            print(f'\nBug: {self.bid}')
            retest_table_fill(self.bid, '05', self.link)
            assert False, "Bug # 05. Opened a 'Sign up' form instead of a 'Login'"
            # pytest.fail("Bug # 05. Opened a 'Sign up' form instead of a 'Login'", False)
        elif self.page_signup_login.should_be_signup_page(cur_language):
            del self.page_signup_login
            print(f'\nBug: {self.bid}')
            retest_table_fill(self.bid, '06', self.link)
>           assert False, "Bug # 06. Opened a 'Sign up' page instead of a 'Login'"
E           AssertionError: Bug # 06. Opened a 'Sign up' page instead of a 'Login'

pages/Elements/AssertClass.py:75: AssertionError
---------------------------- Captured stdout setup -----------------------------

2024-01-26 15:50:51.381961   *** autouse fixture Chrome ***

{'width': 1280, 'height': 720}
Current test language - it
Current country of trading - gb



Current test role - NoAuth
Current login - aqa.tomelo.an@gmail.com
Current login - iT9Vgqi6d$fiZ*Z
----------------------------- Captured stdout call -----------------------------
{'width': 1280, 'height': 720}

2024-01-26 15:50:52.342352   worker_id = master

2024-01-26 15:50:52.342377   0. Allure grouping v4


2024-01-26 15:50:52.342763   START PRECONDITIONS =>

2024-01-26 15:50:54.018322   Load page https://capital.com

2024-01-26 15:50:54.018367   {'width': 1280, 'height': 720}

2024-01-26 15:50:54.020172   Set windows position at (0, 0) =>

2024-01-26 15:50:54.129505   Set resolution 1280 * 720 =>

2024-01-26 15:50:54.237047   => Resolution seted {'width': 1280, 'height': 720}

2024-01-26 15:50:59.300617   Капчи нет. Тестим дальше

2024-01-26 15:50:59.300731   Prev. Role: ?

2024-01-26 15:50:59.300748   Run preconditions: set "NoAuth" Role =>
2024-01-26 15:51:00.006612   Load page https://capital.com

2024-01-26 15:51:00.233599   => All cookies are deleted
2024-01-26 15:51:01.052862   Load page https://capital.com

2024-01-26 15:51:01.053117   Step 'Click button [Accept all cookies]'
2024-01-26 15:51:06.069765   Is Visible Button [Accept all cookies]? =>
2024-01-26 15:51:06.092317   => Button [Accept all cookies] is visible
2024-01-26 15:51:07.092451   Is clickable Button [Accept all cookies] =>
2024-01-26 15:51:07.119329   => Button [Accept all cookies] is clickable
2024-01-26 15:51:07.119369   Click Button [Accept all cookies] =>
2024-01-26 15:51:07.186641   => Button [Accept all cookies] is clicked
2024-01-26 15:51:07.186682   => Accepted All Cookies

2024-01-26 15:51:07.687086   Start Autorization

2024-01-26 15:51:07.687243   2. Act
2024-01-26 15:51:07.687259   Start Click button [Log in] =>
2024-01-26 15:51:07.702045   BUTTON_LOGIN scroll =>
2024-01-26 15:51:07.708657   Is BUTTON_LOGIN clickable? =>
2024-01-26 15:51:07.732032   => BUTTON_LOGIN is clickable
2024-01-26 15:51:07.732074   BUTTON_LOGIN click =>
2024-01-26 15:51:07.816169   => BUTTON_LOGIN is clicked!
2024-01-26 15:51:07.816290   => 'Login' form is opened
2024-01-26 15:51:08.358344   => "login" and "password" are inputted
2024-01-26 15:51:08.358387   Click [Continue] button on [Login] form =>
2024-01-26 15:51:08.462864   => [Continue] button on [Login] form is clicked
2024-01-26 15:51:11.128244   Start check that the Trading platform page is loaded and LOGO is present on it =>
2024-01-26 15:51:11.128279   Set timeout = 30
2024-01-26 15:51:11.128294   Wait until load page with special title =>
2024-01-26 15:51:11.131116   => Page with title "Trading Platform | Capital.com" is loaded
2024-01-26 15:51:11.131143   Is present LOGO on this page? =>
2024-01-26 15:51:12.564915   => LOGO is visible on this page
2024-01-26 15:51:12.565035   -> "Capital.com" logo is present on trading platform page

2024-01-26 15:51:13.941961   Start DeAuthorisation
2024-01-26 15:51:13.942116   1. BUTTON_MY_ACCOUNT is present? =>
2024-01-26 15:51:13.991263   => BUTTON_MY_ACCOUNT is present on this page
2024-01-26 15:51:15.279638   => Move to BUTTON_MY_ACCOUNT
2024-01-26 15:51:15.279684   2. BUTTON_MY_ACCOUNT is clickable? =>
2024-01-26 15:51:15.300815   => BUTTON_MY_ACCOUNT is clickable
2024-01-26 15:51:15.300849   BUTTON_MY_ACCOUNT Click =>
2024-01-26 15:51:16.149481   => User panel [My account] is opened

2024-01-26 15:51:16.149731   Start Click [Logout] button:
2024-01-26 15:51:16.149753   BUTTON_LOGOUT is present? =>
2024-01-26 15:51:16.158106   => BUTTON_LOGOUT is present
2024-01-26 15:51:16.158132   Is visible BUTTON_LOGOUT? =>
2024-01-26 15:51:16.179527   BUTTON_LOGOUT is clickable? =>
2024-01-26 15:51:16.191738   BUTTON_LOGOUT click =>
2024-01-26 15:51:16.241417   => BUTTON_LOGOUT is clicked

2024-01-26 15:51:16.241544   Current role: NoAuth

2024-01-26 15:51:16.241566   Prev language: ?

2024-01-26 15:51:16.241579   Run preconditions: set "it" language =>


2024-01-26 15:51:16.296532   => Language and Country menu is present


2024-01-26 15:51:16.312308   => Language and Country menu is visible


2024-01-26 15:51:18.099791   => Focus is moved on Language and Country menu 

2024-01-26 15:51:21.755468   => Current language: it

2024-01-26 15:51:21.755502   Prev country: ?

2024-01-26 15:51:21.755512   Run preconditions: set "gb" country =>


2024-01-26 15:51:21.763926   => Language and Country menu is present


2024-01-26 15:51:21.796655   => Language and Country menu is visible


2024-01-26 15:51:23.580436   => Focus is moved on Language and Country menu 

2024-01-26 15:51:26.099212   => Current country: gb

2024-01-26 15:51:26.099264   => THE END PRECONDITIONS

2024-01-26 15:51:26.099321   1. Arrange
2024-01-26 15:51:27.127256   Load page https://capital.com/it/negozia-petrolio-brent
2024-01-26 15:51:27.127306   BUTTON_ON_HOR_BANNER is visible? =>
2024-01-26 15:51:27.183421   => BUTTON_ON_HOR_BANNER is visible on the page!
2024-01-26 15:51:27.183605   Start Checking that form [Sign up] popped up on the page =>
2024-01-26 15:51:32.719703   '[Sign up]' form was not popped up

2024-01-26 15:51:32.719885   2. Act
2024-01-26 15:51:32.719901   BUTTON_ON_HOR_BANNER is present? =>
2024-01-26 15:51:32.731938   => BUTTON_ON_HOR_BANNER is present on the page!
2024-01-26 15:51:32.731969   BUTTON_ON_HOR_BANNER scroll =>
2024-01-26 15:51:33.621405   => BUTTON_ON_HOR_BANNER clicked!

2024-01-26 15:51:33.621723   3. Assert_Login_v0
2024-01-26 15:51:33.621827   Check that 'Login' form is opened
2024-01-26 15:51:40.535781   'Login' form not opened
2024-01-26 15:51:40.541288   'Login' page not opened
2024-01-26 15:51:46.080597   'Login' form on trading platform not opened
2024-01-26 15:51:46.080779   Start step Check that [Sign up] form is opened
2024-01-26 15:51:51.610593   'Sign up' form not opened
2024-01-26 15:51:51.610793   Start method Check that [Sign up] page opened =>
2024-01-26 15:51:52.617164   'Sign up' page opened
2024-01-26 15:51:52.617207   Assert SIGNUP_SIGNUP_FRAME =>
2024-01-26 15:51:52.627923   Assert SIGNUP_REF_LOGIN =>
2024-01-26 15:51:52.647854   Assert SIGNUP_PRIVACY_POLICY_ALL_1 =>
2024-01-26 15:51:58.199065   Assert SIGNUP_PRIVACY_POLICY_ALL_2 =>
2024-01-26 15:51:58.215564   => SIGNUP_PRIVACY_POLICY_ALL
2024-01-26 15:51:58.215598   => 'Signup' page is checked

Bug: Bid:11.02.03.01_09-it.gb.NoAuth

2024-01-26 15:51:59.215873   Проверка бага в таблице ретеста  =>

2024-01-26 15:51:59.224377   4. Fixing one row check results into Google Sheet Bugs Report =>
1 cells updated.
2024-01-26 15:51:59.624447   => 4. One row check results into Google Sheet Bugs Report fixed

2024-01-26 15:52:00.214645   4. Fixing one row check results into Google Sheet Bugs Report =>
1 cells updated.
2024-01-26 15:52:00.527140   => 4. One row check results into Google Sheet Bugs Report fixed

2024-01-26 15:52:00.527209   Bug: Bid:11.02.03.01_09-it.gb.NoAuth уже существует, но тип бага изменился с 16/01/24 на 06

2024-01-26 15:52:00.527595   Bug: Bid:11.02.03.01_09-it.gb.NoAuth-06 уже существует

2024-01-26 15:52:00.527755   4. Fixing one row check results into Google Sheet Bugs Report =>
1 cells updated.
2024-01-26 15:52:00.824767   => 4. One row check results into Google Sheet Bugs Report fixed
------------------------------ Captured log call -------------------------------
2024-01-26 15:51:32 ERROR Elements not present after 0.5 seconds on page: https://capital.com/it/negozia-petrolio-brent
2024-01-26 15:51:32 ERROR 
Traceback (most recent call last):
  File "/home/runner/work/SeleniumCapital/SeleniumCapital/pages/base_page.py", line 82, in inner_function
    return func(*args, **kwargs)
           ^^^^^^^^^^^^^^^^^^^^^
  File "/home/runner/work/SeleniumCapital/SeleniumCapital/pages/base_page.py", line 293, in element_is_visible
    return Wait(self.browser, timeout).until(
           ^^^^^^^^^^^^^^^^^^^^^^^^^^^^^^^^^^
  File "/home/runner/.cache/pypoetry/virtualenvs/testcapitalcompyse-cIj6ROMf-py3.11/lib/python3.11/site-packages/selenium/webdriver/support/wait.py", line 105, in until
    raise TimeoutException(message, screen, stacktrace)
selenium.common.exceptions.TimeoutException: Message: 
Stacktrace:
#0 0x55a1b4db6f83 <unknown>
#1 0x55a1b4a6fcf7 <unknown>
#2 0x55a1b4abf99e <unknown>
#3 0x55a1b4abfaa1 <unknown>
#4 0x55a1b4b0ad64 <unknown>
#5 0x55a1b4ae90dd <unknown>
#6 0x55a1b4b08006 <unknown>
#7 0x55a1b4ae8e53 <unknown>
#8 0x55a1b4ab0dd4 <unknown>
#9 0x55a1b4ab21de <unknown>
#10 0x55a1b4d7b531 <unknown>
#11 0x55a1b4d7f455 <unknown>
#12 0x55a1b4d67f55 <unknown>
#13 0x55a1b4d800ef <unknown>
#14 0x55a1b4d4b99f <unknown>
#15 0x55a1b4da4008 <unknown>
#16 0x55a1b4da41d7 <unknown>
#17 0x55a1b4db6124 <unknown>
#18 0x7fc158094ac3 <unknown>

2024-01-26 15:51:40 ERROR Elements not present after 0.5 seconds on page: https://capital.com/trading/signup
2024-01-26 15:51:40 ERROR 
Traceback (most recent call last):
  File "/home/runner/work/SeleniumCapital/SeleniumCapital/pages/base_page.py", line 82, in inner_function
    return func(*args, **kwargs)
           ^^^^^^^^^^^^^^^^^^^^^
  File "/home/runner/work/SeleniumCapital/SeleniumCapital/pages/base_page.py", line 293, in element_is_visible
    return Wait(self.browser, timeout).until(
           ^^^^^^^^^^^^^^^^^^^^^^^^^^^^^^^^^^
  File "/home/runner/.cache/pypoetry/virtualenvs/testcapitalcompyse-cIj6ROMf-py3.11/lib/python3.11/site-packages/selenium/webdriver/support/wait.py", line 105, in until
    raise TimeoutException(message, screen, stacktrace)
selenium.common.exceptions.TimeoutException: Message: 
Stacktrace:
#0 0x55a1b4db6f83 <unknown>
#1 0x55a1b4a6fcf7 <unknown>
#2 0x55a1b4abf99e <unknown>
#3 0x55a1b4abfaa1 <unknown>
#4 0x55a1b4b0ad64 <unknown>
#5 0x55a1b4ae90dd <unknown>
#6 0x55a1b4b08006 <unknown>
#7 0x55a1b4ae8e53 <unknown>
#8 0x55a1b4ab0dd4 <unknown>
#9 0x55a1b4ab21de <unknown>
#10 0x55a1b4d7b531 <unknown>
#11 0x55a1b4d7f455 <unknown>
#12 0x55a1b4d67f55 <unknown>
#13 0x55a1b4d800ef <unknown>
#14 0x55a1b4d4b99f <unknown>
#15 0x55a1b4da4008 <unknown>
#16 0x55a1b4da41d7 <unknown>
#17 0x55a1b4db6124 <unknown>
#18 0x7fc158094ac3 <unknown>

2024-01-26 15:51:46 ERROR Elements not present after 0.5 seconds on page: https://capital.com/trading/signup
2024-01-26 15:51:46 ERROR 
Traceback (most recent call last):
  File "/home/runner/work/SeleniumCapital/SeleniumCapital/pages/base_page.py", line 82, in inner_function
    return func(*args, **kwargs)
           ^^^^^^^^^^^^^^^^^^^^^
  File "/home/runner/work/SeleniumCapital/SeleniumCapital/pages/base_page.py", line 293, in element_is_visible
    return Wait(self.browser, timeout).until(
           ^^^^^^^^^^^^^^^^^^^^^^^^^^^^^^^^^^
  File "/home/runner/.cache/pypoetry/virtualenvs/testcapitalcompyse-cIj6ROMf-py3.11/lib/python3.11/site-packages/selenium/webdriver/support/wait.py", line 105, in until
    raise TimeoutException(message, screen, stacktrace)
selenium.common.exceptions.TimeoutException: Message: 
Stacktrace:
#0 0x55a1b4db6f83 <unknown>
#1 0x55a1b4a6fcf7 <unknown>
#2 0x55a1b4abf99e <unknown>
#3 0x55a1b4abfaa1 <unknown>
#4 0x55a1b4b0ad64 <unknown>
#5 0x55a1b4ae90dd <unknown>
#6 0x55a1b4b08006 <unknown>
#7 0x55a1b4ae8e53 <unknown>
#8 0x55a1b4ab0dd4 <unknown>
#9 0x55a1b4ab21de <unknown>
#10 0x55a1b4d7b531 <unknown>
#11 0x55a1b4d7f455 <unknown>
#12 0x55a1b4d67f55 <unknown>
#13 0x55a1b4d800ef <unknown>
#14 0x55a1b4d4b99f <unknown>
#15 0x55a1b4da4008 <unknown>
#16 0x55a1b4da41d7 <unknown>
#17 0x55a1b4db6124 <unknown>
#18 0x7fc158094ac3 <unknown>

2024-01-26 15:51:51 ERROR Elements not present after 0.5 seconds on page: https://capital.com/trading/signup
2024-01-26 15:51:51 ERROR 
Traceback (most recent call last):
  File "/home/runner/work/SeleniumCapital/SeleniumCapital/pages/base_page.py", line 82, in inner_function
    return func(*args, **kwargs)
           ^^^^^^^^^^^^^^^^^^^^^
  File "/home/runner/work/SeleniumCapital/SeleniumCapital/pages/base_page.py", line 293, in element_is_visible
    return Wait(self.browser, timeout).until(
           ^^^^^^^^^^^^^^^^^^^^^^^^^^^^^^^^^^
  File "/home/runner/.cache/pypoetry/virtualenvs/testcapitalcompyse-cIj6ROMf-py3.11/lib/python3.11/site-packages/selenium/webdriver/support/wait.py", line 105, in until
    raise TimeoutException(message, screen, stacktrace)
selenium.common.exceptions.TimeoutException: Message: 
Stacktrace:
#0 0x55a1b4db6f83 <unknown>
#1 0x55a1b4a6fcf7 <unknown>
#2 0x55a1b4abf99e <unknown>
#3 0x55a1b4abfaa1 <unknown>
#4 0x55a1b4b0ad64 <unknown>
#5 0x55a1b4ae90dd <unknown>
#6 0x55a1b4b08006 <unknown>
#7 0x55a1b4ae8e53 <unknown>
#8 0x55a1b4ab0dd4 <unknown>
#9 0x55a1b4ab21de <unknown>
#10 0x55a1b4d7b531 <unknown>
#11 0x55a1b4d7f455 <unknown>
#12 0x55a1b4d67f55 <unknown>
#13 0x55a1b4d800ef <unknown>
#14 0x55a1b4d4b99f <unknown>
#15 0x55a1b4da4008 <unknown>
#16 0x55a1b4da41d7 <unknown>
#17 0x55a1b4db6124 <unknown>
#18 0x7fc158094ac3 <unknown>

2024-01-26 15:51:58 ERROR Elements not present after 0.5 seconds on page: https://capital.com/trading/signup
2024-01-26 15:51:58 ERROR 
Traceback (most recent call last):
  File "/home/runner/work/SeleniumCapital/SeleniumCapital/pages/base_page.py", line 82, in inner_function
    return func(*args, **kwargs)
           ^^^^^^^^^^^^^^^^^^^^^
  File "/home/runner/work/SeleniumCapital/SeleniumCapital/pages/base_page.py", line 293, in element_is_visible
    return Wait(self.browser, timeout).until(
           ^^^^^^^^^^^^^^^^^^^^^^^^^^^^^^^^^^
  File "/home/runner/.cache/pypoetry/virtualenvs/testcapitalcompyse-cIj6ROMf-py3.11/lib/python3.11/site-packages/selenium/webdriver/support/wait.py", line 105, in until
    raise TimeoutException(message, screen, stacktrace)
selenium.common.exceptions.TimeoutException: Message: 
Stacktrace:
#0 0x55a1b4db6f83 <unknown>
#1 0x55a1b4a6fcf7 <unknown>
#2 0x55a1b4abf99e <unknown>
#3 0x55a1b4abfaa1 <unknown>
#4 0x55a1b4b0ad64 <unknown>
#5 0x55a1b4ae90dd <unknown>
#6 0x55a1b4b08006 <unknown>
#7 0x55a1b4ae8e53 <unknown>
#8 0x55a1b4ab0dd4 <unknown>
#9 0x55a1b4ab21de <unknown>
#10 0x55a1b4d7b531 <unknown>
#11 0x55a1b4d7f455 <unknown>
#12 0x55a1b4d67f55 <unknown>
#13 0x55a1b4d800ef <unknown>
#14 0x55a1b4d4b99f <unknown>
#15 0x55a1b4da4008 <unknown>
#16 0x55a1b4da41d7 <unknown>
#17 0x55a1b4db6124 <unknown>
#18 0x7fc158094ac3 <unknown>
--------------------------- Captured stdout teardown ---------------------------

2024-01-26 15:52:01.403699   *** end fixture Browser = teardown ***

=============================== warnings summary ===============================
tests/US_11_Education/US_11-02-03_Commodities_trading/us_11-02-03-01_Commodities_trading_test.py::TestCommoditiesTrading::test_09_block_hor_banner_button[https://capital.com/it/negozia-petrolio-brent-Chrome--ae-NoAuth-aqa.tomelo.an@gmail.com-iT9Vgqi6d$fiZ*Z]
  /home/runner/.cache/pypoetry/virtualenvs/testcapitalcompyse-cIj6ROMf-py3.11/lib/python3.11/site-packages/pytest_html/plugin.py:133: DeprecationWarning: The 'report.extra' attribute is deprecated and will be removed in a future release, use 'report.extras' instead.
    warnings.warn(

-- Docs: https://docs.pytest.org/en/stable/how-to/capture-warnings.html
- Generated html report: file:///home/runner/work/SeleniumCapital/SeleniumCapital/report/report.html -
=========================== short test summary info ============================
FAILED tests/US_11_Education/US_11-02-03_Commodities_trading/us_11-02-03-01_Commodities_trading_test.py::TestCommoditiesTrading::test_09_block_hor_banner_button[https://capital.com/it/negozia-petrolio-brent-Chrome--ae-NoAuth-aqa.tomelo.an@gmail.com-iT9Vgqi6d$fiZ*Z] - AssertionError: Bug # 06. Opened a 'Sign up' page instead of a 'Login'
============ 1 failed, 9 deselected, 1 warning in 70.20s (0:01:10) =============

2024-01-26 15:52:01.502592   => Текущий тест: 1 failed

2024-01-26 15:52:01.504281   => 3. check_results finished

2024-01-26 15:52:01.504504   4. Fixing one row check results into Google Sheet Bugs Report =>
1 cells updated.
2024-01-26 15:52:01.832648   => 4. One row check results into Google Sheet Bugs Report fixed
