


2024-01-26 15:30:23.667823   0. Get Values row =>
2024-01-26 15:30:23.667851   Row # = 518
2024-01-26 15:30:23.667861   Row Values = 
['Bid:11.02.03.00_02-de.gb.NoAuth', 'Ubuntu 22.04', 'Chrome', '11.02.03.00', '_02', 'de', 'gb', 'FCA', 'NoAuth', '', 'Education', 'Commodities trading', 'Click Main banner > Button [Try demo]', 'Click Main banner > Button [Try demo]', '', '05', "Bug # 05. Opened a 'Sign up' form instead of a 'Login'", '', '', '', '23/01/24', 'failed']

2024-01-26 15:30:23.667942   1. Run pretest =>

2024-01-26 15:30:23.667955   row_loc = 
['Bid:11.02.03.00_02-de.gb.NoAuth', 'Ubuntu 22.04', 'Chrome', '11.02.03.00', '_02', 'de', 'gb', 'FCA', 'NoAuth', '', 'Education', 'Commodities trading', 'Click Main banner > Button [Try demo]', 'Click Main banner > Button [Try demo]', '', '05', "Bug # 05. Opened a 'Sign up' form instead of a 'Login'", '', '', '', '23/01/24', 'failed']

2024-01-26 15:30:23.667970   => 1. Pretest finished

2024-01-26 15:30:23.668035   2. Run run_pytest with Bid = Bid:11.02.03.00_02-de.gb.NoAuth from row =>

2024-01-26 15:30:23.668047   2.2. Run poetry run pytest ... in subprocess =>

2024-01-26 15:30:23.668059   Run command: 
poetry run pytest --retest=True --browser_name=Chrome --lang=de --country=gb --role=NoAuth -m test_02 -v \tests/US_11_Education/US_11-02-03_Commodities_trading/us_11-02-03-00_Commodities_trading_test.py

2024-01-26 15:31:14.344008   => 2.2. pytest ... as subprocess finished

2024-01-26 15:31:14.344081   => 2. Autotest with Bid = Bid:11.02.03.00_02-de.gb.NoAuth from row finished

2024-01-26 15:31:14.344150   3. Run check_results =>
2024-01-26 15:31:14.344171   test_results: 
============================= test session starts ==============================
platform linux -- Python 3.11.7, pytest-7.4.4, pluggy-1.3.0 -- /home/runner/.cache/pypoetry/virtualenvs/testcapitalcompyse-cIj6ROMf-py3.11/bin/python
cachedir: .pytest_cache
metadata: {'Python': '3.11.7', 'Platform': 'Linux-6.2.0-1018-azure-x86_64-with-glibc2.35', 'Packages': {'pytest': '7.4.4', 'pluggy': '1.3.0'}, 'Plugins': {'metadata': '3.0.0', 'timeout': '2.2.0', 'html': '4.1.1', 'xdist': '3.5.0', 'allure-pytest': '2.13.2'}, 'CI': 'true', 'JAVA_HOME': '/usr/lib/jvm/temurin-11-jdk-amd64'}
rootdir: /home/runner/work/SeleniumCapital/SeleniumCapital
configfile: pytest.ini
plugins: metadata-3.0.0, timeout-2.2.0, html-4.1.1, xdist-3.5.0, allure-pytest-2.13.2
collecting ... collected 7 items / 6 deselected / 1 selected

tests/US_11_Education/US_11-02-03_Commodities_trading/us_11-02-03-00_Commodities_trading_test.py::TestCommoditiesTradingPretest::test_02_main_banner_try_demo_button[Chrome--ae-NoAuth-aqa.tomelo.an@gmail.com-iT9Vgqi6d$fiZ*Z] FAILED [100%]

=================================== FAILURES ===================================
_ TestCommoditiesTradingPretest.test_02_main_banner_try_demo_button[Chrome--ae-NoAuth-aqa.tomelo.an@gmail.com-iT9Vgqi6d$fiZ*Z] _

self = <us_11-02-03-00_Commodities_trading_test.TestCommoditiesTradingPretest object at 0x7f2789083890>
worker_id = 'master'
d = <selenium.webdriver.chrome.webdriver.WebDriver (session="50dd0465275e56fb602114f745c30a10")>
cur_language = 'de', cur_country = 'gb', cur_role = 'NoAuth'
cur_login = 'aqa.tomelo.an@gmail.com', cur_password = 'iT9Vgqi6d$fiZ*Z'

    @allure.step("Start test of button [Try demo] on Main banner")
    # @pytest.mark.skip(reason="Skipped for debugging")
    @pytest.mark.test_02
    def test_02_main_banner_try_demo_button(
            self, worker_id, d, cur_language, cur_country, cur_role, cur_login, cur_password):
        """
        Check: Button [Try demo] on Main banner
        Language: All (Except: EL, HU, NL). License: All.
        """
        bid = build_dynamic_arg_v4(
            d, worker_id, cur_language, cur_country, cur_role,
            "11.02.03", "Education > Menu item [Commodities trading]",
            ".00_02", "Testing button [Try demo] on Main banner")
    
        Common().skip_if_eng_lang_and_fca_license(cur_language, cur_country)
    
        check_language(cur_language)
    
        page_conditions = Conditions(d, "")
        main_page_link = page_conditions.preconditions(
            d, CapitalComPageSrc.URL, "", cur_language, cur_country, cur_role, cur_login, cur_password)
    
        page_menu = MenuSection(d, main_page_link)
        cur_menu_link = page_menu.open_education_commodities_trading_menu(d, cur_language, cur_country, main_page_link)
    
        test_element = MainBannerTryDemo(d, cur_menu_link, bid)
>       test_element.full_test_with_tpi(d, cur_language, cur_country, cur_role, cur_menu_link)

tests/US_11_Education/US_11-02-03_Commodities_trading/us_11-02-03-00_Commodities_trading_test.py:103: 
_ _ _ _ _ _ _ _ _ _ _ _ _ _ _ _ _ _ _ _ _ _ _ _ _ _ _ _ _ _ _ _ _ _ _ _ _ _ _ _ 
pages/Elements/ButtonTryDemoMainBanner.py:28: in full_test_with_tpi
    test_element.assert_login(d, cur_language, cur_item_link)
_ _ _ _ _ _ _ _ _ _ _ _ _ _ _ _ _ _ _ _ _ _ _ _ _ _ _ _ _ _ _ _ _ _ _ _ _ _ _ _ 

self = <pages.Elements.AssertClass.AssertClass object at 0x7f278987f010>
d = <selenium.webdriver.chrome.webdriver.WebDriver (session="50dd0465275e56fb602114f745c30a10")>
cur_language = 'de', cur_link = 'https://capital.com/de/rohstoffhandel'

    @allure.step('Checking that "Login" form or page opened')
    def assert_login(self, d, cur_language, cur_link):
        """Method Assert Login form or page"""
        print(f"\n{datetime.now()}   3. Assert_Login_v0")
        self.page_signup_login = SignupLogin(d, cur_link)
        if self.page_signup_login.should_be_login_form():
            self.page_signup_login.close_login_form()
            del self.page_signup_login
        elif self.page_signup_login.should_be_login_page():
            self.page_signup_login.close_login_page()
            del self.page_signup_login
        elif self.page_signup_login.should_be_trading_platform_login_form(cur_language):
            self.page_signup_login.close_trading_platform_login_form()
            del self.page_signup_login
        elif self.page_signup_login.should_be_signup_form(cur_language):
            del self.page_signup_login
            print(f'\nBug: {self.bid}')
            retest_table_fill(self.bid, '05', self.link)
>           assert False, "Bug # 05. Opened a 'Sign up' form instead of a 'Login'"
E           AssertionError: Bug # 05. Opened a 'Sign up' form instead of a 'Login'

pages/Elements/AssertClass.py:69: AssertionError
---------------------------- Captured stdout setup -----------------------------

2024-01-26 15:30:24.551503   *** autouse fixture Chrome ***

{'width': 1280, 'height': 720}
Current test language - de
Current country of trading - gb



Current test role - NoAuth
Current login - aqa.tomelo.an@gmail.com
Current login - iT9Vgqi6d$fiZ*Z
----------------------------- Captured stdout call -----------------------------
{'width': 1280, 'height': 720}

2024-01-26 15:30:25.464635   worker_id = master

2024-01-26 15:30:25.464652   0. Allure grouping v4


2024-01-26 15:30:25.464838   START PRECONDITIONS =>

2024-01-26 15:30:27.181674   Load page https://capital.com

2024-01-26 15:30:27.181720   {'width': 1280, 'height': 720}

2024-01-26 15:30:27.183536   Set windows position at (0, 0) =>

2024-01-26 15:30:27.398780   Set resolution 1280 * 720 =>

2024-01-26 15:30:27.524640   => Resolution seted {'width': 1280, 'height': 720}

2024-01-26 15:30:32.537304   Капчи нет. Тестим дальше

2024-01-26 15:30:32.537398   Prev. Role: ?

2024-01-26 15:30:32.537410   Run preconditions: set "NoAuth" Role =>
2024-01-26 15:30:33.428505   Load page https://capital.com

2024-01-26 15:30:33.712549   => All cookies are deleted
2024-01-26 15:30:34.487362   Load page https://capital.com

2024-01-26 15:30:34.487605   Step 'Click button [Accept all cookies]'
2024-01-26 15:30:39.500387   Is Visible Button [Accept all cookies]? =>
2024-01-26 15:30:39.519260   => Button [Accept all cookies] is visible
2024-01-26 15:30:40.519416   Is clickable Button [Accept all cookies] =>
2024-01-26 15:30:40.557734   => Button [Accept all cookies] is clickable
2024-01-26 15:30:40.557776   Click Button [Accept all cookies] =>
2024-01-26 15:30:40.704140   => Button [Accept all cookies] is clicked
2024-01-26 15:30:40.704185   => Accepted All Cookies

2024-01-26 15:30:41.204541   Start Autorization

2024-01-26 15:30:41.204656   2. Act
2024-01-26 15:30:41.204672   Start Click button [Log in] =>
2024-01-26 15:30:41.215719   BUTTON_LOGIN scroll =>
2024-01-26 15:30:41.220008   Is BUTTON_LOGIN clickable? =>
2024-01-26 15:30:41.235430   => BUTTON_LOGIN is clickable
2024-01-26 15:30:41.235455   BUTTON_LOGIN click =>
2024-01-26 15:30:41.316748   => BUTTON_LOGIN is clicked!
2024-01-26 15:30:41.316848   => 'Login' form is opened
2024-01-26 15:30:41.803406   => "login" and "password" are inputted
2024-01-26 15:30:41.803446   Click [Continue] button on [Login] form =>
2024-01-26 15:30:41.881234   => [Continue] button on [Login] form is clicked
2024-01-26 15:30:44.406130   Start check that the Trading platform page is loaded and LOGO is present on it =>
2024-01-26 15:30:44.406163   Set timeout = 30
2024-01-26 15:30:44.406179   Wait until load page with special title =>
2024-01-26 15:30:44.409994   => Page with title "Trading Platform | Capital.com" is loaded
2024-01-26 15:30:44.410022   Is present LOGO on this page? =>
2024-01-26 15:30:46.015689   => LOGO is visible on this page
2024-01-26 15:30:46.015798   -> "Capital.com" logo is present on trading platform page

2024-01-26 15:30:47.003292   Start DeAuthorisation
2024-01-26 15:30:47.003425   1. BUTTON_MY_ACCOUNT is present? =>
2024-01-26 15:30:47.017882   => BUTTON_MY_ACCOUNT is present on this page
2024-01-26 15:30:48.360221   => Move to BUTTON_MY_ACCOUNT
2024-01-26 15:30:48.360259   2. BUTTON_MY_ACCOUNT is clickable? =>
2024-01-26 15:30:48.380111   => BUTTON_MY_ACCOUNT is clickable
2024-01-26 15:30:48.380145   BUTTON_MY_ACCOUNT Click =>
2024-01-26 15:30:49.202346   => User panel [My account] is opened

2024-01-26 15:30:49.202546   Start Click [Logout] button:
2024-01-26 15:30:49.202560   BUTTON_LOGOUT is present? =>
2024-01-26 15:30:49.217119   => BUTTON_LOGOUT is present
2024-01-26 15:30:49.217166   Is visible BUTTON_LOGOUT? =>
2024-01-26 15:30:49.246664   BUTTON_LOGOUT is clickable? =>
2024-01-26 15:30:49.262096   BUTTON_LOGOUT click =>
2024-01-26 15:30:49.323818   => BUTTON_LOGOUT is clicked

2024-01-26 15:30:49.323979   Current role: NoAuth

2024-01-26 15:30:49.324000   Prev language: ?

2024-01-26 15:30:49.324014   Run preconditions: set "de" language =>


2024-01-26 15:30:49.356553   => Language and Country menu is present


2024-01-26 15:30:49.372274   => Language and Country menu is visible


2024-01-26 15:30:51.197278   => Focus is moved on Language and Country menu 

2024-01-26 15:30:52.956759   => Current language: de

2024-01-26 15:30:52.956797   Prev country: ?

2024-01-26 15:30:52.956807   Run preconditions: set "gb" country =>


2024-01-26 15:30:52.997287   => Language and Country menu is present


2024-01-26 15:30:53.012616   => Language and Country menu is visible


2024-01-26 15:30:54.778514   => Focus is moved on Language and Country menu 

2024-01-26 15:30:57.052511   => Current country: gb

2024-01-26 15:30:57.052557   => THE END PRECONDITIONS

2024-01-26 15:30:57.052603   1. Cur URL = https://capital.com/de?country=gb

2024-01-26 15:30:57.055533   2. Link = https://capital.com/de
2024-01-26 15:30:57.519257   Load page https://capital.com/de
2024-01-26 15:30:58.033581   => Education menu is present
2024-01-26 15:30:58.049198   => Education menu is visible
2024-01-26 15:30:59.326438   => Education menu focus moved

2024-01-26 15:31:01.133455   1. Arrange_v0
2024-01-26 15:31:01.136400   BUTTON_TRY_DEMO is visible? =>
2024-01-26 15:31:01.189555   => BUTTON_TRY_DEMO is visible on the page!

2024-01-26 15:31:01.189753   2. Act_v0
2024-01-26 15:31:01.189770   BUTTON_TRY_DEMO is present? =>
2024-01-26 15:31:01.199078   => BUTTON_TRY_DEMO is present on the page!
2024-01-26 15:31:01.199101   BUTTON_TRY_DEMO scroll =>
2024-01-26 15:31:01.230916   => BUTTON_TRY_DEMO clicked!

2024-01-26 15:31:01.231127   3. Assert_Login_v0
2024-01-26 15:31:01.231198   Check that 'Login' form is opened
2024-01-26 15:31:06.763847   'Login' form not opened
2024-01-26 15:31:06.767028   'Login' page not opened
2024-01-26 15:31:12.289699   'Login' form on trading platform not opened
2024-01-26 15:31:12.289944   Start step Check that [Sign up] form is opened
2024-01-26 15:31:12.304929   'Sign up' form opened
2024-01-26 15:31:12.304954   Assert SIGNUP_HEADER =>
2024-01-26 15:31:12.318809   Assert SIGNUP_REF_LOGIN =>
2024-01-26 15:31:12.334300   Assert SIGNUP_PRIVACY_POLICY_ALL_2 =>
2024-01-26 15:31:12.348214   => SIGNUP_PRIVACY_POLICY_ALL
2024-01-26 15:31:12.348243   => 'Signup' form is checked

Bug: Bid:11.02.03.00_02-de.gb.NoAuth

2024-01-26 15:31:12.348304   Проверка бага в таблице ретеста  =>

2024-01-26 15:31:12.354615   4. Fixing one row check results into Google Sheet Bugs Report =>
1 cells updated.
2024-01-26 15:31:12.885024   => 4. One row check results into Google Sheet Bugs Report fixed

2024-01-26 15:31:13.298094   4. Fixing one row check results into Google Sheet Bugs Report =>
1 cells updated.
2024-01-26 15:31:13.482953   => 4. One row check results into Google Sheet Bugs Report fixed

2024-01-26 15:31:13.483023   Bug: Bid:11.02.03.00_02-de.gb.NoAuth уже существует, но тип бага изменился с 23/01/24 на 05

2024-01-26 15:31:13.483432   Bug: Bid:11.02.03.00_02-de.gb.NoAuth-05 уже существует

2024-01-26 15:31:13.483573   4. Fixing one row check results into Google Sheet Bugs Report =>
1 cells updated.
2024-01-26 15:31:13.943214   => 4. One row check results into Google Sheet Bugs Report fixed
------------------------------ Captured log call -------------------------------
2024-01-26 15:31:06 ERROR Elements not present after 0.5 seconds on page: https://capital.com/de/rohstoffhandel
2024-01-26 15:31:06 ERROR 
Traceback (most recent call last):
  File "/home/runner/work/SeleniumCapital/SeleniumCapital/pages/base_page.py", line 82, in inner_function
    return func(*args, **kwargs)
           ^^^^^^^^^^^^^^^^^^^^^
  File "/home/runner/work/SeleniumCapital/SeleniumCapital/pages/base_page.py", line 293, in element_is_visible
    return Wait(self.browser, timeout).until(
           ^^^^^^^^^^^^^^^^^^^^^^^^^^^^^^^^^^
  File "/home/runner/.cache/pypoetry/virtualenvs/testcapitalcompyse-cIj6ROMf-py3.11/lib/python3.11/site-packages/selenium/webdriver/support/wait.py", line 105, in until
    raise TimeoutException(message, screen, stacktrace)
selenium.common.exceptions.TimeoutException: Message: 
Stacktrace:
#0 0x5593d6a30f83 <unknown>
#1 0x5593d66e9cf7 <unknown>
#2 0x5593d673999e <unknown>
#3 0x5593d6739aa1 <unknown>
#4 0x5593d6784d64 <unknown>
#5 0x5593d67630dd <unknown>
#6 0x5593d6782006 <unknown>
#7 0x5593d6762e53 <unknown>
#8 0x5593d672add4 <unknown>
#9 0x5593d672c1de <unknown>
#10 0x5593d69f5531 <unknown>
#11 0x5593d69f9455 <unknown>
#12 0x5593d69e1f55 <unknown>
#13 0x5593d69fa0ef <unknown>
#14 0x5593d69c599f <unknown>
#15 0x5593d6a1e008 <unknown>
#16 0x5593d6a1e1d7 <unknown>
#17 0x5593d6a30124 <unknown>
#18 0x7f1224094ac3 <unknown>

2024-01-26 15:31:12 ERROR Elements not present after 0.5 seconds on page: https://capital.com/de/rohstoffhandel
2024-01-26 15:31:12 ERROR 
Traceback (most recent call last):
  File "/home/runner/work/SeleniumCapital/SeleniumCapital/pages/base_page.py", line 82, in inner_function
    return func(*args, **kwargs)
           ^^^^^^^^^^^^^^^^^^^^^
  File "/home/runner/work/SeleniumCapital/SeleniumCapital/pages/base_page.py", line 293, in element_is_visible
    return Wait(self.browser, timeout).until(
           ^^^^^^^^^^^^^^^^^^^^^^^^^^^^^^^^^^
  File "/home/runner/.cache/pypoetry/virtualenvs/testcapitalcompyse-cIj6ROMf-py3.11/lib/python3.11/site-packages/selenium/webdriver/support/wait.py", line 105, in until
    raise TimeoutException(message, screen, stacktrace)
selenium.common.exceptions.TimeoutException: Message: 
Stacktrace:
#0 0x5593d6a30f83 <unknown>
#1 0x5593d66e9cf7 <unknown>
#2 0x5593d673999e <unknown>
#3 0x5593d6739aa1 <unknown>
#4 0x5593d6784d64 <unknown>
#5 0x5593d67630dd <unknown>
#6 0x5593d6782006 <unknown>
#7 0x5593d6762e53 <unknown>
#8 0x5593d672add4 <unknown>
#9 0x5593d672c1de <unknown>
#10 0x5593d69f5531 <unknown>
#11 0x5593d69f9455 <unknown>
#12 0x5593d69e1f55 <unknown>
#13 0x5593d69fa0ef <unknown>
#14 0x5593d69c599f <unknown>
#15 0x5593d6a1e008 <unknown>
#16 0x5593d6a1e1d7 <unknown>
#17 0x5593d6a30124 <unknown>
#18 0x7f1224094ac3 <unknown>
--------------------------- Captured stdout teardown ---------------------------

2024-01-26 15:31:14.256670   *** end fixture Browser = teardown ***

=============================== warnings summary ===============================
tests/US_11_Education/US_11-02-03_Commodities_trading/us_11-02-03-00_Commodities_trading_test.py::TestCommoditiesTradingPretest::test_02_main_banner_try_demo_button[Chrome--ae-NoAuth-aqa.tomelo.an@gmail.com-iT9Vgqi6d$fiZ*Z]
  /home/runner/.cache/pypoetry/virtualenvs/testcapitalcompyse-cIj6ROMf-py3.11/lib/python3.11/site-packages/pytest_html/plugin.py:133: DeprecationWarning: The 'report.extra' attribute is deprecated and will be removed in a future release, use 'report.extras' instead.
    warnings.warn(

-- Docs: https://docs.pytest.org/en/stable/how-to/capture-warnings.html
- Generated html report: file:///home/runner/work/SeleniumCapital/SeleniumCapital/report/report.html -
=========================== short test summary info ============================
FAILED tests/US_11_Education/US_11-02-03_Commodities_trading/us_11-02-03-00_Commodities_trading_test.py::TestCommoditiesTradingPretest::test_02_main_banner_try_demo_button[Chrome--ae-NoAuth-aqa.tomelo.an@gmail.com-iT9Vgqi6d$fiZ*Z] - AssertionError: Bug # 05. Opened a 'Sign up' form instead of a 'Login'
================= 1 failed, 6 deselected, 1 warning in 49.86s ==================

2024-01-26 15:31:14.344574   => Текущий тест: 1 failed

2024-01-26 15:31:14.345569   => 3. check_results finished

2024-01-26 15:31:14.345738   4. Fixing one row check results into Google Sheet Bugs Report =>
1 cells updated.
2024-01-26 15:31:14.520795   => 4. One row check results into Google Sheet Bugs Report fixed
