


2024-01-26 15:23:15.274575   0. Get Values row =>
2024-01-26 15:23:15.274609   Row # = 511
2024-01-26 15:23:15.274623   Row Values = 
['Bid:11.02.03.01_09-de.gb.NoAuth', 'Ubuntu 22.04', 'Chrome', '11.02.03.01', '_09', 'de', 'gb', 'FCA', 'NoAuth', 'https://capital.com/de/trade-platinum', 'Education', 'Commodities trading L1', '', '', '', '06', "Bug # 06. Opened a 'Sign up' page instead of a 'Login'", '', '', '', '23/01/24', 'failed']

2024-01-26 15:23:15.274734   1. Run pretest =>

2024-01-26 15:23:15.274749   row_loc = 
['Bid:11.02.03.01_09-de.gb.NoAuth', 'Ubuntu 22.04', 'Chrome', '11.02.03.01', '_09', 'de', 'gb', 'FCA', 'NoAuth', 'https://capital.com/de/trade-platinum', 'Education', 'Commodities trading L1', '', '', '', '06', "Bug # 06. Opened a 'Sign up' page instead of a 'Login'", '', '', '', '23/01/24', 'failed']

2024-01-26 15:23:15.274763   => 1. Pretest finished

2024-01-26 15:23:15.274830   2. Run run_pytest with Bid = Bid:11.02.03.01_09-de.gb.NoAuth from row =>

2024-01-26 15:23:15.274842   2.2. Run poetry run pytest ... in subprocess =>

2024-01-26 15:23:15.274853   Run command: 
poetry run pytest --retest=True --browser_name=Chrome --lang=de --country=gb --role=NoAuth --tpi_link=https://capital.com/de/trade-platinum -m test_09 -v \tests/US_11_Education/US_11-02-03_Commodities_trading/us_11-02-03-01_Commodities_trading_test.py

2024-01-26 15:24:23.600482   => 2.2. pytest ... as subprocess finished

2024-01-26 15:24:23.600541   => 2. Autotest with Bid = Bid:11.02.03.01_09-de.gb.NoAuth from row finished

2024-01-26 15:24:23.600614   3. Run check_results =>
2024-01-26 15:24:23.600644   test_results: 
============================= test session starts ==============================
platform linux -- Python 3.11.7, pytest-7.4.4, pluggy-1.3.0 -- /home/runner/.cache/pypoetry/virtualenvs/testcapitalcompyse-cIj6ROMf-py3.11/bin/python
cachedir: .pytest_cache
metadata: {'Python': '3.11.7', 'Platform': 'Linux-6.2.0-1018-azure-x86_64-with-glibc2.35', 'Packages': {'pytest': '7.4.4', 'pluggy': '1.3.0'}, 'Plugins': {'metadata': '3.0.0', 'timeout': '2.2.0', 'html': '4.1.1', 'xdist': '3.5.0', 'allure-pytest': '2.13.2'}, 'CI': 'true', 'JAVA_HOME': '/usr/lib/jvm/temurin-11-jdk-amd64'}
rootdir: /home/runner/work/SeleniumCapital/SeleniumCapital
configfile: pytest.ini
plugins: metadata-3.0.0, timeout-2.2.0, html-4.1.1, xdist-3.5.0, allure-pytest-2.13.2
collecting ... collected 10 items / 9 deselected / 1 selected

tests/US_11_Education/US_11-02-03_Commodities_trading/us_11-02-03-01_Commodities_trading_test.py::TestCommoditiesTrading::test_09_block_hor_banner_button[https://capital.com/de/trade-platinum-Chrome--ae-NoAuth-aqa.tomelo.an@gmail.com-iT9Vgqi6d$fiZ*Z] FAILED [100%]

=================================== FAILURES ===================================
_ TestCommoditiesTrading.test_09_block_hor_banner_button[https://capital.com/de/trade-platinum-Chrome--ae-NoAuth-aqa.tomelo.an@gmail.com-iT9Vgqi6d$fiZ*Z] _

self = <us_11-02-03-01_Commodities_trading_test.TestCommoditiesTrading object at 0x7f82a6ba6110>
worker_id = 'master'
d = <selenium.webdriver.chrome.webdriver.WebDriver (session="3ec27e37cd0ed94f19414cc8f1b33733")>
cur_language = 'de', cur_country = 'gb', cur_role = 'NoAuth'
cur_login = 'aqa.tomelo.an@gmail.com', cur_password = 'iT9Vgqi6d$fiZ*Z'
cur_item_link = 'https://capital.com/de/trade-platinum'

    @allure.step("Start test of button [Create account] in block [Open a trading account in less than 3 minutes]")
    @pytest.mark.test_09
    def test_09_block_hor_banner_button(
            self, worker_id, d, cur_language, cur_country, cur_role, cur_login, cur_password, cur_item_link):
        """
        Check: Button [Create account] in block [Open a trading account in less than 3 minutes]
        Language: All. License: All.
        """
        bid = build_dynamic_arg_v4(
            d, worker_id, cur_language, cur_country, cur_role,
            "11.02.03", "Education > Menu item [Commodities trading]",
            ".01_09", "Testing buttons [Create account] in block [Open a trading account in less than 3 minutes]")
    
        check_language(cur_language)
        if cur_language in [""]:
            Common().skip_test_for_language(cur_language)
    
        page_conditions = Conditions(d, "")
        page_conditions.preconditions(
            d, CapitalComPageSrc.URL, "", cur_language, cur_country, cur_role, cur_login, cur_password)
    
        # банеры должны открываться в Demo mode for US_00
        banner00_hor_tpd = []
        # банеры должны открываться в Live mode for US_00
        banner00_hor_tp = []
        # банеры должны открываться в Demo mode for US_01
        banner01_hor_tpd = ['199', '294']
        # банеры должны открываться в Live mode for US_01
        banner01_hor_tp = ['169', '223', '254', '379', '392', '430', '429']
    
        test_element = ButtonOnHorizontalBanner(d, cur_item_link, bid)
>       test_element.full_test_with_tpi(d, cur_language, cur_country, cur_role, cur_item_link,
                                        banner00_hor_tpd, banner00_hor_tp, banner01_hor_tpd, banner01_hor_tp)

tests/US_11_Education/US_11-02-03_Commodities_trading/us_11-02-03-01_Commodities_trading_test.py:272: 
_ _ _ _ _ _ _ _ _ _ _ _ _ _ _ _ _ _ _ _ _ _ _ _ _ _ _ _ _ _ _ _ _ _ _ _ _ _ _ _ 
pages/Elements/ButtonOnHorizontalBanner.py:41: in full_test_with_tpi
    test_element.assert_login(d, cur_language, link)
_ _ _ _ _ _ _ _ _ _ _ _ _ _ _ _ _ _ _ _ _ _ _ _ _ _ _ _ _ _ _ _ _ _ _ _ _ _ _ _ 

self = <pages.Elements.AssertClass.AssertClass object at 0x7f82a70e0210>
d = <selenium.webdriver.chrome.webdriver.WebDriver (session="3ec27e37cd0ed94f19414cc8f1b33733")>
cur_language = 'de', cur_link = 'https://capital.com/de/trade-platinum'

    @allure.step('Checking that "Login" form or page opened')
    def assert_login(self, d, cur_language, cur_link):
        """Method Assert Login form or page"""
        print(f"\n{datetime.now()}   3. Assert_Login_v0")
        self.page_signup_login = SignupLogin(d, cur_link)
        if self.page_signup_login.should_be_login_form():
            self.page_signup_login.close_login_form()
            del self.page_signup_login
        elif self.page_signup_login.should_be_login_page():
            self.page_signup_login.close_login_page()
            del self.page_signup_login
        elif self.page_signup_login.should_be_trading_platform_login_form(cur_language):
            self.page_signup_login.close_trading_platform_login_form()
            del self.page_signup_login
        elif self.page_signup_login.should_be_signup_form(cur_language):
            del self.page_signup_login
            print(f'\nBug: {self.bid}')
            retest_table_fill(self.bid, '05', self.link)
            assert False, "Bug # 05. Opened a 'Sign up' form instead of a 'Login'"
            # pytest.fail("Bug # 05. Opened a 'Sign up' form instead of a 'Login'", False)
        elif self.page_signup_login.should_be_signup_page(cur_language):
            del self.page_signup_login
            print(f'\nBug: {self.bid}')
            retest_table_fill(self.bid, '06', self.link)
>           assert False, "Bug # 06. Opened a 'Sign up' page instead of a 'Login'"
E           AssertionError: Bug # 06. Opened a 'Sign up' page instead of a 'Login'

pages/Elements/AssertClass.py:75: AssertionError
---------------------------- Captured stdout setup -----------------------------

2024-01-26 15:23:16.055408   *** autouse fixture Chrome ***

{'width': 1280, 'height': 720}
Current test language - de
Current country of trading - gb



Current test role - NoAuth
Current login - aqa.tomelo.an@gmail.com
Current login - iT9Vgqi6d$fiZ*Z
----------------------------- Captured stdout call -----------------------------
{'width': 1280, 'height': 720}

2024-01-26 15:23:16.948249   worker_id = master

2024-01-26 15:23:16.948267   0. Allure grouping v4


2024-01-26 15:23:16.948455   START PRECONDITIONS =>

2024-01-26 15:23:18.603734   Load page https://capital.com

2024-01-26 15:23:18.603780   {'width': 1280, 'height': 720}

2024-01-26 15:23:18.605875   Set windows position at (0, 0) =>

2024-01-26 15:23:18.711464   Set resolution 1280 * 720 =>

2024-01-26 15:23:18.820168   => Resolution seted {'width': 1280, 'height': 720}

2024-01-26 15:23:23.832966   Капчи нет. Тестим дальше

2024-01-26 15:23:23.833063   Prev. Role: ?

2024-01-26 15:23:23.833075   Run preconditions: set "NoAuth" Role =>
2024-01-26 15:23:24.545253   Load page https://capital.com

2024-01-26 15:23:24.815523   => All cookies are deleted
2024-01-26 15:23:25.602381   Load page https://capital.com

2024-01-26 15:23:25.602594   Step 'Click button [Accept all cookies]'
2024-01-26 15:23:30.658246   Is Visible Button [Accept all cookies]? =>
2024-01-26 15:23:30.679314   => Button [Accept all cookies] is visible
2024-01-26 15:23:31.679438   Is clickable Button [Accept all cookies] =>
2024-01-26 15:23:31.705128   => Button [Accept all cookies] is clickable
2024-01-26 15:23:31.705167   Click Button [Accept all cookies] =>
2024-01-26 15:23:31.769023   => Button [Accept all cookies] is clicked
2024-01-26 15:23:31.769061   => Accepted All Cookies

2024-01-26 15:23:32.269417   Start Autorization

2024-01-26 15:23:32.269555   2. Act
2024-01-26 15:23:32.269572   Start Click button [Log in] =>
2024-01-26 15:23:32.281947   BUTTON_LOGIN scroll =>
2024-01-26 15:23:32.285795   Is BUTTON_LOGIN clickable? =>
2024-01-26 15:23:32.301038   => BUTTON_LOGIN is clickable
2024-01-26 15:23:32.301069   BUTTON_LOGIN click =>
2024-01-26 15:23:32.341002   => BUTTON_LOGIN is clicked!
2024-01-26 15:23:32.341092   => 'Login' form is opened
2024-01-26 15:23:32.936359   => "login" and "password" are inputted
2024-01-26 15:23:32.936400   Click [Continue] button on [Login] form =>
2024-01-26 15:23:33.004149   => [Continue] button on [Login] form is clicked
2024-01-26 15:23:35.851743   Start check that the Trading platform page is loaded and LOGO is present on it =>
2024-01-26 15:23:35.851776   Set timeout = 30
2024-01-26 15:23:35.851792   Wait until load page with special title =>
2024-01-26 15:23:35.855496   => Page with title "Trading Platform | Capital.com" is loaded
2024-01-26 15:23:35.855519   Is present LOGO on this page? =>
2024-01-26 15:23:37.178734   => LOGO is visible on this page
2024-01-26 15:23:37.178838   -> "Capital.com" logo is present on trading platform page

2024-01-26 15:23:38.382589   Start DeAuthorisation
2024-01-26 15:23:38.382709   1. BUTTON_MY_ACCOUNT is present? =>
2024-01-26 15:23:38.484158   => BUTTON_MY_ACCOUNT is present on this page
2024-01-26 15:23:39.777743   => Move to BUTTON_MY_ACCOUNT
2024-01-26 15:23:39.777785   2. BUTTON_MY_ACCOUNT is clickable? =>
2024-01-26 15:23:39.796749   => BUTTON_MY_ACCOUNT is clickable
2024-01-26 15:23:39.796779   BUTTON_MY_ACCOUNT Click =>
2024-01-26 15:23:40.618005   => User panel [My account] is opened

2024-01-26 15:23:40.618200   Start Click [Logout] button:
2024-01-26 15:23:40.618215   BUTTON_LOGOUT is present? =>
2024-01-26 15:23:40.628715   => BUTTON_LOGOUT is present
2024-01-26 15:23:40.628747   Is visible BUTTON_LOGOUT? =>
2024-01-26 15:23:40.639349   BUTTON_LOGOUT is clickable? =>
2024-01-26 15:23:40.652151   BUTTON_LOGOUT click =>
2024-01-26 15:23:40.704524   => BUTTON_LOGOUT is clicked

2024-01-26 15:23:40.704667   Current role: NoAuth

2024-01-26 15:23:40.704693   Prev language: ?

2024-01-26 15:23:40.704713   Run preconditions: set "de" language =>


2024-01-26 15:23:40.739293   => Language and Country menu is present


2024-01-26 15:23:40.754185   => Language and Country menu is visible


2024-01-26 15:23:42.531825   => Focus is moved on Language and Country menu 

2024-01-26 15:23:44.268769   => Current language: de

2024-01-26 15:23:44.268811   Prev country: ?

2024-01-26 15:23:44.268821   Run preconditions: set "gb" country =>


2024-01-26 15:23:44.274435   => Language and Country menu is present


2024-01-26 15:23:44.289889   => Language and Country menu is visible


2024-01-26 15:23:46.063717   => Focus is moved on Language and Country menu 

2024-01-26 15:23:48.173184   => Current country: gb

2024-01-26 15:23:48.173230   => THE END PRECONDITIONS

2024-01-26 15:23:48.173281   1. Arrange
2024-01-26 15:23:49.040186   Load page https://capital.com/de/trade-platinum
2024-01-26 15:23:49.040238   BUTTON_ON_HOR_BANNER is visible? =>
2024-01-26 15:23:49.088048   => BUTTON_ON_HOR_BANNER is visible on the page!
2024-01-26 15:23:49.088224   Start Checking that form [Sign up] popped up on the page =>
2024-01-26 15:23:54.621480   '[Sign up]' form was not popped up

2024-01-26 15:23:54.621722   2. Act
2024-01-26 15:23:54.621747   BUTTON_ON_HOR_BANNER is present? =>
2024-01-26 15:23:54.647879   => BUTTON_ON_HOR_BANNER is present on the page!
2024-01-26 15:23:54.647922   BUTTON_ON_HOR_BANNER scroll =>
2024-01-26 15:23:55.505153   => BUTTON_ON_HOR_BANNER clicked!

2024-01-26 15:23:55.505440   3. Assert_Login_v0
2024-01-26 15:23:55.505551   Check that 'Login' form is opened
2024-01-26 15:24:02.485194   'Login' form not opened
2024-01-26 15:24:02.490740   'Login' page not opened
2024-01-26 15:24:08.012707   'Login' form on trading platform not opened
2024-01-26 15:24:08.012879   Start step Check that [Sign up] form is opened
2024-01-26 15:24:13.563001   'Sign up' form not opened
2024-01-26 15:24:13.563178   Start method Check that [Sign up] page opened =>
2024-01-26 15:24:14.567585   'Sign up' page opened
2024-01-26 15:24:14.567617   Assert SIGNUP_SIGNUP_FRAME =>
2024-01-26 15:24:14.576129   Assert SIGNUP_REF_LOGIN =>
2024-01-26 15:24:14.593151   Assert SIGNUP_PRIVACY_POLICY_ALL_1 =>
2024-01-26 15:24:20.136653   Assert SIGNUP_PRIVACY_POLICY_ALL_2 =>
2024-01-26 15:24:20.152213   => SIGNUP_PRIVACY_POLICY_ALL
2024-01-26 15:24:20.152236   => 'Signup' page is checked

Bug: Bid:11.02.03.01_09-de.gb.NoAuth

2024-01-26 15:24:21.152459   Проверка бага в таблице ретеста  =>

2024-01-26 15:24:21.157909   4. Fixing one row check results into Google Sheet Bugs Report =>
1 cells updated.
2024-01-26 15:24:21.814226   => 4. One row check results into Google Sheet Bugs Report fixed

2024-01-26 15:24:22.378916   4. Fixing one row check results into Google Sheet Bugs Report =>
1 cells updated.
2024-01-26 15:24:22.552696   => 4. One row check results into Google Sheet Bugs Report fixed

2024-01-26 15:24:22.552770   Bug: Bid:11.02.03.01_09-de.gb.NoAuth уже существует, но тип бага изменился с 23/01/24 на 06

2024-01-26 15:24:22.553151   Bug: Bid:11.02.03.01_09-de.gb.NoAuth-06 уже существует

2024-01-26 15:24:22.553292   4. Fixing one row check results into Google Sheet Bugs Report =>
1 cells updated.
2024-01-26 15:24:22.998861   => 4. One row check results into Google Sheet Bugs Report fixed
------------------------------ Captured log call -------------------------------
2024-01-26 15:23:54 ERROR Elements not present after 0.5 seconds on page: https://capital.com/de/trade-platinum
2024-01-26 15:23:54 ERROR 
Traceback (most recent call last):
  File "/home/runner/work/SeleniumCapital/SeleniumCapital/pages/base_page.py", line 82, in inner_function
    return func(*args, **kwargs)
           ^^^^^^^^^^^^^^^^^^^^^
  File "/home/runner/work/SeleniumCapital/SeleniumCapital/pages/base_page.py", line 293, in element_is_visible
    return Wait(self.browser, timeout).until(
           ^^^^^^^^^^^^^^^^^^^^^^^^^^^^^^^^^^
  File "/home/runner/.cache/pypoetry/virtualenvs/testcapitalcompyse-cIj6ROMf-py3.11/lib/python3.11/site-packages/selenium/webdriver/support/wait.py", line 105, in until
    raise TimeoutException(message, screen, stacktrace)
selenium.common.exceptions.TimeoutException: Message: 
Stacktrace:
#0 0x5577eaa68f83 <unknown>
#1 0x5577ea721cf7 <unknown>
#2 0x5577ea77199e <unknown>
#3 0x5577ea771aa1 <unknown>
#4 0x5577ea7bcd64 <unknown>
#5 0x5577ea79b0dd <unknown>
#6 0x5577ea7ba006 <unknown>
#7 0x5577ea79ae53 <unknown>
#8 0x5577ea762dd4 <unknown>
#9 0x5577ea7641de <unknown>
#10 0x5577eaa2d531 <unknown>
#11 0x5577eaa31455 <unknown>
#12 0x5577eaa19f55 <unknown>
#13 0x5577eaa320ef <unknown>
#14 0x5577ea9fd99f <unknown>
#15 0x5577eaa56008 <unknown>
#16 0x5577eaa561d7 <unknown>
#17 0x5577eaa68124 <unknown>
#18 0x7f8e70694ac3 <unknown>

2024-01-26 15:24:02 ERROR Elements not present after 0.5 seconds on page: https://capital.com/trading/signup
2024-01-26 15:24:02 ERROR 
Traceback (most recent call last):
  File "/home/runner/work/SeleniumCapital/SeleniumCapital/pages/base_page.py", line 82, in inner_function
    return func(*args, **kwargs)
           ^^^^^^^^^^^^^^^^^^^^^
  File "/home/runner/work/SeleniumCapital/SeleniumCapital/pages/base_page.py", line 293, in element_is_visible
    return Wait(self.browser, timeout).until(
           ^^^^^^^^^^^^^^^^^^^^^^^^^^^^^^^^^^
  File "/home/runner/.cache/pypoetry/virtualenvs/testcapitalcompyse-cIj6ROMf-py3.11/lib/python3.11/site-packages/selenium/webdriver/support/wait.py", line 105, in until
    raise TimeoutException(message, screen, stacktrace)
selenium.common.exceptions.TimeoutException: Message: 
Stacktrace:
#0 0x5577eaa68f83 <unknown>
#1 0x5577ea721cf7 <unknown>
#2 0x5577ea77199e <unknown>
#3 0x5577ea771aa1 <unknown>
#4 0x5577ea7bcd64 <unknown>
#5 0x5577ea79b0dd <unknown>
#6 0x5577ea7ba006 <unknown>
#7 0x5577ea79ae53 <unknown>
#8 0x5577ea762dd4 <unknown>
#9 0x5577ea7641de <unknown>
#10 0x5577eaa2d531 <unknown>
#11 0x5577eaa31455 <unknown>
#12 0x5577eaa19f55 <unknown>
#13 0x5577eaa320ef <unknown>
#14 0x5577ea9fd99f <unknown>
#15 0x5577eaa56008 <unknown>
#16 0x5577eaa561d7 <unknown>
#17 0x5577eaa68124 <unknown>
#18 0x7f8e70694ac3 <unknown>

2024-01-26 15:24:08 ERROR Elements not present after 0.5 seconds on page: https://capital.com/trading/signup
2024-01-26 15:24:08 ERROR 
Traceback (most recent call last):
  File "/home/runner/work/SeleniumCapital/SeleniumCapital/pages/base_page.py", line 82, in inner_function
    return func(*args, **kwargs)
           ^^^^^^^^^^^^^^^^^^^^^
  File "/home/runner/work/SeleniumCapital/SeleniumCapital/pages/base_page.py", line 293, in element_is_visible
    return Wait(self.browser, timeout).until(
           ^^^^^^^^^^^^^^^^^^^^^^^^^^^^^^^^^^
  File "/home/runner/.cache/pypoetry/virtualenvs/testcapitalcompyse-cIj6ROMf-py3.11/lib/python3.11/site-packages/selenium/webdriver/support/wait.py", line 105, in until
    raise TimeoutException(message, screen, stacktrace)
selenium.common.exceptions.TimeoutException: Message: 
Stacktrace:
#0 0x5577eaa68f83 <unknown>
#1 0x5577ea721cf7 <unknown>
#2 0x5577ea77199e <unknown>
#3 0x5577ea771aa1 <unknown>
#4 0x5577ea7bcd64 <unknown>
#5 0x5577ea79b0dd <unknown>
#6 0x5577ea7ba006 <unknown>
#7 0x5577ea79ae53 <unknown>
#8 0x5577ea762dd4 <unknown>
#9 0x5577ea7641de <unknown>
#10 0x5577eaa2d531 <unknown>
#11 0x5577eaa31455 <unknown>
#12 0x5577eaa19f55 <unknown>
#13 0x5577eaa320ef <unknown>
#14 0x5577ea9fd99f <unknown>
#15 0x5577eaa56008 <unknown>
#16 0x5577eaa561d7 <unknown>
#17 0x5577eaa68124 <unknown>
#18 0x7f8e70694ac3 <unknown>

2024-01-26 15:24:13 ERROR Elements not present after 0.5 seconds on page: https://capital.com/trading/signup
2024-01-26 15:24:13 ERROR 
Traceback (most recent call last):
  File "/home/runner/work/SeleniumCapital/SeleniumCapital/pages/base_page.py", line 82, in inner_function
    return func(*args, **kwargs)
           ^^^^^^^^^^^^^^^^^^^^^
  File "/home/runner/work/SeleniumCapital/SeleniumCapital/pages/base_page.py", line 293, in element_is_visible
    return Wait(self.browser, timeout).until(
           ^^^^^^^^^^^^^^^^^^^^^^^^^^^^^^^^^^
  File "/home/runner/.cache/pypoetry/virtualenvs/testcapitalcompyse-cIj6ROMf-py3.11/lib/python3.11/site-packages/selenium/webdriver/support/wait.py", line 105, in until
    raise TimeoutException(message, screen, stacktrace)
selenium.common.exceptions.TimeoutException: Message: 
Stacktrace:
#0 0x5577eaa68f83 <unknown>
#1 0x5577ea721cf7 <unknown>
#2 0x5577ea77199e <unknown>
#3 0x5577ea771aa1 <unknown>
#4 0x5577ea7bcd64 <unknown>
#5 0x5577ea79b0dd <unknown>
#6 0x5577ea7ba006 <unknown>
#7 0x5577ea79ae53 <unknown>
#8 0x5577ea762dd4 <unknown>
#9 0x5577ea7641de <unknown>
#10 0x5577eaa2d531 <unknown>
#11 0x5577eaa31455 <unknown>
#12 0x5577eaa19f55 <unknown>
#13 0x5577eaa320ef <unknown>
#14 0x5577ea9fd99f <unknown>
#15 0x5577eaa56008 <unknown>
#16 0x5577eaa561d7 <unknown>
#17 0x5577eaa68124 <unknown>
#18 0x7f8e70694ac3 <unknown>

2024-01-26 15:24:20 ERROR Elements not present after 0.5 seconds on page: https://capital.com/trading/signup
2024-01-26 15:24:20 ERROR 
Traceback (most recent call last):
  File "/home/runner/work/SeleniumCapital/SeleniumCapital/pages/base_page.py", line 82, in inner_function
    return func(*args, **kwargs)
           ^^^^^^^^^^^^^^^^^^^^^
  File "/home/runner/work/SeleniumCapital/SeleniumCapital/pages/base_page.py", line 293, in element_is_visible
    return Wait(self.browser, timeout).until(
           ^^^^^^^^^^^^^^^^^^^^^^^^^^^^^^^^^^
  File "/home/runner/.cache/pypoetry/virtualenvs/testcapitalcompyse-cIj6ROMf-py3.11/lib/python3.11/site-packages/selenium/webdriver/support/wait.py", line 105, in until
    raise TimeoutException(message, screen, stacktrace)
selenium.common.exceptions.TimeoutException: Message: 
Stacktrace:
#0 0x5577eaa68f83 <unknown>
#1 0x5577ea721cf7 <unknown>
#2 0x5577ea77199e <unknown>
#3 0x5577ea771aa1 <unknown>
#4 0x5577ea7bcd64 <unknown>
#5 0x5577ea79b0dd <unknown>
#6 0x5577ea7ba006 <unknown>
#7 0x5577ea79ae53 <unknown>
#8 0x5577ea762dd4 <unknown>
#9 0x5577ea7641de <unknown>
#10 0x5577eaa2d531 <unknown>
#11 0x5577eaa31455 <unknown>
#12 0x5577eaa19f55 <unknown>
#13 0x5577eaa320ef <unknown>
#14 0x5577ea9fd99f <unknown>
#15 0x5577eaa56008 <unknown>
#16 0x5577eaa561d7 <unknown>
#17 0x5577eaa68124 <unknown>
#18 0x7f8e70694ac3 <unknown>
--------------------------- Captured stdout teardown ---------------------------

2024-01-26 15:24:23.522443   *** end fixture Browser = teardown ***

=============================== warnings summary ===============================
tests/US_11_Education/US_11-02-03_Commodities_trading/us_11-02-03-01_Commodities_trading_test.py::TestCommoditiesTrading::test_09_block_hor_banner_button[https://capital.com/de/trade-platinum-Chrome--ae-NoAuth-aqa.tomelo.an@gmail.com-iT9Vgqi6d$fiZ*Z]
  /home/runner/.cache/pypoetry/virtualenvs/testcapitalcompyse-cIj6ROMf-py3.11/lib/python3.11/site-packages/pytest_html/plugin.py:133: DeprecationWarning: The 'report.extra' attribute is deprecated and will be removed in a future release, use 'report.extras' instead.
    warnings.warn(

-- Docs: https://docs.pytest.org/en/stable/how-to/capture-warnings.html
- Generated html report: file:///home/runner/work/SeleniumCapital/SeleniumCapital/report/report.html -
=========================== short test summary info ============================
FAILED tests/US_11_Education/US_11-02-03_Commodities_trading/us_11-02-03-01_Commodities_trading_test.py::TestCommoditiesTrading::test_09_block_hor_banner_button[https://capital.com/de/trade-platinum-Chrome--ae-NoAuth-aqa.tomelo.an@gmail.com-iT9Vgqi6d$fiZ*Z] - AssertionError: Bug # 06. Opened a 'Sign up' page instead of a 'Login'
============ 1 failed, 9 deselected, 1 warning in 67.61s (0:01:07) =============

2024-01-26 15:24:23.601355   => Текущий тест: 1 failed

2024-01-26 15:24:23.602848   => 3. check_results finished

2024-01-26 15:24:23.602995   4. Fixing one row check results into Google Sheet Bugs Report =>
1 cells updated.
2024-01-26 15:24:23.777083   => 4. One row check results into Google Sheet Bugs Report fixed
