


2024-01-26 15:10:41.470236   0. Get Values row =>
2024-01-26 15:10:41.470264   Row # = 465
2024-01-26 15:10:41.470274   Row Values = 
['Bid:11.03.07.00_02-de.gb.NoAuth', 'Ubuntu 22.04', 'Chrome', '11.03.07.00', '_02', 'de', 'gb', 'FCA', 'NoAuth', '', 'Education', 'What is a margin?', 'Click Main banner > Button [Try demo]', 'Click Main banner > Button [Try demo]', '', '05', "Bug # 05. Opened a 'Sign up' form instead of a 'Login'", '', '', '', '23/01/24', 'failed']

2024-01-26 15:10:41.470358   1. Run pretest =>

2024-01-26 15:10:41.470371   row_loc = 
['Bid:11.03.07.00_02-de.gb.NoAuth', 'Ubuntu 22.04', 'Chrome', '11.03.07.00', '_02', 'de', 'gb', 'FCA', 'NoAuth', '', 'Education', 'What is a margin?', 'Click Main banner > Button [Try demo]', 'Click Main banner > Button [Try demo]', '', '05', "Bug # 05. Opened a 'Sign up' form instead of a 'Login'", '', '', '', '23/01/24', 'failed']

2024-01-26 15:10:41.470386   => 1. Pretest finished

2024-01-26 15:10:41.470451   2. Run run_pytest with Bid = Bid:11.03.07.00_02-de.gb.NoAuth from row =>

2024-01-26 15:10:41.470464   2.2. Run poetry run pytest ... in subprocess =>

2024-01-26 15:10:41.470476   Run command: 
poetry run pytest --retest=True --browser_name=Chrome --lang=de --country=gb --role=NoAuth -m test_02 -v \tests/US_11_Education/US_11-03-07_What_is_a_margin/US_11-03-07_What_is_a_margin_test.py

2024-01-26 15:11:32.696511   => 2.2. pytest ... as subprocess finished

2024-01-26 15:11:32.696556   => 2. Autotest with Bid = Bid:11.03.07.00_02-de.gb.NoAuth from row finished

2024-01-26 15:11:32.696621   3. Run check_results =>
2024-01-26 15:11:32.696642   test_results: 
============================= test session starts ==============================
platform linux -- Python 3.11.7, pytest-7.4.4, pluggy-1.3.0 -- /home/runner/.cache/pypoetry/virtualenvs/testcapitalcompyse-cIj6ROMf-py3.11/bin/python
cachedir: .pytest_cache
metadata: {'Python': '3.11.7', 'Platform': 'Linux-6.2.0-1018-azure-x86_64-with-glibc2.35', 'Packages': {'pytest': '7.4.4', 'pluggy': '1.3.0'}, 'Plugins': {'metadata': '3.0.0', 'timeout': '2.2.0', 'html': '4.1.1', 'xdist': '3.5.0', 'allure-pytest': '2.13.2'}, 'CI': 'true', 'JAVA_HOME': '/usr/lib/jvm/temurin-11-jdk-amd64'}
rootdir: /home/runner/work/SeleniumCapital/SeleniumCapital
configfile: pytest.ini
plugins: metadata-3.0.0, timeout-2.2.0, html-4.1.1, xdist-3.5.0, allure-pytest-2.13.2
collecting ... collected 6 items / 5 deselected / 1 selected

tests/US_11_Education/US_11-03-07_What_is_a_margin/US_11-03-07_What_is_a_margin_test.py::TestWhatIsMargin::test_02_main_banner_try_demo_button[Chrome--ae-NoAuth-aqa.tomelo.an@gmail.com-iT9Vgqi6d$fiZ*Z] FAILED [100%]

=================================== FAILURES ===================================
_ TestWhatIsMargin.test_02_main_banner_try_demo_button[Chrome--ae-NoAuth-aqa.tomelo.an@gmail.com-iT9Vgqi6d$fiZ*Z] _

self = <US_11-03-07_What_is_a_margin_test.TestWhatIsMargin object at 0x7fa85ba1bc90>
worker_id = 'master'
d = <selenium.webdriver.chrome.webdriver.WebDriver (session="7b8ff1fcae7ea488f6e25efb6c10538d")>
cur_language = 'de', cur_country = 'gb', cur_role = 'NoAuth'
cur_login = 'aqa.tomelo.an@gmail.com', cur_password = 'iT9Vgqi6d$fiZ*Z'

    @allure.step("Start test of button [Try demo] on Main banner")
    @pytest.mark.test_02
    def test_02_main_banner_try_demo_button(
            self, worker_id, d, cur_language, cur_country, cur_role, cur_login, cur_password):
        """
        Check: Button [Try demo] on Main banner
        Language: All. License: All.
        """
        bid = build_dynamic_arg_v4(
            d, worker_id, cur_language, cur_country, cur_role,
            "11.03.07", "Education > Menu item [What is a margin?]",
            ".00_02", "Testing button [Try demo] on Main banner")
    
        Common().skip_if_eng_lang_and_fca_license(cur_language, cur_country)
    
        link = self.us_link.get_us_link(d, cur_language, cur_country, cur_role, cur_login, cur_password)
    
        test_element = MainBannerTryDemo(d, link)
        test_element.arrange_(d, link)
    
        if not test_element.element_click():
            pytest.fail("Testing element is not clicked")
    
        test_element = AssertClass(d, link, bid)
        match cur_role:
            case "NoReg":
                test_element.assert_signup(d, cur_language, link)
            case "NoAuth":
>               test_element.assert_login(d, cur_language, link)

tests/US_11_Education/US_11-03-07_What_is_a_margin/US_11-03-07_What_is_a_margin_test.py:102: 
_ _ _ _ _ _ _ _ _ _ _ _ _ _ _ _ _ _ _ _ _ _ _ _ _ _ _ _ _ _ _ _ _ _ _ _ _ _ _ _ 

self = <pages.Elements.AssertClass.AssertClass object at 0x7fa85ba1b8d0>
d = <selenium.webdriver.chrome.webdriver.WebDriver (session="7b8ff1fcae7ea488f6e25efb6c10538d")>
cur_language = 'de', cur_link = 'https://capital.com/de/margin-trading'

    @allure.step('Checking that "Login" form or page opened')
    def assert_login(self, d, cur_language, cur_link):
        """Method Assert Login form or page"""
        print(f"\n{datetime.now()}   3. Assert_Login_v0")
        self.page_signup_login = SignupLogin(d, cur_link)
        if self.page_signup_login.should_be_login_form():
            self.page_signup_login.close_login_form()
            del self.page_signup_login
        elif self.page_signup_login.should_be_login_page():
            self.page_signup_login.close_login_page()
            del self.page_signup_login
        elif self.page_signup_login.should_be_trading_platform_login_form(cur_language):
            self.page_signup_login.close_trading_platform_login_form()
            del self.page_signup_login
        elif self.page_signup_login.should_be_signup_form(cur_language):
            del self.page_signup_login
            print(f'\nBug: {self.bid}')
            retest_table_fill(self.bid, '05', self.link)
>           assert False, "Bug # 05. Opened a 'Sign up' form instead of a 'Login'"
E           AssertionError: Bug # 05. Opened a 'Sign up' form instead of a 'Login'

pages/Elements/AssertClass.py:69: AssertionError
---------------------------- Captured stdout setup -----------------------------

2024-01-26 15:10:42.358928   *** autouse fixture Chrome ***

{'width': 1280, 'height': 720}
Current test language - de
Current country of trading - gb



Current test role - NoAuth
Current login - aqa.tomelo.an@gmail.com
Current login - iT9Vgqi6d$fiZ*Z
----------------------------- Captured stdout call -----------------------------
{'width': 1280, 'height': 720}

2024-01-26 15:10:43.570649   worker_id = master

2024-01-26 15:10:43.570666   0. Allure grouping v4


2024-01-26 15:10:43.570857   START PRECONDITIONS =>

2024-01-26 15:10:45.174299   Load page https://capital.com

2024-01-26 15:10:45.174347   {'width': 1280, 'height': 720}

2024-01-26 15:10:45.179898   Set windows position at (0, 0) =>

2024-01-26 15:10:45.287318   Set resolution 1280 * 720 =>

2024-01-26 15:10:45.396769   => Resolution seted {'width': 1280, 'height': 720}

2024-01-26 15:10:50.410838   Капчи нет. Тестим дальше

2024-01-26 15:10:50.410928   Prev. Role: ?

2024-01-26 15:10:50.410940   Run preconditions: set "NoAuth" Role =>
2024-01-26 15:10:51.197121   Load page https://capital.com

2024-01-26 15:10:51.394607   => All cookies are deleted
2024-01-26 15:10:52.328452   Load page https://capital.com

2024-01-26 15:10:52.328653   Step 'Click button [Accept all cookies]'
2024-01-26 15:10:57.337900   Is Visible Button [Accept all cookies]? =>
2024-01-26 15:10:57.362436   => Button [Accept all cookies] is visible
2024-01-26 15:10:58.362558   Is clickable Button [Accept all cookies] =>
2024-01-26 15:10:58.393785   => Button [Accept all cookies] is clickable
2024-01-26 15:10:58.393817   Click Button [Accept all cookies] =>
2024-01-26 15:10:58.485057   => Button [Accept all cookies] is clicked
2024-01-26 15:10:58.485108   => Accepted All Cookies

2024-01-26 15:10:58.985495   Start Autorization

2024-01-26 15:10:58.985679   2. Act
2024-01-26 15:10:58.985708   Start Click button [Log in] =>
2024-01-26 15:10:58.996444   BUTTON_LOGIN scroll =>
2024-01-26 15:10:59.001206   Is BUTTON_LOGIN clickable? =>
2024-01-26 15:10:59.015899   => BUTTON_LOGIN is clickable
2024-01-26 15:10:59.015936   BUTTON_LOGIN click =>
2024-01-26 15:10:59.061961   => BUTTON_LOGIN is clicked!
2024-01-26 15:10:59.062045   => 'Login' form is opened
2024-01-26 15:10:59.788935   => "login" and "password" are inputted
2024-01-26 15:10:59.788985   Click [Continue] button on [Login] form =>
2024-01-26 15:10:59.889174   => [Continue] button on [Login] form is clicked
2024-01-26 15:11:02.382016   Start check that the Trading platform page is loaded and LOGO is present on it =>
2024-01-26 15:11:02.382047   Set timeout = 30
2024-01-26 15:11:02.382062   Wait until load page with special title =>
2024-01-26 15:11:02.384544   => Page with title "Trading Platform | Capital.com" is loaded
2024-01-26 15:11:02.384563   Is present LOGO on this page? =>
2024-01-26 15:11:03.818497   => LOGO is visible on this page
2024-01-26 15:11:03.818578   -> "Capital.com" logo is present on trading platform page

2024-01-26 15:11:04.977802   Start DeAuthorisation
2024-01-26 15:11:04.977937   1. BUTTON_MY_ACCOUNT is present? =>
2024-01-26 15:11:05.044860   => BUTTON_MY_ACCOUNT is present on this page
2024-01-26 15:11:06.325422   => Move to BUTTON_MY_ACCOUNT
2024-01-26 15:11:06.325465   2. BUTTON_MY_ACCOUNT is clickable? =>
2024-01-26 15:11:06.345983   => BUTTON_MY_ACCOUNT is clickable
2024-01-26 15:11:06.346026   BUTTON_MY_ACCOUNT Click =>
2024-01-26 15:11:07.208824   => User panel [My account] is opened

2024-01-26 15:11:07.209065   Start Click [Logout] button:
2024-01-26 15:11:07.209084   BUTTON_LOGOUT is present? =>
2024-01-26 15:11:07.218336   => BUTTON_LOGOUT is present
2024-01-26 15:11:07.218382   Is visible BUTTON_LOGOUT? =>
2024-01-26 15:11:07.234934   BUTTON_LOGOUT is clickable? =>
2024-01-26 15:11:07.252044   BUTTON_LOGOUT click =>
2024-01-26 15:11:07.314717   => BUTTON_LOGOUT is clicked

2024-01-26 15:11:07.314830   Current role: NoAuth

2024-01-26 15:11:07.314843   Prev language: ?

2024-01-26 15:11:07.314851   Run preconditions: set "de" language =>


2024-01-26 15:11:07.346535   => Language and Country menu is present


2024-01-26 15:11:07.364426   => Language and Country menu is visible


2024-01-26 15:11:09.143856   => Focus is moved on Language and Country menu 

2024-01-26 15:11:10.743708   => Current language: de

2024-01-26 15:11:10.743747   Prev country: ?

2024-01-26 15:11:10.743757   Run preconditions: set "gb" country =>


2024-01-26 15:11:10.770901   => Language and Country menu is present


2024-01-26 15:11:10.796323   => Language and Country menu is visible


2024-01-26 15:11:12.576295   => Focus is moved on Language and Country menu 

2024-01-26 15:11:14.770578   => Current country: gb

2024-01-26 15:11:14.770618   => THE END PRECONDITIONS
2024-01-26 15:11:15.305773   => Education menu is present
2024-01-26 15:11:15.331008   => Education menu is visible
2024-01-26 15:11:16.607798   => Education menu focus moved


2024-01-26 15:11:19.265903   => 'What is a margin?' menu click

2024-01-26 15:11:19.269771   1. Arrange_v0
2024-01-26 15:11:19.276108   BUTTON_TRY_DEMO is visible? =>
2024-01-26 15:11:19.309173   => BUTTON_TRY_DEMO is visible on the page!

2024-01-26 15:11:19.309339   2. Act_v0
2024-01-26 15:11:19.309352   BUTTON_TRY_DEMO is present? =>
2024-01-26 15:11:19.316752   => BUTTON_TRY_DEMO is present on the page!
2024-01-26 15:11:19.316773   BUTTON_TRY_DEMO scroll =>
2024-01-26 15:11:19.380024   => BUTTON_TRY_DEMO clicked!

2024-01-26 15:11:19.380247   3. Assert_Login_v0
2024-01-26 15:11:19.380329   Check that 'Login' form is opened
2024-01-26 15:11:24.909416   'Login' form not opened
2024-01-26 15:11:24.912230   'Login' page not opened
2024-01-26 15:11:30.469706   'Login' form on trading platform not opened
2024-01-26 15:11:30.469885   Start step Check that [Sign up] form is opened
2024-01-26 15:11:30.496986   'Sign up' form opened
2024-01-26 15:11:30.497021   Assert SIGNUP_HEADER =>
2024-01-26 15:11:30.511927   Assert SIGNUP_REF_LOGIN =>
2024-01-26 15:11:30.526095   Assert SIGNUP_PRIVACY_POLICY_ALL_2 =>
2024-01-26 15:11:30.542897   => SIGNUP_PRIVACY_POLICY_ALL
2024-01-26 15:11:30.542933   => 'Signup' form is checked

Bug: Bid:11.03.07.00_02-de.gb.NoAuth

2024-01-26 15:11:30.542997   Проверка бага в таблице ретеста  =>

2024-01-26 15:11:30.550653   4. Fixing one row check results into Google Sheet Bugs Report =>
1 cells updated.
2024-01-26 15:11:30.941067   => 4. One row check results into Google Sheet Bugs Report fixed

2024-01-26 15:11:31.495352   4. Fixing one row check results into Google Sheet Bugs Report =>
1 cells updated.
2024-01-26 15:11:31.822084   => 4. One row check results into Google Sheet Bugs Report fixed

2024-01-26 15:11:31.822175   Bug: Bid:11.03.07.00_02-de.gb.NoAuth уже существует, но тип бага изменился с 23/01/24 на 05

2024-01-26 15:11:31.822793   Bug: Bid:11.03.07.00_02-de.gb.NoAuth-05 уже существует

2024-01-26 15:11:31.822982   4. Fixing one row check results into Google Sheet Bugs Report =>
1 cells updated.
2024-01-26 15:11:32.290500   => 4. One row check results into Google Sheet Bugs Report fixed
------------------------------ Captured log call -------------------------------
2024-01-26 15:11:24 ERROR Elements not present after 0.5 seconds on page: https://capital.com/de/margin-trading
2024-01-26 15:11:24 ERROR 
Traceback (most recent call last):
  File "/home/runner/work/SeleniumCapital/SeleniumCapital/pages/base_page.py", line 82, in inner_function
    return func(*args, **kwargs)
           ^^^^^^^^^^^^^^^^^^^^^
  File "/home/runner/work/SeleniumCapital/SeleniumCapital/pages/base_page.py", line 293, in element_is_visible
    return Wait(self.browser, timeout).until(
           ^^^^^^^^^^^^^^^^^^^^^^^^^^^^^^^^^^
  File "/home/runner/.cache/pypoetry/virtualenvs/testcapitalcompyse-cIj6ROMf-py3.11/lib/python3.11/site-packages/selenium/webdriver/support/wait.py", line 105, in until
    raise TimeoutException(message, screen, stacktrace)
selenium.common.exceptions.TimeoutException: Message: 
Stacktrace:
#0 0x55ad3ddabf83 <unknown>
#1 0x55ad3da64cf7 <unknown>
#2 0x55ad3dab499e <unknown>
#3 0x55ad3dab4aa1 <unknown>
#4 0x55ad3daffd64 <unknown>
#5 0x55ad3dade0dd <unknown>
#6 0x55ad3dafd006 <unknown>
#7 0x55ad3dadde53 <unknown>
#8 0x55ad3daa5dd4 <unknown>
#9 0x55ad3daa71de <unknown>
#10 0x55ad3dd70531 <unknown>
#11 0x55ad3dd74455 <unknown>
#12 0x55ad3dd5cf55 <unknown>
#13 0x55ad3dd750ef <unknown>
#14 0x55ad3dd4099f <unknown>
#15 0x55ad3dd99008 <unknown>
#16 0x55ad3dd991d7 <unknown>
#17 0x55ad3ddab124 <unknown>
#18 0x7f9ee2e94ac3 <unknown>

2024-01-26 15:11:30 ERROR Elements not present after 0.5 seconds on page: https://capital.com/de/margin-trading
2024-01-26 15:11:30 ERROR 
Traceback (most recent call last):
  File "/home/runner/work/SeleniumCapital/SeleniumCapital/pages/base_page.py", line 82, in inner_function
    return func(*args, **kwargs)
           ^^^^^^^^^^^^^^^^^^^^^
  File "/home/runner/work/SeleniumCapital/SeleniumCapital/pages/base_page.py", line 293, in element_is_visible
    return Wait(self.browser, timeout).until(
           ^^^^^^^^^^^^^^^^^^^^^^^^^^^^^^^^^^
  File "/home/runner/.cache/pypoetry/virtualenvs/testcapitalcompyse-cIj6ROMf-py3.11/lib/python3.11/site-packages/selenium/webdriver/support/wait.py", line 105, in until
    raise TimeoutException(message, screen, stacktrace)
selenium.common.exceptions.TimeoutException: Message: 
Stacktrace:
#0 0x55ad3ddabf83 <unknown>
#1 0x55ad3da64cf7 <unknown>
#2 0x55ad3dab499e <unknown>
#3 0x55ad3dab4aa1 <unknown>
#4 0x55ad3daffd64 <unknown>
#5 0x55ad3dade0dd <unknown>
#6 0x55ad3dafd006 <unknown>
#7 0x55ad3dadde53 <unknown>
#8 0x55ad3daa5dd4 <unknown>
#9 0x55ad3daa71de <unknown>
#10 0x55ad3dd70531 <unknown>
#11 0x55ad3dd74455 <unknown>
#12 0x55ad3dd5cf55 <unknown>
#13 0x55ad3dd750ef <unknown>
#14 0x55ad3dd4099f <unknown>
#15 0x55ad3dd99008 <unknown>
#16 0x55ad3dd991d7 <unknown>
#17 0x55ad3ddab124 <unknown>
#18 0x7f9ee2e94ac3 <unknown>
--------------------------- Captured stdout teardown ---------------------------

2024-01-26 15:11:32.610152   *** end fixture Browser = teardown ***

=============================== warnings summary ===============================
tests/US_11_Education/US_11-03-07_What_is_a_margin/US_11-03-07_What_is_a_margin_test.py::TestWhatIsMargin::test_02_main_banner_try_demo_button[Chrome--ae-NoAuth-aqa.tomelo.an@gmail.com-iT9Vgqi6d$fiZ*Z]
  /home/runner/.cache/pypoetry/virtualenvs/testcapitalcompyse-cIj6ROMf-py3.11/lib/python3.11/site-packages/pytest_html/plugin.py:133: DeprecationWarning: The 'report.extra' attribute is deprecated and will be removed in a future release, use 'report.extras' instead.
    warnings.warn(

-- Docs: https://docs.pytest.org/en/stable/how-to/capture-warnings.html
- Generated html report: file:///home/runner/work/SeleniumCapital/SeleniumCapital/report/report.html -
=========================== short test summary info ============================
FAILED tests/US_11_Education/US_11-03-07_What_is_a_margin/US_11-03-07_What_is_a_margin_test.py::TestWhatIsMargin::test_02_main_banner_try_demo_button[Chrome--ae-NoAuth-aqa.tomelo.an@gmail.com-iT9Vgqi6d$fiZ*Z] - AssertionError: Bug # 05. Opened a 'Sign up' form instead of a 'Login'
================= 1 failed, 5 deselected, 1 warning in 50.41s ==================

2024-01-26 15:11:32.697131   => Текущий тест: 1 failed

2024-01-26 15:11:32.698355   => 3. check_results finished

2024-01-26 15:11:32.698498   4. Fixing one row check results into Google Sheet Bugs Report =>
1 cells updated.
2024-01-26 15:11:32.880230   => 4. One row check results into Google Sheet Bugs Report fixed
