2024-01-26 15:22:01 ERROR Elements not present after 0.5 seconds on page: https://capital.com/es/trade-forex
2024-01-26 15:22:01 ERROR 
Traceback (most recent call last):
  File "/home/runner/work/SeleniumCapital/SeleniumCapital/pages/base_page.py", line 82, in inner_function
    return func(*args, **kwargs)
           ^^^^^^^^^^^^^^^^^^^^^
  File "/home/runner/work/SeleniumCapital/SeleniumCapital/pages/base_page.py", line 293, in element_is_visible
    return Wait(self.browser, timeout).until(
           ^^^^^^^^^^^^^^^^^^^^^^^^^^^^^^^^^^
  File "/home/runner/.cache/pypoetry/virtualenvs/testcapitalcompyse-cIj6ROMf-py3.11/lib/python3.11/site-packages/selenium/webdriver/support/wait.py", line 105, in until
    raise TimeoutException(message, screen, stacktrace)
selenium.common.exceptions.TimeoutException: Message: 
Stacktrace:
#0 0x55fffa276f83 <unknown>
#1 0x55fff9f2fcf7 <unknown>
#2 0x55fff9f7f99e <unknown>
#3 0x55fff9f7faa1 <unknown>
#4 0x55fff9fcad64 <unknown>
#5 0x55fff9fa90dd <unknown>
#6 0x55fff9fc8006 <unknown>
#7 0x55fff9fa8e53 <unknown>
#8 0x55fff9f70dd4 <unknown>
#9 0x55fff9f721de <unknown>
#10 0x55fffa23b531 <unknown>
#11 0x55fffa23f455 <unknown>
#12 0x55fffa227f55 <unknown>
#13 0x55fffa2400ef <unknown>
#14 0x55fffa20b99f <unknown>
#15 0x55fffa264008 <unknown>
#16 0x55fffa2641d7 <unknown>
#17 0x55fffa276124 <unknown>
#18 0x7f20ed494ac3 <unknown>

2024-01-26 15:22:07 ERROR Elements not present after 0.5 seconds on page: https://capital.com/es/trade-forex
2024-01-26 15:22:07 ERROR 
Traceback (most recent call last):
  File "/home/runner/work/SeleniumCapital/SeleniumCapital/pages/base_page.py", line 82, in inner_function
    return func(*args, **kwargs)
           ^^^^^^^^^^^^^^^^^^^^^
  File "/home/runner/work/SeleniumCapital/SeleniumCapital/pages/base_page.py", line 293, in element_is_visible
    return Wait(self.browser, timeout).until(
           ^^^^^^^^^^^^^^^^^^^^^^^^^^^^^^^^^^
  File "/home/runner/.cache/pypoetry/virtualenvs/testcapitalcompyse-cIj6ROMf-py3.11/lib/python3.11/site-packages/selenium/webdriver/support/wait.py", line 105, in until
    raise TimeoutException(message, screen, stacktrace)
selenium.common.exceptions.TimeoutException: Message: 
Stacktrace:
#0 0x55fffa276f83 <unknown>
#1 0x55fff9f2fcf7 <unknown>
#2 0x55fff9f7f99e <unknown>
#3 0x55fff9f7faa1 <unknown>
#4 0x55fff9fcad64 <unknown>
#5 0x55fff9fa90dd <unknown>
#6 0x55fff9fc8006 <unknown>
#7 0x55fff9fa8e53 <unknown>
#8 0x55fff9f70dd4 <unknown>
#9 0x55fff9f721de <unknown>
#10 0x55fffa23b531 <unknown>
#11 0x55fffa23f455 <unknown>
#12 0x55fffa227f55 <unknown>
#13 0x55fffa2400ef <unknown>
#14 0x55fffa20b99f <unknown>
#15 0x55fffa264008 <unknown>
#16 0x55fffa2641d7 <unknown>
#17 0x55fffa276124 <unknown>
#18 0x7f20ed494ac3 <unknown>