


2024-01-26 15:58:02.333901   0. Get Values row =>
2024-01-26 15:58:02.333929   Row # = 1361
2024-01-26 15:58:02.333939   Row Values = 
['Bid:11.03.01.01_02-es.gb.NoAuth', 'Ubuntu 22.04', 'Chrome', '11.03.01.01', '_02', 'es', 'gb', 'FCA', 'NoAuth', 'https://capital.com/es/swing-trading', 'Education', 'Trading strategies guide L1', 'Click Main banner > Button [Try demo]', 'Click Main banner > Button [Try demo]', '', '05', "Bug # 05. Opened a 'Sign up' form instead of a 'Login'", '', '', '', '15/01/24', 'failed']

2024-01-26 15:58:02.334024   1. Run pretest =>

2024-01-26 15:58:02.334037   row_loc = 
['Bid:11.03.01.01_02-es.gb.NoAuth', 'Ubuntu 22.04', 'Chrome', '11.03.01.01', '_02', 'es', 'gb', 'FCA', 'NoAuth', 'https://capital.com/es/swing-trading', 'Education', 'Trading strategies guide L1', 'Click Main banner > Button [Try demo]', 'Click Main banner > Button [Try demo]', '', '05', "Bug # 05. Opened a 'Sign up' form instead of a 'Login'", '', '', '', '15/01/24', 'failed']

2024-01-26 15:58:02.334052   => 1. Pretest finished

2024-01-26 15:58:02.334117   2. Run run_pytest with Bid = Bid:11.03.01.01_02-es.gb.NoAuth from row =>

2024-01-26 15:58:02.334129   2.2. Run poetry run pytest ... in subprocess =>

2024-01-26 15:58:02.334141   Run command: 
poetry run pytest --retest=True --browser_name=Chrome --lang=es --country=gb --role=NoAuth --tpi_link=https://capital.com/es/swing-trading -m test_02 -v \tests/US_11_Education/US_11-03-01_trading_strategies_guide/US_11-03-01-01_trading_strategies_guide_test.py

2024-01-26 15:58:49.801937   => 2.2. pytest ... as subprocess finished

2024-01-26 15:58:49.801982   => 2. Autotest with Bid = Bid:11.03.01.01_02-es.gb.NoAuth from row finished

2024-01-26 15:58:49.802048   3. Run check_results =>
2024-01-26 15:58:49.802075   test_results: 
============================= test session starts ==============================
platform linux -- Python 3.11.7, pytest-7.4.4, pluggy-1.3.0 -- /home/runner/.cache/pypoetry/virtualenvs/testcapitalcompyse-cIj6ROMf-py3.11/bin/python
cachedir: .pytest_cache
metadata: {'Python': '3.11.7', 'Platform': 'Linux-6.2.0-1018-azure-x86_64-with-glibc2.35', 'Packages': {'pytest': '7.4.4', 'pluggy': '1.3.0'}, 'Plugins': {'metadata': '3.0.0', 'timeout': '2.2.0', 'html': '4.1.1', 'xdist': '3.5.0', 'allure-pytest': '2.13.2'}, 'CI': 'true', 'JAVA_HOME': '/usr/lib/jvm/temurin-11-jdk-amd64'}
rootdir: /home/runner/work/SeleniumCapital/SeleniumCapital
configfile: pytest.ini
plugins: metadata-3.0.0, timeout-2.2.0, html-4.1.1, xdist-3.5.0, allure-pytest-2.13.2
collecting ... collected 10 items / 9 deselected / 1 selected

tests/US_11_Education/US_11-03-01_trading_strategies_guide/US_11-03-01-01_trading_strategies_guide_test.py::TestTradingStrategiesGuides::test_02_main_banner_try_demo_button[https://capital.com/es/swing-trading-Chrome--ae-NoAuth-aqa.tomelo.an@gmail.com-iT9Vgqi6d$fiZ*Z] FAILED [100%]

=================================== FAILURES ===================================
_ TestTradingStrategiesGuides.test_02_main_banner_try_demo_button[https://capital.com/es/swing-trading-Chrome--ae-NoAuth-aqa.tomelo.an@gmail.com-iT9Vgqi6d$fiZ*Z] _

self = <US_11-03-01-01_trading_strategies_guide_test.TestTradingStrategiesGuides object at 0x7ff78ce2e110>
worker_id = 'master'
d = <selenium.webdriver.chrome.webdriver.WebDriver (session="bd2f028afe24f58c010955499e6b0d6f")>
cur_language = 'es', cur_country = 'gb', cur_role = 'NoAuth'
cur_login = 'aqa.tomelo.an@gmail.com', cur_password = 'iT9Vgqi6d$fiZ*Z'
cur_item_link = 'https://capital.com/es/swing-trading'

    @allure.step("Start test_11.03.01.01_02 of button [Try demo] on Main banner")
    @pytest.mark.test_02
    def test_02_main_banner_try_demo_button(
            self, worker_id, d, cur_language, cur_country, cur_role, cur_login, cur_password, cur_item_link):
        """
        Check: Button [Try demo] on Main banner
        Language: All. License: All.
        """
        bid = build_dynamic_arg_v4(
            d, worker_id, cur_language, cur_country, cur_role,
            "11.03.01", "Education > Menu item [Trading Strategies Guides]",
            ".01_02", "Testing button [Try demo] on Main banner")
    
        Common().check_language_in_list_and_skip_if_not_present(cur_language, ["", "de", "es", "it", "ru", "zh"])
    
        page_conditions = Conditions(d, "")
        page_conditions.preconditions(
            d, CapitalComPageSrc.URL, "", cur_language, cur_country, cur_role, cur_login, cur_password)
    
        test_element = MainBannerTryDemo(d, cur_item_link, bid)
>       test_element.full_test_with_tpi(d, cur_language, cur_country, cur_role, cur_item_link)

tests/US_11_Education/US_11-03-01_trading_strategies_guide/US_11-03-01-01_trading_strategies_guide_test.py:76: 
_ _ _ _ _ _ _ _ _ _ _ _ _ _ _ _ _ _ _ _ _ _ _ _ _ _ _ _ _ _ _ _ _ _ _ _ _ _ _ _ 
pages/Elements/ButtonTryDemoMainBanner.py:28: in full_test_with_tpi
    test_element.assert_login(d, cur_language, cur_item_link)
_ _ _ _ _ _ _ _ _ _ _ _ _ _ _ _ _ _ _ _ _ _ _ _ _ _ _ _ _ _ _ _ _ _ _ _ _ _ _ _ 

self = <pages.Elements.AssertClass.AssertClass object at 0x7ff78d545790>
d = <selenium.webdriver.chrome.webdriver.WebDriver (session="bd2f028afe24f58c010955499e6b0d6f")>
cur_language = 'es', cur_link = 'https://capital.com/es/swing-trading'

    @allure.step('Checking that "Login" form or page opened')
    def assert_login(self, d, cur_language, cur_link):
        """Method Assert Login form or page"""
        print(f"\n{datetime.now()}   3. Assert_Login_v0")
        self.page_signup_login = SignupLogin(d, cur_link)
        if self.page_signup_login.should_be_login_form():
            self.page_signup_login.close_login_form()
            del self.page_signup_login
        elif self.page_signup_login.should_be_login_page():
            self.page_signup_login.close_login_page()
            del self.page_signup_login
        elif self.page_signup_login.should_be_trading_platform_login_form(cur_language):
            self.page_signup_login.close_trading_platform_login_form()
            del self.page_signup_login
        elif self.page_signup_login.should_be_signup_form(cur_language):
            del self.page_signup_login
            print(f'\nBug: {self.bid}')
            retest_table_fill(self.bid, '05', self.link)
>           assert False, "Bug # 05. Opened a 'Sign up' form instead of a 'Login'"
E           AssertionError: Bug # 05. Opened a 'Sign up' form instead of a 'Login'

pages/Elements/AssertClass.py:69: AssertionError
---------------------------- Captured stdout setup -----------------------------

2024-01-26 15:58:03.136662   *** autouse fixture Chrome ***

{'width': 1280, 'height': 720}
Current test language - es
Current country of trading - gb



Current test role - NoAuth
Current login - aqa.tomelo.an@gmail.com
Current login - iT9Vgqi6d$fiZ*Z
----------------------------- Captured stdout call -----------------------------
{'width': 1280, 'height': 720}

2024-01-26 15:58:04.023128   worker_id = master

2024-01-26 15:58:04.023145   0. Allure grouping v4


2024-01-26 15:58:04.023342   START PRECONDITIONS =>

2024-01-26 15:58:05.502458   Load page https://capital.com

2024-01-26 15:58:05.502518   {'width': 1280, 'height': 720}

2024-01-26 15:58:05.504392   Set windows position at (0, 0) =>

2024-01-26 15:58:05.610748   Set resolution 1280 * 720 =>

2024-01-26 15:58:05.716249   => Resolution seted {'width': 1280, 'height': 720}

2024-01-26 15:58:10.721306   Капчи нет. Тестим дальше

2024-01-26 15:58:10.721395   Prev. Role: ?

2024-01-26 15:58:10.721407   Run preconditions: set "NoAuth" Role =>
2024-01-26 15:58:11.359722   Load page https://capital.com

2024-01-26 15:58:11.595576   => All cookies are deleted
2024-01-26 15:58:12.406915   Load page https://capital.com

2024-01-26 15:58:12.407140   Step 'Click button [Accept all cookies]'
2024-01-26 15:58:17.424999   Is Visible Button [Accept all cookies]? =>
2024-01-26 15:58:17.475170   => Button [Accept all cookies] is visible
2024-01-26 15:58:18.475300   Is clickable Button [Accept all cookies] =>
2024-01-26 15:58:18.499965   => Button [Accept all cookies] is clickable
2024-01-26 15:58:18.500004   Click Button [Accept all cookies] =>
2024-01-26 15:58:18.562307   => Button [Accept all cookies] is clicked
2024-01-26 15:58:18.562350   => Accepted All Cookies

2024-01-26 15:58:19.062688   Start Autorization

2024-01-26 15:58:19.062790   2. Act
2024-01-26 15:58:19.062804   Start Click button [Log in] =>
2024-01-26 15:58:19.072733   BUTTON_LOGIN scroll =>
2024-01-26 15:58:19.079646   Is BUTTON_LOGIN clickable? =>
2024-01-26 15:58:19.091439   => BUTTON_LOGIN is clickable
2024-01-26 15:58:19.091475   BUTTON_LOGIN click =>
2024-01-26 15:58:19.134593   => BUTTON_LOGIN is clicked!
2024-01-26 15:58:19.134678   => 'Login' form is opened
2024-01-26 15:58:19.863136   => "login" and "password" are inputted
2024-01-26 15:58:19.863178   Click [Continue] button on [Login] form =>
2024-01-26 15:58:19.957310   => [Continue] button on [Login] form is clicked
2024-01-26 15:58:22.532542   Start check that the Trading platform page is loaded and LOGO is present on it =>
2024-01-26 15:58:22.532571   Set timeout = 30
2024-01-26 15:58:22.532585   Wait until load page with special title =>
2024-01-26 15:58:22.535352   => Page with title "Trading Platform | Capital.com" is loaded
2024-01-26 15:58:22.535373   Is present LOGO on this page? =>
2024-01-26 15:58:24.131296   => LOGO is visible on this page
2024-01-26 15:58:24.131384   -> "Capital.com" logo is present on trading platform page

2024-01-26 15:58:25.631336   Start DeAuthorisation
2024-01-26 15:58:25.631444   1. BUTTON_MY_ACCOUNT is present? =>
2024-01-26 15:58:25.640506   => BUTTON_MY_ACCOUNT is present on this page
2024-01-26 15:58:26.946234   => Move to BUTTON_MY_ACCOUNT
2024-01-26 15:58:26.946288   2. BUTTON_MY_ACCOUNT is clickable? =>
2024-01-26 15:58:26.964629   => BUTTON_MY_ACCOUNT is clickable
2024-01-26 15:58:26.964662   BUTTON_MY_ACCOUNT Click =>
2024-01-26 15:58:27.795865   => User panel [My account] is opened

2024-01-26 15:58:27.796065   Start Click [Logout] button:
2024-01-26 15:58:27.796080   BUTTON_LOGOUT is present? =>
2024-01-26 15:58:27.803386   => BUTTON_LOGOUT is present
2024-01-26 15:58:27.803408   Is visible BUTTON_LOGOUT? =>
2024-01-26 15:58:27.817519   BUTTON_LOGOUT is clickable? =>
2024-01-26 15:58:27.834022   BUTTON_LOGOUT click =>
2024-01-26 15:58:27.889740   => BUTTON_LOGOUT is clicked

2024-01-26 15:58:27.889873   Current role: NoAuth

2024-01-26 15:58:27.889890   Prev language: ?

2024-01-26 15:58:27.889902   Run preconditions: set "es" language =>


2024-01-26 15:58:27.916741   => Language and Country menu is present


2024-01-26 15:58:27.941944   => Language and Country menu is visible


2024-01-26 15:58:29.712303   => Focus is moved on Language and Country menu 

2024-01-26 15:58:31.617525   => Current language: es

2024-01-26 15:58:31.617565   Prev country: ?

2024-01-26 15:58:31.617574   Run preconditions: set "gb" country =>


2024-01-26 15:58:31.624370   => Language and Country menu is present


2024-01-26 15:58:31.640630   => Language and Country menu is visible


2024-01-26 15:58:33.413208   => Focus is moved on Language and Country menu 

2024-01-26 15:58:35.986521   => Current country: gb

2024-01-26 15:58:35.986556   => THE END PRECONDITIONS

2024-01-26 15:58:35.986589   1. Arrange_v0
2024-01-26 15:58:36.684229   Load page https://capital.com/es/swing-trading
2024-01-26 15:58:36.684269   BUTTON_TRY_DEMO is visible? =>
2024-01-26 15:58:36.704167   => BUTTON_TRY_DEMO is visible on the page!

2024-01-26 15:58:36.704362   2. Act_v0
2024-01-26 15:58:36.704384   BUTTON_TRY_DEMO is present? =>
2024-01-26 15:58:36.795998   => BUTTON_TRY_DEMO is present on the page!
2024-01-26 15:58:36.796042   BUTTON_TRY_DEMO scroll =>
2024-01-26 15:58:36.873398   => BUTTON_TRY_DEMO clicked!

2024-01-26 15:58:36.873601   3. Assert_Login_v0
2024-01-26 15:58:36.873711   Check that 'Login' form is opened
2024-01-26 15:58:42.402255   'Login' form not opened
2024-01-26 15:58:42.404902   'Login' page not opened
2024-01-26 15:58:47.968732   'Login' form on trading platform not opened
2024-01-26 15:58:47.968903   Start step Check that [Sign up] form is opened
2024-01-26 15:58:47.987135   'Sign up' form opened
2024-01-26 15:58:47.987167   Assert SIGNUP_HEADER =>
2024-01-26 15:58:48.001855   Assert SIGNUP_REF_LOGIN =>
2024-01-26 15:58:48.016339   Assert SIGNUP_PRIVACY_POLICY_ALL_2 =>
2024-01-26 15:58:48.031113   => SIGNUP_PRIVACY_POLICY_ALL
2024-01-26 15:58:48.031153   => 'Signup' form is checked

Bug: Bid:11.03.01.01_02-es.gb.NoAuth

2024-01-26 15:58:48.031234   Проверка бага в таблице ретеста  =>

2024-01-26 15:58:48.037869   4. Fixing one row check results into Google Sheet Bugs Report =>
1 cells updated.
2024-01-26 15:58:48.470023   => 4. One row check results into Google Sheet Bugs Report fixed

2024-01-26 15:58:48.897490   4. Fixing one row check results into Google Sheet Bugs Report =>
1 cells updated.
2024-01-26 15:58:49.071933   => 4. One row check results into Google Sheet Bugs Report fixed

2024-01-26 15:58:49.071998   Bug: Bid:11.03.01.01_02-es.gb.NoAuth уже существует, но тип бага изменился с 15/01/24 на 05

2024-01-26 15:58:49.072409   Bug: Bid:11.03.01.01_02-es.gb.NoAuth-05 уже существует

2024-01-26 15:58:49.072546   4. Fixing one row check results into Google Sheet Bugs Report =>
1 cells updated.
2024-01-26 15:58:49.407736   => 4. One row check results into Google Sheet Bugs Report fixed
------------------------------ Captured log call -------------------------------
2024-01-26 15:58:42 ERROR Elements not present after 0.5 seconds on page: https://capital.com/es/swing-trading
2024-01-26 15:58:42 ERROR 
Traceback (most recent call last):
  File "/home/runner/work/SeleniumCapital/SeleniumCapital/pages/base_page.py", line 82, in inner_function
    return func(*args, **kwargs)
           ^^^^^^^^^^^^^^^^^^^^^
  File "/home/runner/work/SeleniumCapital/SeleniumCapital/pages/base_page.py", line 293, in element_is_visible
    return Wait(self.browser, timeout).until(
           ^^^^^^^^^^^^^^^^^^^^^^^^^^^^^^^^^^
  File "/home/runner/.cache/pypoetry/virtualenvs/testcapitalcompyse-cIj6ROMf-py3.11/lib/python3.11/site-packages/selenium/webdriver/support/wait.py", line 105, in until
    raise TimeoutException(message, screen, stacktrace)
selenium.common.exceptions.TimeoutException: Message: 
Stacktrace:
#0 0x56113e5c1f83 <unknown>
#1 0x56113e27acf7 <unknown>
#2 0x56113e2ca99e <unknown>
#3 0x56113e2caaa1 <unknown>
#4 0x56113e315d64 <unknown>
#5 0x56113e2f40dd <unknown>
#6 0x56113e313006 <unknown>
#7 0x56113e2f3e53 <unknown>
#8 0x56113e2bbdd4 <unknown>
#9 0x56113e2bd1de <unknown>
#10 0x56113e586531 <unknown>
#11 0x56113e58a455 <unknown>
#12 0x56113e572f55 <unknown>
#13 0x56113e58b0ef <unknown>
#14 0x56113e55699f <unknown>
#15 0x56113e5af008 <unknown>
#16 0x56113e5af1d7 <unknown>
#17 0x56113e5c1124 <unknown>
#18 0x7f8556094ac3 <unknown>

2024-01-26 15:58:47 ERROR Elements not present after 0.5 seconds on page: https://capital.com/es/swing-trading
2024-01-26 15:58:47 ERROR 
Traceback (most recent call last):
  File "/home/runner/work/SeleniumCapital/SeleniumCapital/pages/base_page.py", line 82, in inner_function
    return func(*args, **kwargs)
           ^^^^^^^^^^^^^^^^^^^^^
  File "/home/runner/work/SeleniumCapital/SeleniumCapital/pages/base_page.py", line 293, in element_is_visible
    return Wait(self.browser, timeout).until(
           ^^^^^^^^^^^^^^^^^^^^^^^^^^^^^^^^^^
  File "/home/runner/.cache/pypoetry/virtualenvs/testcapitalcompyse-cIj6ROMf-py3.11/lib/python3.11/site-packages/selenium/webdriver/support/wait.py", line 105, in until
    raise TimeoutException(message, screen, stacktrace)
selenium.common.exceptions.TimeoutException: Message: 
Stacktrace:
#0 0x56113e5c1f83 <unknown>
#1 0x56113e27acf7 <unknown>
#2 0x56113e2ca99e <unknown>
#3 0x56113e2caaa1 <unknown>
#4 0x56113e315d64 <unknown>
#5 0x56113e2f40dd <unknown>
#6 0x56113e313006 <unknown>
#7 0x56113e2f3e53 <unknown>
#8 0x56113e2bbdd4 <unknown>
#9 0x56113e2bd1de <unknown>
#10 0x56113e586531 <unknown>
#11 0x56113e58a455 <unknown>
#12 0x56113e572f55 <unknown>
#13 0x56113e58b0ef <unknown>
#14 0x56113e55699f <unknown>
#15 0x56113e5af008 <unknown>
#16 0x56113e5af1d7 <unknown>
#17 0x56113e5c1124 <unknown>
#18 0x7f8556094ac3 <unknown>
--------------------------- Captured stdout teardown ---------------------------

2024-01-26 15:58:49.722577   *** end fixture Browser = teardown ***

=============================== warnings summary ===============================
tests/US_11_Education/US_11-03-01_trading_strategies_guide/US_11-03-01-01_trading_strategies_guide_test.py::TestTradingStrategiesGuides::test_02_main_banner_try_demo_button[https://capital.com/es/swing-trading-Chrome--ae-NoAuth-aqa.tomelo.an@gmail.com-iT9Vgqi6d$fiZ*Z]
  /home/runner/.cache/pypoetry/virtualenvs/testcapitalcompyse-cIj6ROMf-py3.11/lib/python3.11/site-packages/pytest_html/plugin.py:133: DeprecationWarning: The 'report.extra' attribute is deprecated and will be removed in a future release, use 'report.extras' instead.
    warnings.warn(

-- Docs: https://docs.pytest.org/en/stable/how-to/capture-warnings.html
- Generated html report: file:///home/runner/work/SeleniumCapital/SeleniumCapital/report/report.html -
=========================== short test summary info ============================
FAILED tests/US_11_Education/US_11-03-01_trading_strategies_guide/US_11-03-01-01_trading_strategies_guide_test.py::TestTradingStrategiesGuides::test_02_main_banner_try_demo_button[https://capital.com/es/swing-trading-Chrome--ae-NoAuth-aqa.tomelo.an@gmail.com-iT9Vgqi6d$fiZ*Z] - AssertionError: Bug # 05. Opened a 'Sign up' form instead of a 'Login'
================= 1 failed, 9 deselected, 1 warning in 46.74s ==================

2024-01-26 15:58:49.802489   => Текущий тест: 1 failed

2024-01-26 15:58:49.803464   => 3. check_results finished

2024-01-26 15:58:49.803604   4. Fixing one row check results into Google Sheet Bugs Report =>
1 cells updated.
2024-01-26 15:58:50.000631   => 4. One row check results into Google Sheet Bugs Report fixed
