2024-01-26 15:12:15 ERROR Elements not present after 0.5 seconds on page: https://capital.com/de/margin-trading
2024-01-26 15:12:15 ERROR 
Traceback (most recent call last):
  File "/home/runner/work/SeleniumCapital/SeleniumCapital/pages/base_page.py", line 82, in inner_function
    return func(*args, **kwargs)
           ^^^^^^^^^^^^^^^^^^^^^
  File "/home/runner/work/SeleniumCapital/SeleniumCapital/pages/base_page.py", line 293, in element_is_visible
    return Wait(self.browser, timeout).until(
           ^^^^^^^^^^^^^^^^^^^^^^^^^^^^^^^^^^
  File "/home/runner/.cache/pypoetry/virtualenvs/testcapitalcompyse-cIj6ROMf-py3.11/lib/python3.11/site-packages/selenium/webdriver/support/wait.py", line 105, in until
    raise TimeoutException(message, screen, stacktrace)
selenium.common.exceptions.TimeoutException: Message: 
Stacktrace:
#0 0x5570e16f1f83 <unknown>
#1 0x5570e13aacf7 <unknown>
#2 0x5570e13fa99e <unknown>
#3 0x5570e13faaa1 <unknown>
#4 0x5570e1445d64 <unknown>
#5 0x5570e14240dd <unknown>
#6 0x5570e1443006 <unknown>
#7 0x5570e1423e53 <unknown>
#8 0x5570e13ebdd4 <unknown>
#9 0x5570e13ed1de <unknown>
#10 0x5570e16b6531 <unknown>
#11 0x5570e16ba455 <unknown>
#12 0x5570e16a2f55 <unknown>
#13 0x5570e16bb0ef <unknown>
#14 0x5570e168699f <unknown>
#15 0x5570e16df008 <unknown>
#16 0x5570e16df1d7 <unknown>
#17 0x5570e16f1124 <unknown>
#18 0x7f2ae8894ac3 <unknown>

2024-01-26 15:12:20 ERROR Elements not present after 0.5 seconds on page: https://capital.com/de/margin-trading
2024-01-26 15:12:20 ERROR 
Traceback (most recent call last):
  File "/home/runner/work/SeleniumCapital/SeleniumCapital/pages/base_page.py", line 82, in inner_function
    return func(*args, **kwargs)
           ^^^^^^^^^^^^^^^^^^^^^
  File "/home/runner/work/SeleniumCapital/SeleniumCapital/pages/base_page.py", line 293, in element_is_visible
    return Wait(self.browser, timeout).until(
           ^^^^^^^^^^^^^^^^^^^^^^^^^^^^^^^^^^
  File "/home/runner/.cache/pypoetry/virtualenvs/testcapitalcompyse-cIj6ROMf-py3.11/lib/python3.11/site-packages/selenium/webdriver/support/wait.py", line 105, in until
    raise TimeoutException(message, screen, stacktrace)
selenium.common.exceptions.TimeoutException: Message: 
Stacktrace:
#0 0x5570e16f1f83 <unknown>
#1 0x5570e13aacf7 <unknown>
#2 0x5570e13fa99e <unknown>
#3 0x5570e13faaa1 <unknown>
#4 0x5570e1445d64 <unknown>
#5 0x5570e14240dd <unknown>
#6 0x5570e1443006 <unknown>
#7 0x5570e1423e53 <unknown>
#8 0x5570e13ebdd4 <unknown>
#9 0x5570e13ed1de <unknown>
#10 0x5570e16b6531 <unknown>
#11 0x5570e16ba455 <unknown>
#12 0x5570e16a2f55 <unknown>
#13 0x5570e16bb0ef <unknown>
#14 0x5570e168699f <unknown>
#15 0x5570e16df008 <unknown>
#16 0x5570e16df1d7 <unknown>
#17 0x5570e16f1124 <unknown>
#18 0x7f2ae8894ac3 <unknown>