2024-01-26 15:55:07 ERROR Elements not present after 0.5 seconds on page: https://capital.com/it/negozia-petrolio-brent
2024-01-26 15:55:07 ERROR 
Traceback (most recent call last):
  File "/home/runner/work/SeleniumCapital/SeleniumCapital/pages/base_page.py", line 82, in inner_function
    return func(*args, **kwargs)
           ^^^^^^^^^^^^^^^^^^^^^
  File "/home/runner/work/SeleniumCapital/SeleniumCapital/pages/base_page.py", line 293, in element_is_visible
    return Wait(self.browser, timeout).until(
           ^^^^^^^^^^^^^^^^^^^^^^^^^^^^^^^^^^
  File "/home/runner/.cache/pypoetry/virtualenvs/testcapitalcompyse-cIj6ROMf-py3.11/lib/python3.11/site-packages/selenium/webdriver/support/wait.py", line 105, in until
    raise TimeoutException(message, screen, stacktrace)
selenium.common.exceptions.TimeoutException: Message: 
Stacktrace:
#0 0x55a717e12f83 <unknown>
#1 0x55a717acbcf7 <unknown>
#2 0x55a717b1b99e <unknown>
#3 0x55a717b1baa1 <unknown>
#4 0x55a717b66d64 <unknown>
#5 0x55a717b450dd <unknown>
#6 0x55a717b64006 <unknown>
#7 0x55a717b44e53 <unknown>
#8 0x55a717b0cdd4 <unknown>
#9 0x55a717b0e1de <unknown>
#10 0x55a717dd7531 <unknown>
#11 0x55a717ddb455 <unknown>
#12 0x55a717dc3f55 <unknown>
#13 0x55a717ddc0ef <unknown>
#14 0x55a717da799f <unknown>
#15 0x55a717e00008 <unknown>
#16 0x55a717e001d7 <unknown>
#17 0x55a717e12124 <unknown>
#18 0x7efdc7894ac3 <unknown>

2024-01-26 15:55:29 ERROR Elements not present after 0.5 seconds on page: https://capital.com/trading/platform/
2024-01-26 15:55:29 ERROR 
Traceback (most recent call last):
  File "/home/runner/work/SeleniumCapital/SeleniumCapital/pages/base_page.py", line 82, in inner_function
    return func(*args, **kwargs)
           ^^^^^^^^^^^^^^^^^^^^^
  File "/home/runner/work/SeleniumCapital/SeleniumCapital/pages/base_page.py", line 293, in element_is_visible
    return Wait(self.browser, timeout).until(
           ^^^^^^^^^^^^^^^^^^^^^^^^^^^^^^^^^^
  File "/home/runner/.cache/pypoetry/virtualenvs/testcapitalcompyse-cIj6ROMf-py3.11/lib/python3.11/site-packages/selenium/webdriver/support/wait.py", line 105, in until
    raise TimeoutException(message, screen, stacktrace)
selenium.common.exceptions.TimeoutException: Message: 
Stacktrace:
#0 0x55a717e12f83 <unknown>
#1 0x55a717acbcf7 <unknown>
#2 0x55a717b1b99e <unknown>
#3 0x55a717b1baa1 <unknown>
#4 0x55a717b66d64 <unknown>
#5 0x55a717b450dd <unknown>
#6 0x55a717b64006 <unknown>
#7 0x55a717b44e53 <unknown>
#8 0x55a717b0cdd4 <unknown>
#9 0x55a717b0e1de <unknown>
#10 0x55a717dd7531 <unknown>
#11 0x55a717ddb455 <unknown>
#12 0x55a717dc3f55 <unknown>
#13 0x55a717ddc0ef <unknown>
#14 0x55a717da799f <unknown>
#15 0x55a717e00008 <unknown>
#16 0x55a717e001d7 <unknown>
#17 0x55a717e12124 <unknown>
#18 0x7efdc7894ac3 <unknown>