


2024-01-26 15:35:45.648355   0. Get Values row =>
2024-01-26 15:35:45.648384   Row # = 972
2024-01-26 15:35:45.648394   Row Values = 
['Bid:11.02.04.01_01-en.gb.NoAuth', 'Ubuntu 22.04', 'Chrome', '11.02.04.01', '_01', 'en', 'gb', 'FCA', 'NoAuth', 'https://capital.com/trade-eurchf', 'Education', 'Forex trading L1', 'On Main banner click Button [Start Trading]', 'On Main banner click Button [Start Trading]', '', '05', "Bug # 05. Opened a 'Sign up' form instead of a 'Login'", '', '', '', '19/01/24', 'failed']

2024-01-26 15:35:45.648480   1. Run pretest =>

2024-01-26 15:35:45.648492   row_loc = 
['Bid:11.02.04.01_01-en.gb.NoAuth', 'Ubuntu 22.04', 'Chrome', '11.02.04.01', '_01', 'en', 'gb', 'FCA', 'NoAuth', 'https://capital.com/trade-eurchf', 'Education', 'Forex trading L1', 'On Main banner click Button [Start Trading]', 'On Main banner click Button [Start Trading]', '', '05', "Bug # 05. Opened a 'Sign up' form instead of a 'Login'", '', '', '', '19/01/24', 'failed']

2024-01-26 15:35:45.648507   => 1. Pretest finished

2024-01-26 15:35:45.648572   2. Run run_pytest with Bid = Bid:11.02.04.01_01-en.gb.NoAuth from row =>

2024-01-26 15:35:45.648584   2.2. Run poetry run pytest ... in subprocess =>

2024-01-26 15:35:45.648596   Run command: 
poetry run pytest --retest=True --browser_name=Chrome --lang= --country=gb --role=NoAuth --tpi_link=https://capital.com/trade-eurchf -m test_01 -v \tests/US_11_Education/US_11-02-04_Forex_trading/US_11-02-04-01_Forex_trading_test.py

2024-01-26 15:36:36.214332   => 2.2. pytest ... as subprocess finished

2024-01-26 15:36:36.214378   => 2. Autotest with Bid = Bid:11.02.04.01_01-en.gb.NoAuth from row finished

2024-01-26 15:36:36.214447   3. Run check_results =>
2024-01-26 15:36:36.214468   test_results: 
============================= test session starts ==============================
platform linux -- Python 3.11.7, pytest-7.4.4, pluggy-1.3.0 -- /home/runner/.cache/pypoetry/virtualenvs/testcapitalcompyse-cIj6ROMf-py3.11/bin/python
cachedir: .pytest_cache
metadata: {'Python': '3.11.7', 'Platform': 'Linux-6.2.0-1018-azure-x86_64-with-glibc2.35', 'Packages': {'pytest': '7.4.4', 'pluggy': '1.3.0'}, 'Plugins': {'metadata': '3.0.0', 'timeout': '2.2.0', 'html': '4.1.1', 'xdist': '3.5.0', 'allure-pytest': '2.13.2'}, 'CI': 'true', 'JAVA_HOME': '/usr/lib/jvm/temurin-11-jdk-amd64'}
rootdir: /home/runner/work/SeleniumCapital/SeleniumCapital
configfile: pytest.ini
plugins: metadata-3.0.0, timeout-2.2.0, html-4.1.1, xdist-3.5.0, allure-pytest-2.13.2
collecting ... collected 8 items / 7 deselected / 1 selected

tests/US_11_Education/US_11-02-04_Forex_trading/US_11-02-04-01_Forex_trading_test.py::TestForexTradingItemPage::test_01_main_banner_start_trading_button[https://capital.com/trade-eurchf-Chrome--ae-NoAuth-aqa.tomelo.an@gmail.com-iT9Vgqi6d$fiZ*Z] FAILED [100%]

=================================== FAILURES ===================================
_ TestForexTradingItemPage.test_01_main_banner_start_trading_button[https://capital.com/trade-eurchf-Chrome--ae-NoAuth-aqa.tomelo.an@gmail.com-iT9Vgqi6d$fiZ*Z] _

self = <US_11-02-04-01_Forex_trading_test.TestForexTradingItemPage object at 0x7f3796efd890>
worker_id = 'master'
d = <selenium.webdriver.chrome.webdriver.WebDriver (session="b3d820080af49db276cdacfebbc56296")>
cur_language = '', cur_country = 'gb', cur_role = 'NoAuth'
cur_login = 'aqa.tomelo.an@gmail.com', cur_password = 'iT9Vgqi6d$fiZ*Z'
cur_item_link = 'https://capital.com/trade-eurchf'

    @allure.step("Start test of button [Start trading] on Main banner")
    @pytest.mark.test_01
    def test_01_main_banner_start_trading_button(
            self, worker_id, d, cur_language, cur_country, cur_role, cur_login, cur_password, cur_item_link):
        """
        Check: Button [Start Trading] on Main banner
        Language: All. License: All.
        """
        bid = build_dynamic_arg_v4(
            d, worker_id, cur_language, cur_country, cur_role,
            "11.02.04", "Education > Menu item [Forex trading]",
            ".01_01", "Testing button [Start Trading] on Main banner")
    
        Common().check_language_in_list_and_skip_if_not_present(
            cur_language, ["", "de", "es", "fr", "it", "cn", "ru"])
    
        page_conditions = Conditions(d, "")
        page_conditions.preconditions(
            d, CapitalComPageSrc.URL, "", cur_language, cur_country, cur_role, cur_login, cur_password)
    
        test_element = MainBannerStartTrading(d, cur_item_link, bid)
>       test_element.full_test_with_tpi(d, cur_language, cur_country, cur_role, cur_item_link)

tests/US_11_Education/US_11-02-04_Forex_trading/US_11-02-04-01_Forex_trading_test.py:67: 
_ _ _ _ _ _ _ _ _ _ _ _ _ _ _ _ _ _ _ _ _ _ _ _ _ _ _ _ _ _ _ _ _ _ _ _ _ _ _ _ 
pages/Elements/ButtonStartTradingMainBanner.py:28: in full_test_with_tpi
    test_element.assert_login(d, cur_language, cur_item_link)
_ _ _ _ _ _ _ _ _ _ _ _ _ _ _ _ _ _ _ _ _ _ _ _ _ _ _ _ _ _ _ _ _ _ _ _ _ _ _ _ 

self = <pages.Elements.AssertClass.AssertClass object at 0x7f3796c710d0>
d = <selenium.webdriver.chrome.webdriver.WebDriver (session="b3d820080af49db276cdacfebbc56296")>
cur_language = '', cur_link = 'https://capital.com/trade-eurchf'

    @allure.step('Checking that "Login" form or page opened')
    def assert_login(self, d, cur_language, cur_link):
        """Method Assert Login form or page"""
        print(f"\n{datetime.now()}   3. Assert_Login_v0")
        self.page_signup_login = SignupLogin(d, cur_link)
        if self.page_signup_login.should_be_login_form():
            self.page_signup_login.close_login_form()
            del self.page_signup_login
        elif self.page_signup_login.should_be_login_page():
            self.page_signup_login.close_login_page()
            del self.page_signup_login
        elif self.page_signup_login.should_be_trading_platform_login_form(cur_language):
            self.page_signup_login.close_trading_platform_login_form()
            del self.page_signup_login
        elif self.page_signup_login.should_be_signup_form(cur_language):
            del self.page_signup_login
            print(f'\nBug: {self.bid}')
            retest_table_fill(self.bid, '05', self.link)
>           assert False, "Bug # 05. Opened a 'Sign up' form instead of a 'Login'"
E           AssertionError: Bug # 05. Opened a 'Sign up' form instead of a 'Login'

pages/Elements/AssertClass.py:69: AssertionError
---------------------------- Captured stdout setup -----------------------------

2024-01-26 15:35:46.500269   *** autouse fixture Chrome ***

{'width': 1280, 'height': 720}
Current test language - 
Current country of trading - gb



Current test role - NoAuth
Current login - aqa.tomelo.an@gmail.com
Current login - iT9Vgqi6d$fiZ*Z
----------------------------- Captured stdout call -----------------------------
{'width': 1280, 'height': 720}

2024-01-26 15:35:47.417063   worker_id = master

2024-01-26 15:35:47.417081   0. Allure grouping v4


2024-01-26 15:35:47.417267   START PRECONDITIONS =>

2024-01-26 15:35:48.890830   Load page https://capital.com

2024-01-26 15:35:48.890878   {'width': 1280, 'height': 720}

2024-01-26 15:35:48.893387   Set windows position at (0, 0) =>

2024-01-26 15:35:49.001404   Set resolution 1280 * 720 =>

2024-01-26 15:35:49.107404   => Resolution seted {'width': 1280, 'height': 720}

2024-01-26 15:35:54.125171   Капчи нет. Тестим дальше

2024-01-26 15:35:54.125295   Prev. Role: ?

2024-01-26 15:35:54.125319   Run preconditions: set "NoAuth" Role =>
2024-01-26 15:35:54.937220   Load page https://capital.com

2024-01-26 15:35:55.162508   => All cookies are deleted
2024-01-26 15:35:56.038657   Load page https://capital.com

2024-01-26 15:35:56.038851   Step 'Click button [Accept all cookies]'
2024-01-26 15:36:01.067886   Is Visible Button [Accept all cookies]? =>
2024-01-26 15:36:01.090655   => Button [Accept all cookies] is visible
2024-01-26 15:36:02.090781   Is clickable Button [Accept all cookies] =>
2024-01-26 15:36:02.118124   => Button [Accept all cookies] is clickable
2024-01-26 15:36:02.118164   Click Button [Accept all cookies] =>
2024-01-26 15:36:02.174943   => Button [Accept all cookies] is clicked
2024-01-26 15:36:02.174985   => Accepted All Cookies

2024-01-26 15:36:02.675439   Start Autorization

2024-01-26 15:36:02.675581   2. Act
2024-01-26 15:36:02.675603   Start Click button [Log in] =>
2024-01-26 15:36:02.693010   BUTTON_LOGIN scroll =>
2024-01-26 15:36:02.704382   Is BUTTON_LOGIN clickable? =>
2024-01-26 15:36:02.724119   => BUTTON_LOGIN is clickable
2024-01-26 15:36:02.724169   BUTTON_LOGIN click =>
2024-01-26 15:36:02.812215   => BUTTON_LOGIN is clicked!
2024-01-26 15:36:02.812319   => 'Login' form is opened
2024-01-26 15:36:03.425521   => "login" and "password" are inputted
2024-01-26 15:36:03.425570   Click [Continue] button on [Login] form =>
2024-01-26 15:36:03.520561   => [Continue] button on [Login] form is clicked
2024-01-26 15:36:06.481933   Start check that the Trading platform page is loaded and LOGO is present on it =>
2024-01-26 15:36:06.481969   Set timeout = 30
2024-01-26 15:36:06.481984   Wait until load page with special title =>
2024-01-26 15:36:06.484856   => Page with title "Trading Platform | Capital.com" is loaded
2024-01-26 15:36:06.484877   Is present LOGO on this page? =>
2024-01-26 15:36:08.764975   => LOGO is visible on this page
2024-01-26 15:36:08.765088   -> "Capital.com" logo is present on trading platform page

2024-01-26 15:36:09.946472   Start DeAuthorisation
2024-01-26 15:36:09.946610   1. BUTTON_MY_ACCOUNT is present? =>
2024-01-26 15:36:09.970010   => BUTTON_MY_ACCOUNT is present on this page
2024-01-26 15:36:11.266729   => Move to BUTTON_MY_ACCOUNT
2024-01-26 15:36:11.266774   2. BUTTON_MY_ACCOUNT is clickable? =>
2024-01-26 15:36:11.287546   => BUTTON_MY_ACCOUNT is clickable
2024-01-26 15:36:11.287588   BUTTON_MY_ACCOUNT Click =>
2024-01-26 15:36:12.127363   => User panel [My account] is opened

2024-01-26 15:36:12.127606   Start Click [Logout] button:
2024-01-26 15:36:12.127624   BUTTON_LOGOUT is present? =>
2024-01-26 15:36:12.141796   => BUTTON_LOGOUT is present
2024-01-26 15:36:12.141846   Is visible BUTTON_LOGOUT? =>
2024-01-26 15:36:12.161013   BUTTON_LOGOUT is clickable? =>
2024-01-26 15:36:12.178124   BUTTON_LOGOUT click =>
2024-01-26 15:36:12.256841   => BUTTON_LOGOUT is clicked

2024-01-26 15:36:12.256980   Current role: NoAuth

2024-01-26 15:36:12.256997   Prev language: ?

2024-01-26 15:36:12.257012   Run preconditions: set "en" language =>


2024-01-26 15:36:12.293285   => Language and Country menu is present


2024-01-26 15:36:13.628207   => Language and Country menu is visible


2024-01-26 15:36:15.416678   => Focus is moved on Language and Country menu 

2024-01-26 15:36:17.406544   => Current language: en

2024-01-26 15:36:17.406589   Prev country: ?

2024-01-26 15:36:17.406599   Run preconditions: set "gb" country =>


2024-01-26 15:36:17.416176   => Language and Country menu is present


2024-01-26 15:36:17.427698   => Language and Country menu is visible


2024-01-26 15:36:19.198351   => Focus is moved on Language and Country menu 

2024-01-26 15:36:22.048936   => Current country: gb

2024-01-26 15:36:22.048981   => THE END PRECONDITIONS

2024-01-26 15:36:22.049017   1. Arrange_v0
2024-01-26 15:36:22.859062   Load page https://capital.com/trade-eurchf
2024-01-26 15:36:22.875364   BUTTON_START_TRADING scroll =>
2024-01-26 15:36:22.941369   BUTTON_START_TRADING is visible? =>
2024-01-26 15:36:22.960727   => BUTTON_START_TRADING is visible on the page!

2024-01-26 15:36:22.960937   2. Act_v0
2024-01-26 15:36:22.960959   Start Click button [Start Trading] =>
2024-01-26 15:36:22.973656   BUTTON_START_TRADING is clickable? =>
2024-01-26 15:36:23.008646   BUTTON_START_TRADING click =>
2024-01-26 15:36:23.090537   => BUTTON_START_TRADING clicked

2024-01-26 15:36:23.090816   3. Assert_Login_v0
2024-01-26 15:36:23.090922   Check that 'Login' form is opened
2024-01-26 15:36:28.642406   'Login' form not opened
2024-01-26 15:36:28.645303   'Login' page not opened
2024-01-26 15:36:34.179024   'Login' form on trading platform not opened
2024-01-26 15:36:34.179208   Start step Check that [Sign up] form is opened
2024-01-26 15:36:34.199009   'Sign up' form opened
2024-01-26 15:36:34.199053   Assert SIGNUP_HEADER =>
2024-01-26 15:36:34.222198   Assert SIGNUP_REF_LOGIN =>
2024-01-26 15:36:34.240391   Assert SIGNUP_PRIVACY_POLICY_ALL_2 =>
2024-01-26 15:36:34.255217   => SIGNUP_PRIVACY_POLICY_ALL
2024-01-26 15:36:34.255254   => 'Signup' form is checked

Bug: Bid:11.02.04.01_01-en.gb.NoAuth

2024-01-26 15:36:34.255319   Проверка бага в таблице ретеста  =>

2024-01-26 15:36:34.261107   4. Fixing one row check results into Google Sheet Bugs Report =>
1 cells updated.
2024-01-26 15:36:34.823321   => 4. One row check results into Google Sheet Bugs Report fixed

2024-01-26 15:36:35.217214   4. Fixing one row check results into Google Sheet Bugs Report =>
1 cells updated.
2024-01-26 15:36:35.414087   => 4. One row check results into Google Sheet Bugs Report fixed

2024-01-26 15:36:35.414183   Bug: Bid:11.02.04.01_01-en.gb.NoAuth уже существует, но тип бага изменился с 19/01/24 на 05

2024-01-26 15:36:35.414621   Bug: Bid:11.02.04.01_01-en.gb.NoAuth-05 уже существует

2024-01-26 15:36:35.414770   4. Fixing one row check results into Google Sheet Bugs Report =>
1 cells updated.
2024-01-26 15:36:35.751302   => 4. One row check results into Google Sheet Bugs Report fixed
------------------------------ Captured log call -------------------------------
2024-01-26 15:36:28 ERROR Elements not present after 0.5 seconds on page: https://capital.com/trade-eurchf
2024-01-26 15:36:28 ERROR 
Traceback (most recent call last):
  File "/home/runner/work/SeleniumCapital/SeleniumCapital/pages/base_page.py", line 82, in inner_function
    return func(*args, **kwargs)
           ^^^^^^^^^^^^^^^^^^^^^
  File "/home/runner/work/SeleniumCapital/SeleniumCapital/pages/base_page.py", line 293, in element_is_visible
    return Wait(self.browser, timeout).until(
           ^^^^^^^^^^^^^^^^^^^^^^^^^^^^^^^^^^
  File "/home/runner/.cache/pypoetry/virtualenvs/testcapitalcompyse-cIj6ROMf-py3.11/lib/python3.11/site-packages/selenium/webdriver/support/wait.py", line 105, in until
    raise TimeoutException(message, screen, stacktrace)
selenium.common.exceptions.TimeoutException: Message: 
Stacktrace:
#0 0x55b64c1b0f83 <unknown>
#1 0x55b64be69cf7 <unknown>
#2 0x55b64beb999e <unknown>
#3 0x55b64beb9aa1 <unknown>
#4 0x55b64bf04d64 <unknown>
#5 0x55b64bee30dd <unknown>
#6 0x55b64bf02006 <unknown>
#7 0x55b64bee2e53 <unknown>
#8 0x55b64beaadd4 <unknown>
#9 0x55b64beac1de <unknown>
#10 0x55b64c175531 <unknown>
#11 0x55b64c179455 <unknown>
#12 0x55b64c161f55 <unknown>
#13 0x55b64c17a0ef <unknown>
#14 0x55b64c14599f <unknown>
#15 0x55b64c19e008 <unknown>
#16 0x55b64c19e1d7 <unknown>
#17 0x55b64c1b0124 <unknown>
#18 0x7ff8ebc94ac3 <unknown>

2024-01-26 15:36:34 ERROR Elements not present after 0.5 seconds on page: https://capital.com/trade-eurchf
2024-01-26 15:36:34 ERROR 
Traceback (most recent call last):
  File "/home/runner/work/SeleniumCapital/SeleniumCapital/pages/base_page.py", line 82, in inner_function
    return func(*args, **kwargs)
           ^^^^^^^^^^^^^^^^^^^^^
  File "/home/runner/work/SeleniumCapital/SeleniumCapital/pages/base_page.py", line 293, in element_is_visible
    return Wait(self.browser, timeout).until(
           ^^^^^^^^^^^^^^^^^^^^^^^^^^^^^^^^^^
  File "/home/runner/.cache/pypoetry/virtualenvs/testcapitalcompyse-cIj6ROMf-py3.11/lib/python3.11/site-packages/selenium/webdriver/support/wait.py", line 105, in until
    raise TimeoutException(message, screen, stacktrace)
selenium.common.exceptions.TimeoutException: Message: 
Stacktrace:
#0 0x55b64c1b0f83 <unknown>
#1 0x55b64be69cf7 <unknown>
#2 0x55b64beb999e <unknown>
#3 0x55b64beb9aa1 <unknown>
#4 0x55b64bf04d64 <unknown>
#5 0x55b64bee30dd <unknown>
#6 0x55b64bf02006 <unknown>
#7 0x55b64bee2e53 <unknown>
#8 0x55b64beaadd4 <unknown>
#9 0x55b64beac1de <unknown>
#10 0x55b64c175531 <unknown>
#11 0x55b64c179455 <unknown>
#12 0x55b64c161f55 <unknown>
#13 0x55b64c17a0ef <unknown>
#14 0x55b64c14599f <unknown>
#15 0x55b64c19e008 <unknown>
#16 0x55b64c19e1d7 <unknown>
#17 0x55b64c1b0124 <unknown>
#18 0x7ff8ebc94ac3 <unknown>
--------------------------- Captured stdout teardown ---------------------------

2024-01-26 15:36:36.065659   *** end fixture Browser = teardown ***

=============================== warnings summary ===============================
tests/US_11_Education/US_11-02-04_Forex_trading/US_11-02-04-01_Forex_trading_test.py::TestForexTradingItemPage::test_01_main_banner_start_trading_button[https://capital.com/trade-eurchf-Chrome--ae-NoAuth-aqa.tomelo.an@gmail.com-iT9Vgqi6d$fiZ*Z]
  /home/runner/.cache/pypoetry/virtualenvs/testcapitalcompyse-cIj6ROMf-py3.11/lib/python3.11/site-packages/pytest_html/plugin.py:133: DeprecationWarning: The 'report.extra' attribute is deprecated and will be removed in a future release, use 'report.extras' instead.
    warnings.warn(

-- Docs: https://docs.pytest.org/en/stable/how-to/capture-warnings.html
- Generated html report: file:///home/runner/work/SeleniumCapital/SeleniumCapital/report/report.html -
=========================== short test summary info ============================
FAILED tests/US_11_Education/US_11-02-04_Forex_trading/US_11-02-04-01_Forex_trading_test.py::TestForexTradingItemPage::test_01_main_banner_start_trading_button[https://capital.com/trade-eurchf-Chrome--ae-NoAuth-aqa.tomelo.an@gmail.com-iT9Vgqi6d$fiZ*Z] - AssertionError: Bug # 05. Opened a 'Sign up' form instead of a 'Login'
================= 1 failed, 7 deselected, 1 warning in 49.73s ==================

2024-01-26 15:36:36.214904   => Текущий тест: 1 failed

2024-01-26 15:36:36.215926   => 3. check_results finished

2024-01-26 15:36:36.216071   4. Fixing one row check results into Google Sheet Bugs Report =>
1 cells updated.
2024-01-26 15:36:36.403291   => 4. One row check results into Google Sheet Bugs Report fixed
