2024-01-26 15:19:28 ERROR Elements not present after 0.5 seconds on page: https://capital.com/es/trade-indices
2024-01-26 15:19:28 ERROR 
Traceback (most recent call last):
  File "/home/runner/work/SeleniumCapital/SeleniumCapital/pages/base_page.py", line 82, in inner_function
    return func(*args, **kwargs)
           ^^^^^^^^^^^^^^^^^^^^^
  File "/home/runner/work/SeleniumCapital/SeleniumCapital/pages/base_page.py", line 293, in element_is_visible
    return Wait(self.browser, timeout).until(
           ^^^^^^^^^^^^^^^^^^^^^^^^^^^^^^^^^^
  File "/home/runner/.cache/pypoetry/virtualenvs/testcapitalcompyse-cIj6ROMf-py3.11/lib/python3.11/site-packages/selenium/webdriver/support/wait.py", line 105, in until
    raise TimeoutException(message, screen, stacktrace)
selenium.common.exceptions.TimeoutException: Message: 
Stacktrace:
#0 0x563d5ac78f83 <unknown>
#1 0x563d5a931cf7 <unknown>
#2 0x563d5a98199e <unknown>
#3 0x563d5a981aa1 <unknown>
#4 0x563d5a9ccd64 <unknown>
#5 0x563d5a9ab0dd <unknown>
#6 0x563d5a9ca006 <unknown>
#7 0x563d5a9aae53 <unknown>
#8 0x563d5a972dd4 <unknown>
#9 0x563d5a9741de <unknown>
#10 0x563d5ac3d531 <unknown>
#11 0x563d5ac41455 <unknown>
#12 0x563d5ac29f55 <unknown>
#13 0x563d5ac420ef <unknown>
#14 0x563d5ac0d99f <unknown>
#15 0x563d5ac66008 <unknown>
#16 0x563d5ac661d7 <unknown>
#17 0x563d5ac78124 <unknown>
#18 0x7f86e3e94ac3 <unknown>

2024-01-26 15:19:33 ERROR Elements not present after 0.5 seconds on page: https://capital.com/es/trade-indices
2024-01-26 15:19:33 ERROR 
Traceback (most recent call last):
  File "/home/runner/work/SeleniumCapital/SeleniumCapital/pages/base_page.py", line 82, in inner_function
    return func(*args, **kwargs)
           ^^^^^^^^^^^^^^^^^^^^^
  File "/home/runner/work/SeleniumCapital/SeleniumCapital/pages/base_page.py", line 293, in element_is_visible
    return Wait(self.browser, timeout).until(
           ^^^^^^^^^^^^^^^^^^^^^^^^^^^^^^^^^^
  File "/home/runner/.cache/pypoetry/virtualenvs/testcapitalcompyse-cIj6ROMf-py3.11/lib/python3.11/site-packages/selenium/webdriver/support/wait.py", line 105, in until
    raise TimeoutException(message, screen, stacktrace)
selenium.common.exceptions.TimeoutException: Message: 
Stacktrace:
#0 0x563d5ac78f83 <unknown>
#1 0x563d5a931cf7 <unknown>
#2 0x563d5a98199e <unknown>
#3 0x563d5a981aa1 <unknown>
#4 0x563d5a9ccd64 <unknown>
#5 0x563d5a9ab0dd <unknown>
#6 0x563d5a9ca006 <unknown>
#7 0x563d5a9aae53 <unknown>
#8 0x563d5a972dd4 <unknown>
#9 0x563d5a9741de <unknown>
#10 0x563d5ac3d531 <unknown>
#11 0x563d5ac41455 <unknown>
#12 0x563d5ac29f55 <unknown>
#13 0x563d5ac420ef <unknown>
#14 0x563d5ac0d99f <unknown>
#15 0x563d5ac66008 <unknown>
#16 0x563d5ac661d7 <unknown>
#17 0x563d5ac78124 <unknown>
#18 0x7f86e3e94ac3 <unknown>