


2024-01-26 15:27:23.119573   0. Get Values row =>
2024-01-26 15:27:23.119604   Row # = 640
2024-01-26 15:27:23.119613   Row Values = 
['Bid:11.02.02.00_09-es.gb.NoAuth', 'Ubuntu 22.04', 'Chrome', '11.02.02.00', '_09', 'es', 'gb', 'FCA', 'NoAuth', '', 'Education', 'Shares trading', '', '', '', '06', "Bug # 06. Opened a 'Sign up' page instead of a 'Login'", '', '', '', '22/01/24', 'failed']

2024-01-26 15:27:23.119708   1. Run pretest =>

2024-01-26 15:27:23.119721   row_loc = 
['Bid:11.02.02.00_09-es.gb.NoAuth', 'Ubuntu 22.04', 'Chrome', '11.02.02.00', '_09', 'es', 'gb', 'FCA', 'NoAuth', '', 'Education', 'Shares trading', '', '', '', '06', "Bug # 06. Opened a 'Sign up' page instead of a 'Login'", '', '', '', '22/01/24', 'failed']

2024-01-26 15:27:23.119735   => 1. Pretest finished

2024-01-26 15:27:23.119802   2. Run run_pytest with Bid = Bid:11.02.02.00_09-es.gb.NoAuth from row =>

2024-01-26 15:27:23.119815   2.2. Run poetry run pytest ... in subprocess =>

2024-01-26 15:27:23.119826   Run command: 
poetry run pytest --retest=True --browser_name=Chrome --lang=es --country=gb --role=NoAuth -m test_09 -v \tests/US_11_Education/US_11-02-02_Shares_trading/US_11-02-02-00_Shares_trading_test.py

2024-01-26 15:28:34.374721   => 2.2. pytest ... as subprocess finished

2024-01-26 15:28:34.374773   => 2. Autotest with Bid = Bid:11.02.02.00_09-es.gb.NoAuth from row finished

2024-01-26 15:28:34.374854   3. Run check_results =>
2024-01-26 15:28:34.374891   test_results: 
============================= test session starts ==============================
platform linux -- Python 3.11.7, pytest-7.4.4, pluggy-1.3.0 -- /home/runner/.cache/pypoetry/virtualenvs/testcapitalcompyse-cIj6ROMf-py3.11/bin/python
cachedir: .pytest_cache
metadata: {'Python': '3.11.7', 'Platform': 'Linux-6.2.0-1018-azure-x86_64-with-glibc2.35', 'Packages': {'pytest': '7.4.4', 'pluggy': '1.3.0'}, 'Plugins': {'metadata': '3.0.0', 'timeout': '2.2.0', 'html': '4.1.1', 'xdist': '3.5.0', 'allure-pytest': '2.13.2'}, 'CI': 'true', 'JAVA_HOME': '/usr/lib/jvm/temurin-11-jdk-amd64'}
rootdir: /home/runner/work/SeleniumCapital/SeleniumCapital
configfile: pytest.ini
plugins: metadata-3.0.0, timeout-2.2.0, html-4.1.1, xdist-3.5.0, allure-pytest-2.13.2
collecting ... collected 7 items / 6 deselected / 1 selected

tests/US_11_Education/US_11-02-02_Shares_trading/US_11-02-02-00_Shares_trading_test.py::TestSharesTrading::test_09_block_hor_banner_button[Chrome--ae-NoAuth-aqa.tomelo.an@gmail.com-iT9Vgqi6d$fiZ*Z] FAILED [100%]

=================================== FAILURES ===================================
_ TestSharesTrading.test_09_block_hor_banner_button[Chrome--ae-NoAuth-aqa.tomelo.an@gmail.com-iT9Vgqi6d$fiZ*Z] _

self = <US_11-02-02-00_Shares_trading_test.TestSharesTrading object at 0x7f8904552890>
worker_id = 'master'
d = <selenium.webdriver.chrome.webdriver.WebDriver (session="3fee7719a8c805cf6447f2ffa9f4d6e4")>
cur_language = 'es', cur_country = 'gb', cur_role = 'NoAuth'
cur_login = 'aqa.tomelo.an@gmail.com', cur_password = 'iT9Vgqi6d$fiZ*Z'

    @allure.step("Start test of button in block [Horizontal banner]")
    # @pytest.mark.skip(reason="Skipped for debugging")
    @pytest.mark.test_09
    def test_09_block_hor_banner_button(
            self, worker_id, d, cur_language, cur_country, cur_role, cur_login, cur_password):
        """
        Check the [Button] on the Horizontal banner at the bottom of the page.
        For "Authorized user" role:
        The trading platform page is opened depend on the banner [type-id]:
                Live mode if the banner in the Live mode banners list
                Demo mode if the banner in the Demo mode banners list
        """
    
        bid = build_dynamic_arg_v4(
            d, worker_id, cur_language, cur_country, cur_role,
            "11.02.02", "Education > Menu item [Shares trading]",
            ".00_09", "Testing button in block [Horizontal banner]")
    
        Common().skip_if_eng_lang_and_fca_license(cur_language, cur_country)
    
        check_language(cur_language)
        if cur_language in ["", "cn"]:
            Common().skip_test_for_language(cur_language)
    
        page_conditions = Conditions(d, "")
        main_page_link = page_conditions.preconditions(
            d, CapitalComPageSrc.URL, "", cur_language, cur_country, cur_role, cur_login, cur_password)
    
        # банеры должны открываться в Demo mode for US_00
        banner00_hor_tpd = ['103', '252', '167', '197', '220', '291']
        # банеры должны открываться в Live mode for US_00
        banner00_hor_tp = ['378', '390', '428', '427']
        # банеры должны открываться в Demo mode for US_01
        banner01_hor_tpd = []
        # банеры должны открываться в Live mode for US_01
        banner01_hor_tp = []
    
        page_menu = MenuSection(d, main_page_link)
        cur_menu_link = page_menu.open_education_shares_trading_menu(d, cur_language, cur_country, main_page_link)
    
        test_element = ButtonOnHorizontalBanner(d, cur_menu_link, bid)
>       test_element.full_test_with_tpi(d, cur_language, cur_country, cur_role, cur_menu_link,
                                        banner00_hor_tpd, banner00_hor_tp, banner01_hor_tpd, banner01_hor_tp)

tests/US_11_Education/US_11-02-02_Shares_trading/US_11-02-02-00_Shares_trading_test.py:206: 
_ _ _ _ _ _ _ _ _ _ _ _ _ _ _ _ _ _ _ _ _ _ _ _ _ _ _ _ _ _ _ _ _ _ _ _ _ _ _ _ 
pages/Elements/ButtonOnHorizontalBanner.py:41: in full_test_with_tpi
    test_element.assert_login(d, cur_language, link)
_ _ _ _ _ _ _ _ _ _ _ _ _ _ _ _ _ _ _ _ _ _ _ _ _ _ _ _ _ _ _ _ _ _ _ _ _ _ _ _ 

self = <pages.Elements.AssertClass.AssertClass object at 0x7f89047bdcd0>
d = <selenium.webdriver.chrome.webdriver.WebDriver (session="3fee7719a8c805cf6447f2ffa9f4d6e4")>
cur_language = 'es', cur_link = 'https://capital.com/es/trade-stocks'

    @allure.step('Checking that "Login" form or page opened')
    def assert_login(self, d, cur_language, cur_link):
        """Method Assert Login form or page"""
        print(f"\n{datetime.now()}   3. Assert_Login_v0")
        self.page_signup_login = SignupLogin(d, cur_link)
        if self.page_signup_login.should_be_login_form():
            self.page_signup_login.close_login_form()
            del self.page_signup_login
        elif self.page_signup_login.should_be_login_page():
            self.page_signup_login.close_login_page()
            del self.page_signup_login
        elif self.page_signup_login.should_be_trading_platform_login_form(cur_language):
            self.page_signup_login.close_trading_platform_login_form()
            del self.page_signup_login
        elif self.page_signup_login.should_be_signup_form(cur_language):
            del self.page_signup_login
            print(f'\nBug: {self.bid}')
            retest_table_fill(self.bid, '05', self.link)
            assert False, "Bug # 05. Opened a 'Sign up' form instead of a 'Login'"
            # pytest.fail("Bug # 05. Opened a 'Sign up' form instead of a 'Login'", False)
        elif self.page_signup_login.should_be_signup_page(cur_language):
            del self.page_signup_login
            print(f'\nBug: {self.bid}')
            retest_table_fill(self.bid, '06', self.link)
>           assert False, "Bug # 06. Opened a 'Sign up' page instead of a 'Login'"
E           AssertionError: Bug # 06. Opened a 'Sign up' page instead of a 'Login'

pages/Elements/AssertClass.py:75: AssertionError
---------------------------- Captured stdout setup -----------------------------

2024-01-26 15:27:24.041089   *** autouse fixture Chrome ***

{'width': 1280, 'height': 720}
Current test language - es
Current country of trading - gb



Current test role - NoAuth
Current login - aqa.tomelo.an@gmail.com
Current login - iT9Vgqi6d$fiZ*Z
----------------------------- Captured stdout call -----------------------------
{'width': 1280, 'height': 720}

2024-01-26 15:27:24.932483   worker_id = master

2024-01-26 15:27:24.932500   0. Allure grouping v4


2024-01-26 15:27:24.932692   START PRECONDITIONS =>

2024-01-26 15:27:26.555085   Load page https://capital.com

2024-01-26 15:27:26.555138   {'width': 1280, 'height': 720}

2024-01-26 15:27:26.557828   Set windows position at (0, 0) =>

2024-01-26 15:27:26.715928   Set resolution 1280 * 720 =>

2024-01-26 15:27:26.822533   => Resolution seted {'width': 1280, 'height': 720}

2024-01-26 15:27:31.847054   Капчи нет. Тестим дальше

2024-01-26 15:27:31.847144   Prev. Role: ?

2024-01-26 15:27:31.847157   Run preconditions: set "NoAuth" Role =>
2024-01-26 15:27:32.738046   Load page https://capital.com

2024-01-26 15:27:32.962542   => All cookies are deleted
2024-01-26 15:27:33.801575   Load page https://capital.com

2024-01-26 15:27:33.801862   Step 'Click button [Accept all cookies]'
2024-01-26 15:27:38.829770   Is Visible Button [Accept all cookies]? =>
2024-01-26 15:27:38.852505   => Button [Accept all cookies] is visible
2024-01-26 15:27:39.852622   Is clickable Button [Accept all cookies] =>
2024-01-26 15:27:39.889214   => Button [Accept all cookies] is clickable
2024-01-26 15:27:39.889250   Click Button [Accept all cookies] =>
2024-01-26 15:27:39.949267   => Button [Accept all cookies] is clicked
2024-01-26 15:27:39.949310   => Accepted All Cookies

2024-01-26 15:27:40.449791   Start Autorization

2024-01-26 15:27:40.449934   2. Act
2024-01-26 15:27:40.449953   Start Click button [Log in] =>
2024-01-26 15:27:40.461371   BUTTON_LOGIN scroll =>
2024-01-26 15:27:40.472923   Is BUTTON_LOGIN clickable? =>
2024-01-26 15:27:40.490081   => BUTTON_LOGIN is clickable
2024-01-26 15:27:40.490110   BUTTON_LOGIN click =>
2024-01-26 15:27:40.542344   => BUTTON_LOGIN is clicked!
2024-01-26 15:27:40.542426   => 'Login' form is opened
2024-01-26 15:27:41.045941   => "login" and "password" are inputted
2024-01-26 15:27:41.045980   Click [Continue] button on [Login] form =>
2024-01-26 15:27:41.151405   => [Continue] button on [Login] form is clicked
2024-01-26 15:27:43.629574   Start check that the Trading platform page is loaded and LOGO is present on it =>
2024-01-26 15:27:43.629633   Set timeout = 30
2024-01-26 15:27:43.629654   Wait until load page with special title =>
2024-01-26 15:27:43.632722   => Page with title "Trading Platform | Capital.com" is loaded
2024-01-26 15:27:43.632749   Is present LOGO on this page? =>
2024-01-26 15:27:45.046675   => LOGO is visible on this page
2024-01-26 15:27:45.046773   -> "Capital.com" logo is present on trading platform page

2024-01-26 15:27:45.988800   Start DeAuthorisation
2024-01-26 15:27:45.988929   1. BUTTON_MY_ACCOUNT is present? =>
2024-01-26 15:27:45.999697   => BUTTON_MY_ACCOUNT is present on this page
2024-01-26 15:27:47.285649   => Move to BUTTON_MY_ACCOUNT
2024-01-26 15:27:47.285686   2. BUTTON_MY_ACCOUNT is clickable? =>
2024-01-26 15:27:47.303665   => BUTTON_MY_ACCOUNT is clickable
2024-01-26 15:27:47.303692   BUTTON_MY_ACCOUNT Click =>
2024-01-26 15:27:48.124727   => User panel [My account] is opened

2024-01-26 15:27:48.124921   Start Click [Logout] button:
2024-01-26 15:27:48.124935   BUTTON_LOGOUT is present? =>
2024-01-26 15:27:48.135063   => BUTTON_LOGOUT is present
2024-01-26 15:27:48.135092   Is visible BUTTON_LOGOUT? =>
2024-01-26 15:27:48.146431   BUTTON_LOGOUT is clickable? =>
2024-01-26 15:27:48.159603   BUTTON_LOGOUT click =>
2024-01-26 15:27:48.197019   => BUTTON_LOGOUT is clicked

2024-01-26 15:27:48.197124   Current role: NoAuth

2024-01-26 15:27:48.197136   Prev language: ?

2024-01-26 15:27:48.197145   Run preconditions: set "es" language =>


2024-01-26 15:27:48.238845   => Language and Country menu is present


2024-01-26 15:27:48.251514   => Language and Country menu is visible


2024-01-26 15:27:50.019476   => Focus is moved on Language and Country menu 

2024-01-26 15:27:51.656172   => Current language: es

2024-01-26 15:27:51.656210   Prev country: ?

2024-01-26 15:27:51.656219   Run preconditions: set "gb" country =>


2024-01-26 15:27:51.661935   => Language and Country menu is present


2024-01-26 15:27:51.702132   => Language and Country menu is visible


2024-01-26 15:27:53.493984   => Focus is moved on Language and Country menu 

2024-01-26 15:27:55.622833   => Current country: gb

2024-01-26 15:27:55.622875   => THE END PRECONDITIONS

2024-01-26 15:27:55.622915   1. Cur URL = https://capital.com/es?country=gb

2024-01-26 15:27:55.626392   2. Link = https://capital.com/es
2024-01-26 15:27:56.474239   Load page https://capital.com/es
2024-01-26 15:27:56.988975   => Education menu is present
2024-01-26 15:27:57.008203   => Education menu is visible
2024-01-26 15:27:58.284082   => Education menu focus moved


2024-01-26 15:27:59.807245   => Shares trading sub-menu clicked

2024-01-26 15:27:59.954517   1. Arrange
2024-01-26 15:27:59.958544   BUTTON_ON_HOR_BANNER is visible? =>
2024-01-26 15:28:00.050679   => BUTTON_ON_HOR_BANNER is visible on the page!
2024-01-26 15:28:00.050902   Start Checking that form [Sign up] popped up on the page =>
2024-01-26 15:28:05.564514   '[Sign up]' form was not popped up

2024-01-26 15:28:05.564714   2. Act
2024-01-26 15:28:05.564734   BUTTON_ON_HOR_BANNER is present? =>
2024-01-26 15:28:05.573037   => BUTTON_ON_HOR_BANNER is present on the page!
2024-01-26 15:28:05.573059   BUTTON_ON_HOR_BANNER scroll =>
2024-01-26 15:28:06.560896   => BUTTON_ON_HOR_BANNER clicked!

2024-01-26 15:28:06.561192   3. Assert_Login_v0
2024-01-26 15:28:06.561301   Check that 'Login' form is opened
2024-01-26 15:28:13.357031   'Login' form not opened
2024-01-26 15:28:13.363125   'Login' page not opened
2024-01-26 15:28:18.933317   'Login' form on trading platform not opened
2024-01-26 15:28:18.933494   Start step Check that [Sign up] form is opened
2024-01-26 15:28:24.467389   'Sign up' form not opened
2024-01-26 15:28:24.467562   Start method Check that [Sign up] page opened =>
2024-01-26 15:28:25.474177   'Sign up' page opened
2024-01-26 15:28:25.474220   Assert SIGNUP_SIGNUP_FRAME =>
2024-01-26 15:28:25.487915   Assert SIGNUP_REF_LOGIN =>
2024-01-26 15:28:25.515984   Assert SIGNUP_PRIVACY_POLICY_ALL_1 =>
2024-01-26 15:28:31.030302   Assert SIGNUP_PRIVACY_POLICY_ALL_2 =>
2024-01-26 15:28:31.046783   => SIGNUP_PRIVACY_POLICY_ALL
2024-01-26 15:28:31.046822   => 'Signup' page is checked

Bug: Bid:11.02.02.00_09-es.gb.NoAuth

2024-01-26 15:28:32.047053   Проверка бага в таблице ретеста  =>

2024-01-26 15:28:32.053304   4. Fixing one row check results into Google Sheet Bugs Report =>
1 cells updated.
2024-01-26 15:28:32.603234   => 4. One row check results into Google Sheet Bugs Report fixed

2024-01-26 15:28:32.986321   4. Fixing one row check results into Google Sheet Bugs Report =>
1 cells updated.
2024-01-26 15:28:33.188796   => 4. One row check results into Google Sheet Bugs Report fixed

2024-01-26 15:28:33.188870   Bug: Bid:11.02.02.00_09-es.gb.NoAuth уже существует, но тип бага изменился с 22/01/24 на 06

2024-01-26 15:28:33.189285   Bug: Bid:11.02.02.00_09-es.gb.NoAuth-06 уже существует

2024-01-26 15:28:33.189502   4. Fixing one row check results into Google Sheet Bugs Report =>
1 cells updated.
2024-01-26 15:28:33.645341   => 4. One row check results into Google Sheet Bugs Report fixed
------------------------------ Captured log call -------------------------------
2024-01-26 15:28:05 ERROR Elements not present after 0.5 seconds on page: https://capital.com/es/trade-stocks
2024-01-26 15:28:05 ERROR 
Traceback (most recent call last):
  File "/home/runner/work/SeleniumCapital/SeleniumCapital/pages/base_page.py", line 82, in inner_function
    return func(*args, **kwargs)
           ^^^^^^^^^^^^^^^^^^^^^
  File "/home/runner/work/SeleniumCapital/SeleniumCapital/pages/base_page.py", line 293, in element_is_visible
    return Wait(self.browser, timeout).until(
           ^^^^^^^^^^^^^^^^^^^^^^^^^^^^^^^^^^
  File "/home/runner/.cache/pypoetry/virtualenvs/testcapitalcompyse-cIj6ROMf-py3.11/lib/python3.11/site-packages/selenium/webdriver/support/wait.py", line 105, in until
    raise TimeoutException(message, screen, stacktrace)
selenium.common.exceptions.TimeoutException: Message: 
Stacktrace:
#0 0x564b59fd8f83 <unknown>
#1 0x564b59c91cf7 <unknown>
#2 0x564b59ce199e <unknown>
#3 0x564b59ce1aa1 <unknown>
#4 0x564b59d2cd64 <unknown>
#5 0x564b59d0b0dd <unknown>
#6 0x564b59d2a006 <unknown>
#7 0x564b59d0ae53 <unknown>
#8 0x564b59cd2dd4 <unknown>
#9 0x564b59cd41de <unknown>
#10 0x564b59f9d531 <unknown>
#11 0x564b59fa1455 <unknown>
#12 0x564b59f89f55 <unknown>
#13 0x564b59fa20ef <unknown>
#14 0x564b59f6d99f <unknown>
#15 0x564b59fc6008 <unknown>
#16 0x564b59fc61d7 <unknown>
#17 0x564b59fd8124 <unknown>
#18 0x7f7c46894ac3 <unknown>

2024-01-26 15:28:13 ERROR Elements not present after 0.5 seconds on page: https://capital.com/trading/signup
2024-01-26 15:28:13 ERROR 
Traceback (most recent call last):
  File "/home/runner/work/SeleniumCapital/SeleniumCapital/pages/base_page.py", line 82, in inner_function
    return func(*args, **kwargs)
           ^^^^^^^^^^^^^^^^^^^^^
  File "/home/runner/work/SeleniumCapital/SeleniumCapital/pages/base_page.py", line 293, in element_is_visible
    return Wait(self.browser, timeout).until(
           ^^^^^^^^^^^^^^^^^^^^^^^^^^^^^^^^^^
  File "/home/runner/.cache/pypoetry/virtualenvs/testcapitalcompyse-cIj6ROMf-py3.11/lib/python3.11/site-packages/selenium/webdriver/support/wait.py", line 105, in until
    raise TimeoutException(message, screen, stacktrace)
selenium.common.exceptions.TimeoutException: Message: 
Stacktrace:
#0 0x564b59fd8f83 <unknown>
#1 0x564b59c91cf7 <unknown>
#2 0x564b59ce199e <unknown>
#3 0x564b59ce1aa1 <unknown>
#4 0x564b59d2cd64 <unknown>
#5 0x564b59d0b0dd <unknown>
#6 0x564b59d2a006 <unknown>
#7 0x564b59d0ae53 <unknown>
#8 0x564b59cd2dd4 <unknown>
#9 0x564b59cd41de <unknown>
#10 0x564b59f9d531 <unknown>
#11 0x564b59fa1455 <unknown>
#12 0x564b59f89f55 <unknown>
#13 0x564b59fa20ef <unknown>
#14 0x564b59f6d99f <unknown>
#15 0x564b59fc6008 <unknown>
#16 0x564b59fc61d7 <unknown>
#17 0x564b59fd8124 <unknown>
#18 0x7f7c46894ac3 <unknown>

2024-01-26 15:28:18 ERROR Elements not present after 0.5 seconds on page: https://capital.com/trading/signup
2024-01-26 15:28:18 ERROR 
Traceback (most recent call last):
  File "/home/runner/work/SeleniumCapital/SeleniumCapital/pages/base_page.py", line 82, in inner_function
    return func(*args, **kwargs)
           ^^^^^^^^^^^^^^^^^^^^^
  File "/home/runner/work/SeleniumCapital/SeleniumCapital/pages/base_page.py", line 293, in element_is_visible
    return Wait(self.browser, timeout).until(
           ^^^^^^^^^^^^^^^^^^^^^^^^^^^^^^^^^^
  File "/home/runner/.cache/pypoetry/virtualenvs/testcapitalcompyse-cIj6ROMf-py3.11/lib/python3.11/site-packages/selenium/webdriver/support/wait.py", line 105, in until
    raise TimeoutException(message, screen, stacktrace)
selenium.common.exceptions.TimeoutException: Message: 
Stacktrace:
#0 0x564b59fd8f83 <unknown>
#1 0x564b59c91cf7 <unknown>
#2 0x564b59ce199e <unknown>
#3 0x564b59ce1aa1 <unknown>
#4 0x564b59d2cd64 <unknown>
#5 0x564b59d0b0dd <unknown>
#6 0x564b59d2a006 <unknown>
#7 0x564b59d0ae53 <unknown>
#8 0x564b59cd2dd4 <unknown>
#9 0x564b59cd41de <unknown>
#10 0x564b59f9d531 <unknown>
#11 0x564b59fa1455 <unknown>
#12 0x564b59f89f55 <unknown>
#13 0x564b59fa20ef <unknown>
#14 0x564b59f6d99f <unknown>
#15 0x564b59fc6008 <unknown>
#16 0x564b59fc61d7 <unknown>
#17 0x564b59fd8124 <unknown>
#18 0x7f7c46894ac3 <unknown>

2024-01-26 15:28:24 ERROR Elements not present after 0.5 seconds on page: https://capital.com/trading/signup
2024-01-26 15:28:24 ERROR 
Traceback (most recent call last):
  File "/home/runner/work/SeleniumCapital/SeleniumCapital/pages/base_page.py", line 82, in inner_function
    return func(*args, **kwargs)
           ^^^^^^^^^^^^^^^^^^^^^
  File "/home/runner/work/SeleniumCapital/SeleniumCapital/pages/base_page.py", line 293, in element_is_visible
    return Wait(self.browser, timeout).until(
           ^^^^^^^^^^^^^^^^^^^^^^^^^^^^^^^^^^
  File "/home/runner/.cache/pypoetry/virtualenvs/testcapitalcompyse-cIj6ROMf-py3.11/lib/python3.11/site-packages/selenium/webdriver/support/wait.py", line 105, in until
    raise TimeoutException(message, screen, stacktrace)
selenium.common.exceptions.TimeoutException: Message: 
Stacktrace:
#0 0x564b59fd8f83 <unknown>
#1 0x564b59c91cf7 <unknown>
#2 0x564b59ce199e <unknown>
#3 0x564b59ce1aa1 <unknown>
#4 0x564b59d2cd64 <unknown>
#5 0x564b59d0b0dd <unknown>
#6 0x564b59d2a006 <unknown>
#7 0x564b59d0ae53 <unknown>
#8 0x564b59cd2dd4 <unknown>
#9 0x564b59cd41de <unknown>
#10 0x564b59f9d531 <unknown>
#11 0x564b59fa1455 <unknown>
#12 0x564b59f89f55 <unknown>
#13 0x564b59fa20ef <unknown>
#14 0x564b59f6d99f <unknown>
#15 0x564b59fc6008 <unknown>
#16 0x564b59fc61d7 <unknown>
#17 0x564b59fd8124 <unknown>
#18 0x7f7c46894ac3 <unknown>

2024-01-26 15:28:31 ERROR Elements not present after 0.5 seconds on page: https://capital.com/trading/signup
2024-01-26 15:28:31 ERROR 
Traceback (most recent call last):
  File "/home/runner/work/SeleniumCapital/SeleniumCapital/pages/base_page.py", line 82, in inner_function
    return func(*args, **kwargs)
           ^^^^^^^^^^^^^^^^^^^^^
  File "/home/runner/work/SeleniumCapital/SeleniumCapital/pages/base_page.py", line 293, in element_is_visible
    return Wait(self.browser, timeout).until(
           ^^^^^^^^^^^^^^^^^^^^^^^^^^^^^^^^^^
  File "/home/runner/.cache/pypoetry/virtualenvs/testcapitalcompyse-cIj6ROMf-py3.11/lib/python3.11/site-packages/selenium/webdriver/support/wait.py", line 105, in until
    raise TimeoutException(message, screen, stacktrace)
selenium.common.exceptions.TimeoutException: Message: 
Stacktrace:
#0 0x564b59fd8f83 <unknown>
#1 0x564b59c91cf7 <unknown>
#2 0x564b59ce199e <unknown>
#3 0x564b59ce1aa1 <unknown>
#4 0x564b59d2cd64 <unknown>
#5 0x564b59d0b0dd <unknown>
#6 0x564b59d2a006 <unknown>
#7 0x564b59d0ae53 <unknown>
#8 0x564b59cd2dd4 <unknown>
#9 0x564b59cd41de <unknown>
#10 0x564b59f9d531 <unknown>
#11 0x564b59fa1455 <unknown>
#12 0x564b59f89f55 <unknown>
#13 0x564b59fa20ef <unknown>
#14 0x564b59f6d99f <unknown>
#15 0x564b59fc6008 <unknown>
#16 0x564b59fc61d7 <unknown>
#17 0x564b59fd8124 <unknown>
#18 0x7f7c46894ac3 <unknown>
--------------------------- Captured stdout teardown ---------------------------

2024-01-26 15:28:34.244068   *** end fixture Browser = teardown ***

=============================== warnings summary ===============================
tests/US_11_Education/US_11-02-02_Shares_trading/US_11-02-02-00_Shares_trading_test.py::TestSharesTrading::test_09_block_hor_banner_button[Chrome--ae-NoAuth-aqa.tomelo.an@gmail.com-iT9Vgqi6d$fiZ*Z]
  /home/runner/.cache/pypoetry/virtualenvs/testcapitalcompyse-cIj6ROMf-py3.11/lib/python3.11/site-packages/pytest_html/plugin.py:133: DeprecationWarning: The 'report.extra' attribute is deprecated and will be removed in a future release, use 'report.extras' instead.
    warnings.warn(

-- Docs: https://docs.pytest.org/en/stable/how-to/capture-warnings.html
- Generated html report: file:///home/runner/work/SeleniumCapital/SeleniumCapital/report/report.html -
=========================== short test summary info ============================
FAILED tests/US_11_Education/US_11-02-02_Shares_trading/US_11-02-02-00_Shares_trading_test.py::TestSharesTrading::test_09_block_hor_banner_button[Chrome--ae-NoAuth-aqa.tomelo.an@gmail.com-iT9Vgqi6d$fiZ*Z] - AssertionError: Bug # 06. Opened a 'Sign up' page instead of a 'Login'
============ 1 failed, 6 deselected, 1 warning in 70.35s (0:01:10) =============

2024-01-26 15:28:34.375829   => Текущий тест: 1 failed

2024-01-26 15:28:34.378115   => 3. check_results finished

2024-01-26 15:28:34.378331   4. Fixing one row check results into Google Sheet Bugs Report =>
1 cells updated.
2024-01-26 15:28:34.564478   => 4. One row check results into Google Sheet Bugs Report fixed
