2024-01-26 14:59:59 ERROR Elements not present after 0.5 seconds on page: https://capital.com/fr/trade-stocks
2024-01-26 14:59:59 ERROR 
Traceback (most recent call last):
  File "/home/runner/work/SeleniumCapital/SeleniumCapital/pages/base_page.py", line 82, in inner_function
    return func(*args, **kwargs)
           ^^^^^^^^^^^^^^^^^^^^^
  File "/home/runner/work/SeleniumCapital/SeleniumCapital/pages/base_page.py", line 293, in element_is_visible
    return Wait(self.browser, timeout).until(
           ^^^^^^^^^^^^^^^^^^^^^^^^^^^^^^^^^^
  File "/home/runner/.cache/pypoetry/virtualenvs/testcapitalcompyse-cIj6ROMf-py3.11/lib/python3.11/site-packages/selenium/webdriver/support/wait.py", line 105, in until
    raise TimeoutException(message, screen, stacktrace)
selenium.common.exceptions.TimeoutException: Message: 
Stacktrace:
#0 0x55a8e3278f83 <unknown>
#1 0x55a8e2f31cf7 <unknown>
#2 0x55a8e2f8199e <unknown>
#3 0x55a8e2f81aa1 <unknown>
#4 0x55a8e2fccd64 <unknown>
#5 0x55a8e2fab0dd <unknown>
#6 0x55a8e2fca006 <unknown>
#7 0x55a8e2faae53 <unknown>
#8 0x55a8e2f72dd4 <unknown>
#9 0x55a8e2f741de <unknown>
#10 0x55a8e323d531 <unknown>
#11 0x55a8e3241455 <unknown>
#12 0x55a8e3229f55 <unknown>
#13 0x55a8e32420ef <unknown>
#14 0x55a8e320d99f <unknown>
#15 0x55a8e3266008 <unknown>
#16 0x55a8e32661d7 <unknown>
#17 0x55a8e3278124 <unknown>
#18 0x7fa93fe94ac3 <unknown>

2024-01-26 15:00:08 ERROR Elements not present after 0.5 seconds on page: https://capital.com/trading/signup
2024-01-26 15:00:08 ERROR 
Traceback (most recent call last):
  File "/home/runner/work/SeleniumCapital/SeleniumCapital/pages/base_page.py", line 82, in inner_function
    return func(*args, **kwargs)
           ^^^^^^^^^^^^^^^^^^^^^
  File "/home/runner/work/SeleniumCapital/SeleniumCapital/pages/base_page.py", line 293, in element_is_visible
    return Wait(self.browser, timeout).until(
           ^^^^^^^^^^^^^^^^^^^^^^^^^^^^^^^^^^
  File "/home/runner/.cache/pypoetry/virtualenvs/testcapitalcompyse-cIj6ROMf-py3.11/lib/python3.11/site-packages/selenium/webdriver/support/wait.py", line 105, in until
    raise TimeoutException(message, screen, stacktrace)
selenium.common.exceptions.TimeoutException: Message: 
Stacktrace:
#0 0x55a8e3278f83 <unknown>
#1 0x55a8e2f31cf7 <unknown>
#2 0x55a8e2f8199e <unknown>
#3 0x55a8e2f81aa1 <unknown>
#4 0x55a8e2fccd64 <unknown>
#5 0x55a8e2fab0dd <unknown>
#6 0x55a8e2fca006 <unknown>
#7 0x55a8e2faae53 <unknown>
#8 0x55a8e2f72dd4 <unknown>
#9 0x55a8e2f741de <unknown>
#10 0x55a8e323d531 <unknown>
#11 0x55a8e3241455 <unknown>
#12 0x55a8e3229f55 <unknown>
#13 0x55a8e32420ef <unknown>
#14 0x55a8e320d99f <unknown>
#15 0x55a8e3266008 <unknown>
#16 0x55a8e32661d7 <unknown>
#17 0x55a8e3278124 <unknown>
#18 0x7fa93fe94ac3 <unknown>

2024-01-26 15:00:14 ERROR Elements not present after 0.5 seconds on page: https://capital.com/trading/signup
2024-01-26 15:00:14 ERROR 
Traceback (most recent call last):
  File "/home/runner/work/SeleniumCapital/SeleniumCapital/pages/base_page.py", line 82, in inner_function
    return func(*args, **kwargs)
           ^^^^^^^^^^^^^^^^^^^^^
  File "/home/runner/work/SeleniumCapital/SeleniumCapital/pages/base_page.py", line 293, in element_is_visible
    return Wait(self.browser, timeout).until(
           ^^^^^^^^^^^^^^^^^^^^^^^^^^^^^^^^^^
  File "/home/runner/.cache/pypoetry/virtualenvs/testcapitalcompyse-cIj6ROMf-py3.11/lib/python3.11/site-packages/selenium/webdriver/support/wait.py", line 105, in until
    raise TimeoutException(message, screen, stacktrace)
selenium.common.exceptions.TimeoutException: Message: 
Stacktrace:
#0 0x55a8e3278f83 <unknown>
#1 0x55a8e2f31cf7 <unknown>
#2 0x55a8e2f8199e <unknown>
#3 0x55a8e2f81aa1 <unknown>
#4 0x55a8e2fccd64 <unknown>
#5 0x55a8e2fab0dd <unknown>
#6 0x55a8e2fca006 <unknown>
#7 0x55a8e2faae53 <unknown>
#8 0x55a8e2f72dd4 <unknown>
#9 0x55a8e2f741de <unknown>
#10 0x55a8e323d531 <unknown>
#11 0x55a8e3241455 <unknown>
#12 0x55a8e3229f55 <unknown>
#13 0x55a8e32420ef <unknown>
#14 0x55a8e320d99f <unknown>
#15 0x55a8e3266008 <unknown>
#16 0x55a8e32661d7 <unknown>
#17 0x55a8e3278124 <unknown>
#18 0x7fa93fe94ac3 <unknown>

2024-01-26 15:00:19 ERROR Elements not present after 0.5 seconds on page: https://capital.com/trading/signup
2024-01-26 15:00:19 ERROR 
Traceback (most recent call last):
  File "/home/runner/work/SeleniumCapital/SeleniumCapital/pages/base_page.py", line 82, in inner_function
    return func(*args, **kwargs)
           ^^^^^^^^^^^^^^^^^^^^^
  File "/home/runner/work/SeleniumCapital/SeleniumCapital/pages/base_page.py", line 293, in element_is_visible
    return Wait(self.browser, timeout).until(
           ^^^^^^^^^^^^^^^^^^^^^^^^^^^^^^^^^^
  File "/home/runner/.cache/pypoetry/virtualenvs/testcapitalcompyse-cIj6ROMf-py3.11/lib/python3.11/site-packages/selenium/webdriver/support/wait.py", line 105, in until
    raise TimeoutException(message, screen, stacktrace)
selenium.common.exceptions.TimeoutException: Message: 
Stacktrace:
#0 0x55a8e3278f83 <unknown>
#1 0x55a8e2f31cf7 <unknown>
#2 0x55a8e2f8199e <unknown>
#3 0x55a8e2f81aa1 <unknown>
#4 0x55a8e2fccd64 <unknown>
#5 0x55a8e2fab0dd <unknown>
#6 0x55a8e2fca006 <unknown>
#7 0x55a8e2faae53 <unknown>
#8 0x55a8e2f72dd4 <unknown>
#9 0x55a8e2f741de <unknown>
#10 0x55a8e323d531 <unknown>
#11 0x55a8e3241455 <unknown>
#12 0x55a8e3229f55 <unknown>
#13 0x55a8e32420ef <unknown>
#14 0x55a8e320d99f <unknown>
#15 0x55a8e3266008 <unknown>
#16 0x55a8e32661d7 <unknown>
#17 0x55a8e3278124 <unknown>
#18 0x7fa93fe94ac3 <unknown>

2024-01-26 15:00:26 ERROR Elements not present after 0.5 seconds on page: https://capital.com/trading/signup
2024-01-26 15:00:26 ERROR 
Traceback (most recent call last):
  File "/home/runner/work/SeleniumCapital/SeleniumCapital/pages/base_page.py", line 82, in inner_function
    return func(*args, **kwargs)
           ^^^^^^^^^^^^^^^^^^^^^
  File "/home/runner/work/SeleniumCapital/SeleniumCapital/pages/base_page.py", line 293, in element_is_visible
    return Wait(self.browser, timeout).until(
           ^^^^^^^^^^^^^^^^^^^^^^^^^^^^^^^^^^
  File "/home/runner/.cache/pypoetry/virtualenvs/testcapitalcompyse-cIj6ROMf-py3.11/lib/python3.11/site-packages/selenium/webdriver/support/wait.py", line 105, in until
    raise TimeoutException(message, screen, stacktrace)
selenium.common.exceptions.TimeoutException: Message: 
Stacktrace:
#0 0x55a8e3278f83 <unknown>
#1 0x55a8e2f31cf7 <unknown>
#2 0x55a8e2f8199e <unknown>
#3 0x55a8e2f81aa1 <unknown>
#4 0x55a8e2fccd64 <unknown>
#5 0x55a8e2fab0dd <unknown>
#6 0x55a8e2fca006 <unknown>
#7 0x55a8e2faae53 <unknown>
#8 0x55a8e2f72dd4 <unknown>
#9 0x55a8e2f741de <unknown>
#10 0x55a8e323d531 <unknown>
#11 0x55a8e3241455 <unknown>
#12 0x55a8e3229f55 <unknown>
#13 0x55a8e32420ef <unknown>
#14 0x55a8e320d99f <unknown>
#15 0x55a8e3266008 <unknown>
#16 0x55a8e32661d7 <unknown>
#17 0x55a8e3278124 <unknown>
#18 0x7fa93fe94ac3 <unknown>