2024-01-26 16:04:50 ERROR Elements not present after 0.5 seconds on page: https://capital.com/es/opera-google
2024-01-26 16:04:50 ERROR 
Traceback (most recent call last):
  File "/home/runner/work/SeleniumCapital/SeleniumCapital/pages/base_page.py", line 82, in inner_function
    return func(*args, **kwargs)
           ^^^^^^^^^^^^^^^^^^^^^
  File "/home/runner/work/SeleniumCapital/SeleniumCapital/pages/base_page.py", line 293, in element_is_visible
    return Wait(self.browser, timeout).until(
           ^^^^^^^^^^^^^^^^^^^^^^^^^^^^^^^^^^
  File "/home/runner/.cache/pypoetry/virtualenvs/testcapitalcompyse-cIj6ROMf-py3.11/lib/python3.11/site-packages/selenium/webdriver/support/wait.py", line 105, in until
    raise TimeoutException(message, screen, stacktrace)
selenium.common.exceptions.TimeoutException: Message: 
Stacktrace:
#0 0x55ef7f6f4f83 <unknown>
#1 0x55ef7f3adcf7 <unknown>
#2 0x55ef7f3fd99e <unknown>
#3 0x55ef7f3fdaa1 <unknown>
#4 0x55ef7f448d64 <unknown>
#5 0x55ef7f4270dd <unknown>
#6 0x55ef7f446006 <unknown>
#7 0x55ef7f426e53 <unknown>
#8 0x55ef7f3eedd4 <unknown>
#9 0x55ef7f3f01de <unknown>
#10 0x55ef7f6b9531 <unknown>
#11 0x55ef7f6bd455 <unknown>
#12 0x55ef7f6a5f55 <unknown>
#13 0x55ef7f6be0ef <unknown>
#14 0x55ef7f68999f <unknown>
#15 0x55ef7f6e2008 <unknown>
#16 0x55ef7f6e21d7 <unknown>
#17 0x55ef7f6f4124 <unknown>
#18 0x7f2398694ac3 <unknown>

2024-01-26 16:04:58 ERROR Elements not present after 0.5 seconds on page: https://capital.com/trading/signup
2024-01-26 16:04:58 ERROR 
Traceback (most recent call last):
  File "/home/runner/work/SeleniumCapital/SeleniumCapital/pages/base_page.py", line 82, in inner_function
    return func(*args, **kwargs)
           ^^^^^^^^^^^^^^^^^^^^^
  File "/home/runner/work/SeleniumCapital/SeleniumCapital/pages/base_page.py", line 293, in element_is_visible
    return Wait(self.browser, timeout).until(
           ^^^^^^^^^^^^^^^^^^^^^^^^^^^^^^^^^^
  File "/home/runner/.cache/pypoetry/virtualenvs/testcapitalcompyse-cIj6ROMf-py3.11/lib/python3.11/site-packages/selenium/webdriver/support/wait.py", line 105, in until
    raise TimeoutException(message, screen, stacktrace)
selenium.common.exceptions.TimeoutException: Message: 
Stacktrace:
#0 0x55ef7f6f4f83 <unknown>
#1 0x55ef7f3adcf7 <unknown>
#2 0x55ef7f3fd99e <unknown>
#3 0x55ef7f3fdaa1 <unknown>
#4 0x55ef7f448d64 <unknown>
#5 0x55ef7f4270dd <unknown>
#6 0x55ef7f446006 <unknown>
#7 0x55ef7f426e53 <unknown>
#8 0x55ef7f3eedd4 <unknown>
#9 0x55ef7f3f01de <unknown>
#10 0x55ef7f6b9531 <unknown>
#11 0x55ef7f6bd455 <unknown>
#12 0x55ef7f6a5f55 <unknown>
#13 0x55ef7f6be0ef <unknown>
#14 0x55ef7f68999f <unknown>
#15 0x55ef7f6e2008 <unknown>
#16 0x55ef7f6e21d7 <unknown>
#17 0x55ef7f6f4124 <unknown>
#18 0x7f2398694ac3 <unknown>

2024-01-26 16:05:04 ERROR Elements not present after 0.5 seconds on page: https://capital.com/trading/signup
2024-01-26 16:05:04 ERROR 
Traceback (most recent call last):
  File "/home/runner/work/SeleniumCapital/SeleniumCapital/pages/base_page.py", line 82, in inner_function
    return func(*args, **kwargs)
           ^^^^^^^^^^^^^^^^^^^^^
  File "/home/runner/work/SeleniumCapital/SeleniumCapital/pages/base_page.py", line 293, in element_is_visible
    return Wait(self.browser, timeout).until(
           ^^^^^^^^^^^^^^^^^^^^^^^^^^^^^^^^^^
  File "/home/runner/.cache/pypoetry/virtualenvs/testcapitalcompyse-cIj6ROMf-py3.11/lib/python3.11/site-packages/selenium/webdriver/support/wait.py", line 105, in until
    raise TimeoutException(message, screen, stacktrace)
selenium.common.exceptions.TimeoutException: Message: 
Stacktrace:
#0 0x55ef7f6f4f83 <unknown>
#1 0x55ef7f3adcf7 <unknown>
#2 0x55ef7f3fd99e <unknown>
#3 0x55ef7f3fdaa1 <unknown>
#4 0x55ef7f448d64 <unknown>
#5 0x55ef7f4270dd <unknown>
#6 0x55ef7f446006 <unknown>
#7 0x55ef7f426e53 <unknown>
#8 0x55ef7f3eedd4 <unknown>
#9 0x55ef7f3f01de <unknown>
#10 0x55ef7f6b9531 <unknown>
#11 0x55ef7f6bd455 <unknown>
#12 0x55ef7f6a5f55 <unknown>
#13 0x55ef7f6be0ef <unknown>
#14 0x55ef7f68999f <unknown>
#15 0x55ef7f6e2008 <unknown>
#16 0x55ef7f6e21d7 <unknown>
#17 0x55ef7f6f4124 <unknown>
#18 0x7f2398694ac3 <unknown>

2024-01-26 16:05:09 ERROR Elements not present after 0.5 seconds on page: https://capital.com/trading/signup
2024-01-26 16:05:09 ERROR 
Traceback (most recent call last):
  File "/home/runner/work/SeleniumCapital/SeleniumCapital/pages/base_page.py", line 82, in inner_function
    return func(*args, **kwargs)
           ^^^^^^^^^^^^^^^^^^^^^
  File "/home/runner/work/SeleniumCapital/SeleniumCapital/pages/base_page.py", line 293, in element_is_visible
    return Wait(self.browser, timeout).until(
           ^^^^^^^^^^^^^^^^^^^^^^^^^^^^^^^^^^
  File "/home/runner/.cache/pypoetry/virtualenvs/testcapitalcompyse-cIj6ROMf-py3.11/lib/python3.11/site-packages/selenium/webdriver/support/wait.py", line 105, in until
    raise TimeoutException(message, screen, stacktrace)
selenium.common.exceptions.TimeoutException: Message: 
Stacktrace:
#0 0x55ef7f6f4f83 <unknown>
#1 0x55ef7f3adcf7 <unknown>
#2 0x55ef7f3fd99e <unknown>
#3 0x55ef7f3fdaa1 <unknown>
#4 0x55ef7f448d64 <unknown>
#5 0x55ef7f4270dd <unknown>
#6 0x55ef7f446006 <unknown>
#7 0x55ef7f426e53 <unknown>
#8 0x55ef7f3eedd4 <unknown>
#9 0x55ef7f3f01de <unknown>
#10 0x55ef7f6b9531 <unknown>
#11 0x55ef7f6bd455 <unknown>
#12 0x55ef7f6a5f55 <unknown>
#13 0x55ef7f6be0ef <unknown>
#14 0x55ef7f68999f <unknown>
#15 0x55ef7f6e2008 <unknown>
#16 0x55ef7f6e21d7 <unknown>
#17 0x55ef7f6f4124 <unknown>
#18 0x7f2398694ac3 <unknown>

2024-01-26 16:05:16 ERROR Elements not present after 0.5 seconds on page: https://capital.com/trading/signup
2024-01-26 16:05:16 ERROR 
Traceback (most recent call last):
  File "/home/runner/work/SeleniumCapital/SeleniumCapital/pages/base_page.py", line 82, in inner_function
    return func(*args, **kwargs)
           ^^^^^^^^^^^^^^^^^^^^^
  File "/home/runner/work/SeleniumCapital/SeleniumCapital/pages/base_page.py", line 293, in element_is_visible
    return Wait(self.browser, timeout).until(
           ^^^^^^^^^^^^^^^^^^^^^^^^^^^^^^^^^^
  File "/home/runner/.cache/pypoetry/virtualenvs/testcapitalcompyse-cIj6ROMf-py3.11/lib/python3.11/site-packages/selenium/webdriver/support/wait.py", line 105, in until
    raise TimeoutException(message, screen, stacktrace)
selenium.common.exceptions.TimeoutException: Message: 
Stacktrace:
#0 0x55ef7f6f4f83 <unknown>
#1 0x55ef7f3adcf7 <unknown>
#2 0x55ef7f3fd99e <unknown>
#3 0x55ef7f3fdaa1 <unknown>
#4 0x55ef7f448d64 <unknown>
#5 0x55ef7f4270dd <unknown>
#6 0x55ef7f446006 <unknown>
#7 0x55ef7f426e53 <unknown>
#8 0x55ef7f3eedd4 <unknown>
#9 0x55ef7f3f01de <unknown>
#10 0x55ef7f6b9531 <unknown>
#11 0x55ef7f6bd455 <unknown>
#12 0x55ef7f6a5f55 <unknown>
#13 0x55ef7f6be0ef <unknown>
#14 0x55ef7f68999f <unknown>
#15 0x55ef7f6e2008 <unknown>
#16 0x55ef7f6e21d7 <unknown>
#17 0x55ef7f6f4124 <unknown>
#18 0x7f2398694ac3 <unknown>