


2024-01-26 15:13:38.412652   0. Get Values row =>
2024-01-26 15:13:38.412681   Row # = 481
2024-01-26 15:13:38.412691   Row Values = 
['Bid:11.03.01.00_02-de.gb.NoAuth', 'Ubuntu 22.04', 'Chrome', '11.03.01.00', '_02', 'de', 'gb', 'FCA', 'NoAuth', '', 'Education', 'Trading strategies guide', 'Click Main banner > Button [Try demo]', 'Click Main banner > Button [Try demo]', '', '05', "Bug # 05. Opened a 'Sign up' form instead of a 'Login'", '', '', '', '23/01/24', 'failed']

2024-01-26 15:13:38.412773   1. Run pretest =>

2024-01-26 15:13:38.412786   row_loc = 
['Bid:11.03.01.00_02-de.gb.NoAuth', 'Ubuntu 22.04', 'Chrome', '11.03.01.00', '_02', 'de', 'gb', 'FCA', 'NoAuth', '', 'Education', 'Trading strategies guide', 'Click Main banner > Button [Try demo]', 'Click Main banner > Button [Try demo]', '', '05', "Bug # 05. Opened a 'Sign up' form instead of a 'Login'", '', '', '', '23/01/24', 'failed']

2024-01-26 15:13:38.412801   => 1. Pretest finished

2024-01-26 15:13:38.412864   2. Run run_pytest with Bid = Bid:11.03.01.00_02-de.gb.NoAuth from row =>

2024-01-26 15:13:38.412877   2.2. Run poetry run pytest ... in subprocess =>

2024-01-26 15:13:38.412889   Run command: 
poetry run pytest --retest=True --browser_name=Chrome --lang=de --country=gb --role=NoAuth -m test_02 -v \tests/US_11_Education/US_11-03-01_trading_strategies_guide/US_11-03-01-00_trading_strategies_guide_test.py

2024-01-26 15:14:29.379899   => 2.2. pytest ... as subprocess finished

2024-01-26 15:14:29.379949   => 2. Autotest with Bid = Bid:11.03.01.00_02-de.gb.NoAuth from row finished

2024-01-26 15:14:29.380018   3. Run check_results =>
2024-01-26 15:14:29.380039   test_results: 
============================= test session starts ==============================
platform linux -- Python 3.11.7, pytest-7.4.4, pluggy-1.3.0 -- /home/runner/.cache/pypoetry/virtualenvs/testcapitalcompyse-cIj6ROMf-py3.11/bin/python
cachedir: .pytest_cache
metadata: {'Python': '3.11.7', 'Platform': 'Linux-6.2.0-1018-azure-x86_64-with-glibc2.35', 'Packages': {'pytest': '7.4.4', 'pluggy': '1.3.0'}, 'Plugins': {'metadata': '3.0.0', 'timeout': '2.2.0', 'html': '4.1.1', 'xdist': '3.5.0', 'allure-pytest': '2.13.2'}, 'CI': 'true', 'JAVA_HOME': '/usr/lib/jvm/temurin-11-jdk-amd64'}
rootdir: /home/runner/work/SeleniumCapital/SeleniumCapital
configfile: pytest.ini
plugins: metadata-3.0.0, timeout-2.2.0, html-4.1.1, xdist-3.5.0, allure-pytest-2.13.2
collecting ... collected 5 items / 4 deselected / 1 selected

tests/US_11_Education/US_11-03-01_trading_strategies_guide/US_11-03-01-00_trading_strategies_guide_test.py::TestTradingStrategiesGuides::test_02_main_banner_try_demo_button[Chrome--ae-NoAuth-aqa.tomelo.an@gmail.com-iT9Vgqi6d$fiZ*Z] FAILED [100%]

=================================== FAILURES ===================================
_ TestTradingStrategiesGuides.test_02_main_banner_try_demo_button[Chrome--ae-NoAuth-aqa.tomelo.an@gmail.com-iT9Vgqi6d$fiZ*Z] _

self = <US_11-03-01-00_trading_strategies_guide_test.TestTradingStrategiesGuides object at 0x7fecbbc2f210>
worker_id = 'master'
d = <selenium.webdriver.chrome.webdriver.WebDriver (session="875f3144f57a217138f7cd0ee8d562a2")>
cur_language = 'de', cur_country = 'gb', cur_role = 'NoAuth'
cur_login = 'aqa.tomelo.an@gmail.com', cur_password = 'iT9Vgqi6d$fiZ*Z'

    @allure.step("Start test_11.03.01_02 of button [Try demo] on Main banner")
    @pytest.mark.test_02
    def test_02_main_banner_try_demo_button(
            self, worker_id, d, cur_language, cur_country, cur_role, cur_login, cur_password):
        """
        Check: Button [Try demo] on Main banner
        Language: All. License: All.
        """
        bid = build_dynamic_arg_v4(
            d, worker_id, cur_language, cur_country, cur_role,
            "11.03.01", "Education > Menu item [Trading Strategies Guides]",
            ".00_02", "Testing button [Try demo] on Main banner")
    
        Common().skip_if_eng_lang_and_fca_license(cur_language, cur_country)
    
        Common().check_language_in_list_and_skip_if_not_present(cur_language, ["", "de", "es", "it", "cn", "ru", "zh"])
    
        page_conditions = Conditions(d, "")
        link = page_conditions.preconditions(
            d, CapitalComPageSrc.URL, "", cur_language, cur_country, cur_role, cur_login, cur_password)
    
        page_menu = MenuSection(d, link)
        page_menu.menu_education_move_focus(d, cur_language, cur_country)
        cur_page_url = page_menu.sub_menu_trading_strategies_guide_move_focus_click(d, cur_language)
    
        test_element = MainBannerTryDemo(d, cur_page_url, bid)
>       test_element.full_test_with_tpi(d, cur_language, cur_country, cur_role, cur_page_url)

tests/US_11_Education/US_11-03-01_trading_strategies_guide/US_11-03-01-00_trading_strategies_guide_test.py:81: 
_ _ _ _ _ _ _ _ _ _ _ _ _ _ _ _ _ _ _ _ _ _ _ _ _ _ _ _ _ _ _ _ _ _ _ _ _ _ _ _ 
pages/Elements/ButtonTryDemoMainBanner.py:28: in full_test_with_tpi
    test_element.assert_login(d, cur_language, cur_item_link)
_ _ _ _ _ _ _ _ _ _ _ _ _ _ _ _ _ _ _ _ _ _ _ _ _ _ _ _ _ _ _ _ _ _ _ _ _ _ _ _ 

self = <pages.Elements.AssertClass.AssertClass object at 0x7fecbc367750>
d = <selenium.webdriver.chrome.webdriver.WebDriver (session="875f3144f57a217138f7cd0ee8d562a2")>
cur_language = 'de'
cur_link = 'https://capital.com/de/trading-strategien-leitfaden'

    @allure.step('Checking that "Login" form or page opened')
    def assert_login(self, d, cur_language, cur_link):
        """Method Assert Login form or page"""
        print(f"\n{datetime.now()}   3. Assert_Login_v0")
        self.page_signup_login = SignupLogin(d, cur_link)
        if self.page_signup_login.should_be_login_form():
            self.page_signup_login.close_login_form()
            del self.page_signup_login
        elif self.page_signup_login.should_be_login_page():
            self.page_signup_login.close_login_page()
            del self.page_signup_login
        elif self.page_signup_login.should_be_trading_platform_login_form(cur_language):
            self.page_signup_login.close_trading_platform_login_form()
            del self.page_signup_login
        elif self.page_signup_login.should_be_signup_form(cur_language):
            del self.page_signup_login
            print(f'\nBug: {self.bid}')
            retest_table_fill(self.bid, '05', self.link)
>           assert False, "Bug # 05. Opened a 'Sign up' form instead of a 'Login'"
E           AssertionError: Bug # 05. Opened a 'Sign up' form instead of a 'Login'

pages/Elements/AssertClass.py:69: AssertionError
---------------------------- Captured stdout setup -----------------------------

2024-01-26 15:13:39.227685   *** autouse fixture Chrome ***

{'width': 1280, 'height': 720}
Current test language - de
Current country of trading - gb



Current test role - NoAuth
Current login - aqa.tomelo.an@gmail.com
Current login - iT9Vgqi6d$fiZ*Z
----------------------------- Captured stdout call -----------------------------
{'width': 1280, 'height': 720}

2024-01-26 15:13:40.109264   worker_id = master

2024-01-26 15:13:40.109282   0. Allure grouping v4


2024-01-26 15:13:40.109478   START PRECONDITIONS =>

2024-01-26 15:13:41.540381   Load page https://capital.com

2024-01-26 15:13:41.540452   {'width': 1280, 'height': 720}

2024-01-26 15:13:41.541992   Set windows position at (0, 0) =>

2024-01-26 15:13:41.688785   Set resolution 1280 * 720 =>

2024-01-26 15:13:41.793171   => Resolution seted {'width': 1280, 'height': 720}

2024-01-26 15:13:46.821143   Капчи нет. Тестим дальше

2024-01-26 15:13:46.821249   Prev. Role: ?

2024-01-26 15:13:46.821270   Run preconditions: set "NoAuth" Role =>
2024-01-26 15:13:47.513695   Load page https://capital.com

2024-01-26 15:13:47.706577   => All cookies are deleted
2024-01-26 15:13:48.504241   Load page https://capital.com

2024-01-26 15:13:48.504443   Step 'Click button [Accept all cookies]'
2024-01-26 15:13:53.560413   Is Visible Button [Accept all cookies]? =>
2024-01-26 15:13:53.580947   => Button [Accept all cookies] is visible
2024-01-26 15:13:54.581063   Is clickable Button [Accept all cookies] =>
2024-01-26 15:13:54.607131   => Button [Accept all cookies] is clickable
2024-01-26 15:13:54.607169   Click Button [Accept all cookies] =>
2024-01-26 15:13:54.677486   => Button [Accept all cookies] is clicked
2024-01-26 15:13:54.677530   => Accepted All Cookies

2024-01-26 15:13:55.177990   Start Autorization

2024-01-26 15:13:55.178137   2. Act
2024-01-26 15:13:55.178158   Start Click button [Log in] =>
2024-01-26 15:13:55.205013   BUTTON_LOGIN scroll =>
2024-01-26 15:13:55.220735   Is BUTTON_LOGIN clickable? =>
2024-01-26 15:13:55.238168   => BUTTON_LOGIN is clickable
2024-01-26 15:13:55.238198   BUTTON_LOGIN click =>
2024-01-26 15:13:55.294383   => BUTTON_LOGIN is clicked!
2024-01-26 15:13:55.294489   => 'Login' form is opened
2024-01-26 15:13:56.281366   => "login" and "password" are inputted
2024-01-26 15:13:56.281412   Click [Continue] button on [Login] form =>
2024-01-26 15:13:56.405797   => [Continue] button on [Login] form is clicked
2024-01-26 15:13:59.533058   Start check that the Trading platform page is loaded and LOGO is present on it =>
2024-01-26 15:13:59.533108   Set timeout = 30
2024-01-26 15:13:59.533134   Wait until load page with special title =>
2024-01-26 15:13:59.535908   => Page with title "Trading Platform | Capital.com" is loaded
2024-01-26 15:13:59.535930   Is present LOGO on this page? =>
2024-01-26 15:14:00.986524   => LOGO is visible on this page
2024-01-26 15:14:00.986609   -> "Capital.com" logo is present on trading platform page

2024-01-26 15:14:02.146720   Start DeAuthorisation
2024-01-26 15:14:02.146847   1. BUTTON_MY_ACCOUNT is present? =>
2024-01-26 15:14:02.163523   => BUTTON_MY_ACCOUNT is present on this page
2024-01-26 15:14:03.467221   => Move to BUTTON_MY_ACCOUNT
2024-01-26 15:14:03.467264   2. BUTTON_MY_ACCOUNT is clickable? =>
2024-01-26 15:14:03.489350   => BUTTON_MY_ACCOUNT is clickable
2024-01-26 15:14:03.489386   BUTTON_MY_ACCOUNT Click =>
2024-01-26 15:14:04.332599   => User panel [My account] is opened

2024-01-26 15:14:04.332851   Start Click [Logout] button:
2024-01-26 15:14:04.332873   BUTTON_LOGOUT is present? =>
2024-01-26 15:14:04.343738   => BUTTON_LOGOUT is present
2024-01-26 15:14:04.343769   Is visible BUTTON_LOGOUT? =>
2024-01-26 15:14:04.372951   BUTTON_LOGOUT is clickable? =>
2024-01-26 15:14:04.397164   BUTTON_LOGOUT click =>
2024-01-26 15:14:04.469857   => BUTTON_LOGOUT is clicked

2024-01-26 15:14:04.470022   Current role: NoAuth

2024-01-26 15:14:04.470053   Prev language: ?

2024-01-26 15:14:04.470067   Run preconditions: set "de" language =>


2024-01-26 15:14:04.513691   => Language and Country menu is present


2024-01-26 15:14:04.536595   => Language and Country menu is visible


2024-01-26 15:14:06.319416   => Focus is moved on Language and Country menu 

2024-01-26 15:14:08.230027   => Current language: de

2024-01-26 15:14:08.230069   Prev country: ?

2024-01-26 15:14:08.230079   Run preconditions: set "gb" country =>


2024-01-26 15:14:08.243910   => Language and Country menu is present


2024-01-26 15:14:08.263300   => Language and Country menu is visible


2024-01-26 15:14:10.035468   => Focus is moved on Language and Country menu 

2024-01-26 15:14:12.227418   => Current country: gb

2024-01-26 15:14:12.227473   => THE END PRECONDITIONS
2024-01-26 15:14:12.743392   => Education menu is present
2024-01-26 15:14:12.774796   => Education menu is visible
2024-01-26 15:14:14.050007   => Education menu focus moved

2024-01-26 15:14:15.728035   1. Arrange_v0
2024-01-26 15:14:15.732924   BUTTON_TRY_DEMO is visible? =>
2024-01-26 15:14:15.773646   => BUTTON_TRY_DEMO is visible on the page!

2024-01-26 15:14:15.773858   2. Act_v0
2024-01-26 15:14:15.773880   BUTTON_TRY_DEMO is present? =>
2024-01-26 15:14:15.783888   => BUTTON_TRY_DEMO is present on the page!
2024-01-26 15:14:15.783911   BUTTON_TRY_DEMO scroll =>
2024-01-26 15:14:15.836702   => BUTTON_TRY_DEMO clicked!

2024-01-26 15:14:15.837007   3. Assert_Login_v0
2024-01-26 15:14:15.837132   Check that 'Login' form is opened
2024-01-26 15:14:21.356384   'Login' form not opened
2024-01-26 15:14:21.359268   'Login' page not opened
2024-01-26 15:14:26.911373   'Login' form on trading platform not opened
2024-01-26 15:14:26.911556   Start step Check that [Sign up] form is opened
2024-01-26 15:14:26.927684   'Sign up' form opened
2024-01-26 15:14:26.927706   Assert SIGNUP_HEADER =>
2024-01-26 15:14:26.941195   Assert SIGNUP_REF_LOGIN =>
2024-01-26 15:14:26.954475   Assert SIGNUP_PRIVACY_POLICY_ALL_2 =>
2024-01-26 15:14:26.968555   => SIGNUP_PRIVACY_POLICY_ALL
2024-01-26 15:14:26.968581   => 'Signup' form is checked

Bug: Bid:11.03.01.00_02-de.gb.NoAuth

2024-01-26 15:14:26.968652   Проверка бага в таблице ретеста  =>

2024-01-26 15:14:26.974248   4. Fixing one row check results into Google Sheet Bugs Report =>
1 cells updated.
2024-01-26 15:14:27.512076   => 4. One row check results into Google Sheet Bugs Report fixed

2024-01-26 15:14:28.046623   4. Fixing one row check results into Google Sheet Bugs Report =>
1 cells updated.
2024-01-26 15:14:28.396415   => 4. One row check results into Google Sheet Bugs Report fixed

2024-01-26 15:14:28.396491   Bug: Bid:11.03.01.00_02-de.gb.NoAuth уже существует, но тип бага изменился с 23/01/24 на 05

2024-01-26 15:14:28.396897   Bug: Bid:11.03.01.00_02-de.gb.NoAuth-05 уже существует

2024-01-26 15:14:28.397046   4. Fixing one row check results into Google Sheet Bugs Report =>
1 cells updated.
2024-01-26 15:14:28.987623   => 4. One row check results into Google Sheet Bugs Report fixed
------------------------------ Captured log call -------------------------------
2024-01-26 15:14:21 ERROR Elements not present after 0.5 seconds on page: https://capital.com/de/trading-strategien-leitfaden
2024-01-26 15:14:21 ERROR 
Traceback (most recent call last):
  File "/home/runner/work/SeleniumCapital/SeleniumCapital/pages/base_page.py", line 82, in inner_function
    return func(*args, **kwargs)
           ^^^^^^^^^^^^^^^^^^^^^
  File "/home/runner/work/SeleniumCapital/SeleniumCapital/pages/base_page.py", line 293, in element_is_visible
    return Wait(self.browser, timeout).until(
           ^^^^^^^^^^^^^^^^^^^^^^^^^^^^^^^^^^
  File "/home/runner/.cache/pypoetry/virtualenvs/testcapitalcompyse-cIj6ROMf-py3.11/lib/python3.11/site-packages/selenium/webdriver/support/wait.py", line 105, in until
    raise TimeoutException(message, screen, stacktrace)
selenium.common.exceptions.TimeoutException: Message: 
Stacktrace:
#0 0x559f297dcf83 <unknown>
#1 0x559f29495cf7 <unknown>
#2 0x559f294e599e <unknown>
#3 0x559f294e5aa1 <unknown>
#4 0x559f29530d64 <unknown>
#5 0x559f2950f0dd <unknown>
#6 0x559f2952e006 <unknown>
#7 0x559f2950ee53 <unknown>
#8 0x559f294d6dd4 <unknown>
#9 0x559f294d81de <unknown>
#10 0x559f297a1531 <unknown>
#11 0x559f297a5455 <unknown>
#12 0x559f2978df55 <unknown>
#13 0x559f297a60ef <unknown>
#14 0x559f2977199f <unknown>
#15 0x559f297ca008 <unknown>
#16 0x559f297ca1d7 <unknown>
#17 0x559f297dc124 <unknown>
#18 0x7f1ce9a94ac3 <unknown>

2024-01-26 15:14:26 ERROR Elements not present after 0.5 seconds on page: https://capital.com/de/trading-strategien-leitfaden
2024-01-26 15:14:26 ERROR 
Traceback (most recent call last):
  File "/home/runner/work/SeleniumCapital/SeleniumCapital/pages/base_page.py", line 82, in inner_function
    return func(*args, **kwargs)
           ^^^^^^^^^^^^^^^^^^^^^
  File "/home/runner/work/SeleniumCapital/SeleniumCapital/pages/base_page.py", line 293, in element_is_visible
    return Wait(self.browser, timeout).until(
           ^^^^^^^^^^^^^^^^^^^^^^^^^^^^^^^^^^
  File "/home/runner/.cache/pypoetry/virtualenvs/testcapitalcompyse-cIj6ROMf-py3.11/lib/python3.11/site-packages/selenium/webdriver/support/wait.py", line 105, in until
    raise TimeoutException(message, screen, stacktrace)
selenium.common.exceptions.TimeoutException: Message: 
Stacktrace:
#0 0x559f297dcf83 <unknown>
#1 0x559f29495cf7 <unknown>
#2 0x559f294e599e <unknown>
#3 0x559f294e5aa1 <unknown>
#4 0x559f29530d64 <unknown>
#5 0x559f2950f0dd <unknown>
#6 0x559f2952e006 <unknown>
#7 0x559f2950ee53 <unknown>
#8 0x559f294d6dd4 <unknown>
#9 0x559f294d81de <unknown>
#10 0x559f297a1531 <unknown>
#11 0x559f297a5455 <unknown>
#12 0x559f2978df55 <unknown>
#13 0x559f297a60ef <unknown>
#14 0x559f2977199f <unknown>
#15 0x559f297ca008 <unknown>
#16 0x559f297ca1d7 <unknown>
#17 0x559f297dc124 <unknown>
#18 0x7f1ce9a94ac3 <unknown>
--------------------------- Captured stdout teardown ---------------------------

2024-01-26 15:14:29.295139   *** end fixture Browser = teardown ***

=============================== warnings summary ===============================
tests/US_11_Education/US_11-03-01_trading_strategies_guide/US_11-03-01-00_trading_strategies_guide_test.py::TestTradingStrategiesGuides::test_02_main_banner_try_demo_button[Chrome--ae-NoAuth-aqa.tomelo.an@gmail.com-iT9Vgqi6d$fiZ*Z]
  /home/runner/.cache/pypoetry/virtualenvs/testcapitalcompyse-cIj6ROMf-py3.11/lib/python3.11/site-packages/pytest_html/plugin.py:133: DeprecationWarning: The 'report.extra' attribute is deprecated and will be removed in a future release, use 'report.extras' instead.
    warnings.warn(

-- Docs: https://docs.pytest.org/en/stable/how-to/capture-warnings.html
- Generated html report: file:///home/runner/work/SeleniumCapital/SeleniumCapital/report/report.html -
=========================== short test summary info ============================
FAILED tests/US_11_Education/US_11-03-01_trading_strategies_guide/US_11-03-01-00_trading_strategies_guide_test.py::TestTradingStrategiesGuides::test_02_main_banner_try_demo_button[Chrome--ae-NoAuth-aqa.tomelo.an@gmail.com-iT9Vgqi6d$fiZ*Z] - AssertionError: Bug # 05. Opened a 'Sign up' form instead of a 'Login'
================= 1 failed, 4 deselected, 1 warning in 50.22s ==================

2024-01-26 15:14:29.380441   => Текущий тест: 1 failed

2024-01-26 15:14:29.381423   => 3. check_results finished

2024-01-26 15:14:29.381564   4. Fixing one row check results into Google Sheet Bugs Report =>
1 cells updated.
2024-01-26 15:14:29.574178   => 4. One row check results into Google Sheet Bugs Report fixed
