


2024-01-26 14:48:49.759483   0. Get Values row =>
2024-01-26 14:48:49.759510   Row # = 244
2024-01-26 14:48:49.759520   Row Values = 
['Bid:11.02.03.00_09-fr.gb.NoAuth', 'Ubuntu 22.04', 'Chrome', '11.02.03.00', '_09', 'fr', 'gb', 'FCA', 'NoAuth', '', 'Education', 'Commodities trading', '', '', '', '06', "Bug # 06. Opened a 'Sign up' page instead of a 'Login'", '', '', '', '23/01/24', 'failed']

2024-01-26 14:48:49.759603   1. Run pretest =>

2024-01-26 14:48:49.759615   row_loc = 
['Bid:11.02.03.00_09-fr.gb.NoAuth', 'Ubuntu 22.04', 'Chrome', '11.02.03.00', '_09', 'fr', 'gb', 'FCA', 'NoAuth', '', 'Education', 'Commodities trading', '', '', '', '06', "Bug # 06. Opened a 'Sign up' page instead of a 'Login'", '', '', '', '23/01/24', 'failed']

2024-01-26 14:48:49.759630   => 1. Pretest finished

2024-01-26 14:48:49.759696   2. Run run_pytest with Bid = Bid:11.02.03.00_09-fr.gb.NoAuth from row =>

2024-01-26 14:48:49.759709   2.2. Run poetry run pytest ... in subprocess =>

2024-01-26 14:48:49.759721   Run command: 
poetry run pytest --retest=True --browser_name=Chrome --lang=fr --country=gb --role=NoAuth -m test_09 -v \tests/US_11_Education/US_11-02-03_Commodities_trading/us_11-02-03-00_Commodities_trading_test.py

2024-01-26 14:50:02.468226   => 2.2. pytest ... as subprocess finished

2024-01-26 14:50:02.468279   => 2. Autotest with Bid = Bid:11.02.03.00_09-fr.gb.NoAuth from row finished

2024-01-26 14:50:02.468359   3. Run check_results =>
2024-01-26 14:50:02.468391   test_results: 
============================= test session starts ==============================
platform linux -- Python 3.11.7, pytest-7.4.4, pluggy-1.3.0 -- /home/runner/.cache/pypoetry/virtualenvs/testcapitalcompyse-cIj6ROMf-py3.11/bin/python
cachedir: .pytest_cache
metadata: {'Python': '3.11.7', 'Platform': 'Linux-6.2.0-1018-azure-x86_64-with-glibc2.35', 'Packages': {'pytest': '7.4.4', 'pluggy': '1.3.0'}, 'Plugins': {'metadata': '3.0.0', 'timeout': '2.2.0', 'html': '4.1.1', 'xdist': '3.5.0', 'allure-pytest': '2.13.2'}, 'CI': 'true', 'JAVA_HOME': '/usr/lib/jvm/temurin-11-jdk-amd64'}
rootdir: /home/runner/work/SeleniumCapital/SeleniumCapital
configfile: pytest.ini
plugins: metadata-3.0.0, timeout-2.2.0, html-4.1.1, xdist-3.5.0, allure-pytest-2.13.2
collecting ... collected 7 items / 6 deselected / 1 selected

tests/US_11_Education/US_11-02-03_Commodities_trading/us_11-02-03-00_Commodities_trading_test.py::TestCommoditiesTradingPretest::test_09_block_hor_banner_button[Chrome--ae-NoAuth-aqa.tomelo.an@gmail.com-iT9Vgqi6d$fiZ*Z] FAILED [100%]

=================================== FAILURES ===================================
_ TestCommoditiesTradingPretest.test_09_block_hor_banner_button[Chrome--ae-NoAuth-aqa.tomelo.an@gmail.com-iT9Vgqi6d$fiZ*Z] _

self = <us_11-02-03-00_Commodities_trading_test.TestCommoditiesTradingPretest object at 0x7f69f0058050>
worker_id = 'master'
d = <selenium.webdriver.chrome.webdriver.WebDriver (session="1d1a64336305be3464ebec7261ed571f")>
cur_language = 'fr', cur_country = 'gb', cur_role = 'NoAuth'
cur_login = 'aqa.tomelo.an@gmail.com', cur_password = 'iT9Vgqi6d$fiZ*Z'

    @allure.step("Start test of button in block [Horizontal banner]")
    # @pytest.mark.skip(reason="Skipped for debugging")
    @pytest.mark.test_09
    def test_09_block_hor_banner_button(
            self, worker_id, d, cur_language, cur_country, cur_role, cur_login, cur_password):
        """
        Check the [Button] on the Horizontal banner at the bottom of the page.
        For "Authorized user" role:
        The trading platform page is opened depend on the banner [type-id]:
                Live mode if the banner in the Live mode banners list
                Demo mode if the banner in the Demo mode banners list
        """
    
        bid = build_dynamic_arg_v4(
            d, worker_id, cur_language, cur_country, cur_role,
            "11.02.03", "Education > Menu item [Commodities trading]",
            ".00_09", "Testing button in block [Horizontal banner]")
    
        Common().skip_if_eng_lang_and_fca_license(cur_language, cur_country)
    
        check_language(cur_language)
        if cur_language in ["", "cn"]:
            Common().skip_test_for_language(cur_language)
    
        page_conditions = Conditions(d, "")
        main_page_link = page_conditions.preconditions(
            d, CapitalComPageSrc.URL, "", cur_language, cur_country, cur_role, cur_login, cur_password)
    
        # банеры должны открываться в Demo mode for US_00
        banner00_hor_tpd = ['103', '167', '252', '291', '197', '427']
        # банеры должны открываться в Live mode for US_00
        banner00_hor_tp = ['378', '390', '428', '220']
        # банеры должны открываться в Demo mode for US_01
        banner01_hor_tpd = []
        # банеры должны открываться в Live mode for US_01
        banner01_hor_tp = []
    
        page_menu = MenuSection(d, main_page_link)
        cur_menu_link = page_menu.open_education_commodities_trading_menu(d, cur_language, cur_country, main_page_link)
    
        test_element = ButtonOnHorizontalBanner(d, cur_menu_link, bid)
>       test_element.full_test_with_tpi(d, cur_language, cur_country, cur_role, cur_menu_link,
                                        banner00_hor_tpd, banner00_hor_tp, banner01_hor_tpd, banner01_hor_tp)

tests/US_11_Education/US_11-02-03_Commodities_trading/us_11-02-03-00_Commodities_trading_test.py:203: 
_ _ _ _ _ _ _ _ _ _ _ _ _ _ _ _ _ _ _ _ _ _ _ _ _ _ _ _ _ _ _ _ _ _ _ _ _ _ _ _ 
pages/Elements/ButtonOnHorizontalBanner.py:41: in full_test_with_tpi
    test_element.assert_login(d, cur_language, link)
_ _ _ _ _ _ _ _ _ _ _ _ _ _ _ _ _ _ _ _ _ _ _ _ _ _ _ _ _ _ _ _ _ _ _ _ _ _ _ _ 

self = <pages.Elements.AssertClass.AssertClass object at 0x7f69f0067710>
d = <selenium.webdriver.chrome.webdriver.WebDriver (session="1d1a64336305be3464ebec7261ed571f")>
cur_language = 'fr', cur_link = 'https://capital.com/fr/trade-commodities'

    @allure.step('Checking that "Login" form or page opened')
    def assert_login(self, d, cur_language, cur_link):
        """Method Assert Login form or page"""
        print(f"\n{datetime.now()}   3. Assert_Login_v0")
        self.page_signup_login = SignupLogin(d, cur_link)
        if self.page_signup_login.should_be_login_form():
            self.page_signup_login.close_login_form()
            del self.page_signup_login
        elif self.page_signup_login.should_be_login_page():
            self.page_signup_login.close_login_page()
            del self.page_signup_login
        elif self.page_signup_login.should_be_trading_platform_login_form(cur_language):
            self.page_signup_login.close_trading_platform_login_form()
            del self.page_signup_login
        elif self.page_signup_login.should_be_signup_form(cur_language):
            del self.page_signup_login
            print(f'\nBug: {self.bid}')
            retest_table_fill(self.bid, '05', self.link)
            assert False, "Bug # 05. Opened a 'Sign up' form instead of a 'Login'"
            # pytest.fail("Bug # 05. Opened a 'Sign up' form instead of a 'Login'", False)
        elif self.page_signup_login.should_be_signup_page(cur_language):
            del self.page_signup_login
            print(f'\nBug: {self.bid}')
            retest_table_fill(self.bid, '06', self.link)
>           assert False, "Bug # 06. Opened a 'Sign up' page instead of a 'Login'"
E           AssertionError: Bug # 06. Opened a 'Sign up' page instead of a 'Login'

pages/Elements/AssertClass.py:75: AssertionError
---------------------------- Captured stdout setup -----------------------------

2024-01-26 14:48:50.557428   *** autouse fixture Chrome ***

{'width': 1280, 'height': 720}
Current test language - fr
Current country of trading - gb



Current test role - NoAuth
Current login - aqa.tomelo.an@gmail.com
Current login - iT9Vgqi6d$fiZ*Z
----------------------------- Captured stdout call -----------------------------
{'width': 1280, 'height': 720}

2024-01-26 14:48:51.462869   worker_id = master

2024-01-26 14:48:51.462886   0. Allure grouping v4


2024-01-26 14:48:51.463074   START PRECONDITIONS =>

2024-01-26 14:48:53.034079   Load page https://capital.com

2024-01-26 14:48:53.034128   {'width': 1280, 'height': 720}

2024-01-26 14:48:53.048384   Set windows position at (0, 0) =>

2024-01-26 14:48:53.162065   Set resolution 1280 * 720 =>

2024-01-26 14:48:53.321282   => Resolution seted {'width': 1280, 'height': 720}

2024-01-26 14:48:58.371351   Капчи нет. Тестим дальше

2024-01-26 14:48:58.371461   Prev. Role: ?

2024-01-26 14:48:58.371479   Run preconditions: set "NoAuth" Role =>
2024-01-26 14:48:59.290414   Load page https://capital.com

2024-01-26 14:48:59.513997   => All cookies are deleted
2024-01-26 14:49:00.349825   Load page https://capital.com

2024-01-26 14:49:00.350039   Step 'Click button [Accept all cookies]'
2024-01-26 14:49:05.371100   Is Visible Button [Accept all cookies]? =>
2024-01-26 14:49:05.395216   => Button [Accept all cookies] is visible
2024-01-26 14:49:06.395338   Is clickable Button [Accept all cookies] =>
2024-01-26 14:49:06.419050   => Button [Accept all cookies] is clickable
2024-01-26 14:49:06.419084   Click Button [Accept all cookies] =>
2024-01-26 14:49:06.478922   => Button [Accept all cookies] is clicked
2024-01-26 14:49:06.478966   => Accepted All Cookies

2024-01-26 14:49:06.979507   Start Autorization

2024-01-26 14:49:06.979651   2. Act
2024-01-26 14:49:06.979671   Start Click button [Log in] =>
2024-01-26 14:49:06.990591   BUTTON_LOGIN scroll =>
2024-01-26 14:49:07.000939   Is BUTTON_LOGIN clickable? =>
2024-01-26 14:49:07.018627   => BUTTON_LOGIN is clickable
2024-01-26 14:49:07.018653   BUTTON_LOGIN click =>
2024-01-26 14:49:07.106881   => BUTTON_LOGIN is clicked!
2024-01-26 14:49:07.106992   => 'Login' form is opened
2024-01-26 14:49:08.038058   => "login" and "password" are inputted
2024-01-26 14:49:08.038112   Click [Continue] button on [Login] form =>
2024-01-26 14:49:08.150954   => [Continue] button on [Login] form is clicked
2024-01-26 14:49:11.071003   Start check that the Trading platform page is loaded and LOGO is present on it =>
2024-01-26 14:49:11.071042   Set timeout = 30
2024-01-26 14:49:11.071065   Wait until load page with special title =>
2024-01-26 14:49:11.075232   => Page with title "Trading Platform | Capital.com" is loaded
2024-01-26 14:49:11.075258   Is present LOGO on this page? =>
2024-01-26 14:49:12.453350   => LOGO is visible on this page
2024-01-26 14:49:12.453433   -> "Capital.com" logo is present on trading platform page

2024-01-26 14:49:13.726624   Start DeAuthorisation
2024-01-26 14:49:13.726745   1. BUTTON_MY_ACCOUNT is present? =>
2024-01-26 14:49:13.785010   => BUTTON_MY_ACCOUNT is present on this page
2024-01-26 14:49:15.078182   => Move to BUTTON_MY_ACCOUNT
2024-01-26 14:49:15.078222   2. BUTTON_MY_ACCOUNT is clickable? =>
2024-01-26 14:49:15.096688   => BUTTON_MY_ACCOUNT is clickable
2024-01-26 14:49:15.096716   BUTTON_MY_ACCOUNT Click =>
2024-01-26 14:49:15.922755   => User panel [My account] is opened

2024-01-26 14:49:15.922975   Start Click [Logout] button:
2024-01-26 14:49:15.922990   BUTTON_LOGOUT is present? =>
2024-01-26 14:49:15.935438   => BUTTON_LOGOUT is present
2024-01-26 14:49:15.935469   Is visible BUTTON_LOGOUT? =>
2024-01-26 14:49:15.948138   BUTTON_LOGOUT is clickable? =>
2024-01-26 14:49:15.960497   BUTTON_LOGOUT click =>
2024-01-26 14:49:16.016964   => BUTTON_LOGOUT is clicked

2024-01-26 14:49:16.017132   Current role: NoAuth

2024-01-26 14:49:16.017153   Prev language: ?

2024-01-26 14:49:16.017162   Run preconditions: set "fr" language =>


2024-01-26 14:49:16.057839   => Language and Country menu is present


2024-01-26 14:49:16.073846   => Language and Country menu is visible


2024-01-26 14:49:17.851092   => Focus is moved on Language and Country menu 

2024-01-26 14:49:19.680564   => Current language: fr

2024-01-26 14:49:19.680607   Prev country: ?

2024-01-26 14:49:19.680622   Run preconditions: set "gb" country =>


2024-01-26 14:49:19.688538   => Language and Country menu is present


2024-01-26 14:49:19.720350   => Language and Country menu is visible


2024-01-26 14:49:21.496421   => Focus is moved on Language and Country menu 

2024-01-26 14:49:23.835669   => Current country: gb

2024-01-26 14:49:23.835718   => THE END PRECONDITIONS

2024-01-26 14:49:23.835763   1. Cur URL = https://capital.com/fr?country=gb

2024-01-26 14:49:23.838647   2. Link = https://capital.com/fr
2024-01-26 14:49:24.404204   Load page https://capital.com/fr
2024-01-26 14:49:24.930539   => Education menu is present
2024-01-26 14:49:24.949377   => Education menu is visible
2024-01-26 14:49:26.242727   => Education menu focus moved

2024-01-26 14:49:27.977045   1. Arrange
2024-01-26 14:49:28.027515   BUTTON_ON_HOR_BANNER is visible? =>
2024-01-26 14:49:28.049081   => BUTTON_ON_HOR_BANNER is visible on the page!
2024-01-26 14:49:28.049249   Start Checking that form [Sign up] popped up on the page =>
2024-01-26 14:49:33.613554   '[Sign up]' form was not popped up

2024-01-26 14:49:33.613757   2. Act
2024-01-26 14:49:33.613776   BUTTON_ON_HOR_BANNER is present? =>
2024-01-26 14:49:33.622761   => BUTTON_ON_HOR_BANNER is present on the page!
2024-01-26 14:49:33.622786   BUTTON_ON_HOR_BANNER scroll =>
2024-01-26 14:49:34.525827   => BUTTON_ON_HOR_BANNER clicked!

2024-01-26 14:49:34.526105   3. Assert_Login_v0
2024-01-26 14:49:34.526192   Check that 'Login' form is opened
2024-01-26 14:49:41.215668   'Login' form not opened
2024-01-26 14:49:41.221262   'Login' page not opened
2024-01-26 14:49:46.787524   'Login' form on trading platform not opened
2024-01-26 14:49:46.787698   Start step Check that [Sign up] form is opened
2024-01-26 14:49:52.343991   'Sign up' form not opened
2024-01-26 14:49:52.344207   Start method Check that [Sign up] page opened =>
2024-01-26 14:49:53.348948   'Sign up' page opened
2024-01-26 14:49:53.348994   Assert SIGNUP_SIGNUP_FRAME =>
2024-01-26 14:49:53.362822   Assert SIGNUP_REF_LOGIN =>
2024-01-26 14:49:53.382922   Assert SIGNUP_PRIVACY_POLICY_ALL_1 =>
2024-01-26 14:49:58.898935   Assert SIGNUP_PRIVACY_POLICY_ALL_2 =>
2024-01-26 14:49:58.917883   => SIGNUP_PRIVACY_POLICY_ALL
2024-01-26 14:49:58.917911   => 'Signup' page is checked

Bug: Bid:11.02.03.00_09-fr.gb.NoAuth

2024-01-26 14:49:59.918122   Проверка бага в таблице ретеста  =>

2024-01-26 14:49:59.924981   4. Fixing one row check results into Google Sheet Bugs Report =>
1 cells updated.
2024-01-26 14:50:00.474962   => 4. One row check results into Google Sheet Bugs Report fixed

2024-01-26 14:50:01.026886   4. Fixing one row check results into Google Sheet Bugs Report =>
1 cells updated.
2024-01-26 14:50:01.342934   => 4. One row check results into Google Sheet Bugs Report fixed

2024-01-26 14:50:01.343003   Bug: Bid:11.02.03.00_09-fr.gb.NoAuth уже существует, но тип бага изменился с 23/01/24 на 06

2024-01-26 14:50:01.343411   Bug: Bid:11.02.03.00_09-fr.gb.NoAuth-06 уже существует

2024-01-26 14:50:01.343555   4. Fixing one row check results into Google Sheet Bugs Report =>
1 cells updated.
2024-01-26 14:50:01.796074   => 4. One row check results into Google Sheet Bugs Report fixed
------------------------------ Captured log call -------------------------------
2024-01-26 14:49:33 ERROR Elements not present after 0.5 seconds on page: https://capital.com/fr/trade-commodities
2024-01-26 14:49:33 ERROR 
Traceback (most recent call last):
  File "/home/runner/work/SeleniumCapital/SeleniumCapital/pages/base_page.py", line 82, in inner_function
    return func(*args, **kwargs)
           ^^^^^^^^^^^^^^^^^^^^^
  File "/home/runner/work/SeleniumCapital/SeleniumCapital/pages/base_page.py", line 293, in element_is_visible
    return Wait(self.browser, timeout).until(
           ^^^^^^^^^^^^^^^^^^^^^^^^^^^^^^^^^^
  File "/home/runner/.cache/pypoetry/virtualenvs/testcapitalcompyse-cIj6ROMf-py3.11/lib/python3.11/site-packages/selenium/webdriver/support/wait.py", line 105, in until
    raise TimeoutException(message, screen, stacktrace)
selenium.common.exceptions.TimeoutException: Message: 
Stacktrace:
#0 0x55669c551f83 <unknown>
#1 0x55669c20acf7 <unknown>
#2 0x55669c25a99e <unknown>
#3 0x55669c25aaa1 <unknown>
#4 0x55669c2a5d64 <unknown>
#5 0x55669c2840dd <unknown>
#6 0x55669c2a3006 <unknown>
#7 0x55669c283e53 <unknown>
#8 0x55669c24bdd4 <unknown>
#9 0x55669c24d1de <unknown>
#10 0x55669c516531 <unknown>
#11 0x55669c51a455 <unknown>
#12 0x55669c502f55 <unknown>
#13 0x55669c51b0ef <unknown>
#14 0x55669c4e699f <unknown>
#15 0x55669c53f008 <unknown>
#16 0x55669c53f1d7 <unknown>
#17 0x55669c551124 <unknown>
#18 0x7f5373e94ac3 <unknown>

2024-01-26 14:49:41 ERROR Elements not present after 0.5 seconds on page: https://capital.com/trading/signup
2024-01-26 14:49:41 ERROR 
Traceback (most recent call last):
  File "/home/runner/work/SeleniumCapital/SeleniumCapital/pages/base_page.py", line 82, in inner_function
    return func(*args, **kwargs)
           ^^^^^^^^^^^^^^^^^^^^^
  File "/home/runner/work/SeleniumCapital/SeleniumCapital/pages/base_page.py", line 293, in element_is_visible
    return Wait(self.browser, timeout).until(
           ^^^^^^^^^^^^^^^^^^^^^^^^^^^^^^^^^^
  File "/home/runner/.cache/pypoetry/virtualenvs/testcapitalcompyse-cIj6ROMf-py3.11/lib/python3.11/site-packages/selenium/webdriver/support/wait.py", line 105, in until
    raise TimeoutException(message, screen, stacktrace)
selenium.common.exceptions.TimeoutException: Message: 
Stacktrace:
#0 0x55669c551f83 <unknown>
#1 0x55669c20acf7 <unknown>
#2 0x55669c25a99e <unknown>
#3 0x55669c25aaa1 <unknown>
#4 0x55669c2a5d64 <unknown>
#5 0x55669c2840dd <unknown>
#6 0x55669c2a3006 <unknown>
#7 0x55669c283e53 <unknown>
#8 0x55669c24bdd4 <unknown>
#9 0x55669c24d1de <unknown>
#10 0x55669c516531 <unknown>
#11 0x55669c51a455 <unknown>
#12 0x55669c502f55 <unknown>
#13 0x55669c51b0ef <unknown>
#14 0x55669c4e699f <unknown>
#15 0x55669c53f008 <unknown>
#16 0x55669c53f1d7 <unknown>
#17 0x55669c551124 <unknown>
#18 0x7f5373e94ac3 <unknown>

2024-01-26 14:49:46 ERROR Elements not present after 0.5 seconds on page: https://capital.com/trading/signup
2024-01-26 14:49:46 ERROR 
Traceback (most recent call last):
  File "/home/runner/work/SeleniumCapital/SeleniumCapital/pages/base_page.py", line 82, in inner_function
    return func(*args, **kwargs)
           ^^^^^^^^^^^^^^^^^^^^^
  File "/home/runner/work/SeleniumCapital/SeleniumCapital/pages/base_page.py", line 293, in element_is_visible
    return Wait(self.browser, timeout).until(
           ^^^^^^^^^^^^^^^^^^^^^^^^^^^^^^^^^^
  File "/home/runner/.cache/pypoetry/virtualenvs/testcapitalcompyse-cIj6ROMf-py3.11/lib/python3.11/site-packages/selenium/webdriver/support/wait.py", line 105, in until
    raise TimeoutException(message, screen, stacktrace)
selenium.common.exceptions.TimeoutException: Message: 
Stacktrace:
#0 0x55669c551f83 <unknown>
#1 0x55669c20acf7 <unknown>
#2 0x55669c25a99e <unknown>
#3 0x55669c25aaa1 <unknown>
#4 0x55669c2a5d64 <unknown>
#5 0x55669c2840dd <unknown>
#6 0x55669c2a3006 <unknown>
#7 0x55669c283e53 <unknown>
#8 0x55669c24bdd4 <unknown>
#9 0x55669c24d1de <unknown>
#10 0x55669c516531 <unknown>
#11 0x55669c51a455 <unknown>
#12 0x55669c502f55 <unknown>
#13 0x55669c51b0ef <unknown>
#14 0x55669c4e699f <unknown>
#15 0x55669c53f008 <unknown>
#16 0x55669c53f1d7 <unknown>
#17 0x55669c551124 <unknown>
#18 0x7f5373e94ac3 <unknown>

2024-01-26 14:49:52 ERROR Elements not present after 0.5 seconds on page: https://capital.com/trading/signup
2024-01-26 14:49:52 ERROR 
Traceback (most recent call last):
  File "/home/runner/work/SeleniumCapital/SeleniumCapital/pages/base_page.py", line 82, in inner_function
    return func(*args, **kwargs)
           ^^^^^^^^^^^^^^^^^^^^^
  File "/home/runner/work/SeleniumCapital/SeleniumCapital/pages/base_page.py", line 293, in element_is_visible
    return Wait(self.browser, timeout).until(
           ^^^^^^^^^^^^^^^^^^^^^^^^^^^^^^^^^^
  File "/home/runner/.cache/pypoetry/virtualenvs/testcapitalcompyse-cIj6ROMf-py3.11/lib/python3.11/site-packages/selenium/webdriver/support/wait.py", line 105, in until
    raise TimeoutException(message, screen, stacktrace)
selenium.common.exceptions.TimeoutException: Message: 
Stacktrace:
#0 0x55669c551f83 <unknown>
#1 0x55669c20acf7 <unknown>
#2 0x55669c25a99e <unknown>
#3 0x55669c25aaa1 <unknown>
#4 0x55669c2a5d64 <unknown>
#5 0x55669c2840dd <unknown>
#6 0x55669c2a3006 <unknown>
#7 0x55669c283e53 <unknown>
#8 0x55669c24bdd4 <unknown>
#9 0x55669c24d1de <unknown>
#10 0x55669c516531 <unknown>
#11 0x55669c51a455 <unknown>
#12 0x55669c502f55 <unknown>
#13 0x55669c51b0ef <unknown>
#14 0x55669c4e699f <unknown>
#15 0x55669c53f008 <unknown>
#16 0x55669c53f1d7 <unknown>
#17 0x55669c551124 <unknown>
#18 0x7f5373e94ac3 <unknown>

2024-01-26 14:49:58 ERROR Elements not present after 0.5 seconds on page: https://capital.com/trading/signup
2024-01-26 14:49:58 ERROR 
Traceback (most recent call last):
  File "/home/runner/work/SeleniumCapital/SeleniumCapital/pages/base_page.py", line 82, in inner_function
    return func(*args, **kwargs)
           ^^^^^^^^^^^^^^^^^^^^^
  File "/home/runner/work/SeleniumCapital/SeleniumCapital/pages/base_page.py", line 293, in element_is_visible
    return Wait(self.browser, timeout).until(
           ^^^^^^^^^^^^^^^^^^^^^^^^^^^^^^^^^^
  File "/home/runner/.cache/pypoetry/virtualenvs/testcapitalcompyse-cIj6ROMf-py3.11/lib/python3.11/site-packages/selenium/webdriver/support/wait.py", line 105, in until
    raise TimeoutException(message, screen, stacktrace)
selenium.common.exceptions.TimeoutException: Message: 
Stacktrace:
#0 0x55669c551f83 <unknown>
#1 0x55669c20acf7 <unknown>
#2 0x55669c25a99e <unknown>
#3 0x55669c25aaa1 <unknown>
#4 0x55669c2a5d64 <unknown>
#5 0x55669c2840dd <unknown>
#6 0x55669c2a3006 <unknown>
#7 0x55669c283e53 <unknown>
#8 0x55669c24bdd4 <unknown>
#9 0x55669c24d1de <unknown>
#10 0x55669c516531 <unknown>
#11 0x55669c51a455 <unknown>
#12 0x55669c502f55 <unknown>
#13 0x55669c51b0ef <unknown>
#14 0x55669c4e699f <unknown>
#15 0x55669c53f008 <unknown>
#16 0x55669c53f1d7 <unknown>
#17 0x55669c551124 <unknown>
#18 0x7f5373e94ac3 <unknown>
--------------------------- Captured stdout teardown ---------------------------

2024-01-26 14:50:02.381645   *** end fixture Browser = teardown ***

=============================== warnings summary ===============================
tests/US_11_Education/US_11-02-03_Commodities_trading/us_11-02-03-00_Commodities_trading_test.py::TestCommoditiesTradingPretest::test_09_block_hor_banner_button[Chrome--ae-NoAuth-aqa.tomelo.an@gmail.com-iT9Vgqi6d$fiZ*Z]
  /home/runner/.cache/pypoetry/virtualenvs/testcapitalcompyse-cIj6ROMf-py3.11/lib/python3.11/site-packages/pytest_html/plugin.py:133: DeprecationWarning: The 'report.extra' attribute is deprecated and will be removed in a future release, use 'report.extras' instead.
    warnings.warn(

-- Docs: https://docs.pytest.org/en/stable/how-to/capture-warnings.html
- Generated html report: file:///home/runner/work/SeleniumCapital/SeleniumCapital/report/report.html -
=========================== short test summary info ============================
FAILED tests/US_11_Education/US_11-02-03_Commodities_trading/us_11-02-03-00_Commodities_trading_test.py::TestCommoditiesTradingPretest::test_09_block_hor_banner_button[Chrome--ae-NoAuth-aqa.tomelo.an@gmail.com-iT9Vgqi6d$fiZ*Z] - AssertionError: Bug # 06. Opened a 'Sign up' page instead of a 'Login'
============ 1 failed, 6 deselected, 1 warning in 71.97s (0:01:11) =============

2024-01-26 14:50:02.469091   => Текущий тест: 1 failed

2024-01-26 14:50:02.470696   => 3. check_results finished

2024-01-26 14:50:02.470856   4. Fixing one row check results into Google Sheet Bugs Report =>
1 cells updated.
2024-01-26 14:50:02.654765   => 4. One row check results into Google Sheet Bugs Report fixed
