2024-01-26 14:50:27 ERROR Elements not present after 0.5 seconds on page: https://capital.com/ro/trade-platinum
2024-01-26 14:50:27 ERROR 
Traceback (most recent call last):
  File "/home/runner/work/SeleniumCapital/SeleniumCapital/pages/base_page.py", line 82, in inner_function
    return func(*args, **kwargs)
           ^^^^^^^^^^^^^^^^^^^^^
  File "/home/runner/work/SeleniumCapital/SeleniumCapital/pages/base_page.py", line 293, in element_is_visible
    return Wait(self.browser, timeout).until(
           ^^^^^^^^^^^^^^^^^^^^^^^^^^^^^^^^^^
  File "/home/runner/.cache/pypoetry/virtualenvs/testcapitalcompyse-cIj6ROMf-py3.11/lib/python3.11/site-packages/selenium/webdriver/support/wait.py", line 105, in until
    raise TimeoutException(message, screen, stacktrace)
selenium.common.exceptions.TimeoutException: Message: 
Stacktrace:
#0 0x55671a5abf83 <unknown>
#1 0x55671a264cf7 <unknown>
#2 0x55671a2b499e <unknown>
#3 0x55671a2b4aa1 <unknown>
#4 0x55671a2ffd64 <unknown>
#5 0x55671a2de0dd <unknown>
#6 0x55671a2fd006 <unknown>
#7 0x55671a2dde53 <unknown>
#8 0x55671a2a5dd4 <unknown>
#9 0x55671a2a71de <unknown>
#10 0x55671a570531 <unknown>
#11 0x55671a574455 <unknown>
#12 0x55671a55cf55 <unknown>
#13 0x55671a5750ef <unknown>
#14 0x55671a54099f <unknown>
#15 0x55671a599008 <unknown>
#16 0x55671a5991d7 <unknown>
#17 0x55671a5ab124 <unknown>
#18 0x7f6b8e294ac3 <unknown>

2024-01-26 14:50:33 ERROR Elements not present after 0.5 seconds on page: https://capital.com/ro/trade-platinum
2024-01-26 14:50:33 ERROR 
Traceback (most recent call last):
  File "/home/runner/work/SeleniumCapital/SeleniumCapital/pages/base_page.py", line 82, in inner_function
    return func(*args, **kwargs)
           ^^^^^^^^^^^^^^^^^^^^^
  File "/home/runner/work/SeleniumCapital/SeleniumCapital/pages/base_page.py", line 293, in element_is_visible
    return Wait(self.browser, timeout).until(
           ^^^^^^^^^^^^^^^^^^^^^^^^^^^^^^^^^^
  File "/home/runner/.cache/pypoetry/virtualenvs/testcapitalcompyse-cIj6ROMf-py3.11/lib/python3.11/site-packages/selenium/webdriver/support/wait.py", line 105, in until
    raise TimeoutException(message, screen, stacktrace)
selenium.common.exceptions.TimeoutException: Message: 
Stacktrace:
#0 0x55671a5abf83 <unknown>
#1 0x55671a264cf7 <unknown>
#2 0x55671a2b499e <unknown>
#3 0x55671a2b4aa1 <unknown>
#4 0x55671a2ffd64 <unknown>
#5 0x55671a2de0dd <unknown>
#6 0x55671a2fd006 <unknown>
#7 0x55671a2dde53 <unknown>
#8 0x55671a2a5dd4 <unknown>
#9 0x55671a2a71de <unknown>
#10 0x55671a570531 <unknown>
#11 0x55671a574455 <unknown>
#12 0x55671a55cf55 <unknown>
#13 0x55671a5750ef <unknown>
#14 0x55671a54099f <unknown>
#15 0x55671a599008 <unknown>
#16 0x55671a5991d7 <unknown>
#17 0x55671a5ab124 <unknown>
#18 0x7f6b8e294ac3 <unknown>