


2024-01-26 15:18:45.009672   0. Get Values row =>
2024-01-26 15:18:45.009706   Row # = 626
2024-01-26 15:18:45.009716   Row Values = 
['Bid:11.02.06.00_02-es.gb.NoAuth', 'Ubuntu 22.04', 'Chrome', '11.02.06.00', '_02', 'es', 'gb', 'FCA', 'NoAuth', '', 'Education', 'Indices trading', 'Click Main banner > Button [Try demo]', 'Click Main banner > Button [Try demo]', '', '05', "Bug # 05. Opened a 'Sign up' form instead of a 'Login'", '', '', '', '22/01/24', 'failed']

2024-01-26 15:18:45.009804   1. Run pretest =>

2024-01-26 15:18:45.009817   row_loc = 
['Bid:11.02.06.00_02-es.gb.NoAuth', 'Ubuntu 22.04', 'Chrome', '11.02.06.00', '_02', 'es', 'gb', 'FCA', 'NoAuth', '', 'Education', 'Indices trading', 'Click Main banner > Button [Try demo]', 'Click Main banner > Button [Try demo]', '', '05', "Bug # 05. Opened a 'Sign up' form instead of a 'Login'", '', '', '', '22/01/24', 'failed']

2024-01-26 15:18:45.009831   => 1. Pretest finished

2024-01-26 15:18:45.009896   2. Run run_pytest with Bid = Bid:11.02.06.00_02-es.gb.NoAuth from row =>

2024-01-26 15:18:45.009908   2.2. Run poetry run pytest ... in subprocess =>

2024-01-26 15:18:45.009920   Run command: 
poetry run pytest --retest=True --browser_name=Chrome --lang=es --country=gb --role=NoAuth -m test_02 -v \tests/US_11_Education/US_11-02-06_Indices_trading/us_11-02-06-00_indices_trading_test.py

2024-01-26 15:19:35.876115   => 2.2. pytest ... as subprocess finished

2024-01-26 15:19:35.876166   => 2. Autotest with Bid = Bid:11.02.06.00_02-es.gb.NoAuth from row finished

2024-01-26 15:19:35.876247   3. Run check_results =>
2024-01-26 15:19:35.876280   test_results: 
============================= test session starts ==============================
platform linux -- Python 3.11.7, pytest-7.4.4, pluggy-1.3.0 -- /home/runner/.cache/pypoetry/virtualenvs/testcapitalcompyse-cIj6ROMf-py3.11/bin/python
cachedir: .pytest_cache
metadata: {'Python': '3.11.7', 'Platform': 'Linux-6.2.0-1018-azure-x86_64-with-glibc2.35', 'Packages': {'pytest': '7.4.4', 'pluggy': '1.3.0'}, 'Plugins': {'metadata': '3.0.0', 'timeout': '2.2.0', 'html': '4.1.1', 'xdist': '3.5.0', 'allure-pytest': '2.13.2'}, 'CI': 'true', 'JAVA_HOME': '/usr/lib/jvm/temurin-11-jdk-amd64'}
rootdir: /home/runner/work/SeleniumCapital/SeleniumCapital
configfile: pytest.ini
plugins: metadata-3.0.0, timeout-2.2.0, html-4.1.1, xdist-3.5.0, allure-pytest-2.13.2
collecting ... collected 4 items / 3 deselected / 1 selected

tests/US_11_Education/US_11-02-06_Indices_trading/us_11-02-06-00_indices_trading_test.py::TestIndicesTradingGuidePreset::test_02_main_banner_try_demo_button[Chrome--ae-NoAuth-aqa.tomelo.an@gmail.com-iT9Vgqi6d$fiZ*Z] FAILED [100%]

=================================== FAILURES ===================================
_ TestIndicesTradingGuidePreset.test_02_main_banner_try_demo_button[Chrome--ae-NoAuth-aqa.tomelo.an@gmail.com-iT9Vgqi6d$fiZ*Z] _

self = <us_11-02-06-00_indices_trading_test.TestIndicesTradingGuidePreset object at 0x7f581bb31bd0>
worker_id = 'master'
d = <selenium.webdriver.chrome.webdriver.WebDriver (session="b4aa035dba16894bcae1690fe9718fbb")>
cur_language = 'es', cur_country = 'gb', cur_role = 'NoAuth'
cur_login = 'aqa.tomelo.an@gmail.com', cur_password = 'iT9Vgqi6d$fiZ*Z'

    @allure.step("Start test of button [Try demo] on Main banner")
    @pytest.mark.test_02
    def test_02_main_banner_try_demo_button(
            self, worker_id, d, cur_language, cur_country, cur_role, cur_login, cur_password):
        """
        Check: Button [Start Trading] on Main banner
        Language: EN, AR, DE, ES, IT, CN, RU, ZH. License: All.
        """
        test_title = ("11.02.06", "Education > Menu item [Indices Trading]",
                      ".00_02", "Testing button [Try demo] on Main banner")
    
        bid = build_dynamic_arg_v4(
            d, worker_id, cur_language, cur_country, cur_role, *test_title)
    
        Common().skip_if_eng_lang_and_fca_license(cur_language, cur_country)
    
        Common().check_language_in_list_and_skip_if_not_present(
            cur_language, ["", "ar", "de", "es", "it", "cn", "ru", "zh"])
    
        page_conditions = Conditions(d, "")
        main_page_link = page_conditions.preconditions(
            d, CapitalComPageSrc.URL, "", cur_language, cur_country, cur_role, cur_login, cur_password)
    
        page_menu = MenuSection(d, main_page_link)
        page_menu.menu_education_move_focus(d, cur_language, cur_country)
        cur_menu_link = page_menu.sub_menu_indices_trading_move_focus_click(d, cur_language)
    
        test_element = MainBannerTryDemo(d, cur_menu_link, bid)
>       test_element.full_test_with_tpi(d, cur_language, cur_country, cur_role, cur_menu_link)

tests/US_11_Education/US_11-02-06_Indices_trading/us_11-02-06-00_indices_trading_test.py:119: 
_ _ _ _ _ _ _ _ _ _ _ _ _ _ _ _ _ _ _ _ _ _ _ _ _ _ _ _ _ _ _ _ _ _ _ _ _ _ _ _ 
pages/Elements/ButtonTryDemoMainBanner.py:28: in full_test_with_tpi
    test_element.assert_login(d, cur_language, cur_item_link)
_ _ _ _ _ _ _ _ _ _ _ _ _ _ _ _ _ _ _ _ _ _ _ _ _ _ _ _ _ _ _ _ _ _ _ _ _ _ _ _ 

self = <pages.Elements.AssertClass.AssertClass object at 0x7f581c333310>
d = <selenium.webdriver.chrome.webdriver.WebDriver (session="b4aa035dba16894bcae1690fe9718fbb")>
cur_language = 'es', cur_link = 'https://capital.com/es/trade-indices'

    @allure.step('Checking that "Login" form or page opened')
    def assert_login(self, d, cur_language, cur_link):
        """Method Assert Login form or page"""
        print(f"\n{datetime.now()}   3. Assert_Login_v0")
        self.page_signup_login = SignupLogin(d, cur_link)
        if self.page_signup_login.should_be_login_form():
            self.page_signup_login.close_login_form()
            del self.page_signup_login
        elif self.page_signup_login.should_be_login_page():
            self.page_signup_login.close_login_page()
            del self.page_signup_login
        elif self.page_signup_login.should_be_trading_platform_login_form(cur_language):
            self.page_signup_login.close_trading_platform_login_form()
            del self.page_signup_login
        elif self.page_signup_login.should_be_signup_form(cur_language):
            del self.page_signup_login
            print(f'\nBug: {self.bid}')
            retest_table_fill(self.bid, '05', self.link)
>           assert False, "Bug # 05. Opened a 'Sign up' form instead of a 'Login'"
E           AssertionError: Bug # 05. Opened a 'Sign up' form instead of a 'Login'

pages/Elements/AssertClass.py:69: AssertionError
---------------------------- Captured stdout setup -----------------------------

2024-01-26 15:18:45.807865   *** autouse fixture Chrome ***

{'width': 1280, 'height': 720}
Current test language - es
Current country of trading - gb



Current test role - NoAuth
Current login - aqa.tomelo.an@gmail.com
Current login - iT9Vgqi6d$fiZ*Z
----------------------------- Captured stdout call -----------------------------
{'width': 1280, 'height': 720}

2024-01-26 15:18:46.723084   worker_id = master

2024-01-26 15:18:46.723110   0. Allure grouping v4


2024-01-26 15:18:46.723397   START PRECONDITIONS =>

2024-01-26 15:18:48.297483   Load page https://capital.com

2024-01-26 15:18:48.297532   {'width': 1280, 'height': 720}

2024-01-26 15:18:48.300646   Set windows position at (0, 0) =>

2024-01-26 15:18:48.406788   Set resolution 1280 * 720 =>

2024-01-26 15:18:48.509501   => Resolution seted {'width': 1280, 'height': 720}

2024-01-26 15:18:53.534610   Капчи нет. Тестим дальше

2024-01-26 15:18:53.534710   Prev. Role: ?

2024-01-26 15:18:53.534723   Run preconditions: set "NoAuth" Role =>
2024-01-26 15:18:54.267799   Load page https://capital.com

2024-01-26 15:18:54.477749   => All cookies are deleted
2024-01-26 15:18:55.315189   Load page https://capital.com

2024-01-26 15:18:55.315439   Step 'Click button [Accept all cookies]'
2024-01-26 15:19:00.336065   Is Visible Button [Accept all cookies]? =>
2024-01-26 15:19:00.359867   => Button [Accept all cookies] is visible
2024-01-26 15:19:01.359986   Is clickable Button [Accept all cookies] =>
2024-01-26 15:19:01.401183   => Button [Accept all cookies] is clickable
2024-01-26 15:19:01.401232   Click Button [Accept all cookies] =>
2024-01-26 15:19:01.484250   => Button [Accept all cookies] is clicked
2024-01-26 15:19:01.484288   => Accepted All Cookies

2024-01-26 15:19:01.984655   Start Autorization

2024-01-26 15:19:01.984795   2. Act
2024-01-26 15:19:01.984813   Start Click button [Log in] =>
2024-01-26 15:19:01.995946   BUTTON_LOGIN scroll =>
2024-01-26 15:19:01.999754   Is BUTTON_LOGIN clickable? =>
2024-01-26 15:19:02.011954   => BUTTON_LOGIN is clickable
2024-01-26 15:19:02.011978   BUTTON_LOGIN click =>
2024-01-26 15:19:02.065394   => BUTTON_LOGIN is clicked!
2024-01-26 15:19:02.065479   => 'Login' form is opened
2024-01-26 15:19:02.542087   => "login" and "password" are inputted
2024-01-26 15:19:02.542138   Click [Continue] button on [Login] form =>
2024-01-26 15:19:02.636694   => [Continue] button on [Login] form is clicked
2024-01-26 15:19:05.411607   Start check that the Trading platform page is loaded and LOGO is present on it =>
2024-01-26 15:19:05.411641   Set timeout = 30
2024-01-26 15:19:05.411656   Wait until load page with special title =>
2024-01-26 15:19:05.414693   => Page with title "Trading Platform | Capital.com" is loaded
2024-01-26 15:19:05.414729   Is present LOGO on this page? =>
2024-01-26 15:19:07.107593   => LOGO is visible on this page
2024-01-26 15:19:07.107704   -> "Capital.com" logo is present on trading platform page

2024-01-26 15:19:08.353011   Start DeAuthorisation
2024-01-26 15:19:08.353132   1. BUTTON_MY_ACCOUNT is present? =>
2024-01-26 15:19:08.427327   => BUTTON_MY_ACCOUNT is present on this page
2024-01-26 15:19:09.724669   => Move to BUTTON_MY_ACCOUNT
2024-01-26 15:19:09.724713   2. BUTTON_MY_ACCOUNT is clickable? =>
2024-01-26 15:19:09.743452   => BUTTON_MY_ACCOUNT is clickable
2024-01-26 15:19:09.743481   BUTTON_MY_ACCOUNT Click =>
2024-01-26 15:19:10.634144   => User panel [My account] is opened

2024-01-26 15:19:10.634364   Start Click [Logout] button:
2024-01-26 15:19:10.634382   BUTTON_LOGOUT is present? =>
2024-01-26 15:19:10.646937   => BUTTON_LOGOUT is present
2024-01-26 15:19:10.647182   Is visible BUTTON_LOGOUT? =>
2024-01-26 15:19:10.665701   BUTTON_LOGOUT is clickable? =>
2024-01-26 15:19:10.690495   BUTTON_LOGOUT click =>
2024-01-26 15:19:10.751959   => BUTTON_LOGOUT is clicked

2024-01-26 15:19:10.752090   Current role: NoAuth

2024-01-26 15:19:10.752112   Prev language: ?

2024-01-26 15:19:10.752126   Run preconditions: set "es" language =>


2024-01-26 15:19:10.801260   => Language and Country menu is present


2024-01-26 15:19:10.818271   => Language and Country menu is visible


2024-01-26 15:19:12.609269   => Focus is moved on Language and Country menu 

2024-01-26 15:19:14.320522   => Current language: es

2024-01-26 15:19:14.320572   Prev country: ?

2024-01-26 15:19:14.320588   Run preconditions: set "gb" country =>


2024-01-26 15:19:14.347899   => Language and Country menu is present


2024-01-26 15:19:14.366140   => Language and Country menu is visible


2024-01-26 15:19:16.140695   => Focus is moved on Language and Country menu 

2024-01-26 15:19:18.680937   => Current country: gb

2024-01-26 15:19:18.680972   => THE END PRECONDITIONS
2024-01-26 15:19:19.192575   => Education menu is present
2024-01-26 15:19:19.210726   => Education menu is visible
2024-01-26 15:19:20.488831   => Education menu focus moved

2024-01-26 15:19:22.433837   1. Arrange_v0
2024-01-26 15:19:22.441055   BUTTON_TRY_DEMO is visible? =>
2024-01-26 15:19:22.477058   => BUTTON_TRY_DEMO is visible on the page!

2024-01-26 15:19:22.477225   2. Act_v0
2024-01-26 15:19:22.477239   BUTTON_TRY_DEMO is present? =>
2024-01-26 15:19:22.487745   => BUTTON_TRY_DEMO is present on the page!
2024-01-26 15:19:22.487779   BUTTON_TRY_DEMO scroll =>
2024-01-26 15:19:22.549950   => BUTTON_TRY_DEMO clicked!

2024-01-26 15:19:22.550166   3. Assert_Login_v0
2024-01-26 15:19:22.550236   Check that 'Login' form is opened
2024-01-26 15:19:28.073787   'Login' form not opened
2024-01-26 15:19:28.078247   'Login' page not opened
2024-01-26 15:19:33.634256   'Login' form on trading platform not opened
2024-01-26 15:19:33.634486   Start step Check that [Sign up] form is opened
2024-01-26 15:19:33.653931   'Sign up' form opened
2024-01-26 15:19:33.653967   Assert SIGNUP_HEADER =>
2024-01-26 15:19:33.689993   Assert SIGNUP_REF_LOGIN =>
2024-01-26 15:19:33.708320   Assert SIGNUP_PRIVACY_POLICY_ALL_2 =>
2024-01-26 15:19:33.725109   => SIGNUP_PRIVACY_POLICY_ALL
2024-01-26 15:19:33.725144   => 'Signup' form is checked

Bug: Bid:11.02.06.00_02-es.gb.NoAuth

2024-01-26 15:19:33.725207   Проверка бага в таблице ретеста  =>

2024-01-26 15:19:33.731200   4. Fixing one row check results into Google Sheet Bugs Report =>
1 cells updated.
2024-01-26 15:19:34.248589   => 4. One row check results into Google Sheet Bugs Report fixed

2024-01-26 15:19:34.784323   4. Fixing one row check results into Google Sheet Bugs Report =>
1 cells updated.
2024-01-26 15:19:35.110366   => 4. One row check results into Google Sheet Bugs Report fixed

2024-01-26 15:19:35.110451   Bug: Bid:11.02.06.00_02-es.gb.NoAuth уже существует, но тип бага изменился с 22/01/24 на 05

2024-01-26 15:19:35.111073   Bug: Bid:11.02.06.00_02-es.gb.NoAuth-05 уже существует

2024-01-26 15:19:35.111275   4. Fixing one row check results into Google Sheet Bugs Report =>
1 cells updated.
2024-01-26 15:19:35.500774   => 4. One row check results into Google Sheet Bugs Report fixed
------------------------------ Captured log call -------------------------------
2024-01-26 15:19:28 ERROR Elements not present after 0.5 seconds on page: https://capital.com/es/trade-indices
2024-01-26 15:19:28 ERROR 
Traceback (most recent call last):
  File "/home/runner/work/SeleniumCapital/SeleniumCapital/pages/base_page.py", line 82, in inner_function
    return func(*args, **kwargs)
           ^^^^^^^^^^^^^^^^^^^^^
  File "/home/runner/work/SeleniumCapital/SeleniumCapital/pages/base_page.py", line 293, in element_is_visible
    return Wait(self.browser, timeout).until(
           ^^^^^^^^^^^^^^^^^^^^^^^^^^^^^^^^^^
  File "/home/runner/.cache/pypoetry/virtualenvs/testcapitalcompyse-cIj6ROMf-py3.11/lib/python3.11/site-packages/selenium/webdriver/support/wait.py", line 105, in until
    raise TimeoutException(message, screen, stacktrace)
selenium.common.exceptions.TimeoutException: Message: 
Stacktrace:
#0 0x563d5ac78f83 <unknown>
#1 0x563d5a931cf7 <unknown>
#2 0x563d5a98199e <unknown>
#3 0x563d5a981aa1 <unknown>
#4 0x563d5a9ccd64 <unknown>
#5 0x563d5a9ab0dd <unknown>
#6 0x563d5a9ca006 <unknown>
#7 0x563d5a9aae53 <unknown>
#8 0x563d5a972dd4 <unknown>
#9 0x563d5a9741de <unknown>
#10 0x563d5ac3d531 <unknown>
#11 0x563d5ac41455 <unknown>
#12 0x563d5ac29f55 <unknown>
#13 0x563d5ac420ef <unknown>
#14 0x563d5ac0d99f <unknown>
#15 0x563d5ac66008 <unknown>
#16 0x563d5ac661d7 <unknown>
#17 0x563d5ac78124 <unknown>
#18 0x7f86e3e94ac3 <unknown>

2024-01-26 15:19:33 ERROR Elements not present after 0.5 seconds on page: https://capital.com/es/trade-indices
2024-01-26 15:19:33 ERROR 
Traceback (most recent call last):
  File "/home/runner/work/SeleniumCapital/SeleniumCapital/pages/base_page.py", line 82, in inner_function
    return func(*args, **kwargs)
           ^^^^^^^^^^^^^^^^^^^^^
  File "/home/runner/work/SeleniumCapital/SeleniumCapital/pages/base_page.py", line 293, in element_is_visible
    return Wait(self.browser, timeout).until(
           ^^^^^^^^^^^^^^^^^^^^^^^^^^^^^^^^^^
  File "/home/runner/.cache/pypoetry/virtualenvs/testcapitalcompyse-cIj6ROMf-py3.11/lib/python3.11/site-packages/selenium/webdriver/support/wait.py", line 105, in until
    raise TimeoutException(message, screen, stacktrace)
selenium.common.exceptions.TimeoutException: Message: 
Stacktrace:
#0 0x563d5ac78f83 <unknown>
#1 0x563d5a931cf7 <unknown>
#2 0x563d5a98199e <unknown>
#3 0x563d5a981aa1 <unknown>
#4 0x563d5a9ccd64 <unknown>
#5 0x563d5a9ab0dd <unknown>
#6 0x563d5a9ca006 <unknown>
#7 0x563d5a9aae53 <unknown>
#8 0x563d5a972dd4 <unknown>
#9 0x563d5a9741de <unknown>
#10 0x563d5ac3d531 <unknown>
#11 0x563d5ac41455 <unknown>
#12 0x563d5ac29f55 <unknown>
#13 0x563d5ac420ef <unknown>
#14 0x563d5ac0d99f <unknown>
#15 0x563d5ac66008 <unknown>
#16 0x563d5ac661d7 <unknown>
#17 0x563d5ac78124 <unknown>
#18 0x7f86e3e94ac3 <unknown>
--------------------------- Captured stdout teardown ---------------------------

2024-01-26 15:19:35.787693   *** end fixture Browser = teardown ***

=============================== warnings summary ===============================
tests/US_11_Education/US_11-02-06_Indices_trading/us_11-02-06-00_indices_trading_test.py::TestIndicesTradingGuidePreset::test_02_main_banner_try_demo_button[Chrome--ae-NoAuth-aqa.tomelo.an@gmail.com-iT9Vgqi6d$fiZ*Z]
  /home/runner/.cache/pypoetry/virtualenvs/testcapitalcompyse-cIj6ROMf-py3.11/lib/python3.11/site-packages/pytest_html/plugin.py:133: DeprecationWarning: The 'report.extra' attribute is deprecated and will be removed in a future release, use 'report.extras' instead.
    warnings.warn(

-- Docs: https://docs.pytest.org/en/stable/how-to/capture-warnings.html
- Generated html report: file:///home/runner/work/SeleniumCapital/SeleniumCapital/report/report.html -
=========================== short test summary info ============================
FAILED tests/US_11_Education/US_11-02-06_Indices_trading/us_11-02-06-00_indices_trading_test.py::TestIndicesTradingGuidePreset::test_02_main_banner_try_demo_button[Chrome--ae-NoAuth-aqa.tomelo.an@gmail.com-iT9Vgqi6d$fiZ*Z] - AssertionError: Bug # 05. Opened a 'Sign up' form instead of a 'Login'
================= 1 failed, 3 deselected, 1 warning in 50.12s ==================

2024-01-26 15:19:35.877048   => Текущий тест: 1 failed

2024-01-26 15:19:35.879106   => 3. check_results finished

2024-01-26 15:19:35.879291   4. Fixing one row check results into Google Sheet Bugs Report =>
1 cells updated.
2024-01-26 15:19:36.233151   => 4. One row check results into Google Sheet Bugs Report fixed
