


2024-01-26 15:52:46.666160   0. Get Values row =>
2024-01-26 15:52:46.666189   Row # = 1170
2024-01-26 15:52:46.666199   Row Values = 
['Bid:11.02.03.01_02-it.gb.NoAuth', 'Ubuntu 22.04', 'Chrome', '11.02.03.01', '_02', 'it', 'gb', 'FCA', 'NoAuth', 'https://capital.com/it/negozia-petrolio-brent', 'Education', 'Commodities trading L1', 'Click Main banner > Button [Try demo]', 'Click Main banner > Button [Try demo]', '', '05', "Bug # 05. Opened a 'Sign up' form instead of a 'Login'", '', '', '', '16/01/24', 'failed']

2024-01-26 15:52:46.666295   1. Run pretest =>

2024-01-26 15:52:46.666308   row_loc = 
['Bid:11.02.03.01_02-it.gb.NoAuth', 'Ubuntu 22.04', 'Chrome', '11.02.03.01', '_02', 'it', 'gb', 'FCA', 'NoAuth', 'https://capital.com/it/negozia-petrolio-brent', 'Education', 'Commodities trading L1', 'Click Main banner > Button [Try demo]', 'Click Main banner > Button [Try demo]', '', '05', "Bug # 05. Opened a 'Sign up' form instead of a 'Login'", '', '', '', '16/01/24', 'failed']

2024-01-26 15:52:46.666323   => 1. Pretest finished

2024-01-26 15:52:46.666390   2. Run run_pytest with Bid = Bid:11.02.03.01_02-it.gb.NoAuth from row =>

2024-01-26 15:52:46.666402   2.2. Run poetry run pytest ... in subprocess =>

2024-01-26 15:52:46.666413   Run command: 
poetry run pytest --retest=True --browser_name=Chrome --lang=it --country=gb --role=NoAuth --tpi_link=https://capital.com/it/negozia-petrolio-brent -m test_02 -v \tests/US_11_Education/US_11-02-03_Commodities_trading/us_11-02-03-01_Commodities_trading_test.py

2024-01-26 15:53:37.025842   => 2.2. pytest ... as subprocess finished

2024-01-26 15:53:37.025878   => 2. Autotest with Bid = Bid:11.02.03.01_02-it.gb.NoAuth from row finished

2024-01-26 15:53:37.025948   3. Run check_results =>
2024-01-26 15:53:37.025970   test_results: 
============================= test session starts ==============================
platform linux -- Python 3.11.7, pytest-7.4.4, pluggy-1.3.0 -- /home/runner/.cache/pypoetry/virtualenvs/testcapitalcompyse-cIj6ROMf-py3.11/bin/python
cachedir: .pytest_cache
metadata: {'Python': '3.11.7', 'Platform': 'Linux-6.2.0-1018-azure-x86_64-with-glibc2.35', 'Packages': {'pytest': '7.4.4', 'pluggy': '1.3.0'}, 'Plugins': {'metadata': '3.0.0', 'timeout': '2.2.0', 'html': '4.1.1', 'xdist': '3.5.0', 'allure-pytest': '2.13.2'}, 'CI': 'true', 'JAVA_HOME': '/usr/lib/jvm/temurin-11-jdk-amd64'}
rootdir: /home/runner/work/SeleniumCapital/SeleniumCapital
configfile: pytest.ini
plugins: metadata-3.0.0, timeout-2.2.0, html-4.1.1, xdist-3.5.0, allure-pytest-2.13.2
collecting ... collected 10 items / 9 deselected / 1 selected

tests/US_11_Education/US_11-02-03_Commodities_trading/us_11-02-03-01_Commodities_trading_test.py::TestCommoditiesTrading::test_02_main_banner_try_demo_button[https://capital.com/it/negozia-petrolio-brent-Chrome--ae-NoAuth-aqa.tomelo.an@gmail.com-iT9Vgqi6d$fiZ*Z] FAILED [100%]

=================================== FAILURES ===================================
_ TestCommoditiesTrading.test_02_main_banner_try_demo_button[https://capital.com/it/negozia-petrolio-brent-Chrome--ae-NoAuth-aqa.tomelo.an@gmail.com-iT9Vgqi6d$fiZ*Z] _

self = <us_11-02-03-01_Commodities_trading_test.TestCommoditiesTrading object at 0x7fa59c990250>
worker_id = 'master'
d = <selenium.webdriver.chrome.webdriver.WebDriver (session="734e4cae2e0079bbb111fa93bbf2cc9d")>
cur_language = 'it', cur_country = 'gb', cur_role = 'NoAuth'
cur_login = 'aqa.tomelo.an@gmail.com', cur_password = 'iT9Vgqi6d$fiZ*Z'
cur_item_link = 'https://capital.com/it/negozia-petrolio-brent'

    @allure.step("Start test of button [Try demo] on Main banner")
    @pytest.mark.test_02
    def test_02_main_banner_try_demo_button(
            self, worker_id, d, cur_language, cur_country, cur_role, cur_login, cur_password, cur_item_link):
        """
        Check: Button [Try demo] on Main banner
        Language: All. License: All.
        """
        bid = build_dynamic_arg_v4(
            d, worker_id, cur_language, cur_country, cur_role,
            "11.02.03", "Education > Menu item [Commodities trading]",
            ".01_02", "Testing button [Try demo] on Main banner")
    
        check_language(cur_language)
    
        page_conditions = Conditions(d, "")
        page_conditions.preconditions(
            d, CapitalComPageSrc.URL, "", cur_language, cur_country, cur_role, cur_login, cur_password)
    
        test_element = MainBannerTryDemo(d, cur_item_link, bid)
>       test_element.full_test_with_tpi(d, cur_language, cur_country, cur_role, cur_item_link)

tests/US_11_Education/US_11-02-03_Commodities_trading/us_11-02-03-01_Commodities_trading_test.py:99: 
_ _ _ _ _ _ _ _ _ _ _ _ _ _ _ _ _ _ _ _ _ _ _ _ _ _ _ _ _ _ _ _ _ _ _ _ _ _ _ _ 
pages/Elements/ButtonTryDemoMainBanner.py:28: in full_test_with_tpi
    test_element.assert_login(d, cur_language, cur_item_link)
_ _ _ _ _ _ _ _ _ _ _ _ _ _ _ _ _ _ _ _ _ _ _ _ _ _ _ _ _ _ _ _ _ _ _ _ _ _ _ _ 

self = <pages.Elements.AssertClass.AssertClass object at 0x7fa59c9b3090>
d = <selenium.webdriver.chrome.webdriver.WebDriver (session="734e4cae2e0079bbb111fa93bbf2cc9d")>
cur_language = 'it', cur_link = 'https://capital.com/it/negozia-petrolio-brent'

    @allure.step('Checking that "Login" form or page opened')
    def assert_login(self, d, cur_language, cur_link):
        """Method Assert Login form or page"""
        print(f"\n{datetime.now()}   3. Assert_Login_v0")
        self.page_signup_login = SignupLogin(d, cur_link)
        if self.page_signup_login.should_be_login_form():
            self.page_signup_login.close_login_form()
            del self.page_signup_login
        elif self.page_signup_login.should_be_login_page():
            self.page_signup_login.close_login_page()
            del self.page_signup_login
        elif self.page_signup_login.should_be_trading_platform_login_form(cur_language):
            self.page_signup_login.close_trading_platform_login_form()
            del self.page_signup_login
        elif self.page_signup_login.should_be_signup_form(cur_language):
            del self.page_signup_login
            print(f'\nBug: {self.bid}')
            retest_table_fill(self.bid, '05', self.link)
>           assert False, "Bug # 05. Opened a 'Sign up' form instead of a 'Login'"
E           AssertionError: Bug # 05. Opened a 'Sign up' form instead of a 'Login'

pages/Elements/AssertClass.py:69: AssertionError
---------------------------- Captured stdout setup -----------------------------

2024-01-26 15:52:47.487710   *** autouse fixture Chrome ***

{'width': 1280, 'height': 720}
Current test language - it
Current country of trading - gb



Current test role - NoAuth
Current login - aqa.tomelo.an@gmail.com
Current login - iT9Vgqi6d$fiZ*Z
----------------------------- Captured stdout call -----------------------------
{'width': 1280, 'height': 720}

2024-01-26 15:52:48.369900   worker_id = master

2024-01-26 15:52:48.369918   0. Allure grouping v4


2024-01-26 15:52:48.370106   START PRECONDITIONS =>

2024-01-26 15:52:50.009644   Load page https://capital.com

2024-01-26 15:52:50.009694   {'width': 1280, 'height': 720}

2024-01-26 15:52:50.011280   Set windows position at (0, 0) =>

2024-01-26 15:52:50.118300   Set resolution 1280 * 720 =>

2024-01-26 15:52:50.228247   => Resolution seted {'width': 1280, 'height': 720}

2024-01-26 15:52:55.237309   Капчи нет. Тестим дальше

2024-01-26 15:52:55.237414   Prev. Role: ?

2024-01-26 15:52:55.237428   Run preconditions: set "NoAuth" Role =>
2024-01-26 15:52:56.069522   Load page https://capital.com

2024-01-26 15:52:56.234079   => All cookies are deleted
2024-01-26 15:52:57.000970   Load page https://capital.com

2024-01-26 15:52:57.001175   Step 'Click button [Accept all cookies]'
2024-01-26 15:53:02.033897   Is Visible Button [Accept all cookies]? =>
2024-01-26 15:53:02.065835   => Button [Accept all cookies] is visible
2024-01-26 15:53:03.065957   Is clickable Button [Accept all cookies] =>
2024-01-26 15:53:03.098836   => Button [Accept all cookies] is clickable
2024-01-26 15:53:03.098876   Click Button [Accept all cookies] =>
2024-01-26 15:53:03.186245   => Button [Accept all cookies] is clicked
2024-01-26 15:53:03.186295   => Accepted All Cookies

2024-01-26 15:53:03.686721   Start Autorization

2024-01-26 15:53:03.686918   2. Act
2024-01-26 15:53:03.686945   Start Click button [Log in] =>
2024-01-26 15:53:03.704900   BUTTON_LOGIN scroll =>
2024-01-26 15:53:03.718330   Is BUTTON_LOGIN clickable? =>
2024-01-26 15:53:03.809039   => BUTTON_LOGIN is clickable
2024-01-26 15:53:03.809087   BUTTON_LOGIN click =>
2024-01-26 15:53:03.985341   => BUTTON_LOGIN is clicked!
2024-01-26 15:53:03.985455   => 'Login' form is opened
2024-01-26 15:53:04.644297   => "login" and "password" are inputted
2024-01-26 15:53:04.644343   Click [Continue] button on [Login] form =>
2024-01-26 15:53:04.726063   => [Continue] button on [Login] form is clicked
2024-01-26 15:53:07.465786   Start check that the Trading platform page is loaded and LOGO is present on it =>
2024-01-26 15:53:07.465828   Set timeout = 30
2024-01-26 15:53:07.465852   Wait until load page with special title =>
2024-01-26 15:53:07.469793   => Page with title "Trading Platform | Capital.com" is loaded
2024-01-26 15:53:07.469825   Is present LOGO on this page? =>
2024-01-26 15:53:08.957055   => LOGO is visible on this page
2024-01-26 15:53:08.957150   -> "Capital.com" logo is present on trading platform page

2024-01-26 15:53:10.362202   Start DeAuthorisation
2024-01-26 15:53:10.362366   1. BUTTON_MY_ACCOUNT is present? =>
2024-01-26 15:53:10.402314   => BUTTON_MY_ACCOUNT is present on this page
2024-01-26 15:53:11.690895   => Move to BUTTON_MY_ACCOUNT
2024-01-26 15:53:11.690939   2. BUTTON_MY_ACCOUNT is clickable? =>
2024-01-26 15:53:11.711226   => BUTTON_MY_ACCOUNT is clickable
2024-01-26 15:53:11.711266   BUTTON_MY_ACCOUNT Click =>
2024-01-26 15:53:12.549370   => User panel [My account] is opened

2024-01-26 15:53:12.549560   Start Click [Logout] button:
2024-01-26 15:53:12.549575   BUTTON_LOGOUT is present? =>
2024-01-26 15:53:12.560872   => BUTTON_LOGOUT is present
2024-01-26 15:53:12.560905   Is visible BUTTON_LOGOUT? =>
2024-01-26 15:53:12.592865   BUTTON_LOGOUT is clickable? =>
2024-01-26 15:53:12.603210   BUTTON_LOGOUT click =>
2024-01-26 15:53:12.660327   => BUTTON_LOGOUT is clicked

2024-01-26 15:53:12.660466   Current role: NoAuth

2024-01-26 15:53:12.660487   Prev language: ?

2024-01-26 15:53:12.660499   Run preconditions: set "it" language =>


2024-01-26 15:53:12.684819   => Language and Country menu is present


2024-01-26 15:53:12.699407   => Language and Country menu is visible


2024-01-26 15:53:14.476548   => Focus is moved on Language and Country menu 

2024-01-26 15:53:17.941242   => Current language: it

2024-01-26 15:53:17.941294   Prev country: ?

2024-01-26 15:53:17.941311   Run preconditions: set "gb" country =>


2024-01-26 15:53:17.964934   => Language and Country menu is present


2024-01-26 15:53:17.979405   => Language and Country menu is visible


2024-01-26 15:53:19.761066   => Focus is moved on Language and Country menu 

2024-01-26 15:53:22.541847   => Current country: gb

2024-01-26 15:53:22.541885   => THE END PRECONDITIONS

2024-01-26 15:53:22.541920   1. Arrange_v0
2024-01-26 15:53:23.635363   Load page https://capital.com/it/negozia-petrolio-brent
2024-01-26 15:53:23.635407   BUTTON_TRY_DEMO is visible? =>
2024-01-26 15:53:23.681812   => BUTTON_TRY_DEMO is visible on the page!

2024-01-26 15:53:23.681976   2. Act_v0
2024-01-26 15:53:23.681990   BUTTON_TRY_DEMO is present? =>
2024-01-26 15:53:23.693385   => BUTTON_TRY_DEMO is present on the page!
2024-01-26 15:53:23.693409   BUTTON_TRY_DEMO scroll =>
2024-01-26 15:53:23.767642   => BUTTON_TRY_DEMO clicked!

2024-01-26 15:53:23.767841   3. Assert_Login_v0
2024-01-26 15:53:23.767910   Check that 'Login' form is opened
2024-01-26 15:53:29.298457   'Login' form not opened
2024-01-26 15:53:29.302183   'Login' page not opened
2024-01-26 15:53:34.836366   'Login' form on trading platform not opened
2024-01-26 15:53:34.836567   Start step Check that [Sign up] form is opened
2024-01-26 15:53:34.859081   'Sign up' form opened
2024-01-26 15:53:34.859112   Assert SIGNUP_HEADER =>
2024-01-26 15:53:34.878747   Assert SIGNUP_REF_LOGIN =>
2024-01-26 15:53:34.900633   Assert SIGNUP_PRIVACY_POLICY_ALL_2 =>
2024-01-26 15:53:34.926184   => SIGNUP_PRIVACY_POLICY_ALL
2024-01-26 15:53:34.926238   => 'Signup' form is checked

Bug: Bid:11.02.03.01_02-it.gb.NoAuth

2024-01-26 15:53:34.926328   Проверка бага в таблице ретеста  =>

2024-01-26 15:53:34.933908   4. Fixing one row check results into Google Sheet Bugs Report =>
1 cells updated.
2024-01-26 15:53:35.379371   => 4. One row check results into Google Sheet Bugs Report fixed

2024-01-26 15:53:35.776784   4. Fixing one row check results into Google Sheet Bugs Report =>
1 cells updated.
2024-01-26 15:53:36.082276   => 4. One row check results into Google Sheet Bugs Report fixed

2024-01-26 15:53:36.082354   Bug: Bid:11.02.03.01_02-it.gb.NoAuth уже существует, но тип бага изменился с 16/01/24 на 05

2024-01-26 15:53:36.082816   Bug: Bid:11.02.03.01_02-it.gb.NoAuth-05 уже существует

2024-01-26 15:53:36.082962   4. Fixing one row check results into Google Sheet Bugs Report =>
1 cells updated.
2024-01-26 15:53:36.529403   => 4. One row check results into Google Sheet Bugs Report fixed
------------------------------ Captured log call -------------------------------
2024-01-26 15:53:29 ERROR Elements not present after 0.5 seconds on page: https://capital.com/it/negozia-petrolio-brent
2024-01-26 15:53:29 ERROR 
Traceback (most recent call last):
  File "/home/runner/work/SeleniumCapital/SeleniumCapital/pages/base_page.py", line 82, in inner_function
    return func(*args, **kwargs)
           ^^^^^^^^^^^^^^^^^^^^^
  File "/home/runner/work/SeleniumCapital/SeleniumCapital/pages/base_page.py", line 293, in element_is_visible
    return Wait(self.browser, timeout).until(
           ^^^^^^^^^^^^^^^^^^^^^^^^^^^^^^^^^^
  File "/home/runner/.cache/pypoetry/virtualenvs/testcapitalcompyse-cIj6ROMf-py3.11/lib/python3.11/site-packages/selenium/webdriver/support/wait.py", line 105, in until
    raise TimeoutException(message, screen, stacktrace)
selenium.common.exceptions.TimeoutException: Message: 
Stacktrace:
#0 0x55cf567b2f83 <unknown>
#1 0x55cf5646bcf7 <unknown>
#2 0x55cf564bb99e <unknown>
#3 0x55cf564bbaa1 <unknown>
#4 0x55cf56506d64 <unknown>
#5 0x55cf564e50dd <unknown>
#6 0x55cf56504006 <unknown>
#7 0x55cf564e4e53 <unknown>
#8 0x55cf564acdd4 <unknown>
#9 0x55cf564ae1de <unknown>
#10 0x55cf56777531 <unknown>
#11 0x55cf5677b455 <unknown>
#12 0x55cf56763f55 <unknown>
#13 0x55cf5677c0ef <unknown>
#14 0x55cf5674799f <unknown>
#15 0x55cf567a0008 <unknown>
#16 0x55cf567a01d7 <unknown>
#17 0x55cf567b2124 <unknown>
#18 0x7f240de94ac3 <unknown>

2024-01-26 15:53:34 ERROR Elements not present after 0.5 seconds on page: https://capital.com/it/negozia-petrolio-brent
2024-01-26 15:53:34 ERROR 
Traceback (most recent call last):
  File "/home/runner/work/SeleniumCapital/SeleniumCapital/pages/base_page.py", line 82, in inner_function
    return func(*args, **kwargs)
           ^^^^^^^^^^^^^^^^^^^^^
  File "/home/runner/work/SeleniumCapital/SeleniumCapital/pages/base_page.py", line 293, in element_is_visible
    return Wait(self.browser, timeout).until(
           ^^^^^^^^^^^^^^^^^^^^^^^^^^^^^^^^^^
  File "/home/runner/.cache/pypoetry/virtualenvs/testcapitalcompyse-cIj6ROMf-py3.11/lib/python3.11/site-packages/selenium/webdriver/support/wait.py", line 105, in until
    raise TimeoutException(message, screen, stacktrace)
selenium.common.exceptions.TimeoutException: Message: 
Stacktrace:
#0 0x55cf567b2f83 <unknown>
#1 0x55cf5646bcf7 <unknown>
#2 0x55cf564bb99e <unknown>
#3 0x55cf564bbaa1 <unknown>
#4 0x55cf56506d64 <unknown>
#5 0x55cf564e50dd <unknown>
#6 0x55cf56504006 <unknown>
#7 0x55cf564e4e53 <unknown>
#8 0x55cf564acdd4 <unknown>
#9 0x55cf564ae1de <unknown>
#10 0x55cf56777531 <unknown>
#11 0x55cf5677b455 <unknown>
#12 0x55cf56763f55 <unknown>
#13 0x55cf5677c0ef <unknown>
#14 0x55cf5674799f <unknown>
#15 0x55cf567a0008 <unknown>
#16 0x55cf567a01d7 <unknown>
#17 0x55cf567b2124 <unknown>
#18 0x7f240de94ac3 <unknown>
--------------------------- Captured stdout teardown ---------------------------

2024-01-26 15:53:36.926560   *** end fixture Browser = teardown ***

=============================== warnings summary ===============================
tests/US_11_Education/US_11-02-03_Commodities_trading/us_11-02-03-01_Commodities_trading_test.py::TestCommoditiesTrading::test_02_main_banner_try_demo_button[https://capital.com/it/negozia-petrolio-brent-Chrome--ae-NoAuth-aqa.tomelo.an@gmail.com-iT9Vgqi6d$fiZ*Z]
  /home/runner/.cache/pypoetry/virtualenvs/testcapitalcompyse-cIj6ROMf-py3.11/lib/python3.11/site-packages/pytest_html/plugin.py:133: DeprecationWarning: The 'report.extra' attribute is deprecated and will be removed in a future release, use 'report.extras' instead.
    warnings.warn(

-- Docs: https://docs.pytest.org/en/stable/how-to/capture-warnings.html
- Generated html report: file:///home/runner/work/SeleniumCapital/SeleniumCapital/report/report.html -
=========================== short test summary info ============================
FAILED tests/US_11_Education/US_11-02-03_Commodities_trading/us_11-02-03-01_Commodities_trading_test.py::TestCommoditiesTrading::test_02_main_banner_try_demo_button[https://capital.com/it/negozia-petrolio-brent-Chrome--ae-NoAuth-aqa.tomelo.an@gmail.com-iT9Vgqi6d$fiZ*Z] - AssertionError: Bug # 05. Opened a 'Sign up' form instead of a 'Login'
================= 1 failed, 9 deselected, 1 warning in 49.60s ==================

2024-01-26 15:53:37.026360   => Текущий тест: 1 failed

2024-01-26 15:53:37.027383   => 3. check_results finished

2024-01-26 15:53:37.027566   4. Fixing one row check results into Google Sheet Bugs Report =>
1 cells updated.
2024-01-26 15:53:37.227202   => 4. One row check results into Google Sheet Bugs Report fixed
