2024-01-26 14:52:03 ERROR Elements not present after 0.5 seconds on page: https://capital.com/ro/trade-platinum
2024-01-26 14:52:03 ERROR 
Traceback (most recent call last):
  File "/home/runner/work/SeleniumCapital/SeleniumCapital/pages/base_page.py", line 82, in inner_function
    return func(*args, **kwargs)
           ^^^^^^^^^^^^^^^^^^^^^
  File "/home/runner/work/SeleniumCapital/SeleniumCapital/pages/base_page.py", line 293, in element_is_visible
    return Wait(self.browser, timeout).until(
           ^^^^^^^^^^^^^^^^^^^^^^^^^^^^^^^^^^
  File "/home/runner/.cache/pypoetry/virtualenvs/testcapitalcompyse-cIj6ROMf-py3.11/lib/python3.11/site-packages/selenium/webdriver/support/wait.py", line 105, in until
    raise TimeoutException(message, screen, stacktrace)
selenium.common.exceptions.TimeoutException: Message: 
Stacktrace:
#0 0x555afb1f0f83 <unknown>
#1 0x555afaea9cf7 <unknown>
#2 0x555afaef999e <unknown>
#3 0x555afaef9aa1 <unknown>
#4 0x555afaf44d64 <unknown>
#5 0x555afaf230dd <unknown>
#6 0x555afaf42006 <unknown>
#7 0x555afaf22e53 <unknown>
#8 0x555afaeeadd4 <unknown>
#9 0x555afaeec1de <unknown>
#10 0x555afb1b5531 <unknown>
#11 0x555afb1b9455 <unknown>
#12 0x555afb1a1f55 <unknown>
#13 0x555afb1ba0ef <unknown>
#14 0x555afb18599f <unknown>
#15 0x555afb1de008 <unknown>
#16 0x555afb1de1d7 <unknown>
#17 0x555afb1f0124 <unknown>
#18 0x7f9a7ae94ac3 <unknown>

2024-01-26 14:52:22 ERROR Elements not present after 0.5 seconds on page: https://capital.com/trading/platform/
2024-01-26 14:52:22 ERROR 
Traceback (most recent call last):
  File "/home/runner/work/SeleniumCapital/SeleniumCapital/pages/base_page.py", line 82, in inner_function
    return func(*args, **kwargs)
           ^^^^^^^^^^^^^^^^^^^^^
  File "/home/runner/work/SeleniumCapital/SeleniumCapital/pages/base_page.py", line 293, in element_is_visible
    return Wait(self.browser, timeout).until(
           ^^^^^^^^^^^^^^^^^^^^^^^^^^^^^^^^^^
  File "/home/runner/.cache/pypoetry/virtualenvs/testcapitalcompyse-cIj6ROMf-py3.11/lib/python3.11/site-packages/selenium/webdriver/support/wait.py", line 105, in until
    raise TimeoutException(message, screen, stacktrace)
selenium.common.exceptions.TimeoutException: Message: 
Stacktrace:
#0 0x555afb1f0f83 <unknown>
#1 0x555afaea9cf7 <unknown>
#2 0x555afaef999e <unknown>
#3 0x555afaef9aa1 <unknown>
#4 0x555afaf44d64 <unknown>
#5 0x555afaf230dd <unknown>
#6 0x555afaf42006 <unknown>
#7 0x555afaf22e53 <unknown>
#8 0x555afaeeadd4 <unknown>
#9 0x555afaeec1de <unknown>
#10 0x555afb1b5531 <unknown>
#11 0x555afb1b9455 <unknown>
#12 0x555afb1a1f55 <unknown>
#13 0x555afb1ba0ef <unknown>
#14 0x555afb18599f <unknown>
#15 0x555afb1de008 <unknown>
#16 0x555afb1de1d7 <unknown>
#17 0x555afb1f0124 <unknown>
#18 0x7f9a7ae94ac3 <unknown>