


2024-01-26 15:26:02.412417   0. Get Values row =>
2024-01-26 15:26:02.412454   Row # = 514
2024-01-26 15:26:02.412464   Row Values = 
['Bid:11.02.03.01_01-de.gb.NoAuth', 'Ubuntu 22.04', 'Chrome', '11.02.03.01', '_01', 'de', 'gb', 'FCA', 'NoAuth', 'https://capital.com/de/trade-platinum', 'Education', 'Commodities trading L1', 'On Main banner click Button [Start Trading]', 'On Main banner click Button [Start Trading]', '', '05', "Bug # 05. Opened a 'Sign up' form instead of a 'Login'", '', '', '', '23/01/24', 'failed']

2024-01-26 15:26:02.412554   1. Run pretest =>

2024-01-26 15:26:02.412567   row_loc = 
['Bid:11.02.03.01_01-de.gb.NoAuth', 'Ubuntu 22.04', 'Chrome', '11.02.03.01', '_01', 'de', 'gb', 'FCA', 'NoAuth', 'https://capital.com/de/trade-platinum', 'Education', 'Commodities trading L1', 'On Main banner click Button [Start Trading]', 'On Main banner click Button [Start Trading]', '', '05', "Bug # 05. Opened a 'Sign up' form instead of a 'Login'", '', '', '', '23/01/24', 'failed']

2024-01-26 15:26:02.412582   => 1. Pretest finished

2024-01-26 15:26:02.412650   2. Run run_pytest with Bid = Bid:11.02.03.01_01-de.gb.NoAuth from row =>

2024-01-26 15:26:02.412663   2.2. Run poetry run pytest ... in subprocess =>

2024-01-26 15:26:02.412675   Run command: 
poetry run pytest --retest=True --browser_name=Chrome --lang=de --country=gb --role=NoAuth --tpi_link=https://capital.com/de/trade-platinum -m test_01 -v \tests/US_11_Education/US_11-02-03_Commodities_trading/us_11-02-03-01_Commodities_trading_test.py

2024-01-26 15:26:51.350910   => 2.2. pytest ... as subprocess finished

2024-01-26 15:26:51.350955   => 2. Autotest with Bid = Bid:11.02.03.01_01-de.gb.NoAuth from row finished

2024-01-26 15:26:51.351019   3. Run check_results =>
2024-01-26 15:26:51.351040   test_results: 
============================= test session starts ==============================
platform linux -- Python 3.11.7, pytest-7.4.4, pluggy-1.3.0 -- /home/runner/.cache/pypoetry/virtualenvs/testcapitalcompyse-cIj6ROMf-py3.11/bin/python
cachedir: .pytest_cache
metadata: {'Python': '3.11.7', 'Platform': 'Linux-6.2.0-1018-azure-x86_64-with-glibc2.35', 'Packages': {'pytest': '7.4.4', 'pluggy': '1.3.0'}, 'Plugins': {'metadata': '3.0.0', 'timeout': '2.2.0', 'html': '4.1.1', 'xdist': '3.5.0', 'allure-pytest': '2.13.2'}, 'CI': 'true', 'JAVA_HOME': '/usr/lib/jvm/temurin-11-jdk-amd64'}
rootdir: /home/runner/work/SeleniumCapital/SeleniumCapital
configfile: pytest.ini
plugins: metadata-3.0.0, timeout-2.2.0, html-4.1.1, xdist-3.5.0, allure-pytest-2.13.2
collecting ... collected 10 items / 9 deselected / 1 selected

tests/US_11_Education/US_11-02-03_Commodities_trading/us_11-02-03-01_Commodities_trading_test.py::TestCommoditiesTrading::test_01_main_banner_start_trading_button[https://capital.com/de/trade-platinum-Chrome--ae-NoAuth-aqa.tomelo.an@gmail.com-iT9Vgqi6d$fiZ*Z] FAILED [100%]

=================================== FAILURES ===================================
_ TestCommoditiesTrading.test_01_main_banner_start_trading_button[https://capital.com/de/trade-platinum-Chrome--ae-NoAuth-aqa.tomelo.an@gmail.com-iT9Vgqi6d$fiZ*Z] _

self = <us_11-02-03-01_Commodities_trading_test.TestCommoditiesTrading object at 0x7f94effb5bd0>
worker_id = 'master'
d = <selenium.webdriver.chrome.webdriver.WebDriver (session="66fa9d3994442f1661d42e7bf0a9e08e")>
cur_language = 'de', cur_country = 'gb', cur_role = 'NoAuth'
cur_login = 'aqa.tomelo.an@gmail.com', cur_password = 'iT9Vgqi6d$fiZ*Z'
cur_item_link = 'https://capital.com/de/trade-platinum'

    @allure.step("Start test of button [Start trading] on Main banner")
    @pytest.mark.test_01
    def test_01_main_banner_start_trading_button(
            self, worker_id, d, cur_language, cur_country, cur_role, cur_login, cur_password, cur_item_link):
        """
        Check: Button [Start Trading] on Main banner
        Language: All. License: All.
        """
        bid = build_dynamic_arg_v4(
            d, worker_id, cur_language, cur_country, cur_role,
            "11.02.03", "Education > Menu item [Commodities trading]",
            ".01_01", "Testing button [Start Trading] on Main banner")
    
        check_language(cur_language)
    
        page_conditions = Conditions(d, "")
        page_conditions.preconditions(
            d, CapitalComPageSrc.URL, "", cur_language, cur_country, cur_role, cur_login, cur_password)
    
        test_element = MainBannerStartTrading(d, cur_item_link, bid)
>       test_element.full_test_with_tpi(d, cur_language, cur_country, cur_role, cur_item_link)

tests/US_11_Education/US_11-02-03_Commodities_trading/us_11-02-03-01_Commodities_trading_test.py:77: 
_ _ _ _ _ _ _ _ _ _ _ _ _ _ _ _ _ _ _ _ _ _ _ _ _ _ _ _ _ _ _ _ _ _ _ _ _ _ _ _ 
pages/Elements/ButtonStartTradingMainBanner.py:28: in full_test_with_tpi
    test_element.assert_login(d, cur_language, cur_item_link)
_ _ _ _ _ _ _ _ _ _ _ _ _ _ _ _ _ _ _ _ _ _ _ _ _ _ _ _ _ _ _ _ _ _ _ _ _ _ _ _ 

self = <pages.Elements.AssertClass.AssertClass object at 0x7f94ef401a10>
d = <selenium.webdriver.chrome.webdriver.WebDriver (session="66fa9d3994442f1661d42e7bf0a9e08e")>
cur_language = 'de', cur_link = 'https://capital.com/de/trade-platinum'

    @allure.step('Checking that "Login" form or page opened')
    def assert_login(self, d, cur_language, cur_link):
        """Method Assert Login form or page"""
        print(f"\n{datetime.now()}   3. Assert_Login_v0")
        self.page_signup_login = SignupLogin(d, cur_link)
        if self.page_signup_login.should_be_login_form():
            self.page_signup_login.close_login_form()
            del self.page_signup_login
        elif self.page_signup_login.should_be_login_page():
            self.page_signup_login.close_login_page()
            del self.page_signup_login
        elif self.page_signup_login.should_be_trading_platform_login_form(cur_language):
            self.page_signup_login.close_trading_platform_login_form()
            del self.page_signup_login
        elif self.page_signup_login.should_be_signup_form(cur_language):
            del self.page_signup_login
            print(f'\nBug: {self.bid}')
            retest_table_fill(self.bid, '05', self.link)
>           assert False, "Bug # 05. Opened a 'Sign up' form instead of a 'Login'"
E           AssertionError: Bug # 05. Opened a 'Sign up' form instead of a 'Login'

pages/Elements/AssertClass.py:69: AssertionError
---------------------------- Captured stdout setup -----------------------------

2024-01-26 15:26:03.231870   *** autouse fixture Chrome ***

{'width': 1280, 'height': 720}
Current test language - de
Current country of trading - gb



Current test role - NoAuth
Current login - aqa.tomelo.an@gmail.com
Current login - iT9Vgqi6d$fiZ*Z
----------------------------- Captured stdout call -----------------------------
{'width': 1280, 'height': 720}

2024-01-26 15:26:04.146941   worker_id = master

2024-01-26 15:26:04.146958   0. Allure grouping v4


2024-01-26 15:26:04.147144   START PRECONDITIONS =>

2024-01-26 15:26:05.926304   Load page https://capital.com

2024-01-26 15:26:05.926351   {'width': 1280, 'height': 720}

2024-01-26 15:26:05.928467   Set windows position at (0, 0) =>

2024-01-26 15:26:06.033724   Set resolution 1280 * 720 =>

2024-01-26 15:26:06.139206   => Resolution seted {'width': 1280, 'height': 720}

2024-01-26 15:26:11.148878   Капчи нет. Тестим дальше

2024-01-26 15:26:11.148982   Prev. Role: ?

2024-01-26 15:26:11.149003   Run preconditions: set "NoAuth" Role =>
2024-01-26 15:26:12.098077   Load page https://capital.com

2024-01-26 15:26:12.257141   => All cookies are deleted
2024-01-26 15:26:13.290586   Load page https://capital.com

2024-01-26 15:26:13.290777   Step 'Click button [Accept all cookies]'
2024-01-26 15:26:18.298215   Is Visible Button [Accept all cookies]? =>
2024-01-26 15:26:18.325946   => Button [Accept all cookies] is visible
2024-01-26 15:26:19.326080   Is clickable Button [Accept all cookies] =>
2024-01-26 15:26:19.376383   => Button [Accept all cookies] is clickable
2024-01-26 15:26:19.376425   Click Button [Accept all cookies] =>
2024-01-26 15:26:19.442522   => Button [Accept all cookies] is clicked
2024-01-26 15:26:19.442565   => Accepted All Cookies

2024-01-26 15:26:19.942900   Start Autorization

2024-01-26 15:26:19.943000   2. Act
2024-01-26 15:26:19.943014   Start Click button [Log in] =>
2024-01-26 15:26:19.951921   BUTTON_LOGIN scroll =>
2024-01-26 15:26:19.957738   Is BUTTON_LOGIN clickable? =>
2024-01-26 15:26:19.968494   => BUTTON_LOGIN is clickable
2024-01-26 15:26:19.968520   BUTTON_LOGIN click =>
2024-01-26 15:26:20.011345   => BUTTON_LOGIN is clicked!
2024-01-26 15:26:20.011441   => 'Login' form is opened
2024-01-26 15:26:20.698544   => "login" and "password" are inputted
2024-01-26 15:26:20.698580   Click [Continue] button on [Login] form =>
2024-01-26 15:26:20.853714   => [Continue] button on [Login] form is clicked
2024-01-26 15:26:23.744539   Start check that the Trading platform page is loaded and LOGO is present on it =>
2024-01-26 15:26:23.744573   Set timeout = 30
2024-01-26 15:26:23.744588   Wait until load page with special title =>
2024-01-26 15:26:23.747595   => Page with title "Trading Platform | Capital.com" is loaded
2024-01-26 15:26:23.747621   Is present LOGO on this page? =>
2024-01-26 15:26:25.411342   => LOGO is visible on this page
2024-01-26 15:26:25.411431   -> "Capital.com" logo is present on trading platform page

2024-01-26 15:26:27.585689   Start DeAuthorisation
2024-01-26 15:26:27.585810   1. BUTTON_MY_ACCOUNT is present? =>
2024-01-26 15:26:27.598942   => BUTTON_MY_ACCOUNT is present on this page
2024-01-26 15:26:28.891551   => Move to BUTTON_MY_ACCOUNT
2024-01-26 15:26:28.891600   2. BUTTON_MY_ACCOUNT is clickable? =>
2024-01-26 15:26:28.912827   => BUTTON_MY_ACCOUNT is clickable
2024-01-26 15:26:28.912866   BUTTON_MY_ACCOUNT Click =>
2024-01-26 15:26:29.774020   => User panel [My account] is opened

2024-01-26 15:26:29.774283   Start Click [Logout] button:
2024-01-26 15:26:29.774309   BUTTON_LOGOUT is present? =>
2024-01-26 15:26:29.783635   => BUTTON_LOGOUT is present
2024-01-26 15:26:29.783667   Is visible BUTTON_LOGOUT? =>
2024-01-26 15:26:29.809576   BUTTON_LOGOUT is clickable? =>
2024-01-26 15:26:29.826420   BUTTON_LOGOUT click =>
2024-01-26 15:26:29.882155   => BUTTON_LOGOUT is clicked

2024-01-26 15:26:29.882304   Current role: NoAuth

2024-01-26 15:26:29.882330   Prev language: ?

2024-01-26 15:26:29.882346   Run preconditions: set "de" language =>


2024-01-26 15:26:29.907324   => Language and Country menu is present


2024-01-26 15:26:29.921848   => Language and Country menu is visible


2024-01-26 15:26:31.705973   => Focus is moved on Language and Country menu 

2024-01-26 15:26:33.381644   => Current language: de

2024-01-26 15:26:33.381686   Prev country: ?

2024-01-26 15:26:33.381701   Run preconditions: set "gb" country =>


2024-01-26 15:26:33.426934   => Language and Country menu is present


2024-01-26 15:26:33.445549   => Language and Country menu is visible


2024-01-26 15:26:35.223762   => Focus is moved on Language and Country menu 

2024-01-26 15:26:37.495768   => Current country: gb

2024-01-26 15:26:37.495808   => THE END PRECONDITIONS

2024-01-26 15:26:37.495842   1. Arrange_v0
2024-01-26 15:26:38.312193   Load page https://capital.com/de/trade-platinum
2024-01-26 15:26:38.327604   BUTTON_START_TRADING scroll =>
2024-01-26 15:26:38.331534   BUTTON_START_TRADING is visible? =>
2024-01-26 15:26:38.398119   => BUTTON_START_TRADING is visible on the page!

2024-01-26 15:26:38.398333   2. Act_v0
2024-01-26 15:26:38.398353   Start Click button [Start Trading] =>
2024-01-26 15:26:38.428031   BUTTON_START_TRADING is clickable? =>
2024-01-26 15:26:38.444081   BUTTON_START_TRADING click =>
2024-01-26 15:26:38.517331   => BUTTON_START_TRADING clicked

2024-01-26 15:26:38.517643   3. Assert_Login_v0
2024-01-26 15:26:38.517748   Check that 'Login' form is opened
2024-01-26 15:26:44.062264   'Login' form not opened
2024-01-26 15:26:44.066348   'Login' page not opened
2024-01-26 15:26:49.609113   'Login' form on trading platform not opened
2024-01-26 15:26:49.609291   Start step Check that [Sign up] form is opened
2024-01-26 15:26:49.623181   'Sign up' form opened
2024-01-26 15:26:49.623202   Assert SIGNUP_HEADER =>
2024-01-26 15:26:49.637262   Assert SIGNUP_REF_LOGIN =>
2024-01-26 15:26:49.650268   Assert SIGNUP_PRIVACY_POLICY_ALL_2 =>
2024-01-26 15:26:49.663203   => SIGNUP_PRIVACY_POLICY_ALL
2024-01-26 15:26:49.663224   => 'Signup' form is checked

Bug: Bid:11.02.03.01_01-de.gb.NoAuth

2024-01-26 15:26:49.663279   Проверка бага в таблице ретеста  =>

2024-01-26 15:26:49.668835   4. Fixing one row check results into Google Sheet Bugs Report =>
1 cells updated.
2024-01-26 15:26:50.062327   => 4. One row check results into Google Sheet Bugs Report fixed

2024-01-26 15:26:50.451725   4. Fixing one row check results into Google Sheet Bugs Report =>
1 cells updated.
2024-01-26 15:26:50.648485   => 4. One row check results into Google Sheet Bugs Report fixed

2024-01-26 15:26:50.648548   Bug: Bid:11.02.03.01_01-de.gb.NoAuth уже существует, но тип бага изменился с 23/01/24 на 05

2024-01-26 15:26:50.648917   Bug: Bid:11.02.03.01_01-de.gb.NoAuth-05 уже существует

2024-01-26 15:26:50.649052   4. Fixing one row check results into Google Sheet Bugs Report =>
1 cells updated.
2024-01-26 15:26:50.949112   => 4. One row check results into Google Sheet Bugs Report fixed
------------------------------ Captured log call -------------------------------
2024-01-26 15:26:44 ERROR Elements not present after 0.5 seconds on page: https://capital.com/de/trade-platinum
2024-01-26 15:26:44 ERROR 
Traceback (most recent call last):
  File "/home/runner/work/SeleniumCapital/SeleniumCapital/pages/base_page.py", line 82, in inner_function
    return func(*args, **kwargs)
           ^^^^^^^^^^^^^^^^^^^^^
  File "/home/runner/work/SeleniumCapital/SeleniumCapital/pages/base_page.py", line 293, in element_is_visible
    return Wait(self.browser, timeout).until(
           ^^^^^^^^^^^^^^^^^^^^^^^^^^^^^^^^^^
  File "/home/runner/.cache/pypoetry/virtualenvs/testcapitalcompyse-cIj6ROMf-py3.11/lib/python3.11/site-packages/selenium/webdriver/support/wait.py", line 105, in until
    raise TimeoutException(message, screen, stacktrace)
selenium.common.exceptions.TimeoutException: Message: 
Stacktrace:
#0 0x563a2bc58f83 <unknown>
#1 0x563a2b911cf7 <unknown>
#2 0x563a2b96199e <unknown>
#3 0x563a2b961aa1 <unknown>
#4 0x563a2b9acd64 <unknown>
#5 0x563a2b98b0dd <unknown>
#6 0x563a2b9aa006 <unknown>
#7 0x563a2b98ae53 <unknown>
#8 0x563a2b952dd4 <unknown>
#9 0x563a2b9541de <unknown>
#10 0x563a2bc1d531 <unknown>
#11 0x563a2bc21455 <unknown>
#12 0x563a2bc09f55 <unknown>
#13 0x563a2bc220ef <unknown>
#14 0x563a2bbed99f <unknown>
#15 0x563a2bc46008 <unknown>
#16 0x563a2bc461d7 <unknown>
#17 0x563a2bc58124 <unknown>
#18 0x7f55dac94ac3 <unknown>

2024-01-26 15:26:49 ERROR Elements not present after 0.5 seconds on page: https://capital.com/de/trade-platinum
2024-01-26 15:26:49 ERROR 
Traceback (most recent call last):
  File "/home/runner/work/SeleniumCapital/SeleniumCapital/pages/base_page.py", line 82, in inner_function
    return func(*args, **kwargs)
           ^^^^^^^^^^^^^^^^^^^^^
  File "/home/runner/work/SeleniumCapital/SeleniumCapital/pages/base_page.py", line 293, in element_is_visible
    return Wait(self.browser, timeout).until(
           ^^^^^^^^^^^^^^^^^^^^^^^^^^^^^^^^^^
  File "/home/runner/.cache/pypoetry/virtualenvs/testcapitalcompyse-cIj6ROMf-py3.11/lib/python3.11/site-packages/selenium/webdriver/support/wait.py", line 105, in until
    raise TimeoutException(message, screen, stacktrace)
selenium.common.exceptions.TimeoutException: Message: 
Stacktrace:
#0 0x563a2bc58f83 <unknown>
#1 0x563a2b911cf7 <unknown>
#2 0x563a2b96199e <unknown>
#3 0x563a2b961aa1 <unknown>
#4 0x563a2b9acd64 <unknown>
#5 0x563a2b98b0dd <unknown>
#6 0x563a2b9aa006 <unknown>
#7 0x563a2b98ae53 <unknown>
#8 0x563a2b952dd4 <unknown>
#9 0x563a2b9541de <unknown>
#10 0x563a2bc1d531 <unknown>
#11 0x563a2bc21455 <unknown>
#12 0x563a2bc09f55 <unknown>
#13 0x563a2bc220ef <unknown>
#14 0x563a2bbed99f <unknown>
#15 0x563a2bc46008 <unknown>
#16 0x563a2bc461d7 <unknown>
#17 0x563a2bc58124 <unknown>
#18 0x7f55dac94ac3 <unknown>
--------------------------- Captured stdout teardown ---------------------------

2024-01-26 15:26:51.271441   *** end fixture Browser = teardown ***

=============================== warnings summary ===============================
tests/US_11_Education/US_11-02-03_Commodities_trading/us_11-02-03-01_Commodities_trading_test.py::TestCommoditiesTrading::test_01_main_banner_start_trading_button[https://capital.com/de/trade-platinum-Chrome--ae-NoAuth-aqa.tomelo.an@gmail.com-iT9Vgqi6d$fiZ*Z]
  /home/runner/.cache/pypoetry/virtualenvs/testcapitalcompyse-cIj6ROMf-py3.11/lib/python3.11/site-packages/pytest_html/plugin.py:133: DeprecationWarning: The 'report.extra' attribute is deprecated and will be removed in a future release, use 'report.extras' instead.
    warnings.warn(

-- Docs: https://docs.pytest.org/en/stable/how-to/capture-warnings.html
- Generated html report: file:///home/runner/work/SeleniumCapital/SeleniumCapital/report/report.html -
=========================== short test summary info ============================
FAILED tests/US_11_Education/US_11-02-03_Commodities_trading/us_11-02-03-01_Commodities_trading_test.py::TestCommoditiesTrading::test_01_main_banner_start_trading_button[https://capital.com/de/trade-platinum-Chrome--ae-NoAuth-aqa.tomelo.an@gmail.com-iT9Vgqi6d$fiZ*Z] - AssertionError: Bug # 05. Opened a 'Sign up' form instead of a 'Login'
================= 1 failed, 9 deselected, 1 warning in 48.19s ==================

2024-01-26 15:26:51.351503   => Текущий тест: 1 failed

2024-01-26 15:26:51.352673   => 3. check_results finished

2024-01-26 15:26:51.352811   4. Fixing one row check results into Google Sheet Bugs Report =>
1 cells updated.
2024-01-26 15:26:51.529049   => 4. One row check results into Google Sheet Bugs Report fixed
