


2024-01-26 14:56:16.134846   0. Get Values row =>
2024-01-26 14:56:16.134874   Row # = 126
2024-01-26 14:56:16.134884   Row Values = 
['Bid:11.02.02.01_10-ro.gb.NoAuth', 'Ubuntu 22.04', 'Chrome', '11.02.02.01', '_10', 'ro', 'gb', 'FCA', 'NoAuth', 'https://capital.com/ro/tranzactionati-nio', 'Education', 'Shares trading / child', '', '', '', '05', "Bug # 05. Opened a 'Sign up' form instead of a 'Login'", '', '', '', '25/01/24']

2024-01-26 14:56:16.134968   1. Run pretest =>

2024-01-26 14:56:16.134981   row_loc = 
['Bid:11.02.02.01_10-ro.gb.NoAuth', 'Ubuntu 22.04', 'Chrome', '11.02.02.01', '_10', 'ro', 'gb', 'FCA', 'NoAuth', 'https://capital.com/ro/tranzactionati-nio', 'Education', 'Shares trading / child', '', '', '', '05', "Bug # 05. Opened a 'Sign up' form instead of a 'Login'", '', '', '', '25/01/24']

2024-01-26 14:56:16.134995   => 1. Pretest finished

2024-01-26 14:56:16.135060   2. Run run_pytest with Bid = Bid:11.02.02.01_10-ro.gb.NoAuth from row =>

2024-01-26 14:56:16.135072   2.2. Run poetry run pytest ... in subprocess =>

2024-01-26 14:56:16.135084   Run command: 
poetry run pytest --retest=True --browser_name=Chrome --lang=ro --country=gb --role=NoAuth --tpi_link=https://capital.com/ro/tranzactionati-nio -m test_10 -v \tests/US_11_Education/US_11-02-02_Shares_trading/US_11-02-02-01_Shares_trading_test.py

2024-01-26 14:57:08.934037   => 2.2. pytest ... as subprocess finished

2024-01-26 14:57:08.934088   => 2. Autotest with Bid = Bid:11.02.02.01_10-ro.gb.NoAuth from row finished

2024-01-26 14:57:08.934168   3. Run check_results =>
2024-01-26 14:57:08.934198   test_results: 
============================= test session starts ==============================
platform linux -- Python 3.11.7, pytest-7.4.4, pluggy-1.3.0 -- /home/runner/.cache/pypoetry/virtualenvs/testcapitalcompyse-cIj6ROMf-py3.11/bin/python
cachedir: .pytest_cache
metadata: {'Python': '3.11.7', 'Platform': 'Linux-6.2.0-1018-azure-x86_64-with-glibc2.35', 'Packages': {'pytest': '7.4.4', 'pluggy': '1.3.0'}, 'Plugins': {'metadata': '3.0.0', 'timeout': '2.2.0', 'html': '4.1.1', 'xdist': '3.5.0', 'allure-pytest': '2.13.2'}, 'CI': 'true', 'JAVA_HOME': '/usr/lib/jvm/temurin-11-jdk-amd64'}
rootdir: /home/runner/work/SeleniumCapital/SeleniumCapital
configfile: pytest.ini
plugins: metadata-3.0.0, timeout-2.2.0, html-4.1.1, xdist-3.5.0, allure-pytest-2.13.2
collecting ... collected 10 items / 9 deselected / 1 selected

tests/US_11_Education/US_11-02-02_Shares_trading/US_11-02-02-01_Shares_trading_test.py::TestSharesTradingItems::test_10_block_vert_banner_button[https://capital.com/ro/tranzactionati-nio-Chrome--ae-NoAuth-aqa.tomelo.an@gmail.com-iT9Vgqi6d$fiZ*Z] FAILED [100%]

=================================== FAILURES ===================================
_ TestSharesTradingItems.test_10_block_vert_banner_button[https://capital.com/ro/tranzactionati-nio-Chrome--ae-NoAuth-aqa.tomelo.an@gmail.com-iT9Vgqi6d$fiZ*Z] _

self = <US_11-02-02-01_Shares_trading_test.TestSharesTradingItems object at 0x7f8985a6cd90>
worker_id = 'master'
d = <selenium.webdriver.chrome.webdriver.WebDriver (session="d7d1db93bd8f2c181afeb279108d8933")>
cur_language = 'ro', cur_country = 'gb', cur_role = 'NoAuth'
cur_login = 'aqa.tomelo.an@gmail.com', cur_password = 'iT9Vgqi6d$fiZ*Z'
cur_item_link = 'https://capital.com/ro/tranzactionati-nio'

    @allure.step("Start test of button in block [Vertical banner]")
    # @pytest.mark.skip(reason="Skipped for debugging")
    @pytest.mark.test_10
    def test_10_block_vert_banner_button(
            self, worker_id, d, cur_language, cur_country, cur_role, cur_login, cur_password,
            cur_item_link):
        """
                Check the [Button] on the Vertical side banner at the bottom of the page.
                For "Authorized user" role:
                The trading platform page is opened depend on the banner [type-id]:
                        Live mode if the banner in the Live mode banners list
                        Demo mode if the banner in the Demo mode banners list
                """
    
        bid = build_dynamic_arg_v4(
            d, worker_id, cur_language, cur_country, cur_role,
            "11.02.02", "Education > Menu item [Shares trading]",
            ".01_10", "Testing button in block [Vertical banner]")
    
        check_language(cur_language)
        if cur_language in ["", "ar", "cn"]:
            Common().skip_test_for_language(cur_language)
    
        page_conditions = Conditions(d, "")
        page_conditions.preconditions(
            d, CapitalComPageSrc.URL, "", cur_language, cur_country, cur_role, cur_login, cur_password)
    
        # банеры должны открываться в Demo mode for US_00
        banner00_ver_tpd = []
        # банеры должны открываться в Live mode for US_00
        banner00_ver_tp = []
        # банеры должны открываться в Demo mode for US_01
        banner01_ver_tpd = ['251', '253', '380', '168', '222', '393']
        # банеры должны открываться в Live mode for US_01
        banner01_ver_tp = ['198', '293', '381', '391', '426']
    
        test_element = ButtonOnVerticalBanner(d, cur_item_link, bid)
>       test_element.full_test_with_tpi(
            d, cur_language, cur_country, cur_role, cur_item_link,
            banner00_ver_tpd, banner00_ver_tp, banner01_ver_tpd, banner01_ver_tp)

tests/US_11_Education/US_11-02-02_Shares_trading/US_11-02-02-01_Shares_trading_test.py:331: 
_ _ _ _ _ _ _ _ _ _ _ _ _ _ _ _ _ _ _ _ _ _ _ _ _ _ _ _ _ _ _ _ _ _ _ _ _ _ _ _ 
pages/Elements/ButtonOnVerticalBanner.py:40: in full_test_with_tpi
    test_element.assert_login(d, cur_language, link)
_ _ _ _ _ _ _ _ _ _ _ _ _ _ _ _ _ _ _ _ _ _ _ _ _ _ _ _ _ _ _ _ _ _ _ _ _ _ _ _ 

self = <pages.Elements.AssertClass.AssertClass object at 0x7f8985b3ee50>
d = <selenium.webdriver.chrome.webdriver.WebDriver (session="d7d1db93bd8f2c181afeb279108d8933")>
cur_language = 'ro', cur_link = 'https://capital.com/ro/tranzactionati-nio'

    @allure.step('Checking that "Login" form or page opened')
    def assert_login(self, d, cur_language, cur_link):
        """Method Assert Login form or page"""
        print(f"\n{datetime.now()}   3. Assert_Login_v0")
        self.page_signup_login = SignupLogin(d, cur_link)
        if self.page_signup_login.should_be_login_form():
            self.page_signup_login.close_login_form()
            del self.page_signup_login
        elif self.page_signup_login.should_be_login_page():
            self.page_signup_login.close_login_page()
            del self.page_signup_login
        elif self.page_signup_login.should_be_trading_platform_login_form(cur_language):
            self.page_signup_login.close_trading_platform_login_form()
            del self.page_signup_login
        elif self.page_signup_login.should_be_signup_form(cur_language):
            del self.page_signup_login
            print(f'\nBug: {self.bid}')
            retest_table_fill(self.bid, '05', self.link)
>           assert False, "Bug # 05. Opened a 'Sign up' form instead of a 'Login'"
E           AssertionError: Bug # 05. Opened a 'Sign up' form instead of a 'Login'

pages/Elements/AssertClass.py:69: AssertionError
---------------------------- Captured stdout setup -----------------------------

2024-01-26 14:56:16.992798   *** autouse fixture Chrome ***

{'width': 1280, 'height': 720}
Current test language - ro
Current country of trading - gb



Current test role - NoAuth
Current login - aqa.tomelo.an@gmail.com
Current login - iT9Vgqi6d$fiZ*Z
----------------------------- Captured stdout call -----------------------------
{'width': 1280, 'height': 720}

2024-01-26 14:56:17.892940   worker_id = master

2024-01-26 14:56:17.892961   0. Allure grouping v4


2024-01-26 14:56:17.893211   START PRECONDITIONS =>

2024-01-26 14:56:19.369746   Load page https://capital.com

2024-01-26 14:56:19.369784   {'width': 1280, 'height': 720}

2024-01-26 14:56:19.371475   Set windows position at (0, 0) =>

2024-01-26 14:56:19.480527   Set resolution 1280 * 720 =>

2024-01-26 14:56:19.596391   => Resolution seted {'width': 1280, 'height': 720}

2024-01-26 14:56:24.645307   Капчи нет. Тестим дальше

2024-01-26 14:56:24.645405   Prev. Role: ?

2024-01-26 14:56:24.645418   Run preconditions: set "NoAuth" Role =>
2024-01-26 14:56:25.321503   Load page https://capital.com

2024-01-26 14:56:25.523223   => All cookies are deleted
2024-01-26 14:56:26.267119   Load page https://capital.com

2024-01-26 14:56:26.267374   Step 'Click button [Accept all cookies]'
2024-01-26 14:56:31.278278   Is Visible Button [Accept all cookies]? =>
2024-01-26 14:56:31.298946   => Button [Accept all cookies] is visible
2024-01-26 14:56:32.299063   Is clickable Button [Accept all cookies] =>
2024-01-26 14:56:32.330297   => Button [Accept all cookies] is clickable
2024-01-26 14:56:32.330341   Click Button [Accept all cookies] =>
2024-01-26 14:56:32.412221   => Button [Accept all cookies] is clicked
2024-01-26 14:56:32.412268   => Accepted All Cookies

2024-01-26 14:56:32.916186   Start Autorization

2024-01-26 14:56:32.916329   2. Act
2024-01-26 14:56:32.916349   Start Click button [Log in] =>
2024-01-26 14:56:32.952089   BUTTON_LOGIN scroll =>
2024-01-26 14:56:32.956827   Is BUTTON_LOGIN clickable? =>
2024-01-26 14:56:32.971320   => BUTTON_LOGIN is clickable
2024-01-26 14:56:32.971345   BUTTON_LOGIN click =>
2024-01-26 14:56:33.020048   => BUTTON_LOGIN is clicked!
2024-01-26 14:56:33.020135   => 'Login' form is opened
2024-01-26 14:56:33.505010   => "login" and "password" are inputted
2024-01-26 14:56:33.505053   Click [Continue] button on [Login] form =>
2024-01-26 14:56:33.614336   => [Continue] button on [Login] form is clicked
2024-01-26 14:56:36.261824   Start check that the Trading platform page is loaded and LOGO is present on it =>
2024-01-26 14:56:36.261859   Set timeout = 30
2024-01-26 14:56:36.261873   Wait until load page with special title =>
2024-01-26 14:56:36.264468   => Page with title "Trading Platform | Capital.com" is loaded
2024-01-26 14:56:36.264492   Is present LOGO on this page? =>
2024-01-26 14:56:37.482436   => LOGO is visible on this page
2024-01-26 14:56:37.482523   -> "Capital.com" logo is present on trading platform page

2024-01-26 14:56:38.681328   Start DeAuthorisation
2024-01-26 14:56:38.681477   1. BUTTON_MY_ACCOUNT is present? =>
2024-01-26 14:56:38.745760   => BUTTON_MY_ACCOUNT is present on this page
2024-01-26 14:56:40.026453   => Move to BUTTON_MY_ACCOUNT
2024-01-26 14:56:40.026492   2. BUTTON_MY_ACCOUNT is clickable? =>
2024-01-26 14:56:40.046141   => BUTTON_MY_ACCOUNT is clickable
2024-01-26 14:56:40.046181   BUTTON_MY_ACCOUNT Click =>
2024-01-26 14:56:40.883053   => User panel [My account] is opened

2024-01-26 14:56:40.883288   Start Click [Logout] button:
2024-01-26 14:56:40.883305   BUTTON_LOGOUT is present? =>
2024-01-26 14:56:40.893518   => BUTTON_LOGOUT is present
2024-01-26 14:56:40.893546   Is visible BUTTON_LOGOUT? =>
2024-01-26 14:56:40.904147   BUTTON_LOGOUT is clickable? =>
2024-01-26 14:56:40.917844   BUTTON_LOGOUT click =>
2024-01-26 14:56:40.970975   => BUTTON_LOGOUT is clicked

2024-01-26 14:56:40.971119   Current role: NoAuth

2024-01-26 14:56:40.971144   Prev language: ?

2024-01-26 14:56:40.971159   Run preconditions: set "ro" language =>


2024-01-26 14:56:41.006066   => Language and Country menu is present


2024-01-26 14:56:41.021925   => Language and Country menu is visible


2024-01-26 14:56:42.795466   => Focus is moved on Language and Country menu 

2024-01-26 14:56:44.504993   => Current language: ro

2024-01-26 14:56:44.505029   Prev country: ?

2024-01-26 14:56:44.505038   Run preconditions: set "gb" country =>


2024-01-26 14:56:44.512243   => Language and Country menu is present


2024-01-26 14:56:44.543584   => Language and Country menu is visible


2024-01-26 14:56:46.327495   => Focus is moved on Language and Country menu 

2024-01-26 14:56:48.703553   => Current country: gb

2024-01-26 14:56:48.703595   => THE END PRECONDITIONS

2024-01-26 14:56:48.703648   1. Arrange
2024-01-26 14:56:49.972278   Load page https://capital.com/ro/tranzactionati-nio
2024-01-26 14:56:49.972329   BUTTON_ON_VER_BANNER is visible? =>
2024-01-26 14:56:50.036758   => BUTTON_ON_VER_BANNER is visible on the page!
2024-01-26 14:56:50.036941   Start Checking that form [Sign up] popped up on the page =>
2024-01-26 14:56:55.569959   '[Sign up]' form was not popped up

2024-01-26 14:56:55.570133   2. Act
2024-01-26 14:56:55.570148   BUTTON_ON_VER_BANNER is present? =>
2024-01-26 14:56:55.578811   => BUTTON_ON_VER_BANNER is present on the page!
2024-01-26 14:56:55.578833   BUTTON_ON_VER_BANNER scroll =>
2024-01-26 14:56:55.679598   => BUTTON_ON_VER_BANNER clicked!

2024-01-26 14:56:55.679902   3. Assert_Login_v0
2024-01-26 14:56:55.680014   Check that 'Login' form is opened
2024-01-26 14:57:01.198587   'Login' form not opened
2024-01-26 14:57:01.201756   'Login' page not opened
2024-01-26 14:57:06.714483   'Login' form on trading platform not opened
2024-01-26 14:57:06.714675   Start step Check that [Sign up] form is opened
2024-01-26 14:57:06.728356   'Sign up' form opened
2024-01-26 14:57:06.728390   Assert SIGNUP_HEADER =>
2024-01-26 14:57:06.745739   Assert SIGNUP_REF_LOGIN =>
2024-01-26 14:57:06.763058   Assert SIGNUP_PRIVACY_POLICY_ALL_2 =>
2024-01-26 14:57:06.777412   => SIGNUP_PRIVACY_POLICY_ALL
2024-01-26 14:57:06.777437   => 'Signup' form is checked

Bug: Bid:11.02.02.01_10-ro.gb.NoAuth

2024-01-26 14:57:06.777499   Проверка бага в таблице ретеста  =>

2024-01-26 14:57:06.782948   4. Fixing one row check results into Google Sheet Bugs Report =>
1 cells updated.
2024-01-26 14:57:07.175279   => 4. One row check results into Google Sheet Bugs Report fixed

2024-01-26 14:57:07.670845   4. Fixing one row check results into Google Sheet Bugs Report =>
1 cells updated.
2024-01-26 14:57:08.022008   => 4. One row check results into Google Sheet Bugs Report fixed

2024-01-26 14:57:08.022092   Bug: Bid:11.02.02.01_10-ro.gb.NoAuth уже существует, но тип бага изменился с 25/01/24 на 05

2024-01-26 14:57:08.022702   Bug: Bid:11.02.02.01_10-ro.gb.NoAuth-05 уже существует

2024-01-26 14:57:08.022888   4. Fixing one row check results into Google Sheet Bugs Report =>
1 cells updated.
2024-01-26 14:57:08.483474   => 4. One row check results into Google Sheet Bugs Report fixed
------------------------------ Captured log call -------------------------------
2024-01-26 14:56:55 ERROR Elements not present after 0.5 seconds on page: https://capital.com/ro/tranzactionati-nio
2024-01-26 14:56:55 ERROR 
Traceback (most recent call last):
  File "/home/runner/work/SeleniumCapital/SeleniumCapital/pages/base_page.py", line 82, in inner_function
    return func(*args, **kwargs)
           ^^^^^^^^^^^^^^^^^^^^^
  File "/home/runner/work/SeleniumCapital/SeleniumCapital/pages/base_page.py", line 293, in element_is_visible
    return Wait(self.browser, timeout).until(
           ^^^^^^^^^^^^^^^^^^^^^^^^^^^^^^^^^^
  File "/home/runner/.cache/pypoetry/virtualenvs/testcapitalcompyse-cIj6ROMf-py3.11/lib/python3.11/site-packages/selenium/webdriver/support/wait.py", line 105, in until
    raise TimeoutException(message, screen, stacktrace)
selenium.common.exceptions.TimeoutException: Message: 
Stacktrace:
#0 0x55bc159f7f83 <unknown>
#1 0x55bc156b0cf7 <unknown>
#2 0x55bc1570099e <unknown>
#3 0x55bc15700aa1 <unknown>
#4 0x55bc1574bd64 <unknown>
#5 0x55bc1572a0dd <unknown>
#6 0x55bc15749006 <unknown>
#7 0x55bc15729e53 <unknown>
#8 0x55bc156f1dd4 <unknown>
#9 0x55bc156f31de <unknown>
#10 0x55bc159bc531 <unknown>
#11 0x55bc159c0455 <unknown>
#12 0x55bc159a8f55 <unknown>
#13 0x55bc159c10ef <unknown>
#14 0x55bc1598c99f <unknown>
#15 0x55bc159e5008 <unknown>
#16 0x55bc159e51d7 <unknown>
#17 0x55bc159f7124 <unknown>
#18 0x7fb89fa94ac3 <unknown>

2024-01-26 14:57:01 ERROR Elements not present after 0.5 seconds on page: https://capital.com/ro/tranzactionati-nio
2024-01-26 14:57:01 ERROR 
Traceback (most recent call last):
  File "/home/runner/work/SeleniumCapital/SeleniumCapital/pages/base_page.py", line 82, in inner_function
    return func(*args, **kwargs)
           ^^^^^^^^^^^^^^^^^^^^^
  File "/home/runner/work/SeleniumCapital/SeleniumCapital/pages/base_page.py", line 293, in element_is_visible
    return Wait(self.browser, timeout).until(
           ^^^^^^^^^^^^^^^^^^^^^^^^^^^^^^^^^^
  File "/home/runner/.cache/pypoetry/virtualenvs/testcapitalcompyse-cIj6ROMf-py3.11/lib/python3.11/site-packages/selenium/webdriver/support/wait.py", line 105, in until
    raise TimeoutException(message, screen, stacktrace)
selenium.common.exceptions.TimeoutException: Message: 
Stacktrace:
#0 0x55bc159f7f83 <unknown>
#1 0x55bc156b0cf7 <unknown>
#2 0x55bc1570099e <unknown>
#3 0x55bc15700aa1 <unknown>
#4 0x55bc1574bd64 <unknown>
#5 0x55bc1572a0dd <unknown>
#6 0x55bc15749006 <unknown>
#7 0x55bc15729e53 <unknown>
#8 0x55bc156f1dd4 <unknown>
#9 0x55bc156f31de <unknown>
#10 0x55bc159bc531 <unknown>
#11 0x55bc159c0455 <unknown>
#12 0x55bc159a8f55 <unknown>
#13 0x55bc159c10ef <unknown>
#14 0x55bc1598c99f <unknown>
#15 0x55bc159e5008 <unknown>
#16 0x55bc159e51d7 <unknown>
#17 0x55bc159f7124 <unknown>
#18 0x7fb89fa94ac3 <unknown>

2024-01-26 14:57:06 ERROR Elements not present after 0.5 seconds on page: https://capital.com/ro/tranzactionati-nio
2024-01-26 14:57:06 ERROR 
Traceback (most recent call last):
  File "/home/runner/work/SeleniumCapital/SeleniumCapital/pages/base_page.py", line 82, in inner_function
    return func(*args, **kwargs)
           ^^^^^^^^^^^^^^^^^^^^^
  File "/home/runner/work/SeleniumCapital/SeleniumCapital/pages/base_page.py", line 293, in element_is_visible
    return Wait(self.browser, timeout).until(
           ^^^^^^^^^^^^^^^^^^^^^^^^^^^^^^^^^^
  File "/home/runner/.cache/pypoetry/virtualenvs/testcapitalcompyse-cIj6ROMf-py3.11/lib/python3.11/site-packages/selenium/webdriver/support/wait.py", line 105, in until
    raise TimeoutException(message, screen, stacktrace)
selenium.common.exceptions.TimeoutException: Message: 
Stacktrace:
#0 0x55bc159f7f83 <unknown>
#1 0x55bc156b0cf7 <unknown>
#2 0x55bc1570099e <unknown>
#3 0x55bc15700aa1 <unknown>
#4 0x55bc1574bd64 <unknown>
#5 0x55bc1572a0dd <unknown>
#6 0x55bc15749006 <unknown>
#7 0x55bc15729e53 <unknown>
#8 0x55bc156f1dd4 <unknown>
#9 0x55bc156f31de <unknown>
#10 0x55bc159bc531 <unknown>
#11 0x55bc159c0455 <unknown>
#12 0x55bc159a8f55 <unknown>
#13 0x55bc159c10ef <unknown>
#14 0x55bc1598c99f <unknown>
#15 0x55bc159e5008 <unknown>
#16 0x55bc159e51d7 <unknown>
#17 0x55bc159f7124 <unknown>
#18 0x7fb89fa94ac3 <unknown>
--------------------------- Captured stdout teardown ---------------------------

2024-01-26 14:57:08.849066   *** end fixture Browser = teardown ***

=============================== warnings summary ===============================
tests/US_11_Education/US_11-02-02_Shares_trading/US_11-02-02-01_Shares_trading_test.py::TestSharesTradingItems::test_10_block_vert_banner_button[https://capital.com/ro/tranzactionati-nio-Chrome--ae-NoAuth-aqa.tomelo.an@gmail.com-iT9Vgqi6d$fiZ*Z]
  /home/runner/.cache/pypoetry/virtualenvs/testcapitalcompyse-cIj6ROMf-py3.11/lib/python3.11/site-packages/pytest_html/plugin.py:133: DeprecationWarning: The 'report.extra' attribute is deprecated and will be removed in a future release, use 'report.extras' instead.
    warnings.warn(

-- Docs: https://docs.pytest.org/en/stable/how-to/capture-warnings.html
- Generated html report: file:///home/runner/work/SeleniumCapital/SeleniumCapital/report/report.html -
=========================== short test summary info ============================
FAILED tests/US_11_Education/US_11-02-02_Shares_trading/US_11-02-02-01_Shares_trading_test.py::TestSharesTradingItems::test_10_block_vert_banner_button[https://capital.com/ro/tranzactionati-nio-Chrome--ae-NoAuth-aqa.tomelo.an@gmail.com-iT9Vgqi6d$fiZ*Z] - AssertionError: Bug # 05. Opened a 'Sign up' form instead of a 'Login'
================= 1 failed, 9 deselected, 1 warning in 52.05s ==================

2024-01-26 14:57:08.934794   => Текущий тест: 1 failed

2024-01-26 14:57:08.936131   => 3. check_results finished

2024-01-26 14:57:08.936290   4. Fixing one row check results into Google Sheet Bugs Report =>
1 cells updated.
2024-01-26 14:57:09.260890   => 4. One row check results into Google Sheet Bugs Report fixed
