


2024-01-26 15:36:40.889277   0. Get Values row =>
2024-01-26 15:36:40.889308   Row # = 975
2024-01-26 15:36:40.889318   Row Values = 
['Bid:11.02.03.01_05-en.gb.NoAuth', 'Ubuntu 22.04', 'Chrome', '11.02.03.01', '_05', 'en', 'gb', 'FCA', 'NoAuth', 'https://capital.com/trade-brentcrude-oil', 'Education', 'Commodities trading L1', '', '', '', '05', "Bug # 05. Opened a 'Sign up' form instead of a 'Login'", '', '', '', '19/01/24', 'failed']

2024-01-26 15:36:40.889400   1. Run pretest =>

2024-01-26 15:36:40.889413   row_loc = 
['Bid:11.02.03.01_05-en.gb.NoAuth', 'Ubuntu 22.04', 'Chrome', '11.02.03.01', '_05', 'en', 'gb', 'FCA', 'NoAuth', 'https://capital.com/trade-brentcrude-oil', 'Education', 'Commodities trading L1', '', '', '', '05', "Bug # 05. Opened a 'Sign up' form instead of a 'Login'", '', '', '', '19/01/24', 'failed']

2024-01-26 15:36:40.889427   => 1. Pretest finished

2024-01-26 15:36:40.889492   2. Run run_pytest with Bid = Bid:11.02.03.01_05-en.gb.NoAuth from row =>

2024-01-26 15:36:40.889505   2.2. Run poetry run pytest ... in subprocess =>

2024-01-26 15:36:40.889517   Run command: 
poetry run pytest --retest=True --browser_name=Chrome --lang= --country=gb --role=NoAuth --tpi_link=https://capital.com/trade-brentcrude-oil -m test_05 -v \tests/US_11_Education/US_11-02-03_Commodities_trading/us_11-02-03-01_Commodities_trading_test.py

2024-01-26 15:37:29.631879   => 2.2. pytest ... as subprocess finished

2024-01-26 15:37:29.631953   => 2. Autotest with Bid = Bid:11.02.03.01_05-en.gb.NoAuth from row finished

2024-01-26 15:37:29.632032   3. Run check_results =>
2024-01-26 15:37:29.632058   test_results: 
============================= test session starts ==============================
platform linux -- Python 3.11.7, pytest-7.4.4, pluggy-1.3.0 -- /home/runner/.cache/pypoetry/virtualenvs/testcapitalcompyse-cIj6ROMf-py3.11/bin/python
cachedir: .pytest_cache
metadata: {'Python': '3.11.7', 'Platform': 'Linux-6.2.0-1018-azure-x86_64-with-glibc2.35', 'Packages': {'pytest': '7.4.4', 'pluggy': '1.3.0'}, 'Plugins': {'metadata': '3.0.0', 'timeout': '2.2.0', 'html': '4.1.1', 'xdist': '3.5.0', 'allure-pytest': '2.13.2'}, 'CI': 'true', 'JAVA_HOME': '/usr/lib/jvm/temurin-11-jdk-amd64'}
rootdir: /home/runner/work/SeleniumCapital/SeleniumCapital
configfile: pytest.ini
plugins: metadata-3.0.0, timeout-2.2.0, html-4.1.1, xdist-3.5.0, allure-pytest-2.13.2
collecting ... collected 10 items / 9 deselected / 1 selected

tests/US_11_Education/US_11-02-03_Commodities_trading/us_11-02-03-01_Commodities_trading_test.py::TestCommoditiesTrading::test_05_start_trading_in_article_button[https://capital.com/trade-brentcrude-oil-Chrome--ae-NoAuth-aqa.tomelo.an@gmail.com-iT9Vgqi6d$fiZ*Z] FAILED [100%]

=================================== FAILURES ===================================
_ TestCommoditiesTrading.test_05_start_trading_in_article_button[https://capital.com/trade-brentcrude-oil-Chrome--ae-NoAuth-aqa.tomelo.an@gmail.com-iT9Vgqi6d$fiZ*Z] _

self = <us_11-02-03-01_Commodities_trading_test.TestCommoditiesTrading object at 0x7fe3bd497050>
worker_id = 'master'
d = <selenium.webdriver.chrome.webdriver.WebDriver (session="0d854a5ad6f314527bac71923cf2a0a9")>
cur_language = '', cur_country = 'gb', cur_role = 'NoAuth'
cur_login = 'aqa.tomelo.an@gmail.com', cur_password = 'iT9Vgqi6d$fiZ*Z'
cur_item_link = 'https://capital.com/trade-brentcrude-oil'

    @allure.step("Start test of button [Start trading] in article")
    @pytest.mark.test_05
    def test_05_start_trading_in_article_button(
            self, worker_id, d, cur_language, cur_country, cur_role, cur_login, cur_password, cur_item_link):
        """
        Check: Button [Start trading] in article
        Language: All. License: All.
        """
        bid = build_dynamic_arg_v4(
            d, worker_id, cur_language, cur_country, cur_role,
            "11.02.03", "Education > Menu item [Commodities trading]",
            ".01_05", "Testing button [Start trading] in article")
    
        check_language(cur_language)
    
        page_conditions = Conditions(d, "")
        page_conditions.preconditions(
            d, CapitalComPageSrc.URL, "", cur_language, cur_country, cur_role, cur_login, cur_password)
    
        test_element = ContentStartTrading(d, cur_item_link, bid)
>       test_element.full_test_with_tpi(d, cur_language, cur_country, cur_role, cur_item_link)

tests/US_11_Education/US_11-02-03_Commodities_trading/us_11-02-03-01_Commodities_trading_test.py:167: 
_ _ _ _ _ _ _ _ _ _ _ _ _ _ _ _ _ _ _ _ _ _ _ _ _ _ _ _ _ _ _ _ _ _ _ _ _ _ _ _ 
pages/Elements/ButtonStartTradingInContent.py:29: in full_test_with_tpi
    test_element.assert_login(d, cur_language, cur_item_link)
_ _ _ _ _ _ _ _ _ _ _ _ _ _ _ _ _ _ _ _ _ _ _ _ _ _ _ _ _ _ _ _ _ _ _ _ _ _ _ _ 

self = <pages.Elements.AssertClass.AssertClass object at 0x7fe3bd724950>
d = <selenium.webdriver.chrome.webdriver.WebDriver (session="0d854a5ad6f314527bac71923cf2a0a9")>
cur_language = '', cur_link = 'https://capital.com/trade-brentcrude-oil'

    @allure.step('Checking that "Login" form or page opened')
    def assert_login(self, d, cur_language, cur_link):
        """Method Assert Login form or page"""
        print(f"\n{datetime.now()}   3. Assert_Login_v0")
        self.page_signup_login = SignupLogin(d, cur_link)
        if self.page_signup_login.should_be_login_form():
            self.page_signup_login.close_login_form()
            del self.page_signup_login
        elif self.page_signup_login.should_be_login_page():
            self.page_signup_login.close_login_page()
            del self.page_signup_login
        elif self.page_signup_login.should_be_trading_platform_login_form(cur_language):
            self.page_signup_login.close_trading_platform_login_form()
            del self.page_signup_login
        elif self.page_signup_login.should_be_signup_form(cur_language):
            del self.page_signup_login
            print(f'\nBug: {self.bid}')
            retest_table_fill(self.bid, '05', self.link)
>           assert False, "Bug # 05. Opened a 'Sign up' form instead of a 'Login'"
E           AssertionError: Bug # 05. Opened a 'Sign up' form instead of a 'Login'

pages/Elements/AssertClass.py:69: AssertionError
---------------------------- Captured stdout setup -----------------------------

2024-01-26 15:36:41.818751   *** autouse fixture Chrome ***

{'width': 1280, 'height': 720}
Current test language - 
Current country of trading - gb



Current test role - NoAuth
Current login - aqa.tomelo.an@gmail.com
Current login - iT9Vgqi6d$fiZ*Z
----------------------------- Captured stdout call -----------------------------
{'width': 1280, 'height': 720}

2024-01-26 15:36:42.740699   worker_id = master

2024-01-26 15:36:42.740716   0. Allure grouping v4


2024-01-26 15:36:42.740920   START PRECONDITIONS =>

2024-01-26 15:36:44.681251   Load page https://capital.com

2024-01-26 15:36:44.681304   {'width': 1280, 'height': 720}

2024-01-26 15:36:44.685514   Set windows position at (0, 0) =>

2024-01-26 15:36:44.976550   Set resolution 1280 * 720 =>

2024-01-26 15:36:45.124246   => Resolution seted {'width': 1280, 'height': 720}

2024-01-26 15:36:50.137384   Капчи нет. Тестим дальше

2024-01-26 15:36:50.137479   Prev. Role: ?

2024-01-26 15:36:50.137491   Run preconditions: set "NoAuth" Role =>
2024-01-26 15:36:50.941480   Load page https://capital.com

2024-01-26 15:36:51.174347   => All cookies are deleted
2024-01-26 15:36:51.941494   Load page https://capital.com

2024-01-26 15:36:51.941757   Step 'Click button [Accept all cookies]'
2024-01-26 15:36:56.986940   Is Visible Button [Accept all cookies]? =>
2024-01-26 15:36:57.008468   => Button [Accept all cookies] is visible
2024-01-26 15:36:58.008590   Is clickable Button [Accept all cookies] =>
2024-01-26 15:36:58.039299   => Button [Accept all cookies] is clickable
2024-01-26 15:36:58.039338   Click Button [Accept all cookies] =>
2024-01-26 15:36:58.109488   => Button [Accept all cookies] is clicked
2024-01-26 15:36:58.109541   => Accepted All Cookies

2024-01-26 15:36:58.609990   Start Autorization

2024-01-26 15:36:58.610139   2. Act
2024-01-26 15:36:58.610159   Start Click button [Log in] =>
2024-01-26 15:36:58.620480   BUTTON_LOGIN scroll =>
2024-01-26 15:36:58.624374   Is BUTTON_LOGIN clickable? =>
2024-01-26 15:36:58.638976   => BUTTON_LOGIN is clickable
2024-01-26 15:36:58.639014   BUTTON_LOGIN click =>
2024-01-26 15:36:58.686618   => BUTTON_LOGIN is clicked!
2024-01-26 15:36:58.686704   => 'Login' form is opened
2024-01-26 15:36:59.189030   => "login" and "password" are inputted
2024-01-26 15:36:59.189075   Click [Continue] button on [Login] form =>
2024-01-26 15:36:59.320409   => [Continue] button on [Login] form is clicked
2024-01-26 15:37:02.195602   Start check that the Trading platform page is loaded and LOGO is present on it =>
2024-01-26 15:37:02.195639   Set timeout = 30
2024-01-26 15:37:02.195655   Wait until load page with special title =>
2024-01-26 15:37:02.198462   => Page with title "Trading Platform | Capital.com" is loaded
2024-01-26 15:37:02.198489   Is present LOGO on this page? =>
2024-01-26 15:37:03.601281   => LOGO is visible on this page
2024-01-26 15:37:03.601368   -> "Capital.com" logo is present on trading platform page

2024-01-26 15:37:04.652496   Start DeAuthorisation
2024-01-26 15:37:04.652638   1. BUTTON_MY_ACCOUNT is present? =>
2024-01-26 15:37:04.696964   => BUTTON_MY_ACCOUNT is present on this page
2024-01-26 15:37:05.979487   => Move to BUTTON_MY_ACCOUNT
2024-01-26 15:37:05.979529   2. BUTTON_MY_ACCOUNT is clickable? =>
2024-01-26 15:37:06.002121   => BUTTON_MY_ACCOUNT is clickable
2024-01-26 15:37:06.002164   BUTTON_MY_ACCOUNT Click =>
2024-01-26 15:37:06.835167   => User panel [My account] is opened

2024-01-26 15:37:06.835371   Start Click [Logout] button:
2024-01-26 15:37:06.835385   BUTTON_LOGOUT is present? =>
2024-01-26 15:37:06.846857   => BUTTON_LOGOUT is present
2024-01-26 15:37:06.846898   Is visible BUTTON_LOGOUT? =>
2024-01-26 15:37:06.858042   BUTTON_LOGOUT is clickable? =>
2024-01-26 15:37:06.873087   BUTTON_LOGOUT click =>
2024-01-26 15:37:06.926014   => BUTTON_LOGOUT is clicked

2024-01-26 15:37:06.926167   Current role: NoAuth

2024-01-26 15:37:06.926193   Prev language: ?

2024-01-26 15:37:06.926207   Run preconditions: set "en" language =>


2024-01-26 15:37:06.964971   => Language and Country menu is present


2024-01-26 15:37:06.980306   => Language and Country menu is visible


2024-01-26 15:37:08.765243   => Focus is moved on Language and Country menu 

2024-01-26 15:37:10.223243   => Current language: en

2024-01-26 15:37:10.223285   Prev country: ?

2024-01-26 15:37:10.223295   Run preconditions: set "gb" country =>


2024-01-26 15:37:10.285314   => Language and Country menu is present


2024-01-26 15:37:10.303282   => Language and Country menu is visible


2024-01-26 15:37:12.079877   => Focus is moved on Language and Country menu 

2024-01-26 15:37:15.224528   => Current country: gb

2024-01-26 15:37:15.224600   => THE END PRECONDITIONS

2024-01-26 15:37:15.224655   1. Arrange_v3
2024-01-26 15:37:16.443946   Load page https://capital.com/trade-brentcrude-oil
2024-01-26 15:37:16.444005   Is visible BUTTON_START_TRADING_IN_ARTICLE? =>
2024-01-26 15:37:16.444019   => BUTTON_START_TRADING_IN_ARTICLE =>

2024-01-26 15:37:16.458196   2. Act_v3
2024-01-26 15:37:16.458237   Start Click button BUTTON_START_TRADING_IN_ARTICLE =>
2024-01-26 15:37:16.638635   => BUTTON_START_TRADING_IN_ARTICLE is clicked

2024-01-26 15:37:16.638866   3. Assert_Login_v0
2024-01-26 15:37:16.638935   Check that 'Login' form is opened
2024-01-26 15:37:22.167024   'Login' form not opened
2024-01-26 15:37:22.170138   'Login' page not opened
2024-01-26 15:37:27.726219   'Login' form on trading platform not opened
2024-01-26 15:37:27.726489   Start step Check that [Sign up] form is opened
2024-01-26 15:37:27.747633   'Sign up' form opened
2024-01-26 15:37:27.747676   Assert SIGNUP_HEADER =>
2024-01-26 15:37:27.764774   Assert SIGNUP_REF_LOGIN =>
2024-01-26 15:37:27.785189   Assert SIGNUP_PRIVACY_POLICY_ALL_2 =>
2024-01-26 15:37:27.804359   => SIGNUP_PRIVACY_POLICY_ALL
2024-01-26 15:37:27.804411   => 'Signup' form is checked

Bug: Bid:11.02.03.01_05-en.gb.NoAuth

2024-01-26 15:37:27.804499   Проверка бага в таблице ретеста  =>

2024-01-26 15:37:27.811407   4. Fixing one row check results into Google Sheet Bugs Report =>
1 cells updated.
2024-01-26 15:37:28.243721   => 4. One row check results into Google Sheet Bugs Report fixed

2024-01-26 15:37:28.650134   4. Fixing one row check results into Google Sheet Bugs Report =>
1 cells updated.
2024-01-26 15:37:28.841978   => 4. One row check results into Google Sheet Bugs Report fixed

2024-01-26 15:37:28.842068   Bug: Bid:11.02.03.01_05-en.gb.NoAuth уже существует, но тип бага изменился с 19/01/24 на 05

2024-01-26 15:37:28.842699   Bug: Bid:11.02.03.01_05-en.gb.NoAuth-05 уже существует

2024-01-26 15:37:28.842917   4. Fixing one row check results into Google Sheet Bugs Report =>
1 cells updated.
2024-01-26 15:37:29.169372   => 4. One row check results into Google Sheet Bugs Report fixed
------------------------------ Captured log call -------------------------------
2024-01-26 15:37:22 ERROR Elements not present after 0.5 seconds on page: https://capital.com/trade-brentcrude-oil
2024-01-26 15:37:22 ERROR 
Traceback (most recent call last):
  File "/home/runner/work/SeleniumCapital/SeleniumCapital/pages/base_page.py", line 82, in inner_function
    return func(*args, **kwargs)
           ^^^^^^^^^^^^^^^^^^^^^
  File "/home/runner/work/SeleniumCapital/SeleniumCapital/pages/base_page.py", line 293, in element_is_visible
    return Wait(self.browser, timeout).until(
           ^^^^^^^^^^^^^^^^^^^^^^^^^^^^^^^^^^
  File "/home/runner/.cache/pypoetry/virtualenvs/testcapitalcompyse-cIj6ROMf-py3.11/lib/python3.11/site-packages/selenium/webdriver/support/wait.py", line 105, in until
    raise TimeoutException(message, screen, stacktrace)
selenium.common.exceptions.TimeoutException: Message: 
Stacktrace:
#0 0x5617953dff83 <unknown>
#1 0x561795098cf7 <unknown>
#2 0x5617950e899e <unknown>
#3 0x5617950e8aa1 <unknown>
#4 0x561795133d64 <unknown>
#5 0x5617951120dd <unknown>
#6 0x561795131006 <unknown>
#7 0x561795111e53 <unknown>
#8 0x5617950d9dd4 <unknown>
#9 0x5617950db1de <unknown>
#10 0x5617953a4531 <unknown>
#11 0x5617953a8455 <unknown>
#12 0x561795390f55 <unknown>
#13 0x5617953a90ef <unknown>
#14 0x56179537499f <unknown>
#15 0x5617953cd008 <unknown>
#16 0x5617953cd1d7 <unknown>
#17 0x5617953df124 <unknown>
#18 0x7f0d70094ac3 <unknown>

2024-01-26 15:37:27 ERROR Elements not present after 0.5 seconds on page: https://capital.com/trade-brentcrude-oil
2024-01-26 15:37:27 ERROR 
Traceback (most recent call last):
  File "/home/runner/work/SeleniumCapital/SeleniumCapital/pages/base_page.py", line 82, in inner_function
    return func(*args, **kwargs)
           ^^^^^^^^^^^^^^^^^^^^^
  File "/home/runner/work/SeleniumCapital/SeleniumCapital/pages/base_page.py", line 293, in element_is_visible
    return Wait(self.browser, timeout).until(
           ^^^^^^^^^^^^^^^^^^^^^^^^^^^^^^^^^^
  File "/home/runner/.cache/pypoetry/virtualenvs/testcapitalcompyse-cIj6ROMf-py3.11/lib/python3.11/site-packages/selenium/webdriver/support/wait.py", line 105, in until
    raise TimeoutException(message, screen, stacktrace)
selenium.common.exceptions.TimeoutException: Message: 
Stacktrace:
#0 0x5617953dff83 <unknown>
#1 0x561795098cf7 <unknown>
#2 0x5617950e899e <unknown>
#3 0x5617950e8aa1 <unknown>
#4 0x561795133d64 <unknown>
#5 0x5617951120dd <unknown>
#6 0x561795131006 <unknown>
#7 0x561795111e53 <unknown>
#8 0x5617950d9dd4 <unknown>
#9 0x5617950db1de <unknown>
#10 0x5617953a4531 <unknown>
#11 0x5617953a8455 <unknown>
#12 0x561795390f55 <unknown>
#13 0x5617953a90ef <unknown>
#14 0x56179537499f <unknown>
#15 0x5617953cd008 <unknown>
#16 0x5617953cd1d7 <unknown>
#17 0x5617953df124 <unknown>
#18 0x7f0d70094ac3 <unknown>
--------------------------- Captured stdout teardown ---------------------------

2024-01-26 15:37:29.519172   *** end fixture Browser = teardown ***

=============================== warnings summary ===============================
tests/US_11_Education/US_11-02-03_Commodities_trading/us_11-02-03-01_Commodities_trading_test.py::TestCommoditiesTrading::test_05_start_trading_in_article_button[https://capital.com/trade-brentcrude-oil-Chrome--ae-NoAuth-aqa.tomelo.an@gmail.com-iT9Vgqi6d$fiZ*Z]
  /home/runner/.cache/pypoetry/virtualenvs/testcapitalcompyse-cIj6ROMf-py3.11/lib/python3.11/site-packages/pytest_html/plugin.py:133: DeprecationWarning: The 'report.extra' attribute is deprecated and will be removed in a future release, use 'report.extras' instead.
    warnings.warn(

-- Docs: https://docs.pytest.org/en/stable/how-to/capture-warnings.html
- Generated html report: file:///home/runner/work/SeleniumCapital/SeleniumCapital/report/report.html -
=========================== short test summary info ============================
FAILED tests/US_11_Education/US_11-02-03_Commodities_trading/us_11-02-03-01_Commodities_trading_test.py::TestCommoditiesTrading::test_05_start_trading_in_article_button[https://capital.com/trade-brentcrude-oil-Chrome--ae-NoAuth-aqa.tomelo.an@gmail.com-iT9Vgqi6d$fiZ*Z] - AssertionError: Bug # 05. Opened a 'Sign up' form instead of a 'Login'
================= 1 failed, 9 deselected, 1 warning in 47.88s ==================

2024-01-26 15:37:29.632552   => Текущий тест: 1 failed

2024-01-26 15:37:29.633861   => 3. check_results finished

2024-01-26 15:37:29.634020   4. Fixing one row check results into Google Sheet Bugs Report =>
1 cells updated.
2024-01-26 15:37:29.813872   => 4. One row check results into Google Sheet Bugs Report fixed
