2024-01-26 15:39:45 ERROR Elements not present after 0.5 seconds on page: https://capital.com/en-gb
2024-01-26 15:39:45 ERROR 
Traceback (most recent call last):
  File "/home/runner/work/SeleniumCapital/SeleniumCapital/pages/base_page.py", line 82, in inner_function
    return func(*args, **kwargs)
           ^^^^^^^^^^^^^^^^^^^^^
  File "/home/runner/work/SeleniumCapital/SeleniumCapital/pages/base_page.py", line 340, in element_is_located
    return Wait(self.browser, timeout).until(
           ^^^^^^^^^^^^^^^^^^^^^^^^^^^^^^^^^^
  File "/home/runner/.cache/pypoetry/virtualenvs/testcapitalcompyse-cIj6ROMf-py3.11/lib/python3.11/site-packages/selenium/webdriver/support/wait.py", line 105, in until
    raise TimeoutException(message, screen, stacktrace)
selenium.common.exceptions.TimeoutException: Message: 
Stacktrace:
#0 0x55eca18cbf83 <unknown>
#1 0x55eca1584cf7 <unknown>
#2 0x55eca15d499e <unknown>
#3 0x55eca15d4aa1 <unknown>
#4 0x55eca161fd64 <unknown>
#5 0x55eca15fe0dd <unknown>
#6 0x55eca161d006 <unknown>
#7 0x55eca15fde53 <unknown>
#8 0x55eca15c5dd4 <unknown>
#9 0x55eca15c71de <unknown>
#10 0x55eca1890531 <unknown>
#11 0x55eca1894455 <unknown>
#12 0x55eca187cf55 <unknown>
#13 0x55eca18950ef <unknown>
#14 0x55eca186099f <unknown>
#15 0x55eca18b9008 <unknown>
#16 0x55eca18b91d7 <unknown>
#17 0x55eca18cb124 <unknown>
#18 0x7fb4dc894ac3 <unknown>